[2025-01-31T20:52:43.994+0000] {processor.py:186} INFO - Started process (PID=117) to work on /home/airflow/.local/lib/python3.12/site-packages/airflow/example_dags/example_task_group.py
[2025-01-31T20:52:44.013+0000] {processor.py:914} INFO - Processing file /home/airflow/.local/lib/python3.12/site-packages/airflow/example_dags/example_task_group.py for tasks to queue
[2025-01-31T20:52:44.021+0000] {logging_mixin.py:190} INFO - [2025-01-31T20:52:44.021+0000] {dagbag.py:588} INFO - Filling up the DagBag from /home/airflow/.local/lib/python3.12/site-packages/airflow/example_dags/example_task_group.py
[2025-01-31T20:52:44.031+0000] {processor.py:925} INFO - DAG(s) 'example_task_group' retrieved from /home/airflow/.local/lib/python3.12/site-packages/airflow/example_dags/example_task_group.py
[2025-01-31T20:52:44.283+0000] {logging_mixin.py:190} INFO - [2025-01-31T20:52:44.282+0000] {override.py:1911} INFO - Created Permission View: can delete on DAG:example_task_group
[2025-01-31T20:52:44.300+0000] {logging_mixin.py:190} INFO - [2025-01-31T20:52:44.300+0000] {override.py:1911} INFO - Created Permission View: can edit on DAG:example_task_group
[2025-01-31T20:52:44.306+0000] {logging_mixin.py:190} INFO - [2025-01-31T20:52:44.306+0000] {override.py:1911} INFO - Created Permission View: can read on DAG:example_task_group
[2025-01-31T20:52:44.311+0000] {logging_mixin.py:190} INFO - [2025-01-31T20:52:44.311+0000] {override.py:1911} INFO - Created Permission View: menu access on DAG Run:example_task_group
[2025-01-31T20:52:44.316+0000] {logging_mixin.py:190} INFO - [2025-01-31T20:52:44.316+0000] {override.py:1911} INFO - Created Permission View: can delete on DAG Run:example_task_group
[2025-01-31T20:52:44.321+0000] {logging_mixin.py:190} INFO - [2025-01-31T20:52:44.321+0000] {override.py:1911} INFO - Created Permission View: can create on DAG Run:example_task_group
[2025-01-31T20:52:44.328+0000] {logging_mixin.py:190} INFO - [2025-01-31T20:52:44.328+0000] {override.py:1911} INFO - Created Permission View: can read on DAG Run:example_task_group
[2025-01-31T20:52:44.332+0000] {logging_mixin.py:190} INFO - [2025-01-31T20:52:44.332+0000] {dag.py:3239} INFO - Sync 1 DAGs
[2025-01-31T20:52:44.360+0000] {logging_mixin.py:190} INFO - [2025-01-31T20:52:44.359+0000] {dag.py:3262} INFO - Creating ORM DAG for example_task_group
[2025-01-31T20:52:44.360+0000] {logging_mixin.py:190} INFO - [2025-01-31T20:52:44.360+0000] {dag.py:4180} INFO - Setting next_dagrun for example_task_group to None, run_after=None
[2025-01-31T20:52:44.377+0000] {processor.py:208} INFO - Processing /home/airflow/.local/lib/python3.12/site-packages/airflow/example_dags/example_task_group.py took 0.404 seconds
[2025-01-31T20:53:15.347+0000] {processor.py:186} INFO - Started process (PID=180) to work on /home/airflow/.local/lib/python3.12/site-packages/airflow/example_dags/example_task_group.py
[2025-01-31T20:53:15.348+0000] {processor.py:914} INFO - Processing file /home/airflow/.local/lib/python3.12/site-packages/airflow/example_dags/example_task_group.py for tasks to queue
[2025-01-31T20:53:15.350+0000] {logging_mixin.py:190} INFO - [2025-01-31T20:53:15.350+0000] {dagbag.py:588} INFO - Filling up the DagBag from /home/airflow/.local/lib/python3.12/site-packages/airflow/example_dags/example_task_group.py
[2025-01-31T20:53:15.359+0000] {processor.py:925} INFO - DAG(s) 'example_task_group' retrieved from /home/airflow/.local/lib/python3.12/site-packages/airflow/example_dags/example_task_group.py
[2025-01-31T20:53:15.381+0000] {logging_mixin.py:190} INFO - [2025-01-31T20:53:15.381+0000] {dag.py:3239} INFO - Sync 1 DAGs
[2025-01-31T20:53:15.396+0000] {logging_mixin.py:190} INFO - [2025-01-31T20:53:15.396+0000] {dag.py:4180} INFO - Setting next_dagrun for example_task_group to None, run_after=None
[2025-01-31T20:53:15.413+0000] {processor.py:208} INFO - Processing /home/airflow/.local/lib/python3.12/site-packages/airflow/example_dags/example_task_group.py took 0.071 seconds
[2025-01-31T20:53:45.565+0000] {processor.py:186} INFO - Started process (PID=243) to work on /home/airflow/.local/lib/python3.12/site-packages/airflow/example_dags/example_task_group.py
[2025-01-31T20:53:45.567+0000] {processor.py:914} INFO - Processing file /home/airflow/.local/lib/python3.12/site-packages/airflow/example_dags/example_task_group.py for tasks to queue
[2025-01-31T20:53:45.569+0000] {logging_mixin.py:190} INFO - [2025-01-31T20:53:45.569+0000] {dagbag.py:588} INFO - Filling up the DagBag from /home/airflow/.local/lib/python3.12/site-packages/airflow/example_dags/example_task_group.py
[2025-01-31T20:53:45.578+0000] {processor.py:925} INFO - DAG(s) 'example_task_group' retrieved from /home/airflow/.local/lib/python3.12/site-packages/airflow/example_dags/example_task_group.py
[2025-01-31T20:53:45.600+0000] {logging_mixin.py:190} INFO - [2025-01-31T20:53:45.600+0000] {dag.py:3239} INFO - Sync 1 DAGs
[2025-01-31T20:53:45.634+0000] {logging_mixin.py:190} INFO - [2025-01-31T20:53:45.634+0000] {dag.py:4180} INFO - Setting next_dagrun for example_task_group to None, run_after=None
[2025-01-31T20:53:45.649+0000] {processor.py:208} INFO - Processing /home/airflow/.local/lib/python3.12/site-packages/airflow/example_dags/example_task_group.py took 0.089 seconds
[2025-01-31T20:54:17.644+0000] {processor.py:186} INFO - Started process (PID=309) to work on /home/airflow/.local/lib/python3.12/site-packages/airflow/example_dags/example_task_group.py
[2025-01-31T20:54:17.645+0000] {processor.py:914} INFO - Processing file /home/airflow/.local/lib/python3.12/site-packages/airflow/example_dags/example_task_group.py for tasks to queue
[2025-01-31T20:54:17.647+0000] {logging_mixin.py:190} INFO - [2025-01-31T20:54:17.647+0000] {dagbag.py:588} INFO - Filling up the DagBag from /home/airflow/.local/lib/python3.12/site-packages/airflow/example_dags/example_task_group.py
[2025-01-31T20:54:17.656+0000] {processor.py:925} INFO - DAG(s) 'example_task_group' retrieved from /home/airflow/.local/lib/python3.12/site-packages/airflow/example_dags/example_task_group.py
[2025-01-31T20:54:17.677+0000] {logging_mixin.py:190} INFO - [2025-01-31T20:54:17.677+0000] {dag.py:3239} INFO - Sync 1 DAGs
[2025-01-31T20:54:17.691+0000] {logging_mixin.py:190} INFO - [2025-01-31T20:54:17.691+0000] {dag.py:4180} INFO - Setting next_dagrun for example_task_group to None, run_after=None
[2025-01-31T20:54:17.706+0000] {processor.py:208} INFO - Processing /home/airflow/.local/lib/python3.12/site-packages/airflow/example_dags/example_task_group.py took 0.068 seconds
[2025-01-31T20:54:49.663+0000] {processor.py:186} INFO - Started process (PID=373) to work on /home/airflow/.local/lib/python3.12/site-packages/airflow/example_dags/example_task_group.py
[2025-01-31T20:54:49.673+0000] {processor.py:914} INFO - Processing file /home/airflow/.local/lib/python3.12/site-packages/airflow/example_dags/example_task_group.py for tasks to queue
[2025-01-31T20:54:49.684+0000] {logging_mixin.py:190} INFO - [2025-01-31T20:54:49.674+0000] {dagbag.py:588} INFO - Filling up the DagBag from /home/airflow/.local/lib/python3.12/site-packages/airflow/example_dags/example_task_group.py
[2025-01-31T20:54:49.717+0000] {processor.py:925} INFO - DAG(s) 'example_task_group' retrieved from /home/airflow/.local/lib/python3.12/site-packages/airflow/example_dags/example_task_group.py
[2025-01-31T20:54:49.766+0000] {logging_mixin.py:190} INFO - [2025-01-31T20:54:49.766+0000] {dag.py:3239} INFO - Sync 1 DAGs
[2025-01-31T20:54:49.806+0000] {logging_mixin.py:190} INFO - [2025-01-31T20:54:49.806+0000] {dag.py:4180} INFO - Setting next_dagrun for example_task_group to None, run_after=None
[2025-01-31T20:54:49.866+0000] {processor.py:208} INFO - Processing /home/airflow/.local/lib/python3.12/site-packages/airflow/example_dags/example_task_group.py took 0.221 seconds
[2025-01-31T20:55:20.123+0000] {processor.py:186} INFO - Started process (PID=436) to work on /home/airflow/.local/lib/python3.12/site-packages/airflow/example_dags/example_task_group.py
[2025-01-31T20:55:20.123+0000] {processor.py:914} INFO - Processing file /home/airflow/.local/lib/python3.12/site-packages/airflow/example_dags/example_task_group.py for tasks to queue
[2025-01-31T20:55:20.126+0000] {logging_mixin.py:190} INFO - [2025-01-31T20:55:20.125+0000] {dagbag.py:588} INFO - Filling up the DagBag from /home/airflow/.local/lib/python3.12/site-packages/airflow/example_dags/example_task_group.py
[2025-01-31T20:55:20.134+0000] {processor.py:925} INFO - DAG(s) 'example_task_group' retrieved from /home/airflow/.local/lib/python3.12/site-packages/airflow/example_dags/example_task_group.py
[2025-01-31T20:55:20.154+0000] {logging_mixin.py:190} INFO - [2025-01-31T20:55:20.154+0000] {dag.py:3239} INFO - Sync 1 DAGs
[2025-01-31T20:55:20.169+0000] {logging_mixin.py:190} INFO - [2025-01-31T20:55:20.169+0000] {dag.py:4180} INFO - Setting next_dagrun for example_task_group to None, run_after=None
[2025-01-31T20:55:20.185+0000] {processor.py:208} INFO - Processing /home/airflow/.local/lib/python3.12/site-packages/airflow/example_dags/example_task_group.py took 0.067 seconds
[2025-01-31T20:55:50.802+0000] {processor.py:186} INFO - Started process (PID=500) to work on /home/airflow/.local/lib/python3.12/site-packages/airflow/example_dags/example_task_group.py
[2025-01-31T20:55:50.802+0000] {processor.py:914} INFO - Processing file /home/airflow/.local/lib/python3.12/site-packages/airflow/example_dags/example_task_group.py for tasks to queue
[2025-01-31T20:55:50.804+0000] {logging_mixin.py:190} INFO - [2025-01-31T20:55:50.804+0000] {dagbag.py:588} INFO - Filling up the DagBag from /home/airflow/.local/lib/python3.12/site-packages/airflow/example_dags/example_task_group.py
[2025-01-31T20:55:50.810+0000] {processor.py:925} INFO - DAG(s) 'example_task_group' retrieved from /home/airflow/.local/lib/python3.12/site-packages/airflow/example_dags/example_task_group.py
[2025-01-31T20:55:50.825+0000] {logging_mixin.py:190} INFO - [2025-01-31T20:55:50.825+0000] {dag.py:3239} INFO - Sync 1 DAGs
[2025-01-31T20:55:50.836+0000] {logging_mixin.py:190} INFO - [2025-01-31T20:55:50.835+0000] {dag.py:4180} INFO - Setting next_dagrun for example_task_group to None, run_after=None
[2025-01-31T20:55:50.847+0000] {processor.py:208} INFO - Processing /home/airflow/.local/lib/python3.12/site-packages/airflow/example_dags/example_task_group.py took 0.049 seconds
[2025-01-31T20:56:21.202+0000] {processor.py:186} INFO - Started process (PID=563) to work on /home/airflow/.local/lib/python3.12/site-packages/airflow/example_dags/example_task_group.py
[2025-01-31T20:56:21.202+0000] {processor.py:914} INFO - Processing file /home/airflow/.local/lib/python3.12/site-packages/airflow/example_dags/example_task_group.py for tasks to queue
[2025-01-31T20:56:21.205+0000] {logging_mixin.py:190} INFO - [2025-01-31T20:56:21.204+0000] {dagbag.py:588} INFO - Filling up the DagBag from /home/airflow/.local/lib/python3.12/site-packages/airflow/example_dags/example_task_group.py
[2025-01-31T20:56:21.213+0000] {processor.py:925} INFO - DAG(s) 'example_task_group' retrieved from /home/airflow/.local/lib/python3.12/site-packages/airflow/example_dags/example_task_group.py
[2025-01-31T20:56:21.234+0000] {logging_mixin.py:190} INFO - [2025-01-31T20:56:21.234+0000] {dag.py:3239} INFO - Sync 1 DAGs
[2025-01-31T20:56:21.249+0000] {logging_mixin.py:190} INFO - [2025-01-31T20:56:21.249+0000] {dag.py:4180} INFO - Setting next_dagrun for example_task_group to None, run_after=None
[2025-01-31T20:56:21.265+0000] {processor.py:208} INFO - Processing /home/airflow/.local/lib/python3.12/site-packages/airflow/example_dags/example_task_group.py took 0.069 seconds
[2025-01-31T20:56:52.471+0000] {processor.py:186} INFO - Started process (PID=626) to work on /home/airflow/.local/lib/python3.12/site-packages/airflow/example_dags/example_task_group.py
[2025-01-31T20:56:52.472+0000] {processor.py:914} INFO - Processing file /home/airflow/.local/lib/python3.12/site-packages/airflow/example_dags/example_task_group.py for tasks to queue
[2025-01-31T20:56:52.474+0000] {logging_mixin.py:190} INFO - [2025-01-31T20:56:52.473+0000] {dagbag.py:588} INFO - Filling up the DagBag from /home/airflow/.local/lib/python3.12/site-packages/airflow/example_dags/example_task_group.py
[2025-01-31T20:56:52.483+0000] {processor.py:925} INFO - DAG(s) 'example_task_group' retrieved from /home/airflow/.local/lib/python3.12/site-packages/airflow/example_dags/example_task_group.py
[2025-01-31T20:56:52.505+0000] {logging_mixin.py:190} INFO - [2025-01-31T20:56:52.505+0000] {dag.py:3239} INFO - Sync 1 DAGs
[2025-01-31T20:56:52.520+0000] {logging_mixin.py:190} INFO - [2025-01-31T20:56:52.520+0000] {dag.py:4180} INFO - Setting next_dagrun for example_task_group to None, run_after=None
[2025-01-31T20:56:52.536+0000] {processor.py:208} INFO - Processing /home/airflow/.local/lib/python3.12/site-packages/airflow/example_dags/example_task_group.py took 0.070 seconds
[2025-01-31T20:57:23.467+0000] {processor.py:186} INFO - Started process (PID=691) to work on /home/airflow/.local/lib/python3.12/site-packages/airflow/example_dags/example_task_group.py
[2025-01-31T20:57:23.467+0000] {processor.py:914} INFO - Processing file /home/airflow/.local/lib/python3.12/site-packages/airflow/example_dags/example_task_group.py for tasks to queue
[2025-01-31T20:57:23.469+0000] {logging_mixin.py:190} INFO - [2025-01-31T20:57:23.469+0000] {dagbag.py:588} INFO - Filling up the DagBag from /home/airflow/.local/lib/python3.12/site-packages/airflow/example_dags/example_task_group.py
[2025-01-31T20:57:23.478+0000] {processor.py:925} INFO - DAG(s) 'example_task_group' retrieved from /home/airflow/.local/lib/python3.12/site-packages/airflow/example_dags/example_task_group.py
[2025-01-31T20:57:23.500+0000] {logging_mixin.py:190} INFO - [2025-01-31T20:57:23.500+0000] {dag.py:3239} INFO - Sync 1 DAGs
[2025-01-31T20:57:23.515+0000] {logging_mixin.py:190} INFO - [2025-01-31T20:57:23.514+0000] {dag.py:4180} INFO - Setting next_dagrun for example_task_group to None, run_after=None
[2025-01-31T20:57:23.531+0000] {processor.py:208} INFO - Processing /home/airflow/.local/lib/python3.12/site-packages/airflow/example_dags/example_task_group.py took 0.070 seconds
[2025-01-31T20:57:54.327+0000] {processor.py:186} INFO - Started process (PID=755) to work on /home/airflow/.local/lib/python3.12/site-packages/airflow/example_dags/example_task_group.py
[2025-01-31T20:57:54.328+0000] {processor.py:914} INFO - Processing file /home/airflow/.local/lib/python3.12/site-packages/airflow/example_dags/example_task_group.py for tasks to queue
[2025-01-31T20:57:54.330+0000] {logging_mixin.py:190} INFO - [2025-01-31T20:57:54.330+0000] {dagbag.py:588} INFO - Filling up the DagBag from /home/airflow/.local/lib/python3.12/site-packages/airflow/example_dags/example_task_group.py
[2025-01-31T20:57:54.339+0000] {processor.py:925} INFO - DAG(s) 'example_task_group' retrieved from /home/airflow/.local/lib/python3.12/site-packages/airflow/example_dags/example_task_group.py
[2025-01-31T20:57:54.361+0000] {logging_mixin.py:190} INFO - [2025-01-31T20:57:54.360+0000] {dag.py:3239} INFO - Sync 1 DAGs
[2025-01-31T20:57:54.376+0000] {logging_mixin.py:190} INFO - [2025-01-31T20:57:54.376+0000] {dag.py:4180} INFO - Setting next_dagrun for example_task_group to None, run_after=None
[2025-01-31T20:57:54.392+0000] {processor.py:208} INFO - Processing /home/airflow/.local/lib/python3.12/site-packages/airflow/example_dags/example_task_group.py took 0.071 seconds
[2025-01-31T20:58:25.021+0000] {processor.py:186} INFO - Started process (PID=817) to work on /home/airflow/.local/lib/python3.12/site-packages/airflow/example_dags/example_task_group.py
[2025-01-31T20:58:25.023+0000] {processor.py:914} INFO - Processing file /home/airflow/.local/lib/python3.12/site-packages/airflow/example_dags/example_task_group.py for tasks to queue
[2025-01-31T20:58:25.025+0000] {logging_mixin.py:190} INFO - [2025-01-31T20:58:25.024+0000] {dagbag.py:588} INFO - Filling up the DagBag from /home/airflow/.local/lib/python3.12/site-packages/airflow/example_dags/example_task_group.py
[2025-01-31T20:58:25.033+0000] {processor.py:925} INFO - DAG(s) 'example_task_group' retrieved from /home/airflow/.local/lib/python3.12/site-packages/airflow/example_dags/example_task_group.py
[2025-01-31T20:58:25.054+0000] {logging_mixin.py:190} INFO - [2025-01-31T20:58:25.053+0000] {dag.py:3239} INFO - Sync 1 DAGs
[2025-01-31T20:58:25.068+0000] {logging_mixin.py:190} INFO - [2025-01-31T20:58:25.068+0000] {dag.py:4180} INFO - Setting next_dagrun for example_task_group to None, run_after=None
[2025-01-31T20:58:25.083+0000] {processor.py:208} INFO - Processing /home/airflow/.local/lib/python3.12/site-packages/airflow/example_dags/example_task_group.py took 0.067 seconds
[2025-01-31T20:58:56.096+0000] {processor.py:186} INFO - Started process (PID=881) to work on /home/airflow/.local/lib/python3.12/site-packages/airflow/example_dags/example_task_group.py
[2025-01-31T20:58:56.097+0000] {processor.py:914} INFO - Processing file /home/airflow/.local/lib/python3.12/site-packages/airflow/example_dags/example_task_group.py for tasks to queue
[2025-01-31T20:58:56.099+0000] {logging_mixin.py:190} INFO - [2025-01-31T20:58:56.099+0000] {dagbag.py:588} INFO - Filling up the DagBag from /home/airflow/.local/lib/python3.12/site-packages/airflow/example_dags/example_task_group.py
[2025-01-31T20:58:56.108+0000] {processor.py:925} INFO - DAG(s) 'example_task_group' retrieved from /home/airflow/.local/lib/python3.12/site-packages/airflow/example_dags/example_task_group.py
[2025-01-31T20:58:56.128+0000] {logging_mixin.py:190} INFO - [2025-01-31T20:58:56.127+0000] {dag.py:3239} INFO - Sync 1 DAGs
[2025-01-31T20:58:56.142+0000] {logging_mixin.py:190} INFO - [2025-01-31T20:58:56.142+0000] {dag.py:4180} INFO - Setting next_dagrun for example_task_group to None, run_after=None
[2025-01-31T20:58:56.158+0000] {processor.py:208} INFO - Processing /home/airflow/.local/lib/python3.12/site-packages/airflow/example_dags/example_task_group.py took 0.067 seconds
[2025-01-31T20:59:26.816+0000] {processor.py:186} INFO - Started process (PID=945) to work on /home/airflow/.local/lib/python3.12/site-packages/airflow/example_dags/example_task_group.py
[2025-01-31T20:59:26.817+0000] {processor.py:914} INFO - Processing file /home/airflow/.local/lib/python3.12/site-packages/airflow/example_dags/example_task_group.py for tasks to queue
[2025-01-31T20:59:26.819+0000] {logging_mixin.py:190} INFO - [2025-01-31T20:59:26.818+0000] {dagbag.py:588} INFO - Filling up the DagBag from /home/airflow/.local/lib/python3.12/site-packages/airflow/example_dags/example_task_group.py
[2025-01-31T20:59:26.847+0000] {processor.py:925} INFO - DAG(s) 'example_task_group' retrieved from /home/airflow/.local/lib/python3.12/site-packages/airflow/example_dags/example_task_group.py
[2025-01-31T20:59:26.910+0000] {logging_mixin.py:190} INFO - [2025-01-31T20:59:26.910+0000] {dag.py:3239} INFO - Sync 1 DAGs
[2025-01-31T20:59:26.954+0000] {logging_mixin.py:190} INFO - [2025-01-31T20:59:26.954+0000] {dag.py:4180} INFO - Setting next_dagrun for example_task_group to None, run_after=None
[2025-01-31T20:59:27.053+0000] {processor.py:208} INFO - Processing /home/airflow/.local/lib/python3.12/site-packages/airflow/example_dags/example_task_group.py took 0.250 seconds
[2025-01-31T20:59:57.188+0000] {processor.py:186} INFO - Started process (PID=1008) to work on /home/airflow/.local/lib/python3.12/site-packages/airflow/example_dags/example_task_group.py
[2025-01-31T20:59:57.196+0000] {processor.py:914} INFO - Processing file /home/airflow/.local/lib/python3.12/site-packages/airflow/example_dags/example_task_group.py for tasks to queue
[2025-01-31T20:59:57.198+0000] {logging_mixin.py:190} INFO - [2025-01-31T20:59:57.197+0000] {dagbag.py:588} INFO - Filling up the DagBag from /home/airflow/.local/lib/python3.12/site-packages/airflow/example_dags/example_task_group.py
[2025-01-31T20:59:57.207+0000] {processor.py:925} INFO - DAG(s) 'example_task_group' retrieved from /home/airflow/.local/lib/python3.12/site-packages/airflow/example_dags/example_task_group.py
[2025-01-31T20:59:57.256+0000] {logging_mixin.py:190} INFO - [2025-01-31T20:59:57.256+0000] {dag.py:3239} INFO - Sync 1 DAGs
[2025-01-31T20:59:57.290+0000] {logging_mixin.py:190} INFO - [2025-01-31T20:59:57.290+0000] {dag.py:4180} INFO - Setting next_dagrun for example_task_group to None, run_after=None
[2025-01-31T20:59:57.317+0000] {processor.py:208} INFO - Processing /home/airflow/.local/lib/python3.12/site-packages/airflow/example_dags/example_task_group.py took 0.160 seconds
[2025-01-31T21:00:28.253+0000] {processor.py:186} INFO - Started process (PID=1072) to work on /home/airflow/.local/lib/python3.12/site-packages/airflow/example_dags/example_task_group.py
[2025-01-31T21:00:28.254+0000] {processor.py:914} INFO - Processing file /home/airflow/.local/lib/python3.12/site-packages/airflow/example_dags/example_task_group.py for tasks to queue
[2025-01-31T21:00:28.265+0000] {logging_mixin.py:190} INFO - [2025-01-31T21:00:28.265+0000] {dagbag.py:588} INFO - Filling up the DagBag from /home/airflow/.local/lib/python3.12/site-packages/airflow/example_dags/example_task_group.py
[2025-01-31T21:00:28.286+0000] {processor.py:925} INFO - DAG(s) 'example_task_group' retrieved from /home/airflow/.local/lib/python3.12/site-packages/airflow/example_dags/example_task_group.py
[2025-01-31T21:00:28.309+0000] {logging_mixin.py:190} INFO - [2025-01-31T21:00:28.308+0000] {dag.py:3239} INFO - Sync 1 DAGs
[2025-01-31T21:00:28.323+0000] {logging_mixin.py:190} INFO - [2025-01-31T21:00:28.323+0000] {dag.py:4180} INFO - Setting next_dagrun for example_task_group to None, run_after=None
[2025-01-31T21:00:28.354+0000] {processor.py:208} INFO - Processing /home/airflow/.local/lib/python3.12/site-packages/airflow/example_dags/example_task_group.py took 0.118 seconds
[2025-01-31T21:00:58.506+0000] {processor.py:186} INFO - Started process (PID=1136) to work on /home/airflow/.local/lib/python3.12/site-packages/airflow/example_dags/example_task_group.py
[2025-01-31T21:00:58.508+0000] {processor.py:914} INFO - Processing file /home/airflow/.local/lib/python3.12/site-packages/airflow/example_dags/example_task_group.py for tasks to queue
[2025-01-31T21:00:58.510+0000] {logging_mixin.py:190} INFO - [2025-01-31T21:00:58.510+0000] {dagbag.py:588} INFO - Filling up the DagBag from /home/airflow/.local/lib/python3.12/site-packages/airflow/example_dags/example_task_group.py
[2025-01-31T21:00:58.521+0000] {processor.py:925} INFO - DAG(s) 'example_task_group' retrieved from /home/airflow/.local/lib/python3.12/site-packages/airflow/example_dags/example_task_group.py
[2025-01-31T21:00:58.543+0000] {logging_mixin.py:190} INFO - [2025-01-31T21:00:58.542+0000] {dag.py:3239} INFO - Sync 1 DAGs
[2025-01-31T21:00:58.558+0000] {logging_mixin.py:190} INFO - [2025-01-31T21:00:58.558+0000] {dag.py:4180} INFO - Setting next_dagrun for example_task_group to None, run_after=None
[2025-01-31T21:00:58.573+0000] {processor.py:208} INFO - Processing /home/airflow/.local/lib/python3.12/site-packages/airflow/example_dags/example_task_group.py took 0.074 seconds
[2025-01-31T21:01:28.939+0000] {processor.py:186} INFO - Started process (PID=1199) to work on /home/airflow/.local/lib/python3.12/site-packages/airflow/example_dags/example_task_group.py
[2025-01-31T21:01:28.940+0000] {processor.py:914} INFO - Processing file /home/airflow/.local/lib/python3.12/site-packages/airflow/example_dags/example_task_group.py for tasks to queue
[2025-01-31T21:01:28.942+0000] {logging_mixin.py:190} INFO - [2025-01-31T21:01:28.942+0000] {dagbag.py:588} INFO - Filling up the DagBag from /home/airflow/.local/lib/python3.12/site-packages/airflow/example_dags/example_task_group.py
[2025-01-31T21:01:28.952+0000] {processor.py:925} INFO - DAG(s) 'example_task_group' retrieved from /home/airflow/.local/lib/python3.12/site-packages/airflow/example_dags/example_task_group.py
[2025-01-31T21:01:28.973+0000] {logging_mixin.py:190} INFO - [2025-01-31T21:01:28.973+0000] {dag.py:3239} INFO - Sync 1 DAGs
[2025-01-31T21:01:29.009+0000] {logging_mixin.py:190} INFO - [2025-01-31T21:01:29.009+0000] {dag.py:4180} INFO - Setting next_dagrun for example_task_group to None, run_after=None
[2025-01-31T21:01:29.025+0000] {processor.py:208} INFO - Processing /home/airflow/.local/lib/python3.12/site-packages/airflow/example_dags/example_task_group.py took 0.092 seconds
[2025-01-31T21:01:59.187+0000] {processor.py:186} INFO - Started process (PID=1262) to work on /home/airflow/.local/lib/python3.12/site-packages/airflow/example_dags/example_task_group.py
[2025-01-31T21:01:59.188+0000] {processor.py:914} INFO - Processing file /home/airflow/.local/lib/python3.12/site-packages/airflow/example_dags/example_task_group.py for tasks to queue
[2025-01-31T21:01:59.190+0000] {logging_mixin.py:190} INFO - [2025-01-31T21:01:59.190+0000] {dagbag.py:588} INFO - Filling up the DagBag from /home/airflow/.local/lib/python3.12/site-packages/airflow/example_dags/example_task_group.py
[2025-01-31T21:01:59.200+0000] {processor.py:925} INFO - DAG(s) 'example_task_group' retrieved from /home/airflow/.local/lib/python3.12/site-packages/airflow/example_dags/example_task_group.py
[2025-01-31T21:01:59.221+0000] {logging_mixin.py:190} INFO - [2025-01-31T21:01:59.220+0000] {dag.py:3239} INFO - Sync 1 DAGs
[2025-01-31T21:01:59.235+0000] {logging_mixin.py:190} INFO - [2025-01-31T21:01:59.235+0000] {dag.py:4180} INFO - Setting next_dagrun for example_task_group to None, run_after=None
[2025-01-31T21:01:59.256+0000] {processor.py:208} INFO - Processing /home/airflow/.local/lib/python3.12/site-packages/airflow/example_dags/example_task_group.py took 0.075 seconds
[2025-01-31T21:02:29.527+0000] {processor.py:186} INFO - Started process (PID=1326) to work on /home/airflow/.local/lib/python3.12/site-packages/airflow/example_dags/example_task_group.py
[2025-01-31T21:02:29.527+0000] {processor.py:914} INFO - Processing file /home/airflow/.local/lib/python3.12/site-packages/airflow/example_dags/example_task_group.py for tasks to queue
[2025-01-31T21:02:29.529+0000] {logging_mixin.py:190} INFO - [2025-01-31T21:02:29.529+0000] {dagbag.py:588} INFO - Filling up the DagBag from /home/airflow/.local/lib/python3.12/site-packages/airflow/example_dags/example_task_group.py
[2025-01-31T21:02:29.538+0000] {processor.py:925} INFO - DAG(s) 'example_task_group' retrieved from /home/airflow/.local/lib/python3.12/site-packages/airflow/example_dags/example_task_group.py
[2025-01-31T21:02:29.559+0000] {logging_mixin.py:190} INFO - [2025-01-31T21:02:29.559+0000] {dag.py:3239} INFO - Sync 1 DAGs
[2025-01-31T21:02:29.573+0000] {logging_mixin.py:190} INFO - [2025-01-31T21:02:29.573+0000] {dag.py:4180} INFO - Setting next_dagrun for example_task_group to None, run_after=None
[2025-01-31T21:02:29.589+0000] {processor.py:208} INFO - Processing /home/airflow/.local/lib/python3.12/site-packages/airflow/example_dags/example_task_group.py took 0.068 seconds
[2025-01-31T21:02:59.949+0000] {processor.py:186} INFO - Started process (PID=1389) to work on /home/airflow/.local/lib/python3.12/site-packages/airflow/example_dags/example_task_group.py
[2025-01-31T21:02:59.950+0000] {processor.py:914} INFO - Processing file /home/airflow/.local/lib/python3.12/site-packages/airflow/example_dags/example_task_group.py for tasks to queue
[2025-01-31T21:02:59.952+0000] {logging_mixin.py:190} INFO - [2025-01-31T21:02:59.952+0000] {dagbag.py:588} INFO - Filling up the DagBag from /home/airflow/.local/lib/python3.12/site-packages/airflow/example_dags/example_task_group.py
[2025-01-31T21:02:59.960+0000] {processor.py:925} INFO - DAG(s) 'example_task_group' retrieved from /home/airflow/.local/lib/python3.12/site-packages/airflow/example_dags/example_task_group.py
[2025-01-31T21:02:59.982+0000] {logging_mixin.py:190} INFO - [2025-01-31T21:02:59.982+0000] {dag.py:3239} INFO - Sync 1 DAGs
[2025-01-31T21:02:59.997+0000] {logging_mixin.py:190} INFO - [2025-01-31T21:02:59.997+0000] {dag.py:4180} INFO - Setting next_dagrun for example_task_group to None, run_after=None
[2025-01-31T21:03:00.013+0000] {processor.py:208} INFO - Processing /home/airflow/.local/lib/python3.12/site-packages/airflow/example_dags/example_task_group.py took 0.070 seconds
[2025-01-31T21:03:31.018+0000] {processor.py:186} INFO - Started process (PID=1452) to work on /home/airflow/.local/lib/python3.12/site-packages/airflow/example_dags/example_task_group.py
[2025-01-31T21:03:31.019+0000] {processor.py:914} INFO - Processing file /home/airflow/.local/lib/python3.12/site-packages/airflow/example_dags/example_task_group.py for tasks to queue
[2025-01-31T21:03:31.021+0000] {logging_mixin.py:190} INFO - [2025-01-31T21:03:31.021+0000] {dagbag.py:588} INFO - Filling up the DagBag from /home/airflow/.local/lib/python3.12/site-packages/airflow/example_dags/example_task_group.py
[2025-01-31T21:03:31.030+0000] {processor.py:925} INFO - DAG(s) 'example_task_group' retrieved from /home/airflow/.local/lib/python3.12/site-packages/airflow/example_dags/example_task_group.py
[2025-01-31T21:03:31.065+0000] {logging_mixin.py:190} INFO - [2025-01-31T21:03:31.065+0000] {dag.py:3239} INFO - Sync 1 DAGs
[2025-01-31T21:03:31.111+0000] {logging_mixin.py:190} INFO - [2025-01-31T21:03:31.111+0000] {dag.py:4180} INFO - Setting next_dagrun for example_task_group to None, run_after=None
[2025-01-31T21:03:31.148+0000] {processor.py:208} INFO - Processing /home/airflow/.local/lib/python3.12/site-packages/airflow/example_dags/example_task_group.py took 0.136 seconds
[2025-01-31T21:04:01.273+0000] {processor.py:186} INFO - Started process (PID=1515) to work on /home/airflow/.local/lib/python3.12/site-packages/airflow/example_dags/example_task_group.py
[2025-01-31T21:04:01.274+0000] {processor.py:914} INFO - Processing file /home/airflow/.local/lib/python3.12/site-packages/airflow/example_dags/example_task_group.py for tasks to queue
[2025-01-31T21:04:01.277+0000] {logging_mixin.py:190} INFO - [2025-01-31T21:04:01.276+0000] {dagbag.py:588} INFO - Filling up the DagBag from /home/airflow/.local/lib/python3.12/site-packages/airflow/example_dags/example_task_group.py
[2025-01-31T21:04:01.286+0000] {processor.py:925} INFO - DAG(s) 'example_task_group' retrieved from /home/airflow/.local/lib/python3.12/site-packages/airflow/example_dags/example_task_group.py
[2025-01-31T21:04:01.323+0000] {logging_mixin.py:190} INFO - [2025-01-31T21:04:01.323+0000] {dag.py:3239} INFO - Sync 1 DAGs
[2025-01-31T21:04:01.346+0000] {logging_mixin.py:190} INFO - [2025-01-31T21:04:01.346+0000] {dag.py:4180} INFO - Setting next_dagrun for example_task_group to None, run_after=None
[2025-01-31T21:04:01.390+0000] {processor.py:208} INFO - Processing /home/airflow/.local/lib/python3.12/site-packages/airflow/example_dags/example_task_group.py took 0.138 seconds
[2025-01-31T21:04:31.510+0000] {processor.py:186} INFO - Started process (PID=1578) to work on /home/airflow/.local/lib/python3.12/site-packages/airflow/example_dags/example_task_group.py
[2025-01-31T21:04:31.511+0000] {processor.py:914} INFO - Processing file /home/airflow/.local/lib/python3.12/site-packages/airflow/example_dags/example_task_group.py for tasks to queue
[2025-01-31T21:04:31.513+0000] {logging_mixin.py:190} INFO - [2025-01-31T21:04:31.513+0000] {dagbag.py:588} INFO - Filling up the DagBag from /home/airflow/.local/lib/python3.12/site-packages/airflow/example_dags/example_task_group.py
[2025-01-31T21:04:31.522+0000] {processor.py:925} INFO - DAG(s) 'example_task_group' retrieved from /home/airflow/.local/lib/python3.12/site-packages/airflow/example_dags/example_task_group.py
[2025-01-31T21:04:31.543+0000] {logging_mixin.py:190} INFO - [2025-01-31T21:04:31.543+0000] {dag.py:3239} INFO - Sync 1 DAGs
[2025-01-31T21:04:31.558+0000] {logging_mixin.py:190} INFO - [2025-01-31T21:04:31.558+0000] {dag.py:4180} INFO - Setting next_dagrun for example_task_group to None, run_after=None
[2025-01-31T21:04:31.573+0000] {processor.py:208} INFO - Processing /home/airflow/.local/lib/python3.12/site-packages/airflow/example_dags/example_task_group.py took 0.069 seconds
[2025-01-31T21:05:02.231+0000] {processor.py:186} INFO - Started process (PID=1642) to work on /home/airflow/.local/lib/python3.12/site-packages/airflow/example_dags/example_task_group.py
[2025-01-31T21:05:02.232+0000] {processor.py:914} INFO - Processing file /home/airflow/.local/lib/python3.12/site-packages/airflow/example_dags/example_task_group.py for tasks to queue
[2025-01-31T21:05:02.234+0000] {logging_mixin.py:190} INFO - [2025-01-31T21:05:02.234+0000] {dagbag.py:588} INFO - Filling up the DagBag from /home/airflow/.local/lib/python3.12/site-packages/airflow/example_dags/example_task_group.py
[2025-01-31T21:05:02.244+0000] {processor.py:925} INFO - DAG(s) 'example_task_group' retrieved from /home/airflow/.local/lib/python3.12/site-packages/airflow/example_dags/example_task_group.py
[2025-01-31T21:05:02.266+0000] {logging_mixin.py:190} INFO - [2025-01-31T21:05:02.266+0000] {dag.py:3239} INFO - Sync 1 DAGs
[2025-01-31T21:05:02.280+0000] {logging_mixin.py:190} INFO - [2025-01-31T21:05:02.280+0000] {dag.py:4180} INFO - Setting next_dagrun for example_task_group to None, run_after=None
[2025-01-31T21:05:02.297+0000] {processor.py:208} INFO - Processing /home/airflow/.local/lib/python3.12/site-packages/airflow/example_dags/example_task_group.py took 0.072 seconds
[2025-01-31T21:05:32.520+0000] {processor.py:186} INFO - Started process (PID=1705) to work on /home/airflow/.local/lib/python3.12/site-packages/airflow/example_dags/example_task_group.py
[2025-01-31T21:05:32.521+0000] {processor.py:914} INFO - Processing file /home/airflow/.local/lib/python3.12/site-packages/airflow/example_dags/example_task_group.py for tasks to queue
[2025-01-31T21:05:32.524+0000] {logging_mixin.py:190} INFO - [2025-01-31T21:05:32.523+0000] {dagbag.py:588} INFO - Filling up the DagBag from /home/airflow/.local/lib/python3.12/site-packages/airflow/example_dags/example_task_group.py
[2025-01-31T21:05:32.549+0000] {processor.py:925} INFO - DAG(s) 'example_task_group' retrieved from /home/airflow/.local/lib/python3.12/site-packages/airflow/example_dags/example_task_group.py
[2025-01-31T21:05:32.579+0000] {logging_mixin.py:190} INFO - [2025-01-31T21:05:32.579+0000] {dag.py:3239} INFO - Sync 1 DAGs
[2025-01-31T21:05:32.610+0000] {logging_mixin.py:190} INFO - [2025-01-31T21:05:32.610+0000] {dag.py:4180} INFO - Setting next_dagrun for example_task_group to None, run_after=None
[2025-01-31T21:05:32.643+0000] {processor.py:208} INFO - Processing /home/airflow/.local/lib/python3.12/site-packages/airflow/example_dags/example_task_group.py took 0.142 seconds
[2025-01-31T21:06:02.762+0000] {processor.py:186} INFO - Started process (PID=1767) to work on /home/airflow/.local/lib/python3.12/site-packages/airflow/example_dags/example_task_group.py
[2025-01-31T21:06:02.763+0000] {processor.py:914} INFO - Processing file /home/airflow/.local/lib/python3.12/site-packages/airflow/example_dags/example_task_group.py for tasks to queue
[2025-01-31T21:06:02.766+0000] {logging_mixin.py:190} INFO - [2025-01-31T21:06:02.765+0000] {dagbag.py:588} INFO - Filling up the DagBag from /home/airflow/.local/lib/python3.12/site-packages/airflow/example_dags/example_task_group.py
[2025-01-31T21:06:02.776+0000] {processor.py:925} INFO - DAG(s) 'example_task_group' retrieved from /home/airflow/.local/lib/python3.12/site-packages/airflow/example_dags/example_task_group.py
[2025-01-31T21:06:02.820+0000] {logging_mixin.py:190} INFO - [2025-01-31T21:06:02.820+0000] {dag.py:3239} INFO - Sync 1 DAGs
[2025-01-31T21:06:02.846+0000] {logging_mixin.py:190} INFO - [2025-01-31T21:06:02.846+0000] {dag.py:4180} INFO - Setting next_dagrun for example_task_group to None, run_after=None
[2025-01-31T21:06:02.875+0000] {processor.py:208} INFO - Processing /home/airflow/.local/lib/python3.12/site-packages/airflow/example_dags/example_task_group.py took 0.120 seconds
[2025-01-31T21:06:33.614+0000] {processor.py:186} INFO - Started process (PID=1830) to work on /home/airflow/.local/lib/python3.12/site-packages/airflow/example_dags/example_task_group.py
[2025-01-31T21:06:33.620+0000] {processor.py:914} INFO - Processing file /home/airflow/.local/lib/python3.12/site-packages/airflow/example_dags/example_task_group.py for tasks to queue
[2025-01-31T21:06:33.623+0000] {logging_mixin.py:190} INFO - [2025-01-31T21:06:33.622+0000] {dagbag.py:588} INFO - Filling up the DagBag from /home/airflow/.local/lib/python3.12/site-packages/airflow/example_dags/example_task_group.py
[2025-01-31T21:06:33.639+0000] {processor.py:925} INFO - DAG(s) 'example_task_group' retrieved from /home/airflow/.local/lib/python3.12/site-packages/airflow/example_dags/example_task_group.py
[2025-01-31T21:06:33.685+0000] {logging_mixin.py:190} INFO - [2025-01-31T21:06:33.684+0000] {dag.py:3239} INFO - Sync 1 DAGs
[2025-01-31T21:06:33.723+0000] {logging_mixin.py:190} INFO - [2025-01-31T21:06:33.723+0000] {dag.py:4180} INFO - Setting next_dagrun for example_task_group to None, run_after=None
[2025-01-31T21:06:33.761+0000] {processor.py:208} INFO - Processing /home/airflow/.local/lib/python3.12/site-packages/airflow/example_dags/example_task_group.py took 0.157 seconds
[2025-01-31T21:07:04.689+0000] {processor.py:186} INFO - Started process (PID=1893) to work on /home/airflow/.local/lib/python3.12/site-packages/airflow/example_dags/example_task_group.py
[2025-01-31T21:07:04.690+0000] {processor.py:914} INFO - Processing file /home/airflow/.local/lib/python3.12/site-packages/airflow/example_dags/example_task_group.py for tasks to queue
[2025-01-31T21:07:04.693+0000] {logging_mixin.py:190} INFO - [2025-01-31T21:07:04.693+0000] {dagbag.py:588} INFO - Filling up the DagBag from /home/airflow/.local/lib/python3.12/site-packages/airflow/example_dags/example_task_group.py
[2025-01-31T21:07:04.702+0000] {processor.py:925} INFO - DAG(s) 'example_task_group' retrieved from /home/airflow/.local/lib/python3.12/site-packages/airflow/example_dags/example_task_group.py
[2025-01-31T21:07:04.723+0000] {logging_mixin.py:190} INFO - [2025-01-31T21:07:04.723+0000] {dag.py:3239} INFO - Sync 1 DAGs
[2025-01-31T21:07:04.737+0000] {logging_mixin.py:190} INFO - [2025-01-31T21:07:04.737+0000] {dag.py:4180} INFO - Setting next_dagrun for example_task_group to None, run_after=None
[2025-01-31T21:07:04.753+0000] {processor.py:208} INFO - Processing /home/airflow/.local/lib/python3.12/site-packages/airflow/example_dags/example_task_group.py took 0.069 seconds
[2025-01-31T21:07:35.035+0000] {processor.py:186} INFO - Started process (PID=1955) to work on /home/airflow/.local/lib/python3.12/site-packages/airflow/example_dags/example_task_group.py
[2025-01-31T21:07:35.036+0000] {processor.py:914} INFO - Processing file /home/airflow/.local/lib/python3.12/site-packages/airflow/example_dags/example_task_group.py for tasks to queue
[2025-01-31T21:07:35.038+0000] {logging_mixin.py:190} INFO - [2025-01-31T21:07:35.038+0000] {dagbag.py:588} INFO - Filling up the DagBag from /home/airflow/.local/lib/python3.12/site-packages/airflow/example_dags/example_task_group.py
[2025-01-31T21:07:35.046+0000] {processor.py:925} INFO - DAG(s) 'example_task_group' retrieved from /home/airflow/.local/lib/python3.12/site-packages/airflow/example_dags/example_task_group.py
[2025-01-31T21:07:35.066+0000] {logging_mixin.py:190} INFO - [2025-01-31T21:07:35.066+0000] {dag.py:3239} INFO - Sync 1 DAGs
[2025-01-31T21:07:35.080+0000] {logging_mixin.py:190} INFO - [2025-01-31T21:07:35.080+0000] {dag.py:4180} INFO - Setting next_dagrun for example_task_group to None, run_after=None
[2025-01-31T21:07:35.096+0000] {processor.py:208} INFO - Processing /home/airflow/.local/lib/python3.12/site-packages/airflow/example_dags/example_task_group.py took 0.066 seconds
[2025-01-31T21:08:05.164+0000] {processor.py:186} INFO - Started process (PID=2018) to work on /home/airflow/.local/lib/python3.12/site-packages/airflow/example_dags/example_task_group.py
[2025-01-31T21:08:05.165+0000] {processor.py:914} INFO - Processing file /home/airflow/.local/lib/python3.12/site-packages/airflow/example_dags/example_task_group.py for tasks to queue
[2025-01-31T21:08:05.167+0000] {logging_mixin.py:190} INFO - [2025-01-31T21:08:05.167+0000] {dagbag.py:588} INFO - Filling up the DagBag from /home/airflow/.local/lib/python3.12/site-packages/airflow/example_dags/example_task_group.py
[2025-01-31T21:08:05.176+0000] {processor.py:925} INFO - DAG(s) 'example_task_group' retrieved from /home/airflow/.local/lib/python3.12/site-packages/airflow/example_dags/example_task_group.py
[2025-01-31T21:08:05.196+0000] {logging_mixin.py:190} INFO - [2025-01-31T21:08:05.196+0000] {dag.py:3239} INFO - Sync 1 DAGs
[2025-01-31T21:08:05.211+0000] {logging_mixin.py:190} INFO - [2025-01-31T21:08:05.210+0000] {dag.py:4180} INFO - Setting next_dagrun for example_task_group to None, run_after=None
[2025-01-31T21:08:05.227+0000] {processor.py:208} INFO - Processing /home/airflow/.local/lib/python3.12/site-packages/airflow/example_dags/example_task_group.py took 0.069 seconds
[2025-01-31T21:08:35.693+0000] {processor.py:186} INFO - Started process (PID=2082) to work on /home/airflow/.local/lib/python3.12/site-packages/airflow/example_dags/example_task_group.py
[2025-01-31T21:08:35.694+0000] {processor.py:914} INFO - Processing file /home/airflow/.local/lib/python3.12/site-packages/airflow/example_dags/example_task_group.py for tasks to queue
[2025-01-31T21:08:35.696+0000] {logging_mixin.py:190} INFO - [2025-01-31T21:08:35.696+0000] {dagbag.py:588} INFO - Filling up the DagBag from /home/airflow/.local/lib/python3.12/site-packages/airflow/example_dags/example_task_group.py
[2025-01-31T21:08:35.704+0000] {processor.py:925} INFO - DAG(s) 'example_task_group' retrieved from /home/airflow/.local/lib/python3.12/site-packages/airflow/example_dags/example_task_group.py
[2025-01-31T21:08:35.724+0000] {logging_mixin.py:190} INFO - [2025-01-31T21:08:35.724+0000] {dag.py:3239} INFO - Sync 1 DAGs
[2025-01-31T21:08:35.739+0000] {logging_mixin.py:190} INFO - [2025-01-31T21:08:35.739+0000] {dag.py:4180} INFO - Setting next_dagrun for example_task_group to None, run_after=None
[2025-01-31T21:08:35.754+0000] {processor.py:208} INFO - Processing /home/airflow/.local/lib/python3.12/site-packages/airflow/example_dags/example_task_group.py took 0.066 seconds
[2025-01-31T21:09:06.139+0000] {processor.py:186} INFO - Started process (PID=2146) to work on /home/airflow/.local/lib/python3.12/site-packages/airflow/example_dags/example_task_group.py
[2025-01-31T21:09:06.140+0000] {processor.py:914} INFO - Processing file /home/airflow/.local/lib/python3.12/site-packages/airflow/example_dags/example_task_group.py for tasks to queue
[2025-01-31T21:09:06.142+0000] {logging_mixin.py:190} INFO - [2025-01-31T21:09:06.142+0000] {dagbag.py:588} INFO - Filling up the DagBag from /home/airflow/.local/lib/python3.12/site-packages/airflow/example_dags/example_task_group.py
[2025-01-31T21:09:06.151+0000] {processor.py:925} INFO - DAG(s) 'example_task_group' retrieved from /home/airflow/.local/lib/python3.12/site-packages/airflow/example_dags/example_task_group.py
[2025-01-31T21:09:06.171+0000] {logging_mixin.py:190} INFO - [2025-01-31T21:09:06.171+0000] {dag.py:3239} INFO - Sync 1 DAGs
[2025-01-31T21:09:06.187+0000] {logging_mixin.py:190} INFO - [2025-01-31T21:09:06.187+0000] {dag.py:4180} INFO - Setting next_dagrun for example_task_group to None, run_after=None
[2025-01-31T21:09:06.202+0000] {processor.py:208} INFO - Processing /home/airflow/.local/lib/python3.12/site-packages/airflow/example_dags/example_task_group.py took 0.069 seconds
[2025-01-31T21:09:36.727+0000] {processor.py:186} INFO - Started process (PID=2209) to work on /home/airflow/.local/lib/python3.12/site-packages/airflow/example_dags/example_task_group.py
[2025-01-31T21:09:36.740+0000] {processor.py:914} INFO - Processing file /home/airflow/.local/lib/python3.12/site-packages/airflow/example_dags/example_task_group.py for tasks to queue
[2025-01-31T21:09:36.749+0000] {logging_mixin.py:190} INFO - [2025-01-31T21:09:36.749+0000] {dagbag.py:588} INFO - Filling up the DagBag from /home/airflow/.local/lib/python3.12/site-packages/airflow/example_dags/example_task_group.py
[2025-01-31T21:09:36.758+0000] {processor.py:925} INFO - DAG(s) 'example_task_group' retrieved from /home/airflow/.local/lib/python3.12/site-packages/airflow/example_dags/example_task_group.py
[2025-01-31T21:09:36.780+0000] {logging_mixin.py:190} INFO - [2025-01-31T21:09:36.779+0000] {dag.py:3239} INFO - Sync 1 DAGs
[2025-01-31T21:09:36.793+0000] {logging_mixin.py:190} INFO - [2025-01-31T21:09:36.793+0000] {dag.py:4180} INFO - Setting next_dagrun for example_task_group to None, run_after=None
[2025-01-31T21:09:36.805+0000] {processor.py:208} INFO - Processing /home/airflow/.local/lib/python3.12/site-packages/airflow/example_dags/example_task_group.py took 0.088 seconds
[2025-01-31T21:10:07.159+0000] {processor.py:186} INFO - Started process (PID=2273) to work on /home/airflow/.local/lib/python3.12/site-packages/airflow/example_dags/example_task_group.py
[2025-01-31T21:10:07.160+0000] {processor.py:914} INFO - Processing file /home/airflow/.local/lib/python3.12/site-packages/airflow/example_dags/example_task_group.py for tasks to queue
[2025-01-31T21:10:07.163+0000] {logging_mixin.py:190} INFO - [2025-01-31T21:10:07.162+0000] {dagbag.py:588} INFO - Filling up the DagBag from /home/airflow/.local/lib/python3.12/site-packages/airflow/example_dags/example_task_group.py
[2025-01-31T21:10:07.171+0000] {processor.py:925} INFO - DAG(s) 'example_task_group' retrieved from /home/airflow/.local/lib/python3.12/site-packages/airflow/example_dags/example_task_group.py
[2025-01-31T21:10:07.192+0000] {logging_mixin.py:190} INFO - [2025-01-31T21:10:07.191+0000] {dag.py:3239} INFO - Sync 1 DAGs
[2025-01-31T21:10:07.206+0000] {logging_mixin.py:190} INFO - [2025-01-31T21:10:07.206+0000] {dag.py:4180} INFO - Setting next_dagrun for example_task_group to None, run_after=None
[2025-01-31T21:10:07.223+0000] {processor.py:208} INFO - Processing /home/airflow/.local/lib/python3.12/site-packages/airflow/example_dags/example_task_group.py took 0.069 seconds
[2025-01-31T21:10:37.885+0000] {processor.py:186} INFO - Started process (PID=2336) to work on /home/airflow/.local/lib/python3.12/site-packages/airflow/example_dags/example_task_group.py
[2025-01-31T21:10:37.886+0000] {processor.py:914} INFO - Processing file /home/airflow/.local/lib/python3.12/site-packages/airflow/example_dags/example_task_group.py for tasks to queue
[2025-01-31T21:10:37.888+0000] {logging_mixin.py:190} INFO - [2025-01-31T21:10:37.888+0000] {dagbag.py:588} INFO - Filling up the DagBag from /home/airflow/.local/lib/python3.12/site-packages/airflow/example_dags/example_task_group.py
[2025-01-31T21:10:37.898+0000] {processor.py:925} INFO - DAG(s) 'example_task_group' retrieved from /home/airflow/.local/lib/python3.12/site-packages/airflow/example_dags/example_task_group.py
[2025-01-31T21:10:37.924+0000] {logging_mixin.py:190} INFO - [2025-01-31T21:10:37.924+0000] {dag.py:3239} INFO - Sync 1 DAGs
[2025-01-31T21:10:37.939+0000] {logging_mixin.py:190} INFO - [2025-01-31T21:10:37.939+0000] {dag.py:4180} INFO - Setting next_dagrun for example_task_group to None, run_after=None
[2025-01-31T21:10:37.956+0000] {processor.py:208} INFO - Processing /home/airflow/.local/lib/python3.12/site-packages/airflow/example_dags/example_task_group.py took 0.077 seconds
[2025-01-31T21:11:08.718+0000] {processor.py:186} INFO - Started process (PID=2399) to work on /home/airflow/.local/lib/python3.12/site-packages/airflow/example_dags/example_task_group.py
[2025-01-31T21:11:08.719+0000] {processor.py:914} INFO - Processing file /home/airflow/.local/lib/python3.12/site-packages/airflow/example_dags/example_task_group.py for tasks to queue
[2025-01-31T21:11:08.722+0000] {logging_mixin.py:190} INFO - [2025-01-31T21:11:08.721+0000] {dagbag.py:588} INFO - Filling up the DagBag from /home/airflow/.local/lib/python3.12/site-packages/airflow/example_dags/example_task_group.py
[2025-01-31T21:11:08.732+0000] {processor.py:925} INFO - DAG(s) 'example_task_group' retrieved from /home/airflow/.local/lib/python3.12/site-packages/airflow/example_dags/example_task_group.py
[2025-01-31T21:11:08.758+0000] {logging_mixin.py:190} INFO - [2025-01-31T21:11:08.758+0000] {dag.py:3239} INFO - Sync 1 DAGs
[2025-01-31T21:11:08.774+0000] {logging_mixin.py:190} INFO - [2025-01-31T21:11:08.774+0000] {dag.py:4180} INFO - Setting next_dagrun for example_task_group to None, run_after=None
[2025-01-31T21:11:08.792+0000] {processor.py:208} INFO - Processing /home/airflow/.local/lib/python3.12/site-packages/airflow/example_dags/example_task_group.py took 0.081 seconds
[2025-01-31T21:11:39.474+0000] {processor.py:186} INFO - Started process (PID=2462) to work on /home/airflow/.local/lib/python3.12/site-packages/airflow/example_dags/example_task_group.py
[2025-01-31T21:11:39.476+0000] {processor.py:914} INFO - Processing file /home/airflow/.local/lib/python3.12/site-packages/airflow/example_dags/example_task_group.py for tasks to queue
[2025-01-31T21:11:39.478+0000] {logging_mixin.py:190} INFO - [2025-01-31T21:11:39.478+0000] {dagbag.py:588} INFO - Filling up the DagBag from /home/airflow/.local/lib/python3.12/site-packages/airflow/example_dags/example_task_group.py
[2025-01-31T21:11:39.489+0000] {processor.py:925} INFO - DAG(s) 'example_task_group' retrieved from /home/airflow/.local/lib/python3.12/site-packages/airflow/example_dags/example_task_group.py
[2025-01-31T21:11:39.512+0000] {logging_mixin.py:190} INFO - [2025-01-31T21:11:39.512+0000] {dag.py:3239} INFO - Sync 1 DAGs
[2025-01-31T21:11:39.527+0000] {logging_mixin.py:190} INFO - [2025-01-31T21:11:39.527+0000] {dag.py:4180} INFO - Setting next_dagrun for example_task_group to None, run_after=None
[2025-01-31T21:11:39.545+0000] {processor.py:208} INFO - Processing /home/airflow/.local/lib/python3.12/site-packages/airflow/example_dags/example_task_group.py took 0.078 seconds
[2025-01-31T21:12:10.118+0000] {processor.py:186} INFO - Started process (PID=2526) to work on /home/airflow/.local/lib/python3.12/site-packages/airflow/example_dags/example_task_group.py
[2025-01-31T21:12:10.119+0000] {processor.py:914} INFO - Processing file /home/airflow/.local/lib/python3.12/site-packages/airflow/example_dags/example_task_group.py for tasks to queue
[2025-01-31T21:12:10.121+0000] {logging_mixin.py:190} INFO - [2025-01-31T21:12:10.121+0000] {dagbag.py:588} INFO - Filling up the DagBag from /home/airflow/.local/lib/python3.12/site-packages/airflow/example_dags/example_task_group.py
[2025-01-31T21:12:10.129+0000] {processor.py:925} INFO - DAG(s) 'example_task_group' retrieved from /home/airflow/.local/lib/python3.12/site-packages/airflow/example_dags/example_task_group.py
[2025-01-31T21:12:10.151+0000] {logging_mixin.py:190} INFO - [2025-01-31T21:12:10.151+0000] {dag.py:3239} INFO - Sync 1 DAGs
[2025-01-31T21:12:10.167+0000] {logging_mixin.py:190} INFO - [2025-01-31T21:12:10.166+0000] {dag.py:4180} INFO - Setting next_dagrun for example_task_group to None, run_after=None
[2025-01-31T21:12:10.184+0000] {processor.py:208} INFO - Processing /home/airflow/.local/lib/python3.12/site-packages/airflow/example_dags/example_task_group.py took 0.072 seconds
[2025-01-31T21:12:40.693+0000] {processor.py:186} INFO - Started process (PID=2589) to work on /home/airflow/.local/lib/python3.12/site-packages/airflow/example_dags/example_task_group.py
[2025-01-31T21:12:40.698+0000] {processor.py:914} INFO - Processing file /home/airflow/.local/lib/python3.12/site-packages/airflow/example_dags/example_task_group.py for tasks to queue
[2025-01-31T21:12:40.703+0000] {logging_mixin.py:190} INFO - [2025-01-31T21:12:40.702+0000] {dagbag.py:588} INFO - Filling up the DagBag from /home/airflow/.local/lib/python3.12/site-packages/airflow/example_dags/example_task_group.py
[2025-01-31T21:12:40.718+0000] {processor.py:925} INFO - DAG(s) 'example_task_group' retrieved from /home/airflow/.local/lib/python3.12/site-packages/airflow/example_dags/example_task_group.py
[2025-01-31T21:12:40.741+0000] {logging_mixin.py:190} INFO - [2025-01-31T21:12:40.741+0000] {dag.py:3239} INFO - Sync 1 DAGs
[2025-01-31T21:12:40.757+0000] {logging_mixin.py:190} INFO - [2025-01-31T21:12:40.756+0000] {dag.py:4180} INFO - Setting next_dagrun for example_task_group to None, run_after=None
[2025-01-31T21:12:40.773+0000] {processor.py:208} INFO - Processing /home/airflow/.local/lib/python3.12/site-packages/airflow/example_dags/example_task_group.py took 0.090 seconds
[2025-01-31T21:13:11.672+0000] {processor.py:186} INFO - Started process (PID=2652) to work on /home/airflow/.local/lib/python3.12/site-packages/airflow/example_dags/example_task_group.py
[2025-01-31T21:13:11.672+0000] {processor.py:914} INFO - Processing file /home/airflow/.local/lib/python3.12/site-packages/airflow/example_dags/example_task_group.py for tasks to queue
[2025-01-31T21:13:11.674+0000] {logging_mixin.py:190} INFO - [2025-01-31T21:13:11.674+0000] {dagbag.py:588} INFO - Filling up the DagBag from /home/airflow/.local/lib/python3.12/site-packages/airflow/example_dags/example_task_group.py
[2025-01-31T21:13:11.680+0000] {processor.py:925} INFO - DAG(s) 'example_task_group' retrieved from /home/airflow/.local/lib/python3.12/site-packages/airflow/example_dags/example_task_group.py
[2025-01-31T21:13:11.697+0000] {logging_mixin.py:190} INFO - [2025-01-31T21:13:11.697+0000] {dag.py:3239} INFO - Sync 1 DAGs
[2025-01-31T21:13:11.707+0000] {logging_mixin.py:190} INFO - [2025-01-31T21:13:11.707+0000] {dag.py:4180} INFO - Setting next_dagrun for example_task_group to None, run_after=None
[2025-01-31T21:13:11.719+0000] {processor.py:208} INFO - Processing /home/airflow/.local/lib/python3.12/site-packages/airflow/example_dags/example_task_group.py took 0.051 seconds
[2025-01-31T21:13:41.924+0000] {processor.py:186} INFO - Started process (PID=2715) to work on /home/airflow/.local/lib/python3.12/site-packages/airflow/example_dags/example_task_group.py
[2025-01-31T21:13:41.924+0000] {processor.py:914} INFO - Processing file /home/airflow/.local/lib/python3.12/site-packages/airflow/example_dags/example_task_group.py for tasks to queue
[2025-01-31T21:13:41.926+0000] {logging_mixin.py:190} INFO - [2025-01-31T21:13:41.926+0000] {dagbag.py:588} INFO - Filling up the DagBag from /home/airflow/.local/lib/python3.12/site-packages/airflow/example_dags/example_task_group.py
[2025-01-31T21:13:41.936+0000] {processor.py:925} INFO - DAG(s) 'example_task_group' retrieved from /home/airflow/.local/lib/python3.12/site-packages/airflow/example_dags/example_task_group.py
[2025-01-31T21:13:41.958+0000] {logging_mixin.py:190} INFO - [2025-01-31T21:13:41.958+0000] {dag.py:3239} INFO - Sync 1 DAGs
[2025-01-31T21:13:41.974+0000] {logging_mixin.py:190} INFO - [2025-01-31T21:13:41.974+0000] {dag.py:4180} INFO - Setting next_dagrun for example_task_group to None, run_after=None
[2025-01-31T21:13:41.987+0000] {processor.py:208} INFO - Processing /home/airflow/.local/lib/python3.12/site-packages/airflow/example_dags/example_task_group.py took 0.067 seconds
[2025-01-31T21:14:13.511+0000] {processor.py:186} INFO - Started process (PID=2779) to work on /home/airflow/.local/lib/python3.12/site-packages/airflow/example_dags/example_task_group.py
[2025-01-31T21:14:13.511+0000] {processor.py:914} INFO - Processing file /home/airflow/.local/lib/python3.12/site-packages/airflow/example_dags/example_task_group.py for tasks to queue
[2025-01-31T21:14:13.514+0000] {logging_mixin.py:190} INFO - [2025-01-31T21:14:13.513+0000] {dagbag.py:588} INFO - Filling up the DagBag from /home/airflow/.local/lib/python3.12/site-packages/airflow/example_dags/example_task_group.py
[2025-01-31T21:14:13.523+0000] {processor.py:925} INFO - DAG(s) 'example_task_group' retrieved from /home/airflow/.local/lib/python3.12/site-packages/airflow/example_dags/example_task_group.py
[2025-01-31T21:14:13.544+0000] {logging_mixin.py:190} INFO - [2025-01-31T21:14:13.543+0000] {dag.py:3239} INFO - Sync 1 DAGs
[2025-01-31T21:14:13.557+0000] {logging_mixin.py:190} INFO - [2025-01-31T21:14:13.557+0000] {dag.py:4180} INFO - Setting next_dagrun for example_task_group to None, run_after=None
[2025-01-31T21:14:13.569+0000] {processor.py:208} INFO - Processing /home/airflow/.local/lib/python3.12/site-packages/airflow/example_dags/example_task_group.py took 0.064 seconds
[2025-01-31T21:14:43.889+0000] {processor.py:186} INFO - Started process (PID=2842) to work on /home/airflow/.local/lib/python3.12/site-packages/airflow/example_dags/example_task_group.py
[2025-01-31T21:14:43.896+0000] {processor.py:914} INFO - Processing file /home/airflow/.local/lib/python3.12/site-packages/airflow/example_dags/example_task_group.py for tasks to queue
[2025-01-31T21:14:43.899+0000] {logging_mixin.py:190} INFO - [2025-01-31T21:14:43.899+0000] {dagbag.py:588} INFO - Filling up the DagBag from /home/airflow/.local/lib/python3.12/site-packages/airflow/example_dags/example_task_group.py
[2025-01-31T21:14:43.912+0000] {processor.py:925} INFO - DAG(s) 'example_task_group' retrieved from /home/airflow/.local/lib/python3.12/site-packages/airflow/example_dags/example_task_group.py
[2025-01-31T21:14:43.961+0000] {logging_mixin.py:190} INFO - [2025-01-31T21:14:43.961+0000] {dag.py:3239} INFO - Sync 1 DAGs
[2025-01-31T21:14:43.990+0000] {logging_mixin.py:190} INFO - [2025-01-31T21:14:43.990+0000] {dag.py:4180} INFO - Setting next_dagrun for example_task_group to None, run_after=None
[2025-01-31T21:14:44.038+0000] {processor.py:208} INFO - Processing /home/airflow/.local/lib/python3.12/site-packages/airflow/example_dags/example_task_group.py took 0.156 seconds
[2025-01-31T21:15:16.111+0000] {processor.py:186} INFO - Started process (PID=2906) to work on /home/airflow/.local/lib/python3.12/site-packages/airflow/example_dags/example_task_group.py
[2025-01-31T21:15:16.112+0000] {processor.py:914} INFO - Processing file /home/airflow/.local/lib/python3.12/site-packages/airflow/example_dags/example_task_group.py for tasks to queue
[2025-01-31T21:15:16.115+0000] {logging_mixin.py:190} INFO - [2025-01-31T21:15:16.115+0000] {dagbag.py:588} INFO - Filling up the DagBag from /home/airflow/.local/lib/python3.12/site-packages/airflow/example_dags/example_task_group.py
[2025-01-31T21:15:16.123+0000] {processor.py:925} INFO - DAG(s) 'example_task_group' retrieved from /home/airflow/.local/lib/python3.12/site-packages/airflow/example_dags/example_task_group.py
[2025-01-31T21:15:16.145+0000] {logging_mixin.py:190} INFO - [2025-01-31T21:15:16.145+0000] {dag.py:3239} INFO - Sync 1 DAGs
[2025-01-31T21:15:16.161+0000] {logging_mixin.py:190} INFO - [2025-01-31T21:15:16.161+0000] {dag.py:4180} INFO - Setting next_dagrun for example_task_group to None, run_after=None
[2025-01-31T21:15:16.178+0000] {processor.py:208} INFO - Processing /home/airflow/.local/lib/python3.12/site-packages/airflow/example_dags/example_task_group.py took 0.072 seconds
[2025-01-31T21:15:47.063+0000] {processor.py:186} INFO - Started process (PID=2969) to work on /home/airflow/.local/lib/python3.12/site-packages/airflow/example_dags/example_task_group.py
[2025-01-31T21:15:47.064+0000] {processor.py:914} INFO - Processing file /home/airflow/.local/lib/python3.12/site-packages/airflow/example_dags/example_task_group.py for tasks to queue
[2025-01-31T21:15:47.066+0000] {logging_mixin.py:190} INFO - [2025-01-31T21:15:47.066+0000] {dagbag.py:588} INFO - Filling up the DagBag from /home/airflow/.local/lib/python3.12/site-packages/airflow/example_dags/example_task_group.py
[2025-01-31T21:15:47.075+0000] {processor.py:925} INFO - DAG(s) 'example_task_group' retrieved from /home/airflow/.local/lib/python3.12/site-packages/airflow/example_dags/example_task_group.py
[2025-01-31T21:15:47.096+0000] {logging_mixin.py:190} INFO - [2025-01-31T21:15:47.096+0000] {dag.py:3239} INFO - Sync 1 DAGs
[2025-01-31T21:15:47.112+0000] {logging_mixin.py:190} INFO - [2025-01-31T21:15:47.111+0000] {dag.py:4180} INFO - Setting next_dagrun for example_task_group to None, run_after=None
[2025-01-31T21:15:47.128+0000] {processor.py:208} INFO - Processing /home/airflow/.local/lib/python3.12/site-packages/airflow/example_dags/example_task_group.py took 0.070 seconds
[2025-01-31T21:16:18.153+0000] {processor.py:186} INFO - Started process (PID=3033) to work on /home/airflow/.local/lib/python3.12/site-packages/airflow/example_dags/example_task_group.py
[2025-01-31T21:16:18.160+0000] {processor.py:914} INFO - Processing file /home/airflow/.local/lib/python3.12/site-packages/airflow/example_dags/example_task_group.py for tasks to queue
[2025-01-31T21:16:18.163+0000] {logging_mixin.py:190} INFO - [2025-01-31T21:16:18.162+0000] {dagbag.py:588} INFO - Filling up the DagBag from /home/airflow/.local/lib/python3.12/site-packages/airflow/example_dags/example_task_group.py
[2025-01-31T21:16:18.176+0000] {processor.py:925} INFO - DAG(s) 'example_task_group' retrieved from /home/airflow/.local/lib/python3.12/site-packages/airflow/example_dags/example_task_group.py
[2025-01-31T21:16:18.224+0000] {logging_mixin.py:190} INFO - [2025-01-31T21:16:18.224+0000] {dag.py:3239} INFO - Sync 1 DAGs
[2025-01-31T21:16:18.251+0000] {logging_mixin.py:190} INFO - [2025-01-31T21:16:18.250+0000] {dag.py:4180} INFO - Setting next_dagrun for example_task_group to None, run_after=None
[2025-01-31T21:16:18.276+0000] {processor.py:208} INFO - Processing /home/airflow/.local/lib/python3.12/site-packages/airflow/example_dags/example_task_group.py took 0.136 seconds
[2025-01-31T21:16:48.901+0000] {processor.py:186} INFO - Started process (PID=3095) to work on /home/airflow/.local/lib/python3.12/site-packages/airflow/example_dags/example_task_group.py
[2025-01-31T21:16:48.901+0000] {processor.py:914} INFO - Processing file /home/airflow/.local/lib/python3.12/site-packages/airflow/example_dags/example_task_group.py for tasks to queue
[2025-01-31T21:16:48.904+0000] {logging_mixin.py:190} INFO - [2025-01-31T21:16:48.903+0000] {dagbag.py:588} INFO - Filling up the DagBag from /home/airflow/.local/lib/python3.12/site-packages/airflow/example_dags/example_task_group.py
[2025-01-31T21:16:48.928+0000] {processor.py:925} INFO - DAG(s) 'example_task_group' retrieved from /home/airflow/.local/lib/python3.12/site-packages/airflow/example_dags/example_task_group.py
[2025-01-31T21:16:48.966+0000] {logging_mixin.py:190} INFO - [2025-01-31T21:16:48.965+0000] {dag.py:3239} INFO - Sync 1 DAGs
[2025-01-31T21:16:48.983+0000] {logging_mixin.py:190} INFO - [2025-01-31T21:16:48.982+0000] {dag.py:4180} INFO - Setting next_dagrun for example_task_group to None, run_after=None
[2025-01-31T21:16:49.002+0000] {processor.py:208} INFO - Processing /home/airflow/.local/lib/python3.12/site-packages/airflow/example_dags/example_task_group.py took 0.109 seconds
[2025-01-31T21:17:19.576+0000] {processor.py:186} INFO - Started process (PID=3158) to work on /home/airflow/.local/lib/python3.12/site-packages/airflow/example_dags/example_task_group.py
[2025-01-31T21:17:19.577+0000] {processor.py:914} INFO - Processing file /home/airflow/.local/lib/python3.12/site-packages/airflow/example_dags/example_task_group.py for tasks to queue
[2025-01-31T21:17:19.580+0000] {logging_mixin.py:190} INFO - [2025-01-31T21:17:19.579+0000] {dagbag.py:588} INFO - Filling up the DagBag from /home/airflow/.local/lib/python3.12/site-packages/airflow/example_dags/example_task_group.py
[2025-01-31T21:17:19.589+0000] {processor.py:925} INFO - DAG(s) 'example_task_group' retrieved from /home/airflow/.local/lib/python3.12/site-packages/airflow/example_dags/example_task_group.py
[2025-01-31T21:17:19.610+0000] {logging_mixin.py:190} INFO - [2025-01-31T21:17:19.610+0000] {dag.py:3239} INFO - Sync 1 DAGs
[2025-01-31T21:17:19.625+0000] {logging_mixin.py:190} INFO - [2025-01-31T21:17:19.625+0000] {dag.py:4180} INFO - Setting next_dagrun for example_task_group to None, run_after=None
[2025-01-31T21:17:19.640+0000] {processor.py:208} INFO - Processing /home/airflow/.local/lib/python3.12/site-packages/airflow/example_dags/example_task_group.py took 0.070 seconds
[2025-01-31T21:17:50.572+0000] {processor.py:186} INFO - Started process (PID=3227) to work on /home/airflow/.local/lib/python3.12/site-packages/airflow/example_dags/example_task_group.py
[2025-01-31T21:17:50.573+0000] {processor.py:914} INFO - Processing file /home/airflow/.local/lib/python3.12/site-packages/airflow/example_dags/example_task_group.py for tasks to queue
[2025-01-31T21:17:50.575+0000] {logging_mixin.py:190} INFO - [2025-01-31T21:17:50.575+0000] {dagbag.py:588} INFO - Filling up the DagBag from /home/airflow/.local/lib/python3.12/site-packages/airflow/example_dags/example_task_group.py
[2025-01-31T21:17:50.584+0000] {processor.py:925} INFO - DAG(s) 'example_task_group' retrieved from /home/airflow/.local/lib/python3.12/site-packages/airflow/example_dags/example_task_group.py
[2025-01-31T21:17:50.605+0000] {logging_mixin.py:190} INFO - [2025-01-31T21:17:50.605+0000] {dag.py:3239} INFO - Sync 1 DAGs
[2025-01-31T21:17:50.620+0000] {logging_mixin.py:190} INFO - [2025-01-31T21:17:50.619+0000] {dag.py:4180} INFO - Setting next_dagrun for example_task_group to None, run_after=None
[2025-01-31T21:17:50.636+0000] {processor.py:208} INFO - Processing /home/airflow/.local/lib/python3.12/site-packages/airflow/example_dags/example_task_group.py took 0.070 seconds
[2025-01-31T21:18:22.999+0000] {processor.py:186} INFO - Started process (PID=3290) to work on /home/airflow/.local/lib/python3.12/site-packages/airflow/example_dags/example_task_group.py
[2025-01-31T21:18:23.006+0000] {processor.py:914} INFO - Processing file /home/airflow/.local/lib/python3.12/site-packages/airflow/example_dags/example_task_group.py for tasks to queue
[2025-01-31T21:18:23.036+0000] {logging_mixin.py:190} INFO - [2025-01-31T21:18:23.012+0000] {dagbag.py:588} INFO - Filling up the DagBag from /home/airflow/.local/lib/python3.12/site-packages/airflow/example_dags/example_task_group.py
[2025-01-31T21:18:23.071+0000] {processor.py:925} INFO - DAG(s) 'example_task_group' retrieved from /home/airflow/.local/lib/python3.12/site-packages/airflow/example_dags/example_task_group.py
[2025-01-31T21:18:23.187+0000] {logging_mixin.py:190} INFO - [2025-01-31T21:18:23.187+0000] {dag.py:3239} INFO - Sync 1 DAGs
[2025-01-31T21:18:23.290+0000] {logging_mixin.py:190} INFO - [2025-01-31T21:18:23.290+0000] {dag.py:4180} INFO - Setting next_dagrun for example_task_group to None, run_after=None
[2025-01-31T21:18:23.403+0000] {processor.py:208} INFO - Processing /home/airflow/.local/lib/python3.12/site-packages/airflow/example_dags/example_task_group.py took 0.419 seconds
