[2025-01-31T20:52:30.433+0000] {processor.py:186} INFO - Started process (PID=85) to work on /home/airflow/.local/lib/python3.12/site-packages/airflow/example_dags/example_sla_dag.py
[2025-01-31T20:52:30.436+0000] {processor.py:914} INFO - Processing file /home/airflow/.local/lib/python3.12/site-packages/airflow/example_dags/example_sla_dag.py for tasks to queue
[2025-01-31T20:52:30.438+0000] {logging_mixin.py:190} INFO - [2025-01-31T20:52:30.438+0000] {dagbag.py:588} INFO - Filling up the DagBag from /home/airflow/.local/lib/python3.12/site-packages/airflow/example_dags/example_sla_dag.py
[2025-01-31T20:52:30.451+0000] {processor.py:925} INFO - DAG(s) 'example_sla_dag' retrieved from /home/airflow/.local/lib/python3.12/site-packages/airflow/example_dags/example_sla_dag.py
[2025-01-31T20:52:30.837+0000] {logging_mixin.py:190} INFO - [2025-01-31T20:52:30.836+0000] {override.py:1911} INFO - Created Permission View: can delete on DAG:example_sla_dag
[2025-01-31T20:52:30.857+0000] {logging_mixin.py:190} INFO - [2025-01-31T20:52:30.857+0000] {override.py:1911} INFO - Created Permission View: can edit on DAG:example_sla_dag
[2025-01-31T20:52:30.869+0000] {logging_mixin.py:190} INFO - [2025-01-31T20:52:30.869+0000] {override.py:1911} INFO - Created Permission View: can read on DAG:example_sla_dag
[2025-01-31T20:52:30.908+0000] {logging_mixin.py:190} INFO - [2025-01-31T20:52:30.908+0000] {override.py:1911} INFO - Created Permission View: menu access on DAG Run:example_sla_dag
[2025-01-31T20:52:30.920+0000] {logging_mixin.py:190} INFO - [2025-01-31T20:52:30.920+0000] {override.py:1911} INFO - Created Permission View: can delete on DAG Run:example_sla_dag
[2025-01-31T20:52:30.935+0000] {logging_mixin.py:190} INFO - [2025-01-31T20:52:30.934+0000] {override.py:1911} INFO - Created Permission View: can create on DAG Run:example_sla_dag
[2025-01-31T20:52:30.952+0000] {logging_mixin.py:190} INFO - [2025-01-31T20:52:30.952+0000] {override.py:1911} INFO - Created Permission View: can read on DAG Run:example_sla_dag
[2025-01-31T20:52:30.954+0000] {logging_mixin.py:190} INFO - [2025-01-31T20:52:30.954+0000] {dag.py:3239} INFO - Sync 1 DAGs
[2025-01-31T20:52:30.995+0000] {logging_mixin.py:190} INFO - [2025-01-31T20:52:30.995+0000] {dag.py:3262} INFO - Creating ORM DAG for example_sla_dag
[2025-01-31T20:52:31.036+0000] {logging_mixin.py:190} INFO - [2025-01-31T20:52:31.036+0000] {dag.py:4180} INFO - Setting next_dagrun for example_sla_dag to 2025-01-31 20:50:00+00:00, run_after=2025-01-31 20:52:00+00:00
[2025-01-31T20:52:31.127+0000] {processor.py:208} INFO - Processing /home/airflow/.local/lib/python3.12/site-packages/airflow/example_dags/example_sla_dag.py took 0.701 seconds
[2025-01-31T20:53:02.126+0000] {processor.py:186} INFO - Started process (PID=147) to work on /home/airflow/.local/lib/python3.12/site-packages/airflow/example_dags/example_sla_dag.py
[2025-01-31T20:53:02.126+0000] {processor.py:914} INFO - Processing file /home/airflow/.local/lib/python3.12/site-packages/airflow/example_dags/example_sla_dag.py for tasks to queue
[2025-01-31T20:53:02.129+0000] {logging_mixin.py:190} INFO - [2025-01-31T20:53:02.129+0000] {dagbag.py:588} INFO - Filling up the DagBag from /home/airflow/.local/lib/python3.12/site-packages/airflow/example_dags/example_sla_dag.py
[2025-01-31T20:53:02.141+0000] {processor.py:925} INFO - DAG(s) 'example_sla_dag' retrieved from /home/airflow/.local/lib/python3.12/site-packages/airflow/example_dags/example_sla_dag.py
[2025-01-31T20:53:02.163+0000] {logging_mixin.py:190} INFO - [2025-01-31T20:53:02.163+0000] {dag.py:3239} INFO - Sync 1 DAGs
[2025-01-31T20:53:02.205+0000] {logging_mixin.py:190} INFO - [2025-01-31T20:53:02.205+0000] {dag.py:4180} INFO - Setting next_dagrun for example_sla_dag to 2025-01-31 20:50:00+00:00, run_after=2025-01-31 20:52:00+00:00
[2025-01-31T20:53:02.233+0000] {processor.py:208} INFO - Processing /home/airflow/.local/lib/python3.12/site-packages/airflow/example_dags/example_sla_dag.py took 0.126 seconds
[2025-01-31T20:53:32.465+0000] {processor.py:186} INFO - Started process (PID=210) to work on /home/airflow/.local/lib/python3.12/site-packages/airflow/example_dags/example_sla_dag.py
[2025-01-31T20:53:32.475+0000] {processor.py:914} INFO - Processing file /home/airflow/.local/lib/python3.12/site-packages/airflow/example_dags/example_sla_dag.py for tasks to queue
[2025-01-31T20:53:32.485+0000] {logging_mixin.py:190} INFO - [2025-01-31T20:53:32.484+0000] {dagbag.py:588} INFO - Filling up the DagBag from /home/airflow/.local/lib/python3.12/site-packages/airflow/example_dags/example_sla_dag.py
[2025-01-31T20:53:32.508+0000] {processor.py:925} INFO - DAG(s) 'example_sla_dag' retrieved from /home/airflow/.local/lib/python3.12/site-packages/airflow/example_dags/example_sla_dag.py
[2025-01-31T20:53:32.567+0000] {logging_mixin.py:190} INFO - [2025-01-31T20:53:32.567+0000] {dag.py:3239} INFO - Sync 1 DAGs
[2025-01-31T20:53:32.605+0000] {logging_mixin.py:190} INFO - [2025-01-31T20:53:32.605+0000] {dag.py:4180} INFO - Setting next_dagrun for example_sla_dag to 2025-01-31 20:50:00+00:00, run_after=2025-01-31 20:52:00+00:00
[2025-01-31T20:53:32.673+0000] {processor.py:208} INFO - Processing /home/airflow/.local/lib/python3.12/site-packages/airflow/example_dags/example_sla_dag.py took 0.215 seconds
[2025-01-31T20:54:03.500+0000] {processor.py:186} INFO - Started process (PID=273) to work on /home/airflow/.local/lib/python3.12/site-packages/airflow/example_dags/example_sla_dag.py
[2025-01-31T20:54:03.500+0000] {processor.py:914} INFO - Processing file /home/airflow/.local/lib/python3.12/site-packages/airflow/example_dags/example_sla_dag.py for tasks to queue
[2025-01-31T20:54:03.502+0000] {logging_mixin.py:190} INFO - [2025-01-31T20:54:03.502+0000] {dagbag.py:588} INFO - Filling up the DagBag from /home/airflow/.local/lib/python3.12/site-packages/airflow/example_dags/example_sla_dag.py
[2025-01-31T20:54:03.513+0000] {processor.py:925} INFO - DAG(s) 'example_sla_dag' retrieved from /home/airflow/.local/lib/python3.12/site-packages/airflow/example_dags/example_sla_dag.py
[2025-01-31T20:54:03.531+0000] {logging_mixin.py:190} INFO - [2025-01-31T20:54:03.531+0000] {dag.py:3239} INFO - Sync 1 DAGs
[2025-01-31T20:54:03.558+0000] {logging_mixin.py:190} INFO - [2025-01-31T20:54:03.557+0000] {dag.py:4180} INFO - Setting next_dagrun for example_sla_dag to 2025-01-31 20:52:00+00:00, run_after=2025-01-31 20:54:00+00:00
[2025-01-31T20:54:03.573+0000] {processor.py:208} INFO - Processing /home/airflow/.local/lib/python3.12/site-packages/airflow/example_dags/example_sla_dag.py took 0.080 seconds
[2025-01-31T20:54:33.933+0000] {processor.py:186} INFO - Started process (PID=335) to work on /home/airflow/.local/lib/python3.12/site-packages/airflow/example_dags/example_sla_dag.py
[2025-01-31T20:54:33.934+0000] {processor.py:914} INFO - Processing file /home/airflow/.local/lib/python3.12/site-packages/airflow/example_dags/example_sla_dag.py for tasks to queue
[2025-01-31T20:54:33.936+0000] {logging_mixin.py:190} INFO - [2025-01-31T20:54:33.936+0000] {dagbag.py:588} INFO - Filling up the DagBag from /home/airflow/.local/lib/python3.12/site-packages/airflow/example_dags/example_sla_dag.py
[2025-01-31T20:54:33.947+0000] {processor.py:925} INFO - DAG(s) 'example_sla_dag' retrieved from /home/airflow/.local/lib/python3.12/site-packages/airflow/example_dags/example_sla_dag.py
[2025-01-31T20:54:33.965+0000] {logging_mixin.py:190} INFO - [2025-01-31T20:54:33.965+0000] {dag.py:3239} INFO - Sync 1 DAGs
[2025-01-31T20:54:33.991+0000] {logging_mixin.py:190} INFO - [2025-01-31T20:54:33.991+0000] {dag.py:4180} INFO - Setting next_dagrun for example_sla_dag to 2025-01-31 20:52:00+00:00, run_after=2025-01-31 20:54:00+00:00
[2025-01-31T20:54:34.006+0000] {processor.py:208} INFO - Processing /home/airflow/.local/lib/python3.12/site-packages/airflow/example_dags/example_sla_dag.py took 0.078 seconds
[2025-01-31T20:55:04.475+0000] {processor.py:186} INFO - Started process (PID=398) to work on /home/airflow/.local/lib/python3.12/site-packages/airflow/example_dags/example_sla_dag.py
[2025-01-31T20:55:04.476+0000] {processor.py:914} INFO - Processing file /home/airflow/.local/lib/python3.12/site-packages/airflow/example_dags/example_sla_dag.py for tasks to queue
[2025-01-31T20:55:04.478+0000] {logging_mixin.py:190} INFO - [2025-01-31T20:55:04.478+0000] {dagbag.py:588} INFO - Filling up the DagBag from /home/airflow/.local/lib/python3.12/site-packages/airflow/example_dags/example_sla_dag.py
[2025-01-31T20:55:04.493+0000] {processor.py:925} INFO - DAG(s) 'example_sla_dag' retrieved from /home/airflow/.local/lib/python3.12/site-packages/airflow/example_dags/example_sla_dag.py
[2025-01-31T20:55:04.510+0000] {logging_mixin.py:190} INFO - [2025-01-31T20:55:04.510+0000] {dag.py:3239} INFO - Sync 1 DAGs
[2025-01-31T20:55:04.538+0000] {logging_mixin.py:190} INFO - [2025-01-31T20:55:04.538+0000] {dag.py:4180} INFO - Setting next_dagrun for example_sla_dag to 2025-01-31 20:52:00+00:00, run_after=2025-01-31 20:54:00+00:00
[2025-01-31T20:55:04.553+0000] {processor.py:208} INFO - Processing /home/airflow/.local/lib/python3.12/site-packages/airflow/example_dags/example_sla_dag.py took 0.083 seconds
[2025-01-31T20:55:34.976+0000] {processor.py:186} INFO - Started process (PID=462) to work on /home/airflow/.local/lib/python3.12/site-packages/airflow/example_dags/example_sla_dag.py
[2025-01-31T20:55:34.977+0000] {processor.py:914} INFO - Processing file /home/airflow/.local/lib/python3.12/site-packages/airflow/example_dags/example_sla_dag.py for tasks to queue
[2025-01-31T20:55:34.979+0000] {logging_mixin.py:190} INFO - [2025-01-31T20:55:34.979+0000] {dagbag.py:588} INFO - Filling up the DagBag from /home/airflow/.local/lib/python3.12/site-packages/airflow/example_dags/example_sla_dag.py
[2025-01-31T20:55:34.990+0000] {processor.py:925} INFO - DAG(s) 'example_sla_dag' retrieved from /home/airflow/.local/lib/python3.12/site-packages/airflow/example_dags/example_sla_dag.py
[2025-01-31T20:55:35.008+0000] {logging_mixin.py:190} INFO - [2025-01-31T20:55:35.008+0000] {dag.py:3239} INFO - Sync 1 DAGs
[2025-01-31T20:55:35.035+0000] {logging_mixin.py:190} INFO - [2025-01-31T20:55:35.035+0000] {dag.py:4180} INFO - Setting next_dagrun for example_sla_dag to 2025-01-31 20:52:00+00:00, run_after=2025-01-31 20:54:00+00:00
[2025-01-31T20:55:35.051+0000] {processor.py:208} INFO - Processing /home/airflow/.local/lib/python3.12/site-packages/airflow/example_dags/example_sla_dag.py took 0.081 seconds
[2025-01-31T20:56:05.412+0000] {processor.py:186} INFO - Started process (PID=526) to work on /home/airflow/.local/lib/python3.12/site-packages/airflow/example_dags/example_sla_dag.py
[2025-01-31T20:56:05.413+0000] {processor.py:914} INFO - Processing file /home/airflow/.local/lib/python3.12/site-packages/airflow/example_dags/example_sla_dag.py for tasks to queue
[2025-01-31T20:56:05.415+0000] {logging_mixin.py:190} INFO - [2025-01-31T20:56:05.415+0000] {dagbag.py:588} INFO - Filling up the DagBag from /home/airflow/.local/lib/python3.12/site-packages/airflow/example_dags/example_sla_dag.py
[2025-01-31T20:56:05.437+0000] {processor.py:925} INFO - DAG(s) 'example_sla_dag' retrieved from /home/airflow/.local/lib/python3.12/site-packages/airflow/example_dags/example_sla_dag.py
[2025-01-31T20:56:05.455+0000] {logging_mixin.py:190} INFO - [2025-01-31T20:56:05.455+0000] {dag.py:3239} INFO - Sync 1 DAGs
[2025-01-31T20:56:05.482+0000] {logging_mixin.py:190} INFO - [2025-01-31T20:56:05.482+0000] {dag.py:4180} INFO - Setting next_dagrun for example_sla_dag to 2025-01-31 20:54:00+00:00, run_after=2025-01-31 20:56:00+00:00
[2025-01-31T20:56:05.496+0000] {processor.py:208} INFO - Processing /home/airflow/.local/lib/python3.12/site-packages/airflow/example_dags/example_sla_dag.py took 0.091 seconds
[2025-01-31T20:56:35.795+0000] {processor.py:186} INFO - Started process (PID=589) to work on /home/airflow/.local/lib/python3.12/site-packages/airflow/example_dags/example_sla_dag.py
[2025-01-31T20:56:35.796+0000] {processor.py:914} INFO - Processing file /home/airflow/.local/lib/python3.12/site-packages/airflow/example_dags/example_sla_dag.py for tasks to queue
[2025-01-31T20:56:35.798+0000] {logging_mixin.py:190} INFO - [2025-01-31T20:56:35.798+0000] {dagbag.py:588} INFO - Filling up the DagBag from /home/airflow/.local/lib/python3.12/site-packages/airflow/example_dags/example_sla_dag.py
[2025-01-31T20:56:35.809+0000] {processor.py:925} INFO - DAG(s) 'example_sla_dag' retrieved from /home/airflow/.local/lib/python3.12/site-packages/airflow/example_dags/example_sla_dag.py
[2025-01-31T20:56:35.828+0000] {logging_mixin.py:190} INFO - [2025-01-31T20:56:35.828+0000] {dag.py:3239} INFO - Sync 1 DAGs
[2025-01-31T20:56:35.855+0000] {logging_mixin.py:190} INFO - [2025-01-31T20:56:35.855+0000] {dag.py:4180} INFO - Setting next_dagrun for example_sla_dag to 2025-01-31 20:54:00+00:00, run_after=2025-01-31 20:56:00+00:00
[2025-01-31T20:56:35.871+0000] {processor.py:208} INFO - Processing /home/airflow/.local/lib/python3.12/site-packages/airflow/example_dags/example_sla_dag.py took 0.081 seconds
[2025-01-31T20:57:06.260+0000] {processor.py:186} INFO - Started process (PID=652) to work on /home/airflow/.local/lib/python3.12/site-packages/airflow/example_dags/example_sla_dag.py
[2025-01-31T20:57:06.273+0000] {processor.py:914} INFO - Processing file /home/airflow/.local/lib/python3.12/site-packages/airflow/example_dags/example_sla_dag.py for tasks to queue
[2025-01-31T20:57:06.284+0000] {logging_mixin.py:190} INFO - [2025-01-31T20:57:06.275+0000] {dagbag.py:588} INFO - Filling up the DagBag from /home/airflow/.local/lib/python3.12/site-packages/airflow/example_dags/example_sla_dag.py
[2025-01-31T20:57:06.311+0000] {processor.py:925} INFO - DAG(s) 'example_sla_dag' retrieved from /home/airflow/.local/lib/python3.12/site-packages/airflow/example_dags/example_sla_dag.py
[2025-01-31T20:57:06.370+0000] {logging_mixin.py:190} INFO - [2025-01-31T20:57:06.370+0000] {dag.py:3239} INFO - Sync 1 DAGs
[2025-01-31T20:57:06.448+0000] {logging_mixin.py:190} INFO - [2025-01-31T20:57:06.440+0000] {dag.py:4180} INFO - Setting next_dagrun for example_sla_dag to 2025-01-31 20:54:00+00:00, run_after=2025-01-31 20:56:00+00:00
[2025-01-31T20:57:06.508+0000] {processor.py:208} INFO - Processing /home/airflow/.local/lib/python3.12/site-packages/airflow/example_dags/example_sla_dag.py took 0.261 seconds
[2025-01-31T20:57:37.393+0000] {processor.py:186} INFO - Started process (PID=716) to work on /home/airflow/.local/lib/python3.12/site-packages/airflow/example_dags/example_sla_dag.py
[2025-01-31T20:57:37.394+0000] {processor.py:914} INFO - Processing file /home/airflow/.local/lib/python3.12/site-packages/airflow/example_dags/example_sla_dag.py for tasks to queue
[2025-01-31T20:57:37.396+0000] {logging_mixin.py:190} INFO - [2025-01-31T20:57:37.395+0000] {dagbag.py:588} INFO - Filling up the DagBag from /home/airflow/.local/lib/python3.12/site-packages/airflow/example_dags/example_sla_dag.py
[2025-01-31T20:57:37.406+0000] {processor.py:925} INFO - DAG(s) 'example_sla_dag' retrieved from /home/airflow/.local/lib/python3.12/site-packages/airflow/example_dags/example_sla_dag.py
[2025-01-31T20:57:37.432+0000] {logging_mixin.py:190} INFO - [2025-01-31T20:57:37.432+0000] {dag.py:3239} INFO - Sync 1 DAGs
[2025-01-31T20:57:37.481+0000] {logging_mixin.py:190} INFO - [2025-01-31T20:57:37.481+0000] {dag.py:4180} INFO - Setting next_dagrun for example_sla_dag to 2025-01-31 20:54:00+00:00, run_after=2025-01-31 20:56:00+00:00
[2025-01-31T20:57:37.512+0000] {processor.py:208} INFO - Processing /home/airflow/.local/lib/python3.12/site-packages/airflow/example_dags/example_sla_dag.py took 0.132 seconds
[2025-01-31T20:58:08.027+0000] {processor.py:186} INFO - Started process (PID=779) to work on /home/airflow/.local/lib/python3.12/site-packages/airflow/example_dags/example_sla_dag.py
[2025-01-31T20:58:08.027+0000] {processor.py:914} INFO - Processing file /home/airflow/.local/lib/python3.12/site-packages/airflow/example_dags/example_sla_dag.py for tasks to queue
[2025-01-31T20:58:08.030+0000] {logging_mixin.py:190} INFO - [2025-01-31T20:58:08.029+0000] {dagbag.py:588} INFO - Filling up the DagBag from /home/airflow/.local/lib/python3.12/site-packages/airflow/example_dags/example_sla_dag.py
[2025-01-31T20:58:08.044+0000] {processor.py:925} INFO - DAG(s) 'example_sla_dag' retrieved from /home/airflow/.local/lib/python3.12/site-packages/airflow/example_dags/example_sla_dag.py
[2025-01-31T20:58:08.062+0000] {logging_mixin.py:190} INFO - [2025-01-31T20:58:08.062+0000] {dag.py:3239} INFO - Sync 1 DAGs
[2025-01-31T20:58:08.088+0000] {logging_mixin.py:190} INFO - [2025-01-31T20:58:08.088+0000] {dag.py:4180} INFO - Setting next_dagrun for example_sla_dag to 2025-01-31 20:56:00+00:00, run_after=2025-01-31 20:58:00+00:00
[2025-01-31T20:58:08.104+0000] {processor.py:208} INFO - Processing /home/airflow/.local/lib/python3.12/site-packages/airflow/example_dags/example_sla_dag.py took 0.083 seconds
[2025-01-31T20:58:38.328+0000] {processor.py:186} INFO - Started process (PID=842) to work on /home/airflow/.local/lib/python3.12/site-packages/airflow/example_dags/example_sla_dag.py
[2025-01-31T20:58:38.328+0000] {processor.py:914} INFO - Processing file /home/airflow/.local/lib/python3.12/site-packages/airflow/example_dags/example_sla_dag.py for tasks to queue
[2025-01-31T20:58:38.330+0000] {logging_mixin.py:190} INFO - [2025-01-31T20:58:38.330+0000] {dagbag.py:588} INFO - Filling up the DagBag from /home/airflow/.local/lib/python3.12/site-packages/airflow/example_dags/example_sla_dag.py
[2025-01-31T20:58:38.341+0000] {processor.py:925} INFO - DAG(s) 'example_sla_dag' retrieved from /home/airflow/.local/lib/python3.12/site-packages/airflow/example_dags/example_sla_dag.py
[2025-01-31T20:58:38.370+0000] {logging_mixin.py:190} INFO - [2025-01-31T20:58:38.370+0000] {dag.py:3239} INFO - Sync 1 DAGs
[2025-01-31T20:58:38.396+0000] {logging_mixin.py:190} INFO - [2025-01-31T20:58:38.396+0000] {dag.py:4180} INFO - Setting next_dagrun for example_sla_dag to 2025-01-31 20:56:00+00:00, run_after=2025-01-31 20:58:00+00:00
[2025-01-31T20:58:38.411+0000] {processor.py:208} INFO - Processing /home/airflow/.local/lib/python3.12/site-packages/airflow/example_dags/example_sla_dag.py took 0.088 seconds
[2025-01-31T20:59:08.850+0000] {processor.py:186} INFO - Started process (PID=904) to work on /home/airflow/.local/lib/python3.12/site-packages/airflow/example_dags/example_sla_dag.py
[2025-01-31T20:59:08.850+0000] {processor.py:914} INFO - Processing file /home/airflow/.local/lib/python3.12/site-packages/airflow/example_dags/example_sla_dag.py for tasks to queue
[2025-01-31T20:59:08.853+0000] {logging_mixin.py:190} INFO - [2025-01-31T20:59:08.852+0000] {dagbag.py:588} INFO - Filling up the DagBag from /home/airflow/.local/lib/python3.12/site-packages/airflow/example_dags/example_sla_dag.py
[2025-01-31T20:59:08.864+0000] {processor.py:925} INFO - DAG(s) 'example_sla_dag' retrieved from /home/airflow/.local/lib/python3.12/site-packages/airflow/example_dags/example_sla_dag.py
[2025-01-31T20:59:08.885+0000] {logging_mixin.py:190} INFO - [2025-01-31T20:59:08.884+0000] {dag.py:3239} INFO - Sync 1 DAGs
[2025-01-31T20:59:08.912+0000] {logging_mixin.py:190} INFO - [2025-01-31T20:59:08.912+0000] {dag.py:4180} INFO - Setting next_dagrun for example_sla_dag to 2025-01-31 20:56:00+00:00, run_after=2025-01-31 20:58:00+00:00
[2025-01-31T20:59:08.928+0000] {processor.py:208} INFO - Processing /home/airflow/.local/lib/python3.12/site-packages/airflow/example_dags/example_sla_dag.py took 0.084 seconds
[2025-01-31T20:59:39.151+0000] {processor.py:186} INFO - Started process (PID=968) to work on /home/airflow/.local/lib/python3.12/site-packages/airflow/example_dags/example_sla_dag.py
[2025-01-31T20:59:39.151+0000] {processor.py:914} INFO - Processing file /home/airflow/.local/lib/python3.12/site-packages/airflow/example_dags/example_sla_dag.py for tasks to queue
[2025-01-31T20:59:39.154+0000] {logging_mixin.py:190} INFO - [2025-01-31T20:59:39.153+0000] {dagbag.py:588} INFO - Filling up the DagBag from /home/airflow/.local/lib/python3.12/site-packages/airflow/example_dags/example_sla_dag.py
[2025-01-31T20:59:39.165+0000] {processor.py:925} INFO - DAG(s) 'example_sla_dag' retrieved from /home/airflow/.local/lib/python3.12/site-packages/airflow/example_dags/example_sla_dag.py
[2025-01-31T20:59:39.184+0000] {logging_mixin.py:190} INFO - [2025-01-31T20:59:39.184+0000] {dag.py:3239} INFO - Sync 1 DAGs
[2025-01-31T20:59:39.214+0000] {logging_mixin.py:190} INFO - [2025-01-31T20:59:39.213+0000] {dag.py:4180} INFO - Setting next_dagrun for example_sla_dag to 2025-01-31 20:56:00+00:00, run_after=2025-01-31 20:58:00+00:00
[2025-01-31T20:59:39.229+0000] {processor.py:208} INFO - Processing /home/airflow/.local/lib/python3.12/site-packages/airflow/example_dags/example_sla_dag.py took 0.084 seconds
[2025-01-31T21:00:09.675+0000] {processor.py:186} INFO - Started process (PID=1031) to work on /home/airflow/.local/lib/python3.12/site-packages/airflow/example_dags/example_sla_dag.py
[2025-01-31T21:00:09.680+0000] {processor.py:914} INFO - Processing file /home/airflow/.local/lib/python3.12/site-packages/airflow/example_dags/example_sla_dag.py for tasks to queue
[2025-01-31T21:00:09.682+0000] {logging_mixin.py:190} INFO - [2025-01-31T21:00:09.682+0000] {dagbag.py:588} INFO - Filling up the DagBag from /home/airflow/.local/lib/python3.12/site-packages/airflow/example_dags/example_sla_dag.py
[2025-01-31T21:00:09.692+0000] {processor.py:925} INFO - DAG(s) 'example_sla_dag' retrieved from /home/airflow/.local/lib/python3.12/site-packages/airflow/example_dags/example_sla_dag.py
[2025-01-31T21:00:09.725+0000] {logging_mixin.py:190} INFO - [2025-01-31T21:00:09.722+0000] {dag.py:3239} INFO - Sync 1 DAGs
[2025-01-31T21:00:09.776+0000] {logging_mixin.py:190} INFO - [2025-01-31T21:00:09.776+0000] {dag.py:4180} INFO - Setting next_dagrun for example_sla_dag to 2025-01-31 20:58:00+00:00, run_after=2025-01-31 21:00:00+00:00
[2025-01-31T21:00:09.798+0000] {processor.py:208} INFO - Processing /home/airflow/.local/lib/python3.12/site-packages/airflow/example_dags/example_sla_dag.py took 0.129 seconds
[2025-01-31T21:00:40.534+0000] {processor.py:186} INFO - Started process (PID=1095) to work on /home/airflow/.local/lib/python3.12/site-packages/airflow/example_dags/example_sla_dag.py
[2025-01-31T21:00:40.535+0000] {processor.py:914} INFO - Processing file /home/airflow/.local/lib/python3.12/site-packages/airflow/example_dags/example_sla_dag.py for tasks to queue
[2025-01-31T21:00:40.538+0000] {logging_mixin.py:190} INFO - [2025-01-31T21:00:40.537+0000] {dagbag.py:588} INFO - Filling up the DagBag from /home/airflow/.local/lib/python3.12/site-packages/airflow/example_dags/example_sla_dag.py
[2025-01-31T21:00:40.549+0000] {processor.py:925} INFO - DAG(s) 'example_sla_dag' retrieved from /home/airflow/.local/lib/python3.12/site-packages/airflow/example_dags/example_sla_dag.py
[2025-01-31T21:00:40.567+0000] {logging_mixin.py:190} INFO - [2025-01-31T21:00:40.567+0000] {dag.py:3239} INFO - Sync 1 DAGs
[2025-01-31T21:00:40.594+0000] {logging_mixin.py:190} INFO - [2025-01-31T21:00:40.594+0000] {dag.py:4180} INFO - Setting next_dagrun for example_sla_dag to 2025-01-31 20:58:00+00:00, run_after=2025-01-31 21:00:00+00:00
[2025-01-31T21:00:40.610+0000] {processor.py:208} INFO - Processing /home/airflow/.local/lib/python3.12/site-packages/airflow/example_dags/example_sla_dag.py took 0.080 seconds
[2025-01-31T21:01:11.426+0000] {processor.py:186} INFO - Started process (PID=1159) to work on /home/airflow/.local/lib/python3.12/site-packages/airflow/example_dags/example_sla_dag.py
[2025-01-31T21:01:11.427+0000] {processor.py:914} INFO - Processing file /home/airflow/.local/lib/python3.12/site-packages/airflow/example_dags/example_sla_dag.py for tasks to queue
[2025-01-31T21:01:11.429+0000] {logging_mixin.py:190} INFO - [2025-01-31T21:01:11.429+0000] {dagbag.py:588} INFO - Filling up the DagBag from /home/airflow/.local/lib/python3.12/site-packages/airflow/example_dags/example_sla_dag.py
[2025-01-31T21:01:11.444+0000] {processor.py:925} INFO - DAG(s) 'example_sla_dag' retrieved from /home/airflow/.local/lib/python3.12/site-packages/airflow/example_dags/example_sla_dag.py
[2025-01-31T21:01:11.462+0000] {logging_mixin.py:190} INFO - [2025-01-31T21:01:11.462+0000] {dag.py:3239} INFO - Sync 1 DAGs
[2025-01-31T21:01:11.489+0000] {logging_mixin.py:190} INFO - [2025-01-31T21:01:11.489+0000] {dag.py:4180} INFO - Setting next_dagrun for example_sla_dag to 2025-01-31 20:58:00+00:00, run_after=2025-01-31 21:00:00+00:00
[2025-01-31T21:01:11.505+0000] {processor.py:208} INFO - Processing /home/airflow/.local/lib/python3.12/site-packages/airflow/example_dags/example_sla_dag.py took 0.085 seconds
[2025-01-31T21:01:42.096+0000] {processor.py:186} INFO - Started process (PID=1222) to work on /home/airflow/.local/lib/python3.12/site-packages/airflow/example_dags/example_sla_dag.py
[2025-01-31T21:01:42.097+0000] {processor.py:914} INFO - Processing file /home/airflow/.local/lib/python3.12/site-packages/airflow/example_dags/example_sla_dag.py for tasks to queue
[2025-01-31T21:01:42.099+0000] {logging_mixin.py:190} INFO - [2025-01-31T21:01:42.099+0000] {dagbag.py:588} INFO - Filling up the DagBag from /home/airflow/.local/lib/python3.12/site-packages/airflow/example_dags/example_sla_dag.py
[2025-01-31T21:01:42.111+0000] {processor.py:925} INFO - DAG(s) 'example_sla_dag' retrieved from /home/airflow/.local/lib/python3.12/site-packages/airflow/example_dags/example_sla_dag.py
[2025-01-31T21:01:42.131+0000] {logging_mixin.py:190} INFO - [2025-01-31T21:01:42.130+0000] {dag.py:3239} INFO - Sync 1 DAGs
[2025-01-31T21:01:42.157+0000] {logging_mixin.py:190} INFO - [2025-01-31T21:01:42.157+0000] {dag.py:4180} INFO - Setting next_dagrun for example_sla_dag to 2025-01-31 20:58:00+00:00, run_after=2025-01-31 21:00:00+00:00
[2025-01-31T21:01:42.175+0000] {processor.py:208} INFO - Processing /home/airflow/.local/lib/python3.12/site-packages/airflow/example_dags/example_sla_dag.py took 0.084 seconds
[2025-01-31T21:02:12.689+0000] {processor.py:186} INFO - Started process (PID=1285) to work on /home/airflow/.local/lib/python3.12/site-packages/airflow/example_dags/example_sla_dag.py
[2025-01-31T21:02:12.690+0000] {processor.py:914} INFO - Processing file /home/airflow/.local/lib/python3.12/site-packages/airflow/example_dags/example_sla_dag.py for tasks to queue
[2025-01-31T21:02:12.693+0000] {logging_mixin.py:190} INFO - [2025-01-31T21:02:12.692+0000] {dagbag.py:588} INFO - Filling up the DagBag from /home/airflow/.local/lib/python3.12/site-packages/airflow/example_dags/example_sla_dag.py
[2025-01-31T21:02:12.722+0000] {processor.py:925} INFO - DAG(s) 'example_sla_dag' retrieved from /home/airflow/.local/lib/python3.12/site-packages/airflow/example_dags/example_sla_dag.py
[2025-01-31T21:02:12.752+0000] {logging_mixin.py:190} INFO - [2025-01-31T21:02:12.751+0000] {dag.py:3239} INFO - Sync 1 DAGs
[2025-01-31T21:02:12.787+0000] {logging_mixin.py:190} INFO - [2025-01-31T21:02:12.787+0000] {dag.py:4180} INFO - Setting next_dagrun for example_sla_dag to 2025-01-31 21:00:00+00:00, run_after=2025-01-31 21:02:00+00:00
[2025-01-31T21:02:12.828+0000] {processor.py:208} INFO - Processing /home/airflow/.local/lib/python3.12/site-packages/airflow/example_dags/example_sla_dag.py took 0.153 seconds
[2025-01-31T21:02:43.604+0000] {processor.py:186} INFO - Started process (PID=1349) to work on /home/airflow/.local/lib/python3.12/site-packages/airflow/example_dags/example_sla_dag.py
[2025-01-31T21:02:43.616+0000] {processor.py:914} INFO - Processing file /home/airflow/.local/lib/python3.12/site-packages/airflow/example_dags/example_sla_dag.py for tasks to queue
[2025-01-31T21:02:43.618+0000] {logging_mixin.py:190} INFO - [2025-01-31T21:02:43.618+0000] {dagbag.py:588} INFO - Filling up the DagBag from /home/airflow/.local/lib/python3.12/site-packages/airflow/example_dags/example_sla_dag.py
[2025-01-31T21:02:43.641+0000] {processor.py:925} INFO - DAG(s) 'example_sla_dag' retrieved from /home/airflow/.local/lib/python3.12/site-packages/airflow/example_dags/example_sla_dag.py
[2025-01-31T21:02:43.667+0000] {logging_mixin.py:190} INFO - [2025-01-31T21:02:43.667+0000] {dag.py:3239} INFO - Sync 1 DAGs
[2025-01-31T21:02:43.697+0000] {logging_mixin.py:190} INFO - [2025-01-31T21:02:43.697+0000] {dag.py:4180} INFO - Setting next_dagrun for example_sla_dag to 2025-01-31 21:00:00+00:00, run_after=2025-01-31 21:02:00+00:00
[2025-01-31T21:02:43.740+0000] {processor.py:208} INFO - Processing /home/airflow/.local/lib/python3.12/site-packages/airflow/example_dags/example_sla_dag.py took 0.142 seconds
[2025-01-31T21:03:13.950+0000] {processor.py:186} INFO - Started process (PID=1412) to work on /home/airflow/.local/lib/python3.12/site-packages/airflow/example_dags/example_sla_dag.py
[2025-01-31T21:03:13.956+0000] {processor.py:914} INFO - Processing file /home/airflow/.local/lib/python3.12/site-packages/airflow/example_dags/example_sla_dag.py for tasks to queue
[2025-01-31T21:03:13.958+0000] {logging_mixin.py:190} INFO - [2025-01-31T21:03:13.958+0000] {dagbag.py:588} INFO - Filling up the DagBag from /home/airflow/.local/lib/python3.12/site-packages/airflow/example_dags/example_sla_dag.py
[2025-01-31T21:03:13.997+0000] {processor.py:925} INFO - DAG(s) 'example_sla_dag' retrieved from /home/airflow/.local/lib/python3.12/site-packages/airflow/example_dags/example_sla_dag.py
[2025-01-31T21:03:14.037+0000] {logging_mixin.py:190} INFO - [2025-01-31T21:03:14.036+0000] {dag.py:3239} INFO - Sync 1 DAGs
[2025-01-31T21:03:14.086+0000] {logging_mixin.py:190} INFO - [2025-01-31T21:03:14.086+0000] {dag.py:4180} INFO - Setting next_dagrun for example_sla_dag to 2025-01-31 21:00:00+00:00, run_after=2025-01-31 21:02:00+00:00
[2025-01-31T21:03:14.137+0000] {processor.py:208} INFO - Processing /home/airflow/.local/lib/python3.12/site-packages/airflow/example_dags/example_sla_dag.py took 0.205 seconds
[2025-01-31T21:03:44.649+0000] {processor.py:186} INFO - Started process (PID=1475) to work on /home/airflow/.local/lib/python3.12/site-packages/airflow/example_dags/example_sla_dag.py
[2025-01-31T21:03:44.659+0000] {processor.py:914} INFO - Processing file /home/airflow/.local/lib/python3.12/site-packages/airflow/example_dags/example_sla_dag.py for tasks to queue
[2025-01-31T21:03:44.661+0000] {logging_mixin.py:190} INFO - [2025-01-31T21:03:44.661+0000] {dagbag.py:588} INFO - Filling up the DagBag from /home/airflow/.local/lib/python3.12/site-packages/airflow/example_dags/example_sla_dag.py
[2025-01-31T21:03:44.701+0000] {processor.py:925} INFO - DAG(s) 'example_sla_dag' retrieved from /home/airflow/.local/lib/python3.12/site-packages/airflow/example_dags/example_sla_dag.py
[2025-01-31T21:03:44.751+0000] {logging_mixin.py:190} INFO - [2025-01-31T21:03:44.751+0000] {dag.py:3239} INFO - Sync 1 DAGs
[2025-01-31T21:03:44.789+0000] {logging_mixin.py:190} INFO - [2025-01-31T21:03:44.788+0000] {dag.py:4180} INFO - Setting next_dagrun for example_sla_dag to 2025-01-31 21:00:00+00:00, run_after=2025-01-31 21:02:00+00:00
[2025-01-31T21:03:44.806+0000] {processor.py:208} INFO - Processing /home/airflow/.local/lib/python3.12/site-packages/airflow/example_dags/example_sla_dag.py took 0.167 seconds
[2025-01-31T21:04:15.264+0000] {processor.py:186} INFO - Started process (PID=1539) to work on /home/airflow/.local/lib/python3.12/site-packages/airflow/example_dags/example_sla_dag.py
[2025-01-31T21:04:15.265+0000] {processor.py:914} INFO - Processing file /home/airflow/.local/lib/python3.12/site-packages/airflow/example_dags/example_sla_dag.py for tasks to queue
[2025-01-31T21:04:15.268+0000] {logging_mixin.py:190} INFO - [2025-01-31T21:04:15.267+0000] {dagbag.py:588} INFO - Filling up the DagBag from /home/airflow/.local/lib/python3.12/site-packages/airflow/example_dags/example_sla_dag.py
[2025-01-31T21:04:15.278+0000] {processor.py:925} INFO - DAG(s) 'example_sla_dag' retrieved from /home/airflow/.local/lib/python3.12/site-packages/airflow/example_dags/example_sla_dag.py
[2025-01-31T21:04:15.300+0000] {logging_mixin.py:190} INFO - [2025-01-31T21:04:15.300+0000] {dag.py:3239} INFO - Sync 1 DAGs
[2025-01-31T21:04:15.328+0000] {logging_mixin.py:190} INFO - [2025-01-31T21:04:15.328+0000] {dag.py:4180} INFO - Setting next_dagrun for example_sla_dag to 2025-01-31 21:02:00+00:00, run_after=2025-01-31 21:04:00+00:00
[2025-01-31T21:04:15.349+0000] {processor.py:208} INFO - Processing /home/airflow/.local/lib/python3.12/site-packages/airflow/example_dags/example_sla_dag.py took 0.091 seconds
[2025-01-31T21:04:45.848+0000] {processor.py:186} INFO - Started process (PID=1602) to work on /home/airflow/.local/lib/python3.12/site-packages/airflow/example_dags/example_sla_dag.py
[2025-01-31T21:04:45.849+0000] {processor.py:914} INFO - Processing file /home/airflow/.local/lib/python3.12/site-packages/airflow/example_dags/example_sla_dag.py for tasks to queue
[2025-01-31T21:04:45.852+0000] {logging_mixin.py:190} INFO - [2025-01-31T21:04:45.851+0000] {dagbag.py:588} INFO - Filling up the DagBag from /home/airflow/.local/lib/python3.12/site-packages/airflow/example_dags/example_sla_dag.py
[2025-01-31T21:04:45.862+0000] {processor.py:925} INFO - DAG(s) 'example_sla_dag' retrieved from /home/airflow/.local/lib/python3.12/site-packages/airflow/example_dags/example_sla_dag.py
[2025-01-31T21:04:45.882+0000] {logging_mixin.py:190} INFO - [2025-01-31T21:04:45.882+0000] {dag.py:3239} INFO - Sync 1 DAGs
[2025-01-31T21:04:45.909+0000] {logging_mixin.py:190} INFO - [2025-01-31T21:04:45.908+0000] {dag.py:4180} INFO - Setting next_dagrun for example_sla_dag to 2025-01-31 21:02:00+00:00, run_after=2025-01-31 21:04:00+00:00
[2025-01-31T21:04:45.924+0000] {processor.py:208} INFO - Processing /home/airflow/.local/lib/python3.12/site-packages/airflow/example_dags/example_sla_dag.py took 0.081 seconds
[2025-01-31T21:05:15.974+0000] {processor.py:186} INFO - Started process (PID=1666) to work on /home/airflow/.local/lib/python3.12/site-packages/airflow/example_dags/example_sla_dag.py
[2025-01-31T21:05:15.974+0000] {processor.py:914} INFO - Processing file /home/airflow/.local/lib/python3.12/site-packages/airflow/example_dags/example_sla_dag.py for tasks to queue
[2025-01-31T21:05:15.988+0000] {logging_mixin.py:190} INFO - [2025-01-31T21:05:15.988+0000] {dagbag.py:588} INFO - Filling up the DagBag from /home/airflow/.local/lib/python3.12/site-packages/airflow/example_dags/example_sla_dag.py
[2025-01-31T21:05:15.999+0000] {processor.py:925} INFO - DAG(s) 'example_sla_dag' retrieved from /home/airflow/.local/lib/python3.12/site-packages/airflow/example_dags/example_sla_dag.py
[2025-01-31T21:05:16.017+0000] {logging_mixin.py:190} INFO - [2025-01-31T21:05:16.017+0000] {dag.py:3239} INFO - Sync 1 DAGs
[2025-01-31T21:05:16.044+0000] {logging_mixin.py:190} INFO - [2025-01-31T21:05:16.043+0000] {dag.py:4180} INFO - Setting next_dagrun for example_sla_dag to 2025-01-31 21:02:00+00:00, run_after=2025-01-31 21:04:00+00:00
[2025-01-31T21:05:16.059+0000] {processor.py:208} INFO - Processing /home/airflow/.local/lib/python3.12/site-packages/airflow/example_dags/example_sla_dag.py took 0.091 seconds
[2025-01-31T21:05:46.211+0000] {processor.py:186} INFO - Started process (PID=1729) to work on /home/airflow/.local/lib/python3.12/site-packages/airflow/example_dags/example_sla_dag.py
[2025-01-31T21:05:46.212+0000] {processor.py:914} INFO - Processing file /home/airflow/.local/lib/python3.12/site-packages/airflow/example_dags/example_sla_dag.py for tasks to queue
[2025-01-31T21:05:46.214+0000] {logging_mixin.py:190} INFO - [2025-01-31T21:05:46.214+0000] {dagbag.py:588} INFO - Filling up the DagBag from /home/airflow/.local/lib/python3.12/site-packages/airflow/example_dags/example_sla_dag.py
[2025-01-31T21:05:46.225+0000] {processor.py:925} INFO - DAG(s) 'example_sla_dag' retrieved from /home/airflow/.local/lib/python3.12/site-packages/airflow/example_dags/example_sla_dag.py
[2025-01-31T21:05:46.242+0000] {logging_mixin.py:190} INFO - [2025-01-31T21:05:46.242+0000] {dag.py:3239} INFO - Sync 1 DAGs
[2025-01-31T21:05:46.271+0000] {logging_mixin.py:190} INFO - [2025-01-31T21:05:46.271+0000] {dag.py:4180} INFO - Setting next_dagrun for example_sla_dag to 2025-01-31 21:02:00+00:00, run_after=2025-01-31 21:04:00+00:00
[2025-01-31T21:05:46.291+0000] {processor.py:208} INFO - Processing /home/airflow/.local/lib/python3.12/site-packages/airflow/example_dags/example_sla_dag.py took 0.086 seconds
[2025-01-31T21:06:16.385+0000] {processor.py:186} INFO - Started process (PID=1790) to work on /home/airflow/.local/lib/python3.12/site-packages/airflow/example_dags/example_sla_dag.py
[2025-01-31T21:06:16.387+0000] {processor.py:914} INFO - Processing file /home/airflow/.local/lib/python3.12/site-packages/airflow/example_dags/example_sla_dag.py for tasks to queue
[2025-01-31T21:06:16.389+0000] {logging_mixin.py:190} INFO - [2025-01-31T21:06:16.389+0000] {dagbag.py:588} INFO - Filling up the DagBag from /home/airflow/.local/lib/python3.12/site-packages/airflow/example_dags/example_sla_dag.py
[2025-01-31T21:06:16.400+0000] {processor.py:925} INFO - DAG(s) 'example_sla_dag' retrieved from /home/airflow/.local/lib/python3.12/site-packages/airflow/example_dags/example_sla_dag.py
[2025-01-31T21:06:16.420+0000] {logging_mixin.py:190} INFO - [2025-01-31T21:06:16.419+0000] {dag.py:3239} INFO - Sync 1 DAGs
[2025-01-31T21:06:16.447+0000] {logging_mixin.py:190} INFO - [2025-01-31T21:06:16.447+0000] {dag.py:4180} INFO - Setting next_dagrun for example_sla_dag to 2025-01-31 21:04:00+00:00, run_after=2025-01-31 21:06:00+00:00
[2025-01-31T21:06:16.466+0000] {processor.py:208} INFO - Processing /home/airflow/.local/lib/python3.12/site-packages/airflow/example_dags/example_sla_dag.py took 0.087 seconds
[2025-01-31T21:06:46.613+0000] {processor.py:186} INFO - Started process (PID=1853) to work on /home/airflow/.local/lib/python3.12/site-packages/airflow/example_dags/example_sla_dag.py
[2025-01-31T21:06:46.614+0000] {processor.py:914} INFO - Processing file /home/airflow/.local/lib/python3.12/site-packages/airflow/example_dags/example_sla_dag.py for tasks to queue
[2025-01-31T21:06:46.617+0000] {logging_mixin.py:190} INFO - [2025-01-31T21:06:46.616+0000] {dagbag.py:588} INFO - Filling up the DagBag from /home/airflow/.local/lib/python3.12/site-packages/airflow/example_dags/example_sla_dag.py
[2025-01-31T21:06:46.627+0000] {processor.py:925} INFO - DAG(s) 'example_sla_dag' retrieved from /home/airflow/.local/lib/python3.12/site-packages/airflow/example_dags/example_sla_dag.py
[2025-01-31T21:06:46.647+0000] {logging_mixin.py:190} INFO - [2025-01-31T21:06:46.647+0000] {dag.py:3239} INFO - Sync 1 DAGs
[2025-01-31T21:06:46.675+0000] {logging_mixin.py:190} INFO - [2025-01-31T21:06:46.675+0000] {dag.py:4180} INFO - Setting next_dagrun for example_sla_dag to 2025-01-31 21:04:00+00:00, run_after=2025-01-31 21:06:00+00:00
[2025-01-31T21:06:46.695+0000] {processor.py:208} INFO - Processing /home/airflow/.local/lib/python3.12/site-packages/airflow/example_dags/example_sla_dag.py took 0.087 seconds
[2025-01-31T21:07:16.859+0000] {processor.py:186} INFO - Started process (PID=1916) to work on /home/airflow/.local/lib/python3.12/site-packages/airflow/example_dags/example_sla_dag.py
[2025-01-31T21:07:16.859+0000] {processor.py:914} INFO - Processing file /home/airflow/.local/lib/python3.12/site-packages/airflow/example_dags/example_sla_dag.py for tasks to queue
[2025-01-31T21:07:16.861+0000] {logging_mixin.py:190} INFO - [2025-01-31T21:07:16.861+0000] {dagbag.py:588} INFO - Filling up the DagBag from /home/airflow/.local/lib/python3.12/site-packages/airflow/example_dags/example_sla_dag.py
[2025-01-31T21:07:16.872+0000] {processor.py:925} INFO - DAG(s) 'example_sla_dag' retrieved from /home/airflow/.local/lib/python3.12/site-packages/airflow/example_dags/example_sla_dag.py
[2025-01-31T21:07:16.890+0000] {logging_mixin.py:190} INFO - [2025-01-31T21:07:16.890+0000] {dag.py:3239} INFO - Sync 1 DAGs
[2025-01-31T21:07:16.917+0000] {logging_mixin.py:190} INFO - [2025-01-31T21:07:16.917+0000] {dag.py:4180} INFO - Setting next_dagrun for example_sla_dag to 2025-01-31 21:04:00+00:00, run_after=2025-01-31 21:06:00+00:00
[2025-01-31T21:07:16.933+0000] {processor.py:208} INFO - Processing /home/airflow/.local/lib/python3.12/site-packages/airflow/example_dags/example_sla_dag.py took 0.080 seconds
[2025-01-31T21:07:47.246+0000] {processor.py:186} INFO - Started process (PID=1978) to work on /home/airflow/.local/lib/python3.12/site-packages/airflow/example_dags/example_sla_dag.py
[2025-01-31T21:07:47.247+0000] {processor.py:914} INFO - Processing file /home/airflow/.local/lib/python3.12/site-packages/airflow/example_dags/example_sla_dag.py for tasks to queue
[2025-01-31T21:07:47.249+0000] {logging_mixin.py:190} INFO - [2025-01-31T21:07:47.249+0000] {dagbag.py:588} INFO - Filling up the DagBag from /home/airflow/.local/lib/python3.12/site-packages/airflow/example_dags/example_sla_dag.py
[2025-01-31T21:07:47.260+0000] {processor.py:925} INFO - DAG(s) 'example_sla_dag' retrieved from /home/airflow/.local/lib/python3.12/site-packages/airflow/example_dags/example_sla_dag.py
[2025-01-31T21:07:47.281+0000] {logging_mixin.py:190} INFO - [2025-01-31T21:07:47.281+0000] {dag.py:3239} INFO - Sync 1 DAGs
[2025-01-31T21:07:47.309+0000] {logging_mixin.py:190} INFO - [2025-01-31T21:07:47.309+0000] {dag.py:4180} INFO - Setting next_dagrun for example_sla_dag to 2025-01-31 21:04:00+00:00, run_after=2025-01-31 21:06:00+00:00
[2025-01-31T21:07:47.346+0000] {processor.py:208} INFO - Processing /home/airflow/.local/lib/python3.12/site-packages/airflow/example_dags/example_sla_dag.py took 0.106 seconds
[2025-01-31T21:08:17.869+0000] {processor.py:186} INFO - Started process (PID=2041) to work on /home/airflow/.local/lib/python3.12/site-packages/airflow/example_dags/example_sla_dag.py
[2025-01-31T21:08:17.870+0000] {processor.py:914} INFO - Processing file /home/airflow/.local/lib/python3.12/site-packages/airflow/example_dags/example_sla_dag.py for tasks to queue
[2025-01-31T21:08:17.872+0000] {logging_mixin.py:190} INFO - [2025-01-31T21:08:17.872+0000] {dagbag.py:588} INFO - Filling up the DagBag from /home/airflow/.local/lib/python3.12/site-packages/airflow/example_dags/example_sla_dag.py
[2025-01-31T21:08:17.895+0000] {processor.py:925} INFO - DAG(s) 'example_sla_dag' retrieved from /home/airflow/.local/lib/python3.12/site-packages/airflow/example_dags/example_sla_dag.py
[2025-01-31T21:08:17.941+0000] {logging_mixin.py:190} INFO - [2025-01-31T21:08:17.940+0000] {dag.py:3239} INFO - Sync 1 DAGs
[2025-01-31T21:08:18.006+0000] {logging_mixin.py:190} INFO - [2025-01-31T21:08:18.006+0000] {dag.py:4180} INFO - Setting next_dagrun for example_sla_dag to 2025-01-31 21:06:00+00:00, run_after=2025-01-31 21:08:00+00:00
[2025-01-31T21:08:18.077+0000] {processor.py:208} INFO - Processing /home/airflow/.local/lib/python3.12/site-packages/airflow/example_dags/example_sla_dag.py took 0.222 seconds
[2025-01-31T21:08:48.328+0000] {processor.py:186} INFO - Started process (PID=2112) to work on /home/airflow/.local/lib/python3.12/site-packages/airflow/example_dags/example_sla_dag.py
[2025-01-31T21:08:48.329+0000] {processor.py:914} INFO - Processing file /home/airflow/.local/lib/python3.12/site-packages/airflow/example_dags/example_sla_dag.py for tasks to queue
[2025-01-31T21:08:48.331+0000] {logging_mixin.py:190} INFO - [2025-01-31T21:08:48.331+0000] {dagbag.py:588} INFO - Filling up the DagBag from /home/airflow/.local/lib/python3.12/site-packages/airflow/example_dags/example_sla_dag.py
[2025-01-31T21:08:48.345+0000] {processor.py:925} INFO - DAG(s) 'example_sla_dag' retrieved from /home/airflow/.local/lib/python3.12/site-packages/airflow/example_dags/example_sla_dag.py
[2025-01-31T21:08:48.369+0000] {logging_mixin.py:190} INFO - [2025-01-31T21:08:48.369+0000] {dag.py:3239} INFO - Sync 1 DAGs
[2025-01-31T21:08:48.427+0000] {logging_mixin.py:190} INFO - [2025-01-31T21:08:48.427+0000] {dag.py:4180} INFO - Setting next_dagrun for example_sla_dag to 2025-01-31 21:06:00+00:00, run_after=2025-01-31 21:08:00+00:00
[2025-01-31T21:08:48.442+0000] {processor.py:208} INFO - Processing /home/airflow/.local/lib/python3.12/site-packages/airflow/example_dags/example_sla_dag.py took 0.120 seconds
[2025-01-31T21:09:18.733+0000] {processor.py:186} INFO - Started process (PID=2175) to work on /home/airflow/.local/lib/python3.12/site-packages/airflow/example_dags/example_sla_dag.py
[2025-01-31T21:09:18.755+0000] {processor.py:914} INFO - Processing file /home/airflow/.local/lib/python3.12/site-packages/airflow/example_dags/example_sla_dag.py for tasks to queue
[2025-01-31T21:09:18.762+0000] {logging_mixin.py:190} INFO - [2025-01-31T21:09:18.762+0000] {dagbag.py:588} INFO - Filling up the DagBag from /home/airflow/.local/lib/python3.12/site-packages/airflow/example_dags/example_sla_dag.py
[2025-01-31T21:09:18.785+0000] {processor.py:925} INFO - DAG(s) 'example_sla_dag' retrieved from /home/airflow/.local/lib/python3.12/site-packages/airflow/example_dags/example_sla_dag.py
[2025-01-31T21:09:18.825+0000] {logging_mixin.py:190} INFO - [2025-01-31T21:09:18.824+0000] {dag.py:3239} INFO - Sync 1 DAGs
[2025-01-31T21:09:18.877+0000] {logging_mixin.py:190} INFO - [2025-01-31T21:09:18.877+0000] {dag.py:4180} INFO - Setting next_dagrun for example_sla_dag to 2025-01-31 21:06:00+00:00, run_after=2025-01-31 21:08:00+00:00
[2025-01-31T21:09:18.914+0000] {processor.py:208} INFO - Processing /home/airflow/.local/lib/python3.12/site-packages/airflow/example_dags/example_sla_dag.py took 0.191 seconds
[2025-01-31T21:09:49.870+0000] {processor.py:186} INFO - Started process (PID=2239) to work on /home/airflow/.local/lib/python3.12/site-packages/airflow/example_dags/example_sla_dag.py
[2025-01-31T21:09:49.882+0000] {processor.py:914} INFO - Processing file /home/airflow/.local/lib/python3.12/site-packages/airflow/example_dags/example_sla_dag.py for tasks to queue
[2025-01-31T21:09:49.886+0000] {logging_mixin.py:190} INFO - [2025-01-31T21:09:49.886+0000] {dagbag.py:588} INFO - Filling up the DagBag from /home/airflow/.local/lib/python3.12/site-packages/airflow/example_dags/example_sla_dag.py
[2025-01-31T21:09:49.907+0000] {processor.py:925} INFO - DAG(s) 'example_sla_dag' retrieved from /home/airflow/.local/lib/python3.12/site-packages/airflow/example_dags/example_sla_dag.py
[2025-01-31T21:09:49.953+0000] {logging_mixin.py:190} INFO - [2025-01-31T21:09:49.952+0000] {dag.py:3239} INFO - Sync 1 DAGs
[2025-01-31T21:09:49.984+0000] {logging_mixin.py:190} INFO - [2025-01-31T21:09:49.984+0000] {dag.py:4180} INFO - Setting next_dagrun for example_sla_dag to 2025-01-31 21:06:00+00:00, run_after=2025-01-31 21:08:00+00:00
[2025-01-31T21:09:50.000+0000] {processor.py:208} INFO - Processing /home/airflow/.local/lib/python3.12/site-packages/airflow/example_dags/example_sla_dag.py took 0.137 seconds
[2025-01-31T21:10:20.697+0000] {processor.py:186} INFO - Started process (PID=2302) to work on /home/airflow/.local/lib/python3.12/site-packages/airflow/example_dags/example_sla_dag.py
[2025-01-31T21:10:20.698+0000] {processor.py:914} INFO - Processing file /home/airflow/.local/lib/python3.12/site-packages/airflow/example_dags/example_sla_dag.py for tasks to queue
[2025-01-31T21:10:20.700+0000] {logging_mixin.py:190} INFO - [2025-01-31T21:10:20.700+0000] {dagbag.py:588} INFO - Filling up the DagBag from /home/airflow/.local/lib/python3.12/site-packages/airflow/example_dags/example_sla_dag.py
[2025-01-31T21:10:20.711+0000] {processor.py:925} INFO - DAG(s) 'example_sla_dag' retrieved from /home/airflow/.local/lib/python3.12/site-packages/airflow/example_dags/example_sla_dag.py
[2025-01-31T21:10:20.730+0000] {logging_mixin.py:190} INFO - [2025-01-31T21:10:20.730+0000] {dag.py:3239} INFO - Sync 1 DAGs
[2025-01-31T21:10:20.757+0000] {logging_mixin.py:190} INFO - [2025-01-31T21:10:20.757+0000] {dag.py:4180} INFO - Setting next_dagrun for example_sla_dag to 2025-01-31 21:08:00+00:00, run_after=2025-01-31 21:10:00+00:00
[2025-01-31T21:10:20.774+0000] {processor.py:208} INFO - Processing /home/airflow/.local/lib/python3.12/site-packages/airflow/example_dags/example_sla_dag.py took 0.083 seconds
[2025-01-31T21:10:51.404+0000] {processor.py:186} INFO - Started process (PID=2365) to work on /home/airflow/.local/lib/python3.12/site-packages/airflow/example_dags/example_sla_dag.py
[2025-01-31T21:10:51.405+0000] {processor.py:914} INFO - Processing file /home/airflow/.local/lib/python3.12/site-packages/airflow/example_dags/example_sla_dag.py for tasks to queue
[2025-01-31T21:10:51.407+0000] {logging_mixin.py:190} INFO - [2025-01-31T21:10:51.407+0000] {dagbag.py:588} INFO - Filling up the DagBag from /home/airflow/.local/lib/python3.12/site-packages/airflow/example_dags/example_sla_dag.py
[2025-01-31T21:10:51.422+0000] {processor.py:925} INFO - DAG(s) 'example_sla_dag' retrieved from /home/airflow/.local/lib/python3.12/site-packages/airflow/example_dags/example_sla_dag.py
[2025-01-31T21:10:51.442+0000] {logging_mixin.py:190} INFO - [2025-01-31T21:10:51.441+0000] {dag.py:3239} INFO - Sync 1 DAGs
[2025-01-31T21:10:51.469+0000] {logging_mixin.py:190} INFO - [2025-01-31T21:10:51.469+0000] {dag.py:4180} INFO - Setting next_dagrun for example_sla_dag to 2025-01-31 21:08:00+00:00, run_after=2025-01-31 21:10:00+00:00
[2025-01-31T21:10:51.487+0000] {processor.py:208} INFO - Processing /home/airflow/.local/lib/python3.12/site-packages/airflow/example_dags/example_sla_dag.py took 0.088 seconds
[2025-01-31T21:11:22.076+0000] {processor.py:186} INFO - Started process (PID=2428) to work on /home/airflow/.local/lib/python3.12/site-packages/airflow/example_dags/example_sla_dag.py
[2025-01-31T21:11:22.076+0000] {processor.py:914} INFO - Processing file /home/airflow/.local/lib/python3.12/site-packages/airflow/example_dags/example_sla_dag.py for tasks to queue
[2025-01-31T21:11:22.078+0000] {logging_mixin.py:190} INFO - [2025-01-31T21:11:22.078+0000] {dagbag.py:588} INFO - Filling up the DagBag from /home/airflow/.local/lib/python3.12/site-packages/airflow/example_dags/example_sla_dag.py
[2025-01-31T21:11:22.089+0000] {processor.py:925} INFO - DAG(s) 'example_sla_dag' retrieved from /home/airflow/.local/lib/python3.12/site-packages/airflow/example_dags/example_sla_dag.py
[2025-01-31T21:11:22.109+0000] {logging_mixin.py:190} INFO - [2025-01-31T21:11:22.109+0000] {dag.py:3239} INFO - Sync 1 DAGs
[2025-01-31T21:11:22.137+0000] {logging_mixin.py:190} INFO - [2025-01-31T21:11:22.137+0000] {dag.py:4180} INFO - Setting next_dagrun for example_sla_dag to 2025-01-31 21:08:00+00:00, run_after=2025-01-31 21:10:00+00:00
[2025-01-31T21:11:22.165+0000] {processor.py:208} INFO - Processing /home/airflow/.local/lib/python3.12/site-packages/airflow/example_dags/example_sla_dag.py took 0.095 seconds
[2025-01-31T21:11:52.697+0000] {processor.py:186} INFO - Started process (PID=2491) to work on /home/airflow/.local/lib/python3.12/site-packages/airflow/example_dags/example_sla_dag.py
[2025-01-31T21:11:52.698+0000] {processor.py:914} INFO - Processing file /home/airflow/.local/lib/python3.12/site-packages/airflow/example_dags/example_sla_dag.py for tasks to queue
[2025-01-31T21:11:52.700+0000] {logging_mixin.py:190} INFO - [2025-01-31T21:11:52.700+0000] {dagbag.py:588} INFO - Filling up the DagBag from /home/airflow/.local/lib/python3.12/site-packages/airflow/example_dags/example_sla_dag.py
[2025-01-31T21:11:52.723+0000] {processor.py:925} INFO - DAG(s) 'example_sla_dag' retrieved from /home/airflow/.local/lib/python3.12/site-packages/airflow/example_dags/example_sla_dag.py
[2025-01-31T21:11:52.759+0000] {logging_mixin.py:190} INFO - [2025-01-31T21:11:52.758+0000] {dag.py:3239} INFO - Sync 1 DAGs
[2025-01-31T21:11:52.786+0000] {logging_mixin.py:190} INFO - [2025-01-31T21:11:52.786+0000] {dag.py:4180} INFO - Setting next_dagrun for example_sla_dag to 2025-01-31 21:08:00+00:00, run_after=2025-01-31 21:10:00+00:00
[2025-01-31T21:11:52.803+0000] {processor.py:208} INFO - Processing /home/airflow/.local/lib/python3.12/site-packages/airflow/example_dags/example_sla_dag.py took 0.112 seconds
[2025-01-31T21:12:23.351+0000] {processor.py:186} INFO - Started process (PID=2554) to work on /home/airflow/.local/lib/python3.12/site-packages/airflow/example_dags/example_sla_dag.py
[2025-01-31T21:12:23.352+0000] {processor.py:914} INFO - Processing file /home/airflow/.local/lib/python3.12/site-packages/airflow/example_dags/example_sla_dag.py for tasks to queue
[2025-01-31T21:12:23.354+0000] {logging_mixin.py:190} INFO - [2025-01-31T21:12:23.354+0000] {dagbag.py:588} INFO - Filling up the DagBag from /home/airflow/.local/lib/python3.12/site-packages/airflow/example_dags/example_sla_dag.py
[2025-01-31T21:12:23.365+0000] {processor.py:925} INFO - DAG(s) 'example_sla_dag' retrieved from /home/airflow/.local/lib/python3.12/site-packages/airflow/example_dags/example_sla_dag.py
[2025-01-31T21:12:23.384+0000] {logging_mixin.py:190} INFO - [2025-01-31T21:12:23.384+0000] {dag.py:3239} INFO - Sync 1 DAGs
[2025-01-31T21:12:23.412+0000] {logging_mixin.py:190} INFO - [2025-01-31T21:12:23.411+0000] {dag.py:4180} INFO - Setting next_dagrun for example_sla_dag to 2025-01-31 21:10:00+00:00, run_after=2025-01-31 21:12:00+00:00
[2025-01-31T21:12:23.432+0000] {processor.py:208} INFO - Processing /home/airflow/.local/lib/python3.12/site-packages/airflow/example_dags/example_sla_dag.py took 0.086 seconds
[2025-01-31T21:12:54.219+0000] {processor.py:186} INFO - Started process (PID=2617) to work on /home/airflow/.local/lib/python3.12/site-packages/airflow/example_dags/example_sla_dag.py
[2025-01-31T21:12:54.221+0000] {processor.py:914} INFO - Processing file /home/airflow/.local/lib/python3.12/site-packages/airflow/example_dags/example_sla_dag.py for tasks to queue
[2025-01-31T21:12:54.223+0000] {logging_mixin.py:190} INFO - [2025-01-31T21:12:54.223+0000] {dagbag.py:588} INFO - Filling up the DagBag from /home/airflow/.local/lib/python3.12/site-packages/airflow/example_dags/example_sla_dag.py
[2025-01-31T21:12:54.239+0000] {processor.py:925} INFO - DAG(s) 'example_sla_dag' retrieved from /home/airflow/.local/lib/python3.12/site-packages/airflow/example_dags/example_sla_dag.py
[2025-01-31T21:12:54.258+0000] {logging_mixin.py:190} INFO - [2025-01-31T21:12:54.258+0000] {dag.py:3239} INFO - Sync 1 DAGs
[2025-01-31T21:12:54.284+0000] {logging_mixin.py:190} INFO - [2025-01-31T21:12:54.284+0000] {dag.py:4180} INFO - Setting next_dagrun for example_sla_dag to 2025-01-31 21:10:00+00:00, run_after=2025-01-31 21:12:00+00:00
[2025-01-31T21:12:54.306+0000] {processor.py:208} INFO - Processing /home/airflow/.local/lib/python3.12/site-packages/airflow/example_dags/example_sla_dag.py took 0.092 seconds
[2025-01-31T21:13:24.340+0000] {processor.py:186} INFO - Started process (PID=2680) to work on /home/airflow/.local/lib/python3.12/site-packages/airflow/example_dags/example_sla_dag.py
[2025-01-31T21:13:24.341+0000] {processor.py:914} INFO - Processing file /home/airflow/.local/lib/python3.12/site-packages/airflow/example_dags/example_sla_dag.py for tasks to queue
[2025-01-31T21:13:24.343+0000] {logging_mixin.py:190} INFO - [2025-01-31T21:13:24.343+0000] {dagbag.py:588} INFO - Filling up the DagBag from /home/airflow/.local/lib/python3.12/site-packages/airflow/example_dags/example_sla_dag.py
[2025-01-31T21:13:24.354+0000] {processor.py:925} INFO - DAG(s) 'example_sla_dag' retrieved from /home/airflow/.local/lib/python3.12/site-packages/airflow/example_dags/example_sla_dag.py
[2025-01-31T21:13:24.375+0000] {logging_mixin.py:190} INFO - [2025-01-31T21:13:24.374+0000] {dag.py:3239} INFO - Sync 1 DAGs
[2025-01-31T21:13:24.403+0000] {logging_mixin.py:190} INFO - [2025-01-31T21:13:24.403+0000] {dag.py:4180} INFO - Setting next_dagrun for example_sla_dag to 2025-01-31 21:10:00+00:00, run_after=2025-01-31 21:12:00+00:00
[2025-01-31T21:13:24.420+0000] {processor.py:208} INFO - Processing /home/airflow/.local/lib/python3.12/site-packages/airflow/example_dags/example_sla_dag.py took 0.087 seconds
[2025-01-31T21:13:54.703+0000] {processor.py:186} INFO - Started process (PID=2743) to work on /home/airflow/.local/lib/python3.12/site-packages/airflow/example_dags/example_sla_dag.py
[2025-01-31T21:13:54.703+0000] {processor.py:914} INFO - Processing file /home/airflow/.local/lib/python3.12/site-packages/airflow/example_dags/example_sla_dag.py for tasks to queue
[2025-01-31T21:13:54.706+0000] {logging_mixin.py:190} INFO - [2025-01-31T21:13:54.705+0000] {dagbag.py:588} INFO - Filling up the DagBag from /home/airflow/.local/lib/python3.12/site-packages/airflow/example_dags/example_sla_dag.py
[2025-01-31T21:13:54.717+0000] {processor.py:925} INFO - DAG(s) 'example_sla_dag' retrieved from /home/airflow/.local/lib/python3.12/site-packages/airflow/example_dags/example_sla_dag.py
[2025-01-31T21:13:54.736+0000] {logging_mixin.py:190} INFO - [2025-01-31T21:13:54.736+0000] {dag.py:3239} INFO - Sync 1 DAGs
[2025-01-31T21:13:54.959+0000] {logging_mixin.py:190} INFO - [2025-01-31T21:13:54.959+0000] {dag.py:4180} INFO - Setting next_dagrun for example_sla_dag to 2025-01-31 21:10:00+00:00, run_after=2025-01-31 21:12:00+00:00
[2025-01-31T21:13:54.974+0000] {processor.py:208} INFO - Processing /home/airflow/.local/lib/python3.12/site-packages/airflow/example_dags/example_sla_dag.py took 0.277 seconds
[2025-01-31T21:14:25.231+0000] {processor.py:186} INFO - Started process (PID=2806) to work on /home/airflow/.local/lib/python3.12/site-packages/airflow/example_dags/example_sla_dag.py
[2025-01-31T21:14:25.232+0000] {processor.py:914} INFO - Processing file /home/airflow/.local/lib/python3.12/site-packages/airflow/example_dags/example_sla_dag.py for tasks to queue
[2025-01-31T21:14:25.234+0000] {logging_mixin.py:190} INFO - [2025-01-31T21:14:25.234+0000] {dagbag.py:588} INFO - Filling up the DagBag from /home/airflow/.local/lib/python3.12/site-packages/airflow/example_dags/example_sla_dag.py
[2025-01-31T21:14:25.245+0000] {processor.py:925} INFO - DAG(s) 'example_sla_dag' retrieved from /home/airflow/.local/lib/python3.12/site-packages/airflow/example_dags/example_sla_dag.py
[2025-01-31T21:14:25.263+0000] {logging_mixin.py:190} INFO - [2025-01-31T21:14:25.263+0000] {dag.py:3239} INFO - Sync 1 DAGs
[2025-01-31T21:14:25.474+0000] {logging_mixin.py:190} INFO - [2025-01-31T21:14:25.473+0000] {dag.py:4180} INFO - Setting next_dagrun for example_sla_dag to 2025-01-31 21:12:00+00:00, run_after=2025-01-31 21:14:00+00:00
[2025-01-31T21:14:25.489+0000] {processor.py:208} INFO - Processing /home/airflow/.local/lib/python3.12/site-packages/airflow/example_dags/example_sla_dag.py took 0.264 seconds
[2025-01-31T21:14:56.209+0000] {processor.py:186} INFO - Started process (PID=2868) to work on /home/airflow/.local/lib/python3.12/site-packages/airflow/example_dags/example_sla_dag.py
[2025-01-31T21:14:56.210+0000] {processor.py:914} INFO - Processing file /home/airflow/.local/lib/python3.12/site-packages/airflow/example_dags/example_sla_dag.py for tasks to queue
[2025-01-31T21:14:56.212+0000] {logging_mixin.py:190} INFO - [2025-01-31T21:14:56.212+0000] {dagbag.py:588} INFO - Filling up the DagBag from /home/airflow/.local/lib/python3.12/site-packages/airflow/example_dags/example_sla_dag.py
[2025-01-31T21:14:56.222+0000] {processor.py:925} INFO - DAG(s) 'example_sla_dag' retrieved from /home/airflow/.local/lib/python3.12/site-packages/airflow/example_dags/example_sla_dag.py
[2025-01-31T21:14:56.241+0000] {logging_mixin.py:190} INFO - [2025-01-31T21:14:56.241+0000] {dag.py:3239} INFO - Sync 1 DAGs
[2025-01-31T21:14:56.462+0000] {logging_mixin.py:190} INFO - [2025-01-31T21:14:56.462+0000] {dag.py:4180} INFO - Setting next_dagrun for example_sla_dag to 2025-01-31 21:12:00+00:00, run_after=2025-01-31 21:14:00+00:00
[2025-01-31T21:14:56.480+0000] {processor.py:208} INFO - Processing /home/airflow/.local/lib/python3.12/site-packages/airflow/example_dags/example_sla_dag.py took 0.278 seconds
[2025-01-31T21:15:27.092+0000] {processor.py:186} INFO - Started process (PID=2931) to work on /home/airflow/.local/lib/python3.12/site-packages/airflow/example_dags/example_sla_dag.py
[2025-01-31T21:15:27.101+0000] {processor.py:914} INFO - Processing file /home/airflow/.local/lib/python3.12/site-packages/airflow/example_dags/example_sla_dag.py for tasks to queue
[2025-01-31T21:15:27.104+0000] {logging_mixin.py:190} INFO - [2025-01-31T21:15:27.103+0000] {dagbag.py:588} INFO - Filling up the DagBag from /home/airflow/.local/lib/python3.12/site-packages/airflow/example_dags/example_sla_dag.py
[2025-01-31T21:15:27.123+0000] {processor.py:925} INFO - DAG(s) 'example_sla_dag' retrieved from /home/airflow/.local/lib/python3.12/site-packages/airflow/example_dags/example_sla_dag.py
[2025-01-31T21:15:27.154+0000] {logging_mixin.py:190} INFO - [2025-01-31T21:15:27.154+0000] {dag.py:3239} INFO - Sync 1 DAGs
[2025-01-31T21:15:27.183+0000] {logging_mixin.py:190} INFO - [2025-01-31T21:15:27.183+0000] {dag.py:4180} INFO - Setting next_dagrun for example_sla_dag to 2025-01-31 21:12:00+00:00, run_after=2025-01-31 21:14:00+00:00
[2025-01-31T21:15:27.201+0000] {processor.py:208} INFO - Processing /home/airflow/.local/lib/python3.12/site-packages/airflow/example_dags/example_sla_dag.py took 0.120 seconds
[2025-01-31T21:15:57.430+0000] {processor.py:186} INFO - Started process (PID=2994) to work on /home/airflow/.local/lib/python3.12/site-packages/airflow/example_dags/example_sla_dag.py
[2025-01-31T21:15:57.432+0000] {processor.py:914} INFO - Processing file /home/airflow/.local/lib/python3.12/site-packages/airflow/example_dags/example_sla_dag.py for tasks to queue
[2025-01-31T21:15:57.435+0000] {logging_mixin.py:190} INFO - [2025-01-31T21:15:57.434+0000] {dagbag.py:588} INFO - Filling up the DagBag from /home/airflow/.local/lib/python3.12/site-packages/airflow/example_dags/example_sla_dag.py
[2025-01-31T21:15:57.445+0000] {processor.py:925} INFO - DAG(s) 'example_sla_dag' retrieved from /home/airflow/.local/lib/python3.12/site-packages/airflow/example_dags/example_sla_dag.py
[2025-01-31T21:15:57.465+0000] {logging_mixin.py:190} INFO - [2025-01-31T21:15:57.465+0000] {dag.py:3239} INFO - Sync 1 DAGs
[2025-01-31T21:15:57.494+0000] {logging_mixin.py:190} INFO - [2025-01-31T21:15:57.493+0000] {dag.py:4180} INFO - Setting next_dagrun for example_sla_dag to 2025-01-31 21:12:00+00:00, run_after=2025-01-31 21:14:00+00:00
[2025-01-31T21:15:57.509+0000] {processor.py:208} INFO - Processing /home/airflow/.local/lib/python3.12/site-packages/airflow/example_dags/example_sla_dag.py took 0.085 seconds
[2025-01-31T21:16:28.111+0000] {processor.py:186} INFO - Started process (PID=3058) to work on /home/airflow/.local/lib/python3.12/site-packages/airflow/example_dags/example_sla_dag.py
[2025-01-31T21:16:28.112+0000] {processor.py:914} INFO - Processing file /home/airflow/.local/lib/python3.12/site-packages/airflow/example_dags/example_sla_dag.py for tasks to queue
[2025-01-31T21:16:28.114+0000] {logging_mixin.py:190} INFO - [2025-01-31T21:16:28.114+0000] {dagbag.py:588} INFO - Filling up the DagBag from /home/airflow/.local/lib/python3.12/site-packages/airflow/example_dags/example_sla_dag.py
[2025-01-31T21:16:28.125+0000] {processor.py:925} INFO - DAG(s) 'example_sla_dag' retrieved from /home/airflow/.local/lib/python3.12/site-packages/airflow/example_dags/example_sla_dag.py
[2025-01-31T21:16:28.143+0000] {logging_mixin.py:190} INFO - [2025-01-31T21:16:28.142+0000] {dag.py:3239} INFO - Sync 1 DAGs
[2025-01-31T21:16:28.170+0000] {logging_mixin.py:190} INFO - [2025-01-31T21:16:28.170+0000] {dag.py:4180} INFO - Setting next_dagrun for example_sla_dag to 2025-01-31 21:14:00+00:00, run_after=2025-01-31 21:16:00+00:00
[2025-01-31T21:16:28.187+0000] {processor.py:208} INFO - Processing /home/airflow/.local/lib/python3.12/site-packages/airflow/example_dags/example_sla_dag.py took 0.082 seconds
[2025-01-31T21:16:58.667+0000] {processor.py:186} INFO - Started process (PID=3121) to work on /home/airflow/.local/lib/python3.12/site-packages/airflow/example_dags/example_sla_dag.py
[2025-01-31T21:16:58.668+0000] {processor.py:914} INFO - Processing file /home/airflow/.local/lib/python3.12/site-packages/airflow/example_dags/example_sla_dag.py for tasks to queue
[2025-01-31T21:16:58.670+0000] {logging_mixin.py:190} INFO - [2025-01-31T21:16:58.670+0000] {dagbag.py:588} INFO - Filling up the DagBag from /home/airflow/.local/lib/python3.12/site-packages/airflow/example_dags/example_sla_dag.py
[2025-01-31T21:16:58.681+0000] {processor.py:925} INFO - DAG(s) 'example_sla_dag' retrieved from /home/airflow/.local/lib/python3.12/site-packages/airflow/example_dags/example_sla_dag.py
[2025-01-31T21:16:58.701+0000] {logging_mixin.py:190} INFO - [2025-01-31T21:16:58.700+0000] {dag.py:3239} INFO - Sync 1 DAGs
[2025-01-31T21:16:58.738+0000] {logging_mixin.py:190} INFO - [2025-01-31T21:16:58.737+0000] {dag.py:4180} INFO - Setting next_dagrun for example_sla_dag to 2025-01-31 21:14:00+00:00, run_after=2025-01-31 21:16:00+00:00
[2025-01-31T21:16:58.763+0000] {processor.py:208} INFO - Processing /home/airflow/.local/lib/python3.12/site-packages/airflow/example_dags/example_sla_dag.py took 0.101 seconds
[2025-01-31T21:17:30.395+0000] {processor.py:186} INFO - Started process (PID=3184) to work on /home/airflow/.local/lib/python3.12/site-packages/airflow/example_dags/example_sla_dag.py
[2025-01-31T21:17:30.396+0000] {processor.py:914} INFO - Processing file /home/airflow/.local/lib/python3.12/site-packages/airflow/example_dags/example_sla_dag.py for tasks to queue
[2025-01-31T21:17:30.399+0000] {logging_mixin.py:190} INFO - [2025-01-31T21:17:30.398+0000] {dagbag.py:588} INFO - Filling up the DagBag from /home/airflow/.local/lib/python3.12/site-packages/airflow/example_dags/example_sla_dag.py
[2025-01-31T21:17:30.410+0000] {processor.py:925} INFO - DAG(s) 'example_sla_dag' retrieved from /home/airflow/.local/lib/python3.12/site-packages/airflow/example_dags/example_sla_dag.py
[2025-01-31T21:17:30.458+0000] {logging_mixin.py:190} INFO - [2025-01-31T21:17:30.458+0000] {dag.py:3239} INFO - Sync 1 DAGs
[2025-01-31T21:17:30.529+0000] {logging_mixin.py:190} INFO - [2025-01-31T21:17:30.528+0000] {dag.py:4180} INFO - Setting next_dagrun for example_sla_dag to 2025-01-31 21:14:00+00:00, run_after=2025-01-31 21:16:00+00:00
[2025-01-31T21:17:30.583+0000] {processor.py:208} INFO - Processing /home/airflow/.local/lib/python3.12/site-packages/airflow/example_dags/example_sla_dag.py took 0.194 seconds
[2025-01-31T21:18:01.579+0000] {processor.py:186} INFO - Started process (PID=3247) to work on /home/airflow/.local/lib/python3.12/site-packages/airflow/example_dags/example_sla_dag.py
[2025-01-31T21:18:01.580+0000] {processor.py:914} INFO - Processing file /home/airflow/.local/lib/python3.12/site-packages/airflow/example_dags/example_sla_dag.py for tasks to queue
[2025-01-31T21:18:01.582+0000] {logging_mixin.py:190} INFO - [2025-01-31T21:18:01.582+0000] {dagbag.py:588} INFO - Filling up the DagBag from /home/airflow/.local/lib/python3.12/site-packages/airflow/example_dags/example_sla_dag.py
[2025-01-31T21:18:01.593+0000] {processor.py:925} INFO - DAG(s) 'example_sla_dag' retrieved from /home/airflow/.local/lib/python3.12/site-packages/airflow/example_dags/example_sla_dag.py
[2025-01-31T21:18:01.613+0000] {logging_mixin.py:190} INFO - [2025-01-31T21:18:01.613+0000] {dag.py:3239} INFO - Sync 1 DAGs
[2025-01-31T21:18:01.642+0000] {logging_mixin.py:190} INFO - [2025-01-31T21:18:01.642+0000] {dag.py:4180} INFO - Setting next_dagrun for example_sla_dag to 2025-01-31 21:16:00+00:00, run_after=2025-01-31 21:18:00+00:00
[2025-01-31T21:18:01.660+0000] {processor.py:208} INFO - Processing /home/airflow/.local/lib/python3.12/site-packages/airflow/example_dags/example_sla_dag.py took 0.093 seconds
