[2025-01-31T20:52:32.951+0000] {processor.py:186} INFO - Started process (PID=91) to work on /home/airflow/.local/lib/python3.12/site-packages/airflow/example_dags/example_latest_only_with_trigger.py
[2025-01-31T20:52:32.974+0000] {processor.py:914} INFO - Processing file /home/airflow/.local/lib/python3.12/site-packages/airflow/example_dags/example_latest_only_with_trigger.py for tasks to queue
[2025-01-31T20:52:32.986+0000] {logging_mixin.py:190} INFO - [2025-01-31T20:52:32.985+0000] {dagbag.py:588} INFO - Filling up the DagBag from /home/airflow/.local/lib/python3.12/site-packages/airflow/example_dags/example_latest_only_with_trigger.py
[2025-01-31T20:52:33.003+0000] {processor.py:925} INFO - DAG(s) 'latest_only_with_trigger' retrieved from /home/airflow/.local/lib/python3.12/site-packages/airflow/example_dags/example_latest_only_with_trigger.py
[2025-01-31T20:52:33.453+0000] {logging_mixin.py:190} INFO - [2025-01-31T20:52:33.452+0000] {override.py:1911} INFO - Created Permission View: can delete on DAG:latest_only_with_trigger
[2025-01-31T20:52:33.482+0000] {logging_mixin.py:190} INFO - [2025-01-31T20:52:33.481+0000] {override.py:1911} INFO - Created Permission View: can edit on DAG:latest_only_with_trigger
[2025-01-31T20:52:33.498+0000] {logging_mixin.py:190} INFO - [2025-01-31T20:52:33.496+0000] {override.py:1911} INFO - Created Permission View: can read on DAG:latest_only_with_trigger
[2025-01-31T20:52:33.509+0000] {logging_mixin.py:190} INFO - [2025-01-31T20:52:33.508+0000] {override.py:1911} INFO - Created Permission View: menu access on DAG Run:latest_only_with_trigger
[2025-01-31T20:52:33.515+0000] {logging_mixin.py:190} INFO - [2025-01-31T20:52:33.515+0000] {override.py:1911} INFO - Created Permission View: can delete on DAG Run:latest_only_with_trigger
[2025-01-31T20:52:33.519+0000] {logging_mixin.py:190} INFO - [2025-01-31T20:52:33.519+0000] {override.py:1911} INFO - Created Permission View: can create on DAG Run:latest_only_with_trigger
[2025-01-31T20:52:33.540+0000] {logging_mixin.py:190} INFO - [2025-01-31T20:52:33.539+0000] {override.py:1911} INFO - Created Permission View: can read on DAG Run:latest_only_with_trigger
[2025-01-31T20:52:33.541+0000] {logging_mixin.py:190} INFO - [2025-01-31T20:52:33.541+0000] {dag.py:3239} INFO - Sync 1 DAGs
[2025-01-31T20:52:33.589+0000] {logging_mixin.py:190} INFO - [2025-01-31T20:52:33.589+0000] {dag.py:3262} INFO - Creating ORM DAG for latest_only_with_trigger
[2025-01-31T20:52:33.618+0000] {logging_mixin.py:190} INFO - [2025-01-31T20:52:33.617+0000] {dag.py:4180} INFO - Setting next_dagrun for latest_only_with_trigger to 2025-01-31 16:00:00+00:00, run_after=2025-01-31 20:00:00+00:00
[2025-01-31T20:52:33.680+0000] {processor.py:208} INFO - Processing /home/airflow/.local/lib/python3.12/site-packages/airflow/example_dags/example_latest_only_with_trigger.py took 0.742 seconds
[2025-01-31T20:53:04.570+0000] {processor.py:186} INFO - Started process (PID=153) to work on /home/airflow/.local/lib/python3.12/site-packages/airflow/example_dags/example_latest_only_with_trigger.py
[2025-01-31T20:53:04.577+0000] {processor.py:914} INFO - Processing file /home/airflow/.local/lib/python3.12/site-packages/airflow/example_dags/example_latest_only_with_trigger.py for tasks to queue
[2025-01-31T20:53:04.579+0000] {logging_mixin.py:190} INFO - [2025-01-31T20:53:04.579+0000] {dagbag.py:588} INFO - Filling up the DagBag from /home/airflow/.local/lib/python3.12/site-packages/airflow/example_dags/example_latest_only_with_trigger.py
[2025-01-31T20:53:04.601+0000] {processor.py:925} INFO - DAG(s) 'latest_only_with_trigger' retrieved from /home/airflow/.local/lib/python3.12/site-packages/airflow/example_dags/example_latest_only_with_trigger.py
[2025-01-31T20:53:04.639+0000] {logging_mixin.py:190} INFO - [2025-01-31T20:53:04.639+0000] {dag.py:3239} INFO - Sync 1 DAGs
[2025-01-31T20:53:04.711+0000] {logging_mixin.py:190} INFO - [2025-01-31T20:53:04.710+0000] {dag.py:4180} INFO - Setting next_dagrun for latest_only_with_trigger to 2025-01-31 16:00:00+00:00, run_after=2025-01-31 20:00:00+00:00
[2025-01-31T20:53:04.782+0000] {processor.py:208} INFO - Processing /home/airflow/.local/lib/python3.12/site-packages/airflow/example_dags/example_latest_only_with_trigger.py took 0.223 seconds
[2025-01-31T20:53:35.507+0000] {processor.py:186} INFO - Started process (PID=216) to work on /home/airflow/.local/lib/python3.12/site-packages/airflow/example_dags/example_latest_only_with_trigger.py
[2025-01-31T20:53:35.508+0000] {processor.py:914} INFO - Processing file /home/airflow/.local/lib/python3.12/site-packages/airflow/example_dags/example_latest_only_with_trigger.py for tasks to queue
[2025-01-31T20:53:35.533+0000] {logging_mixin.py:190} INFO - [2025-01-31T20:53:35.533+0000] {dagbag.py:588} INFO - Filling up the DagBag from /home/airflow/.local/lib/python3.12/site-packages/airflow/example_dags/example_latest_only_with_trigger.py
[2025-01-31T20:53:35.624+0000] {processor.py:925} INFO - DAG(s) 'latest_only_with_trigger' retrieved from /home/airflow/.local/lib/python3.12/site-packages/airflow/example_dags/example_latest_only_with_trigger.py
[2025-01-31T20:53:35.728+0000] {logging_mixin.py:190} INFO - [2025-01-31T20:53:35.712+0000] {dag.py:3239} INFO - Sync 1 DAGs
[2025-01-31T20:53:35.796+0000] {logging_mixin.py:190} INFO - [2025-01-31T20:53:35.795+0000] {dag.py:4180} INFO - Setting next_dagrun for latest_only_with_trigger to 2025-01-31 16:00:00+00:00, run_after=2025-01-31 20:00:00+00:00
[2025-01-31T20:53:35.820+0000] {processor.py:208} INFO - Processing /home/airflow/.local/lib/python3.12/site-packages/airflow/example_dags/example_latest_only_with_trigger.py took 0.326 seconds
[2025-01-31T20:54:06.578+0000] {processor.py:186} INFO - Started process (PID=279) to work on /home/airflow/.local/lib/python3.12/site-packages/airflow/example_dags/example_latest_only_with_trigger.py
[2025-01-31T20:54:06.581+0000] {processor.py:914} INFO - Processing file /home/airflow/.local/lib/python3.12/site-packages/airflow/example_dags/example_latest_only_with_trigger.py for tasks to queue
[2025-01-31T20:54:06.583+0000] {logging_mixin.py:190} INFO - [2025-01-31T20:54:06.583+0000] {dagbag.py:588} INFO - Filling up the DagBag from /home/airflow/.local/lib/python3.12/site-packages/airflow/example_dags/example_latest_only_with_trigger.py
[2025-01-31T20:54:06.596+0000] {processor.py:925} INFO - DAG(s) 'latest_only_with_trigger' retrieved from /home/airflow/.local/lib/python3.12/site-packages/airflow/example_dags/example_latest_only_with_trigger.py
[2025-01-31T20:54:06.616+0000] {logging_mixin.py:190} INFO - [2025-01-31T20:54:06.616+0000] {dag.py:3239} INFO - Sync 1 DAGs
[2025-01-31T20:54:06.641+0000] {logging_mixin.py:190} INFO - [2025-01-31T20:54:06.640+0000] {dag.py:4180} INFO - Setting next_dagrun for latest_only_with_trigger to 2025-01-31 16:00:00+00:00, run_after=2025-01-31 20:00:00+00:00
[2025-01-31T20:54:06.655+0000] {processor.py:208} INFO - Processing /home/airflow/.local/lib/python3.12/site-packages/airflow/example_dags/example_latest_only_with_trigger.py took 0.082 seconds
[2025-01-31T20:54:36.922+0000] {processor.py:186} INFO - Started process (PID=342) to work on /home/airflow/.local/lib/python3.12/site-packages/airflow/example_dags/example_latest_only_with_trigger.py
[2025-01-31T20:54:36.923+0000] {processor.py:914} INFO - Processing file /home/airflow/.local/lib/python3.12/site-packages/airflow/example_dags/example_latest_only_with_trigger.py for tasks to queue
[2025-01-31T20:54:36.925+0000] {logging_mixin.py:190} INFO - [2025-01-31T20:54:36.925+0000] {dagbag.py:588} INFO - Filling up the DagBag from /home/airflow/.local/lib/python3.12/site-packages/airflow/example_dags/example_latest_only_with_trigger.py
[2025-01-31T20:54:36.933+0000] {processor.py:925} INFO - DAG(s) 'latest_only_with_trigger' retrieved from /home/airflow/.local/lib/python3.12/site-packages/airflow/example_dags/example_latest_only_with_trigger.py
[2025-01-31T20:54:36.953+0000] {logging_mixin.py:190} INFO - [2025-01-31T20:54:36.953+0000] {dag.py:3239} INFO - Sync 1 DAGs
[2025-01-31T20:54:36.977+0000] {logging_mixin.py:190} INFO - [2025-01-31T20:54:36.977+0000] {dag.py:4180} INFO - Setting next_dagrun for latest_only_with_trigger to 2025-01-31 16:00:00+00:00, run_after=2025-01-31 20:00:00+00:00
[2025-01-31T20:54:36.993+0000] {processor.py:208} INFO - Processing /home/airflow/.local/lib/python3.12/site-packages/airflow/example_dags/example_latest_only_with_trigger.py took 0.075 seconds
[2025-01-31T20:55:07.475+0000] {processor.py:186} INFO - Started process (PID=406) to work on /home/airflow/.local/lib/python3.12/site-packages/airflow/example_dags/example_latest_only_with_trigger.py
[2025-01-31T20:55:07.476+0000] {processor.py:914} INFO - Processing file /home/airflow/.local/lib/python3.12/site-packages/airflow/example_dags/example_latest_only_with_trigger.py for tasks to queue
[2025-01-31T20:55:07.478+0000] {logging_mixin.py:190} INFO - [2025-01-31T20:55:07.478+0000] {dagbag.py:588} INFO - Filling up the DagBag from /home/airflow/.local/lib/python3.12/site-packages/airflow/example_dags/example_latest_only_with_trigger.py
[2025-01-31T20:55:07.486+0000] {processor.py:925} INFO - DAG(s) 'latest_only_with_trigger' retrieved from /home/airflow/.local/lib/python3.12/site-packages/airflow/example_dags/example_latest_only_with_trigger.py
[2025-01-31T20:55:07.506+0000] {logging_mixin.py:190} INFO - [2025-01-31T20:55:07.505+0000] {dag.py:3239} INFO - Sync 1 DAGs
[2025-01-31T20:55:07.529+0000] {logging_mixin.py:190} INFO - [2025-01-31T20:55:07.529+0000] {dag.py:4180} INFO - Setting next_dagrun for latest_only_with_trigger to 2025-01-31 16:00:00+00:00, run_after=2025-01-31 20:00:00+00:00
[2025-01-31T20:55:07.546+0000] {processor.py:208} INFO - Processing /home/airflow/.local/lib/python3.12/site-packages/airflow/example_dags/example_latest_only_with_trigger.py took 0.076 seconds
[2025-01-31T20:55:38.171+0000] {processor.py:186} INFO - Started process (PID=470) to work on /home/airflow/.local/lib/python3.12/site-packages/airflow/example_dags/example_latest_only_with_trigger.py
[2025-01-31T20:55:38.172+0000] {processor.py:914} INFO - Processing file /home/airflow/.local/lib/python3.12/site-packages/airflow/example_dags/example_latest_only_with_trigger.py for tasks to queue
[2025-01-31T20:55:38.174+0000] {logging_mixin.py:190} INFO - [2025-01-31T20:55:38.174+0000] {dagbag.py:588} INFO - Filling up the DagBag from /home/airflow/.local/lib/python3.12/site-packages/airflow/example_dags/example_latest_only_with_trigger.py
[2025-01-31T20:55:38.181+0000] {processor.py:925} INFO - DAG(s) 'latest_only_with_trigger' retrieved from /home/airflow/.local/lib/python3.12/site-packages/airflow/example_dags/example_latest_only_with_trigger.py
[2025-01-31T20:55:38.211+0000] {logging_mixin.py:190} INFO - [2025-01-31T20:55:38.211+0000] {dag.py:3239} INFO - Sync 1 DAGs
[2025-01-31T20:55:38.243+0000] {logging_mixin.py:190} INFO - [2025-01-31T20:55:38.243+0000] {dag.py:4180} INFO - Setting next_dagrun for latest_only_with_trigger to 2025-01-31 16:00:00+00:00, run_after=2025-01-31 20:00:00+00:00
[2025-01-31T20:55:38.270+0000] {processor.py:208} INFO - Processing /home/airflow/.local/lib/python3.12/site-packages/airflow/example_dags/example_latest_only_with_trigger.py took 0.104 seconds
[2025-01-31T20:56:09.511+0000] {processor.py:186} INFO - Started process (PID=534) to work on /home/airflow/.local/lib/python3.12/site-packages/airflow/example_dags/example_latest_only_with_trigger.py
[2025-01-31T20:56:09.512+0000] {processor.py:914} INFO - Processing file /home/airflow/.local/lib/python3.12/site-packages/airflow/example_dags/example_latest_only_with_trigger.py for tasks to queue
[2025-01-31T20:56:09.514+0000] {logging_mixin.py:190} INFO - [2025-01-31T20:56:09.514+0000] {dagbag.py:588} INFO - Filling up the DagBag from /home/airflow/.local/lib/python3.12/site-packages/airflow/example_dags/example_latest_only_with_trigger.py
[2025-01-31T20:56:09.521+0000] {processor.py:925} INFO - DAG(s) 'latest_only_with_trigger' retrieved from /home/airflow/.local/lib/python3.12/site-packages/airflow/example_dags/example_latest_only_with_trigger.py
[2025-01-31T20:56:09.541+0000] {logging_mixin.py:190} INFO - [2025-01-31T20:56:09.541+0000] {dag.py:3239} INFO - Sync 1 DAGs
[2025-01-31T20:56:09.566+0000] {logging_mixin.py:190} INFO - [2025-01-31T20:56:09.566+0000] {dag.py:4180} INFO - Setting next_dagrun for latest_only_with_trigger to 2025-01-31 16:00:00+00:00, run_after=2025-01-31 20:00:00+00:00
[2025-01-31T20:56:09.583+0000] {processor.py:208} INFO - Processing /home/airflow/.local/lib/python3.12/site-packages/airflow/example_dags/example_latest_only_with_trigger.py took 0.077 seconds
[2025-01-31T20:56:40.804+0000] {processor.py:186} INFO - Started process (PID=597) to work on /home/airflow/.local/lib/python3.12/site-packages/airflow/example_dags/example_latest_only_with_trigger.py
[2025-01-31T20:56:40.805+0000] {processor.py:914} INFO - Processing file /home/airflow/.local/lib/python3.12/site-packages/airflow/example_dags/example_latest_only_with_trigger.py for tasks to queue
[2025-01-31T20:56:40.807+0000] {logging_mixin.py:190} INFO - [2025-01-31T20:56:40.807+0000] {dagbag.py:588} INFO - Filling up the DagBag from /home/airflow/.local/lib/python3.12/site-packages/airflow/example_dags/example_latest_only_with_trigger.py
[2025-01-31T20:56:40.815+0000] {processor.py:925} INFO - DAG(s) 'latest_only_with_trigger' retrieved from /home/airflow/.local/lib/python3.12/site-packages/airflow/example_dags/example_latest_only_with_trigger.py
[2025-01-31T20:56:40.834+0000] {logging_mixin.py:190} INFO - [2025-01-31T20:56:40.834+0000] {dag.py:3239} INFO - Sync 1 DAGs
[2025-01-31T20:56:40.858+0000] {logging_mixin.py:190} INFO - [2025-01-31T20:56:40.857+0000] {dag.py:4180} INFO - Setting next_dagrun for latest_only_with_trigger to 2025-01-31 16:00:00+00:00, run_after=2025-01-31 20:00:00+00:00
[2025-01-31T20:56:40.873+0000] {processor.py:208} INFO - Processing /home/airflow/.local/lib/python3.12/site-packages/airflow/example_dags/example_latest_only_with_trigger.py took 0.074 seconds
[2025-01-31T20:57:12.096+0000] {processor.py:186} INFO - Started process (PID=660) to work on /home/airflow/.local/lib/python3.12/site-packages/airflow/example_dags/example_latest_only_with_trigger.py
[2025-01-31T20:57:12.097+0000] {processor.py:914} INFO - Processing file /home/airflow/.local/lib/python3.12/site-packages/airflow/example_dags/example_latest_only_with_trigger.py for tasks to queue
[2025-01-31T20:57:12.099+0000] {logging_mixin.py:190} INFO - [2025-01-31T20:57:12.099+0000] {dagbag.py:588} INFO - Filling up the DagBag from /home/airflow/.local/lib/python3.12/site-packages/airflow/example_dags/example_latest_only_with_trigger.py
[2025-01-31T20:57:12.107+0000] {processor.py:925} INFO - DAG(s) 'latest_only_with_trigger' retrieved from /home/airflow/.local/lib/python3.12/site-packages/airflow/example_dags/example_latest_only_with_trigger.py
[2025-01-31T20:57:12.127+0000] {logging_mixin.py:190} INFO - [2025-01-31T20:57:12.126+0000] {dag.py:3239} INFO - Sync 1 DAGs
[2025-01-31T20:57:12.150+0000] {logging_mixin.py:190} INFO - [2025-01-31T20:57:12.150+0000] {dag.py:4180} INFO - Setting next_dagrun for latest_only_with_trigger to 2025-01-31 16:00:00+00:00, run_after=2025-01-31 20:00:00+00:00
[2025-01-31T20:57:12.166+0000] {processor.py:208} INFO - Processing /home/airflow/.local/lib/python3.12/site-packages/airflow/example_dags/example_latest_only_with_trigger.py took 0.076 seconds
[2025-01-31T20:57:43.056+0000] {processor.py:186} INFO - Started process (PID=724) to work on /home/airflow/.local/lib/python3.12/site-packages/airflow/example_dags/example_latest_only_with_trigger.py
[2025-01-31T20:57:43.057+0000] {processor.py:914} INFO - Processing file /home/airflow/.local/lib/python3.12/site-packages/airflow/example_dags/example_latest_only_with_trigger.py for tasks to queue
[2025-01-31T20:57:43.059+0000] {logging_mixin.py:190} INFO - [2025-01-31T20:57:43.058+0000] {dagbag.py:588} INFO - Filling up the DagBag from /home/airflow/.local/lib/python3.12/site-packages/airflow/example_dags/example_latest_only_with_trigger.py
[2025-01-31T20:57:43.066+0000] {processor.py:925} INFO - DAG(s) 'latest_only_with_trigger' retrieved from /home/airflow/.local/lib/python3.12/site-packages/airflow/example_dags/example_latest_only_with_trigger.py
[2025-01-31T20:57:43.093+0000] {logging_mixin.py:190} INFO - [2025-01-31T20:57:43.093+0000] {dag.py:3239} INFO - Sync 1 DAGs
[2025-01-31T20:57:43.116+0000] {logging_mixin.py:190} INFO - [2025-01-31T20:57:43.116+0000] {dag.py:4180} INFO - Setting next_dagrun for latest_only_with_trigger to 2025-01-31 16:00:00+00:00, run_after=2025-01-31 20:00:00+00:00
[2025-01-31T20:57:43.132+0000] {processor.py:208} INFO - Processing /home/airflow/.local/lib/python3.12/site-packages/airflow/example_dags/example_latest_only_with_trigger.py took 0.082 seconds
[2025-01-31T20:58:16.101+0000] {processor.py:186} INFO - Started process (PID=794) to work on /home/airflow/.local/lib/python3.12/site-packages/airflow/example_dags/example_latest_only_with_trigger.py
[2025-01-31T20:58:16.104+0000] {processor.py:914} INFO - Processing file /home/airflow/.local/lib/python3.12/site-packages/airflow/example_dags/example_latest_only_with_trigger.py for tasks to queue
[2025-01-31T20:58:16.107+0000] {logging_mixin.py:190} INFO - [2025-01-31T20:58:16.107+0000] {dagbag.py:588} INFO - Filling up the DagBag from /home/airflow/.local/lib/python3.12/site-packages/airflow/example_dags/example_latest_only_with_trigger.py
[2025-01-31T20:58:16.150+0000] {processor.py:925} INFO - DAG(s) 'latest_only_with_trigger' retrieved from /home/airflow/.local/lib/python3.12/site-packages/airflow/example_dags/example_latest_only_with_trigger.py
[2025-01-31T20:58:16.239+0000] {logging_mixin.py:190} INFO - [2025-01-31T20:58:16.239+0000] {dag.py:3239} INFO - Sync 1 DAGs
[2025-01-31T20:58:16.332+0000] {logging_mixin.py:190} INFO - [2025-01-31T20:58:16.332+0000] {dag.py:4180} INFO - Setting next_dagrun for latest_only_with_trigger to 2025-01-31 16:00:00+00:00, run_after=2025-01-31 20:00:00+00:00
[2025-01-31T20:58:16.386+0000] {processor.py:208} INFO - Processing /home/airflow/.local/lib/python3.12/site-packages/airflow/example_dags/example_latest_only_with_trigger.py took 0.305 seconds
[2025-01-31T20:58:47.526+0000] {processor.py:186} INFO - Started process (PID=856) to work on /home/airflow/.local/lib/python3.12/site-packages/airflow/example_dags/example_latest_only_with_trigger.py
[2025-01-31T20:58:47.527+0000] {processor.py:914} INFO - Processing file /home/airflow/.local/lib/python3.12/site-packages/airflow/example_dags/example_latest_only_with_trigger.py for tasks to queue
[2025-01-31T20:58:47.542+0000] {logging_mixin.py:190} INFO - [2025-01-31T20:58:47.542+0000] {dagbag.py:588} INFO - Filling up the DagBag from /home/airflow/.local/lib/python3.12/site-packages/airflow/example_dags/example_latest_only_with_trigger.py
[2025-01-31T20:58:47.575+0000] {processor.py:925} INFO - DAG(s) 'latest_only_with_trigger' retrieved from /home/airflow/.local/lib/python3.12/site-packages/airflow/example_dags/example_latest_only_with_trigger.py
[2025-01-31T20:58:47.669+0000] {logging_mixin.py:190} INFO - [2025-01-31T20:58:47.668+0000] {dag.py:3239} INFO - Sync 1 DAGs
[2025-01-31T20:58:47.734+0000] {logging_mixin.py:190} INFO - [2025-01-31T20:58:47.733+0000] {dag.py:4180} INFO - Setting next_dagrun for latest_only_with_trigger to 2025-01-31 16:00:00+00:00, run_after=2025-01-31 20:00:00+00:00
[2025-01-31T20:58:47.789+0000] {processor.py:208} INFO - Processing /home/airflow/.local/lib/python3.12/site-packages/airflow/example_dags/example_latest_only_with_trigger.py took 0.285 seconds
[2025-01-31T20:59:17.843+0000] {processor.py:186} INFO - Started process (PID=919) to work on /home/airflow/.local/lib/python3.12/site-packages/airflow/example_dags/example_latest_only_with_trigger.py
[2025-01-31T20:59:17.843+0000] {processor.py:914} INFO - Processing file /home/airflow/.local/lib/python3.12/site-packages/airflow/example_dags/example_latest_only_with_trigger.py for tasks to queue
[2025-01-31T20:59:17.845+0000] {logging_mixin.py:190} INFO - [2025-01-31T20:59:17.845+0000] {dagbag.py:588} INFO - Filling up the DagBag from /home/airflow/.local/lib/python3.12/site-packages/airflow/example_dags/example_latest_only_with_trigger.py
[2025-01-31T20:59:17.851+0000] {processor.py:925} INFO - DAG(s) 'latest_only_with_trigger' retrieved from /home/airflow/.local/lib/python3.12/site-packages/airflow/example_dags/example_latest_only_with_trigger.py
[2025-01-31T20:59:17.866+0000] {logging_mixin.py:190} INFO - [2025-01-31T20:59:17.865+0000] {dag.py:3239} INFO - Sync 1 DAGs
[2025-01-31T20:59:17.882+0000] {logging_mixin.py:190} INFO - [2025-01-31T20:59:17.882+0000] {dag.py:4180} INFO - Setting next_dagrun for latest_only_with_trigger to 2025-01-31 16:00:00+00:00, run_after=2025-01-31 20:00:00+00:00
[2025-01-31T20:59:17.894+0000] {processor.py:208} INFO - Processing /home/airflow/.local/lib/python3.12/site-packages/airflow/example_dags/example_latest_only_with_trigger.py took 0.055 seconds
[2025-01-31T20:59:48.151+0000] {processor.py:186} INFO - Started process (PID=982) to work on /home/airflow/.local/lib/python3.12/site-packages/airflow/example_dags/example_latest_only_with_trigger.py
[2025-01-31T20:59:48.152+0000] {processor.py:914} INFO - Processing file /home/airflow/.local/lib/python3.12/site-packages/airflow/example_dags/example_latest_only_with_trigger.py for tasks to queue
[2025-01-31T20:59:48.154+0000] {logging_mixin.py:190} INFO - [2025-01-31T20:59:48.154+0000] {dagbag.py:588} INFO - Filling up the DagBag from /home/airflow/.local/lib/python3.12/site-packages/airflow/example_dags/example_latest_only_with_trigger.py
[2025-01-31T20:59:48.162+0000] {processor.py:925} INFO - DAG(s) 'latest_only_with_trigger' retrieved from /home/airflow/.local/lib/python3.12/site-packages/airflow/example_dags/example_latest_only_with_trigger.py
[2025-01-31T20:59:48.183+0000] {logging_mixin.py:190} INFO - [2025-01-31T20:59:48.182+0000] {dag.py:3239} INFO - Sync 1 DAGs
[2025-01-31T20:59:48.207+0000] {logging_mixin.py:190} INFO - [2025-01-31T20:59:48.207+0000] {dag.py:4180} INFO - Setting next_dagrun for latest_only_with_trigger to 2025-01-31 16:00:00+00:00, run_after=2025-01-31 20:00:00+00:00
[2025-01-31T20:59:48.229+0000] {processor.py:208} INFO - Processing /home/airflow/.local/lib/python3.12/site-packages/airflow/example_dags/example_latest_only_with_trigger.py took 0.084 seconds
[2025-01-31T21:00:18.307+0000] {processor.py:186} INFO - Started process (PID=1045) to work on /home/airflow/.local/lib/python3.12/site-packages/airflow/example_dags/example_latest_only_with_trigger.py
[2025-01-31T21:00:18.308+0000] {processor.py:914} INFO - Processing file /home/airflow/.local/lib/python3.12/site-packages/airflow/example_dags/example_latest_only_with_trigger.py for tasks to queue
[2025-01-31T21:00:18.309+0000] {logging_mixin.py:190} INFO - [2025-01-31T21:00:18.309+0000] {dagbag.py:588} INFO - Filling up the DagBag from /home/airflow/.local/lib/python3.12/site-packages/airflow/example_dags/example_latest_only_with_trigger.py
[2025-01-31T21:00:18.315+0000] {processor.py:925} INFO - DAG(s) 'latest_only_with_trigger' retrieved from /home/airflow/.local/lib/python3.12/site-packages/airflow/example_dags/example_latest_only_with_trigger.py
[2025-01-31T21:00:18.329+0000] {logging_mixin.py:190} INFO - [2025-01-31T21:00:18.329+0000] {dag.py:3239} INFO - Sync 1 DAGs
[2025-01-31T21:00:18.345+0000] {logging_mixin.py:190} INFO - [2025-01-31T21:00:18.345+0000] {dag.py:4180} INFO - Setting next_dagrun for latest_only_with_trigger to 2025-01-31 16:00:00+00:00, run_after=2025-01-31 20:00:00+00:00
[2025-01-31T21:00:18.356+0000] {processor.py:208} INFO - Processing /home/airflow/.local/lib/python3.12/site-packages/airflow/example_dags/example_latest_only_with_trigger.py took 0.054 seconds
[2025-01-31T21:00:48.446+0000] {processor.py:186} INFO - Started process (PID=1109) to work on /home/airflow/.local/lib/python3.12/site-packages/airflow/example_dags/example_latest_only_with_trigger.py
[2025-01-31T21:00:48.446+0000] {processor.py:914} INFO - Processing file /home/airflow/.local/lib/python3.12/site-packages/airflow/example_dags/example_latest_only_with_trigger.py for tasks to queue
[2025-01-31T21:00:48.448+0000] {logging_mixin.py:190} INFO - [2025-01-31T21:00:48.448+0000] {dagbag.py:588} INFO - Filling up the DagBag from /home/airflow/.local/lib/python3.12/site-packages/airflow/example_dags/example_latest_only_with_trigger.py
[2025-01-31T21:00:48.453+0000] {processor.py:925} INFO - DAG(s) 'latest_only_with_trigger' retrieved from /home/airflow/.local/lib/python3.12/site-packages/airflow/example_dags/example_latest_only_with_trigger.py
[2025-01-31T21:00:48.468+0000] {logging_mixin.py:190} INFO - [2025-01-31T21:00:48.468+0000] {dag.py:3239} INFO - Sync 1 DAGs
[2025-01-31T21:00:48.484+0000] {logging_mixin.py:190} INFO - [2025-01-31T21:00:48.484+0000] {dag.py:4180} INFO - Setting next_dagrun for latest_only_with_trigger to 2025-01-31 16:00:00+00:00, run_after=2025-01-31 20:00:00+00:00
[2025-01-31T21:00:48.496+0000] {processor.py:208} INFO - Processing /home/airflow/.local/lib/python3.12/site-packages/airflow/example_dags/example_latest_only_with_trigger.py took 0.055 seconds
[2025-01-31T21:01:18.821+0000] {processor.py:186} INFO - Started process (PID=1172) to work on /home/airflow/.local/lib/python3.12/site-packages/airflow/example_dags/example_latest_only_with_trigger.py
[2025-01-31T21:01:18.822+0000] {processor.py:914} INFO - Processing file /home/airflow/.local/lib/python3.12/site-packages/airflow/example_dags/example_latest_only_with_trigger.py for tasks to queue
[2025-01-31T21:01:18.823+0000] {logging_mixin.py:190} INFO - [2025-01-31T21:01:18.823+0000] {dagbag.py:588} INFO - Filling up the DagBag from /home/airflow/.local/lib/python3.12/site-packages/airflow/example_dags/example_latest_only_with_trigger.py
[2025-01-31T21:01:18.829+0000] {processor.py:925} INFO - DAG(s) 'latest_only_with_trigger' retrieved from /home/airflow/.local/lib/python3.12/site-packages/airflow/example_dags/example_latest_only_with_trigger.py
[2025-01-31T21:01:18.843+0000] {logging_mixin.py:190} INFO - [2025-01-31T21:01:18.843+0000] {dag.py:3239} INFO - Sync 1 DAGs
[2025-01-31T21:01:18.859+0000] {logging_mixin.py:190} INFO - [2025-01-31T21:01:18.859+0000] {dag.py:4180} INFO - Setting next_dagrun for latest_only_with_trigger to 2025-01-31 16:00:00+00:00, run_after=2025-01-31 20:00:00+00:00
[2025-01-31T21:01:18.870+0000] {processor.py:208} INFO - Processing /home/airflow/.local/lib/python3.12/site-packages/airflow/example_dags/example_latest_only_with_trigger.py took 0.054 seconds
[2025-01-31T21:01:49.036+0000] {processor.py:186} INFO - Started process (PID=1235) to work on /home/airflow/.local/lib/python3.12/site-packages/airflow/example_dags/example_latest_only_with_trigger.py
[2025-01-31T21:01:49.037+0000] {processor.py:914} INFO - Processing file /home/airflow/.local/lib/python3.12/site-packages/airflow/example_dags/example_latest_only_with_trigger.py for tasks to queue
[2025-01-31T21:01:49.039+0000] {logging_mixin.py:190} INFO - [2025-01-31T21:01:49.038+0000] {dagbag.py:588} INFO - Filling up the DagBag from /home/airflow/.local/lib/python3.12/site-packages/airflow/example_dags/example_latest_only_with_trigger.py
[2025-01-31T21:01:49.045+0000] {processor.py:925} INFO - DAG(s) 'latest_only_with_trigger' retrieved from /home/airflow/.local/lib/python3.12/site-packages/airflow/example_dags/example_latest_only_with_trigger.py
[2025-01-31T21:01:49.066+0000] {logging_mixin.py:190} INFO - [2025-01-31T21:01:49.066+0000] {dag.py:3239} INFO - Sync 1 DAGs
[2025-01-31T21:01:49.088+0000] {logging_mixin.py:190} INFO - [2025-01-31T21:01:49.088+0000] {dag.py:4180} INFO - Setting next_dagrun for latest_only_with_trigger to 2025-01-31 16:00:00+00:00, run_after=2025-01-31 20:00:00+00:00
[2025-01-31T21:01:49.100+0000] {processor.py:208} INFO - Processing /home/airflow/.local/lib/python3.12/site-packages/airflow/example_dags/example_latest_only_with_trigger.py took 0.068 seconds
[2025-01-31T21:02:19.230+0000] {processor.py:186} INFO - Started process (PID=1299) to work on /home/airflow/.local/lib/python3.12/site-packages/airflow/example_dags/example_latest_only_with_trigger.py
[2025-01-31T21:02:19.231+0000] {processor.py:914} INFO - Processing file /home/airflow/.local/lib/python3.12/site-packages/airflow/example_dags/example_latest_only_with_trigger.py for tasks to queue
[2025-01-31T21:02:19.233+0000] {logging_mixin.py:190} INFO - [2025-01-31T21:02:19.233+0000] {dagbag.py:588} INFO - Filling up the DagBag from /home/airflow/.local/lib/python3.12/site-packages/airflow/example_dags/example_latest_only_with_trigger.py
[2025-01-31T21:02:19.241+0000] {processor.py:925} INFO - DAG(s) 'latest_only_with_trigger' retrieved from /home/airflow/.local/lib/python3.12/site-packages/airflow/example_dags/example_latest_only_with_trigger.py
[2025-01-31T21:02:19.264+0000] {logging_mixin.py:190} INFO - [2025-01-31T21:02:19.264+0000] {dag.py:3239} INFO - Sync 1 DAGs
[2025-01-31T21:02:19.289+0000] {logging_mixin.py:190} INFO - [2025-01-31T21:02:19.288+0000] {dag.py:4180} INFO - Setting next_dagrun for latest_only_with_trigger to 2025-01-31 16:00:00+00:00, run_after=2025-01-31 20:00:00+00:00
[2025-01-31T21:02:19.306+0000] {processor.py:208} INFO - Processing /home/airflow/.local/lib/python3.12/site-packages/airflow/example_dags/example_latest_only_with_trigger.py took 0.082 seconds
[2025-01-31T21:02:49.669+0000] {processor.py:186} INFO - Started process (PID=1362) to work on /home/airflow/.local/lib/python3.12/site-packages/airflow/example_dags/example_latest_only_with_trigger.py
[2025-01-31T21:02:49.670+0000] {processor.py:914} INFO - Processing file /home/airflow/.local/lib/python3.12/site-packages/airflow/example_dags/example_latest_only_with_trigger.py for tasks to queue
[2025-01-31T21:02:49.672+0000] {logging_mixin.py:190} INFO - [2025-01-31T21:02:49.671+0000] {dagbag.py:588} INFO - Filling up the DagBag from /home/airflow/.local/lib/python3.12/site-packages/airflow/example_dags/example_latest_only_with_trigger.py
[2025-01-31T21:02:49.677+0000] {processor.py:925} INFO - DAG(s) 'latest_only_with_trigger' retrieved from /home/airflow/.local/lib/python3.12/site-packages/airflow/example_dags/example_latest_only_with_trigger.py
[2025-01-31T21:02:49.692+0000] {logging_mixin.py:190} INFO - [2025-01-31T21:02:49.692+0000] {dag.py:3239} INFO - Sync 1 DAGs
[2025-01-31T21:02:49.708+0000] {logging_mixin.py:190} INFO - [2025-01-31T21:02:49.707+0000] {dag.py:4180} INFO - Setting next_dagrun for latest_only_with_trigger to 2025-01-31 16:00:00+00:00, run_after=2025-01-31 20:00:00+00:00
[2025-01-31T21:02:49.720+0000] {processor.py:208} INFO - Processing /home/airflow/.local/lib/python3.12/site-packages/airflow/example_dags/example_latest_only_with_trigger.py took 0.057 seconds
[2025-01-31T21:03:19.982+0000] {processor.py:186} INFO - Started process (PID=1425) to work on /home/airflow/.local/lib/python3.12/site-packages/airflow/example_dags/example_latest_only_with_trigger.py
[2025-01-31T21:03:19.983+0000] {processor.py:914} INFO - Processing file /home/airflow/.local/lib/python3.12/site-packages/airflow/example_dags/example_latest_only_with_trigger.py for tasks to queue
[2025-01-31T21:03:19.984+0000] {logging_mixin.py:190} INFO - [2025-01-31T21:03:19.984+0000] {dagbag.py:588} INFO - Filling up the DagBag from /home/airflow/.local/lib/python3.12/site-packages/airflow/example_dags/example_latest_only_with_trigger.py
[2025-01-31T21:03:19.990+0000] {processor.py:925} INFO - DAG(s) 'latest_only_with_trigger' retrieved from /home/airflow/.local/lib/python3.12/site-packages/airflow/example_dags/example_latest_only_with_trigger.py
[2025-01-31T21:03:20.004+0000] {logging_mixin.py:190} INFO - [2025-01-31T21:03:20.004+0000] {dag.py:3239} INFO - Sync 1 DAGs
[2025-01-31T21:03:20.020+0000] {logging_mixin.py:190} INFO - [2025-01-31T21:03:20.020+0000] {dag.py:4180} INFO - Setting next_dagrun for latest_only_with_trigger to 2025-01-31 16:00:00+00:00, run_after=2025-01-31 20:00:00+00:00
[2025-01-31T21:03:20.032+0000] {processor.py:208} INFO - Processing /home/airflow/.local/lib/python3.12/site-packages/airflow/example_dags/example_latest_only_with_trigger.py took 0.054 seconds
[2025-01-31T21:03:51.286+0000] {processor.py:186} INFO - Started process (PID=1489) to work on /home/airflow/.local/lib/python3.12/site-packages/airflow/example_dags/example_latest_only_with_trigger.py
[2025-01-31T21:03:51.288+0000] {processor.py:914} INFO - Processing file /home/airflow/.local/lib/python3.12/site-packages/airflow/example_dags/example_latest_only_with_trigger.py for tasks to queue
[2025-01-31T21:03:51.294+0000] {logging_mixin.py:190} INFO - [2025-01-31T21:03:51.294+0000] {dagbag.py:588} INFO - Filling up the DagBag from /home/airflow/.local/lib/python3.12/site-packages/airflow/example_dags/example_latest_only_with_trigger.py
[2025-01-31T21:03:51.325+0000] {processor.py:925} INFO - DAG(s) 'latest_only_with_trigger' retrieved from /home/airflow/.local/lib/python3.12/site-packages/airflow/example_dags/example_latest_only_with_trigger.py
[2025-01-31T21:03:51.421+0000] {logging_mixin.py:190} INFO - [2025-01-31T21:03:51.420+0000] {dag.py:3239} INFO - Sync 1 DAGs
[2025-01-31T21:03:51.507+0000] {logging_mixin.py:190} INFO - [2025-01-31T21:03:51.507+0000] {dag.py:4180} INFO - Setting next_dagrun for latest_only_with_trigger to 2025-01-31 16:00:00+00:00, run_after=2025-01-31 20:00:00+00:00
[2025-01-31T21:03:51.577+0000] {processor.py:208} INFO - Processing /home/airflow/.local/lib/python3.12/site-packages/airflow/example_dags/example_latest_only_with_trigger.py took 0.313 seconds
[2025-01-31T21:04:21.622+0000] {processor.py:186} INFO - Started process (PID=1551) to work on /home/airflow/.local/lib/python3.12/site-packages/airflow/example_dags/example_latest_only_with_trigger.py
[2025-01-31T21:04:21.623+0000] {processor.py:914} INFO - Processing file /home/airflow/.local/lib/python3.12/site-packages/airflow/example_dags/example_latest_only_with_trigger.py for tasks to queue
[2025-01-31T21:04:21.624+0000] {logging_mixin.py:190} INFO - [2025-01-31T21:04:21.624+0000] {dagbag.py:588} INFO - Filling up the DagBag from /home/airflow/.local/lib/python3.12/site-packages/airflow/example_dags/example_latest_only_with_trigger.py
[2025-01-31T21:04:21.630+0000] {processor.py:925} INFO - DAG(s) 'latest_only_with_trigger' retrieved from /home/airflow/.local/lib/python3.12/site-packages/airflow/example_dags/example_latest_only_with_trigger.py
[2025-01-31T21:04:21.644+0000] {logging_mixin.py:190} INFO - [2025-01-31T21:04:21.644+0000] {dag.py:3239} INFO - Sync 1 DAGs
[2025-01-31T21:04:21.660+0000] {logging_mixin.py:190} INFO - [2025-01-31T21:04:21.660+0000] {dag.py:4180} INFO - Setting next_dagrun for latest_only_with_trigger to 2025-01-31 16:00:00+00:00, run_after=2025-01-31 20:00:00+00:00
[2025-01-31T21:04:21.672+0000] {processor.py:208} INFO - Processing /home/airflow/.local/lib/python3.12/site-packages/airflow/example_dags/example_latest_only_with_trigger.py took 0.054 seconds
[2025-01-31T21:04:52.190+0000] {processor.py:186} INFO - Started process (PID=1615) to work on /home/airflow/.local/lib/python3.12/site-packages/airflow/example_dags/example_latest_only_with_trigger.py
[2025-01-31T21:04:52.191+0000] {processor.py:914} INFO - Processing file /home/airflow/.local/lib/python3.12/site-packages/airflow/example_dags/example_latest_only_with_trigger.py for tasks to queue
[2025-01-31T21:04:52.193+0000] {logging_mixin.py:190} INFO - [2025-01-31T21:04:52.193+0000] {dagbag.py:588} INFO - Filling up the DagBag from /home/airflow/.local/lib/python3.12/site-packages/airflow/example_dags/example_latest_only_with_trigger.py
[2025-01-31T21:04:52.199+0000] {processor.py:925} INFO - DAG(s) 'latest_only_with_trigger' retrieved from /home/airflow/.local/lib/python3.12/site-packages/airflow/example_dags/example_latest_only_with_trigger.py
[2025-01-31T21:04:52.213+0000] {logging_mixin.py:190} INFO - [2025-01-31T21:04:52.213+0000] {dag.py:3239} INFO - Sync 1 DAGs
[2025-01-31T21:04:52.232+0000] {logging_mixin.py:190} INFO - [2025-01-31T21:04:52.232+0000] {dag.py:4180} INFO - Setting next_dagrun for latest_only_with_trigger to 2025-01-31 16:00:00+00:00, run_after=2025-01-31 20:00:00+00:00
[2025-01-31T21:04:52.244+0000] {processor.py:208} INFO - Processing /home/airflow/.local/lib/python3.12/site-packages/airflow/example_dags/example_latest_only_with_trigger.py took 0.060 seconds
[2025-01-31T21:05:22.304+0000] {processor.py:186} INFO - Started process (PID=1678) to work on /home/airflow/.local/lib/python3.12/site-packages/airflow/example_dags/example_latest_only_with_trigger.py
[2025-01-31T21:05:22.305+0000] {processor.py:914} INFO - Processing file /home/airflow/.local/lib/python3.12/site-packages/airflow/example_dags/example_latest_only_with_trigger.py for tasks to queue
[2025-01-31T21:05:22.307+0000] {logging_mixin.py:190} INFO - [2025-01-31T21:05:22.306+0000] {dagbag.py:588} INFO - Filling up the DagBag from /home/airflow/.local/lib/python3.12/site-packages/airflow/example_dags/example_latest_only_with_trigger.py
[2025-01-31T21:05:22.314+0000] {processor.py:925} INFO - DAG(s) 'latest_only_with_trigger' retrieved from /home/airflow/.local/lib/python3.12/site-packages/airflow/example_dags/example_latest_only_with_trigger.py
[2025-01-31T21:05:22.334+0000] {logging_mixin.py:190} INFO - [2025-01-31T21:05:22.334+0000] {dag.py:3239} INFO - Sync 1 DAGs
[2025-01-31T21:05:22.357+0000] {logging_mixin.py:190} INFO - [2025-01-31T21:05:22.356+0000] {dag.py:4180} INFO - Setting next_dagrun for latest_only_with_trigger to 2025-01-31 16:00:00+00:00, run_after=2025-01-31 20:00:00+00:00
[2025-01-31T21:05:22.370+0000] {processor.py:208} INFO - Processing /home/airflow/.local/lib/python3.12/site-packages/airflow/example_dags/example_latest_only_with_trigger.py took 0.072 seconds
[2025-01-31T21:05:52.613+0000] {processor.py:186} INFO - Started process (PID=1741) to work on /home/airflow/.local/lib/python3.12/site-packages/airflow/example_dags/example_latest_only_with_trigger.py
[2025-01-31T21:05:52.614+0000] {processor.py:914} INFO - Processing file /home/airflow/.local/lib/python3.12/site-packages/airflow/example_dags/example_latest_only_with_trigger.py for tasks to queue
[2025-01-31T21:05:52.616+0000] {logging_mixin.py:190} INFO - [2025-01-31T21:05:52.616+0000] {dagbag.py:588} INFO - Filling up the DagBag from /home/airflow/.local/lib/python3.12/site-packages/airflow/example_dags/example_latest_only_with_trigger.py
[2025-01-31T21:05:52.623+0000] {processor.py:925} INFO - DAG(s) 'latest_only_with_trigger' retrieved from /home/airflow/.local/lib/python3.12/site-packages/airflow/example_dags/example_latest_only_with_trigger.py
[2025-01-31T21:05:52.638+0000] {logging_mixin.py:190} INFO - [2025-01-31T21:05:52.638+0000] {dag.py:3239} INFO - Sync 1 DAGs
[2025-01-31T21:05:52.655+0000] {logging_mixin.py:190} INFO - [2025-01-31T21:05:52.655+0000] {dag.py:4180} INFO - Setting next_dagrun for latest_only_with_trigger to 2025-01-31 16:00:00+00:00, run_after=2025-01-31 20:00:00+00:00
[2025-01-31T21:05:52.670+0000] {processor.py:208} INFO - Processing /home/airflow/.local/lib/python3.12/site-packages/airflow/example_dags/example_latest_only_with_trigger.py took 0.063 seconds
[2025-01-31T21:06:22.790+0000] {processor.py:186} INFO - Started process (PID=1804) to work on /home/airflow/.local/lib/python3.12/site-packages/airflow/example_dags/example_latest_only_with_trigger.py
[2025-01-31T21:06:22.791+0000] {processor.py:914} INFO - Processing file /home/airflow/.local/lib/python3.12/site-packages/airflow/example_dags/example_latest_only_with_trigger.py for tasks to queue
[2025-01-31T21:06:22.792+0000] {logging_mixin.py:190} INFO - [2025-01-31T21:06:22.792+0000] {dagbag.py:588} INFO - Filling up the DagBag from /home/airflow/.local/lib/python3.12/site-packages/airflow/example_dags/example_latest_only_with_trigger.py
[2025-01-31T21:06:22.798+0000] {processor.py:925} INFO - DAG(s) 'latest_only_with_trigger' retrieved from /home/airflow/.local/lib/python3.12/site-packages/airflow/example_dags/example_latest_only_with_trigger.py
[2025-01-31T21:06:22.813+0000] {logging_mixin.py:190} INFO - [2025-01-31T21:06:22.813+0000] {dag.py:3239} INFO - Sync 1 DAGs
[2025-01-31T21:06:22.830+0000] {logging_mixin.py:190} INFO - [2025-01-31T21:06:22.830+0000] {dag.py:4180} INFO - Setting next_dagrun for latest_only_with_trigger to 2025-01-31 16:00:00+00:00, run_after=2025-01-31 20:00:00+00:00
[2025-01-31T21:06:22.842+0000] {processor.py:208} INFO - Processing /home/airflow/.local/lib/python3.12/site-packages/airflow/example_dags/example_latest_only_with_trigger.py took 0.057 seconds
[2025-01-31T21:06:53.006+0000] {processor.py:186} INFO - Started process (PID=1867) to work on /home/airflow/.local/lib/python3.12/site-packages/airflow/example_dags/example_latest_only_with_trigger.py
[2025-01-31T21:06:53.007+0000] {processor.py:914} INFO - Processing file /home/airflow/.local/lib/python3.12/site-packages/airflow/example_dags/example_latest_only_with_trigger.py for tasks to queue
[2025-01-31T21:06:53.009+0000] {logging_mixin.py:190} INFO - [2025-01-31T21:06:53.009+0000] {dagbag.py:588} INFO - Filling up the DagBag from /home/airflow/.local/lib/python3.12/site-packages/airflow/example_dags/example_latest_only_with_trigger.py
[2025-01-31T21:06:53.016+0000] {processor.py:925} INFO - DAG(s) 'latest_only_with_trigger' retrieved from /home/airflow/.local/lib/python3.12/site-packages/airflow/example_dags/example_latest_only_with_trigger.py
[2025-01-31T21:06:53.030+0000] {logging_mixin.py:190} INFO - [2025-01-31T21:06:53.030+0000] {dag.py:3239} INFO - Sync 1 DAGs
[2025-01-31T21:06:53.046+0000] {logging_mixin.py:190} INFO - [2025-01-31T21:06:53.045+0000] {dag.py:4180} INFO - Setting next_dagrun for latest_only_with_trigger to 2025-01-31 16:00:00+00:00, run_after=2025-01-31 20:00:00+00:00
[2025-01-31T21:06:53.057+0000] {processor.py:208} INFO - Processing /home/airflow/.local/lib/python3.12/site-packages/airflow/example_dags/example_latest_only_with_trigger.py took 0.057 seconds
[2025-01-31T21:07:23.142+0000] {processor.py:186} INFO - Started process (PID=1929) to work on /home/airflow/.local/lib/python3.12/site-packages/airflow/example_dags/example_latest_only_with_trigger.py
[2025-01-31T21:07:23.142+0000] {processor.py:914} INFO - Processing file /home/airflow/.local/lib/python3.12/site-packages/airflow/example_dags/example_latest_only_with_trigger.py for tasks to queue
[2025-01-31T21:07:23.144+0000] {logging_mixin.py:190} INFO - [2025-01-31T21:07:23.144+0000] {dagbag.py:588} INFO - Filling up the DagBag from /home/airflow/.local/lib/python3.12/site-packages/airflow/example_dags/example_latest_only_with_trigger.py
[2025-01-31T21:07:23.152+0000] {processor.py:925} INFO - DAG(s) 'latest_only_with_trigger' retrieved from /home/airflow/.local/lib/python3.12/site-packages/airflow/example_dags/example_latest_only_with_trigger.py
[2025-01-31T21:07:23.170+0000] {logging_mixin.py:190} INFO - [2025-01-31T21:07:23.170+0000] {dag.py:3239} INFO - Sync 1 DAGs
[2025-01-31T21:07:23.186+0000] {logging_mixin.py:190} INFO - [2025-01-31T21:07:23.186+0000] {dag.py:4180} INFO - Setting next_dagrun for latest_only_with_trigger to 2025-01-31 16:00:00+00:00, run_after=2025-01-31 20:00:00+00:00
[2025-01-31T21:07:23.198+0000] {processor.py:208} INFO - Processing /home/airflow/.local/lib/python3.12/site-packages/airflow/example_dags/example_latest_only_with_trigger.py took 0.061 seconds
[2025-01-31T21:07:53.396+0000] {processor.py:186} INFO - Started process (PID=1992) to work on /home/airflow/.local/lib/python3.12/site-packages/airflow/example_dags/example_latest_only_with_trigger.py
[2025-01-31T21:07:53.397+0000] {processor.py:914} INFO - Processing file /home/airflow/.local/lib/python3.12/site-packages/airflow/example_dags/example_latest_only_with_trigger.py for tasks to queue
[2025-01-31T21:07:53.399+0000] {logging_mixin.py:190} INFO - [2025-01-31T21:07:53.399+0000] {dagbag.py:588} INFO - Filling up the DagBag from /home/airflow/.local/lib/python3.12/site-packages/airflow/example_dags/example_latest_only_with_trigger.py
[2025-01-31T21:07:53.406+0000] {processor.py:925} INFO - DAG(s) 'latest_only_with_trigger' retrieved from /home/airflow/.local/lib/python3.12/site-packages/airflow/example_dags/example_latest_only_with_trigger.py
[2025-01-31T21:07:53.421+0000] {logging_mixin.py:190} INFO - [2025-01-31T21:07:53.420+0000] {dag.py:3239} INFO - Sync 1 DAGs
[2025-01-31T21:07:53.439+0000] {logging_mixin.py:190} INFO - [2025-01-31T21:07:53.439+0000] {dag.py:4180} INFO - Setting next_dagrun for latest_only_with_trigger to 2025-01-31 16:00:00+00:00, run_after=2025-01-31 20:00:00+00:00
[2025-01-31T21:07:53.452+0000] {processor.py:208} INFO - Processing /home/airflow/.local/lib/python3.12/site-packages/airflow/example_dags/example_latest_only_with_trigger.py took 0.061 seconds
[2025-01-31T21:08:24.030+0000] {processor.py:186} INFO - Started process (PID=2056) to work on /home/airflow/.local/lib/python3.12/site-packages/airflow/example_dags/example_latest_only_with_trigger.py
[2025-01-31T21:08:24.030+0000] {processor.py:914} INFO - Processing file /home/airflow/.local/lib/python3.12/site-packages/airflow/example_dags/example_latest_only_with_trigger.py for tasks to queue
[2025-01-31T21:08:24.032+0000] {logging_mixin.py:190} INFO - [2025-01-31T21:08:24.032+0000] {dagbag.py:588} INFO - Filling up the DagBag from /home/airflow/.local/lib/python3.12/site-packages/airflow/example_dags/example_latest_only_with_trigger.py
[2025-01-31T21:08:24.038+0000] {processor.py:925} INFO - DAG(s) 'latest_only_with_trigger' retrieved from /home/airflow/.local/lib/python3.12/site-packages/airflow/example_dags/example_latest_only_with_trigger.py
[2025-01-31T21:08:24.053+0000] {logging_mixin.py:190} INFO - [2025-01-31T21:08:24.053+0000] {dag.py:3239} INFO - Sync 1 DAGs
[2025-01-31T21:08:24.069+0000] {logging_mixin.py:190} INFO - [2025-01-31T21:08:24.069+0000] {dag.py:4180} INFO - Setting next_dagrun for latest_only_with_trigger to 2025-01-31 16:00:00+00:00, run_after=2025-01-31 20:00:00+00:00
[2025-01-31T21:08:24.081+0000] {processor.py:208} INFO - Processing /home/airflow/.local/lib/python3.12/site-packages/airflow/example_dags/example_latest_only_with_trigger.py took 0.057 seconds
[2025-01-31T21:08:54.587+0000] {processor.py:186} INFO - Started process (PID=2120) to work on /home/airflow/.local/lib/python3.12/site-packages/airflow/example_dags/example_latest_only_with_trigger.py
[2025-01-31T21:08:54.587+0000] {processor.py:914} INFO - Processing file /home/airflow/.local/lib/python3.12/site-packages/airflow/example_dags/example_latest_only_with_trigger.py for tasks to queue
[2025-01-31T21:08:54.590+0000] {logging_mixin.py:190} INFO - [2025-01-31T21:08:54.589+0000] {dagbag.py:588} INFO - Filling up the DagBag from /home/airflow/.local/lib/python3.12/site-packages/airflow/example_dags/example_latest_only_with_trigger.py
[2025-01-31T21:08:54.597+0000] {processor.py:925} INFO - DAG(s) 'latest_only_with_trigger' retrieved from /home/airflow/.local/lib/python3.12/site-packages/airflow/example_dags/example_latest_only_with_trigger.py
[2025-01-31T21:08:54.617+0000] {logging_mixin.py:190} INFO - [2025-01-31T21:08:54.617+0000] {dag.py:3239} INFO - Sync 1 DAGs
[2025-01-31T21:08:54.634+0000] {logging_mixin.py:190} INFO - [2025-01-31T21:08:54.634+0000] {dag.py:4180} INFO - Setting next_dagrun for latest_only_with_trigger to 2025-01-31 16:00:00+00:00, run_after=2025-01-31 20:00:00+00:00
[2025-01-31T21:08:54.647+0000] {processor.py:208} INFO - Processing /home/airflow/.local/lib/python3.12/site-packages/airflow/example_dags/example_latest_only_with_trigger.py took 0.067 seconds
[2025-01-31T21:09:24.927+0000] {processor.py:186} INFO - Started process (PID=2181) to work on /home/airflow/.local/lib/python3.12/site-packages/airflow/example_dags/example_latest_only_with_trigger.py
[2025-01-31T21:09:24.928+0000] {processor.py:914} INFO - Processing file /home/airflow/.local/lib/python3.12/site-packages/airflow/example_dags/example_latest_only_with_trigger.py for tasks to queue
[2025-01-31T21:09:24.930+0000] {logging_mixin.py:190} INFO - [2025-01-31T21:09:24.930+0000] {dagbag.py:588} INFO - Filling up the DagBag from /home/airflow/.local/lib/python3.12/site-packages/airflow/example_dags/example_latest_only_with_trigger.py
[2025-01-31T21:09:24.937+0000] {processor.py:925} INFO - DAG(s) 'latest_only_with_trigger' retrieved from /home/airflow/.local/lib/python3.12/site-packages/airflow/example_dags/example_latest_only_with_trigger.py
[2025-01-31T21:09:24.957+0000] {logging_mixin.py:190} INFO - [2025-01-31T21:09:24.957+0000] {dag.py:3239} INFO - Sync 1 DAGs
[2025-01-31T21:09:24.980+0000] {logging_mixin.py:190} INFO - [2025-01-31T21:09:24.980+0000] {dag.py:4180} INFO - Setting next_dagrun for latest_only_with_trigger to 2025-01-31 16:00:00+00:00, run_after=2025-01-31 20:00:00+00:00
[2025-01-31T21:09:24.996+0000] {processor.py:208} INFO - Processing /home/airflow/.local/lib/python3.12/site-packages/airflow/example_dags/example_latest_only_with_trigger.py took 0.074 seconds
[2025-01-31T21:09:55.497+0000] {processor.py:186} INFO - Started process (PID=2245) to work on /home/airflow/.local/lib/python3.12/site-packages/airflow/example_dags/example_latest_only_with_trigger.py
[2025-01-31T21:09:55.498+0000] {processor.py:914} INFO - Processing file /home/airflow/.local/lib/python3.12/site-packages/airflow/example_dags/example_latest_only_with_trigger.py for tasks to queue
[2025-01-31T21:09:55.500+0000] {logging_mixin.py:190} INFO - [2025-01-31T21:09:55.500+0000] {dagbag.py:588} INFO - Filling up the DagBag from /home/airflow/.local/lib/python3.12/site-packages/airflow/example_dags/example_latest_only_with_trigger.py
[2025-01-31T21:09:55.508+0000] {processor.py:925} INFO - DAG(s) 'latest_only_with_trigger' retrieved from /home/airflow/.local/lib/python3.12/site-packages/airflow/example_dags/example_latest_only_with_trigger.py
[2025-01-31T21:09:55.529+0000] {logging_mixin.py:190} INFO - [2025-01-31T21:09:55.529+0000] {dag.py:3239} INFO - Sync 1 DAGs
[2025-01-31T21:09:55.556+0000] {logging_mixin.py:190} INFO - [2025-01-31T21:09:55.556+0000] {dag.py:4180} INFO - Setting next_dagrun for latest_only_with_trigger to 2025-01-31 16:00:00+00:00, run_after=2025-01-31 20:00:00+00:00
[2025-01-31T21:09:55.573+0000] {processor.py:208} INFO - Processing /home/airflow/.local/lib/python3.12/site-packages/airflow/example_dags/example_latest_only_with_trigger.py took 0.082 seconds
[2025-01-31T21:10:26.035+0000] {processor.py:186} INFO - Started process (PID=2308) to work on /home/airflow/.local/lib/python3.12/site-packages/airflow/example_dags/example_latest_only_with_trigger.py
[2025-01-31T21:10:26.036+0000] {processor.py:914} INFO - Processing file /home/airflow/.local/lib/python3.12/site-packages/airflow/example_dags/example_latest_only_with_trigger.py for tasks to queue
[2025-01-31T21:10:26.038+0000] {logging_mixin.py:190} INFO - [2025-01-31T21:10:26.037+0000] {dagbag.py:588} INFO - Filling up the DagBag from /home/airflow/.local/lib/python3.12/site-packages/airflow/example_dags/example_latest_only_with_trigger.py
[2025-01-31T21:10:26.043+0000] {processor.py:925} INFO - DAG(s) 'latest_only_with_trigger' retrieved from /home/airflow/.local/lib/python3.12/site-packages/airflow/example_dags/example_latest_only_with_trigger.py
[2025-01-31T21:10:26.060+0000] {logging_mixin.py:190} INFO - [2025-01-31T21:10:26.059+0000] {dag.py:3239} INFO - Sync 1 DAGs
[2025-01-31T21:10:26.075+0000] {logging_mixin.py:190} INFO - [2025-01-31T21:10:26.075+0000] {dag.py:4180} INFO - Setting next_dagrun for latest_only_with_trigger to 2025-01-31 16:00:00+00:00, run_after=2025-01-31 20:00:00+00:00
[2025-01-31T21:10:26.087+0000] {processor.py:208} INFO - Processing /home/airflow/.local/lib/python3.12/site-packages/airflow/example_dags/example_latest_only_with_trigger.py took 0.056 seconds
[2025-01-31T21:10:56.749+0000] {processor.py:186} INFO - Started process (PID=2371) to work on /home/airflow/.local/lib/python3.12/site-packages/airflow/example_dags/example_latest_only_with_trigger.py
[2025-01-31T21:10:56.750+0000] {processor.py:914} INFO - Processing file /home/airflow/.local/lib/python3.12/site-packages/airflow/example_dags/example_latest_only_with_trigger.py for tasks to queue
[2025-01-31T21:10:56.752+0000] {logging_mixin.py:190} INFO - [2025-01-31T21:10:56.752+0000] {dagbag.py:588} INFO - Filling up the DagBag from /home/airflow/.local/lib/python3.12/site-packages/airflow/example_dags/example_latest_only_with_trigger.py
[2025-01-31T21:10:56.759+0000] {processor.py:925} INFO - DAG(s) 'latest_only_with_trigger' retrieved from /home/airflow/.local/lib/python3.12/site-packages/airflow/example_dags/example_latest_only_with_trigger.py
[2025-01-31T21:10:56.773+0000] {logging_mixin.py:190} INFO - [2025-01-31T21:10:56.773+0000] {dag.py:3239} INFO - Sync 1 DAGs
[2025-01-31T21:10:56.790+0000] {logging_mixin.py:190} INFO - [2025-01-31T21:10:56.790+0000] {dag.py:4180} INFO - Setting next_dagrun for latest_only_with_trigger to 2025-01-31 16:00:00+00:00, run_after=2025-01-31 20:00:00+00:00
[2025-01-31T21:10:56.802+0000] {processor.py:208} INFO - Processing /home/airflow/.local/lib/python3.12/site-packages/airflow/example_dags/example_latest_only_with_trigger.py took 0.058 seconds
[2025-01-31T21:11:27.497+0000] {processor.py:186} INFO - Started process (PID=2434) to work on /home/airflow/.local/lib/python3.12/site-packages/airflow/example_dags/example_latest_only_with_trigger.py
[2025-01-31T21:11:27.498+0000] {processor.py:914} INFO - Processing file /home/airflow/.local/lib/python3.12/site-packages/airflow/example_dags/example_latest_only_with_trigger.py for tasks to queue
[2025-01-31T21:11:27.500+0000] {logging_mixin.py:190} INFO - [2025-01-31T21:11:27.500+0000] {dagbag.py:588} INFO - Filling up the DagBag from /home/airflow/.local/lib/python3.12/site-packages/airflow/example_dags/example_latest_only_with_trigger.py
[2025-01-31T21:11:27.508+0000] {processor.py:925} INFO - DAG(s) 'latest_only_with_trigger' retrieved from /home/airflow/.local/lib/python3.12/site-packages/airflow/example_dags/example_latest_only_with_trigger.py
[2025-01-31T21:11:27.530+0000] {logging_mixin.py:190} INFO - [2025-01-31T21:11:27.529+0000] {dag.py:3239} INFO - Sync 1 DAGs
[2025-01-31T21:11:27.554+0000] {logging_mixin.py:190} INFO - [2025-01-31T21:11:27.554+0000] {dag.py:4180} INFO - Setting next_dagrun for latest_only_with_trigger to 2025-01-31 16:00:00+00:00, run_after=2025-01-31 20:00:00+00:00
[2025-01-31T21:11:27.587+0000] {processor.py:208} INFO - Processing /home/airflow/.local/lib/python3.12/site-packages/airflow/example_dags/example_latest_only_with_trigger.py took 0.098 seconds
[2025-01-31T21:11:58.110+0000] {processor.py:186} INFO - Started process (PID=2497) to work on /home/airflow/.local/lib/python3.12/site-packages/airflow/example_dags/example_latest_only_with_trigger.py
[2025-01-31T21:11:58.111+0000] {processor.py:914} INFO - Processing file /home/airflow/.local/lib/python3.12/site-packages/airflow/example_dags/example_latest_only_with_trigger.py for tasks to queue
[2025-01-31T21:11:58.113+0000] {logging_mixin.py:190} INFO - [2025-01-31T21:11:58.113+0000] {dagbag.py:588} INFO - Filling up the DagBag from /home/airflow/.local/lib/python3.12/site-packages/airflow/example_dags/example_latest_only_with_trigger.py
[2025-01-31T21:11:58.118+0000] {processor.py:925} INFO - DAG(s) 'latest_only_with_trigger' retrieved from /home/airflow/.local/lib/python3.12/site-packages/airflow/example_dags/example_latest_only_with_trigger.py
[2025-01-31T21:11:58.134+0000] {logging_mixin.py:190} INFO - [2025-01-31T21:11:58.134+0000] {dag.py:3239} INFO - Sync 1 DAGs
[2025-01-31T21:11:58.150+0000] {logging_mixin.py:190} INFO - [2025-01-31T21:11:58.150+0000] {dag.py:4180} INFO - Setting next_dagrun for latest_only_with_trigger to 2025-01-31 16:00:00+00:00, run_after=2025-01-31 20:00:00+00:00
[2025-01-31T21:11:58.162+0000] {processor.py:208} INFO - Processing /home/airflow/.local/lib/python3.12/site-packages/airflow/example_dags/example_latest_only_with_trigger.py took 0.057 seconds
[2025-01-31T21:12:28.692+0000] {processor.py:186} INFO - Started process (PID=2560) to work on /home/airflow/.local/lib/python3.12/site-packages/airflow/example_dags/example_latest_only_with_trigger.py
[2025-01-31T21:12:28.693+0000] {processor.py:914} INFO - Processing file /home/airflow/.local/lib/python3.12/site-packages/airflow/example_dags/example_latest_only_with_trigger.py for tasks to queue
[2025-01-31T21:12:28.695+0000] {logging_mixin.py:190} INFO - [2025-01-31T21:12:28.695+0000] {dagbag.py:588} INFO - Filling up the DagBag from /home/airflow/.local/lib/python3.12/site-packages/airflow/example_dags/example_latest_only_with_trigger.py
[2025-01-31T21:12:28.703+0000] {processor.py:925} INFO - DAG(s) 'latest_only_with_trigger' retrieved from /home/airflow/.local/lib/python3.12/site-packages/airflow/example_dags/example_latest_only_with_trigger.py
[2025-01-31T21:12:28.717+0000] {logging_mixin.py:190} INFO - [2025-01-31T21:12:28.717+0000] {dag.py:3239} INFO - Sync 1 DAGs
[2025-01-31T21:12:28.734+0000] {logging_mixin.py:190} INFO - [2025-01-31T21:12:28.733+0000] {dag.py:4180} INFO - Setting next_dagrun for latest_only_with_trigger to 2025-01-31 16:00:00+00:00, run_after=2025-01-31 20:00:00+00:00
[2025-01-31T21:12:28.747+0000] {processor.py:208} INFO - Processing /home/airflow/.local/lib/python3.12/site-packages/airflow/example_dags/example_latest_only_with_trigger.py took 0.060 seconds
[2025-01-31T21:12:59.582+0000] {processor.py:186} INFO - Started process (PID=2623) to work on /home/airflow/.local/lib/python3.12/site-packages/airflow/example_dags/example_latest_only_with_trigger.py
[2025-01-31T21:12:59.583+0000] {processor.py:914} INFO - Processing file /home/airflow/.local/lib/python3.12/site-packages/airflow/example_dags/example_latest_only_with_trigger.py for tasks to queue
[2025-01-31T21:12:59.584+0000] {logging_mixin.py:190} INFO - [2025-01-31T21:12:59.584+0000] {dagbag.py:588} INFO - Filling up the DagBag from /home/airflow/.local/lib/python3.12/site-packages/airflow/example_dags/example_latest_only_with_trigger.py
[2025-01-31T21:12:59.589+0000] {processor.py:925} INFO - DAG(s) 'latest_only_with_trigger' retrieved from /home/airflow/.local/lib/python3.12/site-packages/airflow/example_dags/example_latest_only_with_trigger.py
[2025-01-31T21:12:59.606+0000] {logging_mixin.py:190} INFO - [2025-01-31T21:12:59.606+0000] {dag.py:3239} INFO - Sync 1 DAGs
[2025-01-31T21:12:59.630+0000] {logging_mixin.py:190} INFO - [2025-01-31T21:12:59.630+0000] {dag.py:4180} INFO - Setting next_dagrun for latest_only_with_trigger to 2025-01-31 16:00:00+00:00, run_after=2025-01-31 20:00:00+00:00
[2025-01-31T21:12:59.647+0000] {processor.py:208} INFO - Processing /home/airflow/.local/lib/python3.12/site-packages/airflow/example_dags/example_latest_only_with_trigger.py took 0.071 seconds
[2025-01-31T21:13:29.883+0000] {processor.py:186} INFO - Started process (PID=2686) to work on /home/airflow/.local/lib/python3.12/site-packages/airflow/example_dags/example_latest_only_with_trigger.py
[2025-01-31T21:13:29.892+0000] {processor.py:914} INFO - Processing file /home/airflow/.local/lib/python3.12/site-packages/airflow/example_dags/example_latest_only_with_trigger.py for tasks to queue
[2025-01-31T21:13:29.895+0000] {logging_mixin.py:190} INFO - [2025-01-31T21:13:29.894+0000] {dagbag.py:588} INFO - Filling up the DagBag from /home/airflow/.local/lib/python3.12/site-packages/airflow/example_dags/example_latest_only_with_trigger.py
[2025-01-31T21:13:29.917+0000] {processor.py:925} INFO - DAG(s) 'latest_only_with_trigger' retrieved from /home/airflow/.local/lib/python3.12/site-packages/airflow/example_dags/example_latest_only_with_trigger.py
[2025-01-31T21:13:29.940+0000] {logging_mixin.py:190} INFO - [2025-01-31T21:13:29.940+0000] {dag.py:3239} INFO - Sync 1 DAGs
[2025-01-31T21:13:29.975+0000] {logging_mixin.py:190} INFO - [2025-01-31T21:13:29.975+0000] {dag.py:4180} INFO - Setting next_dagrun for latest_only_with_trigger to 2025-01-31 16:00:00+00:00, run_after=2025-01-31 20:00:00+00:00
[2025-01-31T21:13:29.988+0000] {processor.py:208} INFO - Processing /home/airflow/.local/lib/python3.12/site-packages/airflow/example_dags/example_latest_only_with_trigger.py took 0.111 seconds
[2025-01-31T21:14:00.623+0000] {processor.py:186} INFO - Started process (PID=2749) to work on /home/airflow/.local/lib/python3.12/site-packages/airflow/example_dags/example_latest_only_with_trigger.py
[2025-01-31T21:14:00.624+0000] {processor.py:914} INFO - Processing file /home/airflow/.local/lib/python3.12/site-packages/airflow/example_dags/example_latest_only_with_trigger.py for tasks to queue
[2025-01-31T21:14:00.626+0000] {logging_mixin.py:190} INFO - [2025-01-31T21:14:00.625+0000] {dagbag.py:588} INFO - Filling up the DagBag from /home/airflow/.local/lib/python3.12/site-packages/airflow/example_dags/example_latest_only_with_trigger.py
[2025-01-31T21:14:00.631+0000] {processor.py:925} INFO - DAG(s) 'latest_only_with_trigger' retrieved from /home/airflow/.local/lib/python3.12/site-packages/airflow/example_dags/example_latest_only_with_trigger.py
[2025-01-31T21:14:00.646+0000] {logging_mixin.py:190} INFO - [2025-01-31T21:14:00.646+0000] {dag.py:3239} INFO - Sync 1 DAGs
[2025-01-31T21:14:00.819+0000] {logging_mixin.py:190} INFO - [2025-01-31T21:14:00.819+0000] {dag.py:4180} INFO - Setting next_dagrun for latest_only_with_trigger to 2025-01-31 16:00:00+00:00, run_after=2025-01-31 20:00:00+00:00
[2025-01-31T21:14:00.830+0000] {processor.py:208} INFO - Processing /home/airflow/.local/lib/python3.12/site-packages/airflow/example_dags/example_latest_only_with_trigger.py took 0.213 seconds
[2025-01-31T21:14:31.609+0000] {processor.py:186} INFO - Started process (PID=2812) to work on /home/airflow/.local/lib/python3.12/site-packages/airflow/example_dags/example_latest_only_with_trigger.py
[2025-01-31T21:14:31.610+0000] {processor.py:914} INFO - Processing file /home/airflow/.local/lib/python3.12/site-packages/airflow/example_dags/example_latest_only_with_trigger.py for tasks to queue
[2025-01-31T21:14:31.613+0000] {logging_mixin.py:190} INFO - [2025-01-31T21:14:31.612+0000] {dagbag.py:588} INFO - Filling up the DagBag from /home/airflow/.local/lib/python3.12/site-packages/airflow/example_dags/example_latest_only_with_trigger.py
[2025-01-31T21:14:31.621+0000] {processor.py:925} INFO - DAG(s) 'latest_only_with_trigger' retrieved from /home/airflow/.local/lib/python3.12/site-packages/airflow/example_dags/example_latest_only_with_trigger.py
[2025-01-31T21:14:31.642+0000] {logging_mixin.py:190} INFO - [2025-01-31T21:14:31.641+0000] {dag.py:3239} INFO - Sync 1 DAGs
[2025-01-31T21:14:31.814+0000] {logging_mixin.py:190} INFO - [2025-01-31T21:14:31.813+0000] {dag.py:4180} INFO - Setting next_dagrun for latest_only_with_trigger to 2025-01-31 16:00:00+00:00, run_after=2025-01-31 20:00:00+00:00
[2025-01-31T21:14:31.825+0000] {processor.py:208} INFO - Processing /home/airflow/.local/lib/python3.12/site-packages/airflow/example_dags/example_latest_only_with_trigger.py took 0.222 seconds
[2025-01-31T21:15:02.270+0000] {processor.py:186} INFO - Started process (PID=2874) to work on /home/airflow/.local/lib/python3.12/site-packages/airflow/example_dags/example_latest_only_with_trigger.py
[2025-01-31T21:15:02.272+0000] {processor.py:914} INFO - Processing file /home/airflow/.local/lib/python3.12/site-packages/airflow/example_dags/example_latest_only_with_trigger.py for tasks to queue
[2025-01-31T21:15:02.293+0000] {logging_mixin.py:190} INFO - [2025-01-31T21:15:02.293+0000] {dagbag.py:588} INFO - Filling up the DagBag from /home/airflow/.local/lib/python3.12/site-packages/airflow/example_dags/example_latest_only_with_trigger.py
[2025-01-31T21:15:02.306+0000] {processor.py:925} INFO - DAG(s) 'latest_only_with_trigger' retrieved from /home/airflow/.local/lib/python3.12/site-packages/airflow/example_dags/example_latest_only_with_trigger.py
[2025-01-31T21:15:02.343+0000] {logging_mixin.py:190} INFO - [2025-01-31T21:15:02.342+0000] {dag.py:3239} INFO - Sync 1 DAGs
[2025-01-31T21:15:02.566+0000] {logging_mixin.py:190} INFO - [2025-01-31T21:15:02.566+0000] {dag.py:4180} INFO - Setting next_dagrun for latest_only_with_trigger to 2025-01-31 16:00:00+00:00, run_after=2025-01-31 20:00:00+00:00
[2025-01-31T21:15:02.584+0000] {processor.py:208} INFO - Processing /home/airflow/.local/lib/python3.12/site-packages/airflow/example_dags/example_latest_only_with_trigger.py took 0.331 seconds
[2025-01-31T21:15:33.596+0000] {processor.py:186} INFO - Started process (PID=2937) to work on /home/airflow/.local/lib/python3.12/site-packages/airflow/example_dags/example_latest_only_with_trigger.py
[2025-01-31T21:15:33.600+0000] {processor.py:914} INFO - Processing file /home/airflow/.local/lib/python3.12/site-packages/airflow/example_dags/example_latest_only_with_trigger.py for tasks to queue
[2025-01-31T21:15:33.603+0000] {logging_mixin.py:190} INFO - [2025-01-31T21:15:33.602+0000] {dagbag.py:588} INFO - Filling up the DagBag from /home/airflow/.local/lib/python3.12/site-packages/airflow/example_dags/example_latest_only_with_trigger.py
[2025-01-31T21:15:33.614+0000] {processor.py:925} INFO - DAG(s) 'latest_only_with_trigger' retrieved from /home/airflow/.local/lib/python3.12/site-packages/airflow/example_dags/example_latest_only_with_trigger.py
[2025-01-31T21:15:33.635+0000] {logging_mixin.py:190} INFO - [2025-01-31T21:15:33.635+0000] {dag.py:3239} INFO - Sync 1 DAGs
[2025-01-31T21:15:33.659+0000] {logging_mixin.py:190} INFO - [2025-01-31T21:15:33.659+0000] {dag.py:4180} INFO - Setting next_dagrun for latest_only_with_trigger to 2025-01-31 16:00:00+00:00, run_after=2025-01-31 20:00:00+00:00
[2025-01-31T21:15:33.676+0000] {processor.py:208} INFO - Processing /home/airflow/.local/lib/python3.12/site-packages/airflow/example_dags/example_latest_only_with_trigger.py took 0.085 seconds
[2025-01-31T21:16:03.933+0000] {processor.py:186} INFO - Started process (PID=3001) to work on /home/airflow/.local/lib/python3.12/site-packages/airflow/example_dags/example_latest_only_with_trigger.py
[2025-01-31T21:16:03.934+0000] {processor.py:914} INFO - Processing file /home/airflow/.local/lib/python3.12/site-packages/airflow/example_dags/example_latest_only_with_trigger.py for tasks to queue
[2025-01-31T21:16:03.936+0000] {logging_mixin.py:190} INFO - [2025-01-31T21:16:03.936+0000] {dagbag.py:588} INFO - Filling up the DagBag from /home/airflow/.local/lib/python3.12/site-packages/airflow/example_dags/example_latest_only_with_trigger.py
[2025-01-31T21:16:03.944+0000] {processor.py:925} INFO - DAG(s) 'latest_only_with_trigger' retrieved from /home/airflow/.local/lib/python3.12/site-packages/airflow/example_dags/example_latest_only_with_trigger.py
[2025-01-31T21:16:03.966+0000] {logging_mixin.py:190} INFO - [2025-01-31T21:16:03.966+0000] {dag.py:3239} INFO - Sync 1 DAGs
[2025-01-31T21:16:03.991+0000] {logging_mixin.py:190} INFO - [2025-01-31T21:16:03.991+0000] {dag.py:4180} INFO - Setting next_dagrun for latest_only_with_trigger to 2025-01-31 16:00:00+00:00, run_after=2025-01-31 20:00:00+00:00
[2025-01-31T21:16:04.008+0000] {processor.py:208} INFO - Processing /home/airflow/.local/lib/python3.12/site-packages/airflow/example_dags/example_latest_only_with_trigger.py took 0.081 seconds
[2025-01-31T21:16:34.598+0000] {processor.py:186} INFO - Started process (PID=3064) to work on /home/airflow/.local/lib/python3.12/site-packages/airflow/example_dags/example_latest_only_with_trigger.py
[2025-01-31T21:16:34.599+0000] {processor.py:914} INFO - Processing file /home/airflow/.local/lib/python3.12/site-packages/airflow/example_dags/example_latest_only_with_trigger.py for tasks to queue
[2025-01-31T21:16:34.601+0000] {logging_mixin.py:190} INFO - [2025-01-31T21:16:34.601+0000] {dagbag.py:588} INFO - Filling up the DagBag from /home/airflow/.local/lib/python3.12/site-packages/airflow/example_dags/example_latest_only_with_trigger.py
[2025-01-31T21:16:34.609+0000] {processor.py:925} INFO - DAG(s) 'latest_only_with_trigger' retrieved from /home/airflow/.local/lib/python3.12/site-packages/airflow/example_dags/example_latest_only_with_trigger.py
[2025-01-31T21:16:34.635+0000] {logging_mixin.py:190} INFO - [2025-01-31T21:16:34.634+0000] {dag.py:3239} INFO - Sync 1 DAGs
[2025-01-31T21:16:34.661+0000] {logging_mixin.py:190} INFO - [2025-01-31T21:16:34.660+0000] {dag.py:4180} INFO - Setting next_dagrun for latest_only_with_trigger to 2025-01-31 16:00:00+00:00, run_after=2025-01-31 20:00:00+00:00
[2025-01-31T21:16:34.677+0000] {processor.py:208} INFO - Processing /home/airflow/.local/lib/python3.12/site-packages/airflow/example_dags/example_latest_only_with_trigger.py took 0.085 seconds
[2025-01-31T21:17:05.218+0000] {processor.py:186} INFO - Started process (PID=3127) to work on /home/airflow/.local/lib/python3.12/site-packages/airflow/example_dags/example_latest_only_with_trigger.py
[2025-01-31T21:17:05.223+0000] {processor.py:914} INFO - Processing file /home/airflow/.local/lib/python3.12/site-packages/airflow/example_dags/example_latest_only_with_trigger.py for tasks to queue
[2025-01-31T21:17:05.229+0000] {logging_mixin.py:190} INFO - [2025-01-31T21:17:05.228+0000] {dagbag.py:588} INFO - Filling up the DagBag from /home/airflow/.local/lib/python3.12/site-packages/airflow/example_dags/example_latest_only_with_trigger.py
[2025-01-31T21:17:05.257+0000] {processor.py:925} INFO - DAG(s) 'latest_only_with_trigger' retrieved from /home/airflow/.local/lib/python3.12/site-packages/airflow/example_dags/example_latest_only_with_trigger.py
[2025-01-31T21:17:05.286+0000] {logging_mixin.py:190} INFO - [2025-01-31T21:17:05.286+0000] {dag.py:3239} INFO - Sync 1 DAGs
[2025-01-31T21:17:05.333+0000] {logging_mixin.py:190} INFO - [2025-01-31T21:17:05.333+0000] {dag.py:4180} INFO - Setting next_dagrun for latest_only_with_trigger to 2025-01-31 16:00:00+00:00, run_after=2025-01-31 20:00:00+00:00
[2025-01-31T21:17:05.376+0000] {processor.py:208} INFO - Processing /home/airflow/.local/lib/python3.12/site-packages/airflow/example_dags/example_latest_only_with_trigger.py took 0.168 seconds
[2025-01-31T21:17:36.054+0000] {processor.py:186} INFO - Started process (PID=3190) to work on /home/airflow/.local/lib/python3.12/site-packages/airflow/example_dags/example_latest_only_with_trigger.py
[2025-01-31T21:17:36.055+0000] {processor.py:914} INFO - Processing file /home/airflow/.local/lib/python3.12/site-packages/airflow/example_dags/example_latest_only_with_trigger.py for tasks to queue
[2025-01-31T21:17:36.057+0000] {logging_mixin.py:190} INFO - [2025-01-31T21:17:36.057+0000] {dagbag.py:588} INFO - Filling up the DagBag from /home/airflow/.local/lib/python3.12/site-packages/airflow/example_dags/example_latest_only_with_trigger.py
[2025-01-31T21:17:36.066+0000] {processor.py:925} INFO - DAG(s) 'latest_only_with_trigger' retrieved from /home/airflow/.local/lib/python3.12/site-packages/airflow/example_dags/example_latest_only_with_trigger.py
[2025-01-31T21:17:36.088+0000] {logging_mixin.py:190} INFO - [2025-01-31T21:17:36.087+0000] {dag.py:3239} INFO - Sync 1 DAGs
[2025-01-31T21:17:36.112+0000] {logging_mixin.py:190} INFO - [2025-01-31T21:17:36.112+0000] {dag.py:4180} INFO - Setting next_dagrun for latest_only_with_trigger to 2025-01-31 16:00:00+00:00, run_after=2025-01-31 20:00:00+00:00
[2025-01-31T21:17:36.129+0000] {processor.py:208} INFO - Processing /home/airflow/.local/lib/python3.12/site-packages/airflow/example_dags/example_latest_only_with_trigger.py took 0.080 seconds
[2025-01-31T21:18:06.924+0000] {processor.py:186} INFO - Started process (PID=3253) to work on /home/airflow/.local/lib/python3.12/site-packages/airflow/example_dags/example_latest_only_with_trigger.py
[2025-01-31T21:18:06.925+0000] {processor.py:914} INFO - Processing file /home/airflow/.local/lib/python3.12/site-packages/airflow/example_dags/example_latest_only_with_trigger.py for tasks to queue
[2025-01-31T21:18:06.927+0000] {logging_mixin.py:190} INFO - [2025-01-31T21:18:06.927+0000] {dagbag.py:588} INFO - Filling up the DagBag from /home/airflow/.local/lib/python3.12/site-packages/airflow/example_dags/example_latest_only_with_trigger.py
[2025-01-31T21:18:06.936+0000] {processor.py:925} INFO - DAG(s) 'latest_only_with_trigger' retrieved from /home/airflow/.local/lib/python3.12/site-packages/airflow/example_dags/example_latest_only_with_trigger.py
[2025-01-31T21:18:06.957+0000] {logging_mixin.py:190} INFO - [2025-01-31T21:18:06.957+0000] {dag.py:3239} INFO - Sync 1 DAGs
[2025-01-31T21:18:06.982+0000] {logging_mixin.py:190} INFO - [2025-01-31T21:18:06.982+0000] {dag.py:4180} INFO - Setting next_dagrun for latest_only_with_trigger to 2025-01-31 16:00:00+00:00, run_after=2025-01-31 20:00:00+00:00
[2025-01-31T21:18:06.999+0000] {processor.py:208} INFO - Processing /home/airflow/.local/lib/python3.12/site-packages/airflow/example_dags/example_latest_only_with_trigger.py took 0.081 seconds
