[2025-01-31T20:52:43.246+0000] {processor.py:186} INFO - Started process (PID=110) to work on /home/airflow/.local/lib/python3.12/site-packages/airflow/example_dags/example_display_name.py
[2025-01-31T20:52:43.247+0000] {processor.py:914} INFO - Processing file /home/airflow/.local/lib/python3.12/site-packages/airflow/example_dags/example_display_name.py for tasks to queue
[2025-01-31T20:52:43.251+0000] {logging_mixin.py:190} INFO - [2025-01-31T20:52:43.251+0000] {dagbag.py:588} INFO - Filling up the DagBag from /home/airflow/.local/lib/python3.12/site-packages/airflow/example_dags/example_display_name.py
[2025-01-31T20:52:43.263+0000] {processor.py:925} INFO - DAG(s) 'example_display_name' retrieved from /home/airflow/.local/lib/python3.12/site-packages/airflow/example_dags/example_display_name.py
[2025-01-31T20:52:43.602+0000] {logging_mixin.py:190} INFO - [2025-01-31T20:52:43.598+0000] {override.py:1911} INFO - Created Permission View: can delete on DAG:example_display_name
[2025-01-31T20:52:43.638+0000] {logging_mixin.py:190} INFO - [2025-01-31T20:52:43.638+0000] {override.py:1911} INFO - Created Permission View: can edit on DAG:example_display_name
[2025-01-31T20:52:43.651+0000] {logging_mixin.py:190} INFO - [2025-01-31T20:52:43.651+0000] {override.py:1911} INFO - Created Permission View: can read on DAG:example_display_name
[2025-01-31T20:52:43.687+0000] {logging_mixin.py:190} INFO - [2025-01-31T20:52:43.687+0000] {override.py:1911} INFO - Created Permission View: menu access on DAG Run:example_display_name
[2025-01-31T20:52:43.732+0000] {logging_mixin.py:190} INFO - [2025-01-31T20:52:43.731+0000] {override.py:1911} INFO - Created Permission View: can delete on DAG Run:example_display_name
[2025-01-31T20:52:43.750+0000] {logging_mixin.py:190} INFO - [2025-01-31T20:52:43.750+0000] {override.py:1911} INFO - Created Permission View: can create on DAG Run:example_display_name
[2025-01-31T20:52:43.786+0000] {logging_mixin.py:190} INFO - [2025-01-31T20:52:43.786+0000] {override.py:1911} INFO - Created Permission View: can read on DAG Run:example_display_name
[2025-01-31T20:52:43.786+0000] {logging_mixin.py:190} INFO - [2025-01-31T20:52:43.786+0000] {dag.py:3239} INFO - Sync 1 DAGs
[2025-01-31T20:52:43.823+0000] {logging_mixin.py:190} INFO - [2025-01-31T20:52:43.823+0000] {dag.py:3262} INFO - Creating ORM DAG for example_display_name
[2025-01-31T20:52:43.824+0000] {logging_mixin.py:190} INFO - [2025-01-31T20:52:43.824+0000] {dag.py:4180} INFO - Setting next_dagrun for example_display_name to None, run_after=None
[2025-01-31T20:52:43.874+0000] {processor.py:208} INFO - Processing /home/airflow/.local/lib/python3.12/site-packages/airflow/example_dags/example_display_name.py took 0.642 seconds
[2025-01-31T20:53:14.223+0000] {processor.py:186} INFO - Started process (PID=178) to work on /home/airflow/.local/lib/python3.12/site-packages/airflow/example_dags/example_display_name.py
[2025-01-31T20:53:14.224+0000] {processor.py:914} INFO - Processing file /home/airflow/.local/lib/python3.12/site-packages/airflow/example_dags/example_display_name.py for tasks to queue
[2025-01-31T20:53:14.228+0000] {logging_mixin.py:190} INFO - [2025-01-31T20:53:14.228+0000] {dagbag.py:588} INFO - Filling up the DagBag from /home/airflow/.local/lib/python3.12/site-packages/airflow/example_dags/example_display_name.py
[2025-01-31T20:53:14.242+0000] {processor.py:925} INFO - DAG(s) 'example_display_name' retrieved from /home/airflow/.local/lib/python3.12/site-packages/airflow/example_dags/example_display_name.py
[2025-01-31T20:53:14.273+0000] {logging_mixin.py:190} INFO - [2025-01-31T20:53:14.273+0000] {dag.py:3239} INFO - Sync 1 DAGs
[2025-01-31T20:53:14.298+0000] {logging_mixin.py:190} INFO - [2025-01-31T20:53:14.297+0000] {dag.py:4180} INFO - Setting next_dagrun for example_display_name to None, run_after=None
[2025-01-31T20:53:14.314+0000] {processor.py:208} INFO - Processing /home/airflow/.local/lib/python3.12/site-packages/airflow/example_dags/example_display_name.py took 0.101 seconds
[2025-01-31T20:53:44.462+0000] {processor.py:186} INFO - Started process (PID=235) to work on /home/airflow/.local/lib/python3.12/site-packages/airflow/example_dags/example_display_name.py
[2025-01-31T20:53:44.465+0000] {processor.py:914} INFO - Processing file /home/airflow/.local/lib/python3.12/site-packages/airflow/example_dags/example_display_name.py for tasks to queue
[2025-01-31T20:53:44.467+0000] {logging_mixin.py:190} INFO - [2025-01-31T20:53:44.467+0000] {dagbag.py:588} INFO - Filling up the DagBag from /home/airflow/.local/lib/python3.12/site-packages/airflow/example_dags/example_display_name.py
[2025-01-31T20:53:44.475+0000] {processor.py:925} INFO - DAG(s) 'example_display_name' retrieved from /home/airflow/.local/lib/python3.12/site-packages/airflow/example_dags/example_display_name.py
[2025-01-31T20:53:44.492+0000] {logging_mixin.py:190} INFO - [2025-01-31T20:53:44.491+0000] {dag.py:3239} INFO - Sync 1 DAGs
[2025-01-31T20:53:44.502+0000] {logging_mixin.py:190} INFO - [2025-01-31T20:53:44.502+0000] {dag.py:4180} INFO - Setting next_dagrun for example_display_name to None, run_after=None
[2025-01-31T20:53:44.518+0000] {processor.py:208} INFO - Processing /home/airflow/.local/lib/python3.12/site-packages/airflow/example_dags/example_display_name.py took 0.061 seconds
[2025-01-31T20:54:17.152+0000] {processor.py:186} INFO - Started process (PID=304) to work on /home/airflow/.local/lib/python3.12/site-packages/airflow/example_dags/example_display_name.py
[2025-01-31T20:54:17.160+0000] {processor.py:914} INFO - Processing file /home/airflow/.local/lib/python3.12/site-packages/airflow/example_dags/example_display_name.py for tasks to queue
[2025-01-31T20:54:17.163+0000] {logging_mixin.py:190} INFO - [2025-01-31T20:54:17.162+0000] {dagbag.py:588} INFO - Filling up the DagBag from /home/airflow/.local/lib/python3.12/site-packages/airflow/example_dags/example_display_name.py
[2025-01-31T20:54:17.180+0000] {processor.py:925} INFO - DAG(s) 'example_display_name' retrieved from /home/airflow/.local/lib/python3.12/site-packages/airflow/example_dags/example_display_name.py
[2025-01-31T20:54:17.229+0000] {logging_mixin.py:190} INFO - [2025-01-31T20:54:17.229+0000] {dag.py:3239} INFO - Sync 1 DAGs
[2025-01-31T20:54:17.280+0000] {logging_mixin.py:190} INFO - [2025-01-31T20:54:17.280+0000] {dag.py:4180} INFO - Setting next_dagrun for example_display_name to None, run_after=None
[2025-01-31T20:54:17.306+0000] {processor.py:208} INFO - Processing /home/airflow/.local/lib/python3.12/site-packages/airflow/example_dags/example_display_name.py took 0.169 seconds
[2025-01-31T20:54:48.507+0000] {processor.py:186} INFO - Started process (PID=369) to work on /home/airflow/.local/lib/python3.12/site-packages/airflow/example_dags/example_display_name.py
[2025-01-31T20:54:48.517+0000] {processor.py:914} INFO - Processing file /home/airflow/.local/lib/python3.12/site-packages/airflow/example_dags/example_display_name.py for tasks to queue
[2025-01-31T20:54:48.519+0000] {logging_mixin.py:190} INFO - [2025-01-31T20:54:48.519+0000] {dagbag.py:588} INFO - Filling up the DagBag from /home/airflow/.local/lib/python3.12/site-packages/airflow/example_dags/example_display_name.py
[2025-01-31T20:54:48.527+0000] {processor.py:925} INFO - DAG(s) 'example_display_name' retrieved from /home/airflow/.local/lib/python3.12/site-packages/airflow/example_dags/example_display_name.py
[2025-01-31T20:54:48.573+0000] {logging_mixin.py:190} INFO - [2025-01-31T20:54:48.572+0000] {dag.py:3239} INFO - Sync 1 DAGs
[2025-01-31T20:54:48.600+0000] {logging_mixin.py:190} INFO - [2025-01-31T20:54:48.600+0000] {dag.py:4180} INFO - Setting next_dagrun for example_display_name to None, run_after=None
[2025-01-31T20:54:48.633+0000] {processor.py:208} INFO - Processing /home/airflow/.local/lib/python3.12/site-packages/airflow/example_dags/example_display_name.py took 0.131 seconds
[2025-01-31T20:55:18.948+0000] {processor.py:186} INFO - Started process (PID=432) to work on /home/airflow/.local/lib/python3.12/site-packages/airflow/example_dags/example_display_name.py
[2025-01-31T20:55:18.949+0000] {processor.py:914} INFO - Processing file /home/airflow/.local/lib/python3.12/site-packages/airflow/example_dags/example_display_name.py for tasks to queue
[2025-01-31T20:55:18.950+0000] {logging_mixin.py:190} INFO - [2025-01-31T20:55:18.950+0000] {dagbag.py:588} INFO - Filling up the DagBag from /home/airflow/.local/lib/python3.12/site-packages/airflow/example_dags/example_display_name.py
[2025-01-31T20:55:18.956+0000] {processor.py:925} INFO - DAG(s) 'example_display_name' retrieved from /home/airflow/.local/lib/python3.12/site-packages/airflow/example_dags/example_display_name.py
[2025-01-31T20:55:18.970+0000] {logging_mixin.py:190} INFO - [2025-01-31T20:55:18.969+0000] {dag.py:3239} INFO - Sync 1 DAGs
[2025-01-31T20:55:18.979+0000] {logging_mixin.py:190} INFO - [2025-01-31T20:55:18.979+0000] {dag.py:4180} INFO - Setting next_dagrun for example_display_name to None, run_after=None
[2025-01-31T20:55:18.991+0000] {processor.py:208} INFO - Processing /home/airflow/.local/lib/python3.12/site-packages/airflow/example_dags/example_display_name.py took 0.048 seconds
[2025-01-31T20:55:49.501+0000] {processor.py:186} INFO - Started process (PID=496) to work on /home/airflow/.local/lib/python3.12/site-packages/airflow/example_dags/example_display_name.py
[2025-01-31T20:55:49.502+0000] {processor.py:914} INFO - Processing file /home/airflow/.local/lib/python3.12/site-packages/airflow/example_dags/example_display_name.py for tasks to queue
[2025-01-31T20:55:49.504+0000] {logging_mixin.py:190} INFO - [2025-01-31T20:55:49.504+0000] {dagbag.py:588} INFO - Filling up the DagBag from /home/airflow/.local/lib/python3.12/site-packages/airflow/example_dags/example_display_name.py
[2025-01-31T20:55:49.512+0000] {processor.py:925} INFO - DAG(s) 'example_display_name' retrieved from /home/airflow/.local/lib/python3.12/site-packages/airflow/example_dags/example_display_name.py
[2025-01-31T20:55:49.531+0000] {logging_mixin.py:190} INFO - [2025-01-31T20:55:49.531+0000] {dag.py:3239} INFO - Sync 1 DAGs
[2025-01-31T20:55:49.547+0000] {logging_mixin.py:190} INFO - [2025-01-31T20:55:49.546+0000] {dag.py:4180} INFO - Setting next_dagrun for example_display_name to None, run_after=None
[2025-01-31T20:55:49.562+0000] {processor.py:208} INFO - Processing /home/airflow/.local/lib/python3.12/site-packages/airflow/example_dags/example_display_name.py took 0.067 seconds
[2025-01-31T20:56:20.534+0000] {processor.py:186} INFO - Started process (PID=559) to work on /home/airflow/.local/lib/python3.12/site-packages/airflow/example_dags/example_display_name.py
[2025-01-31T20:56:20.534+0000] {processor.py:914} INFO - Processing file /home/airflow/.local/lib/python3.12/site-packages/airflow/example_dags/example_display_name.py for tasks to queue
[2025-01-31T20:56:20.537+0000] {logging_mixin.py:190} INFO - [2025-01-31T20:56:20.536+0000] {dagbag.py:588} INFO - Filling up the DagBag from /home/airflow/.local/lib/python3.12/site-packages/airflow/example_dags/example_display_name.py
[2025-01-31T20:56:20.544+0000] {processor.py:925} INFO - DAG(s) 'example_display_name' retrieved from /home/airflow/.local/lib/python3.12/site-packages/airflow/example_dags/example_display_name.py
[2025-01-31T20:56:20.563+0000] {logging_mixin.py:190} INFO - [2025-01-31T20:56:20.562+0000] {dag.py:3239} INFO - Sync 1 DAGs
[2025-01-31T20:56:20.577+0000] {logging_mixin.py:190} INFO - [2025-01-31T20:56:20.577+0000] {dag.py:4180} INFO - Setting next_dagrun for example_display_name to None, run_after=None
[2025-01-31T20:56:20.594+0000] {processor.py:208} INFO - Processing /home/airflow/.local/lib/python3.12/site-packages/airflow/example_dags/example_display_name.py took 0.067 seconds
[2025-01-31T20:56:50.732+0000] {processor.py:186} INFO - Started process (PID=621) to work on /home/airflow/.local/lib/python3.12/site-packages/airflow/example_dags/example_display_name.py
[2025-01-31T20:56:50.733+0000] {processor.py:914} INFO - Processing file /home/airflow/.local/lib/python3.12/site-packages/airflow/example_dags/example_display_name.py for tasks to queue
[2025-01-31T20:56:50.735+0000] {logging_mixin.py:190} INFO - [2025-01-31T20:56:50.735+0000] {dagbag.py:588} INFO - Filling up the DagBag from /home/airflow/.local/lib/python3.12/site-packages/airflow/example_dags/example_display_name.py
[2025-01-31T20:56:50.743+0000] {processor.py:925} INFO - DAG(s) 'example_display_name' retrieved from /home/airflow/.local/lib/python3.12/site-packages/airflow/example_dags/example_display_name.py
[2025-01-31T20:56:50.762+0000] {logging_mixin.py:190} INFO - [2025-01-31T20:56:50.762+0000] {dag.py:3239} INFO - Sync 1 DAGs
[2025-01-31T20:56:50.777+0000] {logging_mixin.py:190} INFO - [2025-01-31T20:56:50.776+0000] {dag.py:4180} INFO - Setting next_dagrun for example_display_name to None, run_after=None
[2025-01-31T20:56:50.796+0000] {processor.py:208} INFO - Processing /home/airflow/.local/lib/python3.12/site-packages/airflow/example_dags/example_display_name.py took 0.069 seconds
[2025-01-31T20:57:21.132+0000] {processor.py:186} INFO - Started process (PID=685) to work on /home/airflow/.local/lib/python3.12/site-packages/airflow/example_dags/example_display_name.py
[2025-01-31T20:57:21.132+0000] {processor.py:914} INFO - Processing file /home/airflow/.local/lib/python3.12/site-packages/airflow/example_dags/example_display_name.py for tasks to queue
[2025-01-31T20:57:21.134+0000] {logging_mixin.py:190} INFO - [2025-01-31T20:57:21.134+0000] {dagbag.py:588} INFO - Filling up the DagBag from /home/airflow/.local/lib/python3.12/site-packages/airflow/example_dags/example_display_name.py
[2025-01-31T20:57:21.142+0000] {processor.py:925} INFO - DAG(s) 'example_display_name' retrieved from /home/airflow/.local/lib/python3.12/site-packages/airflow/example_dags/example_display_name.py
[2025-01-31T20:57:21.161+0000] {logging_mixin.py:190} INFO - [2025-01-31T20:57:21.161+0000] {dag.py:3239} INFO - Sync 1 DAGs
[2025-01-31T20:57:21.176+0000] {logging_mixin.py:190} INFO - [2025-01-31T20:57:21.176+0000] {dag.py:4180} INFO - Setting next_dagrun for example_display_name to None, run_after=None
[2025-01-31T20:57:21.193+0000] {processor.py:208} INFO - Processing /home/airflow/.local/lib/python3.12/site-packages/airflow/example_dags/example_display_name.py took 0.066 seconds
[2025-01-31T20:57:52.018+0000] {processor.py:186} INFO - Started process (PID=749) to work on /home/airflow/.local/lib/python3.12/site-packages/airflow/example_dags/example_display_name.py
[2025-01-31T20:57:52.019+0000] {processor.py:914} INFO - Processing file /home/airflow/.local/lib/python3.12/site-packages/airflow/example_dags/example_display_name.py for tasks to queue
[2025-01-31T20:57:52.021+0000] {logging_mixin.py:190} INFO - [2025-01-31T20:57:52.021+0000] {dagbag.py:588} INFO - Filling up the DagBag from /home/airflow/.local/lib/python3.12/site-packages/airflow/example_dags/example_display_name.py
[2025-01-31T20:57:52.029+0000] {processor.py:925} INFO - DAG(s) 'example_display_name' retrieved from /home/airflow/.local/lib/python3.12/site-packages/airflow/example_dags/example_display_name.py
[2025-01-31T20:57:52.047+0000] {logging_mixin.py:190} INFO - [2025-01-31T20:57:52.047+0000] {dag.py:3239} INFO - Sync 1 DAGs
[2025-01-31T20:57:52.062+0000] {logging_mixin.py:190} INFO - [2025-01-31T20:57:52.062+0000] {dag.py:4180} INFO - Setting next_dagrun for example_display_name to None, run_after=None
[2025-01-31T20:57:52.085+0000] {processor.py:208} INFO - Processing /home/airflow/.local/lib/python3.12/site-packages/airflow/example_dags/example_display_name.py took 0.072 seconds
[2025-01-31T20:58:22.803+0000] {processor.py:186} INFO - Started process (PID=812) to work on /home/airflow/.local/lib/python3.12/site-packages/airflow/example_dags/example_display_name.py
[2025-01-31T20:58:22.803+0000] {processor.py:914} INFO - Processing file /home/airflow/.local/lib/python3.12/site-packages/airflow/example_dags/example_display_name.py for tasks to queue
[2025-01-31T20:58:22.806+0000] {logging_mixin.py:190} INFO - [2025-01-31T20:58:22.805+0000] {dagbag.py:588} INFO - Filling up the DagBag from /home/airflow/.local/lib/python3.12/site-packages/airflow/example_dags/example_display_name.py
[2025-01-31T20:58:22.814+0000] {processor.py:925} INFO - DAG(s) 'example_display_name' retrieved from /home/airflow/.local/lib/python3.12/site-packages/airflow/example_dags/example_display_name.py
[2025-01-31T20:58:22.832+0000] {logging_mixin.py:190} INFO - [2025-01-31T20:58:22.832+0000] {dag.py:3239} INFO - Sync 1 DAGs
[2025-01-31T20:58:22.847+0000] {logging_mixin.py:190} INFO - [2025-01-31T20:58:22.847+0000] {dag.py:4180} INFO - Setting next_dagrun for example_display_name to None, run_after=None
[2025-01-31T20:58:22.868+0000] {processor.py:208} INFO - Processing /home/airflow/.local/lib/python3.12/site-packages/airflow/example_dags/example_display_name.py took 0.071 seconds
[2025-01-31T20:58:53.748+0000] {processor.py:186} INFO - Started process (PID=874) to work on /home/airflow/.local/lib/python3.12/site-packages/airflow/example_dags/example_display_name.py
[2025-01-31T20:58:53.750+0000] {processor.py:914} INFO - Processing file /home/airflow/.local/lib/python3.12/site-packages/airflow/example_dags/example_display_name.py for tasks to queue
[2025-01-31T20:58:53.752+0000] {logging_mixin.py:190} INFO - [2025-01-31T20:58:53.751+0000] {dagbag.py:588} INFO - Filling up the DagBag from /home/airflow/.local/lib/python3.12/site-packages/airflow/example_dags/example_display_name.py
[2025-01-31T20:58:53.759+0000] {processor.py:925} INFO - DAG(s) 'example_display_name' retrieved from /home/airflow/.local/lib/python3.12/site-packages/airflow/example_dags/example_display_name.py
[2025-01-31T20:58:53.777+0000] {logging_mixin.py:190} INFO - [2025-01-31T20:58:53.777+0000] {dag.py:3239} INFO - Sync 1 DAGs
[2025-01-31T20:58:53.793+0000] {logging_mixin.py:190} INFO - [2025-01-31T20:58:53.793+0000] {dag.py:4180} INFO - Setting next_dagrun for example_display_name to None, run_after=None
[2025-01-31T20:58:53.815+0000] {processor.py:208} INFO - Processing /home/airflow/.local/lib/python3.12/site-packages/airflow/example_dags/example_display_name.py took 0.072 seconds
[2025-01-31T20:59:24.139+0000] {processor.py:186} INFO - Started process (PID=938) to work on /home/airflow/.local/lib/python3.12/site-packages/airflow/example_dags/example_display_name.py
[2025-01-31T20:59:24.153+0000] {processor.py:914} INFO - Processing file /home/airflow/.local/lib/python3.12/site-packages/airflow/example_dags/example_display_name.py for tasks to queue
[2025-01-31T20:59:24.163+0000] {logging_mixin.py:190} INFO - [2025-01-31T20:59:24.163+0000] {dagbag.py:588} INFO - Filling up the DagBag from /home/airflow/.local/lib/python3.12/site-packages/airflow/example_dags/example_display_name.py
[2025-01-31T20:59:24.214+0000] {processor.py:925} INFO - DAG(s) 'example_display_name' retrieved from /home/airflow/.local/lib/python3.12/site-packages/airflow/example_dags/example_display_name.py
[2025-01-31T20:59:24.294+0000] {logging_mixin.py:190} INFO - [2025-01-31T20:59:24.294+0000] {dag.py:3239} INFO - Sync 1 DAGs
[2025-01-31T20:59:24.357+0000] {logging_mixin.py:190} INFO - [2025-01-31T20:59:24.356+0000] {dag.py:4180} INFO - Setting next_dagrun for example_display_name to None, run_after=None
[2025-01-31T20:59:24.438+0000] {processor.py:208} INFO - Processing /home/airflow/.local/lib/python3.12/site-packages/airflow/example_dags/example_display_name.py took 0.340 seconds
[2025-01-31T20:59:54.677+0000] {processor.py:186} INFO - Started process (PID=1001) to work on /home/airflow/.local/lib/python3.12/site-packages/airflow/example_dags/example_display_name.py
[2025-01-31T20:59:54.677+0000] {processor.py:914} INFO - Processing file /home/airflow/.local/lib/python3.12/site-packages/airflow/example_dags/example_display_name.py for tasks to queue
[2025-01-31T20:59:54.680+0000] {logging_mixin.py:190} INFO - [2025-01-31T20:59:54.679+0000] {dagbag.py:588} INFO - Filling up the DagBag from /home/airflow/.local/lib/python3.12/site-packages/airflow/example_dags/example_display_name.py
[2025-01-31T20:59:54.687+0000] {processor.py:925} INFO - DAG(s) 'example_display_name' retrieved from /home/airflow/.local/lib/python3.12/site-packages/airflow/example_dags/example_display_name.py
[2025-01-31T20:59:54.706+0000] {logging_mixin.py:190} INFO - [2025-01-31T20:59:54.706+0000] {dag.py:3239} INFO - Sync 1 DAGs
[2025-01-31T20:59:54.721+0000] {logging_mixin.py:190} INFO - [2025-01-31T20:59:54.721+0000] {dag.py:4180} INFO - Setting next_dagrun for example_display_name to None, run_after=None
[2025-01-31T20:59:54.737+0000] {processor.py:208} INFO - Processing /home/airflow/.local/lib/python3.12/site-packages/airflow/example_dags/example_display_name.py took 0.066 seconds
[2025-01-31T21:00:25.021+0000] {processor.py:186} INFO - Started process (PID=1065) to work on /home/airflow/.local/lib/python3.12/site-packages/airflow/example_dags/example_display_name.py
[2025-01-31T21:00:25.022+0000] {processor.py:914} INFO - Processing file /home/airflow/.local/lib/python3.12/site-packages/airflow/example_dags/example_display_name.py for tasks to queue
[2025-01-31T21:00:25.024+0000] {logging_mixin.py:190} INFO - [2025-01-31T21:00:25.024+0000] {dagbag.py:588} INFO - Filling up the DagBag from /home/airflow/.local/lib/python3.12/site-packages/airflow/example_dags/example_display_name.py
[2025-01-31T21:00:25.032+0000] {processor.py:925} INFO - DAG(s) 'example_display_name' retrieved from /home/airflow/.local/lib/python3.12/site-packages/airflow/example_dags/example_display_name.py
[2025-01-31T21:00:25.050+0000] {logging_mixin.py:190} INFO - [2025-01-31T21:00:25.050+0000] {dag.py:3239} INFO - Sync 1 DAGs
[2025-01-31T21:00:25.065+0000] {logging_mixin.py:190} INFO - [2025-01-31T21:00:25.065+0000] {dag.py:4180} INFO - Setting next_dagrun for example_display_name to None, run_after=None
[2025-01-31T21:00:25.081+0000] {processor.py:208} INFO - Processing /home/airflow/.local/lib/python3.12/site-packages/airflow/example_dags/example_display_name.py took 0.066 seconds
[2025-01-31T21:00:55.175+0000] {processor.py:186} INFO - Started process (PID=1129) to work on /home/airflow/.local/lib/python3.12/site-packages/airflow/example_dags/example_display_name.py
[2025-01-31T21:00:55.176+0000] {processor.py:914} INFO - Processing file /home/airflow/.local/lib/python3.12/site-packages/airflow/example_dags/example_display_name.py for tasks to queue
[2025-01-31T21:00:55.178+0000] {logging_mixin.py:190} INFO - [2025-01-31T21:00:55.178+0000] {dagbag.py:588} INFO - Filling up the DagBag from /home/airflow/.local/lib/python3.12/site-packages/airflow/example_dags/example_display_name.py
[2025-01-31T21:00:55.186+0000] {processor.py:925} INFO - DAG(s) 'example_display_name' retrieved from /home/airflow/.local/lib/python3.12/site-packages/airflow/example_dags/example_display_name.py
[2025-01-31T21:00:55.204+0000] {logging_mixin.py:190} INFO - [2025-01-31T21:00:55.204+0000] {dag.py:3239} INFO - Sync 1 DAGs
[2025-01-31T21:00:55.219+0000] {logging_mixin.py:190} INFO - [2025-01-31T21:00:55.219+0000] {dag.py:4180} INFO - Setting next_dagrun for example_display_name to None, run_after=None
[2025-01-31T21:00:55.235+0000] {processor.py:208} INFO - Processing /home/airflow/.local/lib/python3.12/site-packages/airflow/example_dags/example_display_name.py took 0.065 seconds
[2025-01-31T21:01:25.495+0000] {processor.py:186} INFO - Started process (PID=1192) to work on /home/airflow/.local/lib/python3.12/site-packages/airflow/example_dags/example_display_name.py
[2025-01-31T21:01:25.496+0000] {processor.py:914} INFO - Processing file /home/airflow/.local/lib/python3.12/site-packages/airflow/example_dags/example_display_name.py for tasks to queue
[2025-01-31T21:01:25.498+0000] {logging_mixin.py:190} INFO - [2025-01-31T21:01:25.498+0000] {dagbag.py:588} INFO - Filling up the DagBag from /home/airflow/.local/lib/python3.12/site-packages/airflow/example_dags/example_display_name.py
[2025-01-31T21:01:25.506+0000] {processor.py:925} INFO - DAG(s) 'example_display_name' retrieved from /home/airflow/.local/lib/python3.12/site-packages/airflow/example_dags/example_display_name.py
[2025-01-31T21:01:25.526+0000] {logging_mixin.py:190} INFO - [2025-01-31T21:01:25.525+0000] {dag.py:3239} INFO - Sync 1 DAGs
[2025-01-31T21:01:25.541+0000] {logging_mixin.py:190} INFO - [2025-01-31T21:01:25.541+0000] {dag.py:4180} INFO - Setting next_dagrun for example_display_name to None, run_after=None
[2025-01-31T21:01:25.558+0000] {processor.py:208} INFO - Processing /home/airflow/.local/lib/python3.12/site-packages/airflow/example_dags/example_display_name.py took 0.069 seconds
[2025-01-31T21:01:56.529+0000] {processor.py:186} INFO - Started process (PID=1255) to work on /home/airflow/.local/lib/python3.12/site-packages/airflow/example_dags/example_display_name.py
[2025-01-31T21:01:56.530+0000] {processor.py:914} INFO - Processing file /home/airflow/.local/lib/python3.12/site-packages/airflow/example_dags/example_display_name.py for tasks to queue
[2025-01-31T21:01:56.533+0000] {logging_mixin.py:190} INFO - [2025-01-31T21:01:56.532+0000] {dagbag.py:588} INFO - Filling up the DagBag from /home/airflow/.local/lib/python3.12/site-packages/airflow/example_dags/example_display_name.py
[2025-01-31T21:01:56.541+0000] {processor.py:925} INFO - DAG(s) 'example_display_name' retrieved from /home/airflow/.local/lib/python3.12/site-packages/airflow/example_dags/example_display_name.py
[2025-01-31T21:01:56.561+0000] {logging_mixin.py:190} INFO - [2025-01-31T21:01:56.560+0000] {dag.py:3239} INFO - Sync 1 DAGs
[2025-01-31T21:01:56.576+0000] {logging_mixin.py:190} INFO - [2025-01-31T21:01:56.575+0000] {dag.py:4180} INFO - Setting next_dagrun for example_display_name to None, run_after=None
[2025-01-31T21:01:56.593+0000] {processor.py:208} INFO - Processing /home/airflow/.local/lib/python3.12/site-packages/airflow/example_dags/example_display_name.py took 0.069 seconds
[2025-01-31T21:02:26.679+0000] {processor.py:186} INFO - Started process (PID=1318) to work on /home/airflow/.local/lib/python3.12/site-packages/airflow/example_dags/example_display_name.py
[2025-01-31T21:02:26.679+0000] {processor.py:914} INFO - Processing file /home/airflow/.local/lib/python3.12/site-packages/airflow/example_dags/example_display_name.py for tasks to queue
[2025-01-31T21:02:26.681+0000] {logging_mixin.py:190} INFO - [2025-01-31T21:02:26.681+0000] {dagbag.py:588} INFO - Filling up the DagBag from /home/airflow/.local/lib/python3.12/site-packages/airflow/example_dags/example_display_name.py
[2025-01-31T21:02:26.689+0000] {processor.py:925} INFO - DAG(s) 'example_display_name' retrieved from /home/airflow/.local/lib/python3.12/site-packages/airflow/example_dags/example_display_name.py
[2025-01-31T21:02:26.706+0000] {logging_mixin.py:190} INFO - [2025-01-31T21:02:26.706+0000] {dag.py:3239} INFO - Sync 1 DAGs
[2025-01-31T21:02:26.721+0000] {logging_mixin.py:190} INFO - [2025-01-31T21:02:26.721+0000] {dag.py:4180} INFO - Setting next_dagrun for example_display_name to None, run_after=None
[2025-01-31T21:02:26.738+0000] {processor.py:208} INFO - Processing /home/airflow/.local/lib/python3.12/site-packages/airflow/example_dags/example_display_name.py took 0.065 seconds
[2025-01-31T21:02:57.077+0000] {processor.py:186} INFO - Started process (PID=1381) to work on /home/airflow/.local/lib/python3.12/site-packages/airflow/example_dags/example_display_name.py
[2025-01-31T21:02:57.077+0000] {processor.py:914} INFO - Processing file /home/airflow/.local/lib/python3.12/site-packages/airflow/example_dags/example_display_name.py for tasks to queue
[2025-01-31T21:02:57.079+0000] {logging_mixin.py:190} INFO - [2025-01-31T21:02:57.079+0000] {dagbag.py:588} INFO - Filling up the DagBag from /home/airflow/.local/lib/python3.12/site-packages/airflow/example_dags/example_display_name.py
[2025-01-31T21:02:57.087+0000] {processor.py:925} INFO - DAG(s) 'example_display_name' retrieved from /home/airflow/.local/lib/python3.12/site-packages/airflow/example_dags/example_display_name.py
[2025-01-31T21:02:57.105+0000] {logging_mixin.py:190} INFO - [2025-01-31T21:02:57.105+0000] {dag.py:3239} INFO - Sync 1 DAGs
[2025-01-31T21:02:57.120+0000] {logging_mixin.py:190} INFO - [2025-01-31T21:02:57.120+0000] {dag.py:4180} INFO - Setting next_dagrun for example_display_name to None, run_after=None
[2025-01-31T21:02:57.136+0000] {processor.py:208} INFO - Processing /home/airflow/.local/lib/python3.12/site-packages/airflow/example_dags/example_display_name.py took 0.066 seconds
[2025-01-31T21:03:28.018+0000] {processor.py:186} INFO - Started process (PID=1444) to work on /home/airflow/.local/lib/python3.12/site-packages/airflow/example_dags/example_display_name.py
[2025-01-31T21:03:28.019+0000] {processor.py:914} INFO - Processing file /home/airflow/.local/lib/python3.12/site-packages/airflow/example_dags/example_display_name.py for tasks to queue
[2025-01-31T21:03:28.023+0000] {logging_mixin.py:190} INFO - [2025-01-31T21:03:28.023+0000] {dagbag.py:588} INFO - Filling up the DagBag from /home/airflow/.local/lib/python3.12/site-packages/airflow/example_dags/example_display_name.py
[2025-01-31T21:03:28.032+0000] {processor.py:925} INFO - DAG(s) 'example_display_name' retrieved from /home/airflow/.local/lib/python3.12/site-packages/airflow/example_dags/example_display_name.py
[2025-01-31T21:03:28.085+0000] {logging_mixin.py:190} INFO - [2025-01-31T21:03:28.085+0000] {dag.py:3239} INFO - Sync 1 DAGs
[2025-01-31T21:03:28.120+0000] {logging_mixin.py:190} INFO - [2025-01-31T21:03:28.112+0000] {dag.py:4180} INFO - Setting next_dagrun for example_display_name to None, run_after=None
[2025-01-31T21:03:28.165+0000] {processor.py:208} INFO - Processing /home/airflow/.local/lib/python3.12/site-packages/airflow/example_dags/example_display_name.py took 0.155 seconds
[2025-01-31T21:03:58.522+0000] {processor.py:186} INFO - Started process (PID=1507) to work on /home/airflow/.local/lib/python3.12/site-packages/airflow/example_dags/example_display_name.py
[2025-01-31T21:03:58.525+0000] {processor.py:914} INFO - Processing file /home/airflow/.local/lib/python3.12/site-packages/airflow/example_dags/example_display_name.py for tasks to queue
[2025-01-31T21:03:58.529+0000] {logging_mixin.py:190} INFO - [2025-01-31T21:03:58.529+0000] {dagbag.py:588} INFO - Filling up the DagBag from /home/airflow/.local/lib/python3.12/site-packages/airflow/example_dags/example_display_name.py
[2025-01-31T21:03:58.545+0000] {processor.py:925} INFO - DAG(s) 'example_display_name' retrieved from /home/airflow/.local/lib/python3.12/site-packages/airflow/example_dags/example_display_name.py
[2025-01-31T21:03:58.570+0000] {logging_mixin.py:190} INFO - [2025-01-31T21:03:58.570+0000] {dag.py:3239} INFO - Sync 1 DAGs
[2025-01-31T21:03:58.593+0000] {logging_mixin.py:190} INFO - [2025-01-31T21:03:58.593+0000] {dag.py:4180} INFO - Setting next_dagrun for example_display_name to None, run_after=None
[2025-01-31T21:03:58.811+0000] {processor.py:208} INFO - Processing /home/airflow/.local/lib/python3.12/site-packages/airflow/example_dags/example_display_name.py took 0.295 seconds
[2025-01-31T21:04:29.674+0000] {processor.py:186} INFO - Started process (PID=1572) to work on /home/airflow/.local/lib/python3.12/site-packages/airflow/example_dags/example_display_name.py
[2025-01-31T21:04:29.675+0000] {processor.py:914} INFO - Processing file /home/airflow/.local/lib/python3.12/site-packages/airflow/example_dags/example_display_name.py for tasks to queue
[2025-01-31T21:04:29.678+0000] {logging_mixin.py:190} INFO - [2025-01-31T21:04:29.677+0000] {dagbag.py:588} INFO - Filling up the DagBag from /home/airflow/.local/lib/python3.12/site-packages/airflow/example_dags/example_display_name.py
[2025-01-31T21:04:29.685+0000] {processor.py:925} INFO - DAG(s) 'example_display_name' retrieved from /home/airflow/.local/lib/python3.12/site-packages/airflow/example_dags/example_display_name.py
[2025-01-31T21:04:29.704+0000] {logging_mixin.py:190} INFO - [2025-01-31T21:04:29.703+0000] {dag.py:3239} INFO - Sync 1 DAGs
[2025-01-31T21:04:29.719+0000] {logging_mixin.py:190} INFO - [2025-01-31T21:04:29.718+0000] {dag.py:4180} INFO - Setting next_dagrun for example_display_name to None, run_after=None
[2025-01-31T21:04:29.734+0000] {processor.py:208} INFO - Processing /home/airflow/.local/lib/python3.12/site-packages/airflow/example_dags/example_display_name.py took 0.066 seconds
[2025-01-31T21:05:00.252+0000] {processor.py:186} INFO - Started process (PID=1636) to work on /home/airflow/.local/lib/python3.12/site-packages/airflow/example_dags/example_display_name.py
[2025-01-31T21:05:00.255+0000] {processor.py:914} INFO - Processing file /home/airflow/.local/lib/python3.12/site-packages/airflow/example_dags/example_display_name.py for tasks to queue
[2025-01-31T21:05:00.261+0000] {logging_mixin.py:190} INFO - [2025-01-31T21:05:00.260+0000] {dagbag.py:588} INFO - Filling up the DagBag from /home/airflow/.local/lib/python3.12/site-packages/airflow/example_dags/example_display_name.py
[2025-01-31T21:05:00.273+0000] {processor.py:925} INFO - DAG(s) 'example_display_name' retrieved from /home/airflow/.local/lib/python3.12/site-packages/airflow/example_dags/example_display_name.py
[2025-01-31T21:05:00.311+0000] {logging_mixin.py:190} INFO - [2025-01-31T21:05:00.311+0000] {dag.py:3239} INFO - Sync 1 DAGs
[2025-01-31T21:05:00.326+0000] {logging_mixin.py:190} INFO - [2025-01-31T21:05:00.326+0000] {dag.py:4180} INFO - Setting next_dagrun for example_display_name to None, run_after=None
[2025-01-31T21:05:00.354+0000] {processor.py:208} INFO - Processing /home/airflow/.local/lib/python3.12/site-packages/airflow/example_dags/example_display_name.py took 0.115 seconds
[2025-01-31T21:05:31.009+0000] {processor.py:186} INFO - Started process (PID=1699) to work on /home/airflow/.local/lib/python3.12/site-packages/airflow/example_dags/example_display_name.py
[2025-01-31T21:05:31.010+0000] {processor.py:914} INFO - Processing file /home/airflow/.local/lib/python3.12/site-packages/airflow/example_dags/example_display_name.py for tasks to queue
[2025-01-31T21:05:31.013+0000] {logging_mixin.py:190} INFO - [2025-01-31T21:05:31.012+0000] {dagbag.py:588} INFO - Filling up the DagBag from /home/airflow/.local/lib/python3.12/site-packages/airflow/example_dags/example_display_name.py
[2025-01-31T21:05:31.021+0000] {processor.py:925} INFO - DAG(s) 'example_display_name' retrieved from /home/airflow/.local/lib/python3.12/site-packages/airflow/example_dags/example_display_name.py
[2025-01-31T21:05:31.062+0000] {logging_mixin.py:190} INFO - [2025-01-31T21:05:31.062+0000] {dag.py:3239} INFO - Sync 1 DAGs
[2025-01-31T21:05:31.097+0000] {logging_mixin.py:190} INFO - [2025-01-31T21:05:31.097+0000] {dag.py:4180} INFO - Setting next_dagrun for example_display_name to None, run_after=None
[2025-01-31T21:05:31.118+0000] {processor.py:208} INFO - Processing /home/airflow/.local/lib/python3.12/site-packages/airflow/example_dags/example_display_name.py took 0.114 seconds
[2025-01-31T21:06:01.257+0000] {processor.py:186} INFO - Started process (PID=1762) to work on /home/airflow/.local/lib/python3.12/site-packages/airflow/example_dags/example_display_name.py
[2025-01-31T21:06:01.259+0000] {processor.py:914} INFO - Processing file /home/airflow/.local/lib/python3.12/site-packages/airflow/example_dags/example_display_name.py for tasks to queue
[2025-01-31T21:06:01.273+0000] {logging_mixin.py:190} INFO - [2025-01-31T21:06:01.273+0000] {dagbag.py:588} INFO - Filling up the DagBag from /home/airflow/.local/lib/python3.12/site-packages/airflow/example_dags/example_display_name.py
[2025-01-31T21:06:01.287+0000] {processor.py:925} INFO - DAG(s) 'example_display_name' retrieved from /home/airflow/.local/lib/python3.12/site-packages/airflow/example_dags/example_display_name.py
[2025-01-31T21:06:01.319+0000] {logging_mixin.py:190} INFO - [2025-01-31T21:06:01.319+0000] {dag.py:3239} INFO - Sync 1 DAGs
[2025-01-31T21:06:01.355+0000] {logging_mixin.py:190} INFO - [2025-01-31T21:06:01.355+0000] {dag.py:4180} INFO - Setting next_dagrun for example_display_name to None, run_after=None
[2025-01-31T21:06:01.416+0000] {processor.py:208} INFO - Processing /home/airflow/.local/lib/python3.12/site-packages/airflow/example_dags/example_display_name.py took 0.173 seconds
[2025-01-31T21:06:32.269+0000] {processor.py:186} INFO - Started process (PID=1825) to work on /home/airflow/.local/lib/python3.12/site-packages/airflow/example_dags/example_display_name.py
[2025-01-31T21:06:32.270+0000] {processor.py:914} INFO - Processing file /home/airflow/.local/lib/python3.12/site-packages/airflow/example_dags/example_display_name.py for tasks to queue
[2025-01-31T21:06:32.272+0000] {logging_mixin.py:190} INFO - [2025-01-31T21:06:32.272+0000] {dagbag.py:588} INFO - Filling up the DagBag from /home/airflow/.local/lib/python3.12/site-packages/airflow/example_dags/example_display_name.py
[2025-01-31T21:06:32.280+0000] {processor.py:925} INFO - DAG(s) 'example_display_name' retrieved from /home/airflow/.local/lib/python3.12/site-packages/airflow/example_dags/example_display_name.py
[2025-01-31T21:06:32.300+0000] {logging_mixin.py:190} INFO - [2025-01-31T21:06:32.299+0000] {dag.py:3239} INFO - Sync 1 DAGs
[2025-01-31T21:06:32.315+0000] {logging_mixin.py:190} INFO - [2025-01-31T21:06:32.314+0000] {dag.py:4180} INFO - Setting next_dagrun for example_display_name to None, run_after=None
[2025-01-31T21:06:32.332+0000] {processor.py:208} INFO - Processing /home/airflow/.local/lib/python3.12/site-packages/airflow/example_dags/example_display_name.py took 0.069 seconds
[2025-01-31T21:07:02.391+0000] {processor.py:186} INFO - Started process (PID=1888) to work on /home/airflow/.local/lib/python3.12/site-packages/airflow/example_dags/example_display_name.py
[2025-01-31T21:07:02.391+0000] {processor.py:914} INFO - Processing file /home/airflow/.local/lib/python3.12/site-packages/airflow/example_dags/example_display_name.py for tasks to queue
[2025-01-31T21:07:02.394+0000] {logging_mixin.py:190} INFO - [2025-01-31T21:07:02.394+0000] {dagbag.py:588} INFO - Filling up the DagBag from /home/airflow/.local/lib/python3.12/site-packages/airflow/example_dags/example_display_name.py
[2025-01-31T21:07:02.402+0000] {processor.py:925} INFO - DAG(s) 'example_display_name' retrieved from /home/airflow/.local/lib/python3.12/site-packages/airflow/example_dags/example_display_name.py
[2025-01-31T21:07:02.420+0000] {logging_mixin.py:190} INFO - [2025-01-31T21:07:02.420+0000] {dag.py:3239} INFO - Sync 1 DAGs
[2025-01-31T21:07:02.435+0000] {logging_mixin.py:190} INFO - [2025-01-31T21:07:02.434+0000] {dag.py:4180} INFO - Setting next_dagrun for example_display_name to None, run_after=None
[2025-01-31T21:07:02.464+0000] {processor.py:208} INFO - Processing /home/airflow/.local/lib/python3.12/site-packages/airflow/example_dags/example_display_name.py took 0.079 seconds
[2025-01-31T21:07:32.796+0000] {processor.py:186} INFO - Started process (PID=1950) to work on /home/airflow/.local/lib/python3.12/site-packages/airflow/example_dags/example_display_name.py
[2025-01-31T21:07:32.797+0000] {processor.py:914} INFO - Processing file /home/airflow/.local/lib/python3.12/site-packages/airflow/example_dags/example_display_name.py for tasks to queue
[2025-01-31T21:07:32.799+0000] {logging_mixin.py:190} INFO - [2025-01-31T21:07:32.799+0000] {dagbag.py:588} INFO - Filling up the DagBag from /home/airflow/.local/lib/python3.12/site-packages/airflow/example_dags/example_display_name.py
[2025-01-31T21:07:32.808+0000] {processor.py:925} INFO - DAG(s) 'example_display_name' retrieved from /home/airflow/.local/lib/python3.12/site-packages/airflow/example_dags/example_display_name.py
[2025-01-31T21:07:32.827+0000] {logging_mixin.py:190} INFO - [2025-01-31T21:07:32.827+0000] {dag.py:3239} INFO - Sync 1 DAGs
[2025-01-31T21:07:32.842+0000] {logging_mixin.py:190} INFO - [2025-01-31T21:07:32.841+0000] {dag.py:4180} INFO - Setting next_dagrun for example_display_name to None, run_after=None
[2025-01-31T21:07:32.861+0000] {processor.py:208} INFO - Processing /home/airflow/.local/lib/python3.12/site-packages/airflow/example_dags/example_display_name.py took 0.070 seconds
[2025-01-31T21:08:02.945+0000] {processor.py:186} INFO - Started process (PID=2013) to work on /home/airflow/.local/lib/python3.12/site-packages/airflow/example_dags/example_display_name.py
[2025-01-31T21:08:02.946+0000] {processor.py:914} INFO - Processing file /home/airflow/.local/lib/python3.12/site-packages/airflow/example_dags/example_display_name.py for tasks to queue
[2025-01-31T21:08:02.948+0000] {logging_mixin.py:190} INFO - [2025-01-31T21:08:02.948+0000] {dagbag.py:588} INFO - Filling up the DagBag from /home/airflow/.local/lib/python3.12/site-packages/airflow/example_dags/example_display_name.py
[2025-01-31T21:08:02.956+0000] {processor.py:925} INFO - DAG(s) 'example_display_name' retrieved from /home/airflow/.local/lib/python3.12/site-packages/airflow/example_dags/example_display_name.py
[2025-01-31T21:08:02.976+0000] {logging_mixin.py:190} INFO - [2025-01-31T21:08:02.975+0000] {dag.py:3239} INFO - Sync 1 DAGs
[2025-01-31T21:08:02.991+0000] {logging_mixin.py:190} INFO - [2025-01-31T21:08:02.991+0000] {dag.py:4180} INFO - Setting next_dagrun for example_display_name to None, run_after=None
[2025-01-31T21:08:03.007+0000] {processor.py:208} INFO - Processing /home/airflow/.local/lib/python3.12/site-packages/airflow/example_dags/example_display_name.py took 0.067 seconds
[2025-01-31T21:08:33.365+0000] {processor.py:186} INFO - Started process (PID=2077) to work on /home/airflow/.local/lib/python3.12/site-packages/airflow/example_dags/example_display_name.py
[2025-01-31T21:08:33.366+0000] {processor.py:914} INFO - Processing file /home/airflow/.local/lib/python3.12/site-packages/airflow/example_dags/example_display_name.py for tasks to queue
[2025-01-31T21:08:33.368+0000] {logging_mixin.py:190} INFO - [2025-01-31T21:08:33.368+0000] {dagbag.py:588} INFO - Filling up the DagBag from /home/airflow/.local/lib/python3.12/site-packages/airflow/example_dags/example_display_name.py
[2025-01-31T21:08:33.376+0000] {processor.py:925} INFO - DAG(s) 'example_display_name' retrieved from /home/airflow/.local/lib/python3.12/site-packages/airflow/example_dags/example_display_name.py
[2025-01-31T21:08:33.397+0000] {logging_mixin.py:190} INFO - [2025-01-31T21:08:33.396+0000] {dag.py:3239} INFO - Sync 1 DAGs
[2025-01-31T21:08:33.418+0000] {logging_mixin.py:190} INFO - [2025-01-31T21:08:33.416+0000] {dag.py:4180} INFO - Setting next_dagrun for example_display_name to None, run_after=None
[2025-01-31T21:08:33.438+0000] {processor.py:208} INFO - Processing /home/airflow/.local/lib/python3.12/site-packages/airflow/example_dags/example_display_name.py took 0.082 seconds
[2025-01-31T21:09:03.764+0000] {processor.py:186} INFO - Started process (PID=2141) to work on /home/airflow/.local/lib/python3.12/site-packages/airflow/example_dags/example_display_name.py
[2025-01-31T21:09:03.765+0000] {processor.py:914} INFO - Processing file /home/airflow/.local/lib/python3.12/site-packages/airflow/example_dags/example_display_name.py for tasks to queue
[2025-01-31T21:09:03.767+0000] {logging_mixin.py:190} INFO - [2025-01-31T21:09:03.766+0000] {dagbag.py:588} INFO - Filling up the DagBag from /home/airflow/.local/lib/python3.12/site-packages/airflow/example_dags/example_display_name.py
[2025-01-31T21:09:03.774+0000] {processor.py:925} INFO - DAG(s) 'example_display_name' retrieved from /home/airflow/.local/lib/python3.12/site-packages/airflow/example_dags/example_display_name.py
[2025-01-31T21:09:03.792+0000] {logging_mixin.py:190} INFO - [2025-01-31T21:09:03.792+0000] {dag.py:3239} INFO - Sync 1 DAGs
[2025-01-31T21:09:03.807+0000] {logging_mixin.py:190} INFO - [2025-01-31T21:09:03.807+0000] {dag.py:4180} INFO - Setting next_dagrun for example_display_name to None, run_after=None
[2025-01-31T21:09:03.825+0000] {processor.py:208} INFO - Processing /home/airflow/.local/lib/python3.12/site-packages/airflow/example_dags/example_display_name.py took 0.066 seconds
[2025-01-31T21:09:33.931+0000] {processor.py:186} INFO - Started process (PID=2203) to work on /home/airflow/.local/lib/python3.12/site-packages/airflow/example_dags/example_display_name.py
[2025-01-31T21:09:33.932+0000] {processor.py:914} INFO - Processing file /home/airflow/.local/lib/python3.12/site-packages/airflow/example_dags/example_display_name.py for tasks to queue
[2025-01-31T21:09:33.934+0000] {logging_mixin.py:190} INFO - [2025-01-31T21:09:33.934+0000] {dagbag.py:588} INFO - Filling up the DagBag from /home/airflow/.local/lib/python3.12/site-packages/airflow/example_dags/example_display_name.py
[2025-01-31T21:09:33.943+0000] {processor.py:925} INFO - DAG(s) 'example_display_name' retrieved from /home/airflow/.local/lib/python3.12/site-packages/airflow/example_dags/example_display_name.py
[2025-01-31T21:09:33.956+0000] {logging_mixin.py:190} INFO - [2025-01-31T21:09:33.956+0000] {dag.py:3239} INFO - Sync 1 DAGs
[2025-01-31T21:09:33.967+0000] {logging_mixin.py:190} INFO - [2025-01-31T21:09:33.966+0000] {dag.py:4180} INFO - Setting next_dagrun for example_display_name to None, run_after=None
[2025-01-31T21:09:33.978+0000] {processor.py:208} INFO - Processing /home/airflow/.local/lib/python3.12/site-packages/airflow/example_dags/example_display_name.py took 0.059 seconds
[2025-01-31T21:10:04.398+0000] {processor.py:186} INFO - Started process (PID=2267) to work on /home/airflow/.local/lib/python3.12/site-packages/airflow/example_dags/example_display_name.py
[2025-01-31T21:10:04.398+0000] {processor.py:914} INFO - Processing file /home/airflow/.local/lib/python3.12/site-packages/airflow/example_dags/example_display_name.py for tasks to queue
[2025-01-31T21:10:04.401+0000] {logging_mixin.py:190} INFO - [2025-01-31T21:10:04.400+0000] {dagbag.py:588} INFO - Filling up the DagBag from /home/airflow/.local/lib/python3.12/site-packages/airflow/example_dags/example_display_name.py
[2025-01-31T21:10:04.408+0000] {processor.py:925} INFO - DAG(s) 'example_display_name' retrieved from /home/airflow/.local/lib/python3.12/site-packages/airflow/example_dags/example_display_name.py
[2025-01-31T21:10:04.425+0000] {logging_mixin.py:190} INFO - [2025-01-31T21:10:04.425+0000] {dag.py:3239} INFO - Sync 1 DAGs
[2025-01-31T21:10:04.435+0000] {logging_mixin.py:190} INFO - [2025-01-31T21:10:04.434+0000] {dag.py:4180} INFO - Setting next_dagrun for example_display_name to None, run_after=None
[2025-01-31T21:10:04.446+0000] {processor.py:208} INFO - Processing /home/airflow/.local/lib/python3.12/site-packages/airflow/example_dags/example_display_name.py took 0.055 seconds
[2025-01-31T21:10:34.554+0000] {processor.py:186} INFO - Started process (PID=2330) to work on /home/airflow/.local/lib/python3.12/site-packages/airflow/example_dags/example_display_name.py
[2025-01-31T21:10:34.555+0000] {processor.py:914} INFO - Processing file /home/airflow/.local/lib/python3.12/site-packages/airflow/example_dags/example_display_name.py for tasks to queue
[2025-01-31T21:10:34.557+0000] {logging_mixin.py:190} INFO - [2025-01-31T21:10:34.557+0000] {dagbag.py:588} INFO - Filling up the DagBag from /home/airflow/.local/lib/python3.12/site-packages/airflow/example_dags/example_display_name.py
[2025-01-31T21:10:34.565+0000] {processor.py:925} INFO - DAG(s) 'example_display_name' retrieved from /home/airflow/.local/lib/python3.12/site-packages/airflow/example_dags/example_display_name.py
[2025-01-31T21:10:34.580+0000] {logging_mixin.py:190} INFO - [2025-01-31T21:10:34.579+0000] {dag.py:3239} INFO - Sync 1 DAGs
[2025-01-31T21:10:34.589+0000] {logging_mixin.py:190} INFO - [2025-01-31T21:10:34.589+0000] {dag.py:4180} INFO - Setting next_dagrun for example_display_name to None, run_after=None
[2025-01-31T21:10:34.601+0000] {processor.py:208} INFO - Processing /home/airflow/.local/lib/python3.12/site-packages/airflow/example_dags/example_display_name.py took 0.053 seconds
[2025-01-31T21:11:05.389+0000] {processor.py:186} INFO - Started process (PID=2393) to work on /home/airflow/.local/lib/python3.12/site-packages/airflow/example_dags/example_display_name.py
[2025-01-31T21:11:05.390+0000] {processor.py:914} INFO - Processing file /home/airflow/.local/lib/python3.12/site-packages/airflow/example_dags/example_display_name.py for tasks to queue
[2025-01-31T21:11:05.391+0000] {logging_mixin.py:190} INFO - [2025-01-31T21:11:05.391+0000] {dagbag.py:588} INFO - Filling up the DagBag from /home/airflow/.local/lib/python3.12/site-packages/airflow/example_dags/example_display_name.py
[2025-01-31T21:11:05.397+0000] {processor.py:925} INFO - DAG(s) 'example_display_name' retrieved from /home/airflow/.local/lib/python3.12/site-packages/airflow/example_dags/example_display_name.py
[2025-01-31T21:11:05.413+0000] {logging_mixin.py:190} INFO - [2025-01-31T21:11:05.413+0000] {dag.py:3239} INFO - Sync 1 DAGs
[2025-01-31T21:11:05.423+0000] {logging_mixin.py:190} INFO - [2025-01-31T21:11:05.422+0000] {dag.py:4180} INFO - Setting next_dagrun for example_display_name to None, run_after=None
[2025-01-31T21:11:05.434+0000] {processor.py:208} INFO - Processing /home/airflow/.local/lib/python3.12/site-packages/airflow/example_dags/example_display_name.py took 0.050 seconds
[2025-01-31T21:11:36.101+0000] {processor.py:186} INFO - Started process (PID=2456) to work on /home/airflow/.local/lib/python3.12/site-packages/airflow/example_dags/example_display_name.py
[2025-01-31T21:11:36.102+0000] {processor.py:914} INFO - Processing file /home/airflow/.local/lib/python3.12/site-packages/airflow/example_dags/example_display_name.py for tasks to queue
[2025-01-31T21:11:36.105+0000] {logging_mixin.py:190} INFO - [2025-01-31T21:11:36.104+0000] {dagbag.py:588} INFO - Filling up the DagBag from /home/airflow/.local/lib/python3.12/site-packages/airflow/example_dags/example_display_name.py
[2025-01-31T21:11:36.112+0000] {processor.py:925} INFO - DAG(s) 'example_display_name' retrieved from /home/airflow/.local/lib/python3.12/site-packages/airflow/example_dags/example_display_name.py
[2025-01-31T21:11:36.130+0000] {logging_mixin.py:190} INFO - [2025-01-31T21:11:36.130+0000] {dag.py:3239} INFO - Sync 1 DAGs
[2025-01-31T21:11:36.141+0000] {logging_mixin.py:190} INFO - [2025-01-31T21:11:36.140+0000] {dag.py:4180} INFO - Setting next_dagrun for example_display_name to None, run_after=None
[2025-01-31T21:11:36.153+0000] {processor.py:208} INFO - Processing /home/airflow/.local/lib/python3.12/site-packages/airflow/example_dags/example_display_name.py took 0.058 seconds
[2025-01-31T21:12:06.665+0000] {processor.py:186} INFO - Started process (PID=2519) to work on /home/airflow/.local/lib/python3.12/site-packages/airflow/example_dags/example_display_name.py
[2025-01-31T21:12:06.666+0000] {processor.py:914} INFO - Processing file /home/airflow/.local/lib/python3.12/site-packages/airflow/example_dags/example_display_name.py for tasks to queue
[2025-01-31T21:12:06.668+0000] {logging_mixin.py:190} INFO - [2025-01-31T21:12:06.668+0000] {dagbag.py:588} INFO - Filling up the DagBag from /home/airflow/.local/lib/python3.12/site-packages/airflow/example_dags/example_display_name.py
[2025-01-31T21:12:06.676+0000] {processor.py:925} INFO - DAG(s) 'example_display_name' retrieved from /home/airflow/.local/lib/python3.12/site-packages/airflow/example_dags/example_display_name.py
[2025-01-31T21:12:06.695+0000] {logging_mixin.py:190} INFO - [2025-01-31T21:12:06.695+0000] {dag.py:3239} INFO - Sync 1 DAGs
[2025-01-31T21:12:06.712+0000] {logging_mixin.py:190} INFO - [2025-01-31T21:12:06.711+0000] {dag.py:4180} INFO - Setting next_dagrun for example_display_name to None, run_after=None
[2025-01-31T21:12:06.729+0000] {processor.py:208} INFO - Processing /home/airflow/.local/lib/python3.12/site-packages/airflow/example_dags/example_display_name.py took 0.070 seconds
[2025-01-31T21:12:37.202+0000] {processor.py:186} INFO - Started process (PID=2582) to work on /home/airflow/.local/lib/python3.12/site-packages/airflow/example_dags/example_display_name.py
[2025-01-31T21:12:37.203+0000] {processor.py:914} INFO - Processing file /home/airflow/.local/lib/python3.12/site-packages/airflow/example_dags/example_display_name.py for tasks to queue
[2025-01-31T21:12:37.205+0000] {logging_mixin.py:190} INFO - [2025-01-31T21:12:37.204+0000] {dagbag.py:588} INFO - Filling up the DagBag from /home/airflow/.local/lib/python3.12/site-packages/airflow/example_dags/example_display_name.py
[2025-01-31T21:12:37.213+0000] {processor.py:925} INFO - DAG(s) 'example_display_name' retrieved from /home/airflow/.local/lib/python3.12/site-packages/airflow/example_dags/example_display_name.py
[2025-01-31T21:12:37.226+0000] {logging_mixin.py:190} INFO - [2025-01-31T21:12:37.225+0000] {dag.py:3239} INFO - Sync 1 DAGs
[2025-01-31T21:12:37.235+0000] {logging_mixin.py:190} INFO - [2025-01-31T21:12:37.235+0000] {dag.py:4180} INFO - Setting next_dagrun for example_display_name to None, run_after=None
[2025-01-31T21:12:37.247+0000] {processor.py:208} INFO - Processing /home/airflow/.local/lib/python3.12/site-packages/airflow/example_dags/example_display_name.py took 0.051 seconds
[2025-01-31T21:13:08.349+0000] {processor.py:186} INFO - Started process (PID=2645) to work on /home/airflow/.local/lib/python3.12/site-packages/airflow/example_dags/example_display_name.py
[2025-01-31T21:13:08.350+0000] {processor.py:914} INFO - Processing file /home/airflow/.local/lib/python3.12/site-packages/airflow/example_dags/example_display_name.py for tasks to queue
[2025-01-31T21:13:08.352+0000] {logging_mixin.py:190} INFO - [2025-01-31T21:13:08.352+0000] {dagbag.py:588} INFO - Filling up the DagBag from /home/airflow/.local/lib/python3.12/site-packages/airflow/example_dags/example_display_name.py
[2025-01-31T21:13:08.361+0000] {processor.py:925} INFO - DAG(s) 'example_display_name' retrieved from /home/airflow/.local/lib/python3.12/site-packages/airflow/example_dags/example_display_name.py
[2025-01-31T21:13:08.379+0000] {logging_mixin.py:190} INFO - [2025-01-31T21:13:08.379+0000] {dag.py:3239} INFO - Sync 1 DAGs
[2025-01-31T21:13:08.393+0000] {logging_mixin.py:190} INFO - [2025-01-31T21:13:08.393+0000] {dag.py:4180} INFO - Setting next_dagrun for example_display_name to None, run_after=None
[2025-01-31T21:13:08.417+0000] {processor.py:208} INFO - Processing /home/airflow/.local/lib/python3.12/site-packages/airflow/example_dags/example_display_name.py took 0.075 seconds
[2025-01-31T21:13:40.477+0000] {processor.py:186} INFO - Started process (PID=2708) to work on /home/airflow/.local/lib/python3.12/site-packages/airflow/example_dags/example_display_name.py
[2025-01-31T21:13:40.478+0000] {processor.py:914} INFO - Processing file /home/airflow/.local/lib/python3.12/site-packages/airflow/example_dags/example_display_name.py for tasks to queue
[2025-01-31T21:13:40.480+0000] {logging_mixin.py:190} INFO - [2025-01-31T21:13:40.480+0000] {dagbag.py:588} INFO - Filling up the DagBag from /home/airflow/.local/lib/python3.12/site-packages/airflow/example_dags/example_display_name.py
[2025-01-31T21:13:40.490+0000] {processor.py:925} INFO - DAG(s) 'example_display_name' retrieved from /home/airflow/.local/lib/python3.12/site-packages/airflow/example_dags/example_display_name.py
[2025-01-31T21:13:40.508+0000] {logging_mixin.py:190} INFO - [2025-01-31T21:13:40.508+0000] {dag.py:3239} INFO - Sync 1 DAGs
[2025-01-31T21:13:40.524+0000] {logging_mixin.py:190} INFO - [2025-01-31T21:13:40.523+0000] {dag.py:4180} INFO - Setting next_dagrun for example_display_name to None, run_after=None
[2025-01-31T21:13:40.539+0000] {processor.py:208} INFO - Processing /home/airflow/.local/lib/python3.12/site-packages/airflow/example_dags/example_display_name.py took 0.068 seconds
[2025-01-31T21:14:13.327+0000] {processor.py:186} INFO - Started process (PID=2777) to work on /home/airflow/.local/lib/python3.12/site-packages/airflow/example_dags/example_display_name.py
[2025-01-31T21:14:13.340+0000] {processor.py:914} INFO - Processing file /home/airflow/.local/lib/python3.12/site-packages/airflow/example_dags/example_display_name.py for tasks to queue
[2025-01-31T21:14:13.343+0000] {logging_mixin.py:190} INFO - [2025-01-31T21:14:13.343+0000] {dagbag.py:588} INFO - Filling up the DagBag from /home/airflow/.local/lib/python3.12/site-packages/airflow/example_dags/example_display_name.py
[2025-01-31T21:14:13.368+0000] {processor.py:925} INFO - DAG(s) 'example_display_name' retrieved from /home/airflow/.local/lib/python3.12/site-packages/airflow/example_dags/example_display_name.py
[2025-01-31T21:14:13.409+0000] {logging_mixin.py:190} INFO - [2025-01-31T21:14:13.408+0000] {dag.py:3239} INFO - Sync 1 DAGs
[2025-01-31T21:14:13.436+0000] {logging_mixin.py:190} INFO - [2025-01-31T21:14:13.435+0000] {dag.py:4180} INFO - Setting next_dagrun for example_display_name to None, run_after=None
[2025-01-31T21:14:13.466+0000] {processor.py:208} INFO - Processing /home/airflow/.local/lib/python3.12/site-packages/airflow/example_dags/example_display_name.py took 0.152 seconds
[2025-01-31T21:14:43.748+0000] {processor.py:186} INFO - Started process (PID=2840) to work on /home/airflow/.local/lib/python3.12/site-packages/airflow/example_dags/example_display_name.py
[2025-01-31T21:14:43.754+0000] {processor.py:914} INFO - Processing file /home/airflow/.local/lib/python3.12/site-packages/airflow/example_dags/example_display_name.py for tasks to queue
[2025-01-31T21:14:43.757+0000] {logging_mixin.py:190} INFO - [2025-01-31T21:14:43.757+0000] {dagbag.py:588} INFO - Filling up the DagBag from /home/airflow/.local/lib/python3.12/site-packages/airflow/example_dags/example_display_name.py
[2025-01-31T21:14:43.766+0000] {processor.py:925} INFO - DAG(s) 'example_display_name' retrieved from /home/airflow/.local/lib/python3.12/site-packages/airflow/example_dags/example_display_name.py
[2025-01-31T21:14:43.802+0000] {logging_mixin.py:190} INFO - [2025-01-31T21:14:43.802+0000] {dag.py:3239} INFO - Sync 1 DAGs
[2025-01-31T21:14:43.817+0000] {logging_mixin.py:190} INFO - [2025-01-31T21:14:43.817+0000] {dag.py:4180} INFO - Setting next_dagrun for example_display_name to None, run_after=None
[2025-01-31T21:14:43.851+0000] {processor.py:208} INFO - Processing /home/airflow/.local/lib/python3.12/site-packages/airflow/example_dags/example_display_name.py took 0.110 seconds
[2025-01-31T21:15:16.015+0000] {processor.py:186} INFO - Started process (PID=2904) to work on /home/airflow/.local/lib/python3.12/site-packages/airflow/example_dags/example_display_name.py
[2025-01-31T21:15:16.015+0000] {processor.py:914} INFO - Processing file /home/airflow/.local/lib/python3.12/site-packages/airflow/example_dags/example_display_name.py for tasks to queue
[2025-01-31T21:15:16.018+0000] {logging_mixin.py:190} INFO - [2025-01-31T21:15:16.018+0000] {dagbag.py:588} INFO - Filling up the DagBag from /home/airflow/.local/lib/python3.12/site-packages/airflow/example_dags/example_display_name.py
[2025-01-31T21:15:16.026+0000] {processor.py:925} INFO - DAG(s) 'example_display_name' retrieved from /home/airflow/.local/lib/python3.12/site-packages/airflow/example_dags/example_display_name.py
[2025-01-31T21:15:16.044+0000] {logging_mixin.py:190} INFO - [2025-01-31T21:15:16.044+0000] {dag.py:3239} INFO - Sync 1 DAGs
[2025-01-31T21:15:16.060+0000] {logging_mixin.py:190} INFO - [2025-01-31T21:15:16.060+0000] {dag.py:4180} INFO - Setting next_dagrun for example_display_name to None, run_after=None
[2025-01-31T21:15:16.077+0000] {processor.py:208} INFO - Processing /home/airflow/.local/lib/python3.12/site-packages/airflow/example_dags/example_display_name.py took 0.068 seconds
[2025-01-31T21:15:46.889+0000] {processor.py:186} INFO - Started process (PID=2967) to work on /home/airflow/.local/lib/python3.12/site-packages/airflow/example_dags/example_display_name.py
[2025-01-31T21:15:46.890+0000] {processor.py:914} INFO - Processing file /home/airflow/.local/lib/python3.12/site-packages/airflow/example_dags/example_display_name.py for tasks to queue
[2025-01-31T21:15:46.892+0000] {logging_mixin.py:190} INFO - [2025-01-31T21:15:46.892+0000] {dagbag.py:588} INFO - Filling up the DagBag from /home/airflow/.local/lib/python3.12/site-packages/airflow/example_dags/example_display_name.py
[2025-01-31T21:15:46.900+0000] {processor.py:925} INFO - DAG(s) 'example_display_name' retrieved from /home/airflow/.local/lib/python3.12/site-packages/airflow/example_dags/example_display_name.py
[2025-01-31T21:15:46.920+0000] {logging_mixin.py:190} INFO - [2025-01-31T21:15:46.919+0000] {dag.py:3239} INFO - Sync 1 DAGs
[2025-01-31T21:15:46.935+0000] {logging_mixin.py:190} INFO - [2025-01-31T21:15:46.935+0000] {dag.py:4180} INFO - Setting next_dagrun for example_display_name to None, run_after=None
[2025-01-31T21:15:46.951+0000] {processor.py:208} INFO - Processing /home/airflow/.local/lib/python3.12/site-packages/airflow/example_dags/example_display_name.py took 0.069 seconds
[2025-01-31T21:16:17.924+0000] {processor.py:186} INFO - Started process (PID=3030) to work on /home/airflow/.local/lib/python3.12/site-packages/airflow/example_dags/example_display_name.py
[2025-01-31T21:16:17.925+0000] {processor.py:914} INFO - Processing file /home/airflow/.local/lib/python3.12/site-packages/airflow/example_dags/example_display_name.py for tasks to queue
[2025-01-31T21:16:17.927+0000] {logging_mixin.py:190} INFO - [2025-01-31T21:16:17.927+0000] {dagbag.py:588} INFO - Filling up the DagBag from /home/airflow/.local/lib/python3.12/site-packages/airflow/example_dags/example_display_name.py
[2025-01-31T21:16:17.935+0000] {processor.py:925} INFO - DAG(s) 'example_display_name' retrieved from /home/airflow/.local/lib/python3.12/site-packages/airflow/example_dags/example_display_name.py
[2025-01-31T21:16:17.956+0000] {logging_mixin.py:190} INFO - [2025-01-31T21:16:17.955+0000] {dag.py:3239} INFO - Sync 1 DAGs
[2025-01-31T21:16:17.971+0000] {logging_mixin.py:190} INFO - [2025-01-31T21:16:17.971+0000] {dag.py:4180} INFO - Setting next_dagrun for example_display_name to None, run_after=None
[2025-01-31T21:16:17.987+0000] {processor.py:208} INFO - Processing /home/airflow/.local/lib/python3.12/site-packages/airflow/example_dags/example_display_name.py took 0.080 seconds
[2025-01-31T21:16:48.789+0000] {processor.py:186} INFO - Started process (PID=3093) to work on /home/airflow/.local/lib/python3.12/site-packages/airflow/example_dags/example_display_name.py
[2025-01-31T21:16:48.790+0000] {processor.py:914} INFO - Processing file /home/airflow/.local/lib/python3.12/site-packages/airflow/example_dags/example_display_name.py for tasks to queue
[2025-01-31T21:16:48.792+0000] {logging_mixin.py:190} INFO - [2025-01-31T21:16:48.791+0000] {dagbag.py:588} INFO - Filling up the DagBag from /home/airflow/.local/lib/python3.12/site-packages/airflow/example_dags/example_display_name.py
[2025-01-31T21:16:48.799+0000] {processor.py:925} INFO - DAG(s) 'example_display_name' retrieved from /home/airflow/.local/lib/python3.12/site-packages/airflow/example_dags/example_display_name.py
[2025-01-31T21:16:48.817+0000] {logging_mixin.py:190} INFO - [2025-01-31T21:16:48.817+0000] {dag.py:3239} INFO - Sync 1 DAGs
[2025-01-31T21:16:48.833+0000] {logging_mixin.py:190} INFO - [2025-01-31T21:16:48.832+0000] {dag.py:4180} INFO - Setting next_dagrun for example_display_name to None, run_after=None
[2025-01-31T21:16:48.849+0000] {processor.py:208} INFO - Processing /home/airflow/.local/lib/python3.12/site-packages/airflow/example_dags/example_display_name.py took 0.067 seconds
[2025-01-31T21:17:19.457+0000] {processor.py:186} INFO - Started process (PID=3156) to work on /home/airflow/.local/lib/python3.12/site-packages/airflow/example_dags/example_display_name.py
[2025-01-31T21:17:19.458+0000] {processor.py:914} INFO - Processing file /home/airflow/.local/lib/python3.12/site-packages/airflow/example_dags/example_display_name.py for tasks to queue
[2025-01-31T21:17:19.461+0000] {logging_mixin.py:190} INFO - [2025-01-31T21:17:19.461+0000] {dagbag.py:588} INFO - Filling up the DagBag from /home/airflow/.local/lib/python3.12/site-packages/airflow/example_dags/example_display_name.py
[2025-01-31T21:17:19.481+0000] {processor.py:925} INFO - DAG(s) 'example_display_name' retrieved from /home/airflow/.local/lib/python3.12/site-packages/airflow/example_dags/example_display_name.py
[2025-01-31T21:17:19.514+0000] {logging_mixin.py:190} INFO - [2025-01-31T21:17:19.514+0000] {dag.py:3239} INFO - Sync 1 DAGs
[2025-01-31T21:17:19.530+0000] {logging_mixin.py:190} INFO - [2025-01-31T21:17:19.530+0000] {dag.py:4180} INFO - Setting next_dagrun for example_display_name to None, run_after=None
[2025-01-31T21:17:19.545+0000] {processor.py:208} INFO - Processing /home/airflow/.local/lib/python3.12/site-packages/airflow/example_dags/example_display_name.py took 0.109 seconds
[2025-01-31T21:17:50.478+0000] {processor.py:186} INFO - Started process (PID=3225) to work on /home/airflow/.local/lib/python3.12/site-packages/airflow/example_dags/example_display_name.py
[2025-01-31T21:17:50.479+0000] {processor.py:914} INFO - Processing file /home/airflow/.local/lib/python3.12/site-packages/airflow/example_dags/example_display_name.py for tasks to queue
[2025-01-31T21:17:50.482+0000] {logging_mixin.py:190} INFO - [2025-01-31T21:17:50.481+0000] {dagbag.py:588} INFO - Filling up the DagBag from /home/airflow/.local/lib/python3.12/site-packages/airflow/example_dags/example_display_name.py
[2025-01-31T21:17:50.489+0000] {processor.py:925} INFO - DAG(s) 'example_display_name' retrieved from /home/airflow/.local/lib/python3.12/site-packages/airflow/example_dags/example_display_name.py
[2025-01-31T21:17:50.507+0000] {logging_mixin.py:190} INFO - [2025-01-31T21:17:50.507+0000] {dag.py:3239} INFO - Sync 1 DAGs
[2025-01-31T21:17:50.522+0000] {logging_mixin.py:190} INFO - [2025-01-31T21:17:50.522+0000] {dag.py:4180} INFO - Setting next_dagrun for example_display_name to None, run_after=None
[2025-01-31T21:17:50.539+0000] {processor.py:208} INFO - Processing /home/airflow/.local/lib/python3.12/site-packages/airflow/example_dags/example_display_name.py took 0.066 seconds
[2025-01-31T21:18:22.686+0000] {processor.py:186} INFO - Started process (PID=3288) to work on /home/airflow/.local/lib/python3.12/site-packages/airflow/example_dags/example_display_name.py
[2025-01-31T21:18:22.689+0000] {processor.py:914} INFO - Processing file /home/airflow/.local/lib/python3.12/site-packages/airflow/example_dags/example_display_name.py for tasks to queue
[2025-01-31T21:18:22.729+0000] {logging_mixin.py:190} INFO - [2025-01-31T21:18:22.729+0000] {dagbag.py:588} INFO - Filling up the DagBag from /home/airflow/.local/lib/python3.12/site-packages/airflow/example_dags/example_display_name.py
[2025-01-31T21:18:22.757+0000] {processor.py:925} INFO - DAG(s) 'example_display_name' retrieved from /home/airflow/.local/lib/python3.12/site-packages/airflow/example_dags/example_display_name.py
[2025-01-31T21:18:22.823+0000] {logging_mixin.py:190} INFO - [2025-01-31T21:18:22.823+0000] {dag.py:3239} INFO - Sync 1 DAGs
[2025-01-31T21:18:22.891+0000] {logging_mixin.py:190} INFO - [2025-01-31T21:18:22.891+0000] {dag.py:4180} INFO - Setting next_dagrun for example_display_name to None, run_after=None
[2025-01-31T21:18:22.926+0000] {processor.py:208} INFO - Processing /home/airflow/.local/lib/python3.12/site-packages/airflow/example_dags/example_display_name.py took 0.267 seconds
