[2025-01-31T20:52:45.097+0000] {processor.py:186} INFO - Started process (PID=122) to work on /home/airflow/.local/lib/python3.12/site-packages/airflow/example_dags/example_python_operator.py
[2025-01-31T20:52:45.098+0000] {processor.py:914} INFO - Processing file /home/airflow/.local/lib/python3.12/site-packages/airflow/example_dags/example_python_operator.py for tasks to queue
[2025-01-31T20:52:45.100+0000] {logging_mixin.py:190} INFO - [2025-01-31T20:52:45.100+0000] {dagbag.py:588} INFO - Filling up the DagBag from /home/airflow/.local/lib/python3.12/site-packages/airflow/example_dags/example_python_operator.py
[2025-01-31T20:52:45.116+0000] {processor.py:925} INFO - DAG(s) 'example_python_operator' retrieved from /home/airflow/.local/lib/python3.12/site-packages/airflow/example_dags/example_python_operator.py
[2025-01-31T20:52:45.430+0000] {logging_mixin.py:190} INFO - [2025-01-31T20:52:45.429+0000] {override.py:1911} INFO - Created Permission View: can delete on DAG:example_python_operator
[2025-01-31T20:52:45.482+0000] {logging_mixin.py:190} INFO - [2025-01-31T20:52:45.481+0000] {override.py:1911} INFO - Created Permission View: can edit on DAG:example_python_operator
[2025-01-31T20:52:45.513+0000] {logging_mixin.py:190} INFO - [2025-01-31T20:52:45.513+0000] {override.py:1911} INFO - Created Permission View: can read on DAG:example_python_operator
[2025-01-31T20:52:45.529+0000] {logging_mixin.py:190} INFO - [2025-01-31T20:52:45.528+0000] {override.py:1911} INFO - Created Permission View: menu access on DAG Run:example_python_operator
[2025-01-31T20:52:45.536+0000] {logging_mixin.py:190} INFO - [2025-01-31T20:52:45.536+0000] {override.py:1911} INFO - Created Permission View: can delete on DAG Run:example_python_operator
[2025-01-31T20:52:45.546+0000] {logging_mixin.py:190} INFO - [2025-01-31T20:52:45.546+0000] {override.py:1911} INFO - Created Permission View: can create on DAG Run:example_python_operator
[2025-01-31T20:52:45.557+0000] {logging_mixin.py:190} INFO - [2025-01-31T20:52:45.557+0000] {override.py:1911} INFO - Created Permission View: can read on DAG Run:example_python_operator
[2025-01-31T20:52:45.558+0000] {logging_mixin.py:190} INFO - [2025-01-31T20:52:45.558+0000] {dag.py:3239} INFO - Sync 1 DAGs
[2025-01-31T20:52:45.579+0000] {logging_mixin.py:190} INFO - [2025-01-31T20:52:45.578+0000] {dag.py:3262} INFO - Creating ORM DAG for example_python_operator
[2025-01-31T20:52:45.579+0000] {logging_mixin.py:190} INFO - [2025-01-31T20:52:45.579+0000] {dag.py:4180} INFO - Setting next_dagrun for example_python_operator to None, run_after=None
[2025-01-31T20:52:45.609+0000] {processor.py:208} INFO - Processing /home/airflow/.local/lib/python3.12/site-packages/airflow/example_dags/example_python_operator.py took 0.518 seconds
[2025-01-31T20:53:15.848+0000] {processor.py:186} INFO - Started process (PID=185) to work on /home/airflow/.local/lib/python3.12/site-packages/airflow/example_dags/example_python_operator.py
[2025-01-31T20:53:15.853+0000] {processor.py:914} INFO - Processing file /home/airflow/.local/lib/python3.12/site-packages/airflow/example_dags/example_python_operator.py for tasks to queue
[2025-01-31T20:53:15.855+0000] {logging_mixin.py:190} INFO - [2025-01-31T20:53:15.854+0000] {dagbag.py:588} INFO - Filling up the DagBag from /home/airflow/.local/lib/python3.12/site-packages/airflow/example_dags/example_python_operator.py
[2025-01-31T20:53:15.875+0000] {processor.py:925} INFO - DAG(s) 'example_python_operator' retrieved from /home/airflow/.local/lib/python3.12/site-packages/airflow/example_dags/example_python_operator.py
[2025-01-31T20:53:15.915+0000] {logging_mixin.py:190} INFO - [2025-01-31T20:53:15.915+0000] {dag.py:3239} INFO - Sync 1 DAGs
[2025-01-31T20:53:15.949+0000] {logging_mixin.py:190} INFO - [2025-01-31T20:53:15.949+0000] {dag.py:4180} INFO - Setting next_dagrun for example_python_operator to None, run_after=None
[2025-01-31T20:53:15.997+0000] {processor.py:208} INFO - Processing /home/airflow/.local/lib/python3.12/site-packages/airflow/example_dags/example_python_operator.py took 0.157 seconds
[2025-01-31T20:53:47.044+0000] {processor.py:186} INFO - Started process (PID=251) to work on /home/airflow/.local/lib/python3.12/site-packages/airflow/example_dags/example_python_operator.py
[2025-01-31T20:53:47.045+0000] {processor.py:914} INFO - Processing file /home/airflow/.local/lib/python3.12/site-packages/airflow/example_dags/example_python_operator.py for tasks to queue
[2025-01-31T20:53:47.047+0000] {logging_mixin.py:190} INFO - [2025-01-31T20:53:47.047+0000] {dagbag.py:588} INFO - Filling up the DagBag from /home/airflow/.local/lib/python3.12/site-packages/airflow/example_dags/example_python_operator.py
[2025-01-31T20:53:47.060+0000] {processor.py:925} INFO - DAG(s) 'example_python_operator' retrieved from /home/airflow/.local/lib/python3.12/site-packages/airflow/example_dags/example_python_operator.py
[2025-01-31T20:53:47.081+0000] {logging_mixin.py:190} INFO - [2025-01-31T20:53:47.081+0000] {dag.py:3239} INFO - Sync 1 DAGs
[2025-01-31T20:53:47.096+0000] {logging_mixin.py:190} INFO - [2025-01-31T20:53:47.095+0000] {dag.py:4180} INFO - Setting next_dagrun for example_python_operator to None, run_after=None
[2025-01-31T20:53:47.112+0000] {processor.py:208} INFO - Processing /home/airflow/.local/lib/python3.12/site-packages/airflow/example_dags/example_python_operator.py took 0.073 seconds
[2025-01-31T20:54:18.014+0000] {processor.py:186} INFO - Started process (PID=314) to work on /home/airflow/.local/lib/python3.12/site-packages/airflow/example_dags/example_python_operator.py
[2025-01-31T20:54:18.015+0000] {processor.py:914} INFO - Processing file /home/airflow/.local/lib/python3.12/site-packages/airflow/example_dags/example_python_operator.py for tasks to queue
[2025-01-31T20:54:18.017+0000] {logging_mixin.py:190} INFO - [2025-01-31T20:54:18.016+0000] {dagbag.py:588} INFO - Filling up the DagBag from /home/airflow/.local/lib/python3.12/site-packages/airflow/example_dags/example_python_operator.py
[2025-01-31T20:54:18.029+0000] {processor.py:925} INFO - DAG(s) 'example_python_operator' retrieved from /home/airflow/.local/lib/python3.12/site-packages/airflow/example_dags/example_python_operator.py
[2025-01-31T20:54:18.052+0000] {logging_mixin.py:190} INFO - [2025-01-31T20:54:18.052+0000] {dag.py:3239} INFO - Sync 1 DAGs
[2025-01-31T20:54:18.067+0000] {logging_mixin.py:190} INFO - [2025-01-31T20:54:18.067+0000] {dag.py:4180} INFO - Setting next_dagrun for example_python_operator to None, run_after=None
[2025-01-31T20:54:18.088+0000] {processor.py:208} INFO - Processing /home/airflow/.local/lib/python3.12/site-packages/airflow/example_dags/example_python_operator.py took 0.079 seconds
[2025-01-31T20:54:50.800+0000] {processor.py:186} INFO - Started process (PID=378) to work on /home/airflow/.local/lib/python3.12/site-packages/airflow/example_dags/example_python_operator.py
[2025-01-31T20:54:50.801+0000] {processor.py:914} INFO - Processing file /home/airflow/.local/lib/python3.12/site-packages/airflow/example_dags/example_python_operator.py for tasks to queue
[2025-01-31T20:54:50.803+0000] {logging_mixin.py:190} INFO - [2025-01-31T20:54:50.803+0000] {dagbag.py:588} INFO - Filling up the DagBag from /home/airflow/.local/lib/python3.12/site-packages/airflow/example_dags/example_python_operator.py
[2025-01-31T20:54:50.838+0000] {processor.py:925} INFO - DAG(s) 'example_python_operator' retrieved from /home/airflow/.local/lib/python3.12/site-packages/airflow/example_dags/example_python_operator.py
[2025-01-31T20:54:50.917+0000] {logging_mixin.py:190} INFO - [2025-01-31T20:54:50.916+0000] {dag.py:3239} INFO - Sync 1 DAGs
[2025-01-31T20:54:50.956+0000] {logging_mixin.py:190} INFO - [2025-01-31T20:54:50.956+0000] {dag.py:4180} INFO - Setting next_dagrun for example_python_operator to None, run_after=None
[2025-01-31T20:54:51.003+0000] {processor.py:208} INFO - Processing /home/airflow/.local/lib/python3.12/site-packages/airflow/example_dags/example_python_operator.py took 0.217 seconds
[2025-01-31T20:55:21.888+0000] {processor.py:186} INFO - Started process (PID=442) to work on /home/airflow/.local/lib/python3.12/site-packages/airflow/example_dags/example_python_operator.py
[2025-01-31T20:55:21.889+0000] {processor.py:914} INFO - Processing file /home/airflow/.local/lib/python3.12/site-packages/airflow/example_dags/example_python_operator.py for tasks to queue
[2025-01-31T20:55:21.891+0000] {logging_mixin.py:190} INFO - [2025-01-31T20:55:21.891+0000] {dagbag.py:588} INFO - Filling up the DagBag from /home/airflow/.local/lib/python3.12/site-packages/airflow/example_dags/example_python_operator.py
[2025-01-31T20:55:21.903+0000] {processor.py:925} INFO - DAG(s) 'example_python_operator' retrieved from /home/airflow/.local/lib/python3.12/site-packages/airflow/example_dags/example_python_operator.py
[2025-01-31T20:55:21.928+0000] {logging_mixin.py:190} INFO - [2025-01-31T20:55:21.928+0000] {dag.py:3239} INFO - Sync 1 DAGs
[2025-01-31T20:55:21.942+0000] {logging_mixin.py:190} INFO - [2025-01-31T20:55:21.942+0000] {dag.py:4180} INFO - Setting next_dagrun for example_python_operator to None, run_after=None
[2025-01-31T20:55:21.958+0000] {processor.py:208} INFO - Processing /home/airflow/.local/lib/python3.12/site-packages/airflow/example_dags/example_python_operator.py took 0.075 seconds
[2025-01-31T20:55:52.335+0000] {processor.py:186} INFO - Started process (PID=507) to work on /home/airflow/.local/lib/python3.12/site-packages/airflow/example_dags/example_python_operator.py
[2025-01-31T20:55:52.336+0000] {processor.py:914} INFO - Processing file /home/airflow/.local/lib/python3.12/site-packages/airflow/example_dags/example_python_operator.py for tasks to queue
[2025-01-31T20:55:52.338+0000] {logging_mixin.py:190} INFO - [2025-01-31T20:55:52.338+0000] {dagbag.py:588} INFO - Filling up the DagBag from /home/airflow/.local/lib/python3.12/site-packages/airflow/example_dags/example_python_operator.py
[2025-01-31T20:55:52.350+0000] {processor.py:925} INFO - DAG(s) 'example_python_operator' retrieved from /home/airflow/.local/lib/python3.12/site-packages/airflow/example_dags/example_python_operator.py
[2025-01-31T20:55:52.372+0000] {logging_mixin.py:190} INFO - [2025-01-31T20:55:52.372+0000] {dag.py:3239} INFO - Sync 1 DAGs
[2025-01-31T20:55:52.387+0000] {logging_mixin.py:190} INFO - [2025-01-31T20:55:52.387+0000] {dag.py:4180} INFO - Setting next_dagrun for example_python_operator to None, run_after=None
[2025-01-31T20:55:52.402+0000] {processor.py:208} INFO - Processing /home/airflow/.local/lib/python3.12/site-packages/airflow/example_dags/example_python_operator.py took 0.073 seconds
[2025-01-31T20:56:22.554+0000] {processor.py:186} INFO - Started process (PID=570) to work on /home/airflow/.local/lib/python3.12/site-packages/airflow/example_dags/example_python_operator.py
[2025-01-31T20:56:22.555+0000] {processor.py:914} INFO - Processing file /home/airflow/.local/lib/python3.12/site-packages/airflow/example_dags/example_python_operator.py for tasks to queue
[2025-01-31T20:56:22.557+0000] {logging_mixin.py:190} INFO - [2025-01-31T20:56:22.557+0000] {dagbag.py:588} INFO - Filling up the DagBag from /home/airflow/.local/lib/python3.12/site-packages/airflow/example_dags/example_python_operator.py
[2025-01-31T20:56:22.569+0000] {processor.py:925} INFO - DAG(s) 'example_python_operator' retrieved from /home/airflow/.local/lib/python3.12/site-packages/airflow/example_dags/example_python_operator.py
[2025-01-31T20:56:22.592+0000] {logging_mixin.py:190} INFO - [2025-01-31T20:56:22.591+0000] {dag.py:3239} INFO - Sync 1 DAGs
[2025-01-31T20:56:22.607+0000] {logging_mixin.py:190} INFO - [2025-01-31T20:56:22.607+0000] {dag.py:4180} INFO - Setting next_dagrun for example_python_operator to None, run_after=None
[2025-01-31T20:56:22.624+0000] {processor.py:208} INFO - Processing /home/airflow/.local/lib/python3.12/site-packages/airflow/example_dags/example_python_operator.py took 0.075 seconds
[2025-01-31T20:56:52.801+0000] {processor.py:186} INFO - Started process (PID=632) to work on /home/airflow/.local/lib/python3.12/site-packages/airflow/example_dags/example_python_operator.py
[2025-01-31T20:56:52.801+0000] {processor.py:914} INFO - Processing file /home/airflow/.local/lib/python3.12/site-packages/airflow/example_dags/example_python_operator.py for tasks to queue
[2025-01-31T20:56:52.803+0000] {logging_mixin.py:190} INFO - [2025-01-31T20:56:52.803+0000] {dagbag.py:588} INFO - Filling up the DagBag from /home/airflow/.local/lib/python3.12/site-packages/airflow/example_dags/example_python_operator.py
[2025-01-31T20:56:52.813+0000] {processor.py:925} INFO - DAG(s) 'example_python_operator' retrieved from /home/airflow/.local/lib/python3.12/site-packages/airflow/example_dags/example_python_operator.py
[2025-01-31T20:56:52.829+0000] {logging_mixin.py:190} INFO - [2025-01-31T20:56:52.829+0000] {dag.py:3239} INFO - Sync 1 DAGs
[2025-01-31T20:56:52.839+0000] {logging_mixin.py:190} INFO - [2025-01-31T20:56:52.838+0000] {dag.py:4180} INFO - Setting next_dagrun for example_python_operator to None, run_after=None
[2025-01-31T20:56:52.851+0000] {processor.py:208} INFO - Processing /home/airflow/.local/lib/python3.12/site-packages/airflow/example_dags/example_python_operator.py took 0.055 seconds
[2025-01-31T20:57:24.073+0000] {processor.py:186} INFO - Started process (PID=696) to work on /home/airflow/.local/lib/python3.12/site-packages/airflow/example_dags/example_python_operator.py
[2025-01-31T20:57:24.074+0000] {processor.py:914} INFO - Processing file /home/airflow/.local/lib/python3.12/site-packages/airflow/example_dags/example_python_operator.py for tasks to queue
[2025-01-31T20:57:24.076+0000] {logging_mixin.py:190} INFO - [2025-01-31T20:57:24.075+0000] {dagbag.py:588} INFO - Filling up the DagBag from /home/airflow/.local/lib/python3.12/site-packages/airflow/example_dags/example_python_operator.py
[2025-01-31T20:57:24.088+0000] {processor.py:925} INFO - DAG(s) 'example_python_operator' retrieved from /home/airflow/.local/lib/python3.12/site-packages/airflow/example_dags/example_python_operator.py
[2025-01-31T20:57:24.111+0000] {logging_mixin.py:190} INFO - [2025-01-31T20:57:24.111+0000] {dag.py:3239} INFO - Sync 1 DAGs
[2025-01-31T20:57:24.126+0000] {logging_mixin.py:190} INFO - [2025-01-31T20:57:24.126+0000] {dag.py:4180} INFO - Setting next_dagrun for example_python_operator to None, run_after=None
[2025-01-31T20:57:24.141+0000] {processor.py:208} INFO - Processing /home/airflow/.local/lib/python3.12/site-packages/airflow/example_dags/example_python_operator.py took 0.074 seconds
[2025-01-31T20:57:54.969+0000] {processor.py:186} INFO - Started process (PID=760) to work on /home/airflow/.local/lib/python3.12/site-packages/airflow/example_dags/example_python_operator.py
[2025-01-31T20:57:54.970+0000] {processor.py:914} INFO - Processing file /home/airflow/.local/lib/python3.12/site-packages/airflow/example_dags/example_python_operator.py for tasks to queue
[2025-01-31T20:57:54.975+0000] {logging_mixin.py:190} INFO - [2025-01-31T20:57:54.975+0000] {dagbag.py:588} INFO - Filling up the DagBag from /home/airflow/.local/lib/python3.12/site-packages/airflow/example_dags/example_python_operator.py
[2025-01-31T20:57:55.015+0000] {processor.py:925} INFO - DAG(s) 'example_python_operator' retrieved from /home/airflow/.local/lib/python3.12/site-packages/airflow/example_dags/example_python_operator.py
[2025-01-31T20:57:55.048+0000] {logging_mixin.py:190} INFO - [2025-01-31T20:57:55.048+0000] {dag.py:3239} INFO - Sync 1 DAGs
[2025-01-31T20:57:55.062+0000] {logging_mixin.py:190} INFO - [2025-01-31T20:57:55.062+0000] {dag.py:4180} INFO - Setting next_dagrun for example_python_operator to None, run_after=None
[2025-01-31T20:57:55.077+0000] {processor.py:208} INFO - Processing /home/airflow/.local/lib/python3.12/site-packages/airflow/example_dags/example_python_operator.py took 0.115 seconds
[2025-01-31T20:58:25.485+0000] {processor.py:186} INFO - Started process (PID=825) to work on /home/airflow/.local/lib/python3.12/site-packages/airflow/example_dags/example_python_operator.py
[2025-01-31T20:58:25.486+0000] {processor.py:914} INFO - Processing file /home/airflow/.local/lib/python3.12/site-packages/airflow/example_dags/example_python_operator.py for tasks to queue
[2025-01-31T20:58:25.488+0000] {logging_mixin.py:190} INFO - [2025-01-31T20:58:25.487+0000] {dagbag.py:588} INFO - Filling up the DagBag from /home/airflow/.local/lib/python3.12/site-packages/airflow/example_dags/example_python_operator.py
[2025-01-31T20:58:25.500+0000] {processor.py:925} INFO - DAG(s) 'example_python_operator' retrieved from /home/airflow/.local/lib/python3.12/site-packages/airflow/example_dags/example_python_operator.py
[2025-01-31T20:58:25.523+0000] {logging_mixin.py:190} INFO - [2025-01-31T20:58:25.523+0000] {dag.py:3239} INFO - Sync 1 DAGs
[2025-01-31T20:58:25.538+0000] {logging_mixin.py:190} INFO - [2025-01-31T20:58:25.537+0000] {dag.py:4180} INFO - Setting next_dagrun for example_python_operator to None, run_after=None
[2025-01-31T20:58:25.554+0000] {processor.py:208} INFO - Processing /home/airflow/.local/lib/python3.12/site-packages/airflow/example_dags/example_python_operator.py took 0.075 seconds
[2025-01-31T20:58:56.392+0000] {processor.py:186} INFO - Started process (PID=886) to work on /home/airflow/.local/lib/python3.12/site-packages/airflow/example_dags/example_python_operator.py
[2025-01-31T20:58:56.393+0000] {processor.py:914} INFO - Processing file /home/airflow/.local/lib/python3.12/site-packages/airflow/example_dags/example_python_operator.py for tasks to queue
[2025-01-31T20:58:56.400+0000] {logging_mixin.py:190} INFO - [2025-01-31T20:58:56.395+0000] {dagbag.py:588} INFO - Filling up the DagBag from /home/airflow/.local/lib/python3.12/site-packages/airflow/example_dags/example_python_operator.py
[2025-01-31T20:58:56.421+0000] {processor.py:925} INFO - DAG(s) 'example_python_operator' retrieved from /home/airflow/.local/lib/python3.12/site-packages/airflow/example_dags/example_python_operator.py
[2025-01-31T20:58:56.471+0000] {logging_mixin.py:190} INFO - [2025-01-31T20:58:56.470+0000] {dag.py:3239} INFO - Sync 1 DAGs
[2025-01-31T20:58:56.507+0000] {logging_mixin.py:190} INFO - [2025-01-31T20:58:56.507+0000] {dag.py:4180} INFO - Setting next_dagrun for example_python_operator to None, run_after=None
[2025-01-31T20:58:56.530+0000] {processor.py:208} INFO - Processing /home/airflow/.local/lib/python3.12/site-packages/airflow/example_dags/example_python_operator.py took 0.143 seconds
[2025-01-31T20:59:27.814+0000] {processor.py:186} INFO - Started process (PID=950) to work on /home/airflow/.local/lib/python3.12/site-packages/airflow/example_dags/example_python_operator.py
[2025-01-31T20:59:27.815+0000] {processor.py:914} INFO - Processing file /home/airflow/.local/lib/python3.12/site-packages/airflow/example_dags/example_python_operator.py for tasks to queue
[2025-01-31T20:59:27.822+0000] {logging_mixin.py:190} INFO - [2025-01-31T20:59:27.822+0000] {dagbag.py:588} INFO - Filling up the DagBag from /home/airflow/.local/lib/python3.12/site-packages/airflow/example_dags/example_python_operator.py
[2025-01-31T20:59:27.876+0000] {processor.py:925} INFO - DAG(s) 'example_python_operator' retrieved from /home/airflow/.local/lib/python3.12/site-packages/airflow/example_dags/example_python_operator.py
[2025-01-31T20:59:27.948+0000] {logging_mixin.py:190} INFO - [2025-01-31T20:59:27.948+0000] {dag.py:3239} INFO - Sync 1 DAGs
[2025-01-31T20:59:27.985+0000] {logging_mixin.py:190} INFO - [2025-01-31T20:59:27.985+0000] {dag.py:4180} INFO - Setting next_dagrun for example_python_operator to None, run_after=None
[2025-01-31T20:59:28.011+0000] {processor.py:208} INFO - Processing /home/airflow/.local/lib/python3.12/site-packages/airflow/example_dags/example_python_operator.py took 0.234 seconds
[2025-01-31T20:59:59.073+0000] {processor.py:186} INFO - Started process (PID=1015) to work on /home/airflow/.local/lib/python3.12/site-packages/airflow/example_dags/example_python_operator.py
[2025-01-31T20:59:59.076+0000] {processor.py:914} INFO - Processing file /home/airflow/.local/lib/python3.12/site-packages/airflow/example_dags/example_python_operator.py for tasks to queue
[2025-01-31T20:59:59.078+0000] {logging_mixin.py:190} INFO - [2025-01-31T20:59:59.078+0000] {dagbag.py:588} INFO - Filling up the DagBag from /home/airflow/.local/lib/python3.12/site-packages/airflow/example_dags/example_python_operator.py
[2025-01-31T20:59:59.118+0000] {processor.py:925} INFO - DAG(s) 'example_python_operator' retrieved from /home/airflow/.local/lib/python3.12/site-packages/airflow/example_dags/example_python_operator.py
[2025-01-31T20:59:59.181+0000] {logging_mixin.py:190} INFO - [2025-01-31T20:59:59.180+0000] {dag.py:3239} INFO - Sync 1 DAGs
[2025-01-31T20:59:59.203+0000] {logging_mixin.py:190} INFO - [2025-01-31T20:59:59.203+0000] {dag.py:4180} INFO - Setting next_dagrun for example_python_operator to None, run_after=None
[2025-01-31T20:59:59.234+0000] {processor.py:208} INFO - Processing /home/airflow/.local/lib/python3.12/site-packages/airflow/example_dags/example_python_operator.py took 0.183 seconds
[2025-01-31T21:00:29.993+0000] {processor.py:186} INFO - Started process (PID=1079) to work on /home/airflow/.local/lib/python3.12/site-packages/airflow/example_dags/example_python_operator.py
[2025-01-31T21:00:29.994+0000] {processor.py:914} INFO - Processing file /home/airflow/.local/lib/python3.12/site-packages/airflow/example_dags/example_python_operator.py for tasks to queue
[2025-01-31T21:00:29.997+0000] {logging_mixin.py:190} INFO - [2025-01-31T21:00:29.996+0000] {dagbag.py:588} INFO - Filling up the DagBag from /home/airflow/.local/lib/python3.12/site-packages/airflow/example_dags/example_python_operator.py
[2025-01-31T21:00:30.009+0000] {processor.py:925} INFO - DAG(s) 'example_python_operator' retrieved from /home/airflow/.local/lib/python3.12/site-packages/airflow/example_dags/example_python_operator.py
[2025-01-31T21:00:30.039+0000] {logging_mixin.py:190} INFO - [2025-01-31T21:00:30.038+0000] {dag.py:3239} INFO - Sync 1 DAGs
[2025-01-31T21:00:30.054+0000] {logging_mixin.py:190} INFO - [2025-01-31T21:00:30.054+0000] {dag.py:4180} INFO - Setting next_dagrun for example_python_operator to None, run_after=None
[2025-01-31T21:00:30.077+0000] {processor.py:208} INFO - Processing /home/airflow/.local/lib/python3.12/site-packages/airflow/example_dags/example_python_operator.py took 0.089 seconds
[2025-01-31T21:01:00.910+0000] {processor.py:186} INFO - Started process (PID=1143) to work on /home/airflow/.local/lib/python3.12/site-packages/airflow/example_dags/example_python_operator.py
[2025-01-31T21:01:00.911+0000] {processor.py:914} INFO - Processing file /home/airflow/.local/lib/python3.12/site-packages/airflow/example_dags/example_python_operator.py for tasks to queue
[2025-01-31T21:01:00.913+0000] {logging_mixin.py:190} INFO - [2025-01-31T21:01:00.913+0000] {dagbag.py:588} INFO - Filling up the DagBag from /home/airflow/.local/lib/python3.12/site-packages/airflow/example_dags/example_python_operator.py
[2025-01-31T21:01:00.925+0000] {processor.py:925} INFO - DAG(s) 'example_python_operator' retrieved from /home/airflow/.local/lib/python3.12/site-packages/airflow/example_dags/example_python_operator.py
[2025-01-31T21:01:00.950+0000] {logging_mixin.py:190} INFO - [2025-01-31T21:01:00.949+0000] {dag.py:3239} INFO - Sync 1 DAGs
[2025-01-31T21:01:00.964+0000] {logging_mixin.py:190} INFO - [2025-01-31T21:01:00.964+0000] {dag.py:4180} INFO - Setting next_dagrun for example_python_operator to None, run_after=None
[2025-01-31T21:01:00.979+0000] {processor.py:208} INFO - Processing /home/airflow/.local/lib/python3.12/site-packages/airflow/example_dags/example_python_operator.py took 0.075 seconds
[2025-01-31T21:01:31.514+0000] {processor.py:186} INFO - Started process (PID=1206) to work on /home/airflow/.local/lib/python3.12/site-packages/airflow/example_dags/example_python_operator.py
[2025-01-31T21:01:31.514+0000] {processor.py:914} INFO - Processing file /home/airflow/.local/lib/python3.12/site-packages/airflow/example_dags/example_python_operator.py for tasks to queue
[2025-01-31T21:01:31.517+0000] {logging_mixin.py:190} INFO - [2025-01-31T21:01:31.516+0000] {dagbag.py:588} INFO - Filling up the DagBag from /home/airflow/.local/lib/python3.12/site-packages/airflow/example_dags/example_python_operator.py
[2025-01-31T21:01:31.529+0000] {processor.py:925} INFO - DAG(s) 'example_python_operator' retrieved from /home/airflow/.local/lib/python3.12/site-packages/airflow/example_dags/example_python_operator.py
[2025-01-31T21:01:31.551+0000] {logging_mixin.py:190} INFO - [2025-01-31T21:01:31.551+0000] {dag.py:3239} INFO - Sync 1 DAGs
[2025-01-31T21:01:31.567+0000] {logging_mixin.py:190} INFO - [2025-01-31T21:01:31.566+0000] {dag.py:4180} INFO - Setting next_dagrun for example_python_operator to None, run_after=None
[2025-01-31T21:01:31.583+0000] {processor.py:208} INFO - Processing /home/airflow/.local/lib/python3.12/site-packages/airflow/example_dags/example_python_operator.py took 0.076 seconds
[2025-01-31T21:02:01.625+0000] {processor.py:186} INFO - Started process (PID=1269) to work on /home/airflow/.local/lib/python3.12/site-packages/airflow/example_dags/example_python_operator.py
[2025-01-31T21:02:01.626+0000] {processor.py:914} INFO - Processing file /home/airflow/.local/lib/python3.12/site-packages/airflow/example_dags/example_python_operator.py for tasks to queue
[2025-01-31T21:02:01.628+0000] {logging_mixin.py:190} INFO - [2025-01-31T21:02:01.628+0000] {dagbag.py:588} INFO - Filling up the DagBag from /home/airflow/.local/lib/python3.12/site-packages/airflow/example_dags/example_python_operator.py
[2025-01-31T21:02:01.641+0000] {processor.py:925} INFO - DAG(s) 'example_python_operator' retrieved from /home/airflow/.local/lib/python3.12/site-packages/airflow/example_dags/example_python_operator.py
[2025-01-31T21:02:01.663+0000] {logging_mixin.py:190} INFO - [2025-01-31T21:02:01.663+0000] {dag.py:3239} INFO - Sync 1 DAGs
[2025-01-31T21:02:01.678+0000] {logging_mixin.py:190} INFO - [2025-01-31T21:02:01.677+0000] {dag.py:4180} INFO - Setting next_dagrun for example_python_operator to None, run_after=None
[2025-01-31T21:02:01.694+0000] {processor.py:208} INFO - Processing /home/airflow/.local/lib/python3.12/site-packages/airflow/example_dags/example_python_operator.py took 0.075 seconds
[2025-01-31T21:02:32.009+0000] {processor.py:186} INFO - Started process (PID=1334) to work on /home/airflow/.local/lib/python3.12/site-packages/airflow/example_dags/example_python_operator.py
[2025-01-31T21:02:32.009+0000] {processor.py:914} INFO - Processing file /home/airflow/.local/lib/python3.12/site-packages/airflow/example_dags/example_python_operator.py for tasks to queue
[2025-01-31T21:02:32.012+0000] {logging_mixin.py:190} INFO - [2025-01-31T21:02:32.011+0000] {dagbag.py:588} INFO - Filling up the DagBag from /home/airflow/.local/lib/python3.12/site-packages/airflow/example_dags/example_python_operator.py
[2025-01-31T21:02:32.024+0000] {processor.py:925} INFO - DAG(s) 'example_python_operator' retrieved from /home/airflow/.local/lib/python3.12/site-packages/airflow/example_dags/example_python_operator.py
[2025-01-31T21:02:32.061+0000] {logging_mixin.py:190} INFO - [2025-01-31T21:02:32.061+0000] {dag.py:3239} INFO - Sync 1 DAGs
[2025-01-31T21:02:32.075+0000] {logging_mixin.py:190} INFO - [2025-01-31T21:02:32.075+0000] {dag.py:4180} INFO - Setting next_dagrun for example_python_operator to None, run_after=None
[2025-01-31T21:02:32.091+0000] {processor.py:208} INFO - Processing /home/airflow/.local/lib/python3.12/site-packages/airflow/example_dags/example_python_operator.py took 0.088 seconds
[2025-01-31T21:03:02.399+0000] {processor.py:186} INFO - Started process (PID=1397) to work on /home/airflow/.local/lib/python3.12/site-packages/airflow/example_dags/example_python_operator.py
[2025-01-31T21:03:02.400+0000] {processor.py:914} INFO - Processing file /home/airflow/.local/lib/python3.12/site-packages/airflow/example_dags/example_python_operator.py for tasks to queue
[2025-01-31T21:03:02.402+0000] {logging_mixin.py:190} INFO - [2025-01-31T21:03:02.402+0000] {dagbag.py:588} INFO - Filling up the DagBag from /home/airflow/.local/lib/python3.12/site-packages/airflow/example_dags/example_python_operator.py
[2025-01-31T21:03:02.417+0000] {processor.py:925} INFO - DAG(s) 'example_python_operator' retrieved from /home/airflow/.local/lib/python3.12/site-packages/airflow/example_dags/example_python_operator.py
[2025-01-31T21:03:02.436+0000] {logging_mixin.py:190} INFO - [2025-01-31T21:03:02.435+0000] {dag.py:3239} INFO - Sync 1 DAGs
[2025-01-31T21:03:02.449+0000] {logging_mixin.py:190} INFO - [2025-01-31T21:03:02.449+0000] {dag.py:4180} INFO - Setting next_dagrun for example_python_operator to None, run_after=None
[2025-01-31T21:03:02.467+0000] {processor.py:208} INFO - Processing /home/airflow/.local/lib/python3.12/site-packages/airflow/example_dags/example_python_operator.py took 0.074 seconds
[2025-01-31T21:03:32.884+0000] {processor.py:186} INFO - Started process (PID=1460) to work on /home/airflow/.local/lib/python3.12/site-packages/airflow/example_dags/example_python_operator.py
[2025-01-31T21:03:32.885+0000] {processor.py:914} INFO - Processing file /home/airflow/.local/lib/python3.12/site-packages/airflow/example_dags/example_python_operator.py for tasks to queue
[2025-01-31T21:03:32.887+0000] {logging_mixin.py:190} INFO - [2025-01-31T21:03:32.887+0000] {dagbag.py:588} INFO - Filling up the DagBag from /home/airflow/.local/lib/python3.12/site-packages/airflow/example_dags/example_python_operator.py
[2025-01-31T21:03:32.916+0000] {processor.py:925} INFO - DAG(s) 'example_python_operator' retrieved from /home/airflow/.local/lib/python3.12/site-packages/airflow/example_dags/example_python_operator.py
[2025-01-31T21:03:32.966+0000] {logging_mixin.py:190} INFO - [2025-01-31T21:03:32.965+0000] {dag.py:3239} INFO - Sync 1 DAGs
[2025-01-31T21:03:33.002+0000] {logging_mixin.py:190} INFO - [2025-01-31T21:03:33.002+0000] {dag.py:4180} INFO - Setting next_dagrun for example_python_operator to None, run_after=None
[2025-01-31T21:03:33.037+0000] {processor.py:208} INFO - Processing /home/airflow/.local/lib/python3.12/site-packages/airflow/example_dags/example_python_operator.py took 0.174 seconds
[2025-01-31T21:04:03.488+0000] {processor.py:186} INFO - Started process (PID=1524) to work on /home/airflow/.local/lib/python3.12/site-packages/airflow/example_dags/example_python_operator.py
[2025-01-31T21:04:03.489+0000] {processor.py:914} INFO - Processing file /home/airflow/.local/lib/python3.12/site-packages/airflow/example_dags/example_python_operator.py for tasks to queue
[2025-01-31T21:04:03.491+0000] {logging_mixin.py:190} INFO - [2025-01-31T21:04:03.491+0000] {dagbag.py:588} INFO - Filling up the DagBag from /home/airflow/.local/lib/python3.12/site-packages/airflow/example_dags/example_python_operator.py
[2025-01-31T21:04:03.506+0000] {processor.py:925} INFO - DAG(s) 'example_python_operator' retrieved from /home/airflow/.local/lib/python3.12/site-packages/airflow/example_dags/example_python_operator.py
[2025-01-31T21:04:03.529+0000] {logging_mixin.py:190} INFO - [2025-01-31T21:04:03.528+0000] {dag.py:3239} INFO - Sync 1 DAGs
[2025-01-31T21:04:03.544+0000] {logging_mixin.py:190} INFO - [2025-01-31T21:04:03.544+0000] {dag.py:4180} INFO - Setting next_dagrun for example_python_operator to None, run_after=None
[2025-01-31T21:04:03.561+0000] {processor.py:208} INFO - Processing /home/airflow/.local/lib/python3.12/site-packages/airflow/example_dags/example_python_operator.py took 0.079 seconds
[2025-01-31T21:04:33.928+0000] {processor.py:186} INFO - Started process (PID=1586) to work on /home/airflow/.local/lib/python3.12/site-packages/airflow/example_dags/example_python_operator.py
[2025-01-31T21:04:33.928+0000] {processor.py:914} INFO - Processing file /home/airflow/.local/lib/python3.12/site-packages/airflow/example_dags/example_python_operator.py for tasks to queue
[2025-01-31T21:04:33.931+0000] {logging_mixin.py:190} INFO - [2025-01-31T21:04:33.930+0000] {dagbag.py:588} INFO - Filling up the DagBag from /home/airflow/.local/lib/python3.12/site-packages/airflow/example_dags/example_python_operator.py
[2025-01-31T21:04:33.943+0000] {processor.py:925} INFO - DAG(s) 'example_python_operator' retrieved from /home/airflow/.local/lib/python3.12/site-packages/airflow/example_dags/example_python_operator.py
[2025-01-31T21:04:33.966+0000] {logging_mixin.py:190} INFO - [2025-01-31T21:04:33.966+0000] {dag.py:3239} INFO - Sync 1 DAGs
[2025-01-31T21:04:33.981+0000] {logging_mixin.py:190} INFO - [2025-01-31T21:04:33.981+0000] {dag.py:4180} INFO - Setting next_dagrun for example_python_operator to None, run_after=None
[2025-01-31T21:04:33.998+0000] {processor.py:208} INFO - Processing /home/airflow/.local/lib/python3.12/site-packages/airflow/example_dags/example_python_operator.py took 0.076 seconds
[2025-01-31T21:05:04.582+0000] {processor.py:186} INFO - Started process (PID=1650) to work on /home/airflow/.local/lib/python3.12/site-packages/airflow/example_dags/example_python_operator.py
[2025-01-31T21:05:04.583+0000] {processor.py:914} INFO - Processing file /home/airflow/.local/lib/python3.12/site-packages/airflow/example_dags/example_python_operator.py for tasks to queue
[2025-01-31T21:05:04.586+0000] {logging_mixin.py:190} INFO - [2025-01-31T21:05:04.585+0000] {dagbag.py:588} INFO - Filling up the DagBag from /home/airflow/.local/lib/python3.12/site-packages/airflow/example_dags/example_python_operator.py
[2025-01-31T21:05:04.598+0000] {processor.py:925} INFO - DAG(s) 'example_python_operator' retrieved from /home/airflow/.local/lib/python3.12/site-packages/airflow/example_dags/example_python_operator.py
[2025-01-31T21:05:04.621+0000] {logging_mixin.py:190} INFO - [2025-01-31T21:05:04.621+0000] {dag.py:3239} INFO - Sync 1 DAGs
[2025-01-31T21:05:04.636+0000] {logging_mixin.py:190} INFO - [2025-01-31T21:05:04.636+0000] {dag.py:4180} INFO - Setting next_dagrun for example_python_operator to None, run_after=None
[2025-01-31T21:05:04.652+0000] {processor.py:208} INFO - Processing /home/airflow/.local/lib/python3.12/site-packages/airflow/example_dags/example_python_operator.py took 0.076 seconds
[2025-01-31T21:05:35.124+0000] {processor.py:186} INFO - Started process (PID=1713) to work on /home/airflow/.local/lib/python3.12/site-packages/airflow/example_dags/example_python_operator.py
[2025-01-31T21:05:35.125+0000] {processor.py:914} INFO - Processing file /home/airflow/.local/lib/python3.12/site-packages/airflow/example_dags/example_python_operator.py for tasks to queue
[2025-01-31T21:05:35.127+0000] {logging_mixin.py:190} INFO - [2025-01-31T21:05:35.126+0000] {dagbag.py:588} INFO - Filling up the DagBag from /home/airflow/.local/lib/python3.12/site-packages/airflow/example_dags/example_python_operator.py
[2025-01-31T21:05:35.139+0000] {processor.py:925} INFO - DAG(s) 'example_python_operator' retrieved from /home/airflow/.local/lib/python3.12/site-packages/airflow/example_dags/example_python_operator.py
[2025-01-31T21:05:35.161+0000] {logging_mixin.py:190} INFO - [2025-01-31T21:05:35.161+0000] {dag.py:3239} INFO - Sync 1 DAGs
[2025-01-31T21:05:35.186+0000] {logging_mixin.py:190} INFO - [2025-01-31T21:05:35.186+0000] {dag.py:4180} INFO - Setting next_dagrun for example_python_operator to None, run_after=None
[2025-01-31T21:05:35.203+0000] {processor.py:208} INFO - Processing /home/airflow/.local/lib/python3.12/site-packages/airflow/example_dags/example_python_operator.py took 0.085 seconds
[2025-01-31T21:06:05.518+0000] {processor.py:186} INFO - Started process (PID=1776) to work on /home/airflow/.local/lib/python3.12/site-packages/airflow/example_dags/example_python_operator.py
[2025-01-31T21:06:05.528+0000] {processor.py:914} INFO - Processing file /home/airflow/.local/lib/python3.12/site-packages/airflow/example_dags/example_python_operator.py for tasks to queue
[2025-01-31T21:06:05.531+0000] {logging_mixin.py:190} INFO - [2025-01-31T21:06:05.530+0000] {dagbag.py:588} INFO - Filling up the DagBag from /home/airflow/.local/lib/python3.12/site-packages/airflow/example_dags/example_python_operator.py
[2025-01-31T21:06:05.562+0000] {processor.py:925} INFO - DAG(s) 'example_python_operator' retrieved from /home/airflow/.local/lib/python3.12/site-packages/airflow/example_dags/example_python_operator.py
[2025-01-31T21:06:05.633+0000] {logging_mixin.py:190} INFO - [2025-01-31T21:06:05.632+0000] {dag.py:3239} INFO - Sync 1 DAGs
[2025-01-31T21:06:05.680+0000] {logging_mixin.py:190} INFO - [2025-01-31T21:06:05.680+0000] {dag.py:4180} INFO - Setting next_dagrun for example_python_operator to None, run_after=None
[2025-01-31T21:06:05.722+0000] {processor.py:208} INFO - Processing /home/airflow/.local/lib/python3.12/site-packages/airflow/example_dags/example_python_operator.py took 0.210 seconds
[2025-01-31T21:06:36.193+0000] {processor.py:186} INFO - Started process (PID=1839) to work on /home/airflow/.local/lib/python3.12/site-packages/airflow/example_dags/example_python_operator.py
[2025-01-31T21:06:36.194+0000] {processor.py:914} INFO - Processing file /home/airflow/.local/lib/python3.12/site-packages/airflow/example_dags/example_python_operator.py for tasks to queue
[2025-01-31T21:06:36.208+0000] {logging_mixin.py:190} INFO - [2025-01-31T21:06:36.208+0000] {dagbag.py:588} INFO - Filling up the DagBag from /home/airflow/.local/lib/python3.12/site-packages/airflow/example_dags/example_python_operator.py
[2025-01-31T21:06:36.221+0000] {processor.py:925} INFO - DAG(s) 'example_python_operator' retrieved from /home/airflow/.local/lib/python3.12/site-packages/airflow/example_dags/example_python_operator.py
[2025-01-31T21:06:36.246+0000] {logging_mixin.py:190} INFO - [2025-01-31T21:06:36.246+0000] {dag.py:3239} INFO - Sync 1 DAGs
[2025-01-31T21:06:36.262+0000] {logging_mixin.py:190} INFO - [2025-01-31T21:06:36.262+0000] {dag.py:4180} INFO - Setting next_dagrun for example_python_operator to None, run_after=None
[2025-01-31T21:06:36.286+0000] {processor.py:208} INFO - Processing /home/airflow/.local/lib/python3.12/site-packages/airflow/example_dags/example_python_operator.py took 0.104 seconds
[2025-01-31T21:07:06.964+0000] {processor.py:186} INFO - Started process (PID=1902) to work on /home/airflow/.local/lib/python3.12/site-packages/airflow/example_dags/example_python_operator.py
[2025-01-31T21:07:06.965+0000] {processor.py:914} INFO - Processing file /home/airflow/.local/lib/python3.12/site-packages/airflow/example_dags/example_python_operator.py for tasks to queue
[2025-01-31T21:07:06.967+0000] {logging_mixin.py:190} INFO - [2025-01-31T21:07:06.967+0000] {dagbag.py:588} INFO - Filling up the DagBag from /home/airflow/.local/lib/python3.12/site-packages/airflow/example_dags/example_python_operator.py
[2025-01-31T21:07:06.985+0000] {processor.py:925} INFO - DAG(s) 'example_python_operator' retrieved from /home/airflow/.local/lib/python3.12/site-packages/airflow/example_dags/example_python_operator.py
[2025-01-31T21:07:07.020+0000] {logging_mixin.py:190} INFO - [2025-01-31T21:07:07.020+0000] {dag.py:3239} INFO - Sync 1 DAGs
[2025-01-31T21:07:07.036+0000] {logging_mixin.py:190} INFO - [2025-01-31T21:07:07.035+0000] {dag.py:4180} INFO - Setting next_dagrun for example_python_operator to None, run_after=None
[2025-01-31T21:07:07.056+0000] {processor.py:208} INFO - Processing /home/airflow/.local/lib/python3.12/site-packages/airflow/example_dags/example_python_operator.py took 0.098 seconds
[2025-01-31T21:07:37.757+0000] {processor.py:186} INFO - Started process (PID=1964) to work on /home/airflow/.local/lib/python3.12/site-packages/airflow/example_dags/example_python_operator.py
[2025-01-31T21:07:37.757+0000] {processor.py:914} INFO - Processing file /home/airflow/.local/lib/python3.12/site-packages/airflow/example_dags/example_python_operator.py for tasks to queue
[2025-01-31T21:07:37.760+0000] {logging_mixin.py:190} INFO - [2025-01-31T21:07:37.759+0000] {dagbag.py:588} INFO - Filling up the DagBag from /home/airflow/.local/lib/python3.12/site-packages/airflow/example_dags/example_python_operator.py
[2025-01-31T21:07:37.772+0000] {processor.py:925} INFO - DAG(s) 'example_python_operator' retrieved from /home/airflow/.local/lib/python3.12/site-packages/airflow/example_dags/example_python_operator.py
[2025-01-31T21:07:37.795+0000] {logging_mixin.py:190} INFO - [2025-01-31T21:07:37.795+0000] {dag.py:3239} INFO - Sync 1 DAGs
[2025-01-31T21:07:37.811+0000] {logging_mixin.py:190} INFO - [2025-01-31T21:07:37.811+0000] {dag.py:4180} INFO - Setting next_dagrun for example_python_operator to None, run_after=None
[2025-01-31T21:07:37.828+0000] {processor.py:208} INFO - Processing /home/airflow/.local/lib/python3.12/site-packages/airflow/example_dags/example_python_operator.py took 0.077 seconds
[2025-01-31T21:08:08.790+0000] {processor.py:186} INFO - Started process (PID=2027) to work on /home/airflow/.local/lib/python3.12/site-packages/airflow/example_dags/example_python_operator.py
[2025-01-31T21:08:08.791+0000] {processor.py:914} INFO - Processing file /home/airflow/.local/lib/python3.12/site-packages/airflow/example_dags/example_python_operator.py for tasks to queue
[2025-01-31T21:08:08.794+0000] {logging_mixin.py:190} INFO - [2025-01-31T21:08:08.793+0000] {dagbag.py:588} INFO - Filling up the DagBag from /home/airflow/.local/lib/python3.12/site-packages/airflow/example_dags/example_python_operator.py
[2025-01-31T21:08:08.811+0000] {processor.py:925} INFO - DAG(s) 'example_python_operator' retrieved from /home/airflow/.local/lib/python3.12/site-packages/airflow/example_dags/example_python_operator.py
[2025-01-31T21:08:08.902+0000] {logging_mixin.py:190} INFO - [2025-01-31T21:08:08.902+0000] {dag.py:3239} INFO - Sync 1 DAGs
[2025-01-31T21:08:08.949+0000] {logging_mixin.py:190} INFO - [2025-01-31T21:08:08.948+0000] {dag.py:4180} INFO - Setting next_dagrun for example_python_operator to None, run_after=None
[2025-01-31T21:08:09.006+0000] {processor.py:208} INFO - Processing /home/airflow/.local/lib/python3.12/site-packages/airflow/example_dags/example_python_operator.py took 0.222 seconds
[2025-01-31T21:08:39.075+0000] {processor.py:186} INFO - Started process (PID=2090) to work on /home/airflow/.local/lib/python3.12/site-packages/airflow/example_dags/example_python_operator.py
[2025-01-31T21:08:39.076+0000] {processor.py:914} INFO - Processing file /home/airflow/.local/lib/python3.12/site-packages/airflow/example_dags/example_python_operator.py for tasks to queue
[2025-01-31T21:08:39.077+0000] {logging_mixin.py:190} INFO - [2025-01-31T21:08:39.077+0000] {dagbag.py:588} INFO - Filling up the DagBag from /home/airflow/.local/lib/python3.12/site-packages/airflow/example_dags/example_python_operator.py
[2025-01-31T21:08:39.086+0000] {processor.py:925} INFO - DAG(s) 'example_python_operator' retrieved from /home/airflow/.local/lib/python3.12/site-packages/airflow/example_dags/example_python_operator.py
[2025-01-31T21:08:39.102+0000] {logging_mixin.py:190} INFO - [2025-01-31T21:08:39.102+0000] {dag.py:3239} INFO - Sync 1 DAGs
[2025-01-31T21:08:39.112+0000] {logging_mixin.py:190} INFO - [2025-01-31T21:08:39.112+0000] {dag.py:4180} INFO - Setting next_dagrun for example_python_operator to None, run_after=None
[2025-01-31T21:08:39.124+0000] {processor.py:208} INFO - Processing /home/airflow/.local/lib/python3.12/site-packages/airflow/example_dags/example_python_operator.py took 0.053 seconds
[2025-01-31T21:09:09.526+0000] {processor.py:186} INFO - Started process (PID=2154) to work on /home/airflow/.local/lib/python3.12/site-packages/airflow/example_dags/example_python_operator.py
[2025-01-31T21:09:09.527+0000] {processor.py:914} INFO - Processing file /home/airflow/.local/lib/python3.12/site-packages/airflow/example_dags/example_python_operator.py for tasks to queue
[2025-01-31T21:09:09.529+0000] {logging_mixin.py:190} INFO - [2025-01-31T21:09:09.529+0000] {dagbag.py:588} INFO - Filling up the DagBag from /home/airflow/.local/lib/python3.12/site-packages/airflow/example_dags/example_python_operator.py
[2025-01-31T21:09:09.542+0000] {processor.py:925} INFO - DAG(s) 'example_python_operator' retrieved from /home/airflow/.local/lib/python3.12/site-packages/airflow/example_dags/example_python_operator.py
[2025-01-31T21:09:09.564+0000] {logging_mixin.py:190} INFO - [2025-01-31T21:09:09.564+0000] {dag.py:3239} INFO - Sync 1 DAGs
[2025-01-31T21:09:09.579+0000] {logging_mixin.py:190} INFO - [2025-01-31T21:09:09.579+0000] {dag.py:4180} INFO - Setting next_dagrun for example_python_operator to None, run_after=None
[2025-01-31T21:09:09.595+0000] {processor.py:208} INFO - Processing /home/airflow/.local/lib/python3.12/site-packages/airflow/example_dags/example_python_operator.py took 0.075 seconds
[2025-01-31T21:09:40.163+0000] {processor.py:186} INFO - Started process (PID=2217) to work on /home/airflow/.local/lib/python3.12/site-packages/airflow/example_dags/example_python_operator.py
[2025-01-31T21:09:40.164+0000] {processor.py:914} INFO - Processing file /home/airflow/.local/lib/python3.12/site-packages/airflow/example_dags/example_python_operator.py for tasks to queue
[2025-01-31T21:09:40.166+0000] {logging_mixin.py:190} INFO - [2025-01-31T21:09:40.166+0000] {dagbag.py:588} INFO - Filling up the DagBag from /home/airflow/.local/lib/python3.12/site-packages/airflow/example_dags/example_python_operator.py
[2025-01-31T21:09:40.179+0000] {processor.py:925} INFO - DAG(s) 'example_python_operator' retrieved from /home/airflow/.local/lib/python3.12/site-packages/airflow/example_dags/example_python_operator.py
[2025-01-31T21:09:40.202+0000] {logging_mixin.py:190} INFO - [2025-01-31T21:09:40.202+0000] {dag.py:3239} INFO - Sync 1 DAGs
[2025-01-31T21:09:40.216+0000] {logging_mixin.py:190} INFO - [2025-01-31T21:09:40.216+0000] {dag.py:4180} INFO - Setting next_dagrun for example_python_operator to None, run_after=None
[2025-01-31T21:09:40.228+0000] {processor.py:208} INFO - Processing /home/airflow/.local/lib/python3.12/site-packages/airflow/example_dags/example_python_operator.py took 0.072 seconds
[2025-01-31T21:10:10.484+0000] {processor.py:186} INFO - Started process (PID=2281) to work on /home/airflow/.local/lib/python3.12/site-packages/airflow/example_dags/example_python_operator.py
[2025-01-31T21:10:10.485+0000] {processor.py:914} INFO - Processing file /home/airflow/.local/lib/python3.12/site-packages/airflow/example_dags/example_python_operator.py for tasks to queue
[2025-01-31T21:10:10.487+0000] {logging_mixin.py:190} INFO - [2025-01-31T21:10:10.487+0000] {dagbag.py:588} INFO - Filling up the DagBag from /home/airflow/.local/lib/python3.12/site-packages/airflow/example_dags/example_python_operator.py
[2025-01-31T21:10:10.500+0000] {processor.py:925} INFO - DAG(s) 'example_python_operator' retrieved from /home/airflow/.local/lib/python3.12/site-packages/airflow/example_dags/example_python_operator.py
[2025-01-31T21:10:10.522+0000] {logging_mixin.py:190} INFO - [2025-01-31T21:10:10.522+0000] {dag.py:3239} INFO - Sync 1 DAGs
[2025-01-31T21:10:10.536+0000] {logging_mixin.py:190} INFO - [2025-01-31T21:10:10.536+0000] {dag.py:4180} INFO - Setting next_dagrun for example_python_operator to None, run_after=None
[2025-01-31T21:10:10.548+0000] {processor.py:208} INFO - Processing /home/airflow/.local/lib/python3.12/site-packages/airflow/example_dags/example_python_operator.py took 0.070 seconds
[2025-01-31T21:10:41.223+0000] {processor.py:186} INFO - Started process (PID=2344) to work on /home/airflow/.local/lib/python3.12/site-packages/airflow/example_dags/example_python_operator.py
[2025-01-31T21:10:41.224+0000] {processor.py:914} INFO - Processing file /home/airflow/.local/lib/python3.12/site-packages/airflow/example_dags/example_python_operator.py for tasks to queue
[2025-01-31T21:10:41.226+0000] {logging_mixin.py:190} INFO - [2025-01-31T21:10:41.226+0000] {dagbag.py:588} INFO - Filling up the DagBag from /home/airflow/.local/lib/python3.12/site-packages/airflow/example_dags/example_python_operator.py
[2025-01-31T21:10:41.239+0000] {processor.py:925} INFO - DAG(s) 'example_python_operator' retrieved from /home/airflow/.local/lib/python3.12/site-packages/airflow/example_dags/example_python_operator.py
[2025-01-31T21:10:41.262+0000] {logging_mixin.py:190} INFO - [2025-01-31T21:10:41.262+0000] {dag.py:3239} INFO - Sync 1 DAGs
[2025-01-31T21:10:41.277+0000] {logging_mixin.py:190} INFO - [2025-01-31T21:10:41.277+0000] {dag.py:4180} INFO - Setting next_dagrun for example_python_operator to None, run_after=None
[2025-01-31T21:10:41.291+0000] {processor.py:208} INFO - Processing /home/airflow/.local/lib/python3.12/site-packages/airflow/example_dags/example_python_operator.py took 0.074 seconds
[2025-01-31T21:11:11.377+0000] {processor.py:186} INFO - Started process (PID=2407) to work on /home/airflow/.local/lib/python3.12/site-packages/airflow/example_dags/example_python_operator.py
[2025-01-31T21:11:11.378+0000] {processor.py:914} INFO - Processing file /home/airflow/.local/lib/python3.12/site-packages/airflow/example_dags/example_python_operator.py for tasks to queue
[2025-01-31T21:11:11.380+0000] {logging_mixin.py:190} INFO - [2025-01-31T21:11:11.380+0000] {dagbag.py:588} INFO - Filling up the DagBag from /home/airflow/.local/lib/python3.12/site-packages/airflow/example_dags/example_python_operator.py
[2025-01-31T21:11:11.393+0000] {processor.py:925} INFO - DAG(s) 'example_python_operator' retrieved from /home/airflow/.local/lib/python3.12/site-packages/airflow/example_dags/example_python_operator.py
[2025-01-31T21:11:11.417+0000] {logging_mixin.py:190} INFO - [2025-01-31T21:11:11.417+0000] {dag.py:3239} INFO - Sync 1 DAGs
[2025-01-31T21:11:11.433+0000] {logging_mixin.py:190} INFO - [2025-01-31T21:11:11.433+0000] {dag.py:4180} INFO - Setting next_dagrun for example_python_operator to None, run_after=None
[2025-01-31T21:11:11.452+0000] {processor.py:208} INFO - Processing /home/airflow/.local/lib/python3.12/site-packages/airflow/example_dags/example_python_operator.py took 0.081 seconds
[2025-01-31T21:11:42.116+0000] {processor.py:186} INFO - Started process (PID=2470) to work on /home/airflow/.local/lib/python3.12/site-packages/airflow/example_dags/example_python_operator.py
[2025-01-31T21:11:42.116+0000] {processor.py:914} INFO - Processing file /home/airflow/.local/lib/python3.12/site-packages/airflow/example_dags/example_python_operator.py for tasks to queue
[2025-01-31T21:11:42.118+0000] {logging_mixin.py:190} INFO - [2025-01-31T21:11:42.118+0000] {dagbag.py:588} INFO - Filling up the DagBag from /home/airflow/.local/lib/python3.12/site-packages/airflow/example_dags/example_python_operator.py
[2025-01-31T21:11:42.127+0000] {processor.py:925} INFO - DAG(s) 'example_python_operator' retrieved from /home/airflow/.local/lib/python3.12/site-packages/airflow/example_dags/example_python_operator.py
[2025-01-31T21:11:42.143+0000] {logging_mixin.py:190} INFO - [2025-01-31T21:11:42.143+0000] {dag.py:3239} INFO - Sync 1 DAGs
[2025-01-31T21:11:42.154+0000] {logging_mixin.py:190} INFO - [2025-01-31T21:11:42.154+0000] {dag.py:4180} INFO - Setting next_dagrun for example_python_operator to None, run_after=None
[2025-01-31T21:11:42.167+0000] {processor.py:208} INFO - Processing /home/airflow/.local/lib/python3.12/site-packages/airflow/example_dags/example_python_operator.py took 0.055 seconds
[2025-01-31T21:12:12.641+0000] {processor.py:186} INFO - Started process (PID=2533) to work on /home/airflow/.local/lib/python3.12/site-packages/airflow/example_dags/example_python_operator.py
[2025-01-31T21:12:12.641+0000] {processor.py:914} INFO - Processing file /home/airflow/.local/lib/python3.12/site-packages/airflow/example_dags/example_python_operator.py for tasks to queue
[2025-01-31T21:12:12.644+0000] {logging_mixin.py:190} INFO - [2025-01-31T21:12:12.643+0000] {dagbag.py:588} INFO - Filling up the DagBag from /home/airflow/.local/lib/python3.12/site-packages/airflow/example_dags/example_python_operator.py
[2025-01-31T21:12:12.656+0000] {processor.py:925} INFO - DAG(s) 'example_python_operator' retrieved from /home/airflow/.local/lib/python3.12/site-packages/airflow/example_dags/example_python_operator.py
[2025-01-31T21:12:12.678+0000] {logging_mixin.py:190} INFO - [2025-01-31T21:12:12.678+0000] {dag.py:3239} INFO - Sync 1 DAGs
[2025-01-31T21:12:12.695+0000] {logging_mixin.py:190} INFO - [2025-01-31T21:12:12.694+0000] {dag.py:4180} INFO - Setting next_dagrun for example_python_operator to None, run_after=None
[2025-01-31T21:12:12.712+0000] {processor.py:208} INFO - Processing /home/airflow/.local/lib/python3.12/site-packages/airflow/example_dags/example_python_operator.py took 0.077 seconds
[2025-01-31T21:12:42.771+0000] {processor.py:186} INFO - Started process (PID=2595) to work on /home/airflow/.local/lib/python3.12/site-packages/airflow/example_dags/example_python_operator.py
[2025-01-31T21:12:42.772+0000] {processor.py:914} INFO - Processing file /home/airflow/.local/lib/python3.12/site-packages/airflow/example_dags/example_python_operator.py for tasks to queue
[2025-01-31T21:12:42.774+0000] {logging_mixin.py:190} INFO - [2025-01-31T21:12:42.774+0000] {dagbag.py:588} INFO - Filling up the DagBag from /home/airflow/.local/lib/python3.12/site-packages/airflow/example_dags/example_python_operator.py
[2025-01-31T21:12:42.787+0000] {processor.py:925} INFO - DAG(s) 'example_python_operator' retrieved from /home/airflow/.local/lib/python3.12/site-packages/airflow/example_dags/example_python_operator.py
[2025-01-31T21:12:42.808+0000] {logging_mixin.py:190} INFO - [2025-01-31T21:12:42.808+0000] {dag.py:3239} INFO - Sync 1 DAGs
[2025-01-31T21:12:42.818+0000] {logging_mixin.py:190} INFO - [2025-01-31T21:12:42.818+0000] {dag.py:4180} INFO - Setting next_dagrun for example_python_operator to None, run_after=None
[2025-01-31T21:12:42.831+0000] {processor.py:208} INFO - Processing /home/airflow/.local/lib/python3.12/site-packages/airflow/example_dags/example_python_operator.py took 0.066 seconds
[2025-01-31T21:13:13.209+0000] {processor.py:186} INFO - Started process (PID=2658) to work on /home/airflow/.local/lib/python3.12/site-packages/airflow/example_dags/example_python_operator.py
[2025-01-31T21:13:13.210+0000] {processor.py:914} INFO - Processing file /home/airflow/.local/lib/python3.12/site-packages/airflow/example_dags/example_python_operator.py for tasks to queue
[2025-01-31T21:13:13.213+0000] {logging_mixin.py:190} INFO - [2025-01-31T21:13:13.212+0000] {dagbag.py:588} INFO - Filling up the DagBag from /home/airflow/.local/lib/python3.12/site-packages/airflow/example_dags/example_python_operator.py
[2025-01-31T21:13:13.226+0000] {processor.py:925} INFO - DAG(s) 'example_python_operator' retrieved from /home/airflow/.local/lib/python3.12/site-packages/airflow/example_dags/example_python_operator.py
[2025-01-31T21:13:13.248+0000] {logging_mixin.py:190} INFO - [2025-01-31T21:13:13.248+0000] {dag.py:3239} INFO - Sync 1 DAGs
[2025-01-31T21:13:13.264+0000] {logging_mixin.py:190} INFO - [2025-01-31T21:13:13.263+0000] {dag.py:4180} INFO - Setting next_dagrun for example_python_operator to None, run_after=None
[2025-01-31T21:13:13.281+0000] {processor.py:208} INFO - Processing /home/airflow/.local/lib/python3.12/site-packages/airflow/example_dags/example_python_operator.py took 0.086 seconds
[2025-01-31T21:13:43.693+0000] {processor.py:186} INFO - Started process (PID=2721) to work on /home/airflow/.local/lib/python3.12/site-packages/airflow/example_dags/example_python_operator.py
[2025-01-31T21:13:43.694+0000] {processor.py:914} INFO - Processing file /home/airflow/.local/lib/python3.12/site-packages/airflow/example_dags/example_python_operator.py for tasks to queue
[2025-01-31T21:13:43.696+0000] {logging_mixin.py:190} INFO - [2025-01-31T21:13:43.696+0000] {dagbag.py:588} INFO - Filling up the DagBag from /home/airflow/.local/lib/python3.12/site-packages/airflow/example_dags/example_python_operator.py
[2025-01-31T21:13:43.708+0000] {processor.py:925} INFO - DAG(s) 'example_python_operator' retrieved from /home/airflow/.local/lib/python3.12/site-packages/airflow/example_dags/example_python_operator.py
[2025-01-31T21:13:43.724+0000] {logging_mixin.py:190} INFO - [2025-01-31T21:13:43.724+0000] {dag.py:3239} INFO - Sync 1 DAGs
[2025-01-31T21:13:43.737+0000] {logging_mixin.py:190} INFO - [2025-01-31T21:13:43.737+0000] {dag.py:4180} INFO - Setting next_dagrun for example_python_operator to None, run_after=None
[2025-01-31T21:13:43.749+0000] {processor.py:208} INFO - Processing /home/airflow/.local/lib/python3.12/site-packages/airflow/example_dags/example_python_operator.py took 0.062 seconds
[2025-01-31T21:14:13.977+0000] {processor.py:186} INFO - Started process (PID=2784) to work on /home/airflow/.local/lib/python3.12/site-packages/airflow/example_dags/example_python_operator.py
[2025-01-31T21:14:13.978+0000] {processor.py:914} INFO - Processing file /home/airflow/.local/lib/python3.12/site-packages/airflow/example_dags/example_python_operator.py for tasks to queue
[2025-01-31T21:14:13.981+0000] {logging_mixin.py:190} INFO - [2025-01-31T21:14:13.980+0000] {dagbag.py:588} INFO - Filling up the DagBag from /home/airflow/.local/lib/python3.12/site-packages/airflow/example_dags/example_python_operator.py
[2025-01-31T21:14:13.995+0000] {processor.py:925} INFO - DAG(s) 'example_python_operator' retrieved from /home/airflow/.local/lib/python3.12/site-packages/airflow/example_dags/example_python_operator.py
[2025-01-31T21:14:14.017+0000] {logging_mixin.py:190} INFO - [2025-01-31T21:14:14.017+0000] {dag.py:3239} INFO - Sync 1 DAGs
[2025-01-31T21:14:14.032+0000] {logging_mixin.py:190} INFO - [2025-01-31T21:14:14.032+0000] {dag.py:4180} INFO - Setting next_dagrun for example_python_operator to None, run_after=None
[2025-01-31T21:14:14.049+0000] {processor.py:208} INFO - Processing /home/airflow/.local/lib/python3.12/site-packages/airflow/example_dags/example_python_operator.py took 0.078 seconds
[2025-01-31T21:14:44.392+0000] {processor.py:186} INFO - Started process (PID=2846) to work on /home/airflow/.local/lib/python3.12/site-packages/airflow/example_dags/example_python_operator.py
[2025-01-31T21:14:44.395+0000] {processor.py:914} INFO - Processing file /home/airflow/.local/lib/python3.12/site-packages/airflow/example_dags/example_python_operator.py for tasks to queue
[2025-01-31T21:14:44.398+0000] {logging_mixin.py:190} INFO - [2025-01-31T21:14:44.397+0000] {dagbag.py:588} INFO - Filling up the DagBag from /home/airflow/.local/lib/python3.12/site-packages/airflow/example_dags/example_python_operator.py
[2025-01-31T21:14:44.410+0000] {processor.py:925} INFO - DAG(s) 'example_python_operator' retrieved from /home/airflow/.local/lib/python3.12/site-packages/airflow/example_dags/example_python_operator.py
[2025-01-31T21:14:44.449+0000] {logging_mixin.py:190} INFO - [2025-01-31T21:14:44.448+0000] {dag.py:3239} INFO - Sync 1 DAGs
[2025-01-31T21:14:44.464+0000] {logging_mixin.py:190} INFO - [2025-01-31T21:14:44.463+0000] {dag.py:4180} INFO - Setting next_dagrun for example_python_operator to None, run_after=None
[2025-01-31T21:14:44.491+0000] {processor.py:208} INFO - Processing /home/airflow/.local/lib/python3.12/site-packages/airflow/example_dags/example_python_operator.py took 0.105 seconds
[2025-01-31T21:15:16.412+0000] {processor.py:186} INFO - Started process (PID=2910) to work on /home/airflow/.local/lib/python3.12/site-packages/airflow/example_dags/example_python_operator.py
[2025-01-31T21:15:16.413+0000] {processor.py:914} INFO - Processing file /home/airflow/.local/lib/python3.12/site-packages/airflow/example_dags/example_python_operator.py for tasks to queue
[2025-01-31T21:15:16.416+0000] {logging_mixin.py:190} INFO - [2025-01-31T21:15:16.415+0000] {dagbag.py:588} INFO - Filling up the DagBag from /home/airflow/.local/lib/python3.12/site-packages/airflow/example_dags/example_python_operator.py
[2025-01-31T21:15:16.428+0000] {processor.py:925} INFO - DAG(s) 'example_python_operator' retrieved from /home/airflow/.local/lib/python3.12/site-packages/airflow/example_dags/example_python_operator.py
[2025-01-31T21:15:16.452+0000] {logging_mixin.py:190} INFO - [2025-01-31T21:15:16.452+0000] {dag.py:3239} INFO - Sync 1 DAGs
[2025-01-31T21:15:16.468+0000] {logging_mixin.py:190} INFO - [2025-01-31T21:15:16.467+0000] {dag.py:4180} INFO - Setting next_dagrun for example_python_operator to None, run_after=None
[2025-01-31T21:15:16.485+0000] {processor.py:208} INFO - Processing /home/airflow/.local/lib/python3.12/site-packages/airflow/example_dags/example_python_operator.py took 0.080 seconds
[2025-01-31T21:15:47.319+0000] {processor.py:186} INFO - Started process (PID=2974) to work on /home/airflow/.local/lib/python3.12/site-packages/airflow/example_dags/example_python_operator.py
[2025-01-31T21:15:47.320+0000] {processor.py:914} INFO - Processing file /home/airflow/.local/lib/python3.12/site-packages/airflow/example_dags/example_python_operator.py for tasks to queue
[2025-01-31T21:15:47.322+0000] {logging_mixin.py:190} INFO - [2025-01-31T21:15:47.322+0000] {dagbag.py:588} INFO - Filling up the DagBag from /home/airflow/.local/lib/python3.12/site-packages/airflow/example_dags/example_python_operator.py
[2025-01-31T21:15:47.335+0000] {processor.py:925} INFO - DAG(s) 'example_python_operator' retrieved from /home/airflow/.local/lib/python3.12/site-packages/airflow/example_dags/example_python_operator.py
[2025-01-31T21:15:47.359+0000] {logging_mixin.py:190} INFO - [2025-01-31T21:15:47.359+0000] {dag.py:3239} INFO - Sync 1 DAGs
[2025-01-31T21:15:47.375+0000] {logging_mixin.py:190} INFO - [2025-01-31T21:15:47.375+0000] {dag.py:4180} INFO - Setting next_dagrun for example_python_operator to None, run_after=None
[2025-01-31T21:15:47.391+0000] {processor.py:208} INFO - Processing /home/airflow/.local/lib/python3.12/site-packages/airflow/example_dags/example_python_operator.py took 0.079 seconds
[2025-01-31T21:16:18.825+0000] {processor.py:186} INFO - Started process (PID=3038) to work on /home/airflow/.local/lib/python3.12/site-packages/airflow/example_dags/example_python_operator.py
[2025-01-31T21:16:18.826+0000] {processor.py:914} INFO - Processing file /home/airflow/.local/lib/python3.12/site-packages/airflow/example_dags/example_python_operator.py for tasks to queue
[2025-01-31T21:16:18.828+0000] {logging_mixin.py:190} INFO - [2025-01-31T21:16:18.828+0000] {dagbag.py:588} INFO - Filling up the DagBag from /home/airflow/.local/lib/python3.12/site-packages/airflow/example_dags/example_python_operator.py
[2025-01-31T21:16:18.841+0000] {processor.py:925} INFO - DAG(s) 'example_python_operator' retrieved from /home/airflow/.local/lib/python3.12/site-packages/airflow/example_dags/example_python_operator.py
[2025-01-31T21:16:18.866+0000] {logging_mixin.py:190} INFO - [2025-01-31T21:16:18.865+0000] {dag.py:3239} INFO - Sync 1 DAGs
[2025-01-31T21:16:18.881+0000] {logging_mixin.py:190} INFO - [2025-01-31T21:16:18.881+0000] {dag.py:4180} INFO - Setting next_dagrun for example_python_operator to None, run_after=None
[2025-01-31T21:16:18.898+0000] {processor.py:208} INFO - Processing /home/airflow/.local/lib/python3.12/site-packages/airflow/example_dags/example_python_operator.py took 0.078 seconds
[2025-01-31T21:16:49.523+0000] {processor.py:186} INFO - Started process (PID=3101) to work on /home/airflow/.local/lib/python3.12/site-packages/airflow/example_dags/example_python_operator.py
[2025-01-31T21:16:49.523+0000] {processor.py:914} INFO - Processing file /home/airflow/.local/lib/python3.12/site-packages/airflow/example_dags/example_python_operator.py for tasks to queue
[2025-01-31T21:16:49.526+0000] {logging_mixin.py:190} INFO - [2025-01-31T21:16:49.525+0000] {dagbag.py:588} INFO - Filling up the DagBag from /home/airflow/.local/lib/python3.12/site-packages/airflow/example_dags/example_python_operator.py
[2025-01-31T21:16:49.545+0000] {processor.py:925} INFO - DAG(s) 'example_python_operator' retrieved from /home/airflow/.local/lib/python3.12/site-packages/airflow/example_dags/example_python_operator.py
[2025-01-31T21:16:49.644+0000] {logging_mixin.py:190} INFO - [2025-01-31T21:16:49.644+0000] {dag.py:3239} INFO - Sync 1 DAGs
[2025-01-31T21:16:49.680+0000] {logging_mixin.py:190} INFO - [2025-01-31T21:16:49.680+0000] {dag.py:4180} INFO - Setting next_dagrun for example_python_operator to None, run_after=None
[2025-01-31T21:16:49.709+0000] {processor.py:208} INFO - Processing /home/airflow/.local/lib/python3.12/site-packages/airflow/example_dags/example_python_operator.py took 0.192 seconds
[2025-01-31T21:17:20.356+0000] {processor.py:186} INFO - Started process (PID=3171) to work on /home/airflow/.local/lib/python3.12/site-packages/airflow/example_dags/example_python_operator.py
[2025-01-31T21:17:20.357+0000] {processor.py:914} INFO - Processing file /home/airflow/.local/lib/python3.12/site-packages/airflow/example_dags/example_python_operator.py for tasks to queue
[2025-01-31T21:17:20.360+0000] {logging_mixin.py:190} INFO - [2025-01-31T21:17:20.359+0000] {dagbag.py:588} INFO - Filling up the DagBag from /home/airflow/.local/lib/python3.12/site-packages/airflow/example_dags/example_python_operator.py
[2025-01-31T21:17:20.375+0000] {processor.py:925} INFO - DAG(s) 'example_python_operator' retrieved from /home/airflow/.local/lib/python3.12/site-packages/airflow/example_dags/example_python_operator.py
[2025-01-31T21:17:20.399+0000] {logging_mixin.py:190} INFO - [2025-01-31T21:17:20.399+0000] {dag.py:3239} INFO - Sync 1 DAGs
[2025-01-31T21:17:20.416+0000] {logging_mixin.py:190} INFO - [2025-01-31T21:17:20.415+0000] {dag.py:4180} INFO - Setting next_dagrun for example_python_operator to None, run_after=None
[2025-01-31T21:17:20.453+0000] {processor.py:208} INFO - Processing /home/airflow/.local/lib/python3.12/site-packages/airflow/example_dags/example_python_operator.py took 0.125 seconds
[2025-01-31T21:17:50.973+0000] {processor.py:186} INFO - Started process (PID=3234) to work on /home/airflow/.local/lib/python3.12/site-packages/airflow/example_dags/example_python_operator.py
[2025-01-31T21:17:50.974+0000] {processor.py:914} INFO - Processing file /home/airflow/.local/lib/python3.12/site-packages/airflow/example_dags/example_python_operator.py for tasks to queue
[2025-01-31T21:17:50.976+0000] {logging_mixin.py:190} INFO - [2025-01-31T21:17:50.976+0000] {dagbag.py:588} INFO - Filling up the DagBag from /home/airflow/.local/lib/python3.12/site-packages/airflow/example_dags/example_python_operator.py
[2025-01-31T21:17:50.989+0000] {processor.py:925} INFO - DAG(s) 'example_python_operator' retrieved from /home/airflow/.local/lib/python3.12/site-packages/airflow/example_dags/example_python_operator.py
[2025-01-31T21:17:51.012+0000] {logging_mixin.py:190} INFO - [2025-01-31T21:17:51.012+0000] {dag.py:3239} INFO - Sync 1 DAGs
[2025-01-31T21:17:51.028+0000] {logging_mixin.py:190} INFO - [2025-01-31T21:17:51.027+0000] {dag.py:4180} INFO - Setting next_dagrun for example_python_operator to None, run_after=None
[2025-01-31T21:17:51.044+0000] {processor.py:208} INFO - Processing /home/airflow/.local/lib/python3.12/site-packages/airflow/example_dags/example_python_operator.py took 0.077 seconds
[2025-01-31T21:18:24.011+0000] {processor.py:186} INFO - Started process (PID=3295) to work on /home/airflow/.local/lib/python3.12/site-packages/airflow/example_dags/example_python_operator.py
[2025-01-31T21:18:24.018+0000] {processor.py:914} INFO - Processing file /home/airflow/.local/lib/python3.12/site-packages/airflow/example_dags/example_python_operator.py for tasks to queue
[2025-01-31T21:18:24.024+0000] {logging_mixin.py:190} INFO - [2025-01-31T21:18:24.021+0000] {dagbag.py:588} INFO - Filling up the DagBag from /home/airflow/.local/lib/python3.12/site-packages/airflow/example_dags/example_python_operator.py
[2025-01-31T21:18:24.064+0000] {processor.py:925} INFO - DAG(s) 'example_python_operator' retrieved from /home/airflow/.local/lib/python3.12/site-packages/airflow/example_dags/example_python_operator.py
[2025-01-31T21:18:24.124+0000] {logging_mixin.py:190} INFO - [2025-01-31T21:18:24.124+0000] {dag.py:3239} INFO - Sync 1 DAGs
[2025-01-31T21:18:24.163+0000] {logging_mixin.py:190} INFO - [2025-01-31T21:18:24.163+0000] {dag.py:4180} INFO - Setting next_dagrun for example_python_operator to None, run_after=None
[2025-01-31T21:18:24.214+0000] {processor.py:208} INFO - Processing /home/airflow/.local/lib/python3.12/site-packages/airflow/example_dags/example_python_operator.py took 0.220 seconds
