[2025-01-31T20:52:42.314+0000] {processor.py:186} INFO - Started process (PID=107) to work on /home/airflow/.local/lib/python3.12/site-packages/airflow/example_dags/example_complex.py
[2025-01-31T20:52:42.315+0000] {processor.py:914} INFO - Processing file /home/airflow/.local/lib/python3.12/site-packages/airflow/example_dags/example_complex.py for tasks to queue
[2025-01-31T20:52:42.317+0000] {logging_mixin.py:190} INFO - [2025-01-31T20:52:42.317+0000] {dagbag.py:588} INFO - Filling up the DagBag from /home/airflow/.local/lib/python3.12/site-packages/airflow/example_dags/example_complex.py
[2025-01-31T20:52:42.334+0000] {processor.py:925} INFO - DAG(s) 'example_complex' retrieved from /home/airflow/.local/lib/python3.12/site-packages/airflow/example_dags/example_complex.py
[2025-01-31T20:52:42.467+0000] {logging_mixin.py:190} INFO - [2025-01-31T20:52:42.466+0000] {override.py:1911} INFO - Created Permission View: can delete on DAG:example_complex
[2025-01-31T20:52:42.485+0000] {logging_mixin.py:190} INFO - [2025-01-31T20:52:42.485+0000] {override.py:1911} INFO - Created Permission View: can edit on DAG:example_complex
[2025-01-31T20:52:42.494+0000] {logging_mixin.py:190} INFO - [2025-01-31T20:52:42.494+0000] {override.py:1911} INFO - Created Permission View: can read on DAG:example_complex
[2025-01-31T20:52:42.504+0000] {logging_mixin.py:190} INFO - [2025-01-31T20:52:42.504+0000] {override.py:1911} INFO - Created Permission View: menu access on DAG Run:example_complex
[2025-01-31T20:52:42.514+0000] {logging_mixin.py:190} INFO - [2025-01-31T20:52:42.513+0000] {override.py:1911} INFO - Created Permission View: can delete on DAG Run:example_complex
[2025-01-31T20:52:42.524+0000] {logging_mixin.py:190} INFO - [2025-01-31T20:52:42.523+0000] {override.py:1911} INFO - Created Permission View: can create on DAG Run:example_complex
[2025-01-31T20:52:42.533+0000] {logging_mixin.py:190} INFO - [2025-01-31T20:52:42.533+0000] {override.py:1911} INFO - Created Permission View: can read on DAG Run:example_complex
[2025-01-31T20:52:42.534+0000] {logging_mixin.py:190} INFO - [2025-01-31T20:52:42.534+0000] {dag.py:3239} INFO - Sync 1 DAGs
[2025-01-31T20:52:42.565+0000] {logging_mixin.py:190} INFO - [2025-01-31T20:52:42.565+0000] {dag.py:3262} INFO - Creating ORM DAG for example_complex
[2025-01-31T20:52:42.566+0000] {logging_mixin.py:190} INFO - [2025-01-31T20:52:42.565+0000] {dag.py:4180} INFO - Setting next_dagrun for example_complex to None, run_after=None
[2025-01-31T20:52:42.599+0000] {processor.py:208} INFO - Processing /home/airflow/.local/lib/python3.12/site-packages/airflow/example_dags/example_complex.py took 0.290 seconds
[2025-01-31T20:53:12.865+0000] {processor.py:186} INFO - Started process (PID=169) to work on /home/airflow/.local/lib/python3.12/site-packages/airflow/example_dags/example_complex.py
[2025-01-31T20:53:12.866+0000] {processor.py:914} INFO - Processing file /home/airflow/.local/lib/python3.12/site-packages/airflow/example_dags/example_complex.py for tasks to queue
[2025-01-31T20:53:12.868+0000] {logging_mixin.py:190} INFO - [2025-01-31T20:53:12.867+0000] {dagbag.py:588} INFO - Filling up the DagBag from /home/airflow/.local/lib/python3.12/site-packages/airflow/example_dags/example_complex.py
[2025-01-31T20:53:12.881+0000] {processor.py:925} INFO - DAG(s) 'example_complex' retrieved from /home/airflow/.local/lib/python3.12/site-packages/airflow/example_dags/example_complex.py
[2025-01-31T20:53:12.923+0000] {logging_mixin.py:190} INFO - [2025-01-31T20:53:12.923+0000] {dag.py:3239} INFO - Sync 1 DAGs
[2025-01-31T20:53:12.953+0000] {logging_mixin.py:190} INFO - [2025-01-31T20:53:12.953+0000] {dag.py:4180} INFO - Setting next_dagrun for example_complex to None, run_after=None
[2025-01-31T20:53:12.989+0000] {processor.py:208} INFO - Processing /home/airflow/.local/lib/python3.12/site-packages/airflow/example_dags/example_complex.py took 0.130 seconds
[2025-01-31T20:53:44.099+0000] {processor.py:186} INFO - Started process (PID=232) to work on /home/airflow/.local/lib/python3.12/site-packages/airflow/example_dags/example_complex.py
[2025-01-31T20:53:44.104+0000] {processor.py:914} INFO - Processing file /home/airflow/.local/lib/python3.12/site-packages/airflow/example_dags/example_complex.py for tasks to queue
[2025-01-31T20:53:44.108+0000] {logging_mixin.py:190} INFO - [2025-01-31T20:53:44.107+0000] {dagbag.py:588} INFO - Filling up the DagBag from /home/airflow/.local/lib/python3.12/site-packages/airflow/example_dags/example_complex.py
[2025-01-31T20:53:44.123+0000] {processor.py:925} INFO - DAG(s) 'example_complex' retrieved from /home/airflow/.local/lib/python3.12/site-packages/airflow/example_dags/example_complex.py
[2025-01-31T20:53:44.162+0000] {logging_mixin.py:190} INFO - [2025-01-31T20:53:44.161+0000] {dag.py:3239} INFO - Sync 1 DAGs
[2025-01-31T20:53:44.179+0000] {logging_mixin.py:190} INFO - [2025-01-31T20:53:44.179+0000] {dag.py:4180} INFO - Setting next_dagrun for example_complex to None, run_after=None
[2025-01-31T20:53:44.197+0000] {processor.py:208} INFO - Processing /home/airflow/.local/lib/python3.12/site-packages/airflow/example_dags/example_complex.py took 0.104 seconds
[2025-01-31T20:54:15.383+0000] {processor.py:186} INFO - Started process (PID=300) to work on /home/airflow/.local/lib/python3.12/site-packages/airflow/example_dags/example_complex.py
[2025-01-31T20:54:15.384+0000] {processor.py:914} INFO - Processing file /home/airflow/.local/lib/python3.12/site-packages/airflow/example_dags/example_complex.py for tasks to queue
[2025-01-31T20:54:15.386+0000] {logging_mixin.py:190} INFO - [2025-01-31T20:54:15.386+0000] {dagbag.py:588} INFO - Filling up the DagBag from /home/airflow/.local/lib/python3.12/site-packages/airflow/example_dags/example_complex.py
[2025-01-31T20:54:15.413+0000] {processor.py:925} INFO - DAG(s) 'example_complex' retrieved from /home/airflow/.local/lib/python3.12/site-packages/airflow/example_dags/example_complex.py
[2025-01-31T20:54:15.470+0000] {logging_mixin.py:190} INFO - [2025-01-31T20:54:15.469+0000] {dag.py:3239} INFO - Sync 1 DAGs
[2025-01-31T20:54:15.505+0000] {logging_mixin.py:190} INFO - [2025-01-31T20:54:15.505+0000] {dag.py:4180} INFO - Setting next_dagrun for example_complex to None, run_after=None
[2025-01-31T20:54:15.545+0000] {processor.py:208} INFO - Processing /home/airflow/.local/lib/python3.12/site-packages/airflow/example_dags/example_complex.py took 0.190 seconds
[2025-01-31T20:54:45.755+0000] {processor.py:186} INFO - Started process (PID=363) to work on /home/airflow/.local/lib/python3.12/site-packages/airflow/example_dags/example_complex.py
[2025-01-31T20:54:45.755+0000] {processor.py:914} INFO - Processing file /home/airflow/.local/lib/python3.12/site-packages/airflow/example_dags/example_complex.py for tasks to queue
[2025-01-31T20:54:45.757+0000] {logging_mixin.py:190} INFO - [2025-01-31T20:54:45.757+0000] {dagbag.py:588} INFO - Filling up the DagBag from /home/airflow/.local/lib/python3.12/site-packages/airflow/example_dags/example_complex.py
[2025-01-31T20:54:45.766+0000] {processor.py:925} INFO - DAG(s) 'example_complex' retrieved from /home/airflow/.local/lib/python3.12/site-packages/airflow/example_dags/example_complex.py
[2025-01-31T20:54:45.806+0000] {logging_mixin.py:190} INFO - [2025-01-31T20:54:45.806+0000] {dag.py:3239} INFO - Sync 1 DAGs
[2025-01-31T20:54:45.816+0000] {logging_mixin.py:190} INFO - [2025-01-31T20:54:45.816+0000] {dag.py:4180} INFO - Setting next_dagrun for example_complex to None, run_after=None
[2025-01-31T20:54:45.830+0000] {processor.py:208} INFO - Processing /home/airflow/.local/lib/python3.12/site-packages/airflow/example_dags/example_complex.py took 0.081 seconds
[2025-01-31T20:55:16.247+0000] {processor.py:186} INFO - Started process (PID=427) to work on /home/airflow/.local/lib/python3.12/site-packages/airflow/example_dags/example_complex.py
[2025-01-31T20:55:16.248+0000] {processor.py:914} INFO - Processing file /home/airflow/.local/lib/python3.12/site-packages/airflow/example_dags/example_complex.py for tasks to queue
[2025-01-31T20:55:16.250+0000] {logging_mixin.py:190} INFO - [2025-01-31T20:55:16.250+0000] {dagbag.py:588} INFO - Filling up the DagBag from /home/airflow/.local/lib/python3.12/site-packages/airflow/example_dags/example_complex.py
[2025-01-31T20:55:16.264+0000] {processor.py:925} INFO - DAG(s) 'example_complex' retrieved from /home/airflow/.local/lib/python3.12/site-packages/airflow/example_dags/example_complex.py
[2025-01-31T20:55:16.295+0000] {logging_mixin.py:190} INFO - [2025-01-31T20:55:16.294+0000] {dag.py:3239} INFO - Sync 1 DAGs
[2025-01-31T20:55:16.304+0000] {logging_mixin.py:190} INFO - [2025-01-31T20:55:16.304+0000] {dag.py:4180} INFO - Setting next_dagrun for example_complex to None, run_after=None
[2025-01-31T20:55:16.316+0000] {processor.py:208} INFO - Processing /home/airflow/.local/lib/python3.12/site-packages/airflow/example_dags/example_complex.py took 0.080 seconds
[2025-01-31T20:55:46.934+0000] {processor.py:186} INFO - Started process (PID=491) to work on /home/airflow/.local/lib/python3.12/site-packages/airflow/example_dags/example_complex.py
[2025-01-31T20:55:46.935+0000] {processor.py:914} INFO - Processing file /home/airflow/.local/lib/python3.12/site-packages/airflow/example_dags/example_complex.py for tasks to queue
[2025-01-31T20:55:46.937+0000] {logging_mixin.py:190} INFO - [2025-01-31T20:55:46.936+0000] {dagbag.py:588} INFO - Filling up the DagBag from /home/airflow/.local/lib/python3.12/site-packages/airflow/example_dags/example_complex.py
[2025-01-31T20:55:46.950+0000] {processor.py:925} INFO - DAG(s) 'example_complex' retrieved from /home/airflow/.local/lib/python3.12/site-packages/airflow/example_dags/example_complex.py
[2025-01-31T20:55:46.986+0000] {logging_mixin.py:190} INFO - [2025-01-31T20:55:46.985+0000] {dag.py:3239} INFO - Sync 1 DAGs
[2025-01-31T20:55:47.000+0000] {logging_mixin.py:190} INFO - [2025-01-31T20:55:46.999+0000] {dag.py:4180} INFO - Setting next_dagrun for example_complex to None, run_after=None
[2025-01-31T20:55:47.013+0000] {processor.py:208} INFO - Processing /home/airflow/.local/lib/python3.12/site-packages/airflow/example_dags/example_complex.py took 0.085 seconds
[2025-01-31T20:56:17.324+0000] {processor.py:186} INFO - Started process (PID=554) to work on /home/airflow/.local/lib/python3.12/site-packages/airflow/example_dags/example_complex.py
[2025-01-31T20:56:17.324+0000] {processor.py:914} INFO - Processing file /home/airflow/.local/lib/python3.12/site-packages/airflow/example_dags/example_complex.py for tasks to queue
[2025-01-31T20:56:17.326+0000] {logging_mixin.py:190} INFO - [2025-01-31T20:56:17.326+0000] {dagbag.py:588} INFO - Filling up the DagBag from /home/airflow/.local/lib/python3.12/site-packages/airflow/example_dags/example_complex.py
[2025-01-31T20:56:17.342+0000] {processor.py:925} INFO - DAG(s) 'example_complex' retrieved from /home/airflow/.local/lib/python3.12/site-packages/airflow/example_dags/example_complex.py
[2025-01-31T20:56:17.375+0000] {logging_mixin.py:190} INFO - [2025-01-31T20:56:17.375+0000] {dag.py:3239} INFO - Sync 1 DAGs
[2025-01-31T20:56:17.388+0000] {logging_mixin.py:190} INFO - [2025-01-31T20:56:17.387+0000] {dag.py:4180} INFO - Setting next_dagrun for example_complex to None, run_after=None
[2025-01-31T20:56:17.400+0000] {processor.py:208} INFO - Processing /home/airflow/.local/lib/python3.12/site-packages/airflow/example_dags/example_complex.py took 0.083 seconds
[2025-01-31T20:56:47.538+0000] {processor.py:186} INFO - Started process (PID=617) to work on /home/airflow/.local/lib/python3.12/site-packages/airflow/example_dags/example_complex.py
[2025-01-31T20:56:47.539+0000] {processor.py:914} INFO - Processing file /home/airflow/.local/lib/python3.12/site-packages/airflow/example_dags/example_complex.py for tasks to queue
[2025-01-31T20:56:47.541+0000] {logging_mixin.py:190} INFO - [2025-01-31T20:56:47.541+0000] {dagbag.py:588} INFO - Filling up the DagBag from /home/airflow/.local/lib/python3.12/site-packages/airflow/example_dags/example_complex.py
[2025-01-31T20:56:47.555+0000] {processor.py:925} INFO - DAG(s) 'example_complex' retrieved from /home/airflow/.local/lib/python3.12/site-packages/airflow/example_dags/example_complex.py
[2025-01-31T20:56:47.587+0000] {logging_mixin.py:190} INFO - [2025-01-31T20:56:47.587+0000] {dag.py:3239} INFO - Sync 1 DAGs
[2025-01-31T20:56:47.601+0000] {logging_mixin.py:190} INFO - [2025-01-31T20:56:47.601+0000] {dag.py:4180} INFO - Setting next_dagrun for example_complex to None, run_after=None
[2025-01-31T20:56:47.613+0000] {processor.py:208} INFO - Processing /home/airflow/.local/lib/python3.12/site-packages/airflow/example_dags/example_complex.py took 0.081 seconds
[2025-01-31T20:57:17.917+0000] {processor.py:186} INFO - Started process (PID=681) to work on /home/airflow/.local/lib/python3.12/site-packages/airflow/example_dags/example_complex.py
[2025-01-31T20:57:17.918+0000] {processor.py:914} INFO - Processing file /home/airflow/.local/lib/python3.12/site-packages/airflow/example_dags/example_complex.py for tasks to queue
[2025-01-31T20:57:17.920+0000] {logging_mixin.py:190} INFO - [2025-01-31T20:57:17.919+0000] {dagbag.py:588} INFO - Filling up the DagBag from /home/airflow/.local/lib/python3.12/site-packages/airflow/example_dags/example_complex.py
[2025-01-31T20:57:17.933+0000] {processor.py:925} INFO - DAG(s) 'example_complex' retrieved from /home/airflow/.local/lib/python3.12/site-packages/airflow/example_dags/example_complex.py
[2025-01-31T20:57:17.967+0000] {logging_mixin.py:190} INFO - [2025-01-31T20:57:17.967+0000] {dag.py:3239} INFO - Sync 1 DAGs
[2025-01-31T20:57:17.982+0000] {logging_mixin.py:190} INFO - [2025-01-31T20:57:17.982+0000] {dag.py:4180} INFO - Setting next_dagrun for example_complex to None, run_after=None
[2025-01-31T20:57:17.997+0000] {processor.py:208} INFO - Processing /home/airflow/.local/lib/python3.12/site-packages/airflow/example_dags/example_complex.py took 0.085 seconds
[2025-01-31T20:57:48.817+0000] {processor.py:186} INFO - Started process (PID=745) to work on /home/airflow/.local/lib/python3.12/site-packages/airflow/example_dags/example_complex.py
[2025-01-31T20:57:48.818+0000] {processor.py:914} INFO - Processing file /home/airflow/.local/lib/python3.12/site-packages/airflow/example_dags/example_complex.py for tasks to queue
[2025-01-31T20:57:48.820+0000] {logging_mixin.py:190} INFO - [2025-01-31T20:57:48.820+0000] {dagbag.py:588} INFO - Filling up the DagBag from /home/airflow/.local/lib/python3.12/site-packages/airflow/example_dags/example_complex.py
[2025-01-31T20:57:48.834+0000] {processor.py:925} INFO - DAG(s) 'example_complex' retrieved from /home/airflow/.local/lib/python3.12/site-packages/airflow/example_dags/example_complex.py
[2025-01-31T20:57:48.870+0000] {logging_mixin.py:190} INFO - [2025-01-31T20:57:48.869+0000] {dag.py:3239} INFO - Sync 1 DAGs
[2025-01-31T20:57:48.883+0000] {logging_mixin.py:190} INFO - [2025-01-31T20:57:48.883+0000] {dag.py:4180} INFO - Setting next_dagrun for example_complex to None, run_after=None
[2025-01-31T20:57:48.895+0000] {processor.py:208} INFO - Processing /home/airflow/.local/lib/python3.12/site-packages/airflow/example_dags/example_complex.py took 0.084 seconds
[2025-01-31T20:58:19.609+0000] {processor.py:186} INFO - Started process (PID=808) to work on /home/airflow/.local/lib/python3.12/site-packages/airflow/example_dags/example_complex.py
[2025-01-31T20:58:19.610+0000] {processor.py:914} INFO - Processing file /home/airflow/.local/lib/python3.12/site-packages/airflow/example_dags/example_complex.py for tasks to queue
[2025-01-31T20:58:19.612+0000] {logging_mixin.py:190} INFO - [2025-01-31T20:58:19.612+0000] {dagbag.py:588} INFO - Filling up the DagBag from /home/airflow/.local/lib/python3.12/site-packages/airflow/example_dags/example_complex.py
[2025-01-31T20:58:19.625+0000] {processor.py:925} INFO - DAG(s) 'example_complex' retrieved from /home/airflow/.local/lib/python3.12/site-packages/airflow/example_dags/example_complex.py
[2025-01-31T20:58:19.659+0000] {logging_mixin.py:190} INFO - [2025-01-31T20:58:19.659+0000] {dag.py:3239} INFO - Sync 1 DAGs
[2025-01-31T20:58:19.672+0000] {logging_mixin.py:190} INFO - [2025-01-31T20:58:19.671+0000] {dag.py:4180} INFO - Setting next_dagrun for example_complex to None, run_after=None
[2025-01-31T20:58:19.683+0000] {processor.py:208} INFO - Processing /home/airflow/.local/lib/python3.12/site-packages/airflow/example_dags/example_complex.py took 0.080 seconds
[2025-01-31T20:58:50.615+0000] {processor.py:186} INFO - Started process (PID=870) to work on /home/airflow/.local/lib/python3.12/site-packages/airflow/example_dags/example_complex.py
[2025-01-31T20:58:50.616+0000] {processor.py:914} INFO - Processing file /home/airflow/.local/lib/python3.12/site-packages/airflow/example_dags/example_complex.py for tasks to queue
[2025-01-31T20:58:50.618+0000] {logging_mixin.py:190} INFO - [2025-01-31T20:58:50.618+0000] {dagbag.py:588} INFO - Filling up the DagBag from /home/airflow/.local/lib/python3.12/site-packages/airflow/example_dags/example_complex.py
[2025-01-31T20:58:50.631+0000] {processor.py:925} INFO - DAG(s) 'example_complex' retrieved from /home/airflow/.local/lib/python3.12/site-packages/airflow/example_dags/example_complex.py
[2025-01-31T20:58:50.667+0000] {logging_mixin.py:190} INFO - [2025-01-31T20:58:50.667+0000] {dag.py:3239} INFO - Sync 1 DAGs
[2025-01-31T20:58:50.683+0000] {logging_mixin.py:190} INFO - [2025-01-31T20:58:50.683+0000] {dag.py:4180} INFO - Setting next_dagrun for example_complex to None, run_after=None
[2025-01-31T20:58:50.700+0000] {processor.py:208} INFO - Processing /home/airflow/.local/lib/python3.12/site-packages/airflow/example_dags/example_complex.py took 0.091 seconds
[2025-01-31T20:59:21.305+0000] {processor.py:186} INFO - Started process (PID=934) to work on /home/airflow/.local/lib/python3.12/site-packages/airflow/example_dags/example_complex.py
[2025-01-31T20:59:21.306+0000] {processor.py:914} INFO - Processing file /home/airflow/.local/lib/python3.12/site-packages/airflow/example_dags/example_complex.py for tasks to queue
[2025-01-31T20:59:21.308+0000] {logging_mixin.py:190} INFO - [2025-01-31T20:59:21.308+0000] {dagbag.py:588} INFO - Filling up the DagBag from /home/airflow/.local/lib/python3.12/site-packages/airflow/example_dags/example_complex.py
[2025-01-31T20:59:21.322+0000] {processor.py:925} INFO - DAG(s) 'example_complex' retrieved from /home/airflow/.local/lib/python3.12/site-packages/airflow/example_dags/example_complex.py
[2025-01-31T20:59:21.357+0000] {logging_mixin.py:190} INFO - [2025-01-31T20:59:21.357+0000] {dag.py:3239} INFO - Sync 1 DAGs
[2025-01-31T20:59:21.373+0000] {logging_mixin.py:190} INFO - [2025-01-31T20:59:21.372+0000] {dag.py:4180} INFO - Setting next_dagrun for example_complex to None, run_after=None
[2025-01-31T20:59:21.391+0000] {processor.py:208} INFO - Processing /home/airflow/.local/lib/python3.12/site-packages/airflow/example_dags/example_complex.py took 0.092 seconds
[2025-01-31T20:59:51.442+0000] {processor.py:186} INFO - Started process (PID=997) to work on /home/airflow/.local/lib/python3.12/site-packages/airflow/example_dags/example_complex.py
[2025-01-31T20:59:51.443+0000] {processor.py:914} INFO - Processing file /home/airflow/.local/lib/python3.12/site-packages/airflow/example_dags/example_complex.py for tasks to queue
[2025-01-31T20:59:51.445+0000] {logging_mixin.py:190} INFO - [2025-01-31T20:59:51.445+0000] {dagbag.py:588} INFO - Filling up the DagBag from /home/airflow/.local/lib/python3.12/site-packages/airflow/example_dags/example_complex.py
[2025-01-31T20:59:51.459+0000] {processor.py:925} INFO - DAG(s) 'example_complex' retrieved from /home/airflow/.local/lib/python3.12/site-packages/airflow/example_dags/example_complex.py
[2025-01-31T20:59:51.485+0000] {logging_mixin.py:190} INFO - [2025-01-31T20:59:51.484+0000] {dag.py:3239} INFO - Sync 1 DAGs
[2025-01-31T20:59:51.495+0000] {logging_mixin.py:190} INFO - [2025-01-31T20:59:51.495+0000] {dag.py:4180} INFO - Setting next_dagrun for example_complex to None, run_after=None
[2025-01-31T20:59:51.507+0000] {processor.py:208} INFO - Processing /home/airflow/.local/lib/python3.12/site-packages/airflow/example_dags/example_complex.py took 0.071 seconds
[2025-01-31T21:00:22.801+0000] {processor.py:186} INFO - Started process (PID=1061) to work on /home/airflow/.local/lib/python3.12/site-packages/airflow/example_dags/example_complex.py
[2025-01-31T21:00:22.801+0000] {processor.py:914} INFO - Processing file /home/airflow/.local/lib/python3.12/site-packages/airflow/example_dags/example_complex.py for tasks to queue
[2025-01-31T21:00:22.803+0000] {logging_mixin.py:190} INFO - [2025-01-31T21:00:22.803+0000] {dagbag.py:588} INFO - Filling up the DagBag from /home/airflow/.local/lib/python3.12/site-packages/airflow/example_dags/example_complex.py
[2025-01-31T21:00:22.812+0000] {processor.py:925} INFO - DAG(s) 'example_complex' retrieved from /home/airflow/.local/lib/python3.12/site-packages/airflow/example_dags/example_complex.py
[2025-01-31T21:00:22.833+0000] {logging_mixin.py:190} INFO - [2025-01-31T21:00:22.833+0000] {dag.py:3239} INFO - Sync 1 DAGs
[2025-01-31T21:00:22.843+0000] {logging_mixin.py:190} INFO - [2025-01-31T21:00:22.843+0000] {dag.py:4180} INFO - Setting next_dagrun for example_complex to None, run_after=None
[2025-01-31T21:00:22.855+0000] {processor.py:208} INFO - Processing /home/airflow/.local/lib/python3.12/site-packages/airflow/example_dags/example_complex.py took 0.059 seconds
[2025-01-31T21:00:53.852+0000] {processor.py:186} INFO - Started process (PID=1125) to work on /home/airflow/.local/lib/python3.12/site-packages/airflow/example_dags/example_complex.py
[2025-01-31T21:00:53.853+0000] {processor.py:914} INFO - Processing file /home/airflow/.local/lib/python3.12/site-packages/airflow/example_dags/example_complex.py for tasks to queue
[2025-01-31T21:00:53.855+0000] {logging_mixin.py:190} INFO - [2025-01-31T21:00:53.854+0000] {dagbag.py:588} INFO - Filling up the DagBag from /home/airflow/.local/lib/python3.12/site-packages/airflow/example_dags/example_complex.py
[2025-01-31T21:00:53.868+0000] {processor.py:925} INFO - DAG(s) 'example_complex' retrieved from /home/airflow/.local/lib/python3.12/site-packages/airflow/example_dags/example_complex.py
[2025-01-31T21:00:53.903+0000] {logging_mixin.py:190} INFO - [2025-01-31T21:00:53.903+0000] {dag.py:3239} INFO - Sync 1 DAGs
[2025-01-31T21:00:53.918+0000] {logging_mixin.py:190} INFO - [2025-01-31T21:00:53.918+0000] {dag.py:4180} INFO - Setting next_dagrun for example_complex to None, run_after=None
[2025-01-31T21:00:53.934+0000] {processor.py:208} INFO - Processing /home/airflow/.local/lib/python3.12/site-packages/airflow/example_dags/example_complex.py took 0.089 seconds
[2025-01-31T21:01:24.002+0000] {processor.py:186} INFO - Started process (PID=1187) to work on /home/airflow/.local/lib/python3.12/site-packages/airflow/example_dags/example_complex.py
[2025-01-31T21:01:24.002+0000] {processor.py:914} INFO - Processing file /home/airflow/.local/lib/python3.12/site-packages/airflow/example_dags/example_complex.py for tasks to queue
[2025-01-31T21:01:24.004+0000] {logging_mixin.py:190} INFO - [2025-01-31T21:01:24.004+0000] {dagbag.py:588} INFO - Filling up the DagBag from /home/airflow/.local/lib/python3.12/site-packages/airflow/example_dags/example_complex.py
[2025-01-31T21:01:24.013+0000] {processor.py:925} INFO - DAG(s) 'example_complex' retrieved from /home/airflow/.local/lib/python3.12/site-packages/airflow/example_dags/example_complex.py
[2025-01-31T21:01:24.034+0000] {logging_mixin.py:190} INFO - [2025-01-31T21:01:24.034+0000] {dag.py:3239} INFO - Sync 1 DAGs
[2025-01-31T21:01:24.044+0000] {logging_mixin.py:190} INFO - [2025-01-31T21:01:24.044+0000] {dag.py:4180} INFO - Setting next_dagrun for example_complex to None, run_after=None
[2025-01-31T21:01:24.059+0000] {processor.py:208} INFO - Processing /home/airflow/.local/lib/python3.12/site-packages/airflow/example_dags/example_complex.py took 0.062 seconds
[2025-01-31T21:01:54.287+0000] {processor.py:186} INFO - Started process (PID=1250) to work on /home/airflow/.local/lib/python3.12/site-packages/airflow/example_dags/example_complex.py
[2025-01-31T21:01:54.288+0000] {processor.py:914} INFO - Processing file /home/airflow/.local/lib/python3.12/site-packages/airflow/example_dags/example_complex.py for tasks to queue
[2025-01-31T21:01:54.289+0000] {logging_mixin.py:190} INFO - [2025-01-31T21:01:54.289+0000] {dagbag.py:588} INFO - Filling up the DagBag from /home/airflow/.local/lib/python3.12/site-packages/airflow/example_dags/example_complex.py
[2025-01-31T21:01:54.298+0000] {processor.py:925} INFO - DAG(s) 'example_complex' retrieved from /home/airflow/.local/lib/python3.12/site-packages/airflow/example_dags/example_complex.py
[2025-01-31T21:01:54.320+0000] {logging_mixin.py:190} INFO - [2025-01-31T21:01:54.319+0000] {dag.py:3239} INFO - Sync 1 DAGs
[2025-01-31T21:01:54.330+0000] {logging_mixin.py:190} INFO - [2025-01-31T21:01:54.329+0000] {dag.py:4180} INFO - Setting next_dagrun for example_complex to None, run_after=None
[2025-01-31T21:01:54.344+0000] {processor.py:208} INFO - Processing /home/airflow/.local/lib/python3.12/site-packages/airflow/example_dags/example_complex.py took 0.063 seconds
[2025-01-31T21:02:25.344+0000] {processor.py:186} INFO - Started process (PID=1314) to work on /home/airflow/.local/lib/python3.12/site-packages/airflow/example_dags/example_complex.py
[2025-01-31T21:02:25.345+0000] {processor.py:914} INFO - Processing file /home/airflow/.local/lib/python3.12/site-packages/airflow/example_dags/example_complex.py for tasks to queue
[2025-01-31T21:02:25.347+0000] {logging_mixin.py:190} INFO - [2025-01-31T21:02:25.347+0000] {dagbag.py:588} INFO - Filling up the DagBag from /home/airflow/.local/lib/python3.12/site-packages/airflow/example_dags/example_complex.py
[2025-01-31T21:02:25.361+0000] {processor.py:925} INFO - DAG(s) 'example_complex' retrieved from /home/airflow/.local/lib/python3.12/site-packages/airflow/example_dags/example_complex.py
[2025-01-31T21:02:25.397+0000] {logging_mixin.py:190} INFO - [2025-01-31T21:02:25.397+0000] {dag.py:3239} INFO - Sync 1 DAGs
[2025-01-31T21:02:25.413+0000] {logging_mixin.py:190} INFO - [2025-01-31T21:02:25.413+0000] {dag.py:4180} INFO - Setting next_dagrun for example_complex to None, run_after=None
[2025-01-31T21:02:25.431+0000] {processor.py:208} INFO - Processing /home/airflow/.local/lib/python3.12/site-packages/airflow/example_dags/example_complex.py took 0.093 seconds
[2025-01-31T21:02:55.458+0000] {processor.py:186} INFO - Started process (PID=1376) to work on /home/airflow/.local/lib/python3.12/site-packages/airflow/example_dags/example_complex.py
[2025-01-31T21:02:55.459+0000] {processor.py:914} INFO - Processing file /home/airflow/.local/lib/python3.12/site-packages/airflow/example_dags/example_complex.py for tasks to queue
[2025-01-31T21:02:55.460+0000] {logging_mixin.py:190} INFO - [2025-01-31T21:02:55.460+0000] {dagbag.py:588} INFO - Filling up the DagBag from /home/airflow/.local/lib/python3.12/site-packages/airflow/example_dags/example_complex.py
[2025-01-31T21:02:55.469+0000] {processor.py:925} INFO - DAG(s) 'example_complex' retrieved from /home/airflow/.local/lib/python3.12/site-packages/airflow/example_dags/example_complex.py
[2025-01-31T21:02:55.491+0000] {logging_mixin.py:190} INFO - [2025-01-31T21:02:55.491+0000] {dag.py:3239} INFO - Sync 1 DAGs
[2025-01-31T21:02:55.501+0000] {logging_mixin.py:190} INFO - [2025-01-31T21:02:55.501+0000] {dag.py:4180} INFO - Setting next_dagrun for example_complex to None, run_after=None
[2025-01-31T21:02:55.514+0000] {processor.py:208} INFO - Processing /home/airflow/.local/lib/python3.12/site-packages/airflow/example_dags/example_complex.py took 0.060 seconds
[2025-01-31T21:03:25.674+0000] {processor.py:186} INFO - Started process (PID=1439) to work on /home/airflow/.local/lib/python3.12/site-packages/airflow/example_dags/example_complex.py
[2025-01-31T21:03:25.675+0000] {processor.py:914} INFO - Processing file /home/airflow/.local/lib/python3.12/site-packages/airflow/example_dags/example_complex.py for tasks to queue
[2025-01-31T21:03:25.677+0000] {logging_mixin.py:190} INFO - [2025-01-31T21:03:25.676+0000] {dagbag.py:588} INFO - Filling up the DagBag from /home/airflow/.local/lib/python3.12/site-packages/airflow/example_dags/example_complex.py
[2025-01-31T21:03:25.686+0000] {processor.py:925} INFO - DAG(s) 'example_complex' retrieved from /home/airflow/.local/lib/python3.12/site-packages/airflow/example_dags/example_complex.py
[2025-01-31T21:03:25.708+0000] {logging_mixin.py:190} INFO - [2025-01-31T21:03:25.707+0000] {dag.py:3239} INFO - Sync 1 DAGs
[2025-01-31T21:03:25.718+0000] {logging_mixin.py:190} INFO - [2025-01-31T21:03:25.718+0000] {dag.py:4180} INFO - Setting next_dagrun for example_complex to None, run_after=None
[2025-01-31T21:03:25.730+0000] {processor.py:208} INFO - Processing /home/airflow/.local/lib/python3.12/site-packages/airflow/example_dags/example_complex.py took 0.060 seconds
[2025-01-31T21:03:56.319+0000] {processor.py:186} INFO - Started process (PID=1503) to work on /home/airflow/.local/lib/python3.12/site-packages/airflow/example_dags/example_complex.py
[2025-01-31T21:03:56.330+0000] {processor.py:914} INFO - Processing file /home/airflow/.local/lib/python3.12/site-packages/airflow/example_dags/example_complex.py for tasks to queue
[2025-01-31T21:03:56.351+0000] {logging_mixin.py:190} INFO - [2025-01-31T21:03:56.350+0000] {dagbag.py:588} INFO - Filling up the DagBag from /home/airflow/.local/lib/python3.12/site-packages/airflow/example_dags/example_complex.py
[2025-01-31T21:03:56.379+0000] {processor.py:925} INFO - DAG(s) 'example_complex' retrieved from /home/airflow/.local/lib/python3.12/site-packages/airflow/example_dags/example_complex.py
[2025-01-31T21:03:56.422+0000] {logging_mixin.py:190} INFO - [2025-01-31T21:03:56.422+0000] {dag.py:3239} INFO - Sync 1 DAGs
[2025-01-31T21:03:56.438+0000] {logging_mixin.py:190} INFO - [2025-01-31T21:03:56.438+0000] {dag.py:4180} INFO - Setting next_dagrun for example_complex to None, run_after=None
[2025-01-31T21:03:56.458+0000] {processor.py:208} INFO - Processing /home/airflow/.local/lib/python3.12/site-packages/airflow/example_dags/example_complex.py took 0.158 seconds
[2025-01-31T21:04:27.394+0000] {processor.py:186} INFO - Started process (PID=1566) to work on /home/airflow/.local/lib/python3.12/site-packages/airflow/example_dags/example_complex.py
[2025-01-31T21:04:27.400+0000] {processor.py:914} INFO - Processing file /home/airflow/.local/lib/python3.12/site-packages/airflow/example_dags/example_complex.py for tasks to queue
[2025-01-31T21:04:27.404+0000] {logging_mixin.py:190} INFO - [2025-01-31T21:04:27.403+0000] {dagbag.py:588} INFO - Filling up the DagBag from /home/airflow/.local/lib/python3.12/site-packages/airflow/example_dags/example_complex.py
[2025-01-31T21:04:27.435+0000] {processor.py:925} INFO - DAG(s) 'example_complex' retrieved from /home/airflow/.local/lib/python3.12/site-packages/airflow/example_dags/example_complex.py
[2025-01-31T21:04:27.475+0000] {logging_mixin.py:190} INFO - [2025-01-31T21:04:27.474+0000] {dag.py:3239} INFO - Sync 1 DAGs
[2025-01-31T21:04:27.490+0000] {logging_mixin.py:190} INFO - [2025-01-31T21:04:27.490+0000] {dag.py:4180} INFO - Setting next_dagrun for example_complex to None, run_after=None
[2025-01-31T21:04:27.506+0000] {processor.py:208} INFO - Processing /home/airflow/.local/lib/python3.12/site-packages/airflow/example_dags/example_complex.py took 0.126 seconds
[2025-01-31T21:04:57.689+0000] {processor.py:186} INFO - Started process (PID=1630) to work on /home/airflow/.local/lib/python3.12/site-packages/airflow/example_dags/example_complex.py
[2025-01-31T21:04:57.690+0000] {processor.py:914} INFO - Processing file /home/airflow/.local/lib/python3.12/site-packages/airflow/example_dags/example_complex.py for tasks to queue
[2025-01-31T21:04:57.692+0000] {logging_mixin.py:190} INFO - [2025-01-31T21:04:57.692+0000] {dagbag.py:588} INFO - Filling up the DagBag from /home/airflow/.local/lib/python3.12/site-packages/airflow/example_dags/example_complex.py
[2025-01-31T21:04:57.706+0000] {processor.py:925} INFO - DAG(s) 'example_complex' retrieved from /home/airflow/.local/lib/python3.12/site-packages/airflow/example_dags/example_complex.py
[2025-01-31T21:04:57.739+0000] {logging_mixin.py:190} INFO - [2025-01-31T21:04:57.739+0000] {dag.py:3239} INFO - Sync 1 DAGs
[2025-01-31T21:04:57.752+0000] {logging_mixin.py:190} INFO - [2025-01-31T21:04:57.752+0000] {dag.py:4180} INFO - Setting next_dagrun for example_complex to None, run_after=None
[2025-01-31T21:04:57.764+0000] {processor.py:208} INFO - Processing /home/airflow/.local/lib/python3.12/site-packages/airflow/example_dags/example_complex.py took 0.081 seconds
[2025-01-31T21:05:28.491+0000] {processor.py:186} INFO - Started process (PID=1693) to work on /home/airflow/.local/lib/python3.12/site-packages/airflow/example_dags/example_complex.py
[2025-01-31T21:05:28.492+0000] {processor.py:914} INFO - Processing file /home/airflow/.local/lib/python3.12/site-packages/airflow/example_dags/example_complex.py for tasks to queue
[2025-01-31T21:05:28.497+0000] {logging_mixin.py:190} INFO - [2025-01-31T21:05:28.497+0000] {dagbag.py:588} INFO - Filling up the DagBag from /home/airflow/.local/lib/python3.12/site-packages/airflow/example_dags/example_complex.py
[2025-01-31T21:05:28.527+0000] {processor.py:925} INFO - DAG(s) 'example_complex' retrieved from /home/airflow/.local/lib/python3.12/site-packages/airflow/example_dags/example_complex.py
[2025-01-31T21:05:28.582+0000] {logging_mixin.py:190} INFO - [2025-01-31T21:05:28.581+0000] {dag.py:3239} INFO - Sync 1 DAGs
[2025-01-31T21:05:28.598+0000] {logging_mixin.py:190} INFO - [2025-01-31T21:05:28.597+0000] {dag.py:4180} INFO - Setting next_dagrun for example_complex to None, run_after=None
[2025-01-31T21:05:28.615+0000] {processor.py:208} INFO - Processing /home/airflow/.local/lib/python3.12/site-packages/airflow/example_dags/example_complex.py took 0.138 seconds
[2025-01-31T21:05:58.766+0000] {processor.py:186} INFO - Started process (PID=1756) to work on /home/airflow/.local/lib/python3.12/site-packages/airflow/example_dags/example_complex.py
[2025-01-31T21:05:58.767+0000] {processor.py:914} INFO - Processing file /home/airflow/.local/lib/python3.12/site-packages/airflow/example_dags/example_complex.py for tasks to queue
[2025-01-31T21:05:58.769+0000] {logging_mixin.py:190} INFO - [2025-01-31T21:05:58.769+0000] {dagbag.py:588} INFO - Filling up the DagBag from /home/airflow/.local/lib/python3.12/site-packages/airflow/example_dags/example_complex.py
[2025-01-31T21:05:58.778+0000] {processor.py:925} INFO - DAG(s) 'example_complex' retrieved from /home/airflow/.local/lib/python3.12/site-packages/airflow/example_dags/example_complex.py
[2025-01-31T21:05:58.800+0000] {logging_mixin.py:190} INFO - [2025-01-31T21:05:58.800+0000] {dag.py:3239} INFO - Sync 1 DAGs
[2025-01-31T21:05:58.811+0000] {logging_mixin.py:190} INFO - [2025-01-31T21:05:58.810+0000] {dag.py:4180} INFO - Setting next_dagrun for example_complex to None, run_after=None
[2025-01-31T21:05:58.825+0000] {processor.py:208} INFO - Processing /home/airflow/.local/lib/python3.12/site-packages/airflow/example_dags/example_complex.py took 0.063 seconds
[2025-01-31T21:06:28.945+0000] {processor.py:186} INFO - Started process (PID=1819) to work on /home/airflow/.local/lib/python3.12/site-packages/airflow/example_dags/example_complex.py
[2025-01-31T21:06:28.946+0000] {processor.py:914} INFO - Processing file /home/airflow/.local/lib/python3.12/site-packages/airflow/example_dags/example_complex.py for tasks to queue
[2025-01-31T21:06:28.948+0000] {logging_mixin.py:190} INFO - [2025-01-31T21:06:28.948+0000] {dagbag.py:588} INFO - Filling up the DagBag from /home/airflow/.local/lib/python3.12/site-packages/airflow/example_dags/example_complex.py
[2025-01-31T21:06:28.962+0000] {processor.py:925} INFO - DAG(s) 'example_complex' retrieved from /home/airflow/.local/lib/python3.12/site-packages/airflow/example_dags/example_complex.py
[2025-01-31T21:06:28.997+0000] {logging_mixin.py:190} INFO - [2025-01-31T21:06:28.996+0000] {dag.py:3239} INFO - Sync 1 DAGs
[2025-01-31T21:06:29.009+0000] {logging_mixin.py:190} INFO - [2025-01-31T21:06:29.009+0000] {dag.py:4180} INFO - Setting next_dagrun for example_complex to None, run_after=None
[2025-01-31T21:06:29.021+0000] {processor.py:208} INFO - Processing /home/airflow/.local/lib/python3.12/site-packages/airflow/example_dags/example_complex.py took 0.081 seconds
[2025-01-31T21:06:59.899+0000] {processor.py:186} INFO - Started process (PID=1882) to work on /home/airflow/.local/lib/python3.12/site-packages/airflow/example_dags/example_complex.py
[2025-01-31T21:06:59.900+0000] {processor.py:914} INFO - Processing file /home/airflow/.local/lib/python3.12/site-packages/airflow/example_dags/example_complex.py for tasks to queue
[2025-01-31T21:06:59.902+0000] {logging_mixin.py:190} INFO - [2025-01-31T21:06:59.902+0000] {dagbag.py:588} INFO - Filling up the DagBag from /home/airflow/.local/lib/python3.12/site-packages/airflow/example_dags/example_complex.py
[2025-01-31T21:06:59.918+0000] {processor.py:925} INFO - DAG(s) 'example_complex' retrieved from /home/airflow/.local/lib/python3.12/site-packages/airflow/example_dags/example_complex.py
[2025-01-31T21:06:59.959+0000] {logging_mixin.py:190} INFO - [2025-01-31T21:06:59.958+0000] {dag.py:3239} INFO - Sync 1 DAGs
[2025-01-31T21:06:59.975+0000] {logging_mixin.py:190} INFO - [2025-01-31T21:06:59.974+0000] {dag.py:4180} INFO - Setting next_dagrun for example_complex to None, run_after=None
[2025-01-31T21:06:59.991+0000] {processor.py:208} INFO - Processing /home/airflow/.local/lib/python3.12/site-packages/airflow/example_dags/example_complex.py took 0.098 seconds
[2025-01-31T21:07:31.102+0000] {processor.py:186} INFO - Started process (PID=1945) to work on /home/airflow/.local/lib/python3.12/site-packages/airflow/example_dags/example_complex.py
[2025-01-31T21:07:31.103+0000] {processor.py:914} INFO - Processing file /home/airflow/.local/lib/python3.12/site-packages/airflow/example_dags/example_complex.py for tasks to queue
[2025-01-31T21:07:31.105+0000] {logging_mixin.py:190} INFO - [2025-01-31T21:07:31.105+0000] {dagbag.py:588} INFO - Filling up the DagBag from /home/airflow/.local/lib/python3.12/site-packages/airflow/example_dags/example_complex.py
[2025-01-31T21:07:31.119+0000] {processor.py:925} INFO - DAG(s) 'example_complex' retrieved from /home/airflow/.local/lib/python3.12/site-packages/airflow/example_dags/example_complex.py
[2025-01-31T21:07:31.154+0000] {logging_mixin.py:190} INFO - [2025-01-31T21:07:31.154+0000] {dag.py:3239} INFO - Sync 1 DAGs
[2025-01-31T21:07:31.169+0000] {logging_mixin.py:190} INFO - [2025-01-31T21:07:31.169+0000] {dag.py:4180} INFO - Setting next_dagrun for example_complex to None, run_after=None
[2025-01-31T21:07:31.185+0000] {processor.py:208} INFO - Processing /home/airflow/.local/lib/python3.12/site-packages/airflow/example_dags/example_complex.py took 0.089 seconds
[2025-01-31T21:08:02.199+0000] {processor.py:186} INFO - Started process (PID=2008) to work on /home/airflow/.local/lib/python3.12/site-packages/airflow/example_dags/example_complex.py
[2025-01-31T21:08:02.200+0000] {processor.py:914} INFO - Processing file /home/airflow/.local/lib/python3.12/site-packages/airflow/example_dags/example_complex.py for tasks to queue
[2025-01-31T21:08:02.202+0000] {logging_mixin.py:190} INFO - [2025-01-31T21:08:02.202+0000] {dagbag.py:588} INFO - Filling up the DagBag from /home/airflow/.local/lib/python3.12/site-packages/airflow/example_dags/example_complex.py
[2025-01-31T21:08:02.216+0000] {processor.py:925} INFO - DAG(s) 'example_complex' retrieved from /home/airflow/.local/lib/python3.12/site-packages/airflow/example_dags/example_complex.py
[2025-01-31T21:08:02.252+0000] {logging_mixin.py:190} INFO - [2025-01-31T21:08:02.252+0000] {dag.py:3239} INFO - Sync 1 DAGs
[2025-01-31T21:08:02.269+0000] {logging_mixin.py:190} INFO - [2025-01-31T21:08:02.268+0000] {dag.py:4180} INFO - Setting next_dagrun for example_complex to None, run_after=None
[2025-01-31T21:08:02.285+0000] {processor.py:208} INFO - Processing /home/airflow/.local/lib/python3.12/site-packages/airflow/example_dags/example_complex.py took 0.091 seconds
[2025-01-31T21:08:32.812+0000] {processor.py:186} INFO - Started process (PID=2072) to work on /home/airflow/.local/lib/python3.12/site-packages/airflow/example_dags/example_complex.py
[2025-01-31T21:08:32.813+0000] {processor.py:914} INFO - Processing file /home/airflow/.local/lib/python3.12/site-packages/airflow/example_dags/example_complex.py for tasks to queue
[2025-01-31T21:08:32.815+0000] {logging_mixin.py:190} INFO - [2025-01-31T21:08:32.815+0000] {dagbag.py:588} INFO - Filling up the DagBag from /home/airflow/.local/lib/python3.12/site-packages/airflow/example_dags/example_complex.py
[2025-01-31T21:08:32.828+0000] {processor.py:925} INFO - DAG(s) 'example_complex' retrieved from /home/airflow/.local/lib/python3.12/site-packages/airflow/example_dags/example_complex.py
[2025-01-31T21:08:32.863+0000] {logging_mixin.py:190} INFO - [2025-01-31T21:08:32.863+0000] {dag.py:3239} INFO - Sync 1 DAGs
[2025-01-31T21:08:32.880+0000] {logging_mixin.py:190} INFO - [2025-01-31T21:08:32.880+0000] {dag.py:4180} INFO - Setting next_dagrun for example_complex to None, run_after=None
[2025-01-31T21:08:32.897+0000] {processor.py:208} INFO - Processing /home/airflow/.local/lib/python3.12/site-packages/airflow/example_dags/example_complex.py took 0.091 seconds
[2025-01-31T21:09:03.515+0000] {processor.py:186} INFO - Started process (PID=2137) to work on /home/airflow/.local/lib/python3.12/site-packages/airflow/example_dags/example_complex.py
[2025-01-31T21:09:03.516+0000] {processor.py:914} INFO - Processing file /home/airflow/.local/lib/python3.12/site-packages/airflow/example_dags/example_complex.py for tasks to queue
[2025-01-31T21:09:03.518+0000] {logging_mixin.py:190} INFO - [2025-01-31T21:09:03.517+0000] {dagbag.py:588} INFO - Filling up the DagBag from /home/airflow/.local/lib/python3.12/site-packages/airflow/example_dags/example_complex.py
[2025-01-31T21:09:03.527+0000] {processor.py:925} INFO - DAG(s) 'example_complex' retrieved from /home/airflow/.local/lib/python3.12/site-packages/airflow/example_dags/example_complex.py
[2025-01-31T21:09:03.548+0000] {logging_mixin.py:190} INFO - [2025-01-31T21:09:03.548+0000] {dag.py:3239} INFO - Sync 1 DAGs
[2025-01-31T21:09:03.558+0000] {logging_mixin.py:190} INFO - [2025-01-31T21:09:03.558+0000] {dag.py:4180} INFO - Setting next_dagrun for example_complex to None, run_after=None
[2025-01-31T21:09:03.572+0000] {processor.py:208} INFO - Processing /home/airflow/.local/lib/python3.12/site-packages/airflow/example_dags/example_complex.py took 0.060 seconds
[2025-01-31T21:09:33.715+0000] {processor.py:186} INFO - Started process (PID=2200) to work on /home/airflow/.local/lib/python3.12/site-packages/airflow/example_dags/example_complex.py
[2025-01-31T21:09:33.716+0000] {processor.py:914} INFO - Processing file /home/airflow/.local/lib/python3.12/site-packages/airflow/example_dags/example_complex.py for tasks to queue
[2025-01-31T21:09:33.718+0000] {logging_mixin.py:190} INFO - [2025-01-31T21:09:33.717+0000] {dagbag.py:588} INFO - Filling up the DagBag from /home/airflow/.local/lib/python3.12/site-packages/airflow/example_dags/example_complex.py
[2025-01-31T21:09:33.726+0000] {processor.py:925} INFO - DAG(s) 'example_complex' retrieved from /home/airflow/.local/lib/python3.12/site-packages/airflow/example_dags/example_complex.py
[2025-01-31T21:09:33.746+0000] {logging_mixin.py:190} INFO - [2025-01-31T21:09:33.746+0000] {dag.py:3239} INFO - Sync 1 DAGs
[2025-01-31T21:09:33.756+0000] {logging_mixin.py:190} INFO - [2025-01-31T21:09:33.756+0000] {dag.py:4180} INFO - Setting next_dagrun for example_complex to None, run_after=None
[2025-01-31T21:09:33.769+0000] {processor.py:208} INFO - Processing /home/airflow/.local/lib/python3.12/site-packages/airflow/example_dags/example_complex.py took 0.059 seconds
[2025-01-31T21:10:04.186+0000] {processor.py:186} INFO - Started process (PID=2264) to work on /home/airflow/.local/lib/python3.12/site-packages/airflow/example_dags/example_complex.py
[2025-01-31T21:10:04.186+0000] {processor.py:914} INFO - Processing file /home/airflow/.local/lib/python3.12/site-packages/airflow/example_dags/example_complex.py for tasks to queue
[2025-01-31T21:10:04.189+0000] {logging_mixin.py:190} INFO - [2025-01-31T21:10:04.188+0000] {dagbag.py:588} INFO - Filling up the DagBag from /home/airflow/.local/lib/python3.12/site-packages/airflow/example_dags/example_complex.py
[2025-01-31T21:10:04.201+0000] {processor.py:925} INFO - DAG(s) 'example_complex' retrieved from /home/airflow/.local/lib/python3.12/site-packages/airflow/example_dags/example_complex.py
[2025-01-31T21:10:04.237+0000] {logging_mixin.py:190} INFO - [2025-01-31T21:10:04.236+0000] {dag.py:3239} INFO - Sync 1 DAGs
[2025-01-31T21:10:04.256+0000] {logging_mixin.py:190} INFO - [2025-01-31T21:10:04.256+0000] {dag.py:4180} INFO - Setting next_dagrun for example_complex to None, run_after=None
[2025-01-31T21:10:04.278+0000] {processor.py:208} INFO - Processing /home/airflow/.local/lib/python3.12/site-packages/airflow/example_dags/example_complex.py took 0.099 seconds
[2025-01-31T21:10:34.359+0000] {processor.py:186} INFO - Started process (PID=2327) to work on /home/airflow/.local/lib/python3.12/site-packages/airflow/example_dags/example_complex.py
[2025-01-31T21:10:34.360+0000] {processor.py:914} INFO - Processing file /home/airflow/.local/lib/python3.12/site-packages/airflow/example_dags/example_complex.py for tasks to queue
[2025-01-31T21:10:34.361+0000] {logging_mixin.py:190} INFO - [2025-01-31T21:10:34.361+0000] {dagbag.py:588} INFO - Filling up the DagBag from /home/airflow/.local/lib/python3.12/site-packages/airflow/example_dags/example_complex.py
[2025-01-31T21:10:34.370+0000] {processor.py:925} INFO - DAG(s) 'example_complex' retrieved from /home/airflow/.local/lib/python3.12/site-packages/airflow/example_dags/example_complex.py
[2025-01-31T21:10:34.392+0000] {logging_mixin.py:190} INFO - [2025-01-31T21:10:34.392+0000] {dag.py:3239} INFO - Sync 1 DAGs
[2025-01-31T21:10:34.402+0000] {logging_mixin.py:190} INFO - [2025-01-31T21:10:34.402+0000] {dag.py:4180} INFO - Setting next_dagrun for example_complex to None, run_after=None
[2025-01-31T21:10:34.414+0000] {processor.py:208} INFO - Processing /home/airflow/.local/lib/python3.12/site-packages/airflow/example_dags/example_complex.py took 0.059 seconds
[2025-01-31T21:11:05.200+0000] {processor.py:186} INFO - Started process (PID=2390) to work on /home/airflow/.local/lib/python3.12/site-packages/airflow/example_dags/example_complex.py
[2025-01-31T21:11:05.201+0000] {processor.py:914} INFO - Processing file /home/airflow/.local/lib/python3.12/site-packages/airflow/example_dags/example_complex.py for tasks to queue
[2025-01-31T21:11:05.203+0000] {logging_mixin.py:190} INFO - [2025-01-31T21:11:05.203+0000] {dagbag.py:588} INFO - Filling up the DagBag from /home/airflow/.local/lib/python3.12/site-packages/airflow/example_dags/example_complex.py
[2025-01-31T21:11:05.216+0000] {processor.py:925} INFO - DAG(s) 'example_complex' retrieved from /home/airflow/.local/lib/python3.12/site-packages/airflow/example_dags/example_complex.py
[2025-01-31T21:11:05.251+0000] {logging_mixin.py:190} INFO - [2025-01-31T21:11:05.250+0000] {dag.py:3239} INFO - Sync 1 DAGs
[2025-01-31T21:11:05.266+0000] {logging_mixin.py:190} INFO - [2025-01-31T21:11:05.266+0000] {dag.py:4180} INFO - Setting next_dagrun for example_complex to None, run_after=None
[2025-01-31T21:11:05.284+0000] {processor.py:208} INFO - Processing /home/airflow/.local/lib/python3.12/site-packages/airflow/example_dags/example_complex.py took 0.090 seconds
[2025-01-31T21:11:35.879+0000] {processor.py:186} INFO - Started process (PID=2453) to work on /home/airflow/.local/lib/python3.12/site-packages/airflow/example_dags/example_complex.py
[2025-01-31T21:11:35.880+0000] {processor.py:914} INFO - Processing file /home/airflow/.local/lib/python3.12/site-packages/airflow/example_dags/example_complex.py for tasks to queue
[2025-01-31T21:11:35.882+0000] {logging_mixin.py:190} INFO - [2025-01-31T21:11:35.882+0000] {dagbag.py:588} INFO - Filling up the DagBag from /home/airflow/.local/lib/python3.12/site-packages/airflow/example_dags/example_complex.py
[2025-01-31T21:11:35.894+0000] {processor.py:925} INFO - DAG(s) 'example_complex' retrieved from /home/airflow/.local/lib/python3.12/site-packages/airflow/example_dags/example_complex.py
[2025-01-31T21:11:35.930+0000] {logging_mixin.py:190} INFO - [2025-01-31T21:11:35.929+0000] {dag.py:3239} INFO - Sync 1 DAGs
[2025-01-31T21:11:35.945+0000] {logging_mixin.py:190} INFO - [2025-01-31T21:11:35.944+0000] {dag.py:4180} INFO - Setting next_dagrun for example_complex to None, run_after=None
[2025-01-31T21:11:35.961+0000] {processor.py:208} INFO - Processing /home/airflow/.local/lib/python3.12/site-packages/airflow/example_dags/example_complex.py took 0.088 seconds
[2025-01-31T21:12:06.332+0000] {processor.py:186} INFO - Started process (PID=2516) to work on /home/airflow/.local/lib/python3.12/site-packages/airflow/example_dags/example_complex.py
[2025-01-31T21:12:06.333+0000] {processor.py:914} INFO - Processing file /home/airflow/.local/lib/python3.12/site-packages/airflow/example_dags/example_complex.py for tasks to queue
[2025-01-31T21:12:06.335+0000] {logging_mixin.py:190} INFO - [2025-01-31T21:12:06.335+0000] {dagbag.py:588} INFO - Filling up the DagBag from /home/airflow/.local/lib/python3.12/site-packages/airflow/example_dags/example_complex.py
[2025-01-31T21:12:06.362+0000] {processor.py:925} INFO - DAG(s) 'example_complex' retrieved from /home/airflow/.local/lib/python3.12/site-packages/airflow/example_dags/example_complex.py
[2025-01-31T21:12:06.429+0000] {logging_mixin.py:190} INFO - [2025-01-31T21:12:06.428+0000] {dag.py:3239} INFO - Sync 1 DAGs
[2025-01-31T21:12:06.453+0000] {logging_mixin.py:190} INFO - [2025-01-31T21:12:06.453+0000] {dag.py:4180} INFO - Setting next_dagrun for example_complex to None, run_after=None
[2025-01-31T21:12:06.491+0000] {processor.py:208} INFO - Processing /home/airflow/.local/lib/python3.12/site-packages/airflow/example_dags/example_complex.py took 0.177 seconds
[2025-01-31T21:12:37.004+0000] {processor.py:186} INFO - Started process (PID=2579) to work on /home/airflow/.local/lib/python3.12/site-packages/airflow/example_dags/example_complex.py
[2025-01-31T21:12:37.005+0000] {processor.py:914} INFO - Processing file /home/airflow/.local/lib/python3.12/site-packages/airflow/example_dags/example_complex.py for tasks to queue
[2025-01-31T21:12:37.007+0000] {logging_mixin.py:190} INFO - [2025-01-31T21:12:37.006+0000] {dagbag.py:588} INFO - Filling up the DagBag from /home/airflow/.local/lib/python3.12/site-packages/airflow/example_dags/example_complex.py
[2025-01-31T21:12:37.020+0000] {processor.py:925} INFO - DAG(s) 'example_complex' retrieved from /home/airflow/.local/lib/python3.12/site-packages/airflow/example_dags/example_complex.py
[2025-01-31T21:12:37.055+0000] {logging_mixin.py:190} INFO - [2025-01-31T21:12:37.055+0000] {dag.py:3239} INFO - Sync 1 DAGs
[2025-01-31T21:12:37.069+0000] {logging_mixin.py:190} INFO - [2025-01-31T21:12:37.069+0000] {dag.py:4180} INFO - Setting next_dagrun for example_complex to None, run_after=None
[2025-01-31T21:12:37.085+0000] {processor.py:208} INFO - Processing /home/airflow/.local/lib/python3.12/site-packages/airflow/example_dags/example_complex.py took 0.087 seconds
[2025-01-31T21:13:08.169+0000] {processor.py:186} INFO - Started process (PID=2642) to work on /home/airflow/.local/lib/python3.12/site-packages/airflow/example_dags/example_complex.py
[2025-01-31T21:13:08.169+0000] {processor.py:914} INFO - Processing file /home/airflow/.local/lib/python3.12/site-packages/airflow/example_dags/example_complex.py for tasks to queue
[2025-01-31T21:13:08.172+0000] {logging_mixin.py:190} INFO - [2025-01-31T21:13:08.171+0000] {dagbag.py:588} INFO - Filling up the DagBag from /home/airflow/.local/lib/python3.12/site-packages/airflow/example_dags/example_complex.py
[2025-01-31T21:13:08.185+0000] {processor.py:925} INFO - DAG(s) 'example_complex' retrieved from /home/airflow/.local/lib/python3.12/site-packages/airflow/example_dags/example_complex.py
[2025-01-31T21:13:08.218+0000] {logging_mixin.py:190} INFO - [2025-01-31T21:13:08.218+0000] {dag.py:3239} INFO - Sync 1 DAGs
[2025-01-31T21:13:08.232+0000] {logging_mixin.py:190} INFO - [2025-01-31T21:13:08.232+0000] {dag.py:4180} INFO - Setting next_dagrun for example_complex to None, run_after=None
[2025-01-31T21:13:08.250+0000] {processor.py:208} INFO - Processing /home/airflow/.local/lib/python3.12/site-packages/airflow/example_dags/example_complex.py took 0.087 seconds
[2025-01-31T21:13:40.184+0000] {processor.py:186} INFO - Started process (PID=2705) to work on /home/airflow/.local/lib/python3.12/site-packages/airflow/example_dags/example_complex.py
[2025-01-31T21:13:40.185+0000] {processor.py:914} INFO - Processing file /home/airflow/.local/lib/python3.12/site-packages/airflow/example_dags/example_complex.py for tasks to queue
[2025-01-31T21:13:40.187+0000] {logging_mixin.py:190} INFO - [2025-01-31T21:13:40.187+0000] {dagbag.py:588} INFO - Filling up the DagBag from /home/airflow/.local/lib/python3.12/site-packages/airflow/example_dags/example_complex.py
[2025-01-31T21:13:40.210+0000] {processor.py:925} INFO - DAG(s) 'example_complex' retrieved from /home/airflow/.local/lib/python3.12/site-packages/airflow/example_dags/example_complex.py
[2025-01-31T21:13:40.247+0000] {logging_mixin.py:190} INFO - [2025-01-31T21:13:40.246+0000] {dag.py:3239} INFO - Sync 1 DAGs
[2025-01-31T21:13:40.268+0000] {logging_mixin.py:190} INFO - [2025-01-31T21:13:40.264+0000] {dag.py:4180} INFO - Setting next_dagrun for example_complex to None, run_after=None
[2025-01-31T21:13:40.287+0000] {processor.py:208} INFO - Processing /home/airflow/.local/lib/python3.12/site-packages/airflow/example_dags/example_complex.py took 0.109 seconds
[2025-01-31T21:14:12.061+0000] {processor.py:186} INFO - Started process (PID=2767) to work on /home/airflow/.local/lib/python3.12/site-packages/airflow/example_dags/example_complex.py
[2025-01-31T21:14:12.065+0000] {processor.py:914} INFO - Processing file /home/airflow/.local/lib/python3.12/site-packages/airflow/example_dags/example_complex.py for tasks to queue
[2025-01-31T21:14:12.067+0000] {logging_mixin.py:190} INFO - [2025-01-31T21:14:12.066+0000] {dagbag.py:588} INFO - Filling up the DagBag from /home/airflow/.local/lib/python3.12/site-packages/airflow/example_dags/example_complex.py
[2025-01-31T21:14:12.102+0000] {processor.py:925} INFO - DAG(s) 'example_complex' retrieved from /home/airflow/.local/lib/python3.12/site-packages/airflow/example_dags/example_complex.py
[2025-01-31T21:14:12.176+0000] {logging_mixin.py:190} INFO - [2025-01-31T21:14:12.176+0000] {dag.py:3239} INFO - Sync 1 DAGs
[2025-01-31T21:14:12.200+0000] {logging_mixin.py:190} INFO - [2025-01-31T21:14:12.199+0000] {dag.py:4180} INFO - Setting next_dagrun for example_complex to None, run_after=None
[2025-01-31T21:14:12.225+0000] {processor.py:208} INFO - Processing /home/airflow/.local/lib/python3.12/site-packages/airflow/example_dags/example_complex.py took 0.189 seconds
[2025-01-31T21:14:43.330+0000] {processor.py:186} INFO - Started process (PID=2836) to work on /home/airflow/.local/lib/python3.12/site-packages/airflow/example_dags/example_complex.py
[2025-01-31T21:14:43.331+0000] {processor.py:914} INFO - Processing file /home/airflow/.local/lib/python3.12/site-packages/airflow/example_dags/example_complex.py for tasks to queue
[2025-01-31T21:14:43.334+0000] {logging_mixin.py:190} INFO - [2025-01-31T21:14:43.333+0000] {dagbag.py:588} INFO - Filling up the DagBag from /home/airflow/.local/lib/python3.12/site-packages/airflow/example_dags/example_complex.py
[2025-01-31T21:14:43.346+0000] {processor.py:925} INFO - DAG(s) 'example_complex' retrieved from /home/airflow/.local/lib/python3.12/site-packages/airflow/example_dags/example_complex.py
[2025-01-31T21:14:43.381+0000] {logging_mixin.py:190} INFO - [2025-01-31T21:14:43.381+0000] {dag.py:3239} INFO - Sync 1 DAGs
[2025-01-31T21:14:43.396+0000] {logging_mixin.py:190} INFO - [2025-01-31T21:14:43.396+0000] {dag.py:4180} INFO - Setting next_dagrun for example_complex to None, run_after=None
[2025-01-31T21:14:43.414+0000] {processor.py:208} INFO - Processing /home/airflow/.local/lib/python3.12/site-packages/airflow/example_dags/example_complex.py took 0.089 seconds
[2025-01-31T21:15:15.298+0000] {processor.py:186} INFO - Started process (PID=2898) to work on /home/airflow/.local/lib/python3.12/site-packages/airflow/example_dags/example_complex.py
[2025-01-31T21:15:15.299+0000] {processor.py:914} INFO - Processing file /home/airflow/.local/lib/python3.12/site-packages/airflow/example_dags/example_complex.py for tasks to queue
[2025-01-31T21:15:15.301+0000] {logging_mixin.py:190} INFO - [2025-01-31T21:15:15.301+0000] {dagbag.py:588} INFO - Filling up the DagBag from /home/airflow/.local/lib/python3.12/site-packages/airflow/example_dags/example_complex.py
[2025-01-31T21:15:15.316+0000] {processor.py:925} INFO - DAG(s) 'example_complex' retrieved from /home/airflow/.local/lib/python3.12/site-packages/airflow/example_dags/example_complex.py
[2025-01-31T21:15:15.386+0000] {logging_mixin.py:190} INFO - [2025-01-31T21:15:15.385+0000] {dag.py:3239} INFO - Sync 1 DAGs
[2025-01-31T21:15:15.402+0000] {logging_mixin.py:190} INFO - [2025-01-31T21:15:15.402+0000] {dag.py:4180} INFO - Setting next_dagrun for example_complex to None, run_after=None
[2025-01-31T21:15:15.441+0000] {processor.py:208} INFO - Processing /home/airflow/.local/lib/python3.12/site-packages/airflow/example_dags/example_complex.py took 0.150 seconds
[2025-01-31T21:15:46.262+0000] {processor.py:186} INFO - Started process (PID=2962) to work on /home/airflow/.local/lib/python3.12/site-packages/airflow/example_dags/example_complex.py
[2025-01-31T21:15:46.262+0000] {processor.py:914} INFO - Processing file /home/airflow/.local/lib/python3.12/site-packages/airflow/example_dags/example_complex.py for tasks to queue
[2025-01-31T21:15:46.265+0000] {logging_mixin.py:190} INFO - [2025-01-31T21:15:46.264+0000] {dagbag.py:588} INFO - Filling up the DagBag from /home/airflow/.local/lib/python3.12/site-packages/airflow/example_dags/example_complex.py
[2025-01-31T21:15:46.278+0000] {processor.py:925} INFO - DAG(s) 'example_complex' retrieved from /home/airflow/.local/lib/python3.12/site-packages/airflow/example_dags/example_complex.py
[2025-01-31T21:15:46.314+0000] {logging_mixin.py:190} INFO - [2025-01-31T21:15:46.314+0000] {dag.py:3239} INFO - Sync 1 DAGs
[2025-01-31T21:15:46.336+0000] {logging_mixin.py:190} INFO - [2025-01-31T21:15:46.335+0000] {dag.py:4180} INFO - Setting next_dagrun for example_complex to None, run_after=None
[2025-01-31T21:15:46.353+0000] {processor.py:208} INFO - Processing /home/airflow/.local/lib/python3.12/site-packages/airflow/example_dags/example_complex.py took 0.098 seconds
[2025-01-31T21:16:17.788+0000] {processor.py:186} INFO - Started process (PID=3027) to work on /home/airflow/.local/lib/python3.12/site-packages/airflow/example_dags/example_complex.py
[2025-01-31T21:16:17.789+0000] {processor.py:914} INFO - Processing file /home/airflow/.local/lib/python3.12/site-packages/airflow/example_dags/example_complex.py for tasks to queue
[2025-01-31T21:16:17.791+0000] {logging_mixin.py:190} INFO - [2025-01-31T21:16:17.791+0000] {dagbag.py:588} INFO - Filling up the DagBag from /home/airflow/.local/lib/python3.12/site-packages/airflow/example_dags/example_complex.py
[2025-01-31T21:16:17.805+0000] {processor.py:925} INFO - DAG(s) 'example_complex' retrieved from /home/airflow/.local/lib/python3.12/site-packages/airflow/example_dags/example_complex.py
[2025-01-31T21:16:17.841+0000] {logging_mixin.py:190} INFO - [2025-01-31T21:16:17.841+0000] {dag.py:3239} INFO - Sync 1 DAGs
[2025-01-31T21:16:17.857+0000] {logging_mixin.py:190} INFO - [2025-01-31T21:16:17.857+0000] {dag.py:4180} INFO - Setting next_dagrun for example_complex to None, run_after=None
[2025-01-31T21:16:17.874+0000] {processor.py:208} INFO - Processing /home/airflow/.local/lib/python3.12/site-packages/airflow/example_dags/example_complex.py took 0.092 seconds
[2025-01-31T21:16:48.547+0000] {processor.py:186} INFO - Started process (PID=3090) to work on /home/airflow/.local/lib/python3.12/site-packages/airflow/example_dags/example_complex.py
[2025-01-31T21:16:48.548+0000] {processor.py:914} INFO - Processing file /home/airflow/.local/lib/python3.12/site-packages/airflow/example_dags/example_complex.py for tasks to queue
[2025-01-31T21:16:48.551+0000] {logging_mixin.py:190} INFO - [2025-01-31T21:16:48.550+0000] {dagbag.py:588} INFO - Filling up the DagBag from /home/airflow/.local/lib/python3.12/site-packages/airflow/example_dags/example_complex.py
[2025-01-31T21:16:48.565+0000] {processor.py:925} INFO - DAG(s) 'example_complex' retrieved from /home/airflow/.local/lib/python3.12/site-packages/airflow/example_dags/example_complex.py
[2025-01-31T21:16:48.611+0000] {logging_mixin.py:190} INFO - [2025-01-31T21:16:48.611+0000] {dag.py:3239} INFO - Sync 1 DAGs
[2025-01-31T21:16:48.626+0000] {logging_mixin.py:190} INFO - [2025-01-31T21:16:48.626+0000] {dag.py:4180} INFO - Setting next_dagrun for example_complex to None, run_after=None
[2025-01-31T21:16:48.642+0000] {processor.py:208} INFO - Processing /home/airflow/.local/lib/python3.12/site-packages/airflow/example_dags/example_complex.py took 0.102 seconds
[2025-01-31T21:17:19.211+0000] {processor.py:186} INFO - Started process (PID=3153) to work on /home/airflow/.local/lib/python3.12/site-packages/airflow/example_dags/example_complex.py
[2025-01-31T21:17:19.212+0000] {processor.py:914} INFO - Processing file /home/airflow/.local/lib/python3.12/site-packages/airflow/example_dags/example_complex.py for tasks to queue
[2025-01-31T21:17:19.214+0000] {logging_mixin.py:190} INFO - [2025-01-31T21:17:19.214+0000] {dagbag.py:588} INFO - Filling up the DagBag from /home/airflow/.local/lib/python3.12/site-packages/airflow/example_dags/example_complex.py
[2025-01-31T21:17:19.228+0000] {processor.py:925} INFO - DAG(s) 'example_complex' retrieved from /home/airflow/.local/lib/python3.12/site-packages/airflow/example_dags/example_complex.py
[2025-01-31T21:17:19.264+0000] {logging_mixin.py:190} INFO - [2025-01-31T21:17:19.264+0000] {dag.py:3239} INFO - Sync 1 DAGs
[2025-01-31T21:17:19.279+0000] {logging_mixin.py:190} INFO - [2025-01-31T21:17:19.279+0000] {dag.py:4180} INFO - Setting next_dagrun for example_complex to None, run_after=None
[2025-01-31T21:17:19.296+0000] {processor.py:208} INFO - Processing /home/airflow/.local/lib/python3.12/site-packages/airflow/example_dags/example_complex.py took 0.091 seconds
[2025-01-31T21:17:50.250+0000] {processor.py:186} INFO - Started process (PID=3222) to work on /home/airflow/.local/lib/python3.12/site-packages/airflow/example_dags/example_complex.py
[2025-01-31T21:17:50.251+0000] {processor.py:914} INFO - Processing file /home/airflow/.local/lib/python3.12/site-packages/airflow/example_dags/example_complex.py for tasks to queue
[2025-01-31T21:17:50.253+0000] {logging_mixin.py:190} INFO - [2025-01-31T21:17:50.253+0000] {dagbag.py:588} INFO - Filling up the DagBag from /home/airflow/.local/lib/python3.12/site-packages/airflow/example_dags/example_complex.py
[2025-01-31T21:17:50.267+0000] {processor.py:925} INFO - DAG(s) 'example_complex' retrieved from /home/airflow/.local/lib/python3.12/site-packages/airflow/example_dags/example_complex.py
[2025-01-31T21:17:50.304+0000] {logging_mixin.py:190} INFO - [2025-01-31T21:17:50.303+0000] {dag.py:3239} INFO - Sync 1 DAGs
[2025-01-31T21:17:50.319+0000] {logging_mixin.py:190} INFO - [2025-01-31T21:17:50.319+0000] {dag.py:4180} INFO - Setting next_dagrun for example_complex to None, run_after=None
[2025-01-31T21:17:50.336+0000] {processor.py:208} INFO - Processing /home/airflow/.local/lib/python3.12/site-packages/airflow/example_dags/example_complex.py took 0.092 seconds
[2025-01-31T21:18:21.775+0000] {processor.py:186} INFO - Started process (PID=3285) to work on /home/airflow/.local/lib/python3.12/site-packages/airflow/example_dags/example_complex.py
[2025-01-31T21:18:21.777+0000] {processor.py:914} INFO - Processing file /home/airflow/.local/lib/python3.12/site-packages/airflow/example_dags/example_complex.py for tasks to queue
[2025-01-31T21:18:21.784+0000] {logging_mixin.py:190} INFO - [2025-01-31T21:18:21.784+0000] {dagbag.py:588} INFO - Filling up the DagBag from /home/airflow/.local/lib/python3.12/site-packages/airflow/example_dags/example_complex.py
[2025-01-31T21:18:21.821+0000] {processor.py:925} INFO - DAG(s) 'example_complex' retrieved from /home/airflow/.local/lib/python3.12/site-packages/airflow/example_dags/example_complex.py
[2025-01-31T21:18:22.005+0000] {logging_mixin.py:190} INFO - [2025-01-31T21:18:22.004+0000] {dag.py:3239} INFO - Sync 1 DAGs
[2025-01-31T21:18:22.111+0000] {logging_mixin.py:190} INFO - [2025-01-31T21:18:22.111+0000] {dag.py:4180} INFO - Setting next_dagrun for example_complex to None, run_after=None
[2025-01-31T21:18:22.248+0000] {processor.py:208} INFO - Processing /home/airflow/.local/lib/python3.12/site-packages/airflow/example_dags/example_complex.py took 0.492 seconds
