[2025-01-31T20:52:23.746+0000] {processor.py:186} INFO - Started process (PID=79) to work on /home/airflow/.local/lib/python3.12/site-packages/airflow/example_dags/example_inlet_event_extra.py
[2025-01-31T20:52:23.750+0000] {processor.py:914} INFO - Processing file /home/airflow/.local/lib/python3.12/site-packages/airflow/example_dags/example_inlet_event_extra.py for tasks to queue
[2025-01-31T20:52:23.757+0000] {logging_mixin.py:190} INFO - [2025-01-31T20:52:23.757+0000] {dagbag.py:588} INFO - Filling up the DagBag from /home/airflow/.local/lib/python3.12/site-packages/airflow/example_dags/example_inlet_event_extra.py
[2025-01-31T20:52:26.636+0000] {processor.py:925} INFO - DAG(s) 'read_dataset_event_from_classic', 'read_dataset_event' retrieved from /home/airflow/.local/lib/python3.12/site-packages/airflow/example_dags/example_inlet_event_extra.py
[2025-01-31T20:52:27.167+0000] {logging_mixin.py:190} INFO - [2025-01-31T20:52:27.166+0000] {override.py:1911} INFO - Created Permission View: can delete on DAG:read_dataset_event_from_classic
[2025-01-31T20:52:27.208+0000] {logging_mixin.py:190} INFO - [2025-01-31T20:52:27.208+0000] {override.py:1911} INFO - Created Permission View: can edit on DAG:read_dataset_event_from_classic
[2025-01-31T20:52:27.221+0000] {logging_mixin.py:190} INFO - [2025-01-31T20:52:27.221+0000] {override.py:1911} INFO - Created Permission View: can read on DAG:read_dataset_event_from_classic
[2025-01-31T20:52:27.240+0000] {logging_mixin.py:190} INFO - [2025-01-31T20:52:27.240+0000] {override.py:1911} INFO - Created Permission View: menu access on DAG Run:read_dataset_event_from_classic
[2025-01-31T20:52:27.268+0000] {logging_mixin.py:190} INFO - [2025-01-31T20:52:27.268+0000] {override.py:1911} INFO - Created Permission View: can delete on DAG Run:read_dataset_event_from_classic
[2025-01-31T20:52:27.286+0000] {logging_mixin.py:190} INFO - [2025-01-31T20:52:27.285+0000] {override.py:1911} INFO - Created Permission View: can create on DAG Run:read_dataset_event_from_classic
[2025-01-31T20:52:27.303+0000] {logging_mixin.py:190} INFO - [2025-01-31T20:52:27.303+0000] {override.py:1911} INFO - Created Permission View: can read on DAG Run:read_dataset_event_from_classic
[2025-01-31T20:52:27.344+0000] {logging_mixin.py:190} INFO - [2025-01-31T20:52:27.344+0000] {override.py:1911} INFO - Created Permission View: can delete on DAG:read_dataset_event
[2025-01-31T20:52:27.365+0000] {logging_mixin.py:190} INFO - [2025-01-31T20:52:27.365+0000] {override.py:1911} INFO - Created Permission View: can edit on DAG:read_dataset_event
[2025-01-31T20:52:27.376+0000] {logging_mixin.py:190} INFO - [2025-01-31T20:52:27.376+0000] {override.py:1911} INFO - Created Permission View: can read on DAG:read_dataset_event
[2025-01-31T20:52:27.405+0000] {logging_mixin.py:190} INFO - [2025-01-31T20:52:27.405+0000] {override.py:1911} INFO - Created Permission View: menu access on DAG Run:read_dataset_event
[2025-01-31T20:52:27.411+0000] {logging_mixin.py:190} INFO - [2025-01-31T20:52:27.411+0000] {override.py:1911} INFO - Created Permission View: can delete on DAG Run:read_dataset_event
[2025-01-31T20:52:27.429+0000] {logging_mixin.py:190} INFO - [2025-01-31T20:52:27.429+0000] {override.py:1911} INFO - Created Permission View: can create on DAG Run:read_dataset_event
[2025-01-31T20:52:27.441+0000] {logging_mixin.py:190} INFO - [2025-01-31T20:52:27.441+0000] {override.py:1911} INFO - Created Permission View: can read on DAG Run:read_dataset_event
[2025-01-31T20:52:27.442+0000] {logging_mixin.py:190} INFO - [2025-01-31T20:52:27.442+0000] {dag.py:3239} INFO - Sync 2 DAGs
[2025-01-31T20:52:27.489+0000] {logging_mixin.py:190} INFO - [2025-01-31T20:52:27.488+0000] {dag.py:3262} INFO - Creating ORM DAG for read_dataset_event
[2025-01-31T20:52:27.490+0000] {logging_mixin.py:190} INFO - [2025-01-31T20:52:27.490+0000] {dag.py:3262} INFO - Creating ORM DAG for read_dataset_event_from_classic
[2025-01-31T20:52:27.519+0000] {logging_mixin.py:190} INFO - [2025-01-31T20:52:27.518+0000] {dag.py:4180} INFO - Setting next_dagrun for read_dataset_event to 2025-01-30 00:00:00+00:00, run_after=2025-01-31 00:00:00+00:00
[2025-01-31T20:52:27.534+0000] {logging_mixin.py:190} INFO - [2025-01-31T20:52:27.533+0000] {dag.py:4180} INFO - Setting next_dagrun for read_dataset_event_from_classic to 2025-01-30 00:00:00+00:00, run_after=2025-01-31 00:00:00+00:00
[2025-01-31T20:52:27.592+0000] {processor.py:208} INFO - Processing /home/airflow/.local/lib/python3.12/site-packages/airflow/example_dags/example_inlet_event_extra.py took 3.889 seconds
[2025-01-31T20:52:57.710+0000] {processor.py:186} INFO - Started process (PID=141) to work on /home/airflow/.local/lib/python3.12/site-packages/airflow/example_dags/example_inlet_event_extra.py
[2025-01-31T20:52:57.712+0000] {processor.py:914} INFO - Processing file /home/airflow/.local/lib/python3.12/site-packages/airflow/example_dags/example_inlet_event_extra.py for tasks to queue
[2025-01-31T20:52:57.722+0000] {logging_mixin.py:190} INFO - [2025-01-31T20:52:57.714+0000] {dagbag.py:588} INFO - Filling up the DagBag from /home/airflow/.local/lib/python3.12/site-packages/airflow/example_dags/example_inlet_event_extra.py
[2025-01-31T20:52:58.667+0000] {processor.py:925} INFO - DAG(s) 'read_dataset_event_from_classic', 'read_dataset_event' retrieved from /home/airflow/.local/lib/python3.12/site-packages/airflow/example_dags/example_inlet_event_extra.py
[2025-01-31T20:52:58.706+0000] {logging_mixin.py:190} INFO - [2025-01-31T20:52:58.705+0000] {dag.py:3239} INFO - Sync 2 DAGs
[2025-01-31T20:52:58.749+0000] {logging_mixin.py:190} INFO - [2025-01-31T20:52:58.748+0000] {dag.py:4180} INFO - Setting next_dagrun for read_dataset_event to 2025-01-30 00:00:00+00:00, run_after=2025-01-31 00:00:00+00:00
[2025-01-31T20:52:58.763+0000] {logging_mixin.py:190} INFO - [2025-01-31T20:52:58.763+0000] {dag.py:4180} INFO - Setting next_dagrun for read_dataset_event_from_classic to 2025-01-30 00:00:00+00:00, run_after=2025-01-31 00:00:00+00:00
[2025-01-31T20:52:58.797+0000] {processor.py:208} INFO - Processing /home/airflow/.local/lib/python3.12/site-packages/airflow/example_dags/example_inlet_event_extra.py took 1.093 seconds
[2025-01-31T20:53:28.871+0000] {processor.py:186} INFO - Started process (PID=204) to work on /home/airflow/.local/lib/python3.12/site-packages/airflow/example_dags/example_inlet_event_extra.py
[2025-01-31T20:53:28.873+0000] {processor.py:914} INFO - Processing file /home/airflow/.local/lib/python3.12/site-packages/airflow/example_dags/example_inlet_event_extra.py for tasks to queue
[2025-01-31T20:53:28.876+0000] {logging_mixin.py:190} INFO - [2025-01-31T20:53:28.876+0000] {dagbag.py:588} INFO - Filling up the DagBag from /home/airflow/.local/lib/python3.12/site-packages/airflow/example_dags/example_inlet_event_extra.py
[2025-01-31T20:53:31.430+0000] {processor.py:925} INFO - DAG(s) 'read_dataset_event', 'read_dataset_event_from_classic' retrieved from /home/airflow/.local/lib/python3.12/site-packages/airflow/example_dags/example_inlet_event_extra.py
[2025-01-31T20:53:31.448+0000] {logging_mixin.py:190} INFO - [2025-01-31T20:53:31.448+0000] {dag.py:3239} INFO - Sync 2 DAGs
[2025-01-31T20:53:31.476+0000] {logging_mixin.py:190} INFO - [2025-01-31T20:53:31.476+0000] {dag.py:4180} INFO - Setting next_dagrun for read_dataset_event to 2025-01-30 00:00:00+00:00, run_after=2025-01-31 00:00:00+00:00
[2025-01-31T20:53:31.484+0000] {logging_mixin.py:190} INFO - [2025-01-31T20:53:31.484+0000] {dag.py:4180} INFO - Setting next_dagrun for read_dataset_event_from_classic to 2025-01-30 00:00:00+00:00, run_after=2025-01-31 00:00:00+00:00
[2025-01-31T20:53:31.536+0000] {processor.py:208} INFO - Processing /home/airflow/.local/lib/python3.12/site-packages/airflow/example_dags/example_inlet_event_extra.py took 2.677 seconds
[2025-01-31T20:54:02.306+0000] {processor.py:186} INFO - Started process (PID=269) to work on /home/airflow/.local/lib/python3.12/site-packages/airflow/example_dags/example_inlet_event_extra.py
[2025-01-31T20:54:02.306+0000] {processor.py:914} INFO - Processing file /home/airflow/.local/lib/python3.12/site-packages/airflow/example_dags/example_inlet_event_extra.py for tasks to queue
[2025-01-31T20:54:02.309+0000] {logging_mixin.py:190} INFO - [2025-01-31T20:54:02.308+0000] {dagbag.py:588} INFO - Filling up the DagBag from /home/airflow/.local/lib/python3.12/site-packages/airflow/example_dags/example_inlet_event_extra.py
[2025-01-31T20:54:03.417+0000] {processor.py:925} INFO - DAG(s) 'read_dataset_event', 'read_dataset_event_from_classic' retrieved from /home/airflow/.local/lib/python3.12/site-packages/airflow/example_dags/example_inlet_event_extra.py
[2025-01-31T20:54:03.431+0000] {logging_mixin.py:190} INFO - [2025-01-31T20:54:03.430+0000] {dag.py:3239} INFO - Sync 2 DAGs
[2025-01-31T20:54:03.449+0000] {logging_mixin.py:190} INFO - [2025-01-31T20:54:03.448+0000] {dag.py:4180} INFO - Setting next_dagrun for read_dataset_event to 2025-01-30 00:00:00+00:00, run_after=2025-01-31 00:00:00+00:00
[2025-01-31T20:54:03.452+0000] {logging_mixin.py:190} INFO - [2025-01-31T20:54:03.452+0000] {dag.py:4180} INFO - Setting next_dagrun for read_dataset_event_from_classic to 2025-01-30 00:00:00+00:00, run_after=2025-01-31 00:00:00+00:00
[2025-01-31T20:54:03.463+0000] {processor.py:208} INFO - Processing /home/airflow/.local/lib/python3.12/site-packages/airflow/example_dags/example_inlet_event_extra.py took 1.163 seconds
[2025-01-31T20:54:33.920+0000] {processor.py:186} INFO - Started process (PID=334) to work on /home/airflow/.local/lib/python3.12/site-packages/airflow/example_dags/example_inlet_event_extra.py
[2025-01-31T20:54:33.920+0000] {processor.py:914} INFO - Processing file /home/airflow/.local/lib/python3.12/site-packages/airflow/example_dags/example_inlet_event_extra.py for tasks to queue
[2025-01-31T20:54:33.922+0000] {logging_mixin.py:190} INFO - [2025-01-31T20:54:33.922+0000] {dagbag.py:588} INFO - Filling up the DagBag from /home/airflow/.local/lib/python3.12/site-packages/airflow/example_dags/example_inlet_event_extra.py
[2025-01-31T20:54:34.677+0000] {processor.py:925} INFO - DAG(s) 'read_dataset_event_from_classic', 'read_dataset_event' retrieved from /home/airflow/.local/lib/python3.12/site-packages/airflow/example_dags/example_inlet_event_extra.py
[2025-01-31T20:54:34.707+0000] {logging_mixin.py:190} INFO - [2025-01-31T20:54:34.707+0000] {dag.py:3239} INFO - Sync 2 DAGs
[2025-01-31T20:54:34.736+0000] {logging_mixin.py:190} INFO - [2025-01-31T20:54:34.736+0000] {dag.py:4180} INFO - Setting next_dagrun for read_dataset_event to 2025-01-30 00:00:00+00:00, run_after=2025-01-31 00:00:00+00:00
[2025-01-31T20:54:34.742+0000] {logging_mixin.py:190} INFO - [2025-01-31T20:54:34.742+0000] {dag.py:4180} INFO - Setting next_dagrun for read_dataset_event_from_classic to 2025-01-30 00:00:00+00:00, run_after=2025-01-31 00:00:00+00:00
[2025-01-31T20:54:34.757+0000] {processor.py:208} INFO - Processing /home/airflow/.local/lib/python3.12/site-packages/airflow/example_dags/example_inlet_event_extra.py took 0.843 seconds
[2025-01-31T20:55:05.603+0000] {processor.py:186} INFO - Started process (PID=402) to work on /home/airflow/.local/lib/python3.12/site-packages/airflow/example_dags/example_inlet_event_extra.py
[2025-01-31T20:55:05.604+0000] {processor.py:914} INFO - Processing file /home/airflow/.local/lib/python3.12/site-packages/airflow/example_dags/example_inlet_event_extra.py for tasks to queue
[2025-01-31T20:55:05.607+0000] {logging_mixin.py:190} INFO - [2025-01-31T20:55:05.607+0000] {dagbag.py:588} INFO - Filling up the DagBag from /home/airflow/.local/lib/python3.12/site-packages/airflow/example_dags/example_inlet_event_extra.py
[2025-01-31T20:55:06.242+0000] {processor.py:925} INFO - DAG(s) 'read_dataset_event', 'read_dataset_event_from_classic' retrieved from /home/airflow/.local/lib/python3.12/site-packages/airflow/example_dags/example_inlet_event_extra.py
[2025-01-31T20:55:06.263+0000] {logging_mixin.py:190} INFO - [2025-01-31T20:55:06.263+0000] {dag.py:3239} INFO - Sync 2 DAGs
[2025-01-31T20:55:06.290+0000] {logging_mixin.py:190} INFO - [2025-01-31T20:55:06.289+0000] {dag.py:4180} INFO - Setting next_dagrun for read_dataset_event to 2025-01-30 00:00:00+00:00, run_after=2025-01-31 00:00:00+00:00
[2025-01-31T20:55:06.295+0000] {logging_mixin.py:190} INFO - [2025-01-31T20:55:06.295+0000] {dag.py:4180} INFO - Setting next_dagrun for read_dataset_event_from_classic to 2025-01-30 00:00:00+00:00, run_after=2025-01-31 00:00:00+00:00
[2025-01-31T20:55:06.310+0000] {processor.py:208} INFO - Processing /home/airflow/.local/lib/python3.12/site-packages/airflow/example_dags/example_inlet_event_extra.py took 0.711 seconds
[2025-01-31T20:55:37.163+0000] {processor.py:186} INFO - Started process (PID=466) to work on /home/airflow/.local/lib/python3.12/site-packages/airflow/example_dags/example_inlet_event_extra.py
[2025-01-31T20:55:37.164+0000] {processor.py:914} INFO - Processing file /home/airflow/.local/lib/python3.12/site-packages/airflow/example_dags/example_inlet_event_extra.py for tasks to queue
[2025-01-31T20:55:37.166+0000] {logging_mixin.py:190} INFO - [2025-01-31T20:55:37.166+0000] {dagbag.py:588} INFO - Filling up the DagBag from /home/airflow/.local/lib/python3.12/site-packages/airflow/example_dags/example_inlet_event_extra.py
[2025-01-31T20:55:37.838+0000] {processor.py:925} INFO - DAG(s) 'read_dataset_event_from_classic', 'read_dataset_event' retrieved from /home/airflow/.local/lib/python3.12/site-packages/airflow/example_dags/example_inlet_event_extra.py
[2025-01-31T20:55:37.858+0000] {logging_mixin.py:190} INFO - [2025-01-31T20:55:37.857+0000] {dag.py:3239} INFO - Sync 2 DAGs
[2025-01-31T20:55:37.884+0000] {logging_mixin.py:190} INFO - [2025-01-31T20:55:37.884+0000] {dag.py:4180} INFO - Setting next_dagrun for read_dataset_event to 2025-01-30 00:00:00+00:00, run_after=2025-01-31 00:00:00+00:00
[2025-01-31T20:55:37.890+0000] {logging_mixin.py:190} INFO - [2025-01-31T20:55:37.889+0000] {dag.py:4180} INFO - Setting next_dagrun for read_dataset_event_from_classic to 2025-01-30 00:00:00+00:00, run_after=2025-01-31 00:00:00+00:00
[2025-01-31T20:55:37.903+0000] {processor.py:208} INFO - Processing /home/airflow/.local/lib/python3.12/site-packages/airflow/example_dags/example_inlet_event_extra.py took 0.745 seconds
[2025-01-31T20:56:08.635+0000] {processor.py:186} INFO - Started process (PID=530) to work on /home/airflow/.local/lib/python3.12/site-packages/airflow/example_dags/example_inlet_event_extra.py
[2025-01-31T20:56:08.636+0000] {processor.py:914} INFO - Processing file /home/airflow/.local/lib/python3.12/site-packages/airflow/example_dags/example_inlet_event_extra.py for tasks to queue
[2025-01-31T20:56:08.638+0000] {logging_mixin.py:190} INFO - [2025-01-31T20:56:08.638+0000] {dagbag.py:588} INFO - Filling up the DagBag from /home/airflow/.local/lib/python3.12/site-packages/airflow/example_dags/example_inlet_event_extra.py
[2025-01-31T20:56:09.281+0000] {processor.py:925} INFO - DAG(s) 'read_dataset_event_from_classic', 'read_dataset_event' retrieved from /home/airflow/.local/lib/python3.12/site-packages/airflow/example_dags/example_inlet_event_extra.py
[2025-01-31T20:56:09.302+0000] {logging_mixin.py:190} INFO - [2025-01-31T20:56:09.302+0000] {dag.py:3239} INFO - Sync 2 DAGs
[2025-01-31T20:56:09.329+0000] {logging_mixin.py:190} INFO - [2025-01-31T20:56:09.329+0000] {dag.py:4180} INFO - Setting next_dagrun for read_dataset_event to 2025-01-30 00:00:00+00:00, run_after=2025-01-31 00:00:00+00:00
[2025-01-31T20:56:09.334+0000] {logging_mixin.py:190} INFO - [2025-01-31T20:56:09.334+0000] {dag.py:4180} INFO - Setting next_dagrun for read_dataset_event_from_classic to 2025-01-30 00:00:00+00:00, run_after=2025-01-31 00:00:00+00:00
[2025-01-31T20:56:09.349+0000] {processor.py:208} INFO - Processing /home/airflow/.local/lib/python3.12/site-packages/airflow/example_dags/example_inlet_event_extra.py took 0.719 seconds
[2025-01-31T20:56:39.930+0000] {processor.py:186} INFO - Started process (PID=593) to work on /home/airflow/.local/lib/python3.12/site-packages/airflow/example_dags/example_inlet_event_extra.py
[2025-01-31T20:56:39.931+0000] {processor.py:914} INFO - Processing file /home/airflow/.local/lib/python3.12/site-packages/airflow/example_dags/example_inlet_event_extra.py for tasks to queue
[2025-01-31T20:56:39.934+0000] {logging_mixin.py:190} INFO - [2025-01-31T20:56:39.934+0000] {dagbag.py:588} INFO - Filling up the DagBag from /home/airflow/.local/lib/python3.12/site-packages/airflow/example_dags/example_inlet_event_extra.py
[2025-01-31T20:56:40.574+0000] {processor.py:925} INFO - DAG(s) 'read_dataset_event', 'read_dataset_event_from_classic' retrieved from /home/airflow/.local/lib/python3.12/site-packages/airflow/example_dags/example_inlet_event_extra.py
[2025-01-31T20:56:40.594+0000] {logging_mixin.py:190} INFO - [2025-01-31T20:56:40.593+0000] {dag.py:3239} INFO - Sync 2 DAGs
[2025-01-31T20:56:40.622+0000] {logging_mixin.py:190} INFO - [2025-01-31T20:56:40.621+0000] {dag.py:4180} INFO - Setting next_dagrun for read_dataset_event to 2025-01-30 00:00:00+00:00, run_after=2025-01-31 00:00:00+00:00
[2025-01-31T20:56:40.627+0000] {logging_mixin.py:190} INFO - [2025-01-31T20:56:40.627+0000] {dag.py:4180} INFO - Setting next_dagrun for read_dataset_event_from_classic to 2025-01-30 00:00:00+00:00, run_after=2025-01-31 00:00:00+00:00
[2025-01-31T20:56:40.642+0000] {processor.py:208} INFO - Processing /home/airflow/.local/lib/python3.12/site-packages/airflow/example_dags/example_inlet_event_extra.py took 0.717 seconds
[2025-01-31T20:57:11.199+0000] {processor.py:186} INFO - Started process (PID=656) to work on /home/airflow/.local/lib/python3.12/site-packages/airflow/example_dags/example_inlet_event_extra.py
[2025-01-31T20:57:11.201+0000] {processor.py:914} INFO - Processing file /home/airflow/.local/lib/python3.12/site-packages/airflow/example_dags/example_inlet_event_extra.py for tasks to queue
[2025-01-31T20:57:11.203+0000] {logging_mixin.py:190} INFO - [2025-01-31T20:57:11.203+0000] {dagbag.py:588} INFO - Filling up the DagBag from /home/airflow/.local/lib/python3.12/site-packages/airflow/example_dags/example_inlet_event_extra.py
[2025-01-31T20:57:11.898+0000] {processor.py:925} INFO - DAG(s) 'read_dataset_event_from_classic', 'read_dataset_event' retrieved from /home/airflow/.local/lib/python3.12/site-packages/airflow/example_dags/example_inlet_event_extra.py
[2025-01-31T20:57:11.919+0000] {logging_mixin.py:190} INFO - [2025-01-31T20:57:11.918+0000] {dag.py:3239} INFO - Sync 2 DAGs
[2025-01-31T20:57:11.947+0000] {logging_mixin.py:190} INFO - [2025-01-31T20:57:11.947+0000] {dag.py:4180} INFO - Setting next_dagrun for read_dataset_event to 2025-01-30 00:00:00+00:00, run_after=2025-01-31 00:00:00+00:00
[2025-01-31T20:57:11.953+0000] {logging_mixin.py:190} INFO - [2025-01-31T20:57:11.952+0000] {dag.py:4180} INFO - Setting next_dagrun for read_dataset_event_from_classic to 2025-01-30 00:00:00+00:00, run_after=2025-01-31 00:00:00+00:00
[2025-01-31T20:57:11.967+0000] {processor.py:208} INFO - Processing /home/airflow/.local/lib/python3.12/site-packages/airflow/example_dags/example_inlet_event_extra.py took 0.773 seconds
[2025-01-31T20:57:42.162+0000] {processor.py:186} INFO - Started process (PID=720) to work on /home/airflow/.local/lib/python3.12/site-packages/airflow/example_dags/example_inlet_event_extra.py
[2025-01-31T20:57:42.164+0000] {processor.py:914} INFO - Processing file /home/airflow/.local/lib/python3.12/site-packages/airflow/example_dags/example_inlet_event_extra.py for tasks to queue
[2025-01-31T20:57:42.166+0000] {logging_mixin.py:190} INFO - [2025-01-31T20:57:42.165+0000] {dagbag.py:588} INFO - Filling up the DagBag from /home/airflow/.local/lib/python3.12/site-packages/airflow/example_dags/example_inlet_event_extra.py
[2025-01-31T20:57:42.823+0000] {processor.py:925} INFO - DAG(s) 'read_dataset_event_from_classic', 'read_dataset_event' retrieved from /home/airflow/.local/lib/python3.12/site-packages/airflow/example_dags/example_inlet_event_extra.py
[2025-01-31T20:57:42.844+0000] {logging_mixin.py:190} INFO - [2025-01-31T20:57:42.844+0000] {dag.py:3239} INFO - Sync 2 DAGs
[2025-01-31T20:57:42.872+0000] {logging_mixin.py:190} INFO - [2025-01-31T20:57:42.872+0000] {dag.py:4180} INFO - Setting next_dagrun for read_dataset_event to 2025-01-30 00:00:00+00:00, run_after=2025-01-31 00:00:00+00:00
[2025-01-31T20:57:42.878+0000] {logging_mixin.py:190} INFO - [2025-01-31T20:57:42.877+0000] {dag.py:4180} INFO - Setting next_dagrun for read_dataset_event_from_classic to 2025-01-30 00:00:00+00:00, run_after=2025-01-31 00:00:00+00:00
[2025-01-31T20:57:42.891+0000] {processor.py:208} INFO - Processing /home/airflow/.local/lib/python3.12/site-packages/airflow/example_dags/example_inlet_event_extra.py took 0.735 seconds
[2025-01-31T20:58:13.312+0000] {processor.py:186} INFO - Started process (PID=784) to work on /home/airflow/.local/lib/python3.12/site-packages/airflow/example_dags/example_inlet_event_extra.py
[2025-01-31T20:58:13.316+0000] {processor.py:914} INFO - Processing file /home/airflow/.local/lib/python3.12/site-packages/airflow/example_dags/example_inlet_event_extra.py for tasks to queue
[2025-01-31T20:58:13.318+0000] {logging_mixin.py:190} INFO - [2025-01-31T20:58:13.318+0000] {dagbag.py:588} INFO - Filling up the DagBag from /home/airflow/.local/lib/python3.12/site-packages/airflow/example_dags/example_inlet_event_extra.py
[2025-01-31T20:58:15.386+0000] {processor.py:925} INFO - DAG(s) 'read_dataset_event', 'read_dataset_event_from_classic' retrieved from /home/airflow/.local/lib/python3.12/site-packages/airflow/example_dags/example_inlet_event_extra.py
[2025-01-31T20:58:15.411+0000] {logging_mixin.py:190} INFO - [2025-01-31T20:58:15.410+0000] {dag.py:3239} INFO - Sync 2 DAGs
[2025-01-31T20:58:15.440+0000] {logging_mixin.py:190} INFO - [2025-01-31T20:58:15.439+0000] {dag.py:4180} INFO - Setting next_dagrun for read_dataset_event to 2025-01-30 00:00:00+00:00, run_after=2025-01-31 00:00:00+00:00
[2025-01-31T20:58:15.445+0000] {logging_mixin.py:190} INFO - [2025-01-31T20:58:15.445+0000] {dag.py:4180} INFO - Setting next_dagrun for read_dataset_event_from_classic to 2025-01-30 00:00:00+00:00, run_after=2025-01-31 00:00:00+00:00
[2025-01-31T20:58:15.464+0000] {processor.py:208} INFO - Processing /home/airflow/.local/lib/python3.12/site-packages/airflow/example_dags/example_inlet_event_extra.py took 2.167 seconds
[2025-01-31T20:58:45.624+0000] {processor.py:186} INFO - Started process (PID=847) to work on /home/airflow/.local/lib/python3.12/site-packages/airflow/example_dags/example_inlet_event_extra.py
[2025-01-31T20:58:45.625+0000] {processor.py:914} INFO - Processing file /home/airflow/.local/lib/python3.12/site-packages/airflow/example_dags/example_inlet_event_extra.py for tasks to queue
[2025-01-31T20:58:45.627+0000] {logging_mixin.py:190} INFO - [2025-01-31T20:58:45.627+0000] {dagbag.py:588} INFO - Filling up the DagBag from /home/airflow/.local/lib/python3.12/site-packages/airflow/example_dags/example_inlet_event_extra.py
[2025-01-31T20:58:46.763+0000] {processor.py:925} INFO - DAG(s) 'read_dataset_event_from_classic', 'read_dataset_event' retrieved from /home/airflow/.local/lib/python3.12/site-packages/airflow/example_dags/example_inlet_event_extra.py
[2025-01-31T20:58:46.805+0000] {logging_mixin.py:190} INFO - [2025-01-31T20:58:46.804+0000] {dag.py:3239} INFO - Sync 2 DAGs
[2025-01-31T20:58:46.872+0000] {logging_mixin.py:190} INFO - [2025-01-31T20:58:46.872+0000] {dag.py:4180} INFO - Setting next_dagrun for read_dataset_event to 2025-01-30 00:00:00+00:00, run_after=2025-01-31 00:00:00+00:00
[2025-01-31T20:58:46.880+0000] {logging_mixin.py:190} INFO - [2025-01-31T20:58:46.879+0000] {dag.py:4180} INFO - Setting next_dagrun for read_dataset_event_from_classic to 2025-01-30 00:00:00+00:00, run_after=2025-01-31 00:00:00+00:00
[2025-01-31T20:58:46.917+0000] {processor.py:208} INFO - Processing /home/airflow/.local/lib/python3.12/site-packages/airflow/example_dags/example_inlet_event_extra.py took 1.300 seconds
[2025-01-31T20:59:17.100+0000] {processor.py:186} INFO - Started process (PID=916) to work on /home/airflow/.local/lib/python3.12/site-packages/airflow/example_dags/example_inlet_event_extra.py
[2025-01-31T20:59:17.101+0000] {processor.py:914} INFO - Processing file /home/airflow/.local/lib/python3.12/site-packages/airflow/example_dags/example_inlet_event_extra.py for tasks to queue
[2025-01-31T20:59:17.103+0000] {logging_mixin.py:190} INFO - [2025-01-31T20:59:17.103+0000] {dagbag.py:588} INFO - Filling up the DagBag from /home/airflow/.local/lib/python3.12/site-packages/airflow/example_dags/example_inlet_event_extra.py
[2025-01-31T20:59:17.605+0000] {processor.py:925} INFO - DAG(s) 'read_dataset_event', 'read_dataset_event_from_classic' retrieved from /home/airflow/.local/lib/python3.12/site-packages/airflow/example_dags/example_inlet_event_extra.py
[2025-01-31T20:59:17.628+0000] {logging_mixin.py:190} INFO - [2025-01-31T20:59:17.628+0000] {dag.py:3239} INFO - Sync 2 DAGs
[2025-01-31T20:59:17.661+0000] {logging_mixin.py:190} INFO - [2025-01-31T20:59:17.661+0000] {dag.py:4180} INFO - Setting next_dagrun for read_dataset_event to 2025-01-30 00:00:00+00:00, run_after=2025-01-31 00:00:00+00:00
[2025-01-31T20:59:17.665+0000] {logging_mixin.py:190} INFO - [2025-01-31T20:59:17.665+0000] {dag.py:4180} INFO - Setting next_dagrun for read_dataset_event_from_classic to 2025-01-30 00:00:00+00:00, run_after=2025-01-31 00:00:00+00:00
[2025-01-31T20:59:17.677+0000] {processor.py:208} INFO - Processing /home/airflow/.local/lib/python3.12/site-packages/airflow/example_dags/example_inlet_event_extra.py took 0.581 seconds
[2025-01-31T20:59:47.867+0000] {processor.py:186} INFO - Started process (PID=979) to work on /home/airflow/.local/lib/python3.12/site-packages/airflow/example_dags/example_inlet_event_extra.py
[2025-01-31T20:59:47.869+0000] {processor.py:914} INFO - Processing file /home/airflow/.local/lib/python3.12/site-packages/airflow/example_dags/example_inlet_event_extra.py for tasks to queue
[2025-01-31T20:59:47.872+0000] {logging_mixin.py:190} INFO - [2025-01-31T20:59:47.872+0000] {dagbag.py:588} INFO - Filling up the DagBag from /home/airflow/.local/lib/python3.12/site-packages/airflow/example_dags/example_inlet_event_extra.py
[2025-01-31T20:59:48.543+0000] {processor.py:925} INFO - DAG(s) 'read_dataset_event', 'read_dataset_event_from_classic' retrieved from /home/airflow/.local/lib/python3.12/site-packages/airflow/example_dags/example_inlet_event_extra.py
[2025-01-31T20:59:48.557+0000] {logging_mixin.py:190} INFO - [2025-01-31T20:59:48.557+0000] {dag.py:3239} INFO - Sync 2 DAGs
[2025-01-31T20:59:48.574+0000] {logging_mixin.py:190} INFO - [2025-01-31T20:59:48.574+0000] {dag.py:4180} INFO - Setting next_dagrun for read_dataset_event to 2025-01-30 00:00:00+00:00, run_after=2025-01-31 00:00:00+00:00
[2025-01-31T20:59:48.577+0000] {logging_mixin.py:190} INFO - [2025-01-31T20:59:48.577+0000] {dag.py:4180} INFO - Setting next_dagrun for read_dataset_event_from_classic to 2025-01-30 00:00:00+00:00, run_after=2025-01-31 00:00:00+00:00
[2025-01-31T20:59:48.589+0000] {processor.py:208} INFO - Processing /home/airflow/.local/lib/python3.12/site-packages/airflow/example_dags/example_inlet_event_extra.py took 0.727 seconds
[2025-01-31T21:00:19.319+0000] {processor.py:186} INFO - Started process (PID=1046) to work on /home/airflow/.local/lib/python3.12/site-packages/airflow/example_dags/example_inlet_event_extra.py
[2025-01-31T21:00:19.320+0000] {processor.py:914} INFO - Processing file /home/airflow/.local/lib/python3.12/site-packages/airflow/example_dags/example_inlet_event_extra.py for tasks to queue
[2025-01-31T21:00:19.322+0000] {logging_mixin.py:190} INFO - [2025-01-31T21:00:19.322+0000] {dagbag.py:588} INFO - Filling up the DagBag from /home/airflow/.local/lib/python3.12/site-packages/airflow/example_dags/example_inlet_event_extra.py
[2025-01-31T21:00:19.933+0000] {processor.py:925} INFO - DAG(s) 'read_dataset_event_from_classic', 'read_dataset_event' retrieved from /home/airflow/.local/lib/python3.12/site-packages/airflow/example_dags/example_inlet_event_extra.py
[2025-01-31T21:00:19.953+0000] {logging_mixin.py:190} INFO - [2025-01-31T21:00:19.953+0000] {dag.py:3239} INFO - Sync 2 DAGs
[2025-01-31T21:00:19.982+0000] {logging_mixin.py:190} INFO - [2025-01-31T21:00:19.981+0000] {dag.py:4180} INFO - Setting next_dagrun for read_dataset_event to 2025-01-30 00:00:00+00:00, run_after=2025-01-31 00:00:00+00:00
[2025-01-31T21:00:19.986+0000] {logging_mixin.py:190} INFO - [2025-01-31T21:00:19.986+0000] {dag.py:4180} INFO - Setting next_dagrun for read_dataset_event_from_classic to 2025-01-30 00:00:00+00:00, run_after=2025-01-31 00:00:00+00:00
[2025-01-31T21:00:19.997+0000] {processor.py:208} INFO - Processing /home/airflow/.local/lib/python3.12/site-packages/airflow/example_dags/example_inlet_event_extra.py took 0.683 seconds
[2025-01-31T21:00:50.601+0000] {processor.py:186} INFO - Started process (PID=1112) to work on /home/airflow/.local/lib/python3.12/site-packages/airflow/example_dags/example_inlet_event_extra.py
[2025-01-31T21:00:50.601+0000] {processor.py:914} INFO - Processing file /home/airflow/.local/lib/python3.12/site-packages/airflow/example_dags/example_inlet_event_extra.py for tasks to queue
[2025-01-31T21:00:50.603+0000] {logging_mixin.py:190} INFO - [2025-01-31T21:00:50.603+0000] {dagbag.py:588} INFO - Filling up the DagBag from /home/airflow/.local/lib/python3.12/site-packages/airflow/example_dags/example_inlet_event_extra.py
[2025-01-31T21:00:51.167+0000] {processor.py:925} INFO - DAG(s) 'read_dataset_event_from_classic', 'read_dataset_event' retrieved from /home/airflow/.local/lib/python3.12/site-packages/airflow/example_dags/example_inlet_event_extra.py
[2025-01-31T21:00:51.181+0000] {logging_mixin.py:190} INFO - [2025-01-31T21:00:51.181+0000] {dag.py:3239} INFO - Sync 2 DAGs
[2025-01-31T21:00:51.199+0000] {logging_mixin.py:190} INFO - [2025-01-31T21:00:51.199+0000] {dag.py:4180} INFO - Setting next_dagrun for read_dataset_event to 2025-01-30 00:00:00+00:00, run_after=2025-01-31 00:00:00+00:00
[2025-01-31T21:00:51.203+0000] {logging_mixin.py:190} INFO - [2025-01-31T21:00:51.203+0000] {dag.py:4180} INFO - Setting next_dagrun for read_dataset_event_from_classic to 2025-01-30 00:00:00+00:00, run_after=2025-01-31 00:00:00+00:00
[2025-01-31T21:00:51.214+0000] {processor.py:208} INFO - Processing /home/airflow/.local/lib/python3.12/site-packages/airflow/example_dags/example_inlet_event_extra.py took 0.618 seconds
[2025-01-31T21:01:22.117+0000] {processor.py:186} INFO - Started process (PID=1179) to work on /home/airflow/.local/lib/python3.12/site-packages/airflow/example_dags/example_inlet_event_extra.py
[2025-01-31T21:01:22.119+0000] {processor.py:914} INFO - Processing file /home/airflow/.local/lib/python3.12/site-packages/airflow/example_dags/example_inlet_event_extra.py for tasks to queue
[2025-01-31T21:01:22.121+0000] {logging_mixin.py:190} INFO - [2025-01-31T21:01:22.121+0000] {dagbag.py:588} INFO - Filling up the DagBag from /home/airflow/.local/lib/python3.12/site-packages/airflow/example_dags/example_inlet_event_extra.py
[2025-01-31T21:01:22.594+0000] {processor.py:925} INFO - DAG(s) 'read_dataset_event', 'read_dataset_event_from_classic' retrieved from /home/airflow/.local/lib/python3.12/site-packages/airflow/example_dags/example_inlet_event_extra.py
[2025-01-31T21:01:22.609+0000] {logging_mixin.py:190} INFO - [2025-01-31T21:01:22.609+0000] {dag.py:3239} INFO - Sync 2 DAGs
[2025-01-31T21:01:22.628+0000] {logging_mixin.py:190} INFO - [2025-01-31T21:01:22.628+0000] {dag.py:4180} INFO - Setting next_dagrun for read_dataset_event to 2025-01-30 00:00:00+00:00, run_after=2025-01-31 00:00:00+00:00
[2025-01-31T21:01:22.632+0000] {logging_mixin.py:190} INFO - [2025-01-31T21:01:22.632+0000] {dag.py:4180} INFO - Setting next_dagrun for read_dataset_event_from_classic to 2025-01-30 00:00:00+00:00, run_after=2025-01-31 00:00:00+00:00
[2025-01-31T21:01:22.643+0000] {processor.py:208} INFO - Processing /home/airflow/.local/lib/python3.12/site-packages/airflow/example_dags/example_inlet_event_extra.py took 0.531 seconds
[2025-01-31T21:01:53.412+0000] {processor.py:186} INFO - Started process (PID=1243) to work on /home/airflow/.local/lib/python3.12/site-packages/airflow/example_dags/example_inlet_event_extra.py
[2025-01-31T21:01:53.413+0000] {processor.py:914} INFO - Processing file /home/airflow/.local/lib/python3.12/site-packages/airflow/example_dags/example_inlet_event_extra.py for tasks to queue
[2025-01-31T21:01:53.416+0000] {logging_mixin.py:190} INFO - [2025-01-31T21:01:53.415+0000] {dagbag.py:588} INFO - Filling up the DagBag from /home/airflow/.local/lib/python3.12/site-packages/airflow/example_dags/example_inlet_event_extra.py
[2025-01-31T21:01:53.949+0000] {processor.py:925} INFO - DAG(s) 'read_dataset_event', 'read_dataset_event_from_classic' retrieved from /home/airflow/.local/lib/python3.12/site-packages/airflow/example_dags/example_inlet_event_extra.py
[2025-01-31T21:01:53.966+0000] {logging_mixin.py:190} INFO - [2025-01-31T21:01:53.965+0000] {dag.py:3239} INFO - Sync 2 DAGs
[2025-01-31T21:01:53.984+0000] {logging_mixin.py:190} INFO - [2025-01-31T21:01:53.984+0000] {dag.py:4180} INFO - Setting next_dagrun for read_dataset_event to 2025-01-30 00:00:00+00:00, run_after=2025-01-31 00:00:00+00:00
[2025-01-31T21:01:53.989+0000] {logging_mixin.py:190} INFO - [2025-01-31T21:01:53.988+0000] {dag.py:4180} INFO - Setting next_dagrun for read_dataset_event_from_classic to 2025-01-30 00:00:00+00:00, run_after=2025-01-31 00:00:00+00:00
[2025-01-31T21:01:54.000+0000] {processor.py:208} INFO - Processing /home/airflow/.local/lib/python3.12/site-packages/airflow/example_dags/example_inlet_event_extra.py took 0.593 seconds
[2025-01-31T21:02:24.864+0000] {processor.py:186} INFO - Started process (PID=1310) to work on /home/airflow/.local/lib/python3.12/site-packages/airflow/example_dags/example_inlet_event_extra.py
[2025-01-31T21:02:24.873+0000] {processor.py:914} INFO - Processing file /home/airflow/.local/lib/python3.12/site-packages/airflow/example_dags/example_inlet_event_extra.py for tasks to queue
[2025-01-31T21:02:24.875+0000] {logging_mixin.py:190} INFO - [2025-01-31T21:02:24.875+0000] {dagbag.py:588} INFO - Filling up the DagBag from /home/airflow/.local/lib/python3.12/site-packages/airflow/example_dags/example_inlet_event_extra.py
[2025-01-31T21:02:25.549+0000] {processor.py:925} INFO - DAG(s) 'read_dataset_event_from_classic', 'read_dataset_event' retrieved from /home/airflow/.local/lib/python3.12/site-packages/airflow/example_dags/example_inlet_event_extra.py
[2025-01-31T21:02:25.567+0000] {logging_mixin.py:190} INFO - [2025-01-31T21:02:25.567+0000] {dag.py:3239} INFO - Sync 2 DAGs
[2025-01-31T21:02:25.594+0000] {logging_mixin.py:190} INFO - [2025-01-31T21:02:25.594+0000] {dag.py:4180} INFO - Setting next_dagrun for read_dataset_event to 2025-01-30 00:00:00+00:00, run_after=2025-01-31 00:00:00+00:00
[2025-01-31T21:02:25.600+0000] {logging_mixin.py:190} INFO - [2025-01-31T21:02:25.599+0000] {dag.py:4180} INFO - Setting next_dagrun for read_dataset_event_from_classic to 2025-01-30 00:00:00+00:00, run_after=2025-01-31 00:00:00+00:00
[2025-01-31T21:02:25.622+0000] {processor.py:208} INFO - Processing /home/airflow/.local/lib/python3.12/site-packages/airflow/example_dags/example_inlet_event_extra.py took 0.767 seconds
[2025-01-31T21:02:56.481+0000] {processor.py:186} INFO - Started process (PID=1378) to work on /home/airflow/.local/lib/python3.12/site-packages/airflow/example_dags/example_inlet_event_extra.py
[2025-01-31T21:02:56.482+0000] {processor.py:914} INFO - Processing file /home/airflow/.local/lib/python3.12/site-packages/airflow/example_dags/example_inlet_event_extra.py for tasks to queue
[2025-01-31T21:02:56.485+0000] {logging_mixin.py:190} INFO - [2025-01-31T21:02:56.485+0000] {dagbag.py:588} INFO - Filling up the DagBag from /home/airflow/.local/lib/python3.12/site-packages/airflow/example_dags/example_inlet_event_extra.py
[2025-01-31T21:02:56.995+0000] {processor.py:925} INFO - DAG(s) 'read_dataset_event', 'read_dataset_event_from_classic' retrieved from /home/airflow/.local/lib/python3.12/site-packages/airflow/example_dags/example_inlet_event_extra.py
[2025-01-31T21:02:57.010+0000] {logging_mixin.py:190} INFO - [2025-01-31T21:02:57.010+0000] {dag.py:3239} INFO - Sync 2 DAGs
[2025-01-31T21:02:57.027+0000] {logging_mixin.py:190} INFO - [2025-01-31T21:02:57.027+0000] {dag.py:4180} INFO - Setting next_dagrun for read_dataset_event to 2025-01-30 00:00:00+00:00, run_after=2025-01-31 00:00:00+00:00
[2025-01-31T21:02:57.030+0000] {logging_mixin.py:190} INFO - [2025-01-31T21:02:57.030+0000] {dag.py:4180} INFO - Setting next_dagrun for read_dataset_event_from_classic to 2025-01-30 00:00:00+00:00, run_after=2025-01-31 00:00:00+00:00
[2025-01-31T21:02:57.041+0000] {processor.py:208} INFO - Processing /home/airflow/.local/lib/python3.12/site-packages/airflow/example_dags/example_inlet_event_extra.py took 0.566 seconds
[2025-01-31T21:03:27.775+0000] {processor.py:186} INFO - Started process (PID=1442) to work on /home/airflow/.local/lib/python3.12/site-packages/airflow/example_dags/example_inlet_event_extra.py
[2025-01-31T21:03:27.777+0000] {processor.py:914} INFO - Processing file /home/airflow/.local/lib/python3.12/site-packages/airflow/example_dags/example_inlet_event_extra.py for tasks to queue
[2025-01-31T21:03:27.789+0000] {logging_mixin.py:190} INFO - [2025-01-31T21:03:27.786+0000] {dagbag.py:588} INFO - Filling up the DagBag from /home/airflow/.local/lib/python3.12/site-packages/airflow/example_dags/example_inlet_event_extra.py
[2025-01-31T21:03:28.705+0000] {processor.py:925} INFO - DAG(s) 'read_dataset_event', 'read_dataset_event_from_classic' retrieved from /home/airflow/.local/lib/python3.12/site-packages/airflow/example_dags/example_inlet_event_extra.py
[2025-01-31T21:03:28.720+0000] {logging_mixin.py:190} INFO - [2025-01-31T21:03:28.720+0000] {dag.py:3239} INFO - Sync 2 DAGs
[2025-01-31T21:03:28.750+0000] {logging_mixin.py:190} INFO - [2025-01-31T21:03:28.750+0000] {dag.py:4180} INFO - Setting next_dagrun for read_dataset_event to 2025-01-30 00:00:00+00:00, run_after=2025-01-31 00:00:00+00:00
[2025-01-31T21:03:28.753+0000] {logging_mixin.py:190} INFO - [2025-01-31T21:03:28.753+0000] {dag.py:4180} INFO - Setting next_dagrun for read_dataset_event_from_classic to 2025-01-30 00:00:00+00:00, run_after=2025-01-31 00:00:00+00:00
[2025-01-31T21:03:28.764+0000] {processor.py:208} INFO - Processing /home/airflow/.local/lib/python3.12/site-packages/airflow/example_dags/example_inlet_event_extra.py took 0.995 seconds
[2025-01-31T21:03:59.158+0000] {processor.py:186} INFO - Started process (PID=1511) to work on /home/airflow/.local/lib/python3.12/site-packages/airflow/example_dags/example_inlet_event_extra.py
[2025-01-31T21:03:59.161+0000] {processor.py:914} INFO - Processing file /home/airflow/.local/lib/python3.12/site-packages/airflow/example_dags/example_inlet_event_extra.py for tasks to queue
[2025-01-31T21:03:59.163+0000] {logging_mixin.py:190} INFO - [2025-01-31T21:03:59.163+0000] {dagbag.py:588} INFO - Filling up the DagBag from /home/airflow/.local/lib/python3.12/site-packages/airflow/example_dags/example_inlet_event_extra.py
[2025-01-31T21:03:59.995+0000] {processor.py:925} INFO - DAG(s) 'read_dataset_event_from_classic', 'read_dataset_event' retrieved from /home/airflow/.local/lib/python3.12/site-packages/airflow/example_dags/example_inlet_event_extra.py
[2025-01-31T21:04:00.028+0000] {logging_mixin.py:190} INFO - [2025-01-31T21:04:00.028+0000] {dag.py:3239} INFO - Sync 2 DAGs
[2025-01-31T21:04:00.061+0000] {logging_mixin.py:190} INFO - [2025-01-31T21:04:00.061+0000] {dag.py:4180} INFO - Setting next_dagrun for read_dataset_event to 2025-01-30 00:00:00+00:00, run_after=2025-01-31 00:00:00+00:00
[2025-01-31T21:04:00.075+0000] {logging_mixin.py:190} INFO - [2025-01-31T21:04:00.075+0000] {dag.py:4180} INFO - Setting next_dagrun for read_dataset_event_from_classic to 2025-01-30 00:00:00+00:00, run_after=2025-01-31 00:00:00+00:00
[2025-01-31T21:04:00.123+0000] {processor.py:208} INFO - Processing /home/airflow/.local/lib/python3.12/site-packages/airflow/example_dags/example_inlet_event_extra.py took 0.972 seconds
[2025-01-31T21:04:30.883+0000] {processor.py:186} INFO - Started process (PID=1576) to work on /home/airflow/.local/lib/python3.12/site-packages/airflow/example_dags/example_inlet_event_extra.py
[2025-01-31T21:04:30.884+0000] {processor.py:914} INFO - Processing file /home/airflow/.local/lib/python3.12/site-packages/airflow/example_dags/example_inlet_event_extra.py for tasks to queue
[2025-01-31T21:04:30.886+0000] {logging_mixin.py:190} INFO - [2025-01-31T21:04:30.886+0000] {dagbag.py:588} INFO - Filling up the DagBag from /home/airflow/.local/lib/python3.12/site-packages/airflow/example_dags/example_inlet_event_extra.py
[2025-01-31T21:04:31.425+0000] {processor.py:925} INFO - DAG(s) 'read_dataset_event', 'read_dataset_event_from_classic' retrieved from /home/airflow/.local/lib/python3.12/site-packages/airflow/example_dags/example_inlet_event_extra.py
[2025-01-31T21:04:31.440+0000] {logging_mixin.py:190} INFO - [2025-01-31T21:04:31.440+0000] {dag.py:3239} INFO - Sync 2 DAGs
[2025-01-31T21:04:31.457+0000] {logging_mixin.py:190} INFO - [2025-01-31T21:04:31.457+0000] {dag.py:4180} INFO - Setting next_dagrun for read_dataset_event to 2025-01-30 00:00:00+00:00, run_after=2025-01-31 00:00:00+00:00
[2025-01-31T21:04:31.461+0000] {logging_mixin.py:190} INFO - [2025-01-31T21:04:31.461+0000] {dag.py:4180} INFO - Setting next_dagrun for read_dataset_event_from_classic to 2025-01-30 00:00:00+00:00, run_after=2025-01-31 00:00:00+00:00
[2025-01-31T21:04:31.471+0000] {processor.py:208} INFO - Processing /home/airflow/.local/lib/python3.12/site-packages/airflow/example_dags/example_inlet_event_extra.py took 0.594 seconds
[2025-01-31T21:05:01.689+0000] {processor.py:186} INFO - Started process (PID=1640) to work on /home/airflow/.local/lib/python3.12/site-packages/airflow/example_dags/example_inlet_event_extra.py
[2025-01-31T21:05:01.689+0000] {processor.py:914} INFO - Processing file /home/airflow/.local/lib/python3.12/site-packages/airflow/example_dags/example_inlet_event_extra.py for tasks to queue
[2025-01-31T21:05:01.691+0000] {logging_mixin.py:190} INFO - [2025-01-31T21:05:01.691+0000] {dagbag.py:588} INFO - Filling up the DagBag from /home/airflow/.local/lib/python3.12/site-packages/airflow/example_dags/example_inlet_event_extra.py
[2025-01-31T21:05:02.141+0000] {processor.py:925} INFO - DAG(s) 'read_dataset_event_from_classic', 'read_dataset_event' retrieved from /home/airflow/.local/lib/python3.12/site-packages/airflow/example_dags/example_inlet_event_extra.py
[2025-01-31T21:05:02.157+0000] {logging_mixin.py:190} INFO - [2025-01-31T21:05:02.157+0000] {dag.py:3239} INFO - Sync 2 DAGs
[2025-01-31T21:05:02.175+0000] {logging_mixin.py:190} INFO - [2025-01-31T21:05:02.174+0000] {dag.py:4180} INFO - Setting next_dagrun for read_dataset_event to 2025-01-30 00:00:00+00:00, run_after=2025-01-31 00:00:00+00:00
[2025-01-31T21:05:02.178+0000] {logging_mixin.py:190} INFO - [2025-01-31T21:05:02.178+0000] {dag.py:4180} INFO - Setting next_dagrun for read_dataset_event_from_classic to 2025-01-30 00:00:00+00:00, run_after=2025-01-31 00:00:00+00:00
[2025-01-31T21:05:02.190+0000] {processor.py:208} INFO - Processing /home/airflow/.local/lib/python3.12/site-packages/airflow/example_dags/example_inlet_event_extra.py took 0.505 seconds
[2025-01-31T21:05:32.429+0000] {processor.py:186} INFO - Started process (PID=1704) to work on /home/airflow/.local/lib/python3.12/site-packages/airflow/example_dags/example_inlet_event_extra.py
[2025-01-31T21:05:32.433+0000] {processor.py:914} INFO - Processing file /home/airflow/.local/lib/python3.12/site-packages/airflow/example_dags/example_inlet_event_extra.py for tasks to queue
[2025-01-31T21:05:32.435+0000] {logging_mixin.py:190} INFO - [2025-01-31T21:05:32.435+0000] {dagbag.py:588} INFO - Filling up the DagBag from /home/airflow/.local/lib/python3.12/site-packages/airflow/example_dags/example_inlet_event_extra.py
[2025-01-31T21:05:33.192+0000] {processor.py:925} INFO - DAG(s) 'read_dataset_event_from_classic', 'read_dataset_event' retrieved from /home/airflow/.local/lib/python3.12/site-packages/airflow/example_dags/example_inlet_event_extra.py
[2025-01-31T21:05:33.213+0000] {logging_mixin.py:190} INFO - [2025-01-31T21:05:33.213+0000] {dag.py:3239} INFO - Sync 2 DAGs
[2025-01-31T21:05:33.242+0000] {logging_mixin.py:190} INFO - [2025-01-31T21:05:33.241+0000] {dag.py:4180} INFO - Setting next_dagrun for read_dataset_event to 2025-01-30 00:00:00+00:00, run_after=2025-01-31 00:00:00+00:00
[2025-01-31T21:05:33.247+0000] {logging_mixin.py:190} INFO - [2025-01-31T21:05:33.247+0000] {dag.py:4180} INFO - Setting next_dagrun for read_dataset_event_from_classic to 2025-01-30 00:00:00+00:00, run_after=2025-01-31 00:00:00+00:00
[2025-01-31T21:05:33.262+0000] {processor.py:208} INFO - Processing /home/airflow/.local/lib/python3.12/site-packages/airflow/example_dags/example_inlet_event_extra.py took 0.846 seconds
[2025-01-31T21:06:04.012+0000] {processor.py:186} INFO - Started process (PID=1770) to work on /home/airflow/.local/lib/python3.12/site-packages/airflow/example_dags/example_inlet_event_extra.py
[2025-01-31T21:06:04.012+0000] {processor.py:914} INFO - Processing file /home/airflow/.local/lib/python3.12/site-packages/airflow/example_dags/example_inlet_event_extra.py for tasks to queue
[2025-01-31T21:06:04.014+0000] {logging_mixin.py:190} INFO - [2025-01-31T21:06:04.014+0000] {dagbag.py:588} INFO - Filling up the DagBag from /home/airflow/.local/lib/python3.12/site-packages/airflow/example_dags/example_inlet_event_extra.py
[2025-01-31T21:06:04.450+0000] {processor.py:925} INFO - DAG(s) 'read_dataset_event_from_classic', 'read_dataset_event' retrieved from /home/airflow/.local/lib/python3.12/site-packages/airflow/example_dags/example_inlet_event_extra.py
[2025-01-31T21:06:04.470+0000] {logging_mixin.py:190} INFO - [2025-01-31T21:06:04.470+0000] {dag.py:3239} INFO - Sync 2 DAGs
[2025-01-31T21:06:04.489+0000] {logging_mixin.py:190} INFO - [2025-01-31T21:06:04.488+0000] {dag.py:4180} INFO - Setting next_dagrun for read_dataset_event to 2025-01-30 00:00:00+00:00, run_after=2025-01-31 00:00:00+00:00
[2025-01-31T21:06:04.492+0000] {logging_mixin.py:190} INFO - [2025-01-31T21:06:04.492+0000] {dag.py:4180} INFO - Setting next_dagrun for read_dataset_event_from_classic to 2025-01-30 00:00:00+00:00, run_after=2025-01-31 00:00:00+00:00
[2025-01-31T21:06:04.503+0000] {processor.py:208} INFO - Processing /home/airflow/.local/lib/python3.12/site-packages/airflow/example_dags/example_inlet_event_extra.py took 0.495 seconds
[2025-01-31T21:06:34.812+0000] {processor.py:186} INFO - Started process (PID=1833) to work on /home/airflow/.local/lib/python3.12/site-packages/airflow/example_dags/example_inlet_event_extra.py
[2025-01-31T21:06:34.814+0000] {processor.py:914} INFO - Processing file /home/airflow/.local/lib/python3.12/site-packages/airflow/example_dags/example_inlet_event_extra.py for tasks to queue
[2025-01-31T21:06:34.822+0000] {logging_mixin.py:190} INFO - [2025-01-31T21:06:34.821+0000] {dagbag.py:588} INFO - Filling up the DagBag from /home/airflow/.local/lib/python3.12/site-packages/airflow/example_dags/example_inlet_event_extra.py
[2025-01-31T21:06:35.507+0000] {processor.py:925} INFO - DAG(s) 'read_dataset_event_from_classic', 'read_dataset_event' retrieved from /home/airflow/.local/lib/python3.12/site-packages/airflow/example_dags/example_inlet_event_extra.py
[2025-01-31T21:06:35.530+0000] {logging_mixin.py:190} INFO - [2025-01-31T21:06:35.530+0000] {dag.py:3239} INFO - Sync 2 DAGs
[2025-01-31T21:06:35.562+0000] {logging_mixin.py:190} INFO - [2025-01-31T21:06:35.562+0000] {dag.py:4180} INFO - Setting next_dagrun for read_dataset_event to 2025-01-30 00:00:00+00:00, run_after=2025-01-31 00:00:00+00:00
[2025-01-31T21:06:35.568+0000] {logging_mixin.py:190} INFO - [2025-01-31T21:06:35.568+0000] {dag.py:4180} INFO - Setting next_dagrun for read_dataset_event_from_classic to 2025-01-30 00:00:00+00:00, run_after=2025-01-31 00:00:00+00:00
[2025-01-31T21:06:35.587+0000] {processor.py:208} INFO - Processing /home/airflow/.local/lib/python3.12/site-packages/airflow/example_dags/example_inlet_event_extra.py took 0.782 seconds
[2025-01-31T21:07:05.882+0000] {processor.py:186} INFO - Started process (PID=1896) to work on /home/airflow/.local/lib/python3.12/site-packages/airflow/example_dags/example_inlet_event_extra.py
[2025-01-31T21:07:05.883+0000] {processor.py:914} INFO - Processing file /home/airflow/.local/lib/python3.12/site-packages/airflow/example_dags/example_inlet_event_extra.py for tasks to queue
[2025-01-31T21:07:05.884+0000] {logging_mixin.py:190} INFO - [2025-01-31T21:07:05.884+0000] {dagbag.py:588} INFO - Filling up the DagBag from /home/airflow/.local/lib/python3.12/site-packages/airflow/example_dags/example_inlet_event_extra.py
[2025-01-31T21:07:06.419+0000] {processor.py:925} INFO - DAG(s) 'read_dataset_event_from_classic', 'read_dataset_event' retrieved from /home/airflow/.local/lib/python3.12/site-packages/airflow/example_dags/example_inlet_event_extra.py
[2025-01-31T21:07:06.440+0000] {logging_mixin.py:190} INFO - [2025-01-31T21:07:06.440+0000] {dag.py:3239} INFO - Sync 2 DAGs
[2025-01-31T21:07:06.469+0000] {logging_mixin.py:190} INFO - [2025-01-31T21:07:06.469+0000] {dag.py:4180} INFO - Setting next_dagrun for read_dataset_event to 2025-01-30 00:00:00+00:00, run_after=2025-01-31 00:00:00+00:00
[2025-01-31T21:07:06.475+0000] {logging_mixin.py:190} INFO - [2025-01-31T21:07:06.475+0000] {dag.py:4180} INFO - Setting next_dagrun for read_dataset_event_from_classic to 2025-01-30 00:00:00+00:00, run_after=2025-01-31 00:00:00+00:00
[2025-01-31T21:07:06.490+0000] {processor.py:208} INFO - Processing /home/airflow/.local/lib/python3.12/site-packages/airflow/example_dags/example_inlet_event_extra.py took 0.612 seconds
[2025-01-31T21:07:37.192+0000] {processor.py:186} INFO - Started process (PID=1959) to work on /home/airflow/.local/lib/python3.12/site-packages/airflow/example_dags/example_inlet_event_extra.py
[2025-01-31T21:07:37.193+0000] {processor.py:914} INFO - Processing file /home/airflow/.local/lib/python3.12/site-packages/airflow/example_dags/example_inlet_event_extra.py for tasks to queue
[2025-01-31T21:07:37.195+0000] {logging_mixin.py:190} INFO - [2025-01-31T21:07:37.195+0000] {dagbag.py:588} INFO - Filling up the DagBag from /home/airflow/.local/lib/python3.12/site-packages/airflow/example_dags/example_inlet_event_extra.py
[2025-01-31T21:07:37.838+0000] {processor.py:925} INFO - DAG(s) 'read_dataset_event_from_classic', 'read_dataset_event' retrieved from /home/airflow/.local/lib/python3.12/site-packages/airflow/example_dags/example_inlet_event_extra.py
[2025-01-31T21:07:37.858+0000] {logging_mixin.py:190} INFO - [2025-01-31T21:07:37.858+0000] {dag.py:3239} INFO - Sync 2 DAGs
[2025-01-31T21:07:37.896+0000] {logging_mixin.py:190} INFO - [2025-01-31T21:07:37.895+0000] {dag.py:4180} INFO - Setting next_dagrun for read_dataset_event to 2025-01-30 00:00:00+00:00, run_after=2025-01-31 00:00:00+00:00
[2025-01-31T21:07:37.901+0000] {logging_mixin.py:190} INFO - [2025-01-31T21:07:37.901+0000] {dag.py:4180} INFO - Setting next_dagrun for read_dataset_event_from_classic to 2025-01-30 00:00:00+00:00, run_after=2025-01-31 00:00:00+00:00
[2025-01-31T21:07:37.954+0000] {processor.py:208} INFO - Processing /home/airflow/.local/lib/python3.12/site-packages/airflow/example_dags/example_inlet_event_extra.py took 0.768 seconds
[2025-01-31T21:08:08.292+0000] {processor.py:186} INFO - Started process (PID=2022) to work on /home/airflow/.local/lib/python3.12/site-packages/airflow/example_dags/example_inlet_event_extra.py
[2025-01-31T21:08:08.293+0000] {processor.py:914} INFO - Processing file /home/airflow/.local/lib/python3.12/site-packages/airflow/example_dags/example_inlet_event_extra.py for tasks to queue
[2025-01-31T21:08:08.295+0000] {logging_mixin.py:190} INFO - [2025-01-31T21:08:08.295+0000] {dagbag.py:588} INFO - Filling up the DagBag from /home/airflow/.local/lib/python3.12/site-packages/airflow/example_dags/example_inlet_event_extra.py
[2025-01-31T21:08:08.984+0000] {processor.py:925} INFO - DAG(s) 'read_dataset_event', 'read_dataset_event_from_classic' retrieved from /home/airflow/.local/lib/python3.12/site-packages/airflow/example_dags/example_inlet_event_extra.py
[2025-01-31T21:08:09.009+0000] {logging_mixin.py:190} INFO - [2025-01-31T21:08:09.009+0000] {dag.py:3239} INFO - Sync 2 DAGs
[2025-01-31T21:08:09.036+0000] {logging_mixin.py:190} INFO - [2025-01-31T21:08:09.035+0000] {dag.py:4180} INFO - Setting next_dagrun for read_dataset_event to 2025-01-30 00:00:00+00:00, run_after=2025-01-31 00:00:00+00:00
[2025-01-31T21:08:09.041+0000] {logging_mixin.py:190} INFO - [2025-01-31T21:08:09.041+0000] {dag.py:4180} INFO - Setting next_dagrun for read_dataset_event_from_classic to 2025-01-30 00:00:00+00:00, run_after=2025-01-31 00:00:00+00:00
[2025-01-31T21:08:09.068+0000] {processor.py:208} INFO - Processing /home/airflow/.local/lib/python3.12/site-packages/airflow/example_dags/example_inlet_event_extra.py took 0.782 seconds
[2025-01-31T21:08:39.145+0000] {processor.py:186} INFO - Started process (PID=2091) to work on /home/airflow/.local/lib/python3.12/site-packages/airflow/example_dags/example_inlet_event_extra.py
[2025-01-31T21:08:39.145+0000] {processor.py:914} INFO - Processing file /home/airflow/.local/lib/python3.12/site-packages/airflow/example_dags/example_inlet_event_extra.py for tasks to queue
[2025-01-31T21:08:39.147+0000] {logging_mixin.py:190} INFO - [2025-01-31T21:08:39.147+0000] {dagbag.py:588} INFO - Filling up the DagBag from /home/airflow/.local/lib/python3.12/site-packages/airflow/example_dags/example_inlet_event_extra.py
[2025-01-31T21:08:39.645+0000] {processor.py:925} INFO - DAG(s) 'read_dataset_event', 'read_dataset_event_from_classic' retrieved from /home/airflow/.local/lib/python3.12/site-packages/airflow/example_dags/example_inlet_event_extra.py
[2025-01-31T21:08:39.664+0000] {logging_mixin.py:190} INFO - [2025-01-31T21:08:39.664+0000] {dag.py:3239} INFO - Sync 2 DAGs
[2025-01-31T21:08:39.691+0000] {logging_mixin.py:190} INFO - [2025-01-31T21:08:39.691+0000] {dag.py:4180} INFO - Setting next_dagrun for read_dataset_event to 2025-01-30 00:00:00+00:00, run_after=2025-01-31 00:00:00+00:00
[2025-01-31T21:08:39.695+0000] {logging_mixin.py:190} INFO - [2025-01-31T21:08:39.694+0000] {dag.py:4180} INFO - Setting next_dagrun for read_dataset_event_from_classic to 2025-01-30 00:00:00+00:00, run_after=2025-01-31 00:00:00+00:00
[2025-01-31T21:08:39.705+0000] {processor.py:208} INFO - Processing /home/airflow/.local/lib/python3.12/site-packages/airflow/example_dags/example_inlet_event_extra.py took 0.564 seconds
[2025-01-31T21:09:10.544+0000] {processor.py:186} INFO - Started process (PID=2156) to work on /home/airflow/.local/lib/python3.12/site-packages/airflow/example_dags/example_inlet_event_extra.py
[2025-01-31T21:09:10.545+0000] {processor.py:914} INFO - Processing file /home/airflow/.local/lib/python3.12/site-packages/airflow/example_dags/example_inlet_event_extra.py for tasks to queue
[2025-01-31T21:09:10.548+0000] {logging_mixin.py:190} INFO - [2025-01-31T21:09:10.547+0000] {dagbag.py:588} INFO - Filling up the DagBag from /home/airflow/.local/lib/python3.12/site-packages/airflow/example_dags/example_inlet_event_extra.py
[2025-01-31T21:09:11.188+0000] {processor.py:925} INFO - DAG(s) 'read_dataset_event_from_classic', 'read_dataset_event' retrieved from /home/airflow/.local/lib/python3.12/site-packages/airflow/example_dags/example_inlet_event_extra.py
[2025-01-31T21:09:11.202+0000] {logging_mixin.py:190} INFO - [2025-01-31T21:09:11.202+0000] {dag.py:3239} INFO - Sync 2 DAGs
[2025-01-31T21:09:11.219+0000] {logging_mixin.py:190} INFO - [2025-01-31T21:09:11.219+0000] {dag.py:4180} INFO - Setting next_dagrun for read_dataset_event to 2025-01-30 00:00:00+00:00, run_after=2025-01-31 00:00:00+00:00
[2025-01-31T21:09:11.223+0000] {logging_mixin.py:190} INFO - [2025-01-31T21:09:11.223+0000] {dag.py:4180} INFO - Setting next_dagrun for read_dataset_event_from_classic to 2025-01-30 00:00:00+00:00, run_after=2025-01-31 00:00:00+00:00
[2025-01-31T21:09:11.234+0000] {processor.py:208} INFO - Processing /home/airflow/.local/lib/python3.12/site-packages/airflow/example_dags/example_inlet_event_extra.py took 0.695 seconds
[2025-01-31T21:09:41.533+0000] {processor.py:186} INFO - Started process (PID=2226) to work on /home/airflow/.local/lib/python3.12/site-packages/airflow/example_dags/example_inlet_event_extra.py
[2025-01-31T21:09:41.534+0000] {processor.py:914} INFO - Processing file /home/airflow/.local/lib/python3.12/site-packages/airflow/example_dags/example_inlet_event_extra.py for tasks to queue
[2025-01-31T21:09:41.536+0000] {logging_mixin.py:190} INFO - [2025-01-31T21:09:41.535+0000] {dagbag.py:588} INFO - Filling up the DagBag from /home/airflow/.local/lib/python3.12/site-packages/airflow/example_dags/example_inlet_event_extra.py
[2025-01-31T21:09:41.982+0000] {processor.py:925} INFO - DAG(s) 'read_dataset_event', 'read_dataset_event_from_classic' retrieved from /home/airflow/.local/lib/python3.12/site-packages/airflow/example_dags/example_inlet_event_extra.py
[2025-01-31T21:09:42.006+0000] {logging_mixin.py:190} INFO - [2025-01-31T21:09:42.005+0000] {dag.py:3239} INFO - Sync 2 DAGs
[2025-01-31T21:09:42.028+0000] {logging_mixin.py:190} INFO - [2025-01-31T21:09:42.028+0000] {dag.py:4180} INFO - Setting next_dagrun for read_dataset_event to 2025-01-30 00:00:00+00:00, run_after=2025-01-31 00:00:00+00:00
[2025-01-31T21:09:42.032+0000] {logging_mixin.py:190} INFO - [2025-01-31T21:09:42.032+0000] {dag.py:4180} INFO - Setting next_dagrun for read_dataset_event_from_classic to 2025-01-30 00:00:00+00:00, run_after=2025-01-31 00:00:00+00:00
[2025-01-31T21:09:42.044+0000] {processor.py:208} INFO - Processing /home/airflow/.local/lib/python3.12/site-packages/airflow/example_dags/example_inlet_event_extra.py took 0.515 seconds
[2025-01-31T21:10:12.913+0000] {processor.py:186} INFO - Started process (PID=2290) to work on /home/airflow/.local/lib/python3.12/site-packages/airflow/example_dags/example_inlet_event_extra.py
[2025-01-31T21:10:12.914+0000] {processor.py:914} INFO - Processing file /home/airflow/.local/lib/python3.12/site-packages/airflow/example_dags/example_inlet_event_extra.py for tasks to queue
[2025-01-31T21:10:12.916+0000] {logging_mixin.py:190} INFO - [2025-01-31T21:10:12.915+0000] {dagbag.py:588} INFO - Filling up the DagBag from /home/airflow/.local/lib/python3.12/site-packages/airflow/example_dags/example_inlet_event_extra.py
[2025-01-31T21:10:13.376+0000] {processor.py:925} INFO - DAG(s) 'read_dataset_event', 'read_dataset_event_from_classic' retrieved from /home/airflow/.local/lib/python3.12/site-packages/airflow/example_dags/example_inlet_event_extra.py
[2025-01-31T21:10:13.391+0000] {logging_mixin.py:190} INFO - [2025-01-31T21:10:13.390+0000] {dag.py:3239} INFO - Sync 2 DAGs
[2025-01-31T21:10:13.407+0000] {logging_mixin.py:190} INFO - [2025-01-31T21:10:13.407+0000] {dag.py:4180} INFO - Setting next_dagrun for read_dataset_event to 2025-01-30 00:00:00+00:00, run_after=2025-01-31 00:00:00+00:00
[2025-01-31T21:10:13.411+0000] {logging_mixin.py:190} INFO - [2025-01-31T21:10:13.411+0000] {dag.py:4180} INFO - Setting next_dagrun for read_dataset_event_from_classic to 2025-01-30 00:00:00+00:00, run_after=2025-01-31 00:00:00+00:00
[2025-01-31T21:10:13.423+0000] {processor.py:208} INFO - Processing /home/airflow/.local/lib/python3.12/site-packages/airflow/example_dags/example_inlet_event_extra.py took 0.515 seconds
[2025-01-31T21:10:43.630+0000] {processor.py:186} INFO - Started process (PID=2353) to work on /home/airflow/.local/lib/python3.12/site-packages/airflow/example_dags/example_inlet_event_extra.py
[2025-01-31T21:10:43.631+0000] {processor.py:914} INFO - Processing file /home/airflow/.local/lib/python3.12/site-packages/airflow/example_dags/example_inlet_event_extra.py for tasks to queue
[2025-01-31T21:10:43.632+0000] {logging_mixin.py:190} INFO - [2025-01-31T21:10:43.632+0000] {dagbag.py:588} INFO - Filling up the DagBag from /home/airflow/.local/lib/python3.12/site-packages/airflow/example_dags/example_inlet_event_extra.py
[2025-01-31T21:10:44.064+0000] {processor.py:925} INFO - DAG(s) 'read_dataset_event_from_classic', 'read_dataset_event' retrieved from /home/airflow/.local/lib/python3.12/site-packages/airflow/example_dags/example_inlet_event_extra.py
[2025-01-31T21:10:44.078+0000] {logging_mixin.py:190} INFO - [2025-01-31T21:10:44.078+0000] {dag.py:3239} INFO - Sync 2 DAGs
[2025-01-31T21:10:44.095+0000] {logging_mixin.py:190} INFO - [2025-01-31T21:10:44.094+0000] {dag.py:4180} INFO - Setting next_dagrun for read_dataset_event to 2025-01-30 00:00:00+00:00, run_after=2025-01-31 00:00:00+00:00
[2025-01-31T21:10:44.098+0000] {logging_mixin.py:190} INFO - [2025-01-31T21:10:44.098+0000] {dag.py:4180} INFO - Setting next_dagrun for read_dataset_event_from_classic to 2025-01-30 00:00:00+00:00, run_after=2025-01-31 00:00:00+00:00
[2025-01-31T21:10:44.110+0000] {processor.py:208} INFO - Processing /home/airflow/.local/lib/python3.12/site-packages/airflow/example_dags/example_inlet_event_extra.py took 0.484 seconds
[2025-01-31T21:11:14.765+0000] {processor.py:186} INFO - Started process (PID=2416) to work on /home/airflow/.local/lib/python3.12/site-packages/airflow/example_dags/example_inlet_event_extra.py
[2025-01-31T21:11:14.766+0000] {processor.py:914} INFO - Processing file /home/airflow/.local/lib/python3.12/site-packages/airflow/example_dags/example_inlet_event_extra.py for tasks to queue
[2025-01-31T21:11:14.767+0000] {logging_mixin.py:190} INFO - [2025-01-31T21:11:14.767+0000] {dagbag.py:588} INFO - Filling up the DagBag from /home/airflow/.local/lib/python3.12/site-packages/airflow/example_dags/example_inlet_event_extra.py
[2025-01-31T21:11:15.207+0000] {processor.py:925} INFO - DAG(s) 'read_dataset_event', 'read_dataset_event_from_classic' retrieved from /home/airflow/.local/lib/python3.12/site-packages/airflow/example_dags/example_inlet_event_extra.py
[2025-01-31T21:11:15.222+0000] {logging_mixin.py:190} INFO - [2025-01-31T21:11:15.221+0000] {dag.py:3239} INFO - Sync 2 DAGs
[2025-01-31T21:11:15.239+0000] {logging_mixin.py:190} INFO - [2025-01-31T21:11:15.239+0000] {dag.py:4180} INFO - Setting next_dagrun for read_dataset_event to 2025-01-30 00:00:00+00:00, run_after=2025-01-31 00:00:00+00:00
[2025-01-31T21:11:15.243+0000] {logging_mixin.py:190} INFO - [2025-01-31T21:11:15.243+0000] {dag.py:4180} INFO - Setting next_dagrun for read_dataset_event_from_classic to 2025-01-30 00:00:00+00:00, run_after=2025-01-31 00:00:00+00:00
[2025-01-31T21:11:15.255+0000] {processor.py:208} INFO - Processing /home/airflow/.local/lib/python3.12/site-packages/airflow/example_dags/example_inlet_event_extra.py took 0.494 seconds
[2025-01-31T21:11:45.418+0000] {processor.py:186} INFO - Started process (PID=2479) to work on /home/airflow/.local/lib/python3.12/site-packages/airflow/example_dags/example_inlet_event_extra.py
[2025-01-31T21:11:45.419+0000] {processor.py:914} INFO - Processing file /home/airflow/.local/lib/python3.12/site-packages/airflow/example_dags/example_inlet_event_extra.py for tasks to queue
[2025-01-31T21:11:45.421+0000] {logging_mixin.py:190} INFO - [2025-01-31T21:11:45.421+0000] {dagbag.py:588} INFO - Filling up the DagBag from /home/airflow/.local/lib/python3.12/site-packages/airflow/example_dags/example_inlet_event_extra.py
[2025-01-31T21:11:45.853+0000] {processor.py:925} INFO - DAG(s) 'read_dataset_event', 'read_dataset_event_from_classic' retrieved from /home/airflow/.local/lib/python3.12/site-packages/airflow/example_dags/example_inlet_event_extra.py
[2025-01-31T21:11:45.867+0000] {logging_mixin.py:190} INFO - [2025-01-31T21:11:45.867+0000] {dag.py:3239} INFO - Sync 2 DAGs
[2025-01-31T21:11:45.885+0000] {logging_mixin.py:190} INFO - [2025-01-31T21:11:45.884+0000] {dag.py:4180} INFO - Setting next_dagrun for read_dataset_event to 2025-01-30 00:00:00+00:00, run_after=2025-01-31 00:00:00+00:00
[2025-01-31T21:11:45.888+0000] {logging_mixin.py:190} INFO - [2025-01-31T21:11:45.888+0000] {dag.py:4180} INFO - Setting next_dagrun for read_dataset_event_from_classic to 2025-01-30 00:00:00+00:00, run_after=2025-01-31 00:00:00+00:00
[2025-01-31T21:11:45.900+0000] {processor.py:208} INFO - Processing /home/airflow/.local/lib/python3.12/site-packages/airflow/example_dags/example_inlet_event_extra.py took 0.486 seconds
[2025-01-31T21:12:16.095+0000] {processor.py:186} INFO - Started process (PID=2542) to work on /home/airflow/.local/lib/python3.12/site-packages/airflow/example_dags/example_inlet_event_extra.py
[2025-01-31T21:12:16.096+0000] {processor.py:914} INFO - Processing file /home/airflow/.local/lib/python3.12/site-packages/airflow/example_dags/example_inlet_event_extra.py for tasks to queue
[2025-01-31T21:12:16.098+0000] {logging_mixin.py:190} INFO - [2025-01-31T21:12:16.097+0000] {dagbag.py:588} INFO - Filling up the DagBag from /home/airflow/.local/lib/python3.12/site-packages/airflow/example_dags/example_inlet_event_extra.py
[2025-01-31T21:12:16.533+0000] {processor.py:925} INFO - DAG(s) 'read_dataset_event_from_classic', 'read_dataset_event' retrieved from /home/airflow/.local/lib/python3.12/site-packages/airflow/example_dags/example_inlet_event_extra.py
[2025-01-31T21:12:16.548+0000] {logging_mixin.py:190} INFO - [2025-01-31T21:12:16.547+0000] {dag.py:3239} INFO - Sync 2 DAGs
[2025-01-31T21:12:16.565+0000] {logging_mixin.py:190} INFO - [2025-01-31T21:12:16.565+0000] {dag.py:4180} INFO - Setting next_dagrun for read_dataset_event to 2025-01-30 00:00:00+00:00, run_after=2025-01-31 00:00:00+00:00
[2025-01-31T21:12:16.568+0000] {logging_mixin.py:190} INFO - [2025-01-31T21:12:16.568+0000] {dag.py:4180} INFO - Setting next_dagrun for read_dataset_event_from_classic to 2025-01-30 00:00:00+00:00, run_after=2025-01-31 00:00:00+00:00
[2025-01-31T21:12:16.580+0000] {processor.py:208} INFO - Processing /home/airflow/.local/lib/python3.12/site-packages/airflow/example_dags/example_inlet_event_extra.py took 0.490 seconds
[2025-01-31T21:12:47.390+0000] {processor.py:186} INFO - Started process (PID=2605) to work on /home/airflow/.local/lib/python3.12/site-packages/airflow/example_dags/example_inlet_event_extra.py
[2025-01-31T21:12:47.391+0000] {processor.py:914} INFO - Processing file /home/airflow/.local/lib/python3.12/site-packages/airflow/example_dags/example_inlet_event_extra.py for tasks to queue
[2025-01-31T21:12:47.392+0000] {logging_mixin.py:190} INFO - [2025-01-31T21:12:47.392+0000] {dagbag.py:588} INFO - Filling up the DagBag from /home/airflow/.local/lib/python3.12/site-packages/airflow/example_dags/example_inlet_event_extra.py
[2025-01-31T21:12:47.878+0000] {processor.py:925} INFO - DAG(s) 'read_dataset_event', 'read_dataset_event_from_classic' retrieved from /home/airflow/.local/lib/python3.12/site-packages/airflow/example_dags/example_inlet_event_extra.py
[2025-01-31T21:12:47.892+0000] {logging_mixin.py:190} INFO - [2025-01-31T21:12:47.892+0000] {dag.py:3239} INFO - Sync 2 DAGs
[2025-01-31T21:12:47.909+0000] {logging_mixin.py:190} INFO - [2025-01-31T21:12:47.909+0000] {dag.py:4180} INFO - Setting next_dagrun for read_dataset_event to 2025-01-30 00:00:00+00:00, run_after=2025-01-31 00:00:00+00:00
[2025-01-31T21:12:47.913+0000] {logging_mixin.py:190} INFO - [2025-01-31T21:12:47.913+0000] {dag.py:4180} INFO - Setting next_dagrun for read_dataset_event_from_classic to 2025-01-30 00:00:00+00:00, run_after=2025-01-31 00:00:00+00:00
[2025-01-31T21:12:47.923+0000] {processor.py:208} INFO - Processing /home/airflow/.local/lib/python3.12/site-packages/airflow/example_dags/example_inlet_event_extra.py took 0.538 seconds
[2025-01-31T21:13:18.305+0000] {processor.py:186} INFO - Started process (PID=2668) to work on /home/airflow/.local/lib/python3.12/site-packages/airflow/example_dags/example_inlet_event_extra.py
[2025-01-31T21:13:18.306+0000] {processor.py:914} INFO - Processing file /home/airflow/.local/lib/python3.12/site-packages/airflow/example_dags/example_inlet_event_extra.py for tasks to queue
[2025-01-31T21:13:18.308+0000] {logging_mixin.py:190} INFO - [2025-01-31T21:13:18.307+0000] {dagbag.py:588} INFO - Filling up the DagBag from /home/airflow/.local/lib/python3.12/site-packages/airflow/example_dags/example_inlet_event_extra.py
[2025-01-31T21:13:18.739+0000] {processor.py:925} INFO - DAG(s) 'read_dataset_event_from_classic', 'read_dataset_event' retrieved from /home/airflow/.local/lib/python3.12/site-packages/airflow/example_dags/example_inlet_event_extra.py
[2025-01-31T21:13:18.755+0000] {logging_mixin.py:190} INFO - [2025-01-31T21:13:18.754+0000] {dag.py:3239} INFO - Sync 2 DAGs
[2025-01-31T21:13:18.774+0000] {logging_mixin.py:190} INFO - [2025-01-31T21:13:18.774+0000] {dag.py:4180} INFO - Setting next_dagrun for read_dataset_event to 2025-01-30 00:00:00+00:00, run_after=2025-01-31 00:00:00+00:00
[2025-01-31T21:13:18.778+0000] {logging_mixin.py:190} INFO - [2025-01-31T21:13:18.778+0000] {dag.py:4180} INFO - Setting next_dagrun for read_dataset_event_from_classic to 2025-01-30 00:00:00+00:00, run_after=2025-01-31 00:00:00+00:00
[2025-01-31T21:13:18.788+0000] {processor.py:208} INFO - Processing /home/airflow/.local/lib/python3.12/site-packages/airflow/example_dags/example_inlet_event_extra.py took 0.487 seconds
[2025-01-31T21:13:49.379+0000] {processor.py:186} INFO - Started process (PID=2737) to work on /home/airflow/.local/lib/python3.12/site-packages/airflow/example_dags/example_inlet_event_extra.py
[2025-01-31T21:13:49.379+0000] {processor.py:914} INFO - Processing file /home/airflow/.local/lib/python3.12/site-packages/airflow/example_dags/example_inlet_event_extra.py for tasks to queue
[2025-01-31T21:13:49.381+0000] {logging_mixin.py:190} INFO - [2025-01-31T21:13:49.381+0000] {dagbag.py:588} INFO - Filling up the DagBag from /home/airflow/.local/lib/python3.12/site-packages/airflow/example_dags/example_inlet_event_extra.py
[2025-01-31T21:13:49.812+0000] {processor.py:925} INFO - DAG(s) 'read_dataset_event_from_classic', 'read_dataset_event' retrieved from /home/airflow/.local/lib/python3.12/site-packages/airflow/example_dags/example_inlet_event_extra.py
[2025-01-31T21:13:49.827+0000] {logging_mixin.py:190} INFO - [2025-01-31T21:13:49.827+0000] {dag.py:3239} INFO - Sync 2 DAGs
[2025-01-31T21:13:49.846+0000] {logging_mixin.py:190} INFO - [2025-01-31T21:13:49.846+0000] {dag.py:4180} INFO - Setting next_dagrun for read_dataset_event to 2025-01-30 00:00:00+00:00, run_after=2025-01-31 00:00:00+00:00
[2025-01-31T21:13:49.850+0000] {logging_mixin.py:190} INFO - [2025-01-31T21:13:49.850+0000] {dag.py:4180} INFO - Setting next_dagrun for read_dataset_event_from_classic to 2025-01-30 00:00:00+00:00, run_after=2025-01-31 00:00:00+00:00
[2025-01-31T21:13:49.860+0000] {processor.py:208} INFO - Processing /home/airflow/.local/lib/python3.12/site-packages/airflow/example_dags/example_inlet_event_extra.py took 0.486 seconds
[2025-01-31T21:14:20.595+0000] {processor.py:186} INFO - Started process (PID=2800) to work on /home/airflow/.local/lib/python3.12/site-packages/airflow/example_dags/example_inlet_event_extra.py
[2025-01-31T21:14:20.605+0000] {processor.py:914} INFO - Processing file /home/airflow/.local/lib/python3.12/site-packages/airflow/example_dags/example_inlet_event_extra.py for tasks to queue
[2025-01-31T21:14:20.608+0000] {logging_mixin.py:190} INFO - [2025-01-31T21:14:20.608+0000] {dagbag.py:588} INFO - Filling up the DagBag from /home/airflow/.local/lib/python3.12/site-packages/airflow/example_dags/example_inlet_event_extra.py
[2025-01-31T21:14:21.311+0000] {processor.py:925} INFO - DAG(s) 'read_dataset_event_from_classic', 'read_dataset_event' retrieved from /home/airflow/.local/lib/python3.12/site-packages/airflow/example_dags/example_inlet_event_extra.py
[2025-01-31T21:14:21.332+0000] {logging_mixin.py:190} INFO - [2025-01-31T21:14:21.331+0000] {dag.py:3239} INFO - Sync 2 DAGs
[2025-01-31T21:14:21.359+0000] {logging_mixin.py:190} INFO - [2025-01-31T21:14:21.359+0000] {dag.py:4180} INFO - Setting next_dagrun for read_dataset_event to 2025-01-30 00:00:00+00:00, run_after=2025-01-31 00:00:00+00:00
[2025-01-31T21:14:21.367+0000] {logging_mixin.py:190} INFO - [2025-01-31T21:14:21.367+0000] {dag.py:4180} INFO - Setting next_dagrun for read_dataset_event_from_classic to 2025-01-30 00:00:00+00:00, run_after=2025-01-31 00:00:00+00:00
[2025-01-31T21:14:21.389+0000] {processor.py:208} INFO - Processing /home/airflow/.local/lib/python3.12/site-packages/airflow/example_dags/example_inlet_event_extra.py took 0.799 seconds
[2025-01-31T21:14:51.974+0000] {processor.py:186} INFO - Started process (PID=2862) to work on /home/airflow/.local/lib/python3.12/site-packages/airflow/example_dags/example_inlet_event_extra.py
[2025-01-31T21:14:51.979+0000] {processor.py:914} INFO - Processing file /home/airflow/.local/lib/python3.12/site-packages/airflow/example_dags/example_inlet_event_extra.py for tasks to queue
[2025-01-31T21:14:51.985+0000] {logging_mixin.py:190} INFO - [2025-01-31T21:14:51.984+0000] {dagbag.py:588} INFO - Filling up the DagBag from /home/airflow/.local/lib/python3.12/site-packages/airflow/example_dags/example_inlet_event_extra.py
[2025-01-31T21:14:53.421+0000] {processor.py:925} INFO - DAG(s) 'read_dataset_event_from_classic', 'read_dataset_event' retrieved from /home/airflow/.local/lib/python3.12/site-packages/airflow/example_dags/example_inlet_event_extra.py
[2025-01-31T21:14:53.445+0000] {logging_mixin.py:190} INFO - [2025-01-31T21:14:53.445+0000] {dag.py:3239} INFO - Sync 2 DAGs
[2025-01-31T21:14:53.482+0000] {logging_mixin.py:190} INFO - [2025-01-31T21:14:53.481+0000] {dag.py:4180} INFO - Setting next_dagrun for read_dataset_event to 2025-01-30 00:00:00+00:00, run_after=2025-01-31 00:00:00+00:00
[2025-01-31T21:14:53.488+0000] {logging_mixin.py:190} INFO - [2025-01-31T21:14:53.488+0000] {dag.py:4180} INFO - Setting next_dagrun for read_dataset_event_from_classic to 2025-01-30 00:00:00+00:00, run_after=2025-01-31 00:00:00+00:00
[2025-01-31T21:14:53.551+0000] {processor.py:208} INFO - Processing /home/airflow/.local/lib/python3.12/site-packages/airflow/example_dags/example_inlet_event_extra.py took 1.583 seconds
[2025-01-31T21:15:24.100+0000] {processor.py:186} INFO - Started process (PID=2925) to work on /home/airflow/.local/lib/python3.12/site-packages/airflow/example_dags/example_inlet_event_extra.py
[2025-01-31T21:15:24.104+0000] {processor.py:914} INFO - Processing file /home/airflow/.local/lib/python3.12/site-packages/airflow/example_dags/example_inlet_event_extra.py for tasks to queue
[2025-01-31T21:15:24.106+0000] {logging_mixin.py:190} INFO - [2025-01-31T21:15:24.106+0000] {dagbag.py:588} INFO - Filling up the DagBag from /home/airflow/.local/lib/python3.12/site-packages/airflow/example_dags/example_inlet_event_extra.py
[2025-01-31T21:15:24.558+0000] {processor.py:925} INFO - DAG(s) 'read_dataset_event', 'read_dataset_event_from_classic' retrieved from /home/airflow/.local/lib/python3.12/site-packages/airflow/example_dags/example_inlet_event_extra.py
[2025-01-31T21:15:24.581+0000] {logging_mixin.py:190} INFO - [2025-01-31T21:15:24.581+0000] {dag.py:3239} INFO - Sync 2 DAGs
[2025-01-31T21:15:24.610+0000] {logging_mixin.py:190} INFO - [2025-01-31T21:15:24.610+0000] {dag.py:4180} INFO - Setting next_dagrun for read_dataset_event to 2025-01-30 00:00:00+00:00, run_after=2025-01-31 00:00:00+00:00
[2025-01-31T21:15:24.619+0000] {logging_mixin.py:190} INFO - [2025-01-31T21:15:24.619+0000] {dag.py:4180} INFO - Setting next_dagrun for read_dataset_event_from_classic to 2025-01-30 00:00:00+00:00, run_after=2025-01-31 00:00:00+00:00
[2025-01-31T21:15:24.640+0000] {processor.py:208} INFO - Processing /home/airflow/.local/lib/python3.12/site-packages/airflow/example_dags/example_inlet_event_extra.py took 0.545 seconds
[2025-01-31T21:15:54.701+0000] {processor.py:186} INFO - Started process (PID=2989) to work on /home/airflow/.local/lib/python3.12/site-packages/airflow/example_dags/example_inlet_event_extra.py
[2025-01-31T21:15:54.701+0000] {processor.py:914} INFO - Processing file /home/airflow/.local/lib/python3.12/site-packages/airflow/example_dags/example_inlet_event_extra.py for tasks to queue
[2025-01-31T21:15:54.704+0000] {logging_mixin.py:190} INFO - [2025-01-31T21:15:54.704+0000] {dagbag.py:588} INFO - Filling up the DagBag from /home/airflow/.local/lib/python3.12/site-packages/airflow/example_dags/example_inlet_event_extra.py
[2025-01-31T21:15:55.162+0000] {processor.py:925} INFO - DAG(s) 'read_dataset_event', 'read_dataset_event_from_classic' retrieved from /home/airflow/.local/lib/python3.12/site-packages/airflow/example_dags/example_inlet_event_extra.py
[2025-01-31T21:15:55.186+0000] {logging_mixin.py:190} INFO - [2025-01-31T21:15:55.185+0000] {dag.py:3239} INFO - Sync 2 DAGs
[2025-01-31T21:15:55.214+0000] {logging_mixin.py:190} INFO - [2025-01-31T21:15:55.214+0000] {dag.py:4180} INFO - Setting next_dagrun for read_dataset_event to 2025-01-30 00:00:00+00:00, run_after=2025-01-31 00:00:00+00:00
[2025-01-31T21:15:55.220+0000] {logging_mixin.py:190} INFO - [2025-01-31T21:15:55.220+0000] {dag.py:4180} INFO - Setting next_dagrun for read_dataset_event_from_classic to 2025-01-30 00:00:00+00:00, run_after=2025-01-31 00:00:00+00:00
[2025-01-31T21:15:55.236+0000] {processor.py:208} INFO - Processing /home/airflow/.local/lib/python3.12/site-packages/airflow/example_dags/example_inlet_event_extra.py took 0.541 seconds
[2025-01-31T21:16:26.242+0000] {processor.py:186} INFO - Started process (PID=3052) to work on /home/airflow/.local/lib/python3.12/site-packages/airflow/example_dags/example_inlet_event_extra.py
[2025-01-31T21:16:26.242+0000] {processor.py:914} INFO - Processing file /home/airflow/.local/lib/python3.12/site-packages/airflow/example_dags/example_inlet_event_extra.py for tasks to queue
[2025-01-31T21:16:26.245+0000] {logging_mixin.py:190} INFO - [2025-01-31T21:16:26.245+0000] {dagbag.py:588} INFO - Filling up the DagBag from /home/airflow/.local/lib/python3.12/site-packages/airflow/example_dags/example_inlet_event_extra.py
[2025-01-31T21:16:26.752+0000] {processor.py:925} INFO - DAG(s) 'read_dataset_event', 'read_dataset_event_from_classic' retrieved from /home/airflow/.local/lib/python3.12/site-packages/airflow/example_dags/example_inlet_event_extra.py
[2025-01-31T21:16:26.776+0000] {logging_mixin.py:190} INFO - [2025-01-31T21:16:26.776+0000] {dag.py:3239} INFO - Sync 2 DAGs
[2025-01-31T21:16:26.806+0000] {logging_mixin.py:190} INFO - [2025-01-31T21:16:26.806+0000] {dag.py:4180} INFO - Setting next_dagrun for read_dataset_event to 2025-01-30 00:00:00+00:00, run_after=2025-01-31 00:00:00+00:00
[2025-01-31T21:16:26.812+0000] {logging_mixin.py:190} INFO - [2025-01-31T21:16:26.812+0000] {dag.py:4180} INFO - Setting next_dagrun for read_dataset_event_from_classic to 2025-01-30 00:00:00+00:00, run_after=2025-01-31 00:00:00+00:00
[2025-01-31T21:16:26.828+0000] {processor.py:208} INFO - Processing /home/airflow/.local/lib/python3.12/site-packages/airflow/example_dags/example_inlet_event_extra.py took 0.592 seconds
[2025-01-31T21:16:57.076+0000] {processor.py:186} INFO - Started process (PID=3115) to work on /home/airflow/.local/lib/python3.12/site-packages/airflow/example_dags/example_inlet_event_extra.py
[2025-01-31T21:16:57.079+0000] {processor.py:914} INFO - Processing file /home/airflow/.local/lib/python3.12/site-packages/airflow/example_dags/example_inlet_event_extra.py for tasks to queue
[2025-01-31T21:16:57.085+0000] {logging_mixin.py:190} INFO - [2025-01-31T21:16:57.084+0000] {dagbag.py:588} INFO - Filling up the DagBag from /home/airflow/.local/lib/python3.12/site-packages/airflow/example_dags/example_inlet_event_extra.py
[2025-01-31T21:16:57.990+0000] {processor.py:925} INFO - DAG(s) 'read_dataset_event', 'read_dataset_event_from_classic' retrieved from /home/airflow/.local/lib/python3.12/site-packages/airflow/example_dags/example_inlet_event_extra.py
[2025-01-31T21:16:58.041+0000] {logging_mixin.py:190} INFO - [2025-01-31T21:16:58.040+0000] {dag.py:3239} INFO - Sync 2 DAGs
[2025-01-31T21:16:58.102+0000] {logging_mixin.py:190} INFO - [2025-01-31T21:16:58.102+0000] {dag.py:4180} INFO - Setting next_dagrun for read_dataset_event to 2025-01-30 00:00:00+00:00, run_after=2025-01-31 00:00:00+00:00
[2025-01-31T21:16:58.110+0000] {logging_mixin.py:190} INFO - [2025-01-31T21:16:58.109+0000] {dag.py:4180} INFO - Setting next_dagrun for read_dataset_event_from_classic to 2025-01-30 00:00:00+00:00, run_after=2025-01-31 00:00:00+00:00
[2025-01-31T21:16:58.148+0000] {processor.py:208} INFO - Processing /home/airflow/.local/lib/python3.12/site-packages/airflow/example_dags/example_inlet_event_extra.py took 1.089 seconds
[2025-01-31T21:17:28.774+0000] {processor.py:186} INFO - Started process (PID=3178) to work on /home/airflow/.local/lib/python3.12/site-packages/airflow/example_dags/example_inlet_event_extra.py
[2025-01-31T21:17:28.776+0000] {processor.py:914} INFO - Processing file /home/airflow/.local/lib/python3.12/site-packages/airflow/example_dags/example_inlet_event_extra.py for tasks to queue
[2025-01-31T21:17:28.790+0000] {logging_mixin.py:190} INFO - [2025-01-31T21:17:28.788+0000] {dagbag.py:588} INFO - Filling up the DagBag from /home/airflow/.local/lib/python3.12/site-packages/airflow/example_dags/example_inlet_event_extra.py
[2025-01-31T21:17:29.716+0000] {processor.py:925} INFO - DAG(s) 'read_dataset_event_from_classic', 'read_dataset_event' retrieved from /home/airflow/.local/lib/python3.12/site-packages/airflow/example_dags/example_inlet_event_extra.py
[2025-01-31T21:17:29.758+0000] {logging_mixin.py:190} INFO - [2025-01-31T21:17:29.758+0000] {dag.py:3239} INFO - Sync 2 DAGs
[2025-01-31T21:17:29.811+0000] {logging_mixin.py:190} INFO - [2025-01-31T21:17:29.811+0000] {dag.py:4180} INFO - Setting next_dagrun for read_dataset_event to 2025-01-30 00:00:00+00:00, run_after=2025-01-31 00:00:00+00:00
[2025-01-31T21:17:29.818+0000] {logging_mixin.py:190} INFO - [2025-01-31T21:17:29.818+0000] {dag.py:4180} INFO - Setting next_dagrun for read_dataset_event_from_classic to 2025-01-30 00:00:00+00:00, run_after=2025-01-31 00:00:00+00:00
[2025-01-31T21:17:29.856+0000] {processor.py:208} INFO - Processing /home/airflow/.local/lib/python3.12/site-packages/airflow/example_dags/example_inlet_event_extra.py took 1.097 seconds
[2025-01-31T21:18:00.611+0000] {processor.py:186} INFO - Started process (PID=3241) to work on /home/airflow/.local/lib/python3.12/site-packages/airflow/example_dags/example_inlet_event_extra.py
[2025-01-31T21:18:00.612+0000] {processor.py:914} INFO - Processing file /home/airflow/.local/lib/python3.12/site-packages/airflow/example_dags/example_inlet_event_extra.py for tasks to queue
[2025-01-31T21:18:00.616+0000] {logging_mixin.py:190} INFO - [2025-01-31T21:18:00.615+0000] {dagbag.py:588} INFO - Filling up the DagBag from /home/airflow/.local/lib/python3.12/site-packages/airflow/example_dags/example_inlet_event_extra.py
[2025-01-31T21:18:01.067+0000] {processor.py:925} INFO - DAG(s) 'read_dataset_event_from_classic', 'read_dataset_event' retrieved from /home/airflow/.local/lib/python3.12/site-packages/airflow/example_dags/example_inlet_event_extra.py
[2025-01-31T21:18:01.091+0000] {logging_mixin.py:190} INFO - [2025-01-31T21:18:01.091+0000] {dag.py:3239} INFO - Sync 2 DAGs
[2025-01-31T21:18:01.120+0000] {logging_mixin.py:190} INFO - [2025-01-31T21:18:01.120+0000] {dag.py:4180} INFO - Setting next_dagrun for read_dataset_event to 2025-01-30 00:00:00+00:00, run_after=2025-01-31 00:00:00+00:00
[2025-01-31T21:18:01.126+0000] {logging_mixin.py:190} INFO - [2025-01-31T21:18:01.126+0000] {dag.py:4180} INFO - Setting next_dagrun for read_dataset_event_from_classic to 2025-01-30 00:00:00+00:00, run_after=2025-01-31 00:00:00+00:00
[2025-01-31T21:18:01.142+0000] {processor.py:208} INFO - Processing /home/airflow/.local/lib/python3.12/site-packages/airflow/example_dags/example_inlet_event_extra.py took 0.536 seconds
