[2025-01-31T20:52:29.618+0000] {processor.py:186} INFO - Started process (PID=83) to work on /home/airflow/.local/lib/python3.12/site-packages/airflow/example_dags/example_latest_only.py
[2025-01-31T20:52:29.619+0000] {processor.py:914} INFO - Processing file /home/airflow/.local/lib/python3.12/site-packages/airflow/example_dags/example_latest_only.py for tasks to queue
[2025-01-31T20:52:29.630+0000] {logging_mixin.py:190} INFO - [2025-01-31T20:52:29.629+0000] {dagbag.py:588} INFO - Filling up the DagBag from /home/airflow/.local/lib/python3.12/site-packages/airflow/example_dags/example_latest_only.py
[2025-01-31T20:52:29.643+0000] {processor.py:925} INFO - DAG(s) 'latest_only' retrieved from /home/airflow/.local/lib/python3.12/site-packages/airflow/example_dags/example_latest_only.py
[2025-01-31T20:52:30.042+0000] {logging_mixin.py:190} INFO - [2025-01-31T20:52:30.041+0000] {override.py:1911} INFO - Created Permission View: can delete on DAG:latest_only
[2025-01-31T20:52:30.076+0000] {logging_mixin.py:190} INFO - [2025-01-31T20:52:30.074+0000] {override.py:1911} INFO - Created Permission View: can edit on DAG:latest_only
[2025-01-31T20:52:30.137+0000] {logging_mixin.py:190} INFO - [2025-01-31T20:52:30.137+0000] {override.py:1911} INFO - Created Permission View: can read on DAG:latest_only
[2025-01-31T20:52:30.147+0000] {logging_mixin.py:190} INFO - [2025-01-31T20:52:30.147+0000] {override.py:1911} INFO - Created Permission View: menu access on DAG Run:latest_only
[2025-01-31T20:52:30.177+0000] {logging_mixin.py:190} INFO - [2025-01-31T20:52:30.177+0000] {override.py:1911} INFO - Created Permission View: can delete on DAG Run:latest_only
[2025-01-31T20:52:30.197+0000] {logging_mixin.py:190} INFO - [2025-01-31T20:52:30.196+0000] {override.py:1911} INFO - Created Permission View: can create on DAG Run:latest_only
[2025-01-31T20:52:30.249+0000] {logging_mixin.py:190} INFO - [2025-01-31T20:52:30.249+0000] {override.py:1911} INFO - Created Permission View: can read on DAG Run:latest_only
[2025-01-31T20:52:30.251+0000] {logging_mixin.py:190} INFO - [2025-01-31T20:52:30.250+0000] {dag.py:3239} INFO - Sync 1 DAGs
[2025-01-31T20:52:30.281+0000] {logging_mixin.py:190} INFO - [2025-01-31T20:52:30.281+0000] {dag.py:3262} INFO - Creating ORM DAG for latest_only
[2025-01-31T20:52:30.322+0000] {logging_mixin.py:190} INFO - [2025-01-31T20:52:30.322+0000] {dag.py:4180} INFO - Setting next_dagrun for latest_only to 2025-01-31 16:00:00+00:00, run_after=2025-01-31 20:00:00+00:00
[2025-01-31T20:52:30.389+0000] {processor.py:208} INFO - Processing /home/airflow/.local/lib/python3.12/site-packages/airflow/example_dags/example_latest_only.py took 0.788 seconds
[2025-01-31T20:53:01.008+0000] {processor.py:186} INFO - Started process (PID=145) to work on /home/airflow/.local/lib/python3.12/site-packages/airflow/example_dags/example_latest_only.py
[2025-01-31T20:53:01.009+0000] {processor.py:914} INFO - Processing file /home/airflow/.local/lib/python3.12/site-packages/airflow/example_dags/example_latest_only.py for tasks to queue
[2025-01-31T20:53:01.011+0000] {logging_mixin.py:190} INFO - [2025-01-31T20:53:01.011+0000] {dagbag.py:588} INFO - Filling up the DagBag from /home/airflow/.local/lib/python3.12/site-packages/airflow/example_dags/example_latest_only.py
[2025-01-31T20:53:01.018+0000] {processor.py:925} INFO - DAG(s) 'latest_only' retrieved from /home/airflow/.local/lib/python3.12/site-packages/airflow/example_dags/example_latest_only.py
[2025-01-31T20:53:01.037+0000] {logging_mixin.py:190} INFO - [2025-01-31T20:53:01.037+0000] {dag.py:3239} INFO - Sync 1 DAGs
[2025-01-31T20:53:01.062+0000] {logging_mixin.py:190} INFO - [2025-01-31T20:53:01.061+0000] {dag.py:4180} INFO - Setting next_dagrun for latest_only to 2025-01-31 16:00:00+00:00, run_after=2025-01-31 20:00:00+00:00
[2025-01-31T20:53:01.077+0000] {processor.py:208} INFO - Processing /home/airflow/.local/lib/python3.12/site-packages/airflow/example_dags/example_latest_only.py took 0.075 seconds
[2025-01-31T20:53:31.703+0000] {processor.py:186} INFO - Started process (PID=208) to work on /home/airflow/.local/lib/python3.12/site-packages/airflow/example_dags/example_latest_only.py
[2025-01-31T20:53:31.704+0000] {processor.py:914} INFO - Processing file /home/airflow/.local/lib/python3.12/site-packages/airflow/example_dags/example_latest_only.py for tasks to queue
[2025-01-31T20:53:31.715+0000] {logging_mixin.py:190} INFO - [2025-01-31T20:53:31.714+0000] {dagbag.py:588} INFO - Filling up the DagBag from /home/airflow/.local/lib/python3.12/site-packages/airflow/example_dags/example_latest_only.py
[2025-01-31T20:53:31.731+0000] {processor.py:925} INFO - DAG(s) 'latest_only' retrieved from /home/airflow/.local/lib/python3.12/site-packages/airflow/example_dags/example_latest_only.py
[2025-01-31T20:53:31.758+0000] {logging_mixin.py:190} INFO - [2025-01-31T20:53:31.758+0000] {dag.py:3239} INFO - Sync 1 DAGs
[2025-01-31T20:53:31.787+0000] {logging_mixin.py:190} INFO - [2025-01-31T20:53:31.785+0000] {dag.py:4180} INFO - Setting next_dagrun for latest_only to 2025-01-31 16:00:00+00:00, run_after=2025-01-31 20:00:00+00:00
[2025-01-31T20:53:31.836+0000] {processor.py:208} INFO - Processing /home/airflow/.local/lib/python3.12/site-packages/airflow/example_dags/example_latest_only.py took 0.173 seconds
[2025-01-31T20:54:02.319+0000] {processor.py:186} INFO - Started process (PID=270) to work on /home/airflow/.local/lib/python3.12/site-packages/airflow/example_dags/example_latest_only.py
[2025-01-31T20:54:02.321+0000] {processor.py:914} INFO - Processing file /home/airflow/.local/lib/python3.12/site-packages/airflow/example_dags/example_latest_only.py for tasks to queue
[2025-01-31T20:54:02.323+0000] {logging_mixin.py:190} INFO - [2025-01-31T20:54:02.323+0000] {dagbag.py:588} INFO - Filling up the DagBag from /home/airflow/.local/lib/python3.12/site-packages/airflow/example_dags/example_latest_only.py
[2025-01-31T20:54:02.337+0000] {processor.py:925} INFO - DAG(s) 'latest_only' retrieved from /home/airflow/.local/lib/python3.12/site-packages/airflow/example_dags/example_latest_only.py
[2025-01-31T20:54:02.367+0000] {logging_mixin.py:190} INFO - [2025-01-31T20:54:02.367+0000] {dag.py:3239} INFO - Sync 1 DAGs
[2025-01-31T20:54:02.401+0000] {logging_mixin.py:190} INFO - [2025-01-31T20:54:02.400+0000] {dag.py:4180} INFO - Setting next_dagrun for latest_only to 2025-01-31 16:00:00+00:00, run_after=2025-01-31 20:00:00+00:00
[2025-01-31T20:54:02.449+0000] {processor.py:208} INFO - Processing /home/airflow/.local/lib/python3.12/site-packages/airflow/example_dags/example_latest_only.py took 0.137 seconds
[2025-01-31T20:54:32.817+0000] {processor.py:186} INFO - Started process (PID=332) to work on /home/airflow/.local/lib/python3.12/site-packages/airflow/example_dags/example_latest_only.py
[2025-01-31T20:54:32.817+0000] {processor.py:914} INFO - Processing file /home/airflow/.local/lib/python3.12/site-packages/airflow/example_dags/example_latest_only.py for tasks to queue
[2025-01-31T20:54:32.820+0000] {logging_mixin.py:190} INFO - [2025-01-31T20:54:32.819+0000] {dagbag.py:588} INFO - Filling up the DagBag from /home/airflow/.local/lib/python3.12/site-packages/airflow/example_dags/example_latest_only.py
[2025-01-31T20:54:32.827+0000] {processor.py:925} INFO - DAG(s) 'latest_only' retrieved from /home/airflow/.local/lib/python3.12/site-packages/airflow/example_dags/example_latest_only.py
[2025-01-31T20:54:32.846+0000] {logging_mixin.py:190} INFO - [2025-01-31T20:54:32.846+0000] {dag.py:3239} INFO - Sync 1 DAGs
[2025-01-31T20:54:32.869+0000] {logging_mixin.py:190} INFO - [2025-01-31T20:54:32.869+0000] {dag.py:4180} INFO - Setting next_dagrun for latest_only to 2025-01-31 16:00:00+00:00, run_after=2025-01-31 20:00:00+00:00
[2025-01-31T20:54:32.887+0000] {processor.py:208} INFO - Processing /home/airflow/.local/lib/python3.12/site-packages/airflow/example_dags/example_latest_only.py took 0.076 seconds
[2025-01-31T20:55:03.372+0000] {processor.py:186} INFO - Started process (PID=396) to work on /home/airflow/.local/lib/python3.12/site-packages/airflow/example_dags/example_latest_only.py
[2025-01-31T20:55:03.373+0000] {processor.py:914} INFO - Processing file /home/airflow/.local/lib/python3.12/site-packages/airflow/example_dags/example_latest_only.py for tasks to queue
[2025-01-31T20:55:03.375+0000] {logging_mixin.py:190} INFO - [2025-01-31T20:55:03.375+0000] {dagbag.py:588} INFO - Filling up the DagBag from /home/airflow/.local/lib/python3.12/site-packages/airflow/example_dags/example_latest_only.py
[2025-01-31T20:55:03.382+0000] {processor.py:925} INFO - DAG(s) 'latest_only' retrieved from /home/airflow/.local/lib/python3.12/site-packages/airflow/example_dags/example_latest_only.py
[2025-01-31T20:55:03.401+0000] {logging_mixin.py:190} INFO - [2025-01-31T20:55:03.401+0000] {dag.py:3239} INFO - Sync 1 DAGs
[2025-01-31T20:55:03.425+0000] {logging_mixin.py:190} INFO - [2025-01-31T20:55:03.425+0000] {dag.py:4180} INFO - Setting next_dagrun for latest_only to 2025-01-31 16:00:00+00:00, run_after=2025-01-31 20:00:00+00:00
[2025-01-31T20:55:03.442+0000] {processor.py:208} INFO - Processing /home/airflow/.local/lib/python3.12/site-packages/airflow/example_dags/example_latest_only.py took 0.075 seconds
[2025-01-31T20:55:33.872+0000] {processor.py:186} INFO - Started process (PID=460) to work on /home/airflow/.local/lib/python3.12/site-packages/airflow/example_dags/example_latest_only.py
[2025-01-31T20:55:33.873+0000] {processor.py:914} INFO - Processing file /home/airflow/.local/lib/python3.12/site-packages/airflow/example_dags/example_latest_only.py for tasks to queue
[2025-01-31T20:55:33.875+0000] {logging_mixin.py:190} INFO - [2025-01-31T20:55:33.875+0000] {dagbag.py:588} INFO - Filling up the DagBag from /home/airflow/.local/lib/python3.12/site-packages/airflow/example_dags/example_latest_only.py
[2025-01-31T20:55:33.882+0000] {processor.py:925} INFO - DAG(s) 'latest_only' retrieved from /home/airflow/.local/lib/python3.12/site-packages/airflow/example_dags/example_latest_only.py
[2025-01-31T20:55:33.901+0000] {logging_mixin.py:190} INFO - [2025-01-31T20:55:33.901+0000] {dag.py:3239} INFO - Sync 1 DAGs
[2025-01-31T20:55:33.924+0000] {logging_mixin.py:190} INFO - [2025-01-31T20:55:33.924+0000] {dag.py:4180} INFO - Setting next_dagrun for latest_only to 2025-01-31 16:00:00+00:00, run_after=2025-01-31 20:00:00+00:00
[2025-01-31T20:55:33.940+0000] {processor.py:208} INFO - Processing /home/airflow/.local/lib/python3.12/site-packages/airflow/example_dags/example_latest_only.py took 0.073 seconds
[2025-01-31T20:56:04.293+0000] {processor.py:186} INFO - Started process (PID=524) to work on /home/airflow/.local/lib/python3.12/site-packages/airflow/example_dags/example_latest_only.py
[2025-01-31T20:56:04.294+0000] {processor.py:914} INFO - Processing file /home/airflow/.local/lib/python3.12/site-packages/airflow/example_dags/example_latest_only.py for tasks to queue
[2025-01-31T20:56:04.296+0000] {logging_mixin.py:190} INFO - [2025-01-31T20:56:04.295+0000] {dagbag.py:588} INFO - Filling up the DagBag from /home/airflow/.local/lib/python3.12/site-packages/airflow/example_dags/example_latest_only.py
[2025-01-31T20:56:04.303+0000] {processor.py:925} INFO - DAG(s) 'latest_only' retrieved from /home/airflow/.local/lib/python3.12/site-packages/airflow/example_dags/example_latest_only.py
[2025-01-31T20:56:04.323+0000] {logging_mixin.py:190} INFO - [2025-01-31T20:56:04.322+0000] {dag.py:3239} INFO - Sync 1 DAGs
[2025-01-31T20:56:04.347+0000] {logging_mixin.py:190} INFO - [2025-01-31T20:56:04.346+0000] {dag.py:4180} INFO - Setting next_dagrun for latest_only to 2025-01-31 16:00:00+00:00, run_after=2025-01-31 20:00:00+00:00
[2025-01-31T20:56:04.364+0000] {processor.py:208} INFO - Processing /home/airflow/.local/lib/python3.12/site-packages/airflow/example_dags/example_latest_only.py took 0.076 seconds
[2025-01-31T20:56:34.546+0000] {processor.py:186} INFO - Started process (PID=587) to work on /home/airflow/.local/lib/python3.12/site-packages/airflow/example_dags/example_latest_only.py
[2025-01-31T20:56:34.547+0000] {processor.py:914} INFO - Processing file /home/airflow/.local/lib/python3.12/site-packages/airflow/example_dags/example_latest_only.py for tasks to queue
[2025-01-31T20:56:34.549+0000] {logging_mixin.py:190} INFO - [2025-01-31T20:56:34.548+0000] {dagbag.py:588} INFO - Filling up the DagBag from /home/airflow/.local/lib/python3.12/site-packages/airflow/example_dags/example_latest_only.py
[2025-01-31T20:56:34.555+0000] {processor.py:925} INFO - DAG(s) 'latest_only' retrieved from /home/airflow/.local/lib/python3.12/site-packages/airflow/example_dags/example_latest_only.py
[2025-01-31T20:56:34.575+0000] {logging_mixin.py:190} INFO - [2025-01-31T20:56:34.574+0000] {dag.py:3239} INFO - Sync 1 DAGs
[2025-01-31T20:56:34.598+0000] {logging_mixin.py:190} INFO - [2025-01-31T20:56:34.598+0000] {dag.py:4180} INFO - Setting next_dagrun for latest_only to 2025-01-31 16:00:00+00:00, run_after=2025-01-31 20:00:00+00:00
[2025-01-31T20:56:34.614+0000] {processor.py:208} INFO - Processing /home/airflow/.local/lib/python3.12/site-packages/airflow/example_dags/example_latest_only.py took 0.074 seconds
[2025-01-31T20:57:04.886+0000] {processor.py:186} INFO - Started process (PID=649) to work on /home/airflow/.local/lib/python3.12/site-packages/airflow/example_dags/example_latest_only.py
[2025-01-31T20:57:04.886+0000] {processor.py:914} INFO - Processing file /home/airflow/.local/lib/python3.12/site-packages/airflow/example_dags/example_latest_only.py for tasks to queue
[2025-01-31T20:57:04.889+0000] {logging_mixin.py:190} INFO - [2025-01-31T20:57:04.888+0000] {dagbag.py:588} INFO - Filling up the DagBag from /home/airflow/.local/lib/python3.12/site-packages/airflow/example_dags/example_latest_only.py
[2025-01-31T20:57:04.914+0000] {processor.py:925} INFO - DAG(s) 'latest_only' retrieved from /home/airflow/.local/lib/python3.12/site-packages/airflow/example_dags/example_latest_only.py
[2025-01-31T20:57:04.976+0000] {logging_mixin.py:190} INFO - [2025-01-31T20:57:04.976+0000] {dag.py:3239} INFO - Sync 1 DAGs
[2025-01-31T20:57:05.070+0000] {logging_mixin.py:190} INFO - [2025-01-31T20:57:05.070+0000] {dag.py:4180} INFO - Setting next_dagrun for latest_only to 2025-01-31 16:00:00+00:00, run_after=2025-01-31 20:00:00+00:00
[2025-01-31T20:57:05.164+0000] {processor.py:208} INFO - Processing /home/airflow/.local/lib/python3.12/site-packages/airflow/example_dags/example_latest_only.py took 0.292 seconds
[2025-01-31T20:57:35.329+0000] {processor.py:186} INFO - Started process (PID=713) to work on /home/airflow/.local/lib/python3.12/site-packages/airflow/example_dags/example_latest_only.py
[2025-01-31T20:57:35.332+0000] {processor.py:914} INFO - Processing file /home/airflow/.local/lib/python3.12/site-packages/airflow/example_dags/example_latest_only.py for tasks to queue
[2025-01-31T20:57:35.334+0000] {logging_mixin.py:190} INFO - [2025-01-31T20:57:35.334+0000] {dagbag.py:588} INFO - Filling up the DagBag from /home/airflow/.local/lib/python3.12/site-packages/airflow/example_dags/example_latest_only.py
[2025-01-31T20:57:35.346+0000] {processor.py:925} INFO - DAG(s) 'latest_only' retrieved from /home/airflow/.local/lib/python3.12/site-packages/airflow/example_dags/example_latest_only.py
[2025-01-31T20:57:35.365+0000] {logging_mixin.py:190} INFO - [2025-01-31T20:57:35.365+0000] {dag.py:3239} INFO - Sync 1 DAGs
[2025-01-31T20:57:35.399+0000] {logging_mixin.py:190} INFO - [2025-01-31T20:57:35.399+0000] {dag.py:4180} INFO - Setting next_dagrun for latest_only to 2025-01-31 16:00:00+00:00, run_after=2025-01-31 20:00:00+00:00
[2025-01-31T20:57:35.421+0000] {processor.py:208} INFO - Processing /home/airflow/.local/lib/python3.12/site-packages/airflow/example_dags/example_latest_only.py took 0.097 seconds
[2025-01-31T20:58:05.846+0000] {processor.py:186} INFO - Started process (PID=777) to work on /home/airflow/.local/lib/python3.12/site-packages/airflow/example_dags/example_latest_only.py
[2025-01-31T20:58:05.847+0000] {processor.py:914} INFO - Processing file /home/airflow/.local/lib/python3.12/site-packages/airflow/example_dags/example_latest_only.py for tasks to queue
[2025-01-31T20:58:05.850+0000] {logging_mixin.py:190} INFO - [2025-01-31T20:58:05.850+0000] {dagbag.py:588} INFO - Filling up the DagBag from /home/airflow/.local/lib/python3.12/site-packages/airflow/example_dags/example_latest_only.py
[2025-01-31T20:58:05.859+0000] {processor.py:925} INFO - DAG(s) 'latest_only' retrieved from /home/airflow/.local/lib/python3.12/site-packages/airflow/example_dags/example_latest_only.py
[2025-01-31T20:58:05.891+0000] {logging_mixin.py:190} INFO - [2025-01-31T20:58:05.891+0000] {dag.py:3239} INFO - Sync 1 DAGs
[2025-01-31T20:58:05.947+0000] {logging_mixin.py:190} INFO - [2025-01-31T20:58:05.947+0000] {dag.py:4180} INFO - Setting next_dagrun for latest_only to 2025-01-31 16:00:00+00:00, run_after=2025-01-31 20:00:00+00:00
[2025-01-31T20:58:05.985+0000] {processor.py:208} INFO - Processing /home/airflow/.local/lib/python3.12/site-packages/airflow/example_dags/example_latest_only.py took 0.150 seconds
[2025-01-31T20:58:36.169+0000] {processor.py:186} INFO - Started process (PID=840) to work on /home/airflow/.local/lib/python3.12/site-packages/airflow/example_dags/example_latest_only.py
[2025-01-31T20:58:36.170+0000] {processor.py:914} INFO - Processing file /home/airflow/.local/lib/python3.12/site-packages/airflow/example_dags/example_latest_only.py for tasks to queue
[2025-01-31T20:58:36.172+0000] {logging_mixin.py:190} INFO - [2025-01-31T20:58:36.172+0000] {dagbag.py:588} INFO - Filling up the DagBag from /home/airflow/.local/lib/python3.12/site-packages/airflow/example_dags/example_latest_only.py
[2025-01-31T20:58:36.179+0000] {processor.py:925} INFO - DAG(s) 'latest_only' retrieved from /home/airflow/.local/lib/python3.12/site-packages/airflow/example_dags/example_latest_only.py
[2025-01-31T20:58:36.212+0000] {logging_mixin.py:190} INFO - [2025-01-31T20:58:36.211+0000] {dag.py:3239} INFO - Sync 1 DAGs
[2025-01-31T20:58:36.236+0000] {logging_mixin.py:190} INFO - [2025-01-31T20:58:36.236+0000] {dag.py:4180} INFO - Setting next_dagrun for latest_only to 2025-01-31 16:00:00+00:00, run_after=2025-01-31 20:00:00+00:00
[2025-01-31T20:58:36.284+0000] {processor.py:208} INFO - Processing /home/airflow/.local/lib/python3.12/site-packages/airflow/example_dags/example_latest_only.py took 0.122 seconds
[2025-01-31T20:59:06.735+0000] {processor.py:186} INFO - Started process (PID=902) to work on /home/airflow/.local/lib/python3.12/site-packages/airflow/example_dags/example_latest_only.py
[2025-01-31T20:59:06.736+0000] {processor.py:914} INFO - Processing file /home/airflow/.local/lib/python3.12/site-packages/airflow/example_dags/example_latest_only.py for tasks to queue
[2025-01-31T20:59:06.738+0000] {logging_mixin.py:190} INFO - [2025-01-31T20:59:06.738+0000] {dagbag.py:588} INFO - Filling up the DagBag from /home/airflow/.local/lib/python3.12/site-packages/airflow/example_dags/example_latest_only.py
[2025-01-31T20:59:06.745+0000] {processor.py:925} INFO - DAG(s) 'latest_only' retrieved from /home/airflow/.local/lib/python3.12/site-packages/airflow/example_dags/example_latest_only.py
[2025-01-31T20:59:06.770+0000] {logging_mixin.py:190} INFO - [2025-01-31T20:59:06.770+0000] {dag.py:3239} INFO - Sync 1 DAGs
[2025-01-31T20:59:06.796+0000] {logging_mixin.py:190} INFO - [2025-01-31T20:59:06.795+0000] {dag.py:4180} INFO - Setting next_dagrun for latest_only to 2025-01-31 16:00:00+00:00, run_after=2025-01-31 20:00:00+00:00
[2025-01-31T20:59:06.813+0000] {processor.py:208} INFO - Processing /home/airflow/.local/lib/python3.12/site-packages/airflow/example_dags/example_latest_only.py took 0.083 seconds
[2025-01-31T20:59:37.021+0000] {processor.py:186} INFO - Started process (PID=966) to work on /home/airflow/.local/lib/python3.12/site-packages/airflow/example_dags/example_latest_only.py
[2025-01-31T20:59:37.022+0000] {processor.py:914} INFO - Processing file /home/airflow/.local/lib/python3.12/site-packages/airflow/example_dags/example_latest_only.py for tasks to queue
[2025-01-31T20:59:37.024+0000] {logging_mixin.py:190} INFO - [2025-01-31T20:59:37.024+0000] {dagbag.py:588} INFO - Filling up the DagBag from /home/airflow/.local/lib/python3.12/site-packages/airflow/example_dags/example_latest_only.py
[2025-01-31T20:59:37.031+0000] {processor.py:925} INFO - DAG(s) 'latest_only' retrieved from /home/airflow/.local/lib/python3.12/site-packages/airflow/example_dags/example_latest_only.py
[2025-01-31T20:59:37.051+0000] {logging_mixin.py:190} INFO - [2025-01-31T20:59:37.050+0000] {dag.py:3239} INFO - Sync 1 DAGs
[2025-01-31T20:59:37.079+0000] {logging_mixin.py:190} INFO - [2025-01-31T20:59:37.079+0000] {dag.py:4180} INFO - Setting next_dagrun for latest_only to 2025-01-31 16:00:00+00:00, run_after=2025-01-31 20:00:00+00:00
[2025-01-31T20:59:37.108+0000] {processor.py:208} INFO - Processing /home/airflow/.local/lib/python3.12/site-packages/airflow/example_dags/example_latest_only.py took 0.092 seconds
[2025-01-31T21:00:07.537+0000] {processor.py:186} INFO - Started process (PID=1029) to work on /home/airflow/.local/lib/python3.12/site-packages/airflow/example_dags/example_latest_only.py
[2025-01-31T21:00:07.538+0000] {processor.py:914} INFO - Processing file /home/airflow/.local/lib/python3.12/site-packages/airflow/example_dags/example_latest_only.py for tasks to queue
[2025-01-31T21:00:07.540+0000] {logging_mixin.py:190} INFO - [2025-01-31T21:00:07.539+0000] {dagbag.py:588} INFO - Filling up the DagBag from /home/airflow/.local/lib/python3.12/site-packages/airflow/example_dags/example_latest_only.py
[2025-01-31T21:00:07.557+0000] {processor.py:925} INFO - DAG(s) 'latest_only' retrieved from /home/airflow/.local/lib/python3.12/site-packages/airflow/example_dags/example_latest_only.py
[2025-01-31T21:00:07.594+0000] {logging_mixin.py:190} INFO - [2025-01-31T21:00:07.594+0000] {dag.py:3239} INFO - Sync 1 DAGs
[2025-01-31T21:00:07.618+0000] {logging_mixin.py:190} INFO - [2025-01-31T21:00:07.618+0000] {dag.py:4180} INFO - Setting next_dagrun for latest_only to 2025-01-31 16:00:00+00:00, run_after=2025-01-31 20:00:00+00:00
[2025-01-31T21:00:07.634+0000] {processor.py:208} INFO - Processing /home/airflow/.local/lib/python3.12/site-packages/airflow/example_dags/example_latest_only.py took 0.103 seconds
[2025-01-31T21:00:38.426+0000] {processor.py:186} INFO - Started process (PID=1093) to work on /home/airflow/.local/lib/python3.12/site-packages/airflow/example_dags/example_latest_only.py
[2025-01-31T21:00:38.430+0000] {processor.py:914} INFO - Processing file /home/airflow/.local/lib/python3.12/site-packages/airflow/example_dags/example_latest_only.py for tasks to queue
[2025-01-31T21:00:38.432+0000] {logging_mixin.py:190} INFO - [2025-01-31T21:00:38.432+0000] {dagbag.py:588} INFO - Filling up the DagBag from /home/airflow/.local/lib/python3.12/site-packages/airflow/example_dags/example_latest_only.py
[2025-01-31T21:00:38.442+0000] {processor.py:925} INFO - DAG(s) 'latest_only' retrieved from /home/airflow/.local/lib/python3.12/site-packages/airflow/example_dags/example_latest_only.py
[2025-01-31T21:00:38.471+0000] {logging_mixin.py:190} INFO - [2025-01-31T21:00:38.471+0000] {dag.py:3239} INFO - Sync 1 DAGs
[2025-01-31T21:00:38.508+0000] {logging_mixin.py:190} INFO - [2025-01-31T21:00:38.508+0000] {dag.py:4180} INFO - Setting next_dagrun for latest_only to 2025-01-31 16:00:00+00:00, run_after=2025-01-31 20:00:00+00:00
[2025-01-31T21:00:38.531+0000] {processor.py:208} INFO - Processing /home/airflow/.local/lib/python3.12/site-packages/airflow/example_dags/example_latest_only.py took 0.113 seconds
[2025-01-31T21:01:09.317+0000] {processor.py:186} INFO - Started process (PID=1157) to work on /home/airflow/.local/lib/python3.12/site-packages/airflow/example_dags/example_latest_only.py
[2025-01-31T21:01:09.318+0000] {processor.py:914} INFO - Processing file /home/airflow/.local/lib/python3.12/site-packages/airflow/example_dags/example_latest_only.py for tasks to queue
[2025-01-31T21:01:09.320+0000] {logging_mixin.py:190} INFO - [2025-01-31T21:01:09.320+0000] {dagbag.py:588} INFO - Filling up the DagBag from /home/airflow/.local/lib/python3.12/site-packages/airflow/example_dags/example_latest_only.py
[2025-01-31T21:01:09.327+0000] {processor.py:925} INFO - DAG(s) 'latest_only' retrieved from /home/airflow/.local/lib/python3.12/site-packages/airflow/example_dags/example_latest_only.py
[2025-01-31T21:01:09.346+0000] {logging_mixin.py:190} INFO - [2025-01-31T21:01:09.346+0000] {dag.py:3239} INFO - Sync 1 DAGs
[2025-01-31T21:01:09.371+0000] {logging_mixin.py:190} INFO - [2025-01-31T21:01:09.371+0000] {dag.py:4180} INFO - Setting next_dagrun for latest_only to 2025-01-31 16:00:00+00:00, run_after=2025-01-31 20:00:00+00:00
[2025-01-31T21:01:09.387+0000] {processor.py:208} INFO - Processing /home/airflow/.local/lib/python3.12/site-packages/airflow/example_dags/example_latest_only.py took 0.075 seconds
[2025-01-31T21:01:39.986+0000] {processor.py:186} INFO - Started process (PID=1220) to work on /home/airflow/.local/lib/python3.12/site-packages/airflow/example_dags/example_latest_only.py
[2025-01-31T21:01:39.987+0000] {processor.py:914} INFO - Processing file /home/airflow/.local/lib/python3.12/site-packages/airflow/example_dags/example_latest_only.py for tasks to queue
[2025-01-31T21:01:39.989+0000] {logging_mixin.py:190} INFO - [2025-01-31T21:01:39.989+0000] {dagbag.py:588} INFO - Filling up the DagBag from /home/airflow/.local/lib/python3.12/site-packages/airflow/example_dags/example_latest_only.py
[2025-01-31T21:01:39.996+0000] {processor.py:925} INFO - DAG(s) 'latest_only' retrieved from /home/airflow/.local/lib/python3.12/site-packages/airflow/example_dags/example_latest_only.py
[2025-01-31T21:01:40.015+0000] {logging_mixin.py:190} INFO - [2025-01-31T21:01:40.015+0000] {dag.py:3239} INFO - Sync 1 DAGs
[2025-01-31T21:01:40.040+0000] {logging_mixin.py:190} INFO - [2025-01-31T21:01:40.040+0000] {dag.py:4180} INFO - Setting next_dagrun for latest_only to 2025-01-31 16:00:00+00:00, run_after=2025-01-31 20:00:00+00:00
[2025-01-31T21:01:40.057+0000] {processor.py:208} INFO - Processing /home/airflow/.local/lib/python3.12/site-packages/airflow/example_dags/example_latest_only.py took 0.076 seconds
[2025-01-31T21:02:10.495+0000] {processor.py:186} INFO - Started process (PID=1283) to work on /home/airflow/.local/lib/python3.12/site-packages/airflow/example_dags/example_latest_only.py
[2025-01-31T21:02:10.506+0000] {processor.py:914} INFO - Processing file /home/airflow/.local/lib/python3.12/site-packages/airflow/example_dags/example_latest_only.py for tasks to queue
[2025-01-31T21:02:10.508+0000] {logging_mixin.py:190} INFO - [2025-01-31T21:02:10.508+0000] {dagbag.py:588} INFO - Filling up the DagBag from /home/airflow/.local/lib/python3.12/site-packages/airflow/example_dags/example_latest_only.py
[2025-01-31T21:02:10.525+0000] {processor.py:925} INFO - DAG(s) 'latest_only' retrieved from /home/airflow/.local/lib/python3.12/site-packages/airflow/example_dags/example_latest_only.py
[2025-01-31T21:02:10.556+0000] {logging_mixin.py:190} INFO - [2025-01-31T21:02:10.556+0000] {dag.py:3239} INFO - Sync 1 DAGs
[2025-01-31T21:02:10.588+0000] {logging_mixin.py:190} INFO - [2025-01-31T21:02:10.588+0000] {dag.py:4180} INFO - Setting next_dagrun for latest_only to 2025-01-31 16:00:00+00:00, run_after=2025-01-31 20:00:00+00:00
[2025-01-31T21:02:10.621+0000] {processor.py:208} INFO - Processing /home/airflow/.local/lib/python3.12/site-packages/airflow/example_dags/example_latest_only.py took 0.135 seconds
[2025-01-31T21:02:41.408+0000] {processor.py:186} INFO - Started process (PID=1347) to work on /home/airflow/.local/lib/python3.12/site-packages/airflow/example_dags/example_latest_only.py
[2025-01-31T21:02:41.412+0000] {processor.py:914} INFO - Processing file /home/airflow/.local/lib/python3.12/site-packages/airflow/example_dags/example_latest_only.py for tasks to queue
[2025-01-31T21:02:41.414+0000] {logging_mixin.py:190} INFO - [2025-01-31T21:02:41.414+0000] {dagbag.py:588} INFO - Filling up the DagBag from /home/airflow/.local/lib/python3.12/site-packages/airflow/example_dags/example_latest_only.py
[2025-01-31T21:02:41.451+0000] {processor.py:925} INFO - DAG(s) 'latest_only' retrieved from /home/airflow/.local/lib/python3.12/site-packages/airflow/example_dags/example_latest_only.py
[2025-01-31T21:02:41.477+0000] {logging_mixin.py:190} INFO - [2025-01-31T21:02:41.477+0000] {dag.py:3239} INFO - Sync 1 DAGs
[2025-01-31T21:02:41.509+0000] {logging_mixin.py:190} INFO - [2025-01-31T21:02:41.509+0000] {dag.py:4180} INFO - Setting next_dagrun for latest_only to 2025-01-31 16:00:00+00:00, run_after=2025-01-31 20:00:00+00:00
[2025-01-31T21:02:41.541+0000] {processor.py:208} INFO - Processing /home/airflow/.local/lib/python3.12/site-packages/airflow/example_dags/example_latest_only.py took 0.143 seconds
[2025-01-31T21:03:11.787+0000] {processor.py:186} INFO - Started process (PID=1410) to work on /home/airflow/.local/lib/python3.12/site-packages/airflow/example_dags/example_latest_only.py
[2025-01-31T21:03:11.788+0000] {processor.py:914} INFO - Processing file /home/airflow/.local/lib/python3.12/site-packages/airflow/example_dags/example_latest_only.py for tasks to queue
[2025-01-31T21:03:11.791+0000] {logging_mixin.py:190} INFO - [2025-01-31T21:03:11.790+0000] {dagbag.py:588} INFO - Filling up the DagBag from /home/airflow/.local/lib/python3.12/site-packages/airflow/example_dags/example_latest_only.py
[2025-01-31T21:03:11.798+0000] {processor.py:925} INFO - DAG(s) 'latest_only' retrieved from /home/airflow/.local/lib/python3.12/site-packages/airflow/example_dags/example_latest_only.py
[2025-01-31T21:03:11.819+0000] {logging_mixin.py:190} INFO - [2025-01-31T21:03:11.819+0000] {dag.py:3239} INFO - Sync 1 DAGs
[2025-01-31T21:03:11.847+0000] {logging_mixin.py:190} INFO - [2025-01-31T21:03:11.847+0000] {dag.py:4180} INFO - Setting next_dagrun for latest_only to 2025-01-31 16:00:00+00:00, run_after=2025-01-31 20:00:00+00:00
[2025-01-31T21:03:11.863+0000] {processor.py:208} INFO - Processing /home/airflow/.local/lib/python3.12/site-packages/airflow/example_dags/example_latest_only.py took 0.081 seconds
[2025-01-31T21:03:42.411+0000] {processor.py:186} INFO - Started process (PID=1473) to work on /home/airflow/.local/lib/python3.12/site-packages/airflow/example_dags/example_latest_only.py
[2025-01-31T21:03:42.412+0000] {processor.py:914} INFO - Processing file /home/airflow/.local/lib/python3.12/site-packages/airflow/example_dags/example_latest_only.py for tasks to queue
[2025-01-31T21:03:42.414+0000] {logging_mixin.py:190} INFO - [2025-01-31T21:03:42.414+0000] {dagbag.py:588} INFO - Filling up the DagBag from /home/airflow/.local/lib/python3.12/site-packages/airflow/example_dags/example_latest_only.py
[2025-01-31T21:03:42.431+0000] {processor.py:925} INFO - DAG(s) 'latest_only' retrieved from /home/airflow/.local/lib/python3.12/site-packages/airflow/example_dags/example_latest_only.py
[2025-01-31T21:03:42.463+0000] {logging_mixin.py:190} INFO - [2025-01-31T21:03:42.463+0000] {dag.py:3239} INFO - Sync 1 DAGs
[2025-01-31T21:03:42.498+0000] {logging_mixin.py:190} INFO - [2025-01-31T21:03:42.498+0000] {dag.py:4180} INFO - Setting next_dagrun for latest_only to 2025-01-31 16:00:00+00:00, run_after=2025-01-31 20:00:00+00:00
[2025-01-31T21:03:42.529+0000] {processor.py:208} INFO - Processing /home/airflow/.local/lib/python3.12/site-packages/airflow/example_dags/example_latest_only.py took 0.123 seconds
[2025-01-31T21:04:13.155+0000] {processor.py:186} INFO - Started process (PID=1537) to work on /home/airflow/.local/lib/python3.12/site-packages/airflow/example_dags/example_latest_only.py
[2025-01-31T21:04:13.155+0000] {processor.py:914} INFO - Processing file /home/airflow/.local/lib/python3.12/site-packages/airflow/example_dags/example_latest_only.py for tasks to queue
[2025-01-31T21:04:13.158+0000] {logging_mixin.py:190} INFO - [2025-01-31T21:04:13.157+0000] {dagbag.py:588} INFO - Filling up the DagBag from /home/airflow/.local/lib/python3.12/site-packages/airflow/example_dags/example_latest_only.py
[2025-01-31T21:04:13.165+0000] {processor.py:925} INFO - DAG(s) 'latest_only' retrieved from /home/airflow/.local/lib/python3.12/site-packages/airflow/example_dags/example_latest_only.py
[2025-01-31T21:04:13.184+0000] {logging_mixin.py:190} INFO - [2025-01-31T21:04:13.183+0000] {dag.py:3239} INFO - Sync 1 DAGs
[2025-01-31T21:04:13.208+0000] {logging_mixin.py:190} INFO - [2025-01-31T21:04:13.207+0000] {dag.py:4180} INFO - Setting next_dagrun for latest_only to 2025-01-31 16:00:00+00:00, run_after=2025-01-31 20:00:00+00:00
[2025-01-31T21:04:13.224+0000] {processor.py:208} INFO - Processing /home/airflow/.local/lib/python3.12/site-packages/airflow/example_dags/example_latest_only.py took 0.076 seconds
[2025-01-31T21:04:43.710+0000] {processor.py:186} INFO - Started process (PID=1599) to work on /home/airflow/.local/lib/python3.12/site-packages/airflow/example_dags/example_latest_only.py
[2025-01-31T21:04:43.711+0000] {processor.py:914} INFO - Processing file /home/airflow/.local/lib/python3.12/site-packages/airflow/example_dags/example_latest_only.py for tasks to queue
[2025-01-31T21:04:43.713+0000] {logging_mixin.py:190} INFO - [2025-01-31T21:04:43.713+0000] {dagbag.py:588} INFO - Filling up the DagBag from /home/airflow/.local/lib/python3.12/site-packages/airflow/example_dags/example_latest_only.py
[2025-01-31T21:04:43.720+0000] {processor.py:925} INFO - DAG(s) 'latest_only' retrieved from /home/airflow/.local/lib/python3.12/site-packages/airflow/example_dags/example_latest_only.py
[2025-01-31T21:04:43.740+0000] {logging_mixin.py:190} INFO - [2025-01-31T21:04:43.739+0000] {dag.py:3239} INFO - Sync 1 DAGs
[2025-01-31T21:04:43.764+0000] {logging_mixin.py:190} INFO - [2025-01-31T21:04:43.763+0000] {dag.py:4180} INFO - Setting next_dagrun for latest_only to 2025-01-31 16:00:00+00:00, run_after=2025-01-31 20:00:00+00:00
[2025-01-31T21:04:43.779+0000] {processor.py:208} INFO - Processing /home/airflow/.local/lib/python3.12/site-packages/airflow/example_dags/example_latest_only.py took 0.074 seconds
[2025-01-31T21:05:14.245+0000] {processor.py:186} INFO - Started process (PID=1663) to work on /home/airflow/.local/lib/python3.12/site-packages/airflow/example_dags/example_latest_only.py
[2025-01-31T21:05:14.246+0000] {processor.py:914} INFO - Processing file /home/airflow/.local/lib/python3.12/site-packages/airflow/example_dags/example_latest_only.py for tasks to queue
[2025-01-31T21:05:14.248+0000] {logging_mixin.py:190} INFO - [2025-01-31T21:05:14.248+0000] {dagbag.py:588} INFO - Filling up the DagBag from /home/airflow/.local/lib/python3.12/site-packages/airflow/example_dags/example_latest_only.py
[2025-01-31T21:05:14.255+0000] {processor.py:925} INFO - DAG(s) 'latest_only' retrieved from /home/airflow/.local/lib/python3.12/site-packages/airflow/example_dags/example_latest_only.py
[2025-01-31T21:05:14.277+0000] {logging_mixin.py:190} INFO - [2025-01-31T21:05:14.276+0000] {dag.py:3239} INFO - Sync 1 DAGs
[2025-01-31T21:05:14.308+0000] {logging_mixin.py:190} INFO - [2025-01-31T21:05:14.308+0000] {dag.py:4180} INFO - Setting next_dagrun for latest_only to 2025-01-31 16:00:00+00:00, run_after=2025-01-31 20:00:00+00:00
[2025-01-31T21:05:14.356+0000] {processor.py:208} INFO - Processing /home/airflow/.local/lib/python3.12/site-packages/airflow/example_dags/example_latest_only.py took 0.116 seconds
[2025-01-31T21:05:45.174+0000] {processor.py:186} INFO - Started process (PID=1725) to work on /home/airflow/.local/lib/python3.12/site-packages/airflow/example_dags/example_latest_only.py
[2025-01-31T21:05:45.176+0000] {processor.py:914} INFO - Processing file /home/airflow/.local/lib/python3.12/site-packages/airflow/example_dags/example_latest_only.py for tasks to queue
[2025-01-31T21:05:45.179+0000] {logging_mixin.py:190} INFO - [2025-01-31T21:05:45.178+0000] {dagbag.py:588} INFO - Filling up the DagBag from /home/airflow/.local/lib/python3.12/site-packages/airflow/example_dags/example_latest_only.py
[2025-01-31T21:05:45.186+0000] {processor.py:925} INFO - DAG(s) 'latest_only' retrieved from /home/airflow/.local/lib/python3.12/site-packages/airflow/example_dags/example_latest_only.py
[2025-01-31T21:05:45.205+0000] {logging_mixin.py:190} INFO - [2025-01-31T21:05:45.205+0000] {dag.py:3239} INFO - Sync 1 DAGs
[2025-01-31T21:05:45.230+0000] {logging_mixin.py:190} INFO - [2025-01-31T21:05:45.230+0000] {dag.py:4180} INFO - Setting next_dagrun for latest_only to 2025-01-31 16:00:00+00:00, run_after=2025-01-31 20:00:00+00:00
[2025-01-31T21:05:45.246+0000] {processor.py:208} INFO - Processing /home/airflow/.local/lib/python3.12/site-packages/airflow/example_dags/example_latest_only.py took 0.078 seconds
[2025-01-31T21:06:15.300+0000] {processor.py:186} INFO - Started process (PID=1788) to work on /home/airflow/.local/lib/python3.12/site-packages/airflow/example_dags/example_latest_only.py
[2025-01-31T21:06:15.301+0000] {processor.py:914} INFO - Processing file /home/airflow/.local/lib/python3.12/site-packages/airflow/example_dags/example_latest_only.py for tasks to queue
[2025-01-31T21:06:15.303+0000] {logging_mixin.py:190} INFO - [2025-01-31T21:06:15.302+0000] {dagbag.py:588} INFO - Filling up the DagBag from /home/airflow/.local/lib/python3.12/site-packages/airflow/example_dags/example_latest_only.py
[2025-01-31T21:06:15.308+0000] {processor.py:925} INFO - DAG(s) 'latest_only' retrieved from /home/airflow/.local/lib/python3.12/site-packages/airflow/example_dags/example_latest_only.py
[2025-01-31T21:06:15.323+0000] {logging_mixin.py:190} INFO - [2025-01-31T21:06:15.322+0000] {dag.py:3239} INFO - Sync 1 DAGs
[2025-01-31T21:06:15.339+0000] {logging_mixin.py:190} INFO - [2025-01-31T21:06:15.339+0000] {dag.py:4180} INFO - Setting next_dagrun for latest_only to 2025-01-31 16:00:00+00:00, run_after=2025-01-31 20:00:00+00:00
[2025-01-31T21:06:15.351+0000] {processor.py:208} INFO - Processing /home/airflow/.local/lib/python3.12/site-packages/airflow/example_dags/example_latest_only.py took 0.055 seconds
[2025-01-31T21:06:45.527+0000] {processor.py:186} INFO - Started process (PID=1851) to work on /home/airflow/.local/lib/python3.12/site-packages/airflow/example_dags/example_latest_only.py
[2025-01-31T21:06:45.528+0000] {processor.py:914} INFO - Processing file /home/airflow/.local/lib/python3.12/site-packages/airflow/example_dags/example_latest_only.py for tasks to queue
[2025-01-31T21:06:45.530+0000] {logging_mixin.py:190} INFO - [2025-01-31T21:06:45.530+0000] {dagbag.py:588} INFO - Filling up the DagBag from /home/airflow/.local/lib/python3.12/site-packages/airflow/example_dags/example_latest_only.py
[2025-01-31T21:06:45.535+0000] {processor.py:925} INFO - DAG(s) 'latest_only' retrieved from /home/airflow/.local/lib/python3.12/site-packages/airflow/example_dags/example_latest_only.py
[2025-01-31T21:06:45.549+0000] {logging_mixin.py:190} INFO - [2025-01-31T21:06:45.549+0000] {dag.py:3239} INFO - Sync 1 DAGs
[2025-01-31T21:06:45.566+0000] {logging_mixin.py:190} INFO - [2025-01-31T21:06:45.566+0000] {dag.py:4180} INFO - Setting next_dagrun for latest_only to 2025-01-31 16:00:00+00:00, run_after=2025-01-31 20:00:00+00:00
[2025-01-31T21:06:45.579+0000] {processor.py:208} INFO - Processing /home/airflow/.local/lib/python3.12/site-packages/airflow/example_dags/example_latest_only.py took 0.056 seconds
[2025-01-31T21:07:15.774+0000] {processor.py:186} INFO - Started process (PID=1914) to work on /home/airflow/.local/lib/python3.12/site-packages/airflow/example_dags/example_latest_only.py
[2025-01-31T21:07:15.775+0000] {processor.py:914} INFO - Processing file /home/airflow/.local/lib/python3.12/site-packages/airflow/example_dags/example_latest_only.py for tasks to queue
[2025-01-31T21:07:15.776+0000] {logging_mixin.py:190} INFO - [2025-01-31T21:07:15.776+0000] {dagbag.py:588} INFO - Filling up the DagBag from /home/airflow/.local/lib/python3.12/site-packages/airflow/example_dags/example_latest_only.py
[2025-01-31T21:07:15.781+0000] {processor.py:925} INFO - DAG(s) 'latest_only' retrieved from /home/airflow/.local/lib/python3.12/site-packages/airflow/example_dags/example_latest_only.py
[2025-01-31T21:07:15.796+0000] {logging_mixin.py:190} INFO - [2025-01-31T21:07:15.795+0000] {dag.py:3239} INFO - Sync 1 DAGs
[2025-01-31T21:07:15.812+0000] {logging_mixin.py:190} INFO - [2025-01-31T21:07:15.812+0000] {dag.py:4180} INFO - Setting next_dagrun for latest_only to 2025-01-31 16:00:00+00:00, run_after=2025-01-31 20:00:00+00:00
[2025-01-31T21:07:15.825+0000] {processor.py:208} INFO - Processing /home/airflow/.local/lib/python3.12/site-packages/airflow/example_dags/example_latest_only.py took 0.055 seconds
[2025-01-31T21:07:46.158+0000] {processor.py:186} INFO - Started process (PID=1976) to work on /home/airflow/.local/lib/python3.12/site-packages/airflow/example_dags/example_latest_only.py
[2025-01-31T21:07:46.159+0000] {processor.py:914} INFO - Processing file /home/airflow/.local/lib/python3.12/site-packages/airflow/example_dags/example_latest_only.py for tasks to queue
[2025-01-31T21:07:46.161+0000] {logging_mixin.py:190} INFO - [2025-01-31T21:07:46.161+0000] {dagbag.py:588} INFO - Filling up the DagBag from /home/airflow/.local/lib/python3.12/site-packages/airflow/example_dags/example_latest_only.py
[2025-01-31T21:07:46.166+0000] {processor.py:925} INFO - DAG(s) 'latest_only' retrieved from /home/airflow/.local/lib/python3.12/site-packages/airflow/example_dags/example_latest_only.py
[2025-01-31T21:07:46.180+0000] {logging_mixin.py:190} INFO - [2025-01-31T21:07:46.179+0000] {dag.py:3239} INFO - Sync 1 DAGs
[2025-01-31T21:07:46.195+0000] {logging_mixin.py:190} INFO - [2025-01-31T21:07:46.195+0000] {dag.py:4180} INFO - Setting next_dagrun for latest_only to 2025-01-31 16:00:00+00:00, run_after=2025-01-31 20:00:00+00:00
[2025-01-31T21:07:46.207+0000] {processor.py:208} INFO - Processing /home/airflow/.local/lib/python3.12/site-packages/airflow/example_dags/example_latest_only.py took 0.053 seconds
[2025-01-31T21:08:16.677+0000] {processor.py:186} INFO - Started process (PID=2039) to work on /home/airflow/.local/lib/python3.12/site-packages/airflow/example_dags/example_latest_only.py
[2025-01-31T21:08:16.678+0000] {processor.py:914} INFO - Processing file /home/airflow/.local/lib/python3.12/site-packages/airflow/example_dags/example_latest_only.py for tasks to queue
[2025-01-31T21:08:16.680+0000] {logging_mixin.py:190} INFO - [2025-01-31T21:08:16.680+0000] {dagbag.py:588} INFO - Filling up the DagBag from /home/airflow/.local/lib/python3.12/site-packages/airflow/example_dags/example_latest_only.py
[2025-01-31T21:08:16.688+0000] {processor.py:925} INFO - DAG(s) 'latest_only' retrieved from /home/airflow/.local/lib/python3.12/site-packages/airflow/example_dags/example_latest_only.py
[2025-01-31T21:08:16.729+0000] {logging_mixin.py:190} INFO - [2025-01-31T21:08:16.729+0000] {dag.py:3239} INFO - Sync 1 DAGs
[2025-01-31T21:08:16.777+0000] {logging_mixin.py:190} INFO - [2025-01-31T21:08:16.777+0000] {dag.py:4180} INFO - Setting next_dagrun for latest_only to 2025-01-31 16:00:00+00:00, run_after=2025-01-31 20:00:00+00:00
[2025-01-31T21:08:16.809+0000] {processor.py:208} INFO - Processing /home/airflow/.local/lib/python3.12/site-packages/airflow/example_dags/example_latest_only.py took 0.138 seconds
[2025-01-31T21:08:47.222+0000] {processor.py:186} INFO - Started process (PID=2103) to work on /home/airflow/.local/lib/python3.12/site-packages/airflow/example_dags/example_latest_only.py
[2025-01-31T21:08:47.223+0000] {processor.py:914} INFO - Processing file /home/airflow/.local/lib/python3.12/site-packages/airflow/example_dags/example_latest_only.py for tasks to queue
[2025-01-31T21:08:47.225+0000] {logging_mixin.py:190} INFO - [2025-01-31T21:08:47.225+0000] {dagbag.py:588} INFO - Filling up the DagBag from /home/airflow/.local/lib/python3.12/site-packages/airflow/example_dags/example_latest_only.py
[2025-01-31T21:08:47.232+0000] {processor.py:925} INFO - DAG(s) 'latest_only' retrieved from /home/airflow/.local/lib/python3.12/site-packages/airflow/example_dags/example_latest_only.py
[2025-01-31T21:08:47.246+0000] {logging_mixin.py:190} INFO - [2025-01-31T21:08:47.246+0000] {dag.py:3239} INFO - Sync 1 DAGs
[2025-01-31T21:08:47.268+0000] {logging_mixin.py:190} INFO - [2025-01-31T21:08:47.268+0000] {dag.py:4180} INFO - Setting next_dagrun for latest_only to 2025-01-31 16:00:00+00:00, run_after=2025-01-31 20:00:00+00:00
[2025-01-31T21:08:47.289+0000] {processor.py:208} INFO - Processing /home/airflow/.local/lib/python3.12/site-packages/airflow/example_dags/example_latest_only.py took 0.072 seconds
[2025-01-31T21:09:17.542+0000] {processor.py:186} INFO - Started process (PID=2167) to work on /home/airflow/.local/lib/python3.12/site-packages/airflow/example_dags/example_latest_only.py
[2025-01-31T21:09:17.551+0000] {processor.py:914} INFO - Processing file /home/airflow/.local/lib/python3.12/site-packages/airflow/example_dags/example_latest_only.py for tasks to queue
[2025-01-31T21:09:17.554+0000] {logging_mixin.py:190} INFO - [2025-01-31T21:09:17.553+0000] {dagbag.py:588} INFO - Filling up the DagBag from /home/airflow/.local/lib/python3.12/site-packages/airflow/example_dags/example_latest_only.py
[2025-01-31T21:09:17.578+0000] {processor.py:925} INFO - DAG(s) 'latest_only' retrieved from /home/airflow/.local/lib/python3.12/site-packages/airflow/example_dags/example_latest_only.py
[2025-01-31T21:09:17.623+0000] {logging_mixin.py:190} INFO - [2025-01-31T21:09:17.623+0000] {dag.py:3239} INFO - Sync 1 DAGs
[2025-01-31T21:09:17.671+0000] {logging_mixin.py:190} INFO - [2025-01-31T21:09:17.670+0000] {dag.py:4180} INFO - Setting next_dagrun for latest_only to 2025-01-31 16:00:00+00:00, run_after=2025-01-31 20:00:00+00:00
[2025-01-31T21:09:17.707+0000] {processor.py:208} INFO - Processing /home/airflow/.local/lib/python3.12/site-packages/airflow/example_dags/example_latest_only.py took 0.182 seconds
[2025-01-31T21:09:47.779+0000] {processor.py:186} INFO - Started process (PID=2231) to work on /home/airflow/.local/lib/python3.12/site-packages/airflow/example_dags/example_latest_only.py
[2025-01-31T21:09:47.779+0000] {processor.py:914} INFO - Processing file /home/airflow/.local/lib/python3.12/site-packages/airflow/example_dags/example_latest_only.py for tasks to queue
[2025-01-31T21:09:47.782+0000] {logging_mixin.py:190} INFO - [2025-01-31T21:09:47.781+0000] {dagbag.py:588} INFO - Filling up the DagBag from /home/airflow/.local/lib/python3.12/site-packages/airflow/example_dags/example_latest_only.py
[2025-01-31T21:09:47.789+0000] {processor.py:925} INFO - DAG(s) 'latest_only' retrieved from /home/airflow/.local/lib/python3.12/site-packages/airflow/example_dags/example_latest_only.py
[2025-01-31T21:09:47.809+0000] {logging_mixin.py:190} INFO - [2025-01-31T21:09:47.809+0000] {dag.py:3239} INFO - Sync 1 DAGs
[2025-01-31T21:09:47.831+0000] {logging_mixin.py:190} INFO - [2025-01-31T21:09:47.831+0000] {dag.py:4180} INFO - Setting next_dagrun for latest_only to 2025-01-31 16:00:00+00:00, run_after=2025-01-31 20:00:00+00:00
[2025-01-31T21:09:47.843+0000] {processor.py:208} INFO - Processing /home/airflow/.local/lib/python3.12/site-packages/airflow/example_dags/example_latest_only.py took 0.071 seconds
[2025-01-31T21:10:18.607+0000] {processor.py:186} INFO - Started process (PID=2300) to work on /home/airflow/.local/lib/python3.12/site-packages/airflow/example_dags/example_latest_only.py
[2025-01-31T21:10:18.607+0000] {processor.py:914} INFO - Processing file /home/airflow/.local/lib/python3.12/site-packages/airflow/example_dags/example_latest_only.py for tasks to queue
[2025-01-31T21:10:18.609+0000] {logging_mixin.py:190} INFO - [2025-01-31T21:10:18.609+0000] {dagbag.py:588} INFO - Filling up the DagBag from /home/airflow/.local/lib/python3.12/site-packages/airflow/example_dags/example_latest_only.py
[2025-01-31T21:10:18.614+0000] {processor.py:925} INFO - DAG(s) 'latest_only' retrieved from /home/airflow/.local/lib/python3.12/site-packages/airflow/example_dags/example_latest_only.py
[2025-01-31T21:10:18.632+0000] {logging_mixin.py:190} INFO - [2025-01-31T21:10:18.631+0000] {dag.py:3239} INFO - Sync 1 DAGs
[2025-01-31T21:10:18.648+0000] {logging_mixin.py:190} INFO - [2025-01-31T21:10:18.648+0000] {dag.py:4180} INFO - Setting next_dagrun for latest_only to 2025-01-31 16:00:00+00:00, run_after=2025-01-31 20:00:00+00:00
[2025-01-31T21:10:18.660+0000] {processor.py:208} INFO - Processing /home/airflow/.local/lib/python3.12/site-packages/airflow/example_dags/example_latest_only.py took 0.058 seconds
[2025-01-31T21:10:49.295+0000] {processor.py:186} INFO - Started process (PID=2363) to work on /home/airflow/.local/lib/python3.12/site-packages/airflow/example_dags/example_latest_only.py
[2025-01-31T21:10:49.296+0000] {processor.py:914} INFO - Processing file /home/airflow/.local/lib/python3.12/site-packages/airflow/example_dags/example_latest_only.py for tasks to queue
[2025-01-31T21:10:49.298+0000] {logging_mixin.py:190} INFO - [2025-01-31T21:10:49.298+0000] {dagbag.py:588} INFO - Filling up the DagBag from /home/airflow/.local/lib/python3.12/site-packages/airflow/example_dags/example_latest_only.py
[2025-01-31T21:10:49.305+0000] {processor.py:925} INFO - DAG(s) 'latest_only' retrieved from /home/airflow/.local/lib/python3.12/site-packages/airflow/example_dags/example_latest_only.py
[2025-01-31T21:10:49.324+0000] {logging_mixin.py:190} INFO - [2025-01-31T21:10:49.324+0000] {dag.py:3239} INFO - Sync 1 DAGs
[2025-01-31T21:10:49.349+0000] {logging_mixin.py:190} INFO - [2025-01-31T21:10:49.349+0000] {dag.py:4180} INFO - Setting next_dagrun for latest_only to 2025-01-31 16:00:00+00:00, run_after=2025-01-31 20:00:00+00:00
[2025-01-31T21:10:49.365+0000] {processor.py:208} INFO - Processing /home/airflow/.local/lib/python3.12/site-packages/airflow/example_dags/example_latest_only.py took 0.075 seconds
[2025-01-31T21:11:19.987+0000] {processor.py:186} INFO - Started process (PID=2426) to work on /home/airflow/.local/lib/python3.12/site-packages/airflow/example_dags/example_latest_only.py
[2025-01-31T21:11:19.987+0000] {processor.py:914} INFO - Processing file /home/airflow/.local/lib/python3.12/site-packages/airflow/example_dags/example_latest_only.py for tasks to queue
[2025-01-31T21:11:19.990+0000] {logging_mixin.py:190} INFO - [2025-01-31T21:11:19.989+0000] {dagbag.py:588} INFO - Filling up the DagBag from /home/airflow/.local/lib/python3.12/site-packages/airflow/example_dags/example_latest_only.py
[2025-01-31T21:11:19.996+0000] {processor.py:925} INFO - DAG(s) 'latest_only' retrieved from /home/airflow/.local/lib/python3.12/site-packages/airflow/example_dags/example_latest_only.py
[2025-01-31T21:11:20.011+0000] {logging_mixin.py:190} INFO - [2025-01-31T21:11:20.010+0000] {dag.py:3239} INFO - Sync 1 DAGs
[2025-01-31T21:11:20.026+0000] {logging_mixin.py:190} INFO - [2025-01-31T21:11:20.026+0000] {dag.py:4180} INFO - Setting next_dagrun for latest_only to 2025-01-31 16:00:00+00:00, run_after=2025-01-31 20:00:00+00:00
[2025-01-31T21:11:20.038+0000] {processor.py:208} INFO - Processing /home/airflow/.local/lib/python3.12/site-packages/airflow/example_dags/example_latest_only.py took 0.057 seconds
[2025-01-31T21:11:50.608+0000] {processor.py:186} INFO - Started process (PID=2489) to work on /home/airflow/.local/lib/python3.12/site-packages/airflow/example_dags/example_latest_only.py
[2025-01-31T21:11:50.608+0000] {processor.py:914} INFO - Processing file /home/airflow/.local/lib/python3.12/site-packages/airflow/example_dags/example_latest_only.py for tasks to queue
[2025-01-31T21:11:50.610+0000] {logging_mixin.py:190} INFO - [2025-01-31T21:11:50.610+0000] {dagbag.py:588} INFO - Filling up the DagBag from /home/airflow/.local/lib/python3.12/site-packages/airflow/example_dags/example_latest_only.py
[2025-01-31T21:11:50.615+0000] {processor.py:925} INFO - DAG(s) 'latest_only' retrieved from /home/airflow/.local/lib/python3.12/site-packages/airflow/example_dags/example_latest_only.py
[2025-01-31T21:11:50.630+0000] {logging_mixin.py:190} INFO - [2025-01-31T21:11:50.629+0000] {dag.py:3239} INFO - Sync 1 DAGs
[2025-01-31T21:11:50.646+0000] {logging_mixin.py:190} INFO - [2025-01-31T21:11:50.646+0000] {dag.py:4180} INFO - Setting next_dagrun for latest_only to 2025-01-31 16:00:00+00:00, run_after=2025-01-31 20:00:00+00:00
[2025-01-31T21:11:50.658+0000] {processor.py:208} INFO - Processing /home/airflow/.local/lib/python3.12/site-packages/airflow/example_dags/example_latest_only.py took 0.055 seconds
[2025-01-31T21:12:21.263+0000] {processor.py:186} INFO - Started process (PID=2552) to work on /home/airflow/.local/lib/python3.12/site-packages/airflow/example_dags/example_latest_only.py
[2025-01-31T21:12:21.263+0000] {processor.py:914} INFO - Processing file /home/airflow/.local/lib/python3.12/site-packages/airflow/example_dags/example_latest_only.py for tasks to queue
[2025-01-31T21:12:21.265+0000] {logging_mixin.py:190} INFO - [2025-01-31T21:12:21.265+0000] {dagbag.py:588} INFO - Filling up the DagBag from /home/airflow/.local/lib/python3.12/site-packages/airflow/example_dags/example_latest_only.py
[2025-01-31T21:12:21.270+0000] {processor.py:925} INFO - DAG(s) 'latest_only' retrieved from /home/airflow/.local/lib/python3.12/site-packages/airflow/example_dags/example_latest_only.py
[2025-01-31T21:12:21.285+0000] {logging_mixin.py:190} INFO - [2025-01-31T21:12:21.285+0000] {dag.py:3239} INFO - Sync 1 DAGs
[2025-01-31T21:12:21.302+0000] {logging_mixin.py:190} INFO - [2025-01-31T21:12:21.302+0000] {dag.py:4180} INFO - Setting next_dagrun for latest_only to 2025-01-31 16:00:00+00:00, run_after=2025-01-31 20:00:00+00:00
[2025-01-31T21:12:21.314+0000] {processor.py:208} INFO - Processing /home/airflow/.local/lib/python3.12/site-packages/airflow/example_dags/example_latest_only.py took 0.056 seconds
[2025-01-31T21:12:52.108+0000] {processor.py:186} INFO - Started process (PID=2615) to work on /home/airflow/.local/lib/python3.12/site-packages/airflow/example_dags/example_latest_only.py
[2025-01-31T21:12:52.109+0000] {processor.py:914} INFO - Processing file /home/airflow/.local/lib/python3.12/site-packages/airflow/example_dags/example_latest_only.py for tasks to queue
[2025-01-31T21:12:52.111+0000] {logging_mixin.py:190} INFO - [2025-01-31T21:12:52.111+0000] {dagbag.py:588} INFO - Filling up the DagBag from /home/airflow/.local/lib/python3.12/site-packages/airflow/example_dags/example_latest_only.py
[2025-01-31T21:12:52.118+0000] {processor.py:925} INFO - DAG(s) 'latest_only' retrieved from /home/airflow/.local/lib/python3.12/site-packages/airflow/example_dags/example_latest_only.py
[2025-01-31T21:12:52.138+0000] {logging_mixin.py:190} INFO - [2025-01-31T21:12:52.138+0000] {dag.py:3239} INFO - Sync 1 DAGs
[2025-01-31T21:12:52.163+0000] {logging_mixin.py:190} INFO - [2025-01-31T21:12:52.163+0000] {dag.py:4180} INFO - Setting next_dagrun for latest_only to 2025-01-31 16:00:00+00:00, run_after=2025-01-31 20:00:00+00:00
[2025-01-31T21:12:52.179+0000] {processor.py:208} INFO - Processing /home/airflow/.local/lib/python3.12/site-packages/airflow/example_dags/example_latest_only.py took 0.077 seconds
[2025-01-31T21:13:23.135+0000] {processor.py:186} INFO - Started process (PID=2678) to work on /home/airflow/.local/lib/python3.12/site-packages/airflow/example_dags/example_latest_only.py
[2025-01-31T21:13:23.153+0000] {processor.py:914} INFO - Processing file /home/airflow/.local/lib/python3.12/site-packages/airflow/example_dags/example_latest_only.py for tasks to queue
[2025-01-31T21:13:23.155+0000] {logging_mixin.py:190} INFO - [2025-01-31T21:13:23.155+0000] {dagbag.py:588} INFO - Filling up the DagBag from /home/airflow/.local/lib/python3.12/site-packages/airflow/example_dags/example_latest_only.py
[2025-01-31T21:13:23.163+0000] {processor.py:925} INFO - DAG(s) 'latest_only' retrieved from /home/airflow/.local/lib/python3.12/site-packages/airflow/example_dags/example_latest_only.py
[2025-01-31T21:13:23.222+0000] {logging_mixin.py:190} INFO - [2025-01-31T21:13:23.221+0000] {dag.py:3239} INFO - Sync 1 DAGs
[2025-01-31T21:13:23.254+0000] {logging_mixin.py:190} INFO - [2025-01-31T21:13:23.254+0000] {dag.py:4180} INFO - Setting next_dagrun for latest_only to 2025-01-31 16:00:00+00:00, run_after=2025-01-31 20:00:00+00:00
[2025-01-31T21:13:23.271+0000] {processor.py:208} INFO - Processing /home/airflow/.local/lib/python3.12/site-packages/airflow/example_dags/example_latest_only.py took 0.150 seconds
[2025-01-31T21:13:54.232+0000] {processor.py:186} INFO - Started process (PID=2741) to work on /home/airflow/.local/lib/python3.12/site-packages/airflow/example_dags/example_latest_only.py
[2025-01-31T21:13:54.232+0000] {processor.py:914} INFO - Processing file /home/airflow/.local/lib/python3.12/site-packages/airflow/example_dags/example_latest_only.py for tasks to queue
[2025-01-31T21:13:54.234+0000] {logging_mixin.py:190} INFO - [2025-01-31T21:13:54.234+0000] {dagbag.py:588} INFO - Filling up the DagBag from /home/airflow/.local/lib/python3.12/site-packages/airflow/example_dags/example_latest_only.py
[2025-01-31T21:13:54.240+0000] {processor.py:925} INFO - DAG(s) 'latest_only' retrieved from /home/airflow/.local/lib/python3.12/site-packages/airflow/example_dags/example_latest_only.py
[2025-01-31T21:13:54.254+0000] {logging_mixin.py:190} INFO - [2025-01-31T21:13:54.254+0000] {dag.py:3239} INFO - Sync 1 DAGs
[2025-01-31T21:13:54.421+0000] {logging_mixin.py:190} INFO - [2025-01-31T21:13:54.420+0000] {dag.py:4180} INFO - Setting next_dagrun for latest_only to 2025-01-31 16:00:00+00:00, run_after=2025-01-31 20:00:00+00:00
[2025-01-31T21:13:54.432+0000] {processor.py:208} INFO - Processing /home/airflow/.local/lib/python3.12/site-packages/airflow/example_dags/example_latest_only.py took 0.205 seconds
[2025-01-31T21:14:24.991+0000] {processor.py:186} INFO - Started process (PID=2804) to work on /home/airflow/.local/lib/python3.12/site-packages/airflow/example_dags/example_latest_only.py
[2025-01-31T21:14:24.992+0000] {processor.py:914} INFO - Processing file /home/airflow/.local/lib/python3.12/site-packages/airflow/example_dags/example_latest_only.py for tasks to queue
[2025-01-31T21:14:24.993+0000] {logging_mixin.py:190} INFO - [2025-01-31T21:14:24.993+0000] {dagbag.py:588} INFO - Filling up the DagBag from /home/airflow/.local/lib/python3.12/site-packages/airflow/example_dags/example_latest_only.py
[2025-01-31T21:14:24.999+0000] {processor.py:925} INFO - DAG(s) 'latest_only' retrieved from /home/airflow/.local/lib/python3.12/site-packages/airflow/example_dags/example_latest_only.py
[2025-01-31T21:14:25.013+0000] {logging_mixin.py:190} INFO - [2025-01-31T21:14:25.013+0000] {dag.py:3239} INFO - Sync 1 DAGs
[2025-01-31T21:14:25.180+0000] {logging_mixin.py:190} INFO - [2025-01-31T21:14:25.180+0000] {dag.py:4180} INFO - Setting next_dagrun for latest_only to 2025-01-31 16:00:00+00:00, run_after=2025-01-31 20:00:00+00:00
[2025-01-31T21:14:25.192+0000] {processor.py:208} INFO - Processing /home/airflow/.local/lib/python3.12/site-packages/airflow/example_dags/example_latest_only.py took 0.205 seconds
[2025-01-31T21:14:55.938+0000] {processor.py:186} INFO - Started process (PID=2866) to work on /home/airflow/.local/lib/python3.12/site-packages/airflow/example_dags/example_latest_only.py
[2025-01-31T21:14:55.939+0000] {processor.py:914} INFO - Processing file /home/airflow/.local/lib/python3.12/site-packages/airflow/example_dags/example_latest_only.py for tasks to queue
[2025-01-31T21:14:55.940+0000] {logging_mixin.py:190} INFO - [2025-01-31T21:14:55.940+0000] {dagbag.py:588} INFO - Filling up the DagBag from /home/airflow/.local/lib/python3.12/site-packages/airflow/example_dags/example_latest_only.py
[2025-01-31T21:14:55.946+0000] {processor.py:925} INFO - DAG(s) 'latest_only' retrieved from /home/airflow/.local/lib/python3.12/site-packages/airflow/example_dags/example_latest_only.py
[2025-01-31T21:14:55.960+0000] {logging_mixin.py:190} INFO - [2025-01-31T21:14:55.960+0000] {dag.py:3239} INFO - Sync 1 DAGs
[2025-01-31T21:14:56.158+0000] {logging_mixin.py:190} INFO - [2025-01-31T21:14:56.158+0000] {dag.py:4180} INFO - Setting next_dagrun for latest_only to 2025-01-31 16:00:00+00:00, run_after=2025-01-31 20:00:00+00:00
[2025-01-31T21:14:56.170+0000] {processor.py:208} INFO - Processing /home/airflow/.local/lib/python3.12/site-packages/airflow/example_dags/example_latest_only.py took 0.236 seconds
[2025-01-31T21:15:26.950+0000] {processor.py:186} INFO - Started process (PID=2929) to work on /home/airflow/.local/lib/python3.12/site-packages/airflow/example_dags/example_latest_only.py
[2025-01-31T21:15:26.951+0000] {processor.py:914} INFO - Processing file /home/airflow/.local/lib/python3.12/site-packages/airflow/example_dags/example_latest_only.py for tasks to queue
[2025-01-31T21:15:26.954+0000] {logging_mixin.py:190} INFO - [2025-01-31T21:15:26.953+0000] {dagbag.py:588} INFO - Filling up the DagBag from /home/airflow/.local/lib/python3.12/site-packages/airflow/example_dags/example_latest_only.py
[2025-01-31T21:15:26.962+0000] {processor.py:925} INFO - DAG(s) 'latest_only' retrieved from /home/airflow/.local/lib/python3.12/site-packages/airflow/example_dags/example_latest_only.py
[2025-01-31T21:15:26.982+0000] {logging_mixin.py:190} INFO - [2025-01-31T21:15:26.982+0000] {dag.py:3239} INFO - Sync 1 DAGs
[2025-01-31T21:15:27.010+0000] {logging_mixin.py:190} INFO - [2025-01-31T21:15:27.010+0000] {dag.py:4180} INFO - Setting next_dagrun for latest_only to 2025-01-31 16:00:00+00:00, run_after=2025-01-31 20:00:00+00:00
[2025-01-31T21:15:27.028+0000] {processor.py:208} INFO - Processing /home/airflow/.local/lib/python3.12/site-packages/airflow/example_dags/example_latest_only.py took 0.084 seconds
[2025-01-31T21:15:57.417+0000] {processor.py:186} INFO - Started process (PID=2993) to work on /home/airflow/.local/lib/python3.12/site-packages/airflow/example_dags/example_latest_only.py
[2025-01-31T21:15:57.417+0000] {processor.py:914} INFO - Processing file /home/airflow/.local/lib/python3.12/site-packages/airflow/example_dags/example_latest_only.py for tasks to queue
[2025-01-31T21:15:57.420+0000] {logging_mixin.py:190} INFO - [2025-01-31T21:15:57.419+0000] {dagbag.py:588} INFO - Filling up the DagBag from /home/airflow/.local/lib/python3.12/site-packages/airflow/example_dags/example_latest_only.py
[2025-01-31T21:15:57.427+0000] {processor.py:925} INFO - DAG(s) 'latest_only' retrieved from /home/airflow/.local/lib/python3.12/site-packages/airflow/example_dags/example_latest_only.py
[2025-01-31T21:15:57.447+0000] {logging_mixin.py:190} INFO - [2025-01-31T21:15:57.446+0000] {dag.py:3239} INFO - Sync 1 DAGs
[2025-01-31T21:15:57.473+0000] {logging_mixin.py:190} INFO - [2025-01-31T21:15:57.473+0000] {dag.py:4180} INFO - Setting next_dagrun for latest_only to 2025-01-31 16:00:00+00:00, run_after=2025-01-31 20:00:00+00:00
[2025-01-31T21:15:57.490+0000] {processor.py:208} INFO - Processing /home/airflow/.local/lib/python3.12/site-packages/airflow/example_dags/example_latest_only.py took 0.079 seconds
[2025-01-31T21:16:28.004+0000] {processor.py:186} INFO - Started process (PID=3056) to work on /home/airflow/.local/lib/python3.12/site-packages/airflow/example_dags/example_latest_only.py
[2025-01-31T21:16:28.006+0000] {processor.py:914} INFO - Processing file /home/airflow/.local/lib/python3.12/site-packages/airflow/example_dags/example_latest_only.py for tasks to queue
[2025-01-31T21:16:28.008+0000] {logging_mixin.py:190} INFO - [2025-01-31T21:16:28.008+0000] {dagbag.py:588} INFO - Filling up the DagBag from /home/airflow/.local/lib/python3.12/site-packages/airflow/example_dags/example_latest_only.py
[2025-01-31T21:16:28.015+0000] {processor.py:925} INFO - DAG(s) 'latest_only' retrieved from /home/airflow/.local/lib/python3.12/site-packages/airflow/example_dags/example_latest_only.py
[2025-01-31T21:16:28.035+0000] {logging_mixin.py:190} INFO - [2025-01-31T21:16:28.034+0000] {dag.py:3239} INFO - Sync 1 DAGs
[2025-01-31T21:16:28.061+0000] {logging_mixin.py:190} INFO - [2025-01-31T21:16:28.060+0000] {dag.py:4180} INFO - Setting next_dagrun for latest_only to 2025-01-31 16:00:00+00:00, run_after=2025-01-31 20:00:00+00:00
[2025-01-31T21:16:28.077+0000] {processor.py:208} INFO - Processing /home/airflow/.local/lib/python3.12/site-packages/airflow/example_dags/example_latest_only.py took 0.080 seconds
[2025-01-31T21:16:58.496+0000] {processor.py:186} INFO - Started process (PID=3119) to work on /home/airflow/.local/lib/python3.12/site-packages/airflow/example_dags/example_latest_only.py
[2025-01-31T21:16:58.497+0000] {processor.py:914} INFO - Processing file /home/airflow/.local/lib/python3.12/site-packages/airflow/example_dags/example_latest_only.py for tasks to queue
[2025-01-31T21:16:58.499+0000] {logging_mixin.py:190} INFO - [2025-01-31T21:16:58.499+0000] {dagbag.py:588} INFO - Filling up the DagBag from /home/airflow/.local/lib/python3.12/site-packages/airflow/example_dags/example_latest_only.py
[2025-01-31T21:16:58.511+0000] {processor.py:925} INFO - DAG(s) 'latest_only' retrieved from /home/airflow/.local/lib/python3.12/site-packages/airflow/example_dags/example_latest_only.py
[2025-01-31T21:16:58.546+0000] {logging_mixin.py:190} INFO - [2025-01-31T21:16:58.545+0000] {dag.py:3239} INFO - Sync 1 DAGs
[2025-01-31T21:16:58.596+0000] {logging_mixin.py:190} INFO - [2025-01-31T21:16:58.596+0000] {dag.py:4180} INFO - Setting next_dagrun for latest_only to 2025-01-31 16:00:00+00:00, run_after=2025-01-31 20:00:00+00:00
[2025-01-31T21:16:58.633+0000] {processor.py:208} INFO - Processing /home/airflow/.local/lib/python3.12/site-packages/airflow/example_dags/example_latest_only.py took 0.151 seconds
[2025-01-31T21:17:30.190+0000] {processor.py:186} INFO - Started process (PID=3182) to work on /home/airflow/.local/lib/python3.12/site-packages/airflow/example_dags/example_latest_only.py
[2025-01-31T21:17:30.196+0000] {processor.py:914} INFO - Processing file /home/airflow/.local/lib/python3.12/site-packages/airflow/example_dags/example_latest_only.py for tasks to queue
[2025-01-31T21:17:30.205+0000] {logging_mixin.py:190} INFO - [2025-01-31T21:17:30.205+0000] {dagbag.py:588} INFO - Filling up the DagBag from /home/airflow/.local/lib/python3.12/site-packages/airflow/example_dags/example_latest_only.py
[2025-01-31T21:17:30.227+0000] {processor.py:925} INFO - DAG(s) 'latest_only' retrieved from /home/airflow/.local/lib/python3.12/site-packages/airflow/example_dags/example_latest_only.py
[2025-01-31T21:17:30.259+0000] {logging_mixin.py:190} INFO - [2025-01-31T21:17:30.258+0000] {dag.py:3239} INFO - Sync 1 DAGs
[2025-01-31T21:17:30.317+0000] {logging_mixin.py:190} INFO - [2025-01-31T21:17:30.317+0000] {dag.py:4180} INFO - Setting next_dagrun for latest_only to 2025-01-31 16:00:00+00:00, run_after=2025-01-31 20:00:00+00:00
[2025-01-31T21:17:30.347+0000] {processor.py:208} INFO - Processing /home/airflow/.local/lib/python3.12/site-packages/airflow/example_dags/example_latest_only.py took 0.179 seconds
[2025-01-31T21:18:01.325+0000] {processor.py:186} INFO - Started process (PID=3245) to work on /home/airflow/.local/lib/python3.12/site-packages/airflow/example_dags/example_latest_only.py
[2025-01-31T21:18:01.326+0000] {processor.py:914} INFO - Processing file /home/airflow/.local/lib/python3.12/site-packages/airflow/example_dags/example_latest_only.py for tasks to queue
[2025-01-31T21:18:01.328+0000] {logging_mixin.py:190} INFO - [2025-01-31T21:18:01.328+0000] {dagbag.py:588} INFO - Filling up the DagBag from /home/airflow/.local/lib/python3.12/site-packages/airflow/example_dags/example_latest_only.py
[2025-01-31T21:18:01.335+0000] {processor.py:925} INFO - DAG(s) 'latest_only' retrieved from /home/airflow/.local/lib/python3.12/site-packages/airflow/example_dags/example_latest_only.py
[2025-01-31T21:18:01.354+0000] {logging_mixin.py:190} INFO - [2025-01-31T21:18:01.354+0000] {dag.py:3239} INFO - Sync 1 DAGs
[2025-01-31T21:18:01.381+0000] {logging_mixin.py:190} INFO - [2025-01-31T21:18:01.381+0000] {dag.py:4180} INFO - Setting next_dagrun for latest_only to 2025-01-31 16:00:00+00:00, run_after=2025-01-31 20:00:00+00:00
[2025-01-31T21:18:01.395+0000] {processor.py:208} INFO - Processing /home/airflow/.local/lib/python3.12/site-packages/airflow/example_dags/example_latest_only.py took 0.077 seconds
