[2025-01-31T20:52:34.820+0000] {processor.py:186} INFO - Started process (PID=96) to work on /home/airflow/.local/lib/python3.12/site-packages/airflow/example_dags/example_external_task_marker_dag.py
[2025-01-31T20:52:34.829+0000] {processor.py:914} INFO - Processing file /home/airflow/.local/lib/python3.12/site-packages/airflow/example_dags/example_external_task_marker_dag.py for tasks to queue
[2025-01-31T20:52:34.836+0000] {logging_mixin.py:190} INFO - [2025-01-31T20:52:34.835+0000] {dagbag.py:588} INFO - Filling up the DagBag from /home/airflow/.local/lib/python3.12/site-packages/airflow/example_dags/example_external_task_marker_dag.py
[2025-01-31T20:52:34.867+0000] {processor.py:925} INFO - DAG(s) 'example_external_task_marker_child', 'example_external_task_marker_parent' retrieved from /home/airflow/.local/lib/python3.12/site-packages/airflow/example_dags/example_external_task_marker_dag.py
[2025-01-31T20:52:35.321+0000] {logging_mixin.py:190} INFO - [2025-01-31T20:52:35.320+0000] {override.py:1911} INFO - Created Permission View: can delete on DAG:example_external_task_marker_child
[2025-01-31T20:52:35.347+0000] {logging_mixin.py:190} INFO - [2025-01-31T20:52:35.346+0000] {override.py:1911} INFO - Created Permission View: can edit on DAG:example_external_task_marker_child
[2025-01-31T20:52:35.358+0000] {logging_mixin.py:190} INFO - [2025-01-31T20:52:35.357+0000] {override.py:1911} INFO - Created Permission View: can read on DAG:example_external_task_marker_child
[2025-01-31T20:52:35.371+0000] {logging_mixin.py:190} INFO - [2025-01-31T20:52:35.371+0000] {override.py:1911} INFO - Created Permission View: menu access on DAG Run:example_external_task_marker_child
[2025-01-31T20:52:35.397+0000] {logging_mixin.py:190} INFO - [2025-01-31T20:52:35.397+0000] {override.py:1911} INFO - Created Permission View: can delete on DAG Run:example_external_task_marker_child
[2025-01-31T20:52:35.429+0000] {logging_mixin.py:190} INFO - [2025-01-31T20:52:35.428+0000] {override.py:1911} INFO - Created Permission View: can create on DAG Run:example_external_task_marker_child
[2025-01-31T20:52:35.450+0000] {logging_mixin.py:190} INFO - [2025-01-31T20:52:35.450+0000] {override.py:1911} INFO - Created Permission View: can read on DAG Run:example_external_task_marker_child
[2025-01-31T20:52:35.520+0000] {logging_mixin.py:190} INFO - [2025-01-31T20:52:35.519+0000] {override.py:1911} INFO - Created Permission View: can delete on DAG:example_external_task_marker_parent
[2025-01-31T20:52:35.535+0000] {logging_mixin.py:190} INFO - [2025-01-31T20:52:35.535+0000] {override.py:1911} INFO - Created Permission View: can edit on DAG:example_external_task_marker_parent
[2025-01-31T20:52:35.554+0000] {logging_mixin.py:190} INFO - [2025-01-31T20:52:35.553+0000] {override.py:1911} INFO - Created Permission View: can read on DAG:example_external_task_marker_parent
[2025-01-31T20:52:35.575+0000] {logging_mixin.py:190} INFO - [2025-01-31T20:52:35.575+0000] {override.py:1911} INFO - Created Permission View: menu access on DAG Run:example_external_task_marker_parent
[2025-01-31T20:52:35.590+0000] {logging_mixin.py:190} INFO - [2025-01-31T20:52:35.590+0000] {override.py:1911} INFO - Created Permission View: can delete on DAG Run:example_external_task_marker_parent
[2025-01-31T20:52:35.598+0000] {logging_mixin.py:190} INFO - [2025-01-31T20:52:35.598+0000] {override.py:1911} INFO - Created Permission View: can create on DAG Run:example_external_task_marker_parent
[2025-01-31T20:52:35.609+0000] {logging_mixin.py:190} INFO - [2025-01-31T20:52:35.609+0000] {override.py:1911} INFO - Created Permission View: can read on DAG Run:example_external_task_marker_parent
[2025-01-31T20:52:35.610+0000] {logging_mixin.py:190} INFO - [2025-01-31T20:52:35.610+0000] {dag.py:3239} INFO - Sync 2 DAGs
[2025-01-31T20:52:35.646+0000] {logging_mixin.py:190} INFO - [2025-01-31T20:52:35.646+0000] {dag.py:3262} INFO - Creating ORM DAG for example_external_task_marker_child
[2025-01-31T20:52:35.647+0000] {logging_mixin.py:190} INFO - [2025-01-31T20:52:35.647+0000] {dag.py:3262} INFO - Creating ORM DAG for example_external_task_marker_parent
[2025-01-31T20:52:35.648+0000] {logging_mixin.py:190} INFO - [2025-01-31T20:52:35.647+0000] {dag.py:4180} INFO - Setting next_dagrun for example_external_task_marker_child to None, run_after=None
[2025-01-31T20:52:35.658+0000] {logging_mixin.py:190} INFO - [2025-01-31T20:52:35.658+0000] {dag.py:4180} INFO - Setting next_dagrun for example_external_task_marker_parent to None, run_after=None
[2025-01-31T20:52:35.704+0000] {processor.py:208} INFO - Processing /home/airflow/.local/lib/python3.12/site-packages/airflow/example_dags/example_external_task_marker_dag.py took 0.904 seconds
[2025-01-31T20:53:06.048+0000] {processor.py:186} INFO - Started process (PID=158) to work on /home/airflow/.local/lib/python3.12/site-packages/airflow/example_dags/example_external_task_marker_dag.py
[2025-01-31T20:53:06.049+0000] {processor.py:914} INFO - Processing file /home/airflow/.local/lib/python3.12/site-packages/airflow/example_dags/example_external_task_marker_dag.py for tasks to queue
[2025-01-31T20:53:06.051+0000] {logging_mixin.py:190} INFO - [2025-01-31T20:53:06.051+0000] {dagbag.py:588} INFO - Filling up the DagBag from /home/airflow/.local/lib/python3.12/site-packages/airflow/example_dags/example_external_task_marker_dag.py
[2025-01-31T20:53:06.059+0000] {processor.py:925} INFO - DAG(s) 'example_external_task_marker_parent', 'example_external_task_marker_child' retrieved from /home/airflow/.local/lib/python3.12/site-packages/airflow/example_dags/example_external_task_marker_dag.py
[2025-01-31T20:53:06.083+0000] {logging_mixin.py:190} INFO - [2025-01-31T20:53:06.083+0000] {dag.py:3239} INFO - Sync 2 DAGs
[2025-01-31T20:53:06.099+0000] {logging_mixin.py:190} INFO - [2025-01-31T20:53:06.099+0000] {dag.py:4180} INFO - Setting next_dagrun for example_external_task_marker_child to None, run_after=None
[2025-01-31T20:53:06.102+0000] {logging_mixin.py:190} INFO - [2025-01-31T20:53:06.102+0000] {dag.py:4180} INFO - Setting next_dagrun for example_external_task_marker_parent to None, run_after=None
[2025-01-31T20:53:06.116+0000] {processor.py:208} INFO - Processing /home/airflow/.local/lib/python3.12/site-packages/airflow/example_dags/example_external_task_marker_dag.py took 0.073 seconds
[2025-01-31T20:53:36.478+0000] {processor.py:186} INFO - Started process (PID=221) to work on /home/airflow/.local/lib/python3.12/site-packages/airflow/example_dags/example_external_task_marker_dag.py
[2025-01-31T20:53:36.478+0000] {processor.py:914} INFO - Processing file /home/airflow/.local/lib/python3.12/site-packages/airflow/example_dags/example_external_task_marker_dag.py for tasks to queue
[2025-01-31T20:53:36.481+0000] {logging_mixin.py:190} INFO - [2025-01-31T20:53:36.481+0000] {dagbag.py:588} INFO - Filling up the DagBag from /home/airflow/.local/lib/python3.12/site-packages/airflow/example_dags/example_external_task_marker_dag.py
[2025-01-31T20:53:36.491+0000] {processor.py:925} INFO - DAG(s) 'example_external_task_marker_child', 'example_external_task_marker_parent' retrieved from /home/airflow/.local/lib/python3.12/site-packages/airflow/example_dags/example_external_task_marker_dag.py
[2025-01-31T20:53:36.548+0000] {logging_mixin.py:190} INFO - [2025-01-31T20:53:36.547+0000] {dag.py:3239} INFO - Sync 2 DAGs
[2025-01-31T20:53:36.566+0000] {logging_mixin.py:190} INFO - [2025-01-31T20:53:36.566+0000] {dag.py:4180} INFO - Setting next_dagrun for example_external_task_marker_child to None, run_after=None
[2025-01-31T20:53:36.581+0000] {logging_mixin.py:190} INFO - [2025-01-31T20:53:36.574+0000] {dag.py:4180} INFO - Setting next_dagrun for example_external_task_marker_parent to None, run_after=None
[2025-01-31T20:53:36.623+0000] {processor.py:208} INFO - Processing /home/airflow/.local/lib/python3.12/site-packages/airflow/example_dags/example_external_task_marker_dag.py took 0.160 seconds
[2025-01-31T20:54:06.859+0000] {processor.py:186} INFO - Started process (PID=284) to work on /home/airflow/.local/lib/python3.12/site-packages/airflow/example_dags/example_external_task_marker_dag.py
[2025-01-31T20:54:06.865+0000] {processor.py:914} INFO - Processing file /home/airflow/.local/lib/python3.12/site-packages/airflow/example_dags/example_external_task_marker_dag.py for tasks to queue
[2025-01-31T20:54:06.867+0000] {logging_mixin.py:190} INFO - [2025-01-31T20:54:06.866+0000] {dagbag.py:588} INFO - Filling up the DagBag from /home/airflow/.local/lib/python3.12/site-packages/airflow/example_dags/example_external_task_marker_dag.py
[2025-01-31T20:54:06.873+0000] {processor.py:925} INFO - DAG(s) 'example_external_task_marker_child', 'example_external_task_marker_parent' retrieved from /home/airflow/.local/lib/python3.12/site-packages/airflow/example_dags/example_external_task_marker_dag.py
[2025-01-31T20:54:06.889+0000] {logging_mixin.py:190} INFO - [2025-01-31T20:54:06.888+0000] {dag.py:3239} INFO - Sync 2 DAGs
[2025-01-31T20:54:06.899+0000] {logging_mixin.py:190} INFO - [2025-01-31T20:54:06.899+0000] {dag.py:4180} INFO - Setting next_dagrun for example_external_task_marker_child to None, run_after=None
[2025-01-31T20:54:06.901+0000] {logging_mixin.py:190} INFO - [2025-01-31T20:54:06.901+0000] {dag.py:4180} INFO - Setting next_dagrun for example_external_task_marker_parent to None, run_after=None
[2025-01-31T20:54:06.911+0000] {processor.py:208} INFO - Processing /home/airflow/.local/lib/python3.12/site-packages/airflow/example_dags/example_external_task_marker_dag.py took 0.057 seconds
[2025-01-31T20:54:37.182+0000] {processor.py:186} INFO - Started process (PID=347) to work on /home/airflow/.local/lib/python3.12/site-packages/airflow/example_dags/example_external_task_marker_dag.py
[2025-01-31T20:54:37.182+0000] {processor.py:914} INFO - Processing file /home/airflow/.local/lib/python3.12/site-packages/airflow/example_dags/example_external_task_marker_dag.py for tasks to queue
[2025-01-31T20:54:37.184+0000] {logging_mixin.py:190} INFO - [2025-01-31T20:54:37.183+0000] {dagbag.py:588} INFO - Filling up the DagBag from /home/airflow/.local/lib/python3.12/site-packages/airflow/example_dags/example_external_task_marker_dag.py
[2025-01-31T20:54:37.189+0000] {processor.py:925} INFO - DAG(s) 'example_external_task_marker_parent', 'example_external_task_marker_child' retrieved from /home/airflow/.local/lib/python3.12/site-packages/airflow/example_dags/example_external_task_marker_dag.py
[2025-01-31T20:54:37.205+0000] {logging_mixin.py:190} INFO - [2025-01-31T20:54:37.205+0000] {dag.py:3239} INFO - Sync 2 DAGs
[2025-01-31T20:54:37.215+0000] {logging_mixin.py:190} INFO - [2025-01-31T20:54:37.215+0000] {dag.py:4180} INFO - Setting next_dagrun for example_external_task_marker_child to None, run_after=None
[2025-01-31T20:54:37.218+0000] {logging_mixin.py:190} INFO - [2025-01-31T20:54:37.218+0000] {dag.py:4180} INFO - Setting next_dagrun for example_external_task_marker_parent to None, run_after=None
[2025-01-31T20:54:37.228+0000] {processor.py:208} INFO - Processing /home/airflow/.local/lib/python3.12/site-packages/airflow/example_dags/example_external_task_marker_dag.py took 0.051 seconds
[2025-01-31T20:55:07.746+0000] {processor.py:186} INFO - Started process (PID=411) to work on /home/airflow/.local/lib/python3.12/site-packages/airflow/example_dags/example_external_task_marker_dag.py
[2025-01-31T20:55:07.747+0000] {processor.py:914} INFO - Processing file /home/airflow/.local/lib/python3.12/site-packages/airflow/example_dags/example_external_task_marker_dag.py for tasks to queue
[2025-01-31T20:55:07.748+0000] {logging_mixin.py:190} INFO - [2025-01-31T20:55:07.748+0000] {dagbag.py:588} INFO - Filling up the DagBag from /home/airflow/.local/lib/python3.12/site-packages/airflow/example_dags/example_external_task_marker_dag.py
[2025-01-31T20:55:07.754+0000] {processor.py:925} INFO - DAG(s) 'example_external_task_marker_child', 'example_external_task_marker_parent' retrieved from /home/airflow/.local/lib/python3.12/site-packages/airflow/example_dags/example_external_task_marker_dag.py
[2025-01-31T20:55:07.770+0000] {logging_mixin.py:190} INFO - [2025-01-31T20:55:07.770+0000] {dag.py:3239} INFO - Sync 2 DAGs
[2025-01-31T20:55:07.781+0000] {logging_mixin.py:190} INFO - [2025-01-31T20:55:07.780+0000] {dag.py:4180} INFO - Setting next_dagrun for example_external_task_marker_child to None, run_after=None
[2025-01-31T20:55:07.783+0000] {logging_mixin.py:190} INFO - [2025-01-31T20:55:07.783+0000] {dag.py:4180} INFO - Setting next_dagrun for example_external_task_marker_parent to None, run_after=None
[2025-01-31T20:55:07.793+0000] {processor.py:208} INFO - Processing /home/airflow/.local/lib/python3.12/site-packages/airflow/example_dags/example_external_task_marker_dag.py took 0.051 seconds
[2025-01-31T20:55:38.491+0000] {processor.py:186} INFO - Started process (PID=475) to work on /home/airflow/.local/lib/python3.12/site-packages/airflow/example_dags/example_external_task_marker_dag.py
[2025-01-31T20:55:38.491+0000] {processor.py:914} INFO - Processing file /home/airflow/.local/lib/python3.12/site-packages/airflow/example_dags/example_external_task_marker_dag.py for tasks to queue
[2025-01-31T20:55:38.493+0000] {logging_mixin.py:190} INFO - [2025-01-31T20:55:38.493+0000] {dagbag.py:588} INFO - Filling up the DagBag from /home/airflow/.local/lib/python3.12/site-packages/airflow/example_dags/example_external_task_marker_dag.py
[2025-01-31T20:55:38.499+0000] {processor.py:925} INFO - DAG(s) 'example_external_task_marker_parent', 'example_external_task_marker_child' retrieved from /home/airflow/.local/lib/python3.12/site-packages/airflow/example_dags/example_external_task_marker_dag.py
[2025-01-31T20:55:38.515+0000] {logging_mixin.py:190} INFO - [2025-01-31T20:55:38.515+0000] {dag.py:3239} INFO - Sync 2 DAGs
[2025-01-31T20:55:38.525+0000] {logging_mixin.py:190} INFO - [2025-01-31T20:55:38.525+0000] {dag.py:4180} INFO - Setting next_dagrun for example_external_task_marker_child to None, run_after=None
[2025-01-31T20:55:38.528+0000] {logging_mixin.py:190} INFO - [2025-01-31T20:55:38.528+0000] {dag.py:4180} INFO - Setting next_dagrun for example_external_task_marker_parent to None, run_after=None
[2025-01-31T20:55:38.538+0000] {processor.py:208} INFO - Processing /home/airflow/.local/lib/python3.12/site-packages/airflow/example_dags/example_external_task_marker_dag.py took 0.052 seconds
[2025-01-31T20:56:09.771+0000] {processor.py:186} INFO - Started process (PID=539) to work on /home/airflow/.local/lib/python3.12/site-packages/airflow/example_dags/example_external_task_marker_dag.py
[2025-01-31T20:56:09.771+0000] {processor.py:914} INFO - Processing file /home/airflow/.local/lib/python3.12/site-packages/airflow/example_dags/example_external_task_marker_dag.py for tasks to queue
[2025-01-31T20:56:09.773+0000] {logging_mixin.py:190} INFO - [2025-01-31T20:56:09.773+0000] {dagbag.py:588} INFO - Filling up the DagBag from /home/airflow/.local/lib/python3.12/site-packages/airflow/example_dags/example_external_task_marker_dag.py
[2025-01-31T20:56:09.779+0000] {processor.py:925} INFO - DAG(s) 'example_external_task_marker_parent', 'example_external_task_marker_child' retrieved from /home/airflow/.local/lib/python3.12/site-packages/airflow/example_dags/example_external_task_marker_dag.py
[2025-01-31T20:56:09.794+0000] {logging_mixin.py:190} INFO - [2025-01-31T20:56:09.794+0000] {dag.py:3239} INFO - Sync 2 DAGs
[2025-01-31T20:56:09.805+0000] {logging_mixin.py:190} INFO - [2025-01-31T20:56:09.804+0000] {dag.py:4180} INFO - Setting next_dagrun for example_external_task_marker_child to None, run_after=None
[2025-01-31T20:56:09.807+0000] {logging_mixin.py:190} INFO - [2025-01-31T20:56:09.807+0000] {dag.py:4180} INFO - Setting next_dagrun for example_external_task_marker_parent to None, run_after=None
[2025-01-31T20:56:09.817+0000] {processor.py:208} INFO - Processing /home/airflow/.local/lib/python3.12/site-packages/airflow/example_dags/example_external_task_marker_dag.py took 0.051 seconds
[2025-01-31T20:56:41.019+0000] {processor.py:186} INFO - Started process (PID=602) to work on /home/airflow/.local/lib/python3.12/site-packages/airflow/example_dags/example_external_task_marker_dag.py
[2025-01-31T20:56:41.019+0000] {processor.py:914} INFO - Processing file /home/airflow/.local/lib/python3.12/site-packages/airflow/example_dags/example_external_task_marker_dag.py for tasks to queue
[2025-01-31T20:56:41.021+0000] {logging_mixin.py:190} INFO - [2025-01-31T20:56:41.021+0000] {dagbag.py:588} INFO - Filling up the DagBag from /home/airflow/.local/lib/python3.12/site-packages/airflow/example_dags/example_external_task_marker_dag.py
[2025-01-31T20:56:41.029+0000] {processor.py:925} INFO - DAG(s) 'example_external_task_marker_parent', 'example_external_task_marker_child' retrieved from /home/airflow/.local/lib/python3.12/site-packages/airflow/example_dags/example_external_task_marker_dag.py
[2025-01-31T20:56:41.050+0000] {logging_mixin.py:190} INFO - [2025-01-31T20:56:41.050+0000] {dag.py:3239} INFO - Sync 2 DAGs
[2025-01-31T20:56:41.066+0000] {logging_mixin.py:190} INFO - [2025-01-31T20:56:41.066+0000] {dag.py:4180} INFO - Setting next_dagrun for example_external_task_marker_child to None, run_after=None
[2025-01-31T20:56:41.069+0000] {logging_mixin.py:190} INFO - [2025-01-31T20:56:41.069+0000] {dag.py:4180} INFO - Setting next_dagrun for example_external_task_marker_parent to None, run_after=None
[2025-01-31T20:56:41.081+0000] {processor.py:208} INFO - Processing /home/airflow/.local/lib/python3.12/site-packages/airflow/example_dags/example_external_task_marker_dag.py took 0.069 seconds
[2025-01-31T20:57:12.421+0000] {processor.py:186} INFO - Started process (PID=665) to work on /home/airflow/.local/lib/python3.12/site-packages/airflow/example_dags/example_external_task_marker_dag.py
[2025-01-31T20:57:12.422+0000] {processor.py:914} INFO - Processing file /home/airflow/.local/lib/python3.12/site-packages/airflow/example_dags/example_external_task_marker_dag.py for tasks to queue
[2025-01-31T20:57:12.423+0000] {logging_mixin.py:190} INFO - [2025-01-31T20:57:12.423+0000] {dagbag.py:588} INFO - Filling up the DagBag from /home/airflow/.local/lib/python3.12/site-packages/airflow/example_dags/example_external_task_marker_dag.py
[2025-01-31T20:57:12.431+0000] {processor.py:925} INFO - DAG(s) 'example_external_task_marker_child', 'example_external_task_marker_parent' retrieved from /home/airflow/.local/lib/python3.12/site-packages/airflow/example_dags/example_external_task_marker_dag.py
[2025-01-31T20:57:12.453+0000] {logging_mixin.py:190} INFO - [2025-01-31T20:57:12.453+0000] {dag.py:3239} INFO - Sync 2 DAGs
[2025-01-31T20:57:12.468+0000] {logging_mixin.py:190} INFO - [2025-01-31T20:57:12.468+0000] {dag.py:4180} INFO - Setting next_dagrun for example_external_task_marker_child to None, run_after=None
[2025-01-31T20:57:12.471+0000] {logging_mixin.py:190} INFO - [2025-01-31T20:57:12.471+0000] {dag.py:4180} INFO - Setting next_dagrun for example_external_task_marker_parent to None, run_after=None
[2025-01-31T20:57:12.485+0000] {processor.py:208} INFO - Processing /home/airflow/.local/lib/python3.12/site-packages/airflow/example_dags/example_external_task_marker_dag.py took 0.082 seconds
[2025-01-31T20:57:43.305+0000] {processor.py:186} INFO - Started process (PID=729) to work on /home/airflow/.local/lib/python3.12/site-packages/airflow/example_dags/example_external_task_marker_dag.py
[2025-01-31T20:57:43.306+0000] {processor.py:914} INFO - Processing file /home/airflow/.local/lib/python3.12/site-packages/airflow/example_dags/example_external_task_marker_dag.py for tasks to queue
[2025-01-31T20:57:43.308+0000] {logging_mixin.py:190} INFO - [2025-01-31T20:57:43.308+0000] {dagbag.py:588} INFO - Filling up the DagBag from /home/airflow/.local/lib/python3.12/site-packages/airflow/example_dags/example_external_task_marker_dag.py
[2025-01-31T20:57:43.316+0000] {processor.py:925} INFO - DAG(s) 'example_external_task_marker_child', 'example_external_task_marker_parent' retrieved from /home/airflow/.local/lib/python3.12/site-packages/airflow/example_dags/example_external_task_marker_dag.py
[2025-01-31T20:57:43.337+0000] {logging_mixin.py:190} INFO - [2025-01-31T20:57:43.337+0000] {dag.py:3239} INFO - Sync 2 DAGs
[2025-01-31T20:57:43.351+0000] {logging_mixin.py:190} INFO - [2025-01-31T20:57:43.351+0000] {dag.py:4180} INFO - Setting next_dagrun for example_external_task_marker_child to None, run_after=None
[2025-01-31T20:57:43.355+0000] {logging_mixin.py:190} INFO - [2025-01-31T20:57:43.355+0000] {dag.py:4180} INFO - Setting next_dagrun for example_external_task_marker_parent to None, run_after=None
[2025-01-31T20:57:43.369+0000] {processor.py:208} INFO - Processing /home/airflow/.local/lib/python3.12/site-packages/airflow/example_dags/example_external_task_marker_dag.py took 0.070 seconds
[2025-01-31T20:58:16.720+0000] {processor.py:186} INFO - Started process (PID=799) to work on /home/airflow/.local/lib/python3.12/site-packages/airflow/example_dags/example_external_task_marker_dag.py
[2025-01-31T20:58:16.724+0000] {processor.py:914} INFO - Processing file /home/airflow/.local/lib/python3.12/site-packages/airflow/example_dags/example_external_task_marker_dag.py for tasks to queue
[2025-01-31T20:58:16.726+0000] {logging_mixin.py:190} INFO - [2025-01-31T20:58:16.726+0000] {dagbag.py:588} INFO - Filling up the DagBag from /home/airflow/.local/lib/python3.12/site-packages/airflow/example_dags/example_external_task_marker_dag.py
[2025-01-31T20:58:16.742+0000] {processor.py:925} INFO - DAG(s) 'example_external_task_marker_child', 'example_external_task_marker_parent' retrieved from /home/airflow/.local/lib/python3.12/site-packages/airflow/example_dags/example_external_task_marker_dag.py
[2025-01-31T20:58:16.813+0000] {logging_mixin.py:190} INFO - [2025-01-31T20:58:16.804+0000] {dag.py:3239} INFO - Sync 2 DAGs
[2025-01-31T20:58:16.830+0000] {logging_mixin.py:190} INFO - [2025-01-31T20:58:16.830+0000] {dag.py:4180} INFO - Setting next_dagrun for example_external_task_marker_child to None, run_after=None
[2025-01-31T20:58:16.834+0000] {logging_mixin.py:190} INFO - [2025-01-31T20:58:16.834+0000] {dag.py:4180} INFO - Setting next_dagrun for example_external_task_marker_parent to None, run_after=None
[2025-01-31T20:58:16.868+0000] {processor.py:208} INFO - Processing /home/airflow/.local/lib/python3.12/site-packages/airflow/example_dags/example_external_task_marker_dag.py took 0.174 seconds
[2025-01-31T20:58:48.779+0000] {processor.py:186} INFO - Started process (PID=861) to work on /home/airflow/.local/lib/python3.12/site-packages/airflow/example_dags/example_external_task_marker_dag.py
[2025-01-31T20:58:48.792+0000] {processor.py:914} INFO - Processing file /home/airflow/.local/lib/python3.12/site-packages/airflow/example_dags/example_external_task_marker_dag.py for tasks to queue
[2025-01-31T20:58:48.804+0000] {logging_mixin.py:190} INFO - [2025-01-31T20:58:48.794+0000] {dagbag.py:588} INFO - Filling up the DagBag from /home/airflow/.local/lib/python3.12/site-packages/airflow/example_dags/example_external_task_marker_dag.py
[2025-01-31T20:58:48.827+0000] {processor.py:925} INFO - DAG(s) 'example_external_task_marker_child', 'example_external_task_marker_parent' retrieved from /home/airflow/.local/lib/python3.12/site-packages/airflow/example_dags/example_external_task_marker_dag.py
[2025-01-31T20:58:48.876+0000] {logging_mixin.py:190} INFO - [2025-01-31T20:58:48.876+0000] {dag.py:3239} INFO - Sync 2 DAGs
[2025-01-31T20:58:48.921+0000] {logging_mixin.py:190} INFO - [2025-01-31T20:58:48.921+0000] {dag.py:4180} INFO - Setting next_dagrun for example_external_task_marker_child to None, run_after=None
[2025-01-31T20:58:48.957+0000] {logging_mixin.py:190} INFO - [2025-01-31T20:58:48.957+0000] {dag.py:4180} INFO - Setting next_dagrun for example_external_task_marker_parent to None, run_after=None
[2025-01-31T20:58:49.024+0000] {processor.py:208} INFO - Processing /home/airflow/.local/lib/python3.12/site-packages/airflow/example_dags/example_external_task_marker_dag.py took 0.252 seconds
[2025-01-31T20:59:19.277+0000] {processor.py:186} INFO - Started process (PID=925) to work on /home/airflow/.local/lib/python3.12/site-packages/airflow/example_dags/example_external_task_marker_dag.py
[2025-01-31T20:59:19.278+0000] {processor.py:914} INFO - Processing file /home/airflow/.local/lib/python3.12/site-packages/airflow/example_dags/example_external_task_marker_dag.py for tasks to queue
[2025-01-31T20:59:19.280+0000] {logging_mixin.py:190} INFO - [2025-01-31T20:59:19.280+0000] {dagbag.py:588} INFO - Filling up the DagBag from /home/airflow/.local/lib/python3.12/site-packages/airflow/example_dags/example_external_task_marker_dag.py
[2025-01-31T20:59:19.289+0000] {processor.py:925} INFO - DAG(s) 'example_external_task_marker_parent', 'example_external_task_marker_child' retrieved from /home/airflow/.local/lib/python3.12/site-packages/airflow/example_dags/example_external_task_marker_dag.py
[2025-01-31T20:59:19.317+0000] {logging_mixin.py:190} INFO - [2025-01-31T20:59:19.317+0000] {dag.py:3239} INFO - Sync 2 DAGs
[2025-01-31T20:59:19.333+0000] {logging_mixin.py:190} INFO - [2025-01-31T20:59:19.333+0000] {dag.py:4180} INFO - Setting next_dagrun for example_external_task_marker_child to None, run_after=None
[2025-01-31T20:59:19.337+0000] {logging_mixin.py:190} INFO - [2025-01-31T20:59:19.337+0000] {dag.py:4180} INFO - Setting next_dagrun for example_external_task_marker_parent to None, run_after=None
[2025-01-31T20:59:19.352+0000] {processor.py:208} INFO - Processing /home/airflow/.local/lib/python3.12/site-packages/airflow/example_dags/example_external_task_marker_dag.py took 0.081 seconds
[2025-01-31T20:59:49.486+0000] {processor.py:186} INFO - Started process (PID=987) to work on /home/airflow/.local/lib/python3.12/site-packages/airflow/example_dags/example_external_task_marker_dag.py
[2025-01-31T20:59:49.487+0000] {processor.py:914} INFO - Processing file /home/airflow/.local/lib/python3.12/site-packages/airflow/example_dags/example_external_task_marker_dag.py for tasks to queue
[2025-01-31T20:59:49.489+0000] {logging_mixin.py:190} INFO - [2025-01-31T20:59:49.489+0000] {dagbag.py:588} INFO - Filling up the DagBag from /home/airflow/.local/lib/python3.12/site-packages/airflow/example_dags/example_external_task_marker_dag.py
[2025-01-31T20:59:49.497+0000] {processor.py:925} INFO - DAG(s) 'example_external_task_marker_child', 'example_external_task_marker_parent' retrieved from /home/airflow/.local/lib/python3.12/site-packages/airflow/example_dags/example_external_task_marker_dag.py
[2025-01-31T20:59:49.519+0000] {logging_mixin.py:190} INFO - [2025-01-31T20:59:49.519+0000] {dag.py:3239} INFO - Sync 2 DAGs
[2025-01-31T20:59:49.535+0000] {logging_mixin.py:190} INFO - [2025-01-31T20:59:49.534+0000] {dag.py:4180} INFO - Setting next_dagrun for example_external_task_marker_child to None, run_after=None
[2025-01-31T20:59:49.538+0000] {logging_mixin.py:190} INFO - [2025-01-31T20:59:49.538+0000] {dag.py:4180} INFO - Setting next_dagrun for example_external_task_marker_parent to None, run_after=None
[2025-01-31T20:59:49.552+0000] {processor.py:208} INFO - Processing /home/airflow/.local/lib/python3.12/site-packages/airflow/example_dags/example_external_task_marker_dag.py took 0.071 seconds
[2025-01-31T21:00:19.792+0000] {processor.py:186} INFO - Started process (PID=1051) to work on /home/airflow/.local/lib/python3.12/site-packages/airflow/example_dags/example_external_task_marker_dag.py
[2025-01-31T21:00:19.793+0000] {processor.py:914} INFO - Processing file /home/airflow/.local/lib/python3.12/site-packages/airflow/example_dags/example_external_task_marker_dag.py for tasks to queue
[2025-01-31T21:00:19.795+0000] {logging_mixin.py:190} INFO - [2025-01-31T21:00:19.794+0000] {dagbag.py:588} INFO - Filling up the DagBag from /home/airflow/.local/lib/python3.12/site-packages/airflow/example_dags/example_external_task_marker_dag.py
[2025-01-31T21:00:19.803+0000] {processor.py:925} INFO - DAG(s) 'example_external_task_marker_parent', 'example_external_task_marker_child' retrieved from /home/airflow/.local/lib/python3.12/site-packages/airflow/example_dags/example_external_task_marker_dag.py
[2025-01-31T21:00:19.826+0000] {logging_mixin.py:190} INFO - [2025-01-31T21:00:19.826+0000] {dag.py:3239} INFO - Sync 2 DAGs
[2025-01-31T21:00:19.841+0000] {logging_mixin.py:190} INFO - [2025-01-31T21:00:19.841+0000] {dag.py:4180} INFO - Setting next_dagrun for example_external_task_marker_child to None, run_after=None
[2025-01-31T21:00:19.846+0000] {logging_mixin.py:190} INFO - [2025-01-31T21:00:19.846+0000] {dag.py:4180} INFO - Setting next_dagrun for example_external_task_marker_parent to None, run_after=None
[2025-01-31T21:00:19.860+0000] {processor.py:208} INFO - Processing /home/airflow/.local/lib/python3.12/site-packages/airflow/example_dags/example_external_task_marker_dag.py took 0.074 seconds
[2025-01-31T21:00:50.812+0000] {processor.py:186} INFO - Started process (PID=1115) to work on /home/airflow/.local/lib/python3.12/site-packages/airflow/example_dags/example_external_task_marker_dag.py
[2025-01-31T21:00:50.813+0000] {processor.py:914} INFO - Processing file /home/airflow/.local/lib/python3.12/site-packages/airflow/example_dags/example_external_task_marker_dag.py for tasks to queue
[2025-01-31T21:00:50.815+0000] {logging_mixin.py:190} INFO - [2025-01-31T21:00:50.815+0000] {dagbag.py:588} INFO - Filling up the DagBag from /home/airflow/.local/lib/python3.12/site-packages/airflow/example_dags/example_external_task_marker_dag.py
[2025-01-31T21:00:50.823+0000] {processor.py:925} INFO - DAG(s) 'example_external_task_marker_child', 'example_external_task_marker_parent' retrieved from /home/airflow/.local/lib/python3.12/site-packages/airflow/example_dags/example_external_task_marker_dag.py
[2025-01-31T21:00:50.847+0000] {logging_mixin.py:190} INFO - [2025-01-31T21:00:50.847+0000] {dag.py:3239} INFO - Sync 2 DAGs
[2025-01-31T21:00:50.862+0000] {logging_mixin.py:190} INFO - [2025-01-31T21:00:50.862+0000] {dag.py:4180} INFO - Setting next_dagrun for example_external_task_marker_child to None, run_after=None
[2025-01-31T21:00:50.866+0000] {logging_mixin.py:190} INFO - [2025-01-31T21:00:50.866+0000] {dag.py:4180} INFO - Setting next_dagrun for example_external_task_marker_parent to None, run_after=None
[2025-01-31T21:00:50.880+0000] {processor.py:208} INFO - Processing /home/airflow/.local/lib/python3.12/site-packages/airflow/example_dags/example_external_task_marker_dag.py took 0.074 seconds
[2025-01-31T21:01:21.037+0000] {processor.py:186} INFO - Started process (PID=1177) to work on /home/airflow/.local/lib/python3.12/site-packages/airflow/example_dags/example_external_task_marker_dag.py
[2025-01-31T21:01:21.037+0000] {processor.py:914} INFO - Processing file /home/airflow/.local/lib/python3.12/site-packages/airflow/example_dags/example_external_task_marker_dag.py for tasks to queue
[2025-01-31T21:01:21.039+0000] {logging_mixin.py:190} INFO - [2025-01-31T21:01:21.039+0000] {dagbag.py:588} INFO - Filling up the DagBag from /home/airflow/.local/lib/python3.12/site-packages/airflow/example_dags/example_external_task_marker_dag.py
[2025-01-31T21:01:21.045+0000] {processor.py:925} INFO - DAG(s) 'example_external_task_marker_child', 'example_external_task_marker_parent' retrieved from /home/airflow/.local/lib/python3.12/site-packages/airflow/example_dags/example_external_task_marker_dag.py
[2025-01-31T21:01:21.062+0000] {logging_mixin.py:190} INFO - [2025-01-31T21:01:21.061+0000] {dag.py:3239} INFO - Sync 2 DAGs
[2025-01-31T21:01:21.072+0000] {logging_mixin.py:190} INFO - [2025-01-31T21:01:21.072+0000] {dag.py:4180} INFO - Setting next_dagrun for example_external_task_marker_child to None, run_after=None
[2025-01-31T21:01:21.075+0000] {logging_mixin.py:190} INFO - [2025-01-31T21:01:21.075+0000] {dag.py:4180} INFO - Setting next_dagrun for example_external_task_marker_parent to None, run_after=None
[2025-01-31T21:01:21.085+0000] {processor.py:208} INFO - Processing /home/airflow/.local/lib/python3.12/site-packages/airflow/example_dags/example_external_task_marker_dag.py took 0.054 seconds
[2025-01-31T21:01:51.251+0000] {processor.py:186} INFO - Started process (PID=1240) to work on /home/airflow/.local/lib/python3.12/site-packages/airflow/example_dags/example_external_task_marker_dag.py
[2025-01-31T21:01:51.252+0000] {processor.py:914} INFO - Processing file /home/airflow/.local/lib/python3.12/site-packages/airflow/example_dags/example_external_task_marker_dag.py for tasks to queue
[2025-01-31T21:01:51.253+0000] {logging_mixin.py:190} INFO - [2025-01-31T21:01:51.253+0000] {dagbag.py:588} INFO - Filling up the DagBag from /home/airflow/.local/lib/python3.12/site-packages/airflow/example_dags/example_external_task_marker_dag.py
[2025-01-31T21:01:51.259+0000] {processor.py:925} INFO - DAG(s) 'example_external_task_marker_child', 'example_external_task_marker_parent' retrieved from /home/airflow/.local/lib/python3.12/site-packages/airflow/example_dags/example_external_task_marker_dag.py
[2025-01-31T21:01:51.276+0000] {logging_mixin.py:190} INFO - [2025-01-31T21:01:51.276+0000] {dag.py:3239} INFO - Sync 2 DAGs
[2025-01-31T21:01:51.287+0000] {logging_mixin.py:190} INFO - [2025-01-31T21:01:51.287+0000] {dag.py:4180} INFO - Setting next_dagrun for example_external_task_marker_child to None, run_after=None
[2025-01-31T21:01:51.290+0000] {logging_mixin.py:190} INFO - [2025-01-31T21:01:51.290+0000] {dag.py:4180} INFO - Setting next_dagrun for example_external_task_marker_parent to None, run_after=None
[2025-01-31T21:01:51.301+0000] {processor.py:208} INFO - Processing /home/airflow/.local/lib/python3.12/site-packages/airflow/example_dags/example_external_task_marker_dag.py took 0.055 seconds
[2025-01-31T21:02:21.537+0000] {processor.py:186} INFO - Started process (PID=1304) to work on /home/airflow/.local/lib/python3.12/site-packages/airflow/example_dags/example_external_task_marker_dag.py
[2025-01-31T21:02:21.538+0000] {processor.py:914} INFO - Processing file /home/airflow/.local/lib/python3.12/site-packages/airflow/example_dags/example_external_task_marker_dag.py for tasks to queue
[2025-01-31T21:02:21.540+0000] {logging_mixin.py:190} INFO - [2025-01-31T21:02:21.540+0000] {dagbag.py:588} INFO - Filling up the DagBag from /home/airflow/.local/lib/python3.12/site-packages/airflow/example_dags/example_external_task_marker_dag.py
[2025-01-31T21:02:21.548+0000] {processor.py:925} INFO - DAG(s) 'example_external_task_marker_parent', 'example_external_task_marker_child' retrieved from /home/airflow/.local/lib/python3.12/site-packages/airflow/example_dags/example_external_task_marker_dag.py
[2025-01-31T21:02:21.578+0000] {logging_mixin.py:190} INFO - [2025-01-31T21:02:21.578+0000] {dag.py:3239} INFO - Sync 2 DAGs
[2025-01-31T21:02:21.592+0000] {logging_mixin.py:190} INFO - [2025-01-31T21:02:21.592+0000] {dag.py:4180} INFO - Setting next_dagrun for example_external_task_marker_child to None, run_after=None
[2025-01-31T21:02:21.596+0000] {logging_mixin.py:190} INFO - [2025-01-31T21:02:21.596+0000] {dag.py:4180} INFO - Setting next_dagrun for example_external_task_marker_parent to None, run_after=None
[2025-01-31T21:02:21.612+0000] {processor.py:208} INFO - Processing /home/airflow/.local/lib/python3.12/site-packages/airflow/example_dags/example_external_task_marker_dag.py took 0.082 seconds
[2025-01-31T21:02:51.891+0000] {processor.py:186} INFO - Started process (PID=1367) to work on /home/airflow/.local/lib/python3.12/site-packages/airflow/example_dags/example_external_task_marker_dag.py
[2025-01-31T21:02:51.891+0000] {processor.py:914} INFO - Processing file /home/airflow/.local/lib/python3.12/site-packages/airflow/example_dags/example_external_task_marker_dag.py for tasks to queue
[2025-01-31T21:02:51.893+0000] {logging_mixin.py:190} INFO - [2025-01-31T21:02:51.893+0000] {dagbag.py:588} INFO - Filling up the DagBag from /home/airflow/.local/lib/python3.12/site-packages/airflow/example_dags/example_external_task_marker_dag.py
[2025-01-31T21:02:51.899+0000] {processor.py:925} INFO - DAG(s) 'example_external_task_marker_parent', 'example_external_task_marker_child' retrieved from /home/airflow/.local/lib/python3.12/site-packages/airflow/example_dags/example_external_task_marker_dag.py
[2025-01-31T21:02:51.915+0000] {logging_mixin.py:190} INFO - [2025-01-31T21:02:51.915+0000] {dag.py:3239} INFO - Sync 2 DAGs
[2025-01-31T21:02:51.926+0000] {logging_mixin.py:190} INFO - [2025-01-31T21:02:51.926+0000] {dag.py:4180} INFO - Setting next_dagrun for example_external_task_marker_child to None, run_after=None
[2025-01-31T21:02:51.928+0000] {logging_mixin.py:190} INFO - [2025-01-31T21:02:51.928+0000] {dag.py:4180} INFO - Setting next_dagrun for example_external_task_marker_parent to None, run_after=None
[2025-01-31T21:02:51.939+0000] {processor.py:208} INFO - Processing /home/airflow/.local/lib/python3.12/site-packages/airflow/example_dags/example_external_task_marker_dag.py took 0.053 seconds
[2025-01-31T21:03:22.193+0000] {processor.py:186} INFO - Started process (PID=1430) to work on /home/airflow/.local/lib/python3.12/site-packages/airflow/example_dags/example_external_task_marker_dag.py
[2025-01-31T21:03:22.194+0000] {processor.py:914} INFO - Processing file /home/airflow/.local/lib/python3.12/site-packages/airflow/example_dags/example_external_task_marker_dag.py for tasks to queue
[2025-01-31T21:03:22.196+0000] {logging_mixin.py:190} INFO - [2025-01-31T21:03:22.196+0000] {dagbag.py:588} INFO - Filling up the DagBag from /home/airflow/.local/lib/python3.12/site-packages/airflow/example_dags/example_external_task_marker_dag.py
[2025-01-31T21:03:22.204+0000] {processor.py:925} INFO - DAG(s) 'example_external_task_marker_parent', 'example_external_task_marker_child' retrieved from /home/airflow/.local/lib/python3.12/site-packages/airflow/example_dags/example_external_task_marker_dag.py
[2025-01-31T21:03:22.227+0000] {logging_mixin.py:190} INFO - [2025-01-31T21:03:22.226+0000] {dag.py:3239} INFO - Sync 2 DAGs
[2025-01-31T21:03:22.242+0000] {logging_mixin.py:190} INFO - [2025-01-31T21:03:22.242+0000] {dag.py:4180} INFO - Setting next_dagrun for example_external_task_marker_child to None, run_after=None
[2025-01-31T21:03:22.246+0000] {logging_mixin.py:190} INFO - [2025-01-31T21:03:22.246+0000] {dag.py:4180} INFO - Setting next_dagrun for example_external_task_marker_parent to None, run_after=None
[2025-01-31T21:03:22.260+0000] {processor.py:208} INFO - Processing /home/airflow/.local/lib/python3.12/site-packages/airflow/example_dags/example_external_task_marker_dag.py took 0.072 seconds
[2025-01-31T21:03:53.187+0000] {processor.py:186} INFO - Started process (PID=1494) to work on /home/airflow/.local/lib/python3.12/site-packages/airflow/example_dags/example_external_task_marker_dag.py
[2025-01-31T21:03:53.223+0000] {processor.py:914} INFO - Processing file /home/airflow/.local/lib/python3.12/site-packages/airflow/example_dags/example_external_task_marker_dag.py for tasks to queue
[2025-01-31T21:03:53.226+0000] {logging_mixin.py:190} INFO - [2025-01-31T21:03:53.225+0000] {dagbag.py:588} INFO - Filling up the DagBag from /home/airflow/.local/lib/python3.12/site-packages/airflow/example_dags/example_external_task_marker_dag.py
[2025-01-31T21:03:53.253+0000] {processor.py:925} INFO - DAG(s) 'example_external_task_marker_parent', 'example_external_task_marker_child' retrieved from /home/airflow/.local/lib/python3.12/site-packages/airflow/example_dags/example_external_task_marker_dag.py
[2025-01-31T21:03:53.303+0000] {logging_mixin.py:190} INFO - [2025-01-31T21:03:53.303+0000] {dag.py:3239} INFO - Sync 2 DAGs
[2025-01-31T21:03:53.332+0000] {logging_mixin.py:190} INFO - [2025-01-31T21:03:53.332+0000] {dag.py:4180} INFO - Setting next_dagrun for example_external_task_marker_child to None, run_after=None
[2025-01-31T21:03:53.348+0000] {logging_mixin.py:190} INFO - [2025-01-31T21:03:53.348+0000] {dag.py:4180} INFO - Setting next_dagrun for example_external_task_marker_parent to None, run_after=None
[2025-01-31T21:03:53.376+0000] {processor.py:208} INFO - Processing /home/airflow/.local/lib/python3.12/site-packages/airflow/example_dags/example_external_task_marker_dag.py took 0.206 seconds
[2025-01-31T21:04:23.535+0000] {processor.py:186} INFO - Started process (PID=1557) to work on /home/airflow/.local/lib/python3.12/site-packages/airflow/example_dags/example_external_task_marker_dag.py
[2025-01-31T21:04:23.540+0000] {processor.py:914} INFO - Processing file /home/airflow/.local/lib/python3.12/site-packages/airflow/example_dags/example_external_task_marker_dag.py for tasks to queue
[2025-01-31T21:04:23.545+0000] {logging_mixin.py:190} INFO - [2025-01-31T21:04:23.545+0000] {dagbag.py:588} INFO - Filling up the DagBag from /home/airflow/.local/lib/python3.12/site-packages/airflow/example_dags/example_external_task_marker_dag.py
[2025-01-31T21:04:23.572+0000] {processor.py:925} INFO - DAG(s) 'example_external_task_marker_parent', 'example_external_task_marker_child' retrieved from /home/airflow/.local/lib/python3.12/site-packages/airflow/example_dags/example_external_task_marker_dag.py
[2025-01-31T21:04:23.621+0000] {logging_mixin.py:190} INFO - [2025-01-31T21:04:23.620+0000] {dag.py:3239} INFO - Sync 2 DAGs
[2025-01-31T21:04:23.640+0000] {logging_mixin.py:190} INFO - [2025-01-31T21:04:23.640+0000] {dag.py:4180} INFO - Setting next_dagrun for example_external_task_marker_child to None, run_after=None
[2025-01-31T21:04:23.652+0000] {logging_mixin.py:190} INFO - [2025-01-31T21:04:23.648+0000] {dag.py:4180} INFO - Setting next_dagrun for example_external_task_marker_parent to None, run_after=None
[2025-01-31T21:04:23.680+0000] {processor.py:208} INFO - Processing /home/airflow/.local/lib/python3.12/site-packages/airflow/example_dags/example_external_task_marker_dag.py took 0.152 seconds
[2025-01-31T21:04:54.527+0000] {processor.py:186} INFO - Started process (PID=1621) to work on /home/airflow/.local/lib/python3.12/site-packages/airflow/example_dags/example_external_task_marker_dag.py
[2025-01-31T21:04:54.528+0000] {processor.py:914} INFO - Processing file /home/airflow/.local/lib/python3.12/site-packages/airflow/example_dags/example_external_task_marker_dag.py for tasks to queue
[2025-01-31T21:04:54.530+0000] {logging_mixin.py:190} INFO - [2025-01-31T21:04:54.530+0000] {dagbag.py:588} INFO - Filling up the DagBag from /home/airflow/.local/lib/python3.12/site-packages/airflow/example_dags/example_external_task_marker_dag.py
[2025-01-31T21:04:54.538+0000] {processor.py:925} INFO - DAG(s) 'example_external_task_marker_child', 'example_external_task_marker_parent' retrieved from /home/airflow/.local/lib/python3.12/site-packages/airflow/example_dags/example_external_task_marker_dag.py
[2025-01-31T21:04:54.561+0000] {logging_mixin.py:190} INFO - [2025-01-31T21:04:54.561+0000] {dag.py:3239} INFO - Sync 2 DAGs
[2025-01-31T21:04:54.577+0000] {logging_mixin.py:190} INFO - [2025-01-31T21:04:54.576+0000] {dag.py:4180} INFO - Setting next_dagrun for example_external_task_marker_child to None, run_after=None
[2025-01-31T21:04:54.580+0000] {logging_mixin.py:190} INFO - [2025-01-31T21:04:54.580+0000] {dag.py:4180} INFO - Setting next_dagrun for example_external_task_marker_parent to None, run_after=None
[2025-01-31T21:04:54.594+0000] {processor.py:208} INFO - Processing /home/airflow/.local/lib/python3.12/site-packages/airflow/example_dags/example_external_task_marker_dag.py took 0.073 seconds
[2025-01-31T21:05:24.621+0000] {processor.py:186} INFO - Started process (PID=1683) to work on /home/airflow/.local/lib/python3.12/site-packages/airflow/example_dags/example_external_task_marker_dag.py
[2025-01-31T21:05:24.621+0000] {processor.py:914} INFO - Processing file /home/airflow/.local/lib/python3.12/site-packages/airflow/example_dags/example_external_task_marker_dag.py for tasks to queue
[2025-01-31T21:05:24.623+0000] {logging_mixin.py:190} INFO - [2025-01-31T21:05:24.623+0000] {dagbag.py:588} INFO - Filling up the DagBag from /home/airflow/.local/lib/python3.12/site-packages/airflow/example_dags/example_external_task_marker_dag.py
[2025-01-31T21:05:24.629+0000] {processor.py:925} INFO - DAG(s) 'example_external_task_marker_parent', 'example_external_task_marker_child' retrieved from /home/airflow/.local/lib/python3.12/site-packages/airflow/example_dags/example_external_task_marker_dag.py
[2025-01-31T21:05:24.646+0000] {logging_mixin.py:190} INFO - [2025-01-31T21:05:24.646+0000] {dag.py:3239} INFO - Sync 2 DAGs
[2025-01-31T21:05:24.657+0000] {logging_mixin.py:190} INFO - [2025-01-31T21:05:24.657+0000] {dag.py:4180} INFO - Setting next_dagrun for example_external_task_marker_child to None, run_after=None
[2025-01-31T21:05:24.660+0000] {logging_mixin.py:190} INFO - [2025-01-31T21:05:24.660+0000] {dag.py:4180} INFO - Setting next_dagrun for example_external_task_marker_parent to None, run_after=None
[2025-01-31T21:05:24.671+0000] {processor.py:208} INFO - Processing /home/airflow/.local/lib/python3.12/site-packages/airflow/example_dags/example_external_task_marker_dag.py took 0.054 seconds
[2025-01-31T21:05:54.845+0000] {processor.py:186} INFO - Started process (PID=1746) to work on /home/airflow/.local/lib/python3.12/site-packages/airflow/example_dags/example_external_task_marker_dag.py
[2025-01-31T21:05:54.845+0000] {processor.py:914} INFO - Processing file /home/airflow/.local/lib/python3.12/site-packages/airflow/example_dags/example_external_task_marker_dag.py for tasks to queue
[2025-01-31T21:05:54.847+0000] {logging_mixin.py:190} INFO - [2025-01-31T21:05:54.847+0000] {dagbag.py:588} INFO - Filling up the DagBag from /home/airflow/.local/lib/python3.12/site-packages/airflow/example_dags/example_external_task_marker_dag.py
[2025-01-31T21:05:54.853+0000] {processor.py:925} INFO - DAG(s) 'example_external_task_marker_child', 'example_external_task_marker_parent' retrieved from /home/airflow/.local/lib/python3.12/site-packages/airflow/example_dags/example_external_task_marker_dag.py
[2025-01-31T21:05:54.869+0000] {logging_mixin.py:190} INFO - [2025-01-31T21:05:54.869+0000] {dag.py:3239} INFO - Sync 2 DAGs
[2025-01-31T21:05:54.879+0000] {logging_mixin.py:190} INFO - [2025-01-31T21:05:54.879+0000] {dag.py:4180} INFO - Setting next_dagrun for example_external_task_marker_child to None, run_after=None
[2025-01-31T21:05:54.882+0000] {logging_mixin.py:190} INFO - [2025-01-31T21:05:54.882+0000] {dag.py:4180} INFO - Setting next_dagrun for example_external_task_marker_parent to None, run_after=None
[2025-01-31T21:05:54.893+0000] {processor.py:208} INFO - Processing /home/airflow/.local/lib/python3.12/site-packages/airflow/example_dags/example_external_task_marker_dag.py took 0.052 seconds
[2025-01-31T21:06:25.011+0000] {processor.py:186} INFO - Started process (PID=1809) to work on /home/airflow/.local/lib/python3.12/site-packages/airflow/example_dags/example_external_task_marker_dag.py
[2025-01-31T21:06:25.011+0000] {processor.py:914} INFO - Processing file /home/airflow/.local/lib/python3.12/site-packages/airflow/example_dags/example_external_task_marker_dag.py for tasks to queue
[2025-01-31T21:06:25.013+0000] {logging_mixin.py:190} INFO - [2025-01-31T21:06:25.013+0000] {dagbag.py:588} INFO - Filling up the DagBag from /home/airflow/.local/lib/python3.12/site-packages/airflow/example_dags/example_external_task_marker_dag.py
[2025-01-31T21:06:25.019+0000] {processor.py:925} INFO - DAG(s) 'example_external_task_marker_child', 'example_external_task_marker_parent' retrieved from /home/airflow/.local/lib/python3.12/site-packages/airflow/example_dags/example_external_task_marker_dag.py
[2025-01-31T21:06:25.036+0000] {logging_mixin.py:190} INFO - [2025-01-31T21:06:25.035+0000] {dag.py:3239} INFO - Sync 2 DAGs
[2025-01-31T21:06:25.049+0000] {logging_mixin.py:190} INFO - [2025-01-31T21:06:25.049+0000] {dag.py:4180} INFO - Setting next_dagrun for example_external_task_marker_child to None, run_after=None
[2025-01-31T21:06:25.052+0000] {logging_mixin.py:190} INFO - [2025-01-31T21:06:25.052+0000] {dag.py:4180} INFO - Setting next_dagrun for example_external_task_marker_parent to None, run_after=None
[2025-01-31T21:06:25.062+0000] {processor.py:208} INFO - Processing /home/airflow/.local/lib/python3.12/site-packages/airflow/example_dags/example_external_task_marker_dag.py took 0.056 seconds
[2025-01-31T21:06:55.230+0000] {processor.py:186} INFO - Started process (PID=1872) to work on /home/airflow/.local/lib/python3.12/site-packages/airflow/example_dags/example_external_task_marker_dag.py
[2025-01-31T21:06:55.230+0000] {processor.py:914} INFO - Processing file /home/airflow/.local/lib/python3.12/site-packages/airflow/example_dags/example_external_task_marker_dag.py for tasks to queue
[2025-01-31T21:06:55.232+0000] {logging_mixin.py:190} INFO - [2025-01-31T21:06:55.232+0000] {dagbag.py:588} INFO - Filling up the DagBag from /home/airflow/.local/lib/python3.12/site-packages/airflow/example_dags/example_external_task_marker_dag.py
[2025-01-31T21:06:55.238+0000] {processor.py:925} INFO - DAG(s) 'example_external_task_marker_parent', 'example_external_task_marker_child' retrieved from /home/airflow/.local/lib/python3.12/site-packages/airflow/example_dags/example_external_task_marker_dag.py
[2025-01-31T21:06:55.254+0000] {logging_mixin.py:190} INFO - [2025-01-31T21:06:55.254+0000] {dag.py:3239} INFO - Sync 2 DAGs
[2025-01-31T21:06:55.265+0000] {logging_mixin.py:190} INFO - [2025-01-31T21:06:55.265+0000] {dag.py:4180} INFO - Setting next_dagrun for example_external_task_marker_child to None, run_after=None
[2025-01-31T21:06:55.268+0000] {logging_mixin.py:190} INFO - [2025-01-31T21:06:55.268+0000] {dag.py:4180} INFO - Setting next_dagrun for example_external_task_marker_parent to None, run_after=None
[2025-01-31T21:06:55.278+0000] {processor.py:208} INFO - Processing /home/airflow/.local/lib/python3.12/site-packages/airflow/example_dags/example_external_task_marker_dag.py took 0.053 seconds
[2025-01-31T21:07:25.415+0000] {processor.py:186} INFO - Started process (PID=1934) to work on /home/airflow/.local/lib/python3.12/site-packages/airflow/example_dags/example_external_task_marker_dag.py
[2025-01-31T21:07:25.418+0000] {processor.py:914} INFO - Processing file /home/airflow/.local/lib/python3.12/site-packages/airflow/example_dags/example_external_task_marker_dag.py for tasks to queue
[2025-01-31T21:07:25.420+0000] {logging_mixin.py:190} INFO - [2025-01-31T21:07:25.420+0000] {dagbag.py:588} INFO - Filling up the DagBag from /home/airflow/.local/lib/python3.12/site-packages/airflow/example_dags/example_external_task_marker_dag.py
[2025-01-31T21:07:25.428+0000] {processor.py:925} INFO - DAG(s) 'example_external_task_marker_child', 'example_external_task_marker_parent' retrieved from /home/airflow/.local/lib/python3.12/site-packages/airflow/example_dags/example_external_task_marker_dag.py
[2025-01-31T21:07:25.444+0000] {logging_mixin.py:190} INFO - [2025-01-31T21:07:25.444+0000] {dag.py:3239} INFO - Sync 2 DAGs
[2025-01-31T21:07:25.456+0000] {logging_mixin.py:190} INFO - [2025-01-31T21:07:25.456+0000] {dag.py:4180} INFO - Setting next_dagrun for example_external_task_marker_child to None, run_after=None
[2025-01-31T21:07:25.459+0000] {logging_mixin.py:190} INFO - [2025-01-31T21:07:25.459+0000] {dag.py:4180} INFO - Setting next_dagrun for example_external_task_marker_parent to None, run_after=None
[2025-01-31T21:07:25.469+0000] {processor.py:208} INFO - Processing /home/airflow/.local/lib/python3.12/site-packages/airflow/example_dags/example_external_task_marker_dag.py took 0.060 seconds
[2025-01-31T21:07:55.626+0000] {processor.py:186} INFO - Started process (PID=1997) to work on /home/airflow/.local/lib/python3.12/site-packages/airflow/example_dags/example_external_task_marker_dag.py
[2025-01-31T21:07:55.627+0000] {processor.py:914} INFO - Processing file /home/airflow/.local/lib/python3.12/site-packages/airflow/example_dags/example_external_task_marker_dag.py for tasks to queue
[2025-01-31T21:07:55.629+0000] {logging_mixin.py:190} INFO - [2025-01-31T21:07:55.628+0000] {dagbag.py:588} INFO - Filling up the DagBag from /home/airflow/.local/lib/python3.12/site-packages/airflow/example_dags/example_external_task_marker_dag.py
[2025-01-31T21:07:55.635+0000] {processor.py:925} INFO - DAG(s) 'example_external_task_marker_parent', 'example_external_task_marker_child' retrieved from /home/airflow/.local/lib/python3.12/site-packages/airflow/example_dags/example_external_task_marker_dag.py
[2025-01-31T21:07:55.651+0000] {logging_mixin.py:190} INFO - [2025-01-31T21:07:55.650+0000] {dag.py:3239} INFO - Sync 2 DAGs
[2025-01-31T21:07:55.660+0000] {logging_mixin.py:190} INFO - [2025-01-31T21:07:55.660+0000] {dag.py:4180} INFO - Setting next_dagrun for example_external_task_marker_child to None, run_after=None
[2025-01-31T21:07:55.664+0000] {logging_mixin.py:190} INFO - [2025-01-31T21:07:55.663+0000] {dag.py:4180} INFO - Setting next_dagrun for example_external_task_marker_parent to None, run_after=None
[2025-01-31T21:07:55.674+0000] {processor.py:208} INFO - Processing /home/airflow/.local/lib/python3.12/site-packages/airflow/example_dags/example_external_task_marker_dag.py took 0.052 seconds
[2025-01-31T21:08:26.267+0000] {processor.py:186} INFO - Started process (PID=2061) to work on /home/airflow/.local/lib/python3.12/site-packages/airflow/example_dags/example_external_task_marker_dag.py
[2025-01-31T21:08:26.267+0000] {processor.py:914} INFO - Processing file /home/airflow/.local/lib/python3.12/site-packages/airflow/example_dags/example_external_task_marker_dag.py for tasks to queue
[2025-01-31T21:08:26.269+0000] {logging_mixin.py:190} INFO - [2025-01-31T21:08:26.269+0000] {dagbag.py:588} INFO - Filling up the DagBag from /home/airflow/.local/lib/python3.12/site-packages/airflow/example_dags/example_external_task_marker_dag.py
[2025-01-31T21:08:26.275+0000] {processor.py:925} INFO - DAG(s) 'example_external_task_marker_child', 'example_external_task_marker_parent' retrieved from /home/airflow/.local/lib/python3.12/site-packages/airflow/example_dags/example_external_task_marker_dag.py
[2025-01-31T21:08:26.292+0000] {logging_mixin.py:190} INFO - [2025-01-31T21:08:26.291+0000] {dag.py:3239} INFO - Sync 2 DAGs
[2025-01-31T21:08:26.302+0000] {logging_mixin.py:190} INFO - [2025-01-31T21:08:26.302+0000] {dag.py:4180} INFO - Setting next_dagrun for example_external_task_marker_child to None, run_after=None
[2025-01-31T21:08:26.305+0000] {logging_mixin.py:190} INFO - [2025-01-31T21:08:26.305+0000] {dag.py:4180} INFO - Setting next_dagrun for example_external_task_marker_parent to None, run_after=None
[2025-01-31T21:08:26.316+0000] {processor.py:208} INFO - Processing /home/airflow/.local/lib/python3.12/site-packages/airflow/example_dags/example_external_task_marker_dag.py took 0.054 seconds
[2025-01-31T21:08:56.826+0000] {processor.py:186} INFO - Started process (PID=2125) to work on /home/airflow/.local/lib/python3.12/site-packages/airflow/example_dags/example_external_task_marker_dag.py
[2025-01-31T21:08:56.827+0000] {processor.py:914} INFO - Processing file /home/airflow/.local/lib/python3.12/site-packages/airflow/example_dags/example_external_task_marker_dag.py for tasks to queue
[2025-01-31T21:08:56.829+0000] {logging_mixin.py:190} INFO - [2025-01-31T21:08:56.828+0000] {dagbag.py:588} INFO - Filling up the DagBag from /home/airflow/.local/lib/python3.12/site-packages/airflow/example_dags/example_external_task_marker_dag.py
[2025-01-31T21:08:56.835+0000] {processor.py:925} INFO - DAG(s) 'example_external_task_marker_parent', 'example_external_task_marker_child' retrieved from /home/airflow/.local/lib/python3.12/site-packages/airflow/example_dags/example_external_task_marker_dag.py
[2025-01-31T21:08:56.851+0000] {logging_mixin.py:190} INFO - [2025-01-31T21:08:56.851+0000] {dag.py:3239} INFO - Sync 2 DAGs
[2025-01-31T21:08:56.861+0000] {logging_mixin.py:190} INFO - [2025-01-31T21:08:56.861+0000] {dag.py:4180} INFO - Setting next_dagrun for example_external_task_marker_child to None, run_after=None
[2025-01-31T21:08:56.864+0000] {logging_mixin.py:190} INFO - [2025-01-31T21:08:56.864+0000] {dag.py:4180} INFO - Setting next_dagrun for example_external_task_marker_parent to None, run_after=None
[2025-01-31T21:08:56.875+0000] {processor.py:208} INFO - Processing /home/airflow/.local/lib/python3.12/site-packages/airflow/example_dags/example_external_task_marker_dag.py took 0.052 seconds
[2025-01-31T21:09:27.074+0000] {processor.py:186} INFO - Started process (PID=2188) to work on /home/airflow/.local/lib/python3.12/site-packages/airflow/example_dags/example_external_task_marker_dag.py
[2025-01-31T21:09:27.074+0000] {processor.py:914} INFO - Processing file /home/airflow/.local/lib/python3.12/site-packages/airflow/example_dags/example_external_task_marker_dag.py for tasks to queue
[2025-01-31T21:09:27.076+0000] {logging_mixin.py:190} INFO - [2025-01-31T21:09:27.076+0000] {dagbag.py:588} INFO - Filling up the DagBag from /home/airflow/.local/lib/python3.12/site-packages/airflow/example_dags/example_external_task_marker_dag.py
[2025-01-31T21:09:27.082+0000] {processor.py:925} INFO - DAG(s) 'example_external_task_marker_child', 'example_external_task_marker_parent' retrieved from /home/airflow/.local/lib/python3.12/site-packages/airflow/example_dags/example_external_task_marker_dag.py
[2025-01-31T21:09:27.098+0000] {logging_mixin.py:190} INFO - [2025-01-31T21:09:27.097+0000] {dag.py:3239} INFO - Sync 2 DAGs
[2025-01-31T21:09:27.108+0000] {logging_mixin.py:190} INFO - [2025-01-31T21:09:27.108+0000] {dag.py:4180} INFO - Setting next_dagrun for example_external_task_marker_child to None, run_after=None
[2025-01-31T21:09:27.110+0000] {logging_mixin.py:190} INFO - [2025-01-31T21:09:27.110+0000] {dag.py:4180} INFO - Setting next_dagrun for example_external_task_marker_parent to None, run_after=None
[2025-01-31T21:09:27.121+0000] {processor.py:208} INFO - Processing /home/airflow/.local/lib/python3.12/site-packages/airflow/example_dags/example_external_task_marker_dag.py took 0.051 seconds
[2025-01-31T21:09:57.469+0000] {processor.py:186} INFO - Started process (PID=2252) to work on /home/airflow/.local/lib/python3.12/site-packages/airflow/example_dags/example_external_task_marker_dag.py
[2025-01-31T21:09:57.470+0000] {processor.py:914} INFO - Processing file /home/airflow/.local/lib/python3.12/site-packages/airflow/example_dags/example_external_task_marker_dag.py for tasks to queue
[2025-01-31T21:09:57.473+0000] {logging_mixin.py:190} INFO - [2025-01-31T21:09:57.472+0000] {dagbag.py:588} INFO - Filling up the DagBag from /home/airflow/.local/lib/python3.12/site-packages/airflow/example_dags/example_external_task_marker_dag.py
[2025-01-31T21:09:57.482+0000] {processor.py:925} INFO - DAG(s) 'example_external_task_marker_child', 'example_external_task_marker_parent' retrieved from /home/airflow/.local/lib/python3.12/site-packages/airflow/example_dags/example_external_task_marker_dag.py
[2025-01-31T21:09:57.505+0000] {logging_mixin.py:190} INFO - [2025-01-31T21:09:57.505+0000] {dag.py:3239} INFO - Sync 2 DAGs
[2025-01-31T21:09:57.516+0000] {logging_mixin.py:190} INFO - [2025-01-31T21:09:57.516+0000] {dag.py:4180} INFO - Setting next_dagrun for example_external_task_marker_child to None, run_after=None
[2025-01-31T21:09:57.519+0000] {logging_mixin.py:190} INFO - [2025-01-31T21:09:57.518+0000] {dag.py:4180} INFO - Setting next_dagrun for example_external_task_marker_parent to None, run_after=None
[2025-01-31T21:09:57.529+0000] {processor.py:208} INFO - Processing /home/airflow/.local/lib/python3.12/site-packages/airflow/example_dags/example_external_task_marker_dag.py took 0.066 seconds
[2025-01-31T21:10:28.462+0000] {processor.py:186} INFO - Started process (PID=2313) to work on /home/airflow/.local/lib/python3.12/site-packages/airflow/example_dags/example_external_task_marker_dag.py
[2025-01-31T21:10:28.463+0000] {processor.py:914} INFO - Processing file /home/airflow/.local/lib/python3.12/site-packages/airflow/example_dags/example_external_task_marker_dag.py for tasks to queue
[2025-01-31T21:10:28.470+0000] {logging_mixin.py:190} INFO - [2025-01-31T21:10:28.469+0000] {dagbag.py:588} INFO - Filling up the DagBag from /home/airflow/.local/lib/python3.12/site-packages/airflow/example_dags/example_external_task_marker_dag.py
[2025-01-31T21:10:28.496+0000] {processor.py:925} INFO - DAG(s) 'example_external_task_marker_child', 'example_external_task_marker_parent' retrieved from /home/airflow/.local/lib/python3.12/site-packages/airflow/example_dags/example_external_task_marker_dag.py
[2025-01-31T21:10:28.524+0000] {logging_mixin.py:190} INFO - [2025-01-31T21:10:28.524+0000] {dag.py:3239} INFO - Sync 2 DAGs
[2025-01-31T21:10:28.564+0000] {logging_mixin.py:190} INFO - [2025-01-31T21:10:28.564+0000] {dag.py:4180} INFO - Setting next_dagrun for example_external_task_marker_child to None, run_after=None
[2025-01-31T21:10:28.573+0000] {logging_mixin.py:190} INFO - [2025-01-31T21:10:28.572+0000] {dag.py:4180} INFO - Setting next_dagrun for example_external_task_marker_parent to None, run_after=None
[2025-01-31T21:10:28.600+0000] {processor.py:208} INFO - Processing /home/airflow/.local/lib/python3.12/site-packages/airflow/example_dags/example_external_task_marker_dag.py took 0.152 seconds
[2025-01-31T21:10:58.981+0000] {processor.py:186} INFO - Started process (PID=2376) to work on /home/airflow/.local/lib/python3.12/site-packages/airflow/example_dags/example_external_task_marker_dag.py
[2025-01-31T21:10:58.981+0000] {processor.py:914} INFO - Processing file /home/airflow/.local/lib/python3.12/site-packages/airflow/example_dags/example_external_task_marker_dag.py for tasks to queue
[2025-01-31T21:10:58.983+0000] {logging_mixin.py:190} INFO - [2025-01-31T21:10:58.983+0000] {dagbag.py:588} INFO - Filling up the DagBag from /home/airflow/.local/lib/python3.12/site-packages/airflow/example_dags/example_external_task_marker_dag.py
[2025-01-31T21:10:58.989+0000] {processor.py:925} INFO - DAG(s) 'example_external_task_marker_parent', 'example_external_task_marker_child' retrieved from /home/airflow/.local/lib/python3.12/site-packages/airflow/example_dags/example_external_task_marker_dag.py
[2025-01-31T21:10:59.007+0000] {logging_mixin.py:190} INFO - [2025-01-31T21:10:59.007+0000] {dag.py:3239} INFO - Sync 2 DAGs
[2025-01-31T21:10:59.019+0000] {logging_mixin.py:190} INFO - [2025-01-31T21:10:59.019+0000] {dag.py:4180} INFO - Setting next_dagrun for example_external_task_marker_child to None, run_after=None
[2025-01-31T21:10:59.022+0000] {logging_mixin.py:190} INFO - [2025-01-31T21:10:59.022+0000] {dag.py:4180} INFO - Setting next_dagrun for example_external_task_marker_parent to None, run_after=None
[2025-01-31T21:10:59.033+0000] {processor.py:208} INFO - Processing /home/airflow/.local/lib/python3.12/site-packages/airflow/example_dags/example_external_task_marker_dag.py took 0.056 seconds
[2025-01-31T21:11:29.854+0000] {processor.py:186} INFO - Started process (PID=2439) to work on /home/airflow/.local/lib/python3.12/site-packages/airflow/example_dags/example_external_task_marker_dag.py
[2025-01-31T21:11:29.855+0000] {processor.py:914} INFO - Processing file /home/airflow/.local/lib/python3.12/site-packages/airflow/example_dags/example_external_task_marker_dag.py for tasks to queue
[2025-01-31T21:11:29.857+0000] {logging_mixin.py:190} INFO - [2025-01-31T21:11:29.856+0000] {dagbag.py:588} INFO - Filling up the DagBag from /home/airflow/.local/lib/python3.12/site-packages/airflow/example_dags/example_external_task_marker_dag.py
[2025-01-31T21:11:29.863+0000] {processor.py:925} INFO - DAG(s) 'example_external_task_marker_parent', 'example_external_task_marker_child' retrieved from /home/airflow/.local/lib/python3.12/site-packages/airflow/example_dags/example_external_task_marker_dag.py
[2025-01-31T21:11:29.879+0000] {logging_mixin.py:190} INFO - [2025-01-31T21:11:29.879+0000] {dag.py:3239} INFO - Sync 2 DAGs
[2025-01-31T21:11:29.889+0000] {logging_mixin.py:190} INFO - [2025-01-31T21:11:29.889+0000] {dag.py:4180} INFO - Setting next_dagrun for example_external_task_marker_child to None, run_after=None
[2025-01-31T21:11:29.892+0000] {logging_mixin.py:190} INFO - [2025-01-31T21:11:29.892+0000] {dag.py:4180} INFO - Setting next_dagrun for example_external_task_marker_parent to None, run_after=None
[2025-01-31T21:11:29.902+0000] {processor.py:208} INFO - Processing /home/airflow/.local/lib/python3.12/site-packages/airflow/example_dags/example_external_task_marker_dag.py took 0.053 seconds
[2025-01-31T21:12:00.531+0000] {processor.py:186} INFO - Started process (PID=2502) to work on /home/airflow/.local/lib/python3.12/site-packages/airflow/example_dags/example_external_task_marker_dag.py
[2025-01-31T21:12:00.531+0000] {processor.py:914} INFO - Processing file /home/airflow/.local/lib/python3.12/site-packages/airflow/example_dags/example_external_task_marker_dag.py for tasks to queue
[2025-01-31T21:12:00.539+0000] {logging_mixin.py:190} INFO - [2025-01-31T21:12:00.539+0000] {dagbag.py:588} INFO - Filling up the DagBag from /home/airflow/.local/lib/python3.12/site-packages/airflow/example_dags/example_external_task_marker_dag.py
[2025-01-31T21:12:00.548+0000] {processor.py:925} INFO - DAG(s) 'example_external_task_marker_child', 'example_external_task_marker_parent' retrieved from /home/airflow/.local/lib/python3.12/site-packages/airflow/example_dags/example_external_task_marker_dag.py
[2025-01-31T21:12:00.570+0000] {logging_mixin.py:190} INFO - [2025-01-31T21:12:00.570+0000] {dag.py:3239} INFO - Sync 2 DAGs
[2025-01-31T21:12:00.587+0000] {logging_mixin.py:190} INFO - [2025-01-31T21:12:00.587+0000] {dag.py:4180} INFO - Setting next_dagrun for example_external_task_marker_child to None, run_after=None
[2025-01-31T21:12:00.592+0000] {logging_mixin.py:190} INFO - [2025-01-31T21:12:00.591+0000] {dag.py:4180} INFO - Setting next_dagrun for example_external_task_marker_parent to None, run_after=None
[2025-01-31T21:12:00.607+0000] {processor.py:208} INFO - Processing /home/airflow/.local/lib/python3.12/site-packages/airflow/example_dags/example_external_task_marker_dag.py took 0.082 seconds
[2025-01-31T21:12:30.939+0000] {processor.py:186} INFO - Started process (PID=2565) to work on /home/airflow/.local/lib/python3.12/site-packages/airflow/example_dags/example_external_task_marker_dag.py
[2025-01-31T21:12:30.939+0000] {processor.py:914} INFO - Processing file /home/airflow/.local/lib/python3.12/site-packages/airflow/example_dags/example_external_task_marker_dag.py for tasks to queue
[2025-01-31T21:12:30.941+0000] {logging_mixin.py:190} INFO - [2025-01-31T21:12:30.941+0000] {dagbag.py:588} INFO - Filling up the DagBag from /home/airflow/.local/lib/python3.12/site-packages/airflow/example_dags/example_external_task_marker_dag.py
[2025-01-31T21:12:30.947+0000] {processor.py:925} INFO - DAG(s) 'example_external_task_marker_parent', 'example_external_task_marker_child' retrieved from /home/airflow/.local/lib/python3.12/site-packages/airflow/example_dags/example_external_task_marker_dag.py
[2025-01-31T21:12:30.964+0000] {logging_mixin.py:190} INFO - [2025-01-31T21:12:30.964+0000] {dag.py:3239} INFO - Sync 2 DAGs
[2025-01-31T21:12:30.975+0000] {logging_mixin.py:190} INFO - [2025-01-31T21:12:30.974+0000] {dag.py:4180} INFO - Setting next_dagrun for example_external_task_marker_child to None, run_after=None
[2025-01-31T21:12:30.977+0000] {logging_mixin.py:190} INFO - [2025-01-31T21:12:30.977+0000] {dag.py:4180} INFO - Setting next_dagrun for example_external_task_marker_parent to None, run_after=None
[2025-01-31T21:12:30.998+0000] {processor.py:208} INFO - Processing /home/airflow/.local/lib/python3.12/site-packages/airflow/example_dags/example_external_task_marker_dag.py took 0.063 seconds
[2025-01-31T21:13:01.814+0000] {processor.py:186} INFO - Started process (PID=2628) to work on /home/airflow/.local/lib/python3.12/site-packages/airflow/example_dags/example_external_task_marker_dag.py
[2025-01-31T21:13:01.814+0000] {processor.py:914} INFO - Processing file /home/airflow/.local/lib/python3.12/site-packages/airflow/example_dags/example_external_task_marker_dag.py for tasks to queue
[2025-01-31T21:13:01.816+0000] {logging_mixin.py:190} INFO - [2025-01-31T21:13:01.816+0000] {dagbag.py:588} INFO - Filling up the DagBag from /home/airflow/.local/lib/python3.12/site-packages/airflow/example_dags/example_external_task_marker_dag.py
[2025-01-31T21:13:01.822+0000] {processor.py:925} INFO - DAG(s) 'example_external_task_marker_child', 'example_external_task_marker_parent' retrieved from /home/airflow/.local/lib/python3.12/site-packages/airflow/example_dags/example_external_task_marker_dag.py
[2025-01-31T21:13:01.839+0000] {logging_mixin.py:190} INFO - [2025-01-31T21:13:01.839+0000] {dag.py:3239} INFO - Sync 2 DAGs
[2025-01-31T21:13:01.849+0000] {logging_mixin.py:190} INFO - [2025-01-31T21:13:01.849+0000] {dag.py:4180} INFO - Setting next_dagrun for example_external_task_marker_child to None, run_after=None
[2025-01-31T21:13:01.852+0000] {logging_mixin.py:190} INFO - [2025-01-31T21:13:01.852+0000] {dag.py:4180} INFO - Setting next_dagrun for example_external_task_marker_parent to None, run_after=None
[2025-01-31T21:13:01.863+0000] {processor.py:208} INFO - Processing /home/airflow/.local/lib/python3.12/site-packages/airflow/example_dags/example_external_task_marker_dag.py took 0.053 seconds
[2025-01-31T21:13:32.262+0000] {processor.py:186} INFO - Started process (PID=2691) to work on /home/airflow/.local/lib/python3.12/site-packages/airflow/example_dags/example_external_task_marker_dag.py
[2025-01-31T21:13:32.262+0000] {processor.py:914} INFO - Processing file /home/airflow/.local/lib/python3.12/site-packages/airflow/example_dags/example_external_task_marker_dag.py for tasks to queue
[2025-01-31T21:13:32.264+0000] {logging_mixin.py:190} INFO - [2025-01-31T21:13:32.264+0000] {dagbag.py:588} INFO - Filling up the DagBag from /home/airflow/.local/lib/python3.12/site-packages/airflow/example_dags/example_external_task_marker_dag.py
[2025-01-31T21:13:32.270+0000] {processor.py:925} INFO - DAG(s) 'example_external_task_marker_child', 'example_external_task_marker_parent' retrieved from /home/airflow/.local/lib/python3.12/site-packages/airflow/example_dags/example_external_task_marker_dag.py
[2025-01-31T21:13:32.287+0000] {logging_mixin.py:190} INFO - [2025-01-31T21:13:32.286+0000] {dag.py:3239} INFO - Sync 2 DAGs
[2025-01-31T21:13:32.297+0000] {logging_mixin.py:190} INFO - [2025-01-31T21:13:32.297+0000] {dag.py:4180} INFO - Setting next_dagrun for example_external_task_marker_child to None, run_after=None
[2025-01-31T21:13:32.300+0000] {logging_mixin.py:190} INFO - [2025-01-31T21:13:32.300+0000] {dag.py:4180} INFO - Setting next_dagrun for example_external_task_marker_parent to None, run_after=None
[2025-01-31T21:13:32.310+0000] {processor.py:208} INFO - Processing /home/airflow/.local/lib/python3.12/site-packages/airflow/example_dags/example_external_task_marker_dag.py took 0.053 seconds
[2025-01-31T21:14:02.859+0000] {processor.py:186} INFO - Started process (PID=2754) to work on /home/airflow/.local/lib/python3.12/site-packages/airflow/example_dags/example_external_task_marker_dag.py
[2025-01-31T21:14:02.859+0000] {processor.py:914} INFO - Processing file /home/airflow/.local/lib/python3.12/site-packages/airflow/example_dags/example_external_task_marker_dag.py for tasks to queue
[2025-01-31T21:14:02.861+0000] {logging_mixin.py:190} INFO - [2025-01-31T21:14:02.861+0000] {dagbag.py:588} INFO - Filling up the DagBag from /home/airflow/.local/lib/python3.12/site-packages/airflow/example_dags/example_external_task_marker_dag.py
[2025-01-31T21:14:02.867+0000] {processor.py:925} INFO - DAG(s) 'example_external_task_marker_parent', 'example_external_task_marker_child' retrieved from /home/airflow/.local/lib/python3.12/site-packages/airflow/example_dags/example_external_task_marker_dag.py
[2025-01-31T21:14:02.884+0000] {logging_mixin.py:190} INFO - [2025-01-31T21:14:02.883+0000] {dag.py:3239} INFO - Sync 2 DAGs
[2025-01-31T21:14:02.894+0000] {logging_mixin.py:190} INFO - [2025-01-31T21:14:02.894+0000] {dag.py:4180} INFO - Setting next_dagrun for example_external_task_marker_child to None, run_after=None
[2025-01-31T21:14:02.897+0000] {logging_mixin.py:190} INFO - [2025-01-31T21:14:02.896+0000] {dag.py:4180} INFO - Setting next_dagrun for example_external_task_marker_parent to None, run_after=None
[2025-01-31T21:14:02.907+0000] {processor.py:208} INFO - Processing /home/airflow/.local/lib/python3.12/site-packages/airflow/example_dags/example_external_task_marker_dag.py took 0.053 seconds
[2025-01-31T21:14:33.391+0000] {processor.py:186} INFO - Started process (PID=2817) to work on /home/airflow/.local/lib/python3.12/site-packages/airflow/example_dags/example_external_task_marker_dag.py
[2025-01-31T21:14:33.392+0000] {processor.py:914} INFO - Processing file /home/airflow/.local/lib/python3.12/site-packages/airflow/example_dags/example_external_task_marker_dag.py for tasks to queue
[2025-01-31T21:14:33.394+0000] {logging_mixin.py:190} INFO - [2025-01-31T21:14:33.393+0000] {dagbag.py:588} INFO - Filling up the DagBag from /home/airflow/.local/lib/python3.12/site-packages/airflow/example_dags/example_external_task_marker_dag.py
[2025-01-31T21:14:33.400+0000] {processor.py:925} INFO - DAG(s) 'example_external_task_marker_child', 'example_external_task_marker_parent' retrieved from /home/airflow/.local/lib/python3.12/site-packages/airflow/example_dags/example_external_task_marker_dag.py
[2025-01-31T21:14:33.566+0000] {logging_mixin.py:190} INFO - [2025-01-31T21:14:33.566+0000] {dag.py:3239} INFO - Sync 2 DAGs
[2025-01-31T21:14:33.576+0000] {logging_mixin.py:190} INFO - [2025-01-31T21:14:33.576+0000] {dag.py:4180} INFO - Setting next_dagrun for example_external_task_marker_child to None, run_after=None
[2025-01-31T21:14:33.578+0000] {logging_mixin.py:190} INFO - [2025-01-31T21:14:33.578+0000] {dag.py:4180} INFO - Setting next_dagrun for example_external_task_marker_parent to None, run_after=None
[2025-01-31T21:14:33.588+0000] {processor.py:208} INFO - Processing /home/airflow/.local/lib/python3.12/site-packages/airflow/example_dags/example_external_task_marker_dag.py took 0.202 seconds
[2025-01-31T21:15:03.947+0000] {processor.py:186} INFO - Started process (PID=2879) to work on /home/airflow/.local/lib/python3.12/site-packages/airflow/example_dags/example_external_task_marker_dag.py
[2025-01-31T21:15:03.947+0000] {processor.py:914} INFO - Processing file /home/airflow/.local/lib/python3.12/site-packages/airflow/example_dags/example_external_task_marker_dag.py for tasks to queue
[2025-01-31T21:15:03.949+0000] {logging_mixin.py:190} INFO - [2025-01-31T21:15:03.949+0000] {dagbag.py:588} INFO - Filling up the DagBag from /home/airflow/.local/lib/python3.12/site-packages/airflow/example_dags/example_external_task_marker_dag.py
[2025-01-31T21:15:03.955+0000] {processor.py:925} INFO - DAG(s) 'example_external_task_marker_parent', 'example_external_task_marker_child' retrieved from /home/airflow/.local/lib/python3.12/site-packages/airflow/example_dags/example_external_task_marker_dag.py
[2025-01-31T21:15:03.972+0000] {logging_mixin.py:190} INFO - [2025-01-31T21:15:03.972+0000] {dag.py:3239} INFO - Sync 2 DAGs
[2025-01-31T21:15:04.153+0000] {logging_mixin.py:190} INFO - [2025-01-31T21:15:04.153+0000] {dag.py:4180} INFO - Setting next_dagrun for example_external_task_marker_child to None, run_after=None
[2025-01-31T21:15:04.156+0000] {logging_mixin.py:190} INFO - [2025-01-31T21:15:04.155+0000] {dag.py:4180} INFO - Setting next_dagrun for example_external_task_marker_parent to None, run_after=None
[2025-01-31T21:15:04.166+0000] {processor.py:208} INFO - Processing /home/airflow/.local/lib/python3.12/site-packages/airflow/example_dags/example_external_task_marker_dag.py took 0.223 seconds
[2025-01-31T21:15:34.810+0000] {processor.py:186} INFO - Started process (PID=2942) to work on /home/airflow/.local/lib/python3.12/site-packages/airflow/example_dags/example_external_task_marker_dag.py
[2025-01-31T21:15:34.810+0000] {processor.py:914} INFO - Processing file /home/airflow/.local/lib/python3.12/site-packages/airflow/example_dags/example_external_task_marker_dag.py for tasks to queue
[2025-01-31T21:15:34.812+0000] {logging_mixin.py:190} INFO - [2025-01-31T21:15:34.812+0000] {dagbag.py:588} INFO - Filling up the DagBag from /home/airflow/.local/lib/python3.12/site-packages/airflow/example_dags/example_external_task_marker_dag.py
[2025-01-31T21:15:34.818+0000] {processor.py:925} INFO - DAG(s) 'example_external_task_marker_child', 'example_external_task_marker_parent' retrieved from /home/airflow/.local/lib/python3.12/site-packages/airflow/example_dags/example_external_task_marker_dag.py
[2025-01-31T21:15:34.834+0000] {logging_mixin.py:190} INFO - [2025-01-31T21:15:34.834+0000] {dag.py:3239} INFO - Sync 2 DAGs
[2025-01-31T21:15:34.845+0000] {logging_mixin.py:190} INFO - [2025-01-31T21:15:34.845+0000] {dag.py:4180} INFO - Setting next_dagrun for example_external_task_marker_child to None, run_after=None
[2025-01-31T21:15:34.847+0000] {logging_mixin.py:190} INFO - [2025-01-31T21:15:34.847+0000] {dag.py:4180} INFO - Setting next_dagrun for example_external_task_marker_parent to None, run_after=None
[2025-01-31T21:15:34.858+0000] {processor.py:208} INFO - Processing /home/airflow/.local/lib/python3.12/site-packages/airflow/example_dags/example_external_task_marker_dag.py took 0.053 seconds
[2025-01-31T21:16:05.153+0000] {processor.py:186} INFO - Started process (PID=3006) to work on /home/airflow/.local/lib/python3.12/site-packages/airflow/example_dags/example_external_task_marker_dag.py
[2025-01-31T21:16:05.153+0000] {processor.py:914} INFO - Processing file /home/airflow/.local/lib/python3.12/site-packages/airflow/example_dags/example_external_task_marker_dag.py for tasks to queue
[2025-01-31T21:16:05.155+0000] {logging_mixin.py:190} INFO - [2025-01-31T21:16:05.155+0000] {dagbag.py:588} INFO - Filling up the DagBag from /home/airflow/.local/lib/python3.12/site-packages/airflow/example_dags/example_external_task_marker_dag.py
[2025-01-31T21:16:05.163+0000] {processor.py:925} INFO - DAG(s) 'example_external_task_marker_parent', 'example_external_task_marker_child' retrieved from /home/airflow/.local/lib/python3.12/site-packages/airflow/example_dags/example_external_task_marker_dag.py
[2025-01-31T21:16:05.180+0000] {logging_mixin.py:190} INFO - [2025-01-31T21:16:05.180+0000] {dag.py:3239} INFO - Sync 2 DAGs
[2025-01-31T21:16:05.191+0000] {logging_mixin.py:190} INFO - [2025-01-31T21:16:05.191+0000] {dag.py:4180} INFO - Setting next_dagrun for example_external_task_marker_child to None, run_after=None
[2025-01-31T21:16:05.194+0000] {logging_mixin.py:190} INFO - [2025-01-31T21:16:05.194+0000] {dag.py:4180} INFO - Setting next_dagrun for example_external_task_marker_parent to None, run_after=None
[2025-01-31T21:16:05.206+0000] {processor.py:208} INFO - Processing /home/airflow/.local/lib/python3.12/site-packages/airflow/example_dags/example_external_task_marker_dag.py took 0.058 seconds
[2025-01-31T21:16:35.811+0000] {processor.py:186} INFO - Started process (PID=3069) to work on /home/airflow/.local/lib/python3.12/site-packages/airflow/example_dags/example_external_task_marker_dag.py
[2025-01-31T21:16:35.812+0000] {processor.py:914} INFO - Processing file /home/airflow/.local/lib/python3.12/site-packages/airflow/example_dags/example_external_task_marker_dag.py for tasks to queue
[2025-01-31T21:16:35.814+0000] {logging_mixin.py:190} INFO - [2025-01-31T21:16:35.813+0000] {dagbag.py:588} INFO - Filling up the DagBag from /home/airflow/.local/lib/python3.12/site-packages/airflow/example_dags/example_external_task_marker_dag.py
[2025-01-31T21:16:35.820+0000] {processor.py:925} INFO - DAG(s) 'example_external_task_marker_child', 'example_external_task_marker_parent' retrieved from /home/airflow/.local/lib/python3.12/site-packages/airflow/example_dags/example_external_task_marker_dag.py
[2025-01-31T21:16:35.836+0000] {logging_mixin.py:190} INFO - [2025-01-31T21:16:35.836+0000] {dag.py:3239} INFO - Sync 2 DAGs
[2025-01-31T21:16:35.847+0000] {logging_mixin.py:190} INFO - [2025-01-31T21:16:35.846+0000] {dag.py:4180} INFO - Setting next_dagrun for example_external_task_marker_child to None, run_after=None
[2025-01-31T21:16:35.849+0000] {logging_mixin.py:190} INFO - [2025-01-31T21:16:35.849+0000] {dag.py:4180} INFO - Setting next_dagrun for example_external_task_marker_parent to None, run_after=None
[2025-01-31T21:16:35.860+0000] {processor.py:208} INFO - Processing /home/airflow/.local/lib/python3.12/site-packages/airflow/example_dags/example_external_task_marker_dag.py took 0.053 seconds
[2025-01-31T21:17:06.624+0000] {processor.py:186} INFO - Started process (PID=3132) to work on /home/airflow/.local/lib/python3.12/site-packages/airflow/example_dags/example_external_task_marker_dag.py
[2025-01-31T21:17:06.625+0000] {processor.py:914} INFO - Processing file /home/airflow/.local/lib/python3.12/site-packages/airflow/example_dags/example_external_task_marker_dag.py for tasks to queue
[2025-01-31T21:17:06.628+0000] {logging_mixin.py:190} INFO - [2025-01-31T21:17:06.627+0000] {dagbag.py:588} INFO - Filling up the DagBag from /home/airflow/.local/lib/python3.12/site-packages/airflow/example_dags/example_external_task_marker_dag.py
[2025-01-31T21:17:06.637+0000] {processor.py:925} INFO - DAG(s) 'example_external_task_marker_parent', 'example_external_task_marker_child' retrieved from /home/airflow/.local/lib/python3.12/site-packages/airflow/example_dags/example_external_task_marker_dag.py
[2025-01-31T21:17:06.660+0000] {logging_mixin.py:190} INFO - [2025-01-31T21:17:06.660+0000] {dag.py:3239} INFO - Sync 2 DAGs
[2025-01-31T21:17:06.677+0000] {logging_mixin.py:190} INFO - [2025-01-31T21:17:06.677+0000] {dag.py:4180} INFO - Setting next_dagrun for example_external_task_marker_child to None, run_after=None
[2025-01-31T21:17:06.681+0000] {logging_mixin.py:190} INFO - [2025-01-31T21:17:06.681+0000] {dag.py:4180} INFO - Setting next_dagrun for example_external_task_marker_parent to None, run_after=None
[2025-01-31T21:17:06.697+0000] {processor.py:208} INFO - Processing /home/airflow/.local/lib/python3.12/site-packages/airflow/example_dags/example_external_task_marker_dag.py took 0.079 seconds
[2025-01-31T21:17:37.364+0000] {processor.py:186} INFO - Started process (PID=3195) to work on /home/airflow/.local/lib/python3.12/site-packages/airflow/example_dags/example_external_task_marker_dag.py
[2025-01-31T21:17:37.365+0000] {processor.py:914} INFO - Processing file /home/airflow/.local/lib/python3.12/site-packages/airflow/example_dags/example_external_task_marker_dag.py for tasks to queue
[2025-01-31T21:17:37.368+0000] {logging_mixin.py:190} INFO - [2025-01-31T21:17:37.367+0000] {dagbag.py:588} INFO - Filling up the DagBag from /home/airflow/.local/lib/python3.12/site-packages/airflow/example_dags/example_external_task_marker_dag.py
[2025-01-31T21:17:37.387+0000] {processor.py:925} INFO - DAG(s) 'example_external_task_marker_parent', 'example_external_task_marker_child' retrieved from /home/airflow/.local/lib/python3.12/site-packages/airflow/example_dags/example_external_task_marker_dag.py
[2025-01-31T21:17:37.416+0000] {logging_mixin.py:190} INFO - [2025-01-31T21:17:37.416+0000] {dag.py:3239} INFO - Sync 2 DAGs
[2025-01-31T21:17:37.433+0000] {logging_mixin.py:190} INFO - [2025-01-31T21:17:37.432+0000] {dag.py:4180} INFO - Setting next_dagrun for example_external_task_marker_child to None, run_after=None
[2025-01-31T21:17:37.443+0000] {logging_mixin.py:190} INFO - [2025-01-31T21:17:37.443+0000] {dag.py:4180} INFO - Setting next_dagrun for example_external_task_marker_parent to None, run_after=None
[2025-01-31T21:17:37.473+0000] {processor.py:208} INFO - Processing /home/airflow/.local/lib/python3.12/site-packages/airflow/example_dags/example_external_task_marker_dag.py took 0.114 seconds
[2025-01-31T21:18:08.195+0000] {processor.py:186} INFO - Started process (PID=3258) to work on /home/airflow/.local/lib/python3.12/site-packages/airflow/example_dags/example_external_task_marker_dag.py
[2025-01-31T21:18:08.198+0000] {processor.py:914} INFO - Processing file /home/airflow/.local/lib/python3.12/site-packages/airflow/example_dags/example_external_task_marker_dag.py for tasks to queue
[2025-01-31T21:18:08.200+0000] {logging_mixin.py:190} INFO - [2025-01-31T21:18:08.199+0000] {dagbag.py:588} INFO - Filling up the DagBag from /home/airflow/.local/lib/python3.12/site-packages/airflow/example_dags/example_external_task_marker_dag.py
[2025-01-31T21:18:08.206+0000] {processor.py:925} INFO - DAG(s) 'example_external_task_marker_parent', 'example_external_task_marker_child' retrieved from /home/airflow/.local/lib/python3.12/site-packages/airflow/example_dags/example_external_task_marker_dag.py
[2025-01-31T21:18:08.222+0000] {logging_mixin.py:190} INFO - [2025-01-31T21:18:08.222+0000] {dag.py:3239} INFO - Sync 2 DAGs
[2025-01-31T21:18:08.233+0000] {logging_mixin.py:190} INFO - [2025-01-31T21:18:08.233+0000] {dag.py:4180} INFO - Setting next_dagrun for example_external_task_marker_child to None, run_after=None
[2025-01-31T21:18:08.236+0000] {logging_mixin.py:190} INFO - [2025-01-31T21:18:08.236+0000] {dag.py:4180} INFO - Setting next_dagrun for example_external_task_marker_parent to None, run_after=None
[2025-01-31T21:18:08.247+0000] {processor.py:208} INFO - Processing /home/airflow/.local/lib/python3.12/site-packages/airflow/example_dags/example_external_task_marker_dag.py took 0.061 seconds
