[2025-01-31T20:52:13.414+0000] {processor.py:186} INFO - Started process (PID=69) to work on /home/airflow/.local/lib/python3.12/site-packages/airflow/example_dags/example_sensors.py
[2025-01-31T20:52:13.420+0000] {processor.py:914} INFO - Processing file /home/airflow/.local/lib/python3.12/site-packages/airflow/example_dags/example_sensors.py for tasks to queue
[2025-01-31T20:52:13.436+0000] {logging_mixin.py:190} INFO - [2025-01-31T20:52:13.426+0000] {dagbag.py:588} INFO - Filling up the DagBag from /home/airflow/.local/lib/python3.12/site-packages/airflow/example_dags/example_sensors.py
[2025-01-31T20:52:13.502+0000] {processor.py:925} INFO - DAG(s) 'example_sensors' retrieved from /home/airflow/.local/lib/python3.12/site-packages/airflow/example_dags/example_sensors.py
[2025-01-31T20:52:14.547+0000] {logging_mixin.py:190} INFO - [2025-01-31T20:52:14.546+0000] {override.py:1911} INFO - Created Permission View: can delete on DAG:example_sensors
[2025-01-31T20:52:14.607+0000] {logging_mixin.py:190} INFO - [2025-01-31T20:52:14.607+0000] {override.py:1911} INFO - Created Permission View: can edit on DAG:example_sensors
[2025-01-31T20:52:14.658+0000] {logging_mixin.py:190} INFO - [2025-01-31T20:52:14.658+0000] {override.py:1911} INFO - Created Permission View: can read on DAG:example_sensors
[2025-01-31T20:52:14.714+0000] {logging_mixin.py:190} INFO - [2025-01-31T20:52:14.714+0000] {override.py:1911} INFO - Created Permission View: menu access on DAG Run:example_sensors
[2025-01-31T20:52:14.748+0000] {logging_mixin.py:190} INFO - [2025-01-31T20:52:14.747+0000] {override.py:1911} INFO - Created Permission View: can delete on DAG Run:example_sensors
[2025-01-31T20:52:14.807+0000] {logging_mixin.py:190} INFO - [2025-01-31T20:52:14.807+0000] {override.py:1911} INFO - Created Permission View: can create on DAG Run:example_sensors
[2025-01-31T20:52:14.823+0000] {logging_mixin.py:190} INFO - [2025-01-31T20:52:14.823+0000] {override.py:1911} INFO - Created Permission View: can read on DAG Run:example_sensors
[2025-01-31T20:52:14.823+0000] {logging_mixin.py:190} INFO - [2025-01-31T20:52:14.823+0000] {dag.py:3239} INFO - Sync 1 DAGs
[2025-01-31T20:52:14.878+0000] {logging_mixin.py:190} INFO - [2025-01-31T20:52:14.877+0000] {dag.py:3262} INFO - Creating ORM DAG for example_sensors
[2025-01-31T20:52:14.878+0000] {logging_mixin.py:190} INFO - [2025-01-31T20:52:14.878+0000] {dag.py:4180} INFO - Setting next_dagrun for example_sensors to None, run_after=None
[2025-01-31T20:52:14.965+0000] {processor.py:208} INFO - Processing /home/airflow/.local/lib/python3.12/site-packages/airflow/example_dags/example_sensors.py took 1.596 seconds
[2025-01-31T20:52:46.192+0000] {processor.py:186} INFO - Started process (PID=131) to work on /home/airflow/.local/lib/python3.12/site-packages/airflow/example_dags/example_sensors.py
[2025-01-31T20:52:46.193+0000] {processor.py:914} INFO - Processing file /home/airflow/.local/lib/python3.12/site-packages/airflow/example_dags/example_sensors.py for tasks to queue
[2025-01-31T20:52:46.196+0000] {logging_mixin.py:190} INFO - [2025-01-31T20:52:46.195+0000] {dagbag.py:588} INFO - Filling up the DagBag from /home/airflow/.local/lib/python3.12/site-packages/airflow/example_dags/example_sensors.py
[2025-01-31T20:52:46.240+0000] {processor.py:925} INFO - DAG(s) 'example_sensors' retrieved from /home/airflow/.local/lib/python3.12/site-packages/airflow/example_dags/example_sensors.py
[2025-01-31T20:52:46.279+0000] {logging_mixin.py:190} INFO - [2025-01-31T20:52:46.279+0000] {dag.py:3239} INFO - Sync 1 DAGs
[2025-01-31T20:52:46.316+0000] {logging_mixin.py:190} INFO - [2025-01-31T20:52:46.316+0000] {dag.py:4180} INFO - Setting next_dagrun for example_sensors to None, run_after=None
[2025-01-31T20:52:46.369+0000] {processor.py:208} INFO - Processing /home/airflow/.local/lib/python3.12/site-packages/airflow/example_dags/example_sensors.py took 0.196 seconds
[2025-01-31T20:53:16.443+0000] {processor.py:186} INFO - Started process (PID=194) to work on /home/airflow/.local/lib/python3.12/site-packages/airflow/example_dags/example_sensors.py
[2025-01-31T20:53:16.443+0000] {processor.py:914} INFO - Processing file /home/airflow/.local/lib/python3.12/site-packages/airflow/example_dags/example_sensors.py for tasks to queue
[2025-01-31T20:53:16.445+0000] {logging_mixin.py:190} INFO - [2025-01-31T20:53:16.445+0000] {dagbag.py:588} INFO - Filling up the DagBag from /home/airflow/.local/lib/python3.12/site-packages/airflow/example_dags/example_sensors.py
[2025-01-31T20:53:16.453+0000] {processor.py:925} INFO - DAG(s) 'example_sensors' retrieved from /home/airflow/.local/lib/python3.12/site-packages/airflow/example_dags/example_sensors.py
[2025-01-31T20:53:16.471+0000] {logging_mixin.py:190} INFO - [2025-01-31T20:53:16.471+0000] {dag.py:3239} INFO - Sync 1 DAGs
[2025-01-31T20:53:16.481+0000] {logging_mixin.py:190} INFO - [2025-01-31T20:53:16.481+0000] {dag.py:4180} INFO - Setting next_dagrun for example_sensors to None, run_after=None
[2025-01-31T20:53:16.494+0000] {processor.py:208} INFO - Processing /home/airflow/.local/lib/python3.12/site-packages/airflow/example_dags/example_sensors.py took 0.056 seconds
[2025-01-31T20:53:46.862+0000] {processor.py:186} INFO - Started process (PID=248) to work on /home/airflow/.local/lib/python3.12/site-packages/airflow/example_dags/example_sensors.py
[2025-01-31T20:53:46.863+0000] {processor.py:914} INFO - Processing file /home/airflow/.local/lib/python3.12/site-packages/airflow/example_dags/example_sensors.py for tasks to queue
[2025-01-31T20:53:46.865+0000] {logging_mixin.py:190} INFO - [2025-01-31T20:53:46.865+0000] {dagbag.py:588} INFO - Filling up the DagBag from /home/airflow/.local/lib/python3.12/site-packages/airflow/example_dags/example_sensors.py
[2025-01-31T20:53:46.877+0000] {processor.py:925} INFO - DAG(s) 'example_sensors' retrieved from /home/airflow/.local/lib/python3.12/site-packages/airflow/example_dags/example_sensors.py
[2025-01-31T20:53:46.903+0000] {logging_mixin.py:190} INFO - [2025-01-31T20:53:46.903+0000] {dag.py:3239} INFO - Sync 1 DAGs
[2025-01-31T20:53:46.917+0000] {logging_mixin.py:190} INFO - [2025-01-31T20:53:46.917+0000] {dag.py:4180} INFO - Setting next_dagrun for example_sensors to None, run_after=None
[2025-01-31T20:53:46.935+0000] {processor.py:208} INFO - Processing /home/airflow/.local/lib/python3.12/site-packages/airflow/example_dags/example_sensors.py took 0.079 seconds
[2025-01-31T20:54:17.544+0000] {processor.py:186} INFO - Started process (PID=307) to work on /home/airflow/.local/lib/python3.12/site-packages/airflow/example_dags/example_sensors.py
[2025-01-31T20:54:17.544+0000] {processor.py:914} INFO - Processing file /home/airflow/.local/lib/python3.12/site-packages/airflow/example_dags/example_sensors.py for tasks to queue
[2025-01-31T20:54:17.546+0000] {logging_mixin.py:190} INFO - [2025-01-31T20:54:17.546+0000] {dagbag.py:588} INFO - Filling up the DagBag from /home/airflow/.local/lib/python3.12/site-packages/airflow/example_dags/example_sensors.py
[2025-01-31T20:54:17.558+0000] {processor.py:925} INFO - DAG(s) 'example_sensors' retrieved from /home/airflow/.local/lib/python3.12/site-packages/airflow/example_dags/example_sensors.py
[2025-01-31T20:54:17.584+0000] {logging_mixin.py:190} INFO - [2025-01-31T20:54:17.584+0000] {dag.py:3239} INFO - Sync 1 DAGs
[2025-01-31T20:54:17.597+0000] {logging_mixin.py:190} INFO - [2025-01-31T20:54:17.597+0000] {dag.py:4180} INFO - Setting next_dagrun for example_sensors to None, run_after=None
[2025-01-31T20:54:17.612+0000] {processor.py:208} INFO - Processing /home/airflow/.local/lib/python3.12/site-packages/airflow/example_dags/example_sensors.py took 0.075 seconds
[2025-01-31T20:54:49.027+0000] {processor.py:186} INFO - Started process (PID=371) to work on /home/airflow/.local/lib/python3.12/site-packages/airflow/example_dags/example_sensors.py
[2025-01-31T20:54:49.038+0000] {processor.py:914} INFO - Processing file /home/airflow/.local/lib/python3.12/site-packages/airflow/example_dags/example_sensors.py for tasks to queue
[2025-01-31T20:54:49.049+0000] {logging_mixin.py:190} INFO - [2025-01-31T20:54:49.049+0000] {dagbag.py:588} INFO - Filling up the DagBag from /home/airflow/.local/lib/python3.12/site-packages/airflow/example_dags/example_sensors.py
[2025-01-31T20:54:49.081+0000] {processor.py:925} INFO - DAG(s) 'example_sensors' retrieved from /home/airflow/.local/lib/python3.12/site-packages/airflow/example_dags/example_sensors.py
[2025-01-31T20:54:49.162+0000] {logging_mixin.py:190} INFO - [2025-01-31T20:54:49.162+0000] {dag.py:3239} INFO - Sync 1 DAGs
[2025-01-31T20:54:49.190+0000] {logging_mixin.py:190} INFO - [2025-01-31T20:54:49.190+0000] {dag.py:4180} INFO - Setting next_dagrun for example_sensors to None, run_after=None
[2025-01-31T20:54:49.249+0000] {processor.py:208} INFO - Processing /home/airflow/.local/lib/python3.12/site-packages/airflow/example_dags/example_sensors.py took 0.228 seconds
[2025-01-31T20:55:20.023+0000] {processor.py:186} INFO - Started process (PID=434) to work on /home/airflow/.local/lib/python3.12/site-packages/airflow/example_dags/example_sensors.py
[2025-01-31T20:55:20.024+0000] {processor.py:914} INFO - Processing file /home/airflow/.local/lib/python3.12/site-packages/airflow/example_dags/example_sensors.py for tasks to queue
[2025-01-31T20:55:20.026+0000] {logging_mixin.py:190} INFO - [2025-01-31T20:55:20.026+0000] {dagbag.py:588} INFO - Filling up the DagBag from /home/airflow/.local/lib/python3.12/site-packages/airflow/example_dags/example_sensors.py
[2025-01-31T20:55:20.037+0000] {processor.py:925} INFO - DAG(s) 'example_sensors' retrieved from /home/airflow/.local/lib/python3.12/site-packages/airflow/example_dags/example_sensors.py
[2025-01-31T20:55:20.064+0000] {logging_mixin.py:190} INFO - [2025-01-31T20:55:20.064+0000] {dag.py:3239} INFO - Sync 1 DAGs
[2025-01-31T20:55:20.079+0000] {logging_mixin.py:190} INFO - [2025-01-31T20:55:20.079+0000] {dag.py:4180} INFO - Setting next_dagrun for example_sensors to None, run_after=None
[2025-01-31T20:55:20.095+0000] {processor.py:208} INFO - Processing /home/airflow/.local/lib/python3.12/site-packages/airflow/example_dags/example_sensors.py took 0.077 seconds
[2025-01-31T20:55:50.701+0000] {processor.py:186} INFO - Started process (PID=498) to work on /home/airflow/.local/lib/python3.12/site-packages/airflow/example_dags/example_sensors.py
[2025-01-31T20:55:50.703+0000] {processor.py:914} INFO - Processing file /home/airflow/.local/lib/python3.12/site-packages/airflow/example_dags/example_sensors.py for tasks to queue
[2025-01-31T20:55:50.705+0000] {logging_mixin.py:190} INFO - [2025-01-31T20:55:50.704+0000] {dagbag.py:588} INFO - Filling up the DagBag from /home/airflow/.local/lib/python3.12/site-packages/airflow/example_dags/example_sensors.py
[2025-01-31T20:55:50.716+0000] {processor.py:925} INFO - DAG(s) 'example_sensors' retrieved from /home/airflow/.local/lib/python3.12/site-packages/airflow/example_dags/example_sensors.py
[2025-01-31T20:55:50.744+0000] {logging_mixin.py:190} INFO - [2025-01-31T20:55:50.743+0000] {dag.py:3239} INFO - Sync 1 DAGs
[2025-01-31T20:55:50.757+0000] {logging_mixin.py:190} INFO - [2025-01-31T20:55:50.757+0000] {dag.py:4180} INFO - Setting next_dagrun for example_sensors to None, run_after=None
[2025-01-31T20:55:50.773+0000] {processor.py:208} INFO - Processing /home/airflow/.local/lib/python3.12/site-packages/airflow/example_dags/example_sensors.py took 0.078 seconds
[2025-01-31T20:56:21.098+0000] {processor.py:186} INFO - Started process (PID=561) to work on /home/airflow/.local/lib/python3.12/site-packages/airflow/example_dags/example_sensors.py
[2025-01-31T20:56:21.099+0000] {processor.py:914} INFO - Processing file /home/airflow/.local/lib/python3.12/site-packages/airflow/example_dags/example_sensors.py for tasks to queue
[2025-01-31T20:56:21.101+0000] {logging_mixin.py:190} INFO - [2025-01-31T20:56:21.101+0000] {dagbag.py:588} INFO - Filling up the DagBag from /home/airflow/.local/lib/python3.12/site-packages/airflow/example_dags/example_sensors.py
[2025-01-31T20:56:21.112+0000] {processor.py:925} INFO - DAG(s) 'example_sensors' retrieved from /home/airflow/.local/lib/python3.12/site-packages/airflow/example_dags/example_sensors.py
[2025-01-31T20:56:21.139+0000] {logging_mixin.py:190} INFO - [2025-01-31T20:56:21.138+0000] {dag.py:3239} INFO - Sync 1 DAGs
[2025-01-31T20:56:21.154+0000] {logging_mixin.py:190} INFO - [2025-01-31T20:56:21.153+0000] {dag.py:4180} INFO - Setting next_dagrun for example_sensors to None, run_after=None
[2025-01-31T20:56:21.170+0000] {processor.py:208} INFO - Processing /home/airflow/.local/lib/python3.12/site-packages/airflow/example_dags/example_sensors.py took 0.077 seconds
[2025-01-31T20:56:51.827+0000] {processor.py:186} INFO - Started process (PID=623) to work on /home/airflow/.local/lib/python3.12/site-packages/airflow/example_dags/example_sensors.py
[2025-01-31T20:56:51.830+0000] {processor.py:914} INFO - Processing file /home/airflow/.local/lib/python3.12/site-packages/airflow/example_dags/example_sensors.py for tasks to queue
[2025-01-31T20:56:51.832+0000] {logging_mixin.py:190} INFO - [2025-01-31T20:56:51.831+0000] {dagbag.py:588} INFO - Filling up the DagBag from /home/airflow/.local/lib/python3.12/site-packages/airflow/example_dags/example_sensors.py
[2025-01-31T20:56:51.846+0000] {processor.py:925} INFO - DAG(s) 'example_sensors' retrieved from /home/airflow/.local/lib/python3.12/site-packages/airflow/example_dags/example_sensors.py
[2025-01-31T20:56:51.873+0000] {logging_mixin.py:190} INFO - [2025-01-31T20:56:51.872+0000] {dag.py:3239} INFO - Sync 1 DAGs
[2025-01-31T20:56:51.887+0000] {logging_mixin.py:190} INFO - [2025-01-31T20:56:51.886+0000] {dag.py:4180} INFO - Setting next_dagrun for example_sensors to None, run_after=None
[2025-01-31T20:56:51.903+0000] {processor.py:208} INFO - Processing /home/airflow/.local/lib/python3.12/site-packages/airflow/example_dags/example_sensors.py took 0.081 seconds
[2025-01-31T20:57:22.242+0000] {processor.py:186} INFO - Started process (PID=687) to work on /home/airflow/.local/lib/python3.12/site-packages/airflow/example_dags/example_sensors.py
[2025-01-31T20:57:22.252+0000] {processor.py:914} INFO - Processing file /home/airflow/.local/lib/python3.12/site-packages/airflow/example_dags/example_sensors.py for tasks to queue
[2025-01-31T20:57:22.256+0000] {logging_mixin.py:190} INFO - [2025-01-31T20:57:22.255+0000] {dagbag.py:588} INFO - Filling up the DagBag from /home/airflow/.local/lib/python3.12/site-packages/airflow/example_dags/example_sensors.py
[2025-01-31T20:57:22.275+0000] {processor.py:925} INFO - DAG(s) 'example_sensors' retrieved from /home/airflow/.local/lib/python3.12/site-packages/airflow/example_dags/example_sensors.py
[2025-01-31T20:57:22.309+0000] {logging_mixin.py:190} INFO - [2025-01-31T20:57:22.309+0000] {dag.py:3239} INFO - Sync 1 DAGs
[2025-01-31T20:57:22.323+0000] {logging_mixin.py:190} INFO - [2025-01-31T20:57:22.323+0000] {dag.py:4180} INFO - Setting next_dagrun for example_sensors to None, run_after=None
[2025-01-31T20:57:22.339+0000] {processor.py:208} INFO - Processing /home/airflow/.local/lib/python3.12/site-packages/airflow/example_dags/example_sensors.py took 0.103 seconds
[2025-01-31T20:57:53.116+0000] {processor.py:186} INFO - Started process (PID=751) to work on /home/airflow/.local/lib/python3.12/site-packages/airflow/example_dags/example_sensors.py
[2025-01-31T20:57:53.117+0000] {processor.py:914} INFO - Processing file /home/airflow/.local/lib/python3.12/site-packages/airflow/example_dags/example_sensors.py for tasks to queue
[2025-01-31T20:57:53.119+0000] {logging_mixin.py:190} INFO - [2025-01-31T20:57:53.118+0000] {dagbag.py:588} INFO - Filling up the DagBag from /home/airflow/.local/lib/python3.12/site-packages/airflow/example_dags/example_sensors.py
[2025-01-31T20:57:53.131+0000] {processor.py:925} INFO - DAG(s) 'example_sensors' retrieved from /home/airflow/.local/lib/python3.12/site-packages/airflow/example_dags/example_sensors.py
[2025-01-31T20:57:53.158+0000] {logging_mixin.py:190} INFO - [2025-01-31T20:57:53.158+0000] {dag.py:3239} INFO - Sync 1 DAGs
[2025-01-31T20:57:53.175+0000] {logging_mixin.py:190} INFO - [2025-01-31T20:57:53.175+0000] {dag.py:4180} INFO - Setting next_dagrun for example_sensors to None, run_after=None
[2025-01-31T20:57:53.191+0000] {processor.py:208} INFO - Processing /home/airflow/.local/lib/python3.12/site-packages/airflow/example_dags/example_sensors.py took 0.081 seconds
[2025-01-31T20:58:23.901+0000] {processor.py:186} INFO - Started process (PID=814) to work on /home/airflow/.local/lib/python3.12/site-packages/airflow/example_dags/example_sensors.py
[2025-01-31T20:58:23.902+0000] {processor.py:914} INFO - Processing file /home/airflow/.local/lib/python3.12/site-packages/airflow/example_dags/example_sensors.py for tasks to queue
[2025-01-31T20:58:23.904+0000] {logging_mixin.py:190} INFO - [2025-01-31T20:58:23.903+0000] {dagbag.py:588} INFO - Filling up the DagBag from /home/airflow/.local/lib/python3.12/site-packages/airflow/example_dags/example_sensors.py
[2025-01-31T20:58:23.915+0000] {processor.py:925} INFO - DAG(s) 'example_sensors' retrieved from /home/airflow/.local/lib/python3.12/site-packages/airflow/example_dags/example_sensors.py
[2025-01-31T20:58:23.943+0000] {logging_mixin.py:190} INFO - [2025-01-31T20:58:23.943+0000] {dag.py:3239} INFO - Sync 1 DAGs
[2025-01-31T20:58:23.958+0000] {logging_mixin.py:190} INFO - [2025-01-31T20:58:23.957+0000] {dag.py:4180} INFO - Setting next_dagrun for example_sensors to None, run_after=None
[2025-01-31T20:58:23.974+0000] {processor.py:208} INFO - Processing /home/airflow/.local/lib/python3.12/site-packages/airflow/example_dags/example_sensors.py took 0.078 seconds
[2025-01-31T20:58:54.848+0000] {processor.py:186} INFO - Started process (PID=876) to work on /home/airflow/.local/lib/python3.12/site-packages/airflow/example_dags/example_sensors.py
[2025-01-31T20:58:54.850+0000] {processor.py:914} INFO - Processing file /home/airflow/.local/lib/python3.12/site-packages/airflow/example_dags/example_sensors.py for tasks to queue
[2025-01-31T20:58:54.852+0000] {logging_mixin.py:190} INFO - [2025-01-31T20:58:54.852+0000] {dagbag.py:588} INFO - Filling up the DagBag from /home/airflow/.local/lib/python3.12/site-packages/airflow/example_dags/example_sensors.py
[2025-01-31T20:58:54.868+0000] {processor.py:925} INFO - DAG(s) 'example_sensors' retrieved from /home/airflow/.local/lib/python3.12/site-packages/airflow/example_dags/example_sensors.py
[2025-01-31T20:58:54.894+0000] {logging_mixin.py:190} INFO - [2025-01-31T20:58:54.894+0000] {dag.py:3239} INFO - Sync 1 DAGs
[2025-01-31T20:58:54.930+0000] {logging_mixin.py:190} INFO - [2025-01-31T20:58:54.930+0000] {dag.py:4180} INFO - Setting next_dagrun for example_sensors to None, run_after=None
[2025-01-31T20:58:54.960+0000] {processor.py:208} INFO - Processing /home/airflow/.local/lib/python3.12/site-packages/airflow/example_dags/example_sensors.py took 0.118 seconds
[2025-01-31T20:59:25.165+0000] {processor.py:186} INFO - Started process (PID=940) to work on /home/airflow/.local/lib/python3.12/site-packages/airflow/example_dags/example_sensors.py
[2025-01-31T20:59:25.168+0000] {processor.py:914} INFO - Processing file /home/airflow/.local/lib/python3.12/site-packages/airflow/example_dags/example_sensors.py for tasks to queue
[2025-01-31T20:59:25.174+0000] {logging_mixin.py:190} INFO - [2025-01-31T20:59:25.173+0000] {dagbag.py:588} INFO - Filling up the DagBag from /home/airflow/.local/lib/python3.12/site-packages/airflow/example_dags/example_sensors.py
[2025-01-31T20:59:25.234+0000] {processor.py:925} INFO - DAG(s) 'example_sensors' retrieved from /home/airflow/.local/lib/python3.12/site-packages/airflow/example_dags/example_sensors.py
[2025-01-31T20:59:25.363+0000] {logging_mixin.py:190} INFO - [2025-01-31T20:59:25.363+0000] {dag.py:3239} INFO - Sync 1 DAGs
[2025-01-31T20:59:25.435+0000] {logging_mixin.py:190} INFO - [2025-01-31T20:59:25.435+0000] {dag.py:4180} INFO - Setting next_dagrun for example_sensors to None, run_after=None
[2025-01-31T20:59:25.514+0000] {processor.py:208} INFO - Processing /home/airflow/.local/lib/python3.12/site-packages/airflow/example_dags/example_sensors.py took 0.362 seconds
[2025-01-31T20:59:55.794+0000] {processor.py:186} INFO - Started process (PID=1003) to work on /home/airflow/.local/lib/python3.12/site-packages/airflow/example_dags/example_sensors.py
[2025-01-31T20:59:55.808+0000] {processor.py:914} INFO - Processing file /home/airflow/.local/lib/python3.12/site-packages/airflow/example_dags/example_sensors.py for tasks to queue
[2025-01-31T20:59:55.811+0000] {logging_mixin.py:190} INFO - [2025-01-31T20:59:55.810+0000] {dagbag.py:588} INFO - Filling up the DagBag from /home/airflow/.local/lib/python3.12/site-packages/airflow/example_dags/example_sensors.py
[2025-01-31T20:59:55.830+0000] {processor.py:925} INFO - DAG(s) 'example_sensors' retrieved from /home/airflow/.local/lib/python3.12/site-packages/airflow/example_dags/example_sensors.py
[2025-01-31T20:59:55.872+0000] {logging_mixin.py:190} INFO - [2025-01-31T20:59:55.872+0000] {dag.py:3239} INFO - Sync 1 DAGs
[2025-01-31T20:59:55.887+0000] {logging_mixin.py:190} INFO - [2025-01-31T20:59:55.887+0000] {dag.py:4180} INFO - Setting next_dagrun for example_sensors to None, run_after=None
[2025-01-31T20:59:55.913+0000] {processor.py:208} INFO - Processing /home/airflow/.local/lib/python3.12/site-packages/airflow/example_dags/example_sensors.py took 0.124 seconds
[2025-01-31T21:00:26.116+0000] {processor.py:186} INFO - Started process (PID=1067) to work on /home/airflow/.local/lib/python3.12/site-packages/airflow/example_dags/example_sensors.py
[2025-01-31T21:00:26.117+0000] {processor.py:914} INFO - Processing file /home/airflow/.local/lib/python3.12/site-packages/airflow/example_dags/example_sensors.py for tasks to queue
[2025-01-31T21:00:26.120+0000] {logging_mixin.py:190} INFO - [2025-01-31T21:00:26.119+0000] {dagbag.py:588} INFO - Filling up the DagBag from /home/airflow/.local/lib/python3.12/site-packages/airflow/example_dags/example_sensors.py
[2025-01-31T21:00:26.132+0000] {processor.py:925} INFO - DAG(s) 'example_sensors' retrieved from /home/airflow/.local/lib/python3.12/site-packages/airflow/example_dags/example_sensors.py
[2025-01-31T21:00:26.160+0000] {logging_mixin.py:190} INFO - [2025-01-31T21:00:26.160+0000] {dag.py:3239} INFO - Sync 1 DAGs
[2025-01-31T21:00:26.174+0000] {logging_mixin.py:190} INFO - [2025-01-31T21:00:26.174+0000] {dag.py:4180} INFO - Setting next_dagrun for example_sensors to None, run_after=None
[2025-01-31T21:00:26.191+0000] {processor.py:208} INFO - Processing /home/airflow/.local/lib/python3.12/site-packages/airflow/example_dags/example_sensors.py took 0.080 seconds
[2025-01-31T21:00:56.269+0000] {processor.py:186} INFO - Started process (PID=1131) to work on /home/airflow/.local/lib/python3.12/site-packages/airflow/example_dags/example_sensors.py
[2025-01-31T21:00:56.270+0000] {processor.py:914} INFO - Processing file /home/airflow/.local/lib/python3.12/site-packages/airflow/example_dags/example_sensors.py for tasks to queue
[2025-01-31T21:00:56.273+0000] {logging_mixin.py:190} INFO - [2025-01-31T21:00:56.272+0000] {dagbag.py:588} INFO - Filling up the DagBag from /home/airflow/.local/lib/python3.12/site-packages/airflow/example_dags/example_sensors.py
[2025-01-31T21:00:56.284+0000] {processor.py:925} INFO - DAG(s) 'example_sensors' retrieved from /home/airflow/.local/lib/python3.12/site-packages/airflow/example_dags/example_sensors.py
[2025-01-31T21:00:56.312+0000] {logging_mixin.py:190} INFO - [2025-01-31T21:00:56.312+0000] {dag.py:3239} INFO - Sync 1 DAGs
[2025-01-31T21:00:56.328+0000] {logging_mixin.py:190} INFO - [2025-01-31T21:00:56.327+0000] {dag.py:4180} INFO - Setting next_dagrun for example_sensors to None, run_after=None
[2025-01-31T21:00:56.345+0000] {processor.py:208} INFO - Processing /home/airflow/.local/lib/python3.12/site-packages/airflow/example_dags/example_sensors.py took 0.081 seconds
[2025-01-31T21:01:26.696+0000] {processor.py:186} INFO - Started process (PID=1194) to work on /home/airflow/.local/lib/python3.12/site-packages/airflow/example_dags/example_sensors.py
[2025-01-31T21:01:26.697+0000] {processor.py:914} INFO - Processing file /home/airflow/.local/lib/python3.12/site-packages/airflow/example_dags/example_sensors.py for tasks to queue
[2025-01-31T21:01:26.700+0000] {logging_mixin.py:190} INFO - [2025-01-31T21:01:26.699+0000] {dagbag.py:588} INFO - Filling up the DagBag from /home/airflow/.local/lib/python3.12/site-packages/airflow/example_dags/example_sensors.py
[2025-01-31T21:01:26.712+0000] {processor.py:925} INFO - DAG(s) 'example_sensors' retrieved from /home/airflow/.local/lib/python3.12/site-packages/airflow/example_dags/example_sensors.py
[2025-01-31T21:01:26.750+0000] {logging_mixin.py:190} INFO - [2025-01-31T21:01:26.749+0000] {dag.py:3239} INFO - Sync 1 DAGs
[2025-01-31T21:01:26.763+0000] {logging_mixin.py:190} INFO - [2025-01-31T21:01:26.763+0000] {dag.py:4180} INFO - Setting next_dagrun for example_sensors to None, run_after=None
[2025-01-31T21:01:26.782+0000] {processor.py:208} INFO - Processing /home/airflow/.local/lib/python3.12/site-packages/airflow/example_dags/example_sensors.py took 0.092 seconds
[2025-01-31T21:01:57.036+0000] {processor.py:186} INFO - Started process (PID=1257) to work on /home/airflow/.local/lib/python3.12/site-packages/airflow/example_dags/example_sensors.py
[2025-01-31T21:01:57.037+0000] {processor.py:914} INFO - Processing file /home/airflow/.local/lib/python3.12/site-packages/airflow/example_dags/example_sensors.py for tasks to queue
[2025-01-31T21:01:57.040+0000] {logging_mixin.py:190} INFO - [2025-01-31T21:01:57.039+0000] {dagbag.py:588} INFO - Filling up the DagBag from /home/airflow/.local/lib/python3.12/site-packages/airflow/example_dags/example_sensors.py
[2025-01-31T21:01:57.052+0000] {processor.py:925} INFO - DAG(s) 'example_sensors' retrieved from /home/airflow/.local/lib/python3.12/site-packages/airflow/example_dags/example_sensors.py
[2025-01-31T21:01:57.080+0000] {logging_mixin.py:190} INFO - [2025-01-31T21:01:57.080+0000] {dag.py:3239} INFO - Sync 1 DAGs
[2025-01-31T21:01:57.094+0000] {logging_mixin.py:190} INFO - [2025-01-31T21:01:57.094+0000] {dag.py:4180} INFO - Setting next_dagrun for example_sensors to None, run_after=None
[2025-01-31T21:01:57.111+0000] {processor.py:208} INFO - Processing /home/airflow/.local/lib/python3.12/site-packages/airflow/example_dags/example_sensors.py took 0.080 seconds
[2025-01-31T21:02:27.777+0000] {processor.py:186} INFO - Started process (PID=1320) to work on /home/airflow/.local/lib/python3.12/site-packages/airflow/example_dags/example_sensors.py
[2025-01-31T21:02:27.778+0000] {processor.py:914} INFO - Processing file /home/airflow/.local/lib/python3.12/site-packages/airflow/example_dags/example_sensors.py for tasks to queue
[2025-01-31T21:02:27.781+0000] {logging_mixin.py:190} INFO - [2025-01-31T21:02:27.780+0000] {dagbag.py:588} INFO - Filling up the DagBag from /home/airflow/.local/lib/python3.12/site-packages/airflow/example_dags/example_sensors.py
[2025-01-31T21:02:27.792+0000] {processor.py:925} INFO - DAG(s) 'example_sensors' retrieved from /home/airflow/.local/lib/python3.12/site-packages/airflow/example_dags/example_sensors.py
[2025-01-31T21:02:27.821+0000] {logging_mixin.py:190} INFO - [2025-01-31T21:02:27.821+0000] {dag.py:3239} INFO - Sync 1 DAGs
[2025-01-31T21:02:27.839+0000] {logging_mixin.py:190} INFO - [2025-01-31T21:02:27.839+0000] {dag.py:4180} INFO - Setting next_dagrun for example_sensors to None, run_after=None
[2025-01-31T21:02:27.855+0000] {processor.py:208} INFO - Processing /home/airflow/.local/lib/python3.12/site-packages/airflow/example_dags/example_sensors.py took 0.083 seconds
[2025-01-31T21:02:58.173+0000] {processor.py:186} INFO - Started process (PID=1383) to work on /home/airflow/.local/lib/python3.12/site-packages/airflow/example_dags/example_sensors.py
[2025-01-31T21:02:58.174+0000] {processor.py:914} INFO - Processing file /home/airflow/.local/lib/python3.12/site-packages/airflow/example_dags/example_sensors.py for tasks to queue
[2025-01-31T21:02:58.177+0000] {logging_mixin.py:190} INFO - [2025-01-31T21:02:58.176+0000] {dagbag.py:588} INFO - Filling up the DagBag from /home/airflow/.local/lib/python3.12/site-packages/airflow/example_dags/example_sensors.py
[2025-01-31T21:02:58.189+0000] {processor.py:925} INFO - DAG(s) 'example_sensors' retrieved from /home/airflow/.local/lib/python3.12/site-packages/airflow/example_dags/example_sensors.py
[2025-01-31T21:02:58.217+0000] {logging_mixin.py:190} INFO - [2025-01-31T21:02:58.217+0000] {dag.py:3239} INFO - Sync 1 DAGs
[2025-01-31T21:02:58.233+0000] {logging_mixin.py:190} INFO - [2025-01-31T21:02:58.233+0000] {dag.py:4180} INFO - Setting next_dagrun for example_sensors to None, run_after=None
[2025-01-31T21:02:58.250+0000] {processor.py:208} INFO - Processing /home/airflow/.local/lib/python3.12/site-packages/airflow/example_dags/example_sensors.py took 0.082 seconds
[2025-01-31T21:03:28.426+0000] {processor.py:186} INFO - Started process (PID=1446) to work on /home/airflow/.local/lib/python3.12/site-packages/airflow/example_dags/example_sensors.py
[2025-01-31T21:03:28.427+0000] {processor.py:914} INFO - Processing file /home/airflow/.local/lib/python3.12/site-packages/airflow/example_dags/example_sensors.py for tasks to queue
[2025-01-31T21:03:28.429+0000] {logging_mixin.py:190} INFO - [2025-01-31T21:03:28.429+0000] {dagbag.py:588} INFO - Filling up the DagBag from /home/airflow/.local/lib/python3.12/site-packages/airflow/example_dags/example_sensors.py
[2025-01-31T21:03:28.442+0000] {processor.py:925} INFO - DAG(s) 'example_sensors' retrieved from /home/airflow/.local/lib/python3.12/site-packages/airflow/example_dags/example_sensors.py
[2025-01-31T21:03:28.468+0000] {logging_mixin.py:190} INFO - [2025-01-31T21:03:28.468+0000] {dag.py:3239} INFO - Sync 1 DAGs
[2025-01-31T21:03:28.486+0000] {logging_mixin.py:190} INFO - [2025-01-31T21:03:28.486+0000] {dag.py:4180} INFO - Setting next_dagrun for example_sensors to None, run_after=None
[2025-01-31T21:03:28.509+0000] {processor.py:208} INFO - Processing /home/airflow/.local/lib/python3.12/site-packages/airflow/example_dags/example_sensors.py took 0.089 seconds
[2025-01-31T21:03:58.884+0000] {processor.py:186} INFO - Started process (PID=1509) to work on /home/airflow/.local/lib/python3.12/site-packages/airflow/example_dags/example_sensors.py
[2025-01-31T21:03:58.887+0000] {processor.py:914} INFO - Processing file /home/airflow/.local/lib/python3.12/site-packages/airflow/example_dags/example_sensors.py for tasks to queue
[2025-01-31T21:03:58.893+0000] {logging_mixin.py:190} INFO - [2025-01-31T21:03:58.893+0000] {dagbag.py:588} INFO - Filling up the DagBag from /home/airflow/.local/lib/python3.12/site-packages/airflow/example_dags/example_sensors.py
[2025-01-31T21:03:58.910+0000] {processor.py:925} INFO - DAG(s) 'example_sensors' retrieved from /home/airflow/.local/lib/python3.12/site-packages/airflow/example_dags/example_sensors.py
[2025-01-31T21:03:58.948+0000] {logging_mixin.py:190} INFO - [2025-01-31T21:03:58.948+0000] {dag.py:3239} INFO - Sync 1 DAGs
[2025-01-31T21:03:58.972+0000] {logging_mixin.py:190} INFO - [2025-01-31T21:03:58.972+0000] {dag.py:4180} INFO - Setting next_dagrun for example_sensors to None, run_after=None
[2025-01-31T21:03:59.012+0000] {processor.py:208} INFO - Processing /home/airflow/.local/lib/python3.12/site-packages/airflow/example_dags/example_sensors.py took 0.141 seconds
[2025-01-31T21:04:29.546+0000] {processor.py:186} INFO - Started process (PID=1569) to work on /home/airflow/.local/lib/python3.12/site-packages/airflow/example_dags/example_sensors.py
[2025-01-31T21:04:29.547+0000] {processor.py:914} INFO - Processing file /home/airflow/.local/lib/python3.12/site-packages/airflow/example_dags/example_sensors.py for tasks to queue
[2025-01-31T21:04:29.550+0000] {logging_mixin.py:190} INFO - [2025-01-31T21:04:29.549+0000] {dagbag.py:588} INFO - Filling up the DagBag from /home/airflow/.local/lib/python3.12/site-packages/airflow/example_dags/example_sensors.py
[2025-01-31T21:04:29.561+0000] {processor.py:925} INFO - DAG(s) 'example_sensors' retrieved from /home/airflow/.local/lib/python3.12/site-packages/airflow/example_dags/example_sensors.py
[2025-01-31T21:04:29.590+0000] {logging_mixin.py:190} INFO - [2025-01-31T21:04:29.589+0000] {dag.py:3239} INFO - Sync 1 DAGs
[2025-01-31T21:04:29.605+0000] {logging_mixin.py:190} INFO - [2025-01-31T21:04:29.604+0000] {dag.py:4180} INFO - Setting next_dagrun for example_sensors to None, run_after=None
[2025-01-31T21:04:29.621+0000] {processor.py:208} INFO - Processing /home/airflow/.local/lib/python3.12/site-packages/airflow/example_dags/example_sensors.py took 0.080 seconds
[2025-01-31T21:05:00.018+0000] {processor.py:186} INFO - Started process (PID=1633) to work on /home/airflow/.local/lib/python3.12/site-packages/airflow/example_dags/example_sensors.py
[2025-01-31T21:05:00.019+0000] {processor.py:914} INFO - Processing file /home/airflow/.local/lib/python3.12/site-packages/airflow/example_dags/example_sensors.py for tasks to queue
[2025-01-31T21:05:00.021+0000] {logging_mixin.py:190} INFO - [2025-01-31T21:05:00.021+0000] {dagbag.py:588} INFO - Filling up the DagBag from /home/airflow/.local/lib/python3.12/site-packages/airflow/example_dags/example_sensors.py
[2025-01-31T21:05:00.041+0000] {processor.py:925} INFO - DAG(s) 'example_sensors' retrieved from /home/airflow/.local/lib/python3.12/site-packages/airflow/example_dags/example_sensors.py
[2025-01-31T21:05:00.083+0000] {logging_mixin.py:190} INFO - [2025-01-31T21:05:00.082+0000] {dag.py:3239} INFO - Sync 1 DAGs
[2025-01-31T21:05:00.100+0000] {logging_mixin.py:190} INFO - [2025-01-31T21:05:00.100+0000] {dag.py:4180} INFO - Setting next_dagrun for example_sensors to None, run_after=None
[2025-01-31T21:05:00.129+0000] {processor.py:208} INFO - Processing /home/airflow/.local/lib/python3.12/site-packages/airflow/example_dags/example_sensors.py took 0.130 seconds
[2025-01-31T21:05:30.795+0000] {processor.py:186} INFO - Started process (PID=1696) to work on /home/airflow/.local/lib/python3.12/site-packages/airflow/example_dags/example_sensors.py
[2025-01-31T21:05:30.795+0000] {processor.py:914} INFO - Processing file /home/airflow/.local/lib/python3.12/site-packages/airflow/example_dags/example_sensors.py for tasks to queue
[2025-01-31T21:05:30.798+0000] {logging_mixin.py:190} INFO - [2025-01-31T21:05:30.797+0000] {dagbag.py:588} INFO - Filling up the DagBag from /home/airflow/.local/lib/python3.12/site-packages/airflow/example_dags/example_sensors.py
[2025-01-31T21:05:30.810+0000] {processor.py:925} INFO - DAG(s) 'example_sensors' retrieved from /home/airflow/.local/lib/python3.12/site-packages/airflow/example_dags/example_sensors.py
[2025-01-31T21:05:30.839+0000] {logging_mixin.py:190} INFO - [2025-01-31T21:05:30.839+0000] {dag.py:3239} INFO - Sync 1 DAGs
[2025-01-31T21:05:30.854+0000] {logging_mixin.py:190} INFO - [2025-01-31T21:05:30.853+0000] {dag.py:4180} INFO - Setting next_dagrun for example_sensors to None, run_after=None
[2025-01-31T21:05:30.870+0000] {processor.py:208} INFO - Processing /home/airflow/.local/lib/python3.12/site-packages/airflow/example_dags/example_sensors.py took 0.081 seconds
[2025-01-31T21:06:00.983+0000] {processor.py:186} INFO - Started process (PID=1759) to work on /home/airflow/.local/lib/python3.12/site-packages/airflow/example_dags/example_sensors.py
[2025-01-31T21:06:00.990+0000] {processor.py:914} INFO - Processing file /home/airflow/.local/lib/python3.12/site-packages/airflow/example_dags/example_sensors.py for tasks to queue
[2025-01-31T21:06:00.993+0000] {logging_mixin.py:190} INFO - [2025-01-31T21:06:00.993+0000] {dagbag.py:588} INFO - Filling up the DagBag from /home/airflow/.local/lib/python3.12/site-packages/airflow/example_dags/example_sensors.py
[2025-01-31T21:06:01.037+0000] {processor.py:925} INFO - DAG(s) 'example_sensors' retrieved from /home/airflow/.local/lib/python3.12/site-packages/airflow/example_dags/example_sensors.py
[2025-01-31T21:06:01.105+0000] {logging_mixin.py:190} INFO - [2025-01-31T21:06:01.104+0000] {dag.py:3239} INFO - Sync 1 DAGs
[2025-01-31T21:06:01.138+0000] {logging_mixin.py:190} INFO - [2025-01-31T21:06:01.138+0000] {dag.py:4180} INFO - Setting next_dagrun for example_sensors to None, run_after=None
[2025-01-31T21:06:01.168+0000] {processor.py:208} INFO - Processing /home/airflow/.local/lib/python3.12/site-packages/airflow/example_dags/example_sensors.py took 0.195 seconds
[2025-01-31T21:06:32.057+0000] {processor.py:186} INFO - Started process (PID=1822) to work on /home/airflow/.local/lib/python3.12/site-packages/airflow/example_dags/example_sensors.py
[2025-01-31T21:06:32.058+0000] {processor.py:914} INFO - Processing file /home/airflow/.local/lib/python3.12/site-packages/airflow/example_dags/example_sensors.py for tasks to queue
[2025-01-31T21:06:32.061+0000] {logging_mixin.py:190} INFO - [2025-01-31T21:06:32.060+0000] {dagbag.py:588} INFO - Filling up the DagBag from /home/airflow/.local/lib/python3.12/site-packages/airflow/example_dags/example_sensors.py
[2025-01-31T21:06:32.072+0000] {processor.py:925} INFO - DAG(s) 'example_sensors' retrieved from /home/airflow/.local/lib/python3.12/site-packages/airflow/example_dags/example_sensors.py
[2025-01-31T21:06:32.111+0000] {logging_mixin.py:190} INFO - [2025-01-31T21:06:32.111+0000] {dag.py:3239} INFO - Sync 1 DAGs
[2025-01-31T21:06:32.126+0000] {logging_mixin.py:190} INFO - [2025-01-31T21:06:32.126+0000] {dag.py:4180} INFO - Setting next_dagrun for example_sensors to None, run_after=None
[2025-01-31T21:06:32.145+0000] {processor.py:208} INFO - Processing /home/airflow/.local/lib/python3.12/site-packages/airflow/example_dags/example_sensors.py took 0.093 seconds
[2025-01-31T21:07:02.260+0000] {processor.py:186} INFO - Started process (PID=1885) to work on /home/airflow/.local/lib/python3.12/site-packages/airflow/example_dags/example_sensors.py
[2025-01-31T21:07:02.261+0000] {processor.py:914} INFO - Processing file /home/airflow/.local/lib/python3.12/site-packages/airflow/example_dags/example_sensors.py for tasks to queue
[2025-01-31T21:07:02.263+0000] {logging_mixin.py:190} INFO - [2025-01-31T21:07:02.263+0000] {dagbag.py:588} INFO - Filling up the DagBag from /home/airflow/.local/lib/python3.12/site-packages/airflow/example_dags/example_sensors.py
[2025-01-31T21:07:02.275+0000] {processor.py:925} INFO - DAG(s) 'example_sensors' retrieved from /home/airflow/.local/lib/python3.12/site-packages/airflow/example_dags/example_sensors.py
[2025-01-31T21:07:02.304+0000] {logging_mixin.py:190} INFO - [2025-01-31T21:07:02.303+0000] {dag.py:3239} INFO - Sync 1 DAGs
[2025-01-31T21:07:02.318+0000] {logging_mixin.py:190} INFO - [2025-01-31T21:07:02.318+0000] {dag.py:4180} INFO - Setting next_dagrun for example_sensors to None, run_after=None
[2025-01-31T21:07:02.336+0000] {processor.py:208} INFO - Processing /home/airflow/.local/lib/python3.12/site-packages/airflow/example_dags/example_sensors.py took 0.081 seconds
[2025-01-31T21:07:32.619+0000] {processor.py:186} INFO - Started process (PID=1947) to work on /home/airflow/.local/lib/python3.12/site-packages/airflow/example_dags/example_sensors.py
[2025-01-31T21:07:32.620+0000] {processor.py:914} INFO - Processing file /home/airflow/.local/lib/python3.12/site-packages/airflow/example_dags/example_sensors.py for tasks to queue
[2025-01-31T21:07:32.623+0000] {logging_mixin.py:190} INFO - [2025-01-31T21:07:32.622+0000] {dagbag.py:588} INFO - Filling up the DagBag from /home/airflow/.local/lib/python3.12/site-packages/airflow/example_dags/example_sensors.py
[2025-01-31T21:07:32.634+0000] {processor.py:925} INFO - DAG(s) 'example_sensors' retrieved from /home/airflow/.local/lib/python3.12/site-packages/airflow/example_dags/example_sensors.py
[2025-01-31T21:07:32.661+0000] {logging_mixin.py:190} INFO - [2025-01-31T21:07:32.661+0000] {dag.py:3239} INFO - Sync 1 DAGs
[2025-01-31T21:07:32.675+0000] {logging_mixin.py:190} INFO - [2025-01-31T21:07:32.675+0000] {dag.py:4180} INFO - Setting next_dagrun for example_sensors to None, run_after=None
[2025-01-31T21:07:32.693+0000] {processor.py:208} INFO - Processing /home/airflow/.local/lib/python3.12/site-packages/airflow/example_dags/example_sensors.py took 0.079 seconds
[2025-01-31T21:08:02.764+0000] {processor.py:186} INFO - Started process (PID=2010) to work on /home/airflow/.local/lib/python3.12/site-packages/airflow/example_dags/example_sensors.py
[2025-01-31T21:08:02.764+0000] {processor.py:914} INFO - Processing file /home/airflow/.local/lib/python3.12/site-packages/airflow/example_dags/example_sensors.py for tasks to queue
[2025-01-31T21:08:02.766+0000] {logging_mixin.py:190} INFO - [2025-01-31T21:08:02.766+0000] {dagbag.py:588} INFO - Filling up the DagBag from /home/airflow/.local/lib/python3.12/site-packages/airflow/example_dags/example_sensors.py
[2025-01-31T21:08:02.778+0000] {processor.py:925} INFO - DAG(s) 'example_sensors' retrieved from /home/airflow/.local/lib/python3.12/site-packages/airflow/example_dags/example_sensors.py
[2025-01-31T21:08:02.807+0000] {logging_mixin.py:190} INFO - [2025-01-31T21:08:02.806+0000] {dag.py:3239} INFO - Sync 1 DAGs
[2025-01-31T21:08:02.821+0000] {logging_mixin.py:190} INFO - [2025-01-31T21:08:02.821+0000] {dag.py:4180} INFO - Setting next_dagrun for example_sensors to None, run_after=None
[2025-01-31T21:08:02.837+0000] {processor.py:208} INFO - Processing /home/airflow/.local/lib/python3.12/site-packages/airflow/example_dags/example_sensors.py took 0.079 seconds
[2025-01-31T21:08:33.036+0000] {processor.py:186} INFO - Started process (PID=2074) to work on /home/airflow/.local/lib/python3.12/site-packages/airflow/example_dags/example_sensors.py
[2025-01-31T21:08:33.037+0000] {processor.py:914} INFO - Processing file /home/airflow/.local/lib/python3.12/site-packages/airflow/example_dags/example_sensors.py for tasks to queue
[2025-01-31T21:08:33.039+0000] {logging_mixin.py:190} INFO - [2025-01-31T21:08:33.039+0000] {dagbag.py:588} INFO - Filling up the DagBag from /home/airflow/.local/lib/python3.12/site-packages/airflow/example_dags/example_sensors.py
[2025-01-31T21:08:33.050+0000] {processor.py:925} INFO - DAG(s) 'example_sensors' retrieved from /home/airflow/.local/lib/python3.12/site-packages/airflow/example_dags/example_sensors.py
[2025-01-31T21:08:33.075+0000] {logging_mixin.py:190} INFO - [2025-01-31T21:08:33.074+0000] {dag.py:3239} INFO - Sync 1 DAGs
[2025-01-31T21:08:33.092+0000] {logging_mixin.py:190} INFO - [2025-01-31T21:08:33.091+0000] {dag.py:4180} INFO - Setting next_dagrun for example_sensors to None, run_after=None
[2025-01-31T21:08:33.109+0000] {processor.py:208} INFO - Processing /home/airflow/.local/lib/python3.12/site-packages/airflow/example_dags/example_sensors.py took 0.079 seconds
[2025-01-31T21:09:03.388+0000] {processor.py:186} INFO - Started process (PID=2135) to work on /home/airflow/.local/lib/python3.12/site-packages/airflow/example_dags/example_sensors.py
[2025-01-31T21:09:03.391+0000] {processor.py:914} INFO - Processing file /home/airflow/.local/lib/python3.12/site-packages/airflow/example_dags/example_sensors.py for tasks to queue
[2025-01-31T21:09:03.395+0000] {logging_mixin.py:190} INFO - [2025-01-31T21:09:03.394+0000] {dagbag.py:588} INFO - Filling up the DagBag from /home/airflow/.local/lib/python3.12/site-packages/airflow/example_dags/example_sensors.py
[2025-01-31T21:09:03.420+0000] {processor.py:925} INFO - DAG(s) 'example_sensors' retrieved from /home/airflow/.local/lib/python3.12/site-packages/airflow/example_dags/example_sensors.py
[2025-01-31T21:09:03.455+0000] {logging_mixin.py:190} INFO - [2025-01-31T21:09:03.454+0000] {dag.py:3239} INFO - Sync 1 DAGs
[2025-01-31T21:09:03.470+0000] {logging_mixin.py:190} INFO - [2025-01-31T21:09:03.470+0000] {dag.py:4180} INFO - Setting next_dagrun for example_sensors to None, run_after=None
[2025-01-31T21:09:03.489+0000] {processor.py:208} INFO - Processing /home/airflow/.local/lib/python3.12/site-packages/airflow/example_dags/example_sensors.py took 0.114 seconds
[2025-01-31T21:09:33.602+0000] {processor.py:186} INFO - Started process (PID=2198) to work on /home/airflow/.local/lib/python3.12/site-packages/airflow/example_dags/example_sensors.py
[2025-01-31T21:09:33.603+0000] {processor.py:914} INFO - Processing file /home/airflow/.local/lib/python3.12/site-packages/airflow/example_dags/example_sensors.py for tasks to queue
[2025-01-31T21:09:33.605+0000] {logging_mixin.py:190} INFO - [2025-01-31T21:09:33.605+0000] {dagbag.py:588} INFO - Filling up the DagBag from /home/airflow/.local/lib/python3.12/site-packages/airflow/example_dags/example_sensors.py
[2025-01-31T21:09:33.623+0000] {processor.py:925} INFO - DAG(s) 'example_sensors' retrieved from /home/airflow/.local/lib/python3.12/site-packages/airflow/example_dags/example_sensors.py
[2025-01-31T21:09:33.652+0000] {logging_mixin.py:190} INFO - [2025-01-31T21:09:33.652+0000] {dag.py:3239} INFO - Sync 1 DAGs
[2025-01-31T21:09:33.667+0000] {logging_mixin.py:190} INFO - [2025-01-31T21:09:33.667+0000] {dag.py:4180} INFO - Setting next_dagrun for example_sensors to None, run_after=None
[2025-01-31T21:09:33.684+0000] {processor.py:208} INFO - Processing /home/airflow/.local/lib/python3.12/site-packages/airflow/example_dags/example_sensors.py took 0.087 seconds
[2025-01-31T21:10:04.068+0000] {processor.py:186} INFO - Started process (PID=2262) to work on /home/airflow/.local/lib/python3.12/site-packages/airflow/example_dags/example_sensors.py
[2025-01-31T21:10:04.069+0000] {processor.py:914} INFO - Processing file /home/airflow/.local/lib/python3.12/site-packages/airflow/example_dags/example_sensors.py for tasks to queue
[2025-01-31T21:10:04.072+0000] {logging_mixin.py:190} INFO - [2025-01-31T21:10:04.071+0000] {dagbag.py:588} INFO - Filling up the DagBag from /home/airflow/.local/lib/python3.12/site-packages/airflow/example_dags/example_sensors.py
[2025-01-31T21:10:04.084+0000] {processor.py:925} INFO - DAG(s) 'example_sensors' retrieved from /home/airflow/.local/lib/python3.12/site-packages/airflow/example_dags/example_sensors.py
[2025-01-31T21:10:04.120+0000] {logging_mixin.py:190} INFO - [2025-01-31T21:10:04.120+0000] {dag.py:3239} INFO - Sync 1 DAGs
[2025-01-31T21:10:04.135+0000] {logging_mixin.py:190} INFO - [2025-01-31T21:10:04.135+0000] {dag.py:4180} INFO - Setting next_dagrun for example_sensors to None, run_after=None
[2025-01-31T21:10:04.153+0000] {processor.py:208} INFO - Processing /home/airflow/.local/lib/python3.12/site-packages/airflow/example_dags/example_sensors.py took 0.093 seconds
[2025-01-31T21:10:34.203+0000] {processor.py:186} INFO - Started process (PID=2325) to work on /home/airflow/.local/lib/python3.12/site-packages/airflow/example_dags/example_sensors.py
[2025-01-31T21:10:34.203+0000] {processor.py:914} INFO - Processing file /home/airflow/.local/lib/python3.12/site-packages/airflow/example_dags/example_sensors.py for tasks to queue
[2025-01-31T21:10:34.205+0000] {logging_mixin.py:190} INFO - [2025-01-31T21:10:34.205+0000] {dagbag.py:588} INFO - Filling up the DagBag from /home/airflow/.local/lib/python3.12/site-packages/airflow/example_dags/example_sensors.py
[2025-01-31T21:10:34.213+0000] {processor.py:925} INFO - DAG(s) 'example_sensors' retrieved from /home/airflow/.local/lib/python3.12/site-packages/airflow/example_dags/example_sensors.py
[2025-01-31T21:10:34.231+0000] {logging_mixin.py:190} INFO - [2025-01-31T21:10:34.231+0000] {dag.py:3239} INFO - Sync 1 DAGs
[2025-01-31T21:10:34.241+0000] {logging_mixin.py:190} INFO - [2025-01-31T21:10:34.241+0000] {dag.py:4180} INFO - Setting next_dagrun for example_sensors to None, run_after=None
[2025-01-31T21:10:34.253+0000] {processor.py:208} INFO - Processing /home/airflow/.local/lib/python3.12/site-packages/airflow/example_dags/example_sensors.py took 0.055 seconds
[2025-01-31T21:11:05.091+0000] {processor.py:186} INFO - Started process (PID=2388) to work on /home/airflow/.local/lib/python3.12/site-packages/airflow/example_dags/example_sensors.py
[2025-01-31T21:11:05.092+0000] {processor.py:914} INFO - Processing file /home/airflow/.local/lib/python3.12/site-packages/airflow/example_dags/example_sensors.py for tasks to queue
[2025-01-31T21:11:05.094+0000] {logging_mixin.py:190} INFO - [2025-01-31T21:11:05.094+0000] {dagbag.py:588} INFO - Filling up the DagBag from /home/airflow/.local/lib/python3.12/site-packages/airflow/example_dags/example_sensors.py
[2025-01-31T21:11:05.107+0000] {processor.py:925} INFO - DAG(s) 'example_sensors' retrieved from /home/airflow/.local/lib/python3.12/site-packages/airflow/example_dags/example_sensors.py
[2025-01-31T21:11:05.135+0000] {logging_mixin.py:190} INFO - [2025-01-31T21:11:05.135+0000] {dag.py:3239} INFO - Sync 1 DAGs
[2025-01-31T21:11:05.150+0000] {logging_mixin.py:190} INFO - [2025-01-31T21:11:05.150+0000] {dag.py:4180} INFO - Setting next_dagrun for example_sensors to None, run_after=None
[2025-01-31T21:11:05.167+0000] {processor.py:208} INFO - Processing /home/airflow/.local/lib/python3.12/site-packages/airflow/example_dags/example_sensors.py took 0.081 seconds
[2025-01-31T21:11:35.689+0000] {processor.py:186} INFO - Started process (PID=2451) to work on /home/airflow/.local/lib/python3.12/site-packages/airflow/example_dags/example_sensors.py
[2025-01-31T21:11:35.700+0000] {processor.py:914} INFO - Processing file /home/airflow/.local/lib/python3.12/site-packages/airflow/example_dags/example_sensors.py for tasks to queue
[2025-01-31T21:11:35.703+0000] {logging_mixin.py:190} INFO - [2025-01-31T21:11:35.703+0000] {dagbag.py:588} INFO - Filling up the DagBag from /home/airflow/.local/lib/python3.12/site-packages/airflow/example_dags/example_sensors.py
[2025-01-31T21:11:35.722+0000] {processor.py:925} INFO - DAG(s) 'example_sensors' retrieved from /home/airflow/.local/lib/python3.12/site-packages/airflow/example_dags/example_sensors.py
[2025-01-31T21:11:35.763+0000] {logging_mixin.py:190} INFO - [2025-01-31T21:11:35.763+0000] {dag.py:3239} INFO - Sync 1 DAGs
[2025-01-31T21:11:35.779+0000] {logging_mixin.py:190} INFO - [2025-01-31T21:11:35.778+0000] {dag.py:4180} INFO - Setting next_dagrun for example_sensors to None, run_after=None
[2025-01-31T21:11:35.819+0000] {processor.py:208} INFO - Processing /home/airflow/.local/lib/python3.12/site-packages/airflow/example_dags/example_sensors.py took 0.140 seconds
[2025-01-31T21:12:06.122+0000] {processor.py:186} INFO - Started process (PID=2514) to work on /home/airflow/.local/lib/python3.12/site-packages/airflow/example_dags/example_sensors.py
[2025-01-31T21:12:06.123+0000] {processor.py:914} INFO - Processing file /home/airflow/.local/lib/python3.12/site-packages/airflow/example_dags/example_sensors.py for tasks to queue
[2025-01-31T21:12:06.137+0000] {logging_mixin.py:190} INFO - [2025-01-31T21:12:06.137+0000] {dagbag.py:588} INFO - Filling up the DagBag from /home/airflow/.local/lib/python3.12/site-packages/airflow/example_dags/example_sensors.py
[2025-01-31T21:12:06.160+0000] {processor.py:925} INFO - DAG(s) 'example_sensors' retrieved from /home/airflow/.local/lib/python3.12/site-packages/airflow/example_dags/example_sensors.py
[2025-01-31T21:12:06.214+0000] {logging_mixin.py:190} INFO - [2025-01-31T21:12:06.214+0000] {dag.py:3239} INFO - Sync 1 DAGs
[2025-01-31T21:12:06.239+0000] {logging_mixin.py:190} INFO - [2025-01-31T21:12:06.238+0000] {dag.py:4180} INFO - Setting next_dagrun for example_sensors to None, run_after=None
[2025-01-31T21:12:06.272+0000] {processor.py:208} INFO - Processing /home/airflow/.local/lib/python3.12/site-packages/airflow/example_dags/example_sensors.py took 0.159 seconds
[2025-01-31T21:12:36.863+0000] {processor.py:186} INFO - Started process (PID=2577) to work on /home/airflow/.local/lib/python3.12/site-packages/airflow/example_dags/example_sensors.py
[2025-01-31T21:12:36.864+0000] {processor.py:914} INFO - Processing file /home/airflow/.local/lib/python3.12/site-packages/airflow/example_dags/example_sensors.py for tasks to queue
[2025-01-31T21:12:36.866+0000] {logging_mixin.py:190} INFO - [2025-01-31T21:12:36.866+0000] {dagbag.py:588} INFO - Filling up the DagBag from /home/airflow/.local/lib/python3.12/site-packages/airflow/example_dags/example_sensors.py
[2025-01-31T21:12:36.880+0000] {processor.py:925} INFO - DAG(s) 'example_sensors' retrieved from /home/airflow/.local/lib/python3.12/site-packages/airflow/example_dags/example_sensors.py
[2025-01-31T21:12:36.910+0000] {logging_mixin.py:190} INFO - [2025-01-31T21:12:36.910+0000] {dag.py:3239} INFO - Sync 1 DAGs
[2025-01-31T21:12:36.925+0000] {logging_mixin.py:190} INFO - [2025-01-31T21:12:36.924+0000] {dag.py:4180} INFO - Setting next_dagrun for example_sensors to None, run_after=None
[2025-01-31T21:12:36.941+0000] {processor.py:208} INFO - Processing /home/airflow/.local/lib/python3.12/site-packages/airflow/example_dags/example_sensors.py took 0.084 seconds
[2025-01-31T21:13:07.186+0000] {processor.py:186} INFO - Started process (PID=2636) to work on /home/airflow/.local/lib/python3.12/site-packages/airflow/example_dags/example_sensors.py
[2025-01-31T21:13:07.187+0000] {processor.py:914} INFO - Processing file /home/airflow/.local/lib/python3.12/site-packages/airflow/example_dags/example_sensors.py for tasks to queue
[2025-01-31T21:13:07.190+0000] {logging_mixin.py:190} INFO - [2025-01-31T21:13:07.189+0000] {dagbag.py:588} INFO - Filling up the DagBag from /home/airflow/.local/lib/python3.12/site-packages/airflow/example_dags/example_sensors.py
[2025-01-31T21:13:07.201+0000] {processor.py:925} INFO - DAG(s) 'example_sensors' retrieved from /home/airflow/.local/lib/python3.12/site-packages/airflow/example_dags/example_sensors.py
[2025-01-31T21:13:07.230+0000] {logging_mixin.py:190} INFO - [2025-01-31T21:13:07.229+0000] {dag.py:3239} INFO - Sync 1 DAGs
[2025-01-31T21:13:07.244+0000] {logging_mixin.py:190} INFO - [2025-01-31T21:13:07.244+0000] {dag.py:4180} INFO - Setting next_dagrun for example_sensors to None, run_after=None
[2025-01-31T21:13:07.261+0000] {processor.py:208} INFO - Processing /home/airflow/.local/lib/python3.12/site-packages/airflow/example_dags/example_sensors.py took 0.080 seconds
[2025-01-31T21:13:37.632+0000] {processor.py:186} INFO - Started process (PID=2699) to work on /home/airflow/.local/lib/python3.12/site-packages/airflow/example_dags/example_sensors.py
[2025-01-31T21:13:37.636+0000] {processor.py:914} INFO - Processing file /home/airflow/.local/lib/python3.12/site-packages/airflow/example_dags/example_sensors.py for tasks to queue
[2025-01-31T21:13:37.639+0000] {logging_mixin.py:190} INFO - [2025-01-31T21:13:37.638+0000] {dagbag.py:588} INFO - Filling up the DagBag from /home/airflow/.local/lib/python3.12/site-packages/airflow/example_dags/example_sensors.py
[2025-01-31T21:13:37.669+0000] {processor.py:925} INFO - DAG(s) 'example_sensors' retrieved from /home/airflow/.local/lib/python3.12/site-packages/airflow/example_dags/example_sensors.py
[2025-01-31T21:13:37.715+0000] {logging_mixin.py:190} INFO - [2025-01-31T21:13:37.715+0000] {dag.py:3239} INFO - Sync 1 DAGs
[2025-01-31T21:13:37.742+0000] {logging_mixin.py:190} INFO - [2025-01-31T21:13:37.742+0000] {dag.py:4180} INFO - Setting next_dagrun for example_sensors to None, run_after=None
[2025-01-31T21:13:37.777+0000] {processor.py:208} INFO - Processing /home/airflow/.local/lib/python3.12/site-packages/airflow/example_dags/example_sensors.py took 0.156 seconds
[2025-01-31T21:14:08.239+0000] {processor.py:186} INFO - Started process (PID=2762) to work on /home/airflow/.local/lib/python3.12/site-packages/airflow/example_dags/example_sensors.py
[2025-01-31T21:14:08.240+0000] {processor.py:914} INFO - Processing file /home/airflow/.local/lib/python3.12/site-packages/airflow/example_dags/example_sensors.py for tasks to queue
[2025-01-31T21:14:08.243+0000] {logging_mixin.py:190} INFO - [2025-01-31T21:14:08.243+0000] {dagbag.py:588} INFO - Filling up the DagBag from /home/airflow/.local/lib/python3.12/site-packages/airflow/example_dags/example_sensors.py
[2025-01-31T21:14:08.254+0000] {processor.py:925} INFO - DAG(s) 'example_sensors' retrieved from /home/airflow/.local/lib/python3.12/site-packages/airflow/example_dags/example_sensors.py
[2025-01-31T21:14:08.283+0000] {logging_mixin.py:190} INFO - [2025-01-31T21:14:08.283+0000] {dag.py:3239} INFO - Sync 1 DAGs
[2025-01-31T21:14:08.298+0000] {logging_mixin.py:190} INFO - [2025-01-31T21:14:08.297+0000] {dag.py:4180} INFO - Setting next_dagrun for example_sensors to None, run_after=None
[2025-01-31T21:14:08.314+0000] {processor.py:208} INFO - Processing /home/airflow/.local/lib/python3.12/site-packages/airflow/example_dags/example_sensors.py took 0.081 seconds
[2025-01-31T21:14:38.982+0000] {processor.py:186} INFO - Started process (PID=2825) to work on /home/airflow/.local/lib/python3.12/site-packages/airflow/example_dags/example_sensors.py
[2025-01-31T21:14:38.983+0000] {processor.py:914} INFO - Processing file /home/airflow/.local/lib/python3.12/site-packages/airflow/example_dags/example_sensors.py for tasks to queue
[2025-01-31T21:14:38.985+0000] {logging_mixin.py:190} INFO - [2025-01-31T21:14:38.985+0000] {dagbag.py:588} INFO - Filling up the DagBag from /home/airflow/.local/lib/python3.12/site-packages/airflow/example_dags/example_sensors.py
[2025-01-31T21:14:38.997+0000] {processor.py:925} INFO - DAG(s) 'example_sensors' retrieved from /home/airflow/.local/lib/python3.12/site-packages/airflow/example_dags/example_sensors.py
[2025-01-31T21:14:39.024+0000] {logging_mixin.py:190} INFO - [2025-01-31T21:14:39.024+0000] {dag.py:3239} INFO - Sync 1 DAGs
[2025-01-31T21:14:39.039+0000] {logging_mixin.py:190} INFO - [2025-01-31T21:14:39.039+0000] {dag.py:4180} INFO - Setting next_dagrun for example_sensors to None, run_after=None
[2025-01-31T21:14:39.056+0000] {processor.py:208} INFO - Processing /home/airflow/.local/lib/python3.12/site-packages/airflow/example_dags/example_sensors.py took 0.081 seconds
[2025-01-31T21:15:09.148+0000] {processor.py:186} INFO - Started process (PID=2887) to work on /home/airflow/.local/lib/python3.12/site-packages/airflow/example_dags/example_sensors.py
[2025-01-31T21:15:09.149+0000] {processor.py:914} INFO - Processing file /home/airflow/.local/lib/python3.12/site-packages/airflow/example_dags/example_sensors.py for tasks to queue
[2025-01-31T21:15:09.151+0000] {logging_mixin.py:190} INFO - [2025-01-31T21:15:09.151+0000] {dagbag.py:588} INFO - Filling up the DagBag from /home/airflow/.local/lib/python3.12/site-packages/airflow/example_dags/example_sensors.py
[2025-01-31T21:15:09.361+0000] {processor.py:925} INFO - DAG(s) 'example_sensors' retrieved from /home/airflow/.local/lib/python3.12/site-packages/airflow/example_dags/example_sensors.py
[2025-01-31T21:15:09.392+0000] {logging_mixin.py:190} INFO - [2025-01-31T21:15:09.391+0000] {dag.py:3239} INFO - Sync 1 DAGs
[2025-01-31T21:15:09.405+0000] {logging_mixin.py:190} INFO - [2025-01-31T21:15:09.405+0000] {dag.py:4180} INFO - Setting next_dagrun for example_sensors to None, run_after=None
[2025-01-31T21:15:09.421+0000] {processor.py:208} INFO - Processing /home/airflow/.local/lib/python3.12/site-packages/airflow/example_dags/example_sensors.py took 0.278 seconds
[2025-01-31T21:15:40.117+0000] {processor.py:186} INFO - Started process (PID=2950) to work on /home/airflow/.local/lib/python3.12/site-packages/airflow/example_dags/example_sensors.py
[2025-01-31T21:15:40.118+0000] {processor.py:914} INFO - Processing file /home/airflow/.local/lib/python3.12/site-packages/airflow/example_dags/example_sensors.py for tasks to queue
[2025-01-31T21:15:40.120+0000] {logging_mixin.py:190} INFO - [2025-01-31T21:15:40.120+0000] {dagbag.py:588} INFO - Filling up the DagBag from /home/airflow/.local/lib/python3.12/site-packages/airflow/example_dags/example_sensors.py
[2025-01-31T21:15:40.131+0000] {processor.py:925} INFO - DAG(s) 'example_sensors' retrieved from /home/airflow/.local/lib/python3.12/site-packages/airflow/example_dags/example_sensors.py
[2025-01-31T21:15:40.158+0000] {logging_mixin.py:190} INFO - [2025-01-31T21:15:40.158+0000] {dag.py:3239} INFO - Sync 1 DAGs
[2025-01-31T21:15:40.173+0000] {logging_mixin.py:190} INFO - [2025-01-31T21:15:40.173+0000] {dag.py:4180} INFO - Setting next_dagrun for example_sensors to None, run_after=None
[2025-01-31T21:15:40.192+0000] {processor.py:208} INFO - Processing /home/airflow/.local/lib/python3.12/site-packages/airflow/example_dags/example_sensors.py took 0.081 seconds
[2025-01-31T21:16:10.533+0000] {processor.py:186} INFO - Started process (PID=3014) to work on /home/airflow/.local/lib/python3.12/site-packages/airflow/example_dags/example_sensors.py
[2025-01-31T21:16:10.534+0000] {processor.py:914} INFO - Processing file /home/airflow/.local/lib/python3.12/site-packages/airflow/example_dags/example_sensors.py for tasks to queue
[2025-01-31T21:16:10.536+0000] {logging_mixin.py:190} INFO - [2025-01-31T21:16:10.536+0000] {dagbag.py:588} INFO - Filling up the DagBag from /home/airflow/.local/lib/python3.12/site-packages/airflow/example_dags/example_sensors.py
[2025-01-31T21:16:10.548+0000] {processor.py:925} INFO - DAG(s) 'example_sensors' retrieved from /home/airflow/.local/lib/python3.12/site-packages/airflow/example_dags/example_sensors.py
[2025-01-31T21:16:10.575+0000] {logging_mixin.py:190} INFO - [2025-01-31T21:16:10.575+0000] {dag.py:3239} INFO - Sync 1 DAGs
[2025-01-31T21:16:10.593+0000] {logging_mixin.py:190} INFO - [2025-01-31T21:16:10.592+0000] {dag.py:4180} INFO - Setting next_dagrun for example_sensors to None, run_after=None
[2025-01-31T21:16:10.613+0000] {processor.py:208} INFO - Processing /home/airflow/.local/lib/python3.12/site-packages/airflow/example_dags/example_sensors.py took 0.086 seconds
[2025-01-31T21:16:41.191+0000] {processor.py:186} INFO - Started process (PID=3077) to work on /home/airflow/.local/lib/python3.12/site-packages/airflow/example_dags/example_sensors.py
[2025-01-31T21:16:41.192+0000] {processor.py:914} INFO - Processing file /home/airflow/.local/lib/python3.12/site-packages/airflow/example_dags/example_sensors.py for tasks to queue
[2025-01-31T21:16:41.195+0000] {logging_mixin.py:190} INFO - [2025-01-31T21:16:41.194+0000] {dagbag.py:588} INFO - Filling up the DagBag from /home/airflow/.local/lib/python3.12/site-packages/airflow/example_dags/example_sensors.py
[2025-01-31T21:16:41.207+0000] {processor.py:925} INFO - DAG(s) 'example_sensors' retrieved from /home/airflow/.local/lib/python3.12/site-packages/airflow/example_dags/example_sensors.py
[2025-01-31T21:16:41.233+0000] {logging_mixin.py:190} INFO - [2025-01-31T21:16:41.233+0000] {dag.py:3239} INFO - Sync 1 DAGs
[2025-01-31T21:16:41.248+0000] {logging_mixin.py:190} INFO - [2025-01-31T21:16:41.248+0000] {dag.py:4180} INFO - Setting next_dagrun for example_sensors to None, run_after=None
[2025-01-31T21:16:41.265+0000] {processor.py:208} INFO - Processing /home/airflow/.local/lib/python3.12/site-packages/airflow/example_dags/example_sensors.py took 0.079 seconds
[2025-01-31T21:17:11.997+0000] {processor.py:186} INFO - Started process (PID=3140) to work on /home/airflow/.local/lib/python3.12/site-packages/airflow/example_dags/example_sensors.py
[2025-01-31T21:17:11.998+0000] {processor.py:914} INFO - Processing file /home/airflow/.local/lib/python3.12/site-packages/airflow/example_dags/example_sensors.py for tasks to queue
[2025-01-31T21:17:12.000+0000] {logging_mixin.py:190} INFO - [2025-01-31T21:17:11.999+0000] {dagbag.py:588} INFO - Filling up the DagBag from /home/airflow/.local/lib/python3.12/site-packages/airflow/example_dags/example_sensors.py
[2025-01-31T21:17:12.012+0000] {processor.py:925} INFO - DAG(s) 'example_sensors' retrieved from /home/airflow/.local/lib/python3.12/site-packages/airflow/example_dags/example_sensors.py
[2025-01-31T21:17:12.037+0000] {logging_mixin.py:190} INFO - [2025-01-31T21:17:12.037+0000] {dag.py:3239} INFO - Sync 1 DAGs
[2025-01-31T21:17:12.052+0000] {logging_mixin.py:190} INFO - [2025-01-31T21:17:12.052+0000] {dag.py:4180} INFO - Setting next_dagrun for example_sensors to None, run_after=None
[2025-01-31T21:17:12.069+0000] {processor.py:208} INFO - Processing /home/airflow/.local/lib/python3.12/site-packages/airflow/example_dags/example_sensors.py took 0.077 seconds
[2025-01-31T21:17:42.854+0000] {processor.py:186} INFO - Started process (PID=3203) to work on /home/airflow/.local/lib/python3.12/site-packages/airflow/example_dags/example_sensors.py
[2025-01-31T21:17:42.855+0000] {processor.py:914} INFO - Processing file /home/airflow/.local/lib/python3.12/site-packages/airflow/example_dags/example_sensors.py for tasks to queue
[2025-01-31T21:17:42.858+0000] {logging_mixin.py:190} INFO - [2025-01-31T21:17:42.857+0000] {dagbag.py:588} INFO - Filling up the DagBag from /home/airflow/.local/lib/python3.12/site-packages/airflow/example_dags/example_sensors.py
[2025-01-31T21:17:42.874+0000] {processor.py:925} INFO - DAG(s) 'example_sensors' retrieved from /home/airflow/.local/lib/python3.12/site-packages/airflow/example_dags/example_sensors.py
[2025-01-31T21:17:42.901+0000] {logging_mixin.py:190} INFO - [2025-01-31T21:17:42.900+0000] {dag.py:3239} INFO - Sync 1 DAGs
[2025-01-31T21:17:42.923+0000] {logging_mixin.py:190} INFO - [2025-01-31T21:17:42.923+0000] {dag.py:4180} INFO - Setting next_dagrun for example_sensors to None, run_after=None
[2025-01-31T21:17:42.957+0000] {processor.py:208} INFO - Processing /home/airflow/.local/lib/python3.12/site-packages/airflow/example_dags/example_sensors.py took 0.109 seconds
[2025-01-31T21:18:13.674+0000] {processor.py:186} INFO - Started process (PID=3266) to work on /home/airflow/.local/lib/python3.12/site-packages/airflow/example_dags/example_sensors.py
[2025-01-31T21:18:13.674+0000] {processor.py:914} INFO - Processing file /home/airflow/.local/lib/python3.12/site-packages/airflow/example_dags/example_sensors.py for tasks to queue
[2025-01-31T21:18:13.677+0000] {logging_mixin.py:190} INFO - [2025-01-31T21:18:13.676+0000] {dagbag.py:588} INFO - Filling up the DagBag from /home/airflow/.local/lib/python3.12/site-packages/airflow/example_dags/example_sensors.py
[2025-01-31T21:18:13.692+0000] {processor.py:925} INFO - DAG(s) 'example_sensors' retrieved from /home/airflow/.local/lib/python3.12/site-packages/airflow/example_dags/example_sensors.py
[2025-01-31T21:18:13.720+0000] {logging_mixin.py:190} INFO - [2025-01-31T21:18:13.719+0000] {dag.py:3239} INFO - Sync 1 DAGs
[2025-01-31T21:18:13.734+0000] {logging_mixin.py:190} INFO - [2025-01-31T21:18:13.734+0000] {dag.py:4180} INFO - Setting next_dagrun for example_sensors to None, run_after=None
[2025-01-31T21:18:13.753+0000] {processor.py:208} INFO - Processing /home/airflow/.local/lib/python3.12/site-packages/airflow/example_dags/example_sensors.py took 0.085 seconds
