[2025-01-31T20:52:44.861+0000] {processor.py:186} INFO - Started process (PID=121) to work on /home/airflow/.local/lib/python3.12/site-packages/airflow/example_dags/example_bash_operator.py
[2025-01-31T20:52:44.863+0000] {processor.py:914} INFO - Processing file /home/airflow/.local/lib/python3.12/site-packages/airflow/example_dags/example_bash_operator.py for tasks to queue
[2025-01-31T20:52:44.866+0000] {logging_mixin.py:190} INFO - [2025-01-31T20:52:44.865+0000] {dagbag.py:588} INFO - Filling up the DagBag from /home/airflow/.local/lib/python3.12/site-packages/airflow/example_dags/example_bash_operator.py
[2025-01-31T20:52:44.890+0000] {processor.py:925} INFO - DAG(s) 'example_bash_operator' retrieved from /home/airflow/.local/lib/python3.12/site-packages/airflow/example_dags/example_bash_operator.py
[2025-01-31T20:52:45.064+0000] {logging_mixin.py:190} INFO - [2025-01-31T20:52:45.063+0000] {override.py:1911} INFO - Created Permission View: can delete on DAG:example_bash_operator
[2025-01-31T20:52:45.080+0000] {logging_mixin.py:190} INFO - [2025-01-31T20:52:45.080+0000] {override.py:1911} INFO - Created Permission View: can edit on DAG:example_bash_operator
[2025-01-31T20:52:45.096+0000] {logging_mixin.py:190} INFO - [2025-01-31T20:52:45.096+0000] {override.py:1911} INFO - Created Permission View: can read on DAG:example_bash_operator
[2025-01-31T20:52:45.108+0000] {logging_mixin.py:190} INFO - [2025-01-31T20:52:45.108+0000] {override.py:1911} INFO - Created Permission View: menu access on DAG Run:example_bash_operator
[2025-01-31T20:52:45.121+0000] {logging_mixin.py:190} INFO - [2025-01-31T20:52:45.121+0000] {override.py:1911} INFO - Created Permission View: can delete on DAG Run:example_bash_operator
[2025-01-31T20:52:45.134+0000] {logging_mixin.py:190} INFO - [2025-01-31T20:52:45.134+0000] {override.py:1911} INFO - Created Permission View: can create on DAG Run:example_bash_operator
[2025-01-31T20:52:45.147+0000] {logging_mixin.py:190} INFO - [2025-01-31T20:52:45.146+0000] {override.py:1911} INFO - Created Permission View: can read on DAG Run:example_bash_operator
[2025-01-31T20:52:45.147+0000] {logging_mixin.py:190} INFO - [2025-01-31T20:52:45.147+0000] {dag.py:3239} INFO - Sync 1 DAGs
[2025-01-31T20:52:45.196+0000] {logging_mixin.py:190} INFO - [2025-01-31T20:52:45.195+0000] {dag.py:3262} INFO - Creating ORM DAG for example_bash_operator
[2025-01-31T20:52:45.263+0000] {logging_mixin.py:190} INFO - [2025-01-31T20:52:45.263+0000] {dag.py:4180} INFO - Setting next_dagrun for example_bash_operator to 2025-01-30 00:00:00+00:00, run_after=2025-01-31 00:00:00+00:00
[2025-01-31T20:52:45.324+0000] {processor.py:208} INFO - Processing /home/airflow/.local/lib/python3.12/site-packages/airflow/example_dags/example_bash_operator.py took 0.472 seconds
[2025-01-31T20:53:15.837+0000] {processor.py:186} INFO - Started process (PID=184) to work on /home/airflow/.local/lib/python3.12/site-packages/airflow/example_dags/example_bash_operator.py
[2025-01-31T20:53:15.837+0000] {processor.py:914} INFO - Processing file /home/airflow/.local/lib/python3.12/site-packages/airflow/example_dags/example_bash_operator.py for tasks to queue
[2025-01-31T20:53:15.840+0000] {logging_mixin.py:190} INFO - [2025-01-31T20:53:15.840+0000] {dagbag.py:588} INFO - Filling up the DagBag from /home/airflow/.local/lib/python3.12/site-packages/airflow/example_dags/example_bash_operator.py
[2025-01-31T20:53:15.855+0000] {processor.py:925} INFO - DAG(s) 'example_bash_operator' retrieved from /home/airflow/.local/lib/python3.12/site-packages/airflow/example_dags/example_bash_operator.py
[2025-01-31T20:53:15.888+0000] {logging_mixin.py:190} INFO - [2025-01-31T20:53:15.888+0000] {dag.py:3239} INFO - Sync 1 DAGs
[2025-01-31T20:53:15.918+0000] {logging_mixin.py:190} INFO - [2025-01-31T20:53:15.918+0000] {dag.py:4180} INFO - Setting next_dagrun for example_bash_operator to 2025-01-30 00:00:00+00:00, run_after=2025-01-31 00:00:00+00:00
[2025-01-31T20:53:15.976+0000] {processor.py:208} INFO - Processing /home/airflow/.local/lib/python3.12/site-packages/airflow/example_dags/example_bash_operator.py took 0.150 seconds
[2025-01-31T20:53:47.034+0000] {processor.py:186} INFO - Started process (PID=250) to work on /home/airflow/.local/lib/python3.12/site-packages/airflow/example_dags/example_bash_operator.py
[2025-01-31T20:53:47.035+0000] {processor.py:914} INFO - Processing file /home/airflow/.local/lib/python3.12/site-packages/airflow/example_dags/example_bash_operator.py for tasks to queue
[2025-01-31T20:53:47.037+0000] {logging_mixin.py:190} INFO - [2025-01-31T20:53:47.037+0000] {dagbag.py:588} INFO - Filling up the DagBag from /home/airflow/.local/lib/python3.12/site-packages/airflow/example_dags/example_bash_operator.py
[2025-01-31T20:53:47.051+0000] {processor.py:925} INFO - DAG(s) 'example_bash_operator' retrieved from /home/airflow/.local/lib/python3.12/site-packages/airflow/example_dags/example_bash_operator.py
[2025-01-31T20:53:47.079+0000] {logging_mixin.py:190} INFO - [2025-01-31T20:53:47.079+0000] {dag.py:3239} INFO - Sync 1 DAGs
[2025-01-31T20:53:47.104+0000] {logging_mixin.py:190} INFO - [2025-01-31T20:53:47.104+0000] {dag.py:4180} INFO - Setting next_dagrun for example_bash_operator to 2025-01-30 00:00:00+00:00, run_after=2025-01-31 00:00:00+00:00
[2025-01-31T20:53:47.120+0000] {processor.py:208} INFO - Processing /home/airflow/.local/lib/python3.12/site-packages/airflow/example_dags/example_bash_operator.py took 0.092 seconds
[2025-01-31T20:54:17.933+0000] {processor.py:186} INFO - Started process (PID=313) to work on /home/airflow/.local/lib/python3.12/site-packages/airflow/example_dags/example_bash_operator.py
[2025-01-31T20:54:17.933+0000] {processor.py:914} INFO - Processing file /home/airflow/.local/lib/python3.12/site-packages/airflow/example_dags/example_bash_operator.py for tasks to queue
[2025-01-31T20:54:17.935+0000] {logging_mixin.py:190} INFO - [2025-01-31T20:54:17.935+0000] {dagbag.py:588} INFO - Filling up the DagBag from /home/airflow/.local/lib/python3.12/site-packages/airflow/example_dags/example_bash_operator.py
[2025-01-31T20:54:17.945+0000] {processor.py:925} INFO - DAG(s) 'example_bash_operator' retrieved from /home/airflow/.local/lib/python3.12/site-packages/airflow/example_dags/example_bash_operator.py
[2025-01-31T20:54:17.963+0000] {logging_mixin.py:190} INFO - [2025-01-31T20:54:17.963+0000] {dag.py:3239} INFO - Sync 1 DAGs
[2025-01-31T20:54:17.980+0000] {logging_mixin.py:190} INFO - [2025-01-31T20:54:17.979+0000] {dag.py:4180} INFO - Setting next_dagrun for example_bash_operator to 2025-01-30 00:00:00+00:00, run_after=2025-01-31 00:00:00+00:00
[2025-01-31T20:54:17.992+0000] {processor.py:208} INFO - Processing /home/airflow/.local/lib/python3.12/site-packages/airflow/example_dags/example_bash_operator.py took 0.063 seconds
[2025-01-31T20:54:50.564+0000] {processor.py:186} INFO - Started process (PID=377) to work on /home/airflow/.local/lib/python3.12/site-packages/airflow/example_dags/example_bash_operator.py
[2025-01-31T20:54:50.578+0000] {processor.py:914} INFO - Processing file /home/airflow/.local/lib/python3.12/site-packages/airflow/example_dags/example_bash_operator.py for tasks to queue
[2025-01-31T20:54:50.580+0000] {logging_mixin.py:190} INFO - [2025-01-31T20:54:50.580+0000] {dagbag.py:588} INFO - Filling up the DagBag from /home/airflow/.local/lib/python3.12/site-packages/airflow/example_dags/example_bash_operator.py
[2025-01-31T20:54:50.609+0000] {processor.py:925} INFO - DAG(s) 'example_bash_operator' retrieved from /home/airflow/.local/lib/python3.12/site-packages/airflow/example_dags/example_bash_operator.py
[2025-01-31T20:54:50.665+0000] {logging_mixin.py:190} INFO - [2025-01-31T20:54:50.664+0000] {dag.py:3239} INFO - Sync 1 DAGs
[2025-01-31T20:54:50.710+0000] {logging_mixin.py:190} INFO - [2025-01-31T20:54:50.710+0000] {dag.py:4180} INFO - Setting next_dagrun for example_bash_operator to 2025-01-30 00:00:00+00:00, run_after=2025-01-31 00:00:00+00:00
[2025-01-31T20:54:50.744+0000] {processor.py:208} INFO - Processing /home/airflow/.local/lib/python3.12/site-packages/airflow/example_dags/example_bash_operator.py took 0.194 seconds
[2025-01-31T20:55:20.850+0000] {processor.py:186} INFO - Started process (PID=441) to work on /home/airflow/.local/lib/python3.12/site-packages/airflow/example_dags/example_bash_operator.py
[2025-01-31T20:55:20.851+0000] {processor.py:914} INFO - Processing file /home/airflow/.local/lib/python3.12/site-packages/airflow/example_dags/example_bash_operator.py for tasks to queue
[2025-01-31T20:55:20.853+0000] {logging_mixin.py:190} INFO - [2025-01-31T20:55:20.853+0000] {dagbag.py:588} INFO - Filling up the DagBag from /home/airflow/.local/lib/python3.12/site-packages/airflow/example_dags/example_bash_operator.py
[2025-01-31T20:55:20.865+0000] {processor.py:925} INFO - DAG(s) 'example_bash_operator' retrieved from /home/airflow/.local/lib/python3.12/site-packages/airflow/example_dags/example_bash_operator.py
[2025-01-31T20:55:20.885+0000] {logging_mixin.py:190} INFO - [2025-01-31T20:55:20.884+0000] {dag.py:3239} INFO - Sync 1 DAGs
[2025-01-31T20:55:20.901+0000] {logging_mixin.py:190} INFO - [2025-01-31T20:55:20.901+0000] {dag.py:4180} INFO - Setting next_dagrun for example_bash_operator to 2025-01-30 00:00:00+00:00, run_after=2025-01-31 00:00:00+00:00
[2025-01-31T20:55:20.912+0000] {processor.py:208} INFO - Processing /home/airflow/.local/lib/python3.12/site-packages/airflow/example_dags/example_bash_operator.py took 0.068 seconds
[2025-01-31T20:55:51.199+0000] {processor.py:186} INFO - Started process (PID=505) to work on /home/airflow/.local/lib/python3.12/site-packages/airflow/example_dags/example_bash_operator.py
[2025-01-31T20:55:51.200+0000] {processor.py:914} INFO - Processing file /home/airflow/.local/lib/python3.12/site-packages/airflow/example_dags/example_bash_operator.py for tasks to queue
[2025-01-31T20:55:51.202+0000] {logging_mixin.py:190} INFO - [2025-01-31T20:55:51.201+0000] {dagbag.py:588} INFO - Filling up the DagBag from /home/airflow/.local/lib/python3.12/site-packages/airflow/example_dags/example_bash_operator.py
[2025-01-31T20:55:51.215+0000] {processor.py:925} INFO - DAG(s) 'example_bash_operator' retrieved from /home/airflow/.local/lib/python3.12/site-packages/airflow/example_dags/example_bash_operator.py
[2025-01-31T20:55:51.246+0000] {logging_mixin.py:190} INFO - [2025-01-31T20:55:51.246+0000] {dag.py:3239} INFO - Sync 1 DAGs
[2025-01-31T20:55:51.274+0000] {logging_mixin.py:190} INFO - [2025-01-31T20:55:51.274+0000] {dag.py:4180} INFO - Setting next_dagrun for example_bash_operator to 2025-01-30 00:00:00+00:00, run_after=2025-01-31 00:00:00+00:00
[2025-01-31T20:55:51.290+0000] {processor.py:208} INFO - Processing /home/airflow/.local/lib/python3.12/site-packages/airflow/example_dags/example_bash_operator.py took 0.098 seconds
[2025-01-31T20:56:21.421+0000] {processor.py:186} INFO - Started process (PID=567) to work on /home/airflow/.local/lib/python3.12/site-packages/airflow/example_dags/example_bash_operator.py
[2025-01-31T20:56:21.422+0000] {processor.py:914} INFO - Processing file /home/airflow/.local/lib/python3.12/site-packages/airflow/example_dags/example_bash_operator.py for tasks to queue
[2025-01-31T20:56:21.424+0000] {logging_mixin.py:190} INFO - [2025-01-31T20:56:21.424+0000] {dagbag.py:588} INFO - Filling up the DagBag from /home/airflow/.local/lib/python3.12/site-packages/airflow/example_dags/example_bash_operator.py
[2025-01-31T20:56:21.436+0000] {processor.py:925} INFO - DAG(s) 'example_bash_operator' retrieved from /home/airflow/.local/lib/python3.12/site-packages/airflow/example_dags/example_bash_operator.py
[2025-01-31T20:56:21.454+0000] {logging_mixin.py:190} INFO - [2025-01-31T20:56:21.454+0000] {dag.py:3239} INFO - Sync 1 DAGs
[2025-01-31T20:56:21.471+0000] {logging_mixin.py:190} INFO - [2025-01-31T20:56:21.471+0000] {dag.py:4180} INFO - Setting next_dagrun for example_bash_operator to 2025-01-30 00:00:00+00:00, run_after=2025-01-31 00:00:00+00:00
[2025-01-31T20:56:21.483+0000] {processor.py:208} INFO - Processing /home/airflow/.local/lib/python3.12/site-packages/airflow/example_dags/example_bash_operator.py took 0.067 seconds
[2025-01-31T20:56:52.683+0000] {processor.py:186} INFO - Started process (PID=630) to work on /home/airflow/.local/lib/python3.12/site-packages/airflow/example_dags/example_bash_operator.py
[2025-01-31T20:56:52.684+0000] {processor.py:914} INFO - Processing file /home/airflow/.local/lib/python3.12/site-packages/airflow/example_dags/example_bash_operator.py for tasks to queue
[2025-01-31T20:56:52.686+0000] {logging_mixin.py:190} INFO - [2025-01-31T20:56:52.686+0000] {dagbag.py:588} INFO - Filling up the DagBag from /home/airflow/.local/lib/python3.12/site-packages/airflow/example_dags/example_bash_operator.py
[2025-01-31T20:56:52.699+0000] {processor.py:925} INFO - DAG(s) 'example_bash_operator' retrieved from /home/airflow/.local/lib/python3.12/site-packages/airflow/example_dags/example_bash_operator.py
[2025-01-31T20:56:52.726+0000] {logging_mixin.py:190} INFO - [2025-01-31T20:56:52.726+0000] {dag.py:3239} INFO - Sync 1 DAGs
[2025-01-31T20:56:52.751+0000] {logging_mixin.py:190} INFO - [2025-01-31T20:56:52.751+0000] {dag.py:4180} INFO - Setting next_dagrun for example_bash_operator to 2025-01-30 00:00:00+00:00, run_after=2025-01-31 00:00:00+00:00
[2025-01-31T20:56:52.768+0000] {processor.py:208} INFO - Processing /home/airflow/.local/lib/python3.12/site-packages/airflow/example_dags/example_bash_operator.py took 0.091 seconds
[2025-01-31T20:57:23.953+0000] {processor.py:186} INFO - Started process (PID=695) to work on /home/airflow/.local/lib/python3.12/site-packages/airflow/example_dags/example_bash_operator.py
[2025-01-31T20:57:23.954+0000] {processor.py:914} INFO - Processing file /home/airflow/.local/lib/python3.12/site-packages/airflow/example_dags/example_bash_operator.py for tasks to queue
[2025-01-31T20:57:23.956+0000] {logging_mixin.py:190} INFO - [2025-01-31T20:57:23.955+0000] {dagbag.py:588} INFO - Filling up the DagBag from /home/airflow/.local/lib/python3.12/site-packages/airflow/example_dags/example_bash_operator.py
[2025-01-31T20:57:23.969+0000] {processor.py:925} INFO - DAG(s) 'example_bash_operator' retrieved from /home/airflow/.local/lib/python3.12/site-packages/airflow/example_dags/example_bash_operator.py
[2025-01-31T20:57:23.997+0000] {logging_mixin.py:190} INFO - [2025-01-31T20:57:23.997+0000] {dag.py:3239} INFO - Sync 1 DAGs
[2025-01-31T20:57:24.022+0000] {logging_mixin.py:190} INFO - [2025-01-31T20:57:24.022+0000] {dag.py:4180} INFO - Setting next_dagrun for example_bash_operator to 2025-01-30 00:00:00+00:00, run_after=2025-01-31 00:00:00+00:00
[2025-01-31T20:57:24.039+0000] {processor.py:208} INFO - Processing /home/airflow/.local/lib/python3.12/site-packages/airflow/example_dags/example_bash_operator.py took 0.092 seconds
[2025-01-31T20:57:54.847+0000] {processor.py:186} INFO - Started process (PID=759) to work on /home/airflow/.local/lib/python3.12/site-packages/airflow/example_dags/example_bash_operator.py
[2025-01-31T20:57:54.847+0000] {processor.py:914} INFO - Processing file /home/airflow/.local/lib/python3.12/site-packages/airflow/example_dags/example_bash_operator.py for tasks to queue
[2025-01-31T20:57:54.850+0000] {logging_mixin.py:190} INFO - [2025-01-31T20:57:54.849+0000] {dagbag.py:588} INFO - Filling up the DagBag from /home/airflow/.local/lib/python3.12/site-packages/airflow/example_dags/example_bash_operator.py
[2025-01-31T20:57:54.863+0000] {processor.py:925} INFO - DAG(s) 'example_bash_operator' retrieved from /home/airflow/.local/lib/python3.12/site-packages/airflow/example_dags/example_bash_operator.py
[2025-01-31T20:57:54.893+0000] {logging_mixin.py:190} INFO - [2025-01-31T20:57:54.893+0000] {dag.py:3239} INFO - Sync 1 DAGs
[2025-01-31T20:57:54.918+0000] {logging_mixin.py:190} INFO - [2025-01-31T20:57:54.918+0000] {dag.py:4180} INFO - Setting next_dagrun for example_bash_operator to 2025-01-30 00:00:00+00:00, run_after=2025-01-31 00:00:00+00:00
[2025-01-31T20:57:54.934+0000] {processor.py:208} INFO - Processing /home/airflow/.local/lib/python3.12/site-packages/airflow/example_dags/example_bash_operator.py took 0.093 seconds
[2025-01-31T20:58:25.290+0000] {processor.py:186} INFO - Started process (PID=821) to work on /home/airflow/.local/lib/python3.12/site-packages/airflow/example_dags/example_bash_operator.py
[2025-01-31T20:58:25.291+0000] {processor.py:914} INFO - Processing file /home/airflow/.local/lib/python3.12/site-packages/airflow/example_dags/example_bash_operator.py for tasks to queue
[2025-01-31T20:58:25.294+0000] {logging_mixin.py:190} INFO - [2025-01-31T20:58:25.293+0000] {dagbag.py:588} INFO - Filling up the DagBag from /home/airflow/.local/lib/python3.12/site-packages/airflow/example_dags/example_bash_operator.py
[2025-01-31T20:58:25.306+0000] {processor.py:925} INFO - DAG(s) 'example_bash_operator' retrieved from /home/airflow/.local/lib/python3.12/site-packages/airflow/example_dags/example_bash_operator.py
[2025-01-31T20:58:25.334+0000] {logging_mixin.py:190} INFO - [2025-01-31T20:58:25.334+0000] {dag.py:3239} INFO - Sync 1 DAGs
[2025-01-31T20:58:25.358+0000] {logging_mixin.py:190} INFO - [2025-01-31T20:58:25.358+0000] {dag.py:4180} INFO - Setting next_dagrun for example_bash_operator to 2025-01-30 00:00:00+00:00, run_after=2025-01-31 00:00:00+00:00
[2025-01-31T20:58:25.374+0000] {processor.py:208} INFO - Processing /home/airflow/.local/lib/python3.12/site-packages/airflow/example_dags/example_bash_operator.py took 0.089 seconds
[2025-01-31T20:58:56.375+0000] {processor.py:186} INFO - Started process (PID=885) to work on /home/airflow/.local/lib/python3.12/site-packages/airflow/example_dags/example_bash_operator.py
[2025-01-31T20:58:56.376+0000] {processor.py:914} INFO - Processing file /home/airflow/.local/lib/python3.12/site-packages/airflow/example_dags/example_bash_operator.py for tasks to queue
[2025-01-31T20:58:56.378+0000] {logging_mixin.py:190} INFO - [2025-01-31T20:58:56.378+0000] {dagbag.py:588} INFO - Filling up the DagBag from /home/airflow/.local/lib/python3.12/site-packages/airflow/example_dags/example_bash_operator.py
[2025-01-31T20:58:56.391+0000] {processor.py:925} INFO - DAG(s) 'example_bash_operator' retrieved from /home/airflow/.local/lib/python3.12/site-packages/airflow/example_dags/example_bash_operator.py
[2025-01-31T20:58:56.431+0000] {logging_mixin.py:190} INFO - [2025-01-31T20:58:56.430+0000] {dag.py:3239} INFO - Sync 1 DAGs
[2025-01-31T20:58:56.478+0000] {logging_mixin.py:190} INFO - [2025-01-31T20:58:56.478+0000] {dag.py:4180} INFO - Setting next_dagrun for example_bash_operator to 2025-01-30 00:00:00+00:00, run_after=2025-01-31 00:00:00+00:00
[2025-01-31T20:58:56.515+0000] {processor.py:208} INFO - Processing /home/airflow/.local/lib/python3.12/site-packages/airflow/example_dags/example_bash_operator.py took 0.146 seconds
[2025-01-31T20:59:27.568+0000] {processor.py:186} INFO - Started process (PID=949) to work on /home/airflow/.local/lib/python3.12/site-packages/airflow/example_dags/example_bash_operator.py
[2025-01-31T20:59:27.569+0000] {processor.py:914} INFO - Processing file /home/airflow/.local/lib/python3.12/site-packages/airflow/example_dags/example_bash_operator.py for tasks to queue
[2025-01-31T20:59:27.571+0000] {logging_mixin.py:190} INFO - [2025-01-31T20:59:27.571+0000] {dagbag.py:588} INFO - Filling up the DagBag from /home/airflow/.local/lib/python3.12/site-packages/airflow/example_dags/example_bash_operator.py
[2025-01-31T20:59:27.585+0000] {processor.py:925} INFO - DAG(s) 'example_bash_operator' retrieved from /home/airflow/.local/lib/python3.12/site-packages/airflow/example_dags/example_bash_operator.py
[2025-01-31T20:59:27.630+0000] {logging_mixin.py:190} INFO - [2025-01-31T20:59:27.630+0000] {dag.py:3239} INFO - Sync 1 DAGs
[2025-01-31T20:59:27.725+0000] {logging_mixin.py:190} INFO - [2025-01-31T20:59:27.725+0000] {dag.py:4180} INFO - Setting next_dagrun for example_bash_operator to 2025-01-30 00:00:00+00:00, run_after=2025-01-31 00:00:00+00:00
[2025-01-31T20:59:27.799+0000] {processor.py:208} INFO - Processing /home/airflow/.local/lib/python3.12/site-packages/airflow/example_dags/example_bash_operator.py took 0.237 seconds
[2025-01-31T20:59:58.959+0000] {processor.py:186} INFO - Started process (PID=1014) to work on /home/airflow/.local/lib/python3.12/site-packages/airflow/example_dags/example_bash_operator.py
[2025-01-31T20:59:58.964+0000] {processor.py:914} INFO - Processing file /home/airflow/.local/lib/python3.12/site-packages/airflow/example_dags/example_bash_operator.py for tasks to queue
[2025-01-31T20:59:58.969+0000] {logging_mixin.py:190} INFO - [2025-01-31T20:59:58.969+0000] {dagbag.py:588} INFO - Filling up the DagBag from /home/airflow/.local/lib/python3.12/site-packages/airflow/example_dags/example_bash_operator.py
[2025-01-31T20:59:58.998+0000] {processor.py:925} INFO - DAG(s) 'example_bash_operator' retrieved from /home/airflow/.local/lib/python3.12/site-packages/airflow/example_dags/example_bash_operator.py
[2025-01-31T20:59:59.057+0000] {logging_mixin.py:190} INFO - [2025-01-31T20:59:59.056+0000] {dag.py:3239} INFO - Sync 1 DAGs
[2025-01-31T20:59:59.082+0000] {logging_mixin.py:190} INFO - [2025-01-31T20:59:59.081+0000] {dag.py:4180} INFO - Setting next_dagrun for example_bash_operator to 2025-01-30 00:00:00+00:00, run_after=2025-01-31 00:00:00+00:00
[2025-01-31T20:59:59.106+0000] {processor.py:208} INFO - Processing /home/airflow/.local/lib/python3.12/site-packages/airflow/example_dags/example_bash_operator.py took 0.158 seconds
[2025-01-31T21:00:29.972+0000] {processor.py:186} INFO - Started process (PID=1078) to work on /home/airflow/.local/lib/python3.12/site-packages/airflow/example_dags/example_bash_operator.py
[2025-01-31T21:00:29.973+0000] {processor.py:914} INFO - Processing file /home/airflow/.local/lib/python3.12/site-packages/airflow/example_dags/example_bash_operator.py for tasks to queue
[2025-01-31T21:00:29.976+0000] {logging_mixin.py:190} INFO - [2025-01-31T21:00:29.975+0000] {dagbag.py:588} INFO - Filling up the DagBag from /home/airflow/.local/lib/python3.12/site-packages/airflow/example_dags/example_bash_operator.py
[2025-01-31T21:00:30.016+0000] {processor.py:925} INFO - DAG(s) 'example_bash_operator' retrieved from /home/airflow/.local/lib/python3.12/site-packages/airflow/example_dags/example_bash_operator.py
[2025-01-31T21:00:30.089+0000] {logging_mixin.py:190} INFO - [2025-01-31T21:00:30.089+0000] {dag.py:3239} INFO - Sync 1 DAGs
[2025-01-31T21:00:30.116+0000] {logging_mixin.py:190} INFO - [2025-01-31T21:00:30.115+0000] {dag.py:4180} INFO - Setting next_dagrun for example_bash_operator to 2025-01-30 00:00:00+00:00, run_after=2025-01-31 00:00:00+00:00
[2025-01-31T21:00:30.133+0000] {processor.py:208} INFO - Processing /home/airflow/.local/lib/python3.12/site-packages/airflow/example_dags/example_bash_operator.py took 0.180 seconds
[2025-01-31T21:01:00.872+0000] {processor.py:186} INFO - Started process (PID=1142) to work on /home/airflow/.local/lib/python3.12/site-packages/airflow/example_dags/example_bash_operator.py
[2025-01-31T21:01:00.872+0000] {processor.py:914} INFO - Processing file /home/airflow/.local/lib/python3.12/site-packages/airflow/example_dags/example_bash_operator.py for tasks to queue
[2025-01-31T21:01:00.874+0000] {logging_mixin.py:190} INFO - [2025-01-31T21:01:00.874+0000] {dagbag.py:588} INFO - Filling up the DagBag from /home/airflow/.local/lib/python3.12/site-packages/airflow/example_dags/example_bash_operator.py
[2025-01-31T21:01:00.886+0000] {processor.py:925} INFO - DAG(s) 'example_bash_operator' retrieved from /home/airflow/.local/lib/python3.12/site-packages/airflow/example_dags/example_bash_operator.py
[2025-01-31T21:01:00.913+0000] {logging_mixin.py:190} INFO - [2025-01-31T21:01:00.913+0000] {dag.py:3239} INFO - Sync 1 DAGs
[2025-01-31T21:01:00.939+0000] {logging_mixin.py:190} INFO - [2025-01-31T21:01:00.939+0000] {dag.py:4180} INFO - Setting next_dagrun for example_bash_operator to 2025-01-30 00:00:00+00:00, run_after=2025-01-31 00:00:00+00:00
[2025-01-31T21:01:00.957+0000] {processor.py:208} INFO - Processing /home/airflow/.local/lib/python3.12/site-packages/airflow/example_dags/example_bash_operator.py took 0.092 seconds
[2025-01-31T21:01:31.437+0000] {processor.py:186} INFO - Started process (PID=1205) to work on /home/airflow/.local/lib/python3.12/site-packages/airflow/example_dags/example_bash_operator.py
[2025-01-31T21:01:31.439+0000] {processor.py:914} INFO - Processing file /home/airflow/.local/lib/python3.12/site-packages/airflow/example_dags/example_bash_operator.py for tasks to queue
[2025-01-31T21:01:31.441+0000] {logging_mixin.py:190} INFO - [2025-01-31T21:01:31.440+0000] {dagbag.py:588} INFO - Filling up the DagBag from /home/airflow/.local/lib/python3.12/site-packages/airflow/example_dags/example_bash_operator.py
[2025-01-31T21:01:31.457+0000] {processor.py:925} INFO - DAG(s) 'example_bash_operator' retrieved from /home/airflow/.local/lib/python3.12/site-packages/airflow/example_dags/example_bash_operator.py
[2025-01-31T21:01:31.485+0000] {logging_mixin.py:190} INFO - [2025-01-31T21:01:31.485+0000] {dag.py:3239} INFO - Sync 1 DAGs
[2025-01-31T21:01:31.511+0000] {logging_mixin.py:190} INFO - [2025-01-31T21:01:31.511+0000] {dag.py:4180} INFO - Setting next_dagrun for example_bash_operator to 2025-01-30 00:00:00+00:00, run_after=2025-01-31 00:00:00+00:00
[2025-01-31T21:01:31.529+0000] {processor.py:208} INFO - Processing /home/airflow/.local/lib/python3.12/site-packages/airflow/example_dags/example_bash_operator.py took 0.113 seconds
[2025-01-31T21:02:01.613+0000] {processor.py:186} INFO - Started process (PID=1268) to work on /home/airflow/.local/lib/python3.12/site-packages/airflow/example_dags/example_bash_operator.py
[2025-01-31T21:02:01.614+0000] {processor.py:914} INFO - Processing file /home/airflow/.local/lib/python3.12/site-packages/airflow/example_dags/example_bash_operator.py for tasks to queue
[2025-01-31T21:02:01.617+0000] {logging_mixin.py:190} INFO - [2025-01-31T21:02:01.616+0000] {dagbag.py:588} INFO - Filling up the DagBag from /home/airflow/.local/lib/python3.12/site-packages/airflow/example_dags/example_bash_operator.py
[2025-01-31T21:02:01.631+0000] {processor.py:925} INFO - DAG(s) 'example_bash_operator' retrieved from /home/airflow/.local/lib/python3.12/site-packages/airflow/example_dags/example_bash_operator.py
[2025-01-31T21:02:01.659+0000] {logging_mixin.py:190} INFO - [2025-01-31T21:02:01.659+0000] {dag.py:3239} INFO - Sync 1 DAGs
[2025-01-31T21:02:01.684+0000] {logging_mixin.py:190} INFO - [2025-01-31T21:02:01.684+0000] {dag.py:4180} INFO - Setting next_dagrun for example_bash_operator to 2025-01-30 00:00:00+00:00, run_after=2025-01-31 00:00:00+00:00
[2025-01-31T21:02:01.700+0000] {processor.py:208} INFO - Processing /home/airflow/.local/lib/python3.12/site-packages/airflow/example_dags/example_bash_operator.py took 0.092 seconds
[2025-01-31T21:02:31.955+0000] {processor.py:186} INFO - Started process (PID=1333) to work on /home/airflow/.local/lib/python3.12/site-packages/airflow/example_dags/example_bash_operator.py
[2025-01-31T21:02:31.956+0000] {processor.py:914} INFO - Processing file /home/airflow/.local/lib/python3.12/site-packages/airflow/example_dags/example_bash_operator.py for tasks to queue
[2025-01-31T21:02:31.959+0000] {logging_mixin.py:190} INFO - [2025-01-31T21:02:31.959+0000] {dagbag.py:588} INFO - Filling up the DagBag from /home/airflow/.local/lib/python3.12/site-packages/airflow/example_dags/example_bash_operator.py
[2025-01-31T21:02:31.973+0000] {processor.py:925} INFO - DAG(s) 'example_bash_operator' retrieved from /home/airflow/.local/lib/python3.12/site-packages/airflow/example_dags/example_bash_operator.py
[2025-01-31T21:02:31.999+0000] {logging_mixin.py:190} INFO - [2025-01-31T21:02:31.999+0000] {dag.py:3239} INFO - Sync 1 DAGs
[2025-01-31T21:02:32.025+0000] {logging_mixin.py:190} INFO - [2025-01-31T21:02:32.024+0000] {dag.py:4180} INFO - Setting next_dagrun for example_bash_operator to 2025-01-30 00:00:00+00:00, run_after=2025-01-31 00:00:00+00:00
[2025-01-31T21:02:32.057+0000] {processor.py:208} INFO - Processing /home/airflow/.local/lib/python3.12/site-packages/airflow/example_dags/example_bash_operator.py took 0.108 seconds
[2025-01-31T21:03:02.236+0000] {processor.py:186} INFO - Started process (PID=1396) to work on /home/airflow/.local/lib/python3.12/site-packages/airflow/example_dags/example_bash_operator.py
[2025-01-31T21:03:02.237+0000] {processor.py:914} INFO - Processing file /home/airflow/.local/lib/python3.12/site-packages/airflow/example_dags/example_bash_operator.py for tasks to queue
[2025-01-31T21:03:02.240+0000] {logging_mixin.py:190} INFO - [2025-01-31T21:03:02.240+0000] {dagbag.py:588} INFO - Filling up the DagBag from /home/airflow/.local/lib/python3.12/site-packages/airflow/example_dags/example_bash_operator.py
[2025-01-31T21:03:02.253+0000] {processor.py:925} INFO - DAG(s) 'example_bash_operator' retrieved from /home/airflow/.local/lib/python3.12/site-packages/airflow/example_dags/example_bash_operator.py
[2025-01-31T21:03:02.296+0000] {logging_mixin.py:190} INFO - [2025-01-31T21:03:02.295+0000] {dag.py:3239} INFO - Sync 1 DAGs
[2025-01-31T21:03:02.333+0000] {logging_mixin.py:190} INFO - [2025-01-31T21:03:02.333+0000] {dag.py:4180} INFO - Setting next_dagrun for example_bash_operator to 2025-01-30 00:00:00+00:00, run_after=2025-01-31 00:00:00+00:00
[2025-01-31T21:03:02.354+0000] {processor.py:208} INFO - Processing /home/airflow/.local/lib/python3.12/site-packages/airflow/example_dags/example_bash_operator.py took 0.124 seconds
[2025-01-31T21:03:32.750+0000] {processor.py:186} INFO - Started process (PID=1459) to work on /home/airflow/.local/lib/python3.12/site-packages/airflow/example_dags/example_bash_operator.py
[2025-01-31T21:03:32.751+0000] {processor.py:914} INFO - Processing file /home/airflow/.local/lib/python3.12/site-packages/airflow/example_dags/example_bash_operator.py for tasks to queue
[2025-01-31T21:03:32.754+0000] {logging_mixin.py:190} INFO - [2025-01-31T21:03:32.754+0000] {dagbag.py:588} INFO - Filling up the DagBag from /home/airflow/.local/lib/python3.12/site-packages/airflow/example_dags/example_bash_operator.py
[2025-01-31T21:03:32.768+0000] {processor.py:925} INFO - DAG(s) 'example_bash_operator' retrieved from /home/airflow/.local/lib/python3.12/site-packages/airflow/example_dags/example_bash_operator.py
[2025-01-31T21:03:32.803+0000] {logging_mixin.py:190} INFO - [2025-01-31T21:03:32.802+0000] {dag.py:3239} INFO - Sync 1 DAGs
[2025-01-31T21:03:32.834+0000] {logging_mixin.py:190} INFO - [2025-01-31T21:03:32.834+0000] {dag.py:4180} INFO - Setting next_dagrun for example_bash_operator to 2025-01-30 00:00:00+00:00, run_after=2025-01-31 00:00:00+00:00
[2025-01-31T21:03:32.864+0000] {processor.py:208} INFO - Processing /home/airflow/.local/lib/python3.12/site-packages/airflow/example_dags/example_bash_operator.py took 0.120 seconds
[2025-01-31T21:04:03.327+0000] {processor.py:186} INFO - Started process (PID=1523) to work on /home/airflow/.local/lib/python3.12/site-packages/airflow/example_dags/example_bash_operator.py
[2025-01-31T21:04:03.328+0000] {processor.py:914} INFO - Processing file /home/airflow/.local/lib/python3.12/site-packages/airflow/example_dags/example_bash_operator.py for tasks to queue
[2025-01-31T21:04:03.330+0000] {logging_mixin.py:190} INFO - [2025-01-31T21:04:03.330+0000] {dagbag.py:588} INFO - Filling up the DagBag from /home/airflow/.local/lib/python3.12/site-packages/airflow/example_dags/example_bash_operator.py
[2025-01-31T21:04:03.344+0000] {processor.py:925} INFO - DAG(s) 'example_bash_operator' retrieved from /home/airflow/.local/lib/python3.12/site-packages/airflow/example_dags/example_bash_operator.py
[2025-01-31T21:04:03.395+0000] {logging_mixin.py:190} INFO - [2025-01-31T21:04:03.394+0000] {dag.py:3239} INFO - Sync 1 DAGs
[2025-01-31T21:04:03.432+0000] {logging_mixin.py:190} INFO - [2025-01-31T21:04:03.431+0000] {dag.py:4180} INFO - Setting next_dagrun for example_bash_operator to 2025-01-30 00:00:00+00:00, run_after=2025-01-31 00:00:00+00:00
[2025-01-31T21:04:03.450+0000] {processor.py:208} INFO - Processing /home/airflow/.local/lib/python3.12/site-packages/airflow/example_dags/example_bash_operator.py took 0.129 seconds
[2025-01-31T21:04:33.897+0000] {processor.py:186} INFO - Started process (PID=1585) to work on /home/airflow/.local/lib/python3.12/site-packages/airflow/example_dags/example_bash_operator.py
[2025-01-31T21:04:33.898+0000] {processor.py:914} INFO - Processing file /home/airflow/.local/lib/python3.12/site-packages/airflow/example_dags/example_bash_operator.py for tasks to queue
[2025-01-31T21:04:33.900+0000] {logging_mixin.py:190} INFO - [2025-01-31T21:04:33.900+0000] {dagbag.py:588} INFO - Filling up the DagBag from /home/airflow/.local/lib/python3.12/site-packages/airflow/example_dags/example_bash_operator.py
[2025-01-31T21:04:33.914+0000] {processor.py:925} INFO - DAG(s) 'example_bash_operator' retrieved from /home/airflow/.local/lib/python3.12/site-packages/airflow/example_dags/example_bash_operator.py
[2025-01-31T21:04:33.941+0000] {logging_mixin.py:190} INFO - [2025-01-31T21:04:33.941+0000] {dag.py:3239} INFO - Sync 1 DAGs
[2025-01-31T21:04:33.966+0000] {logging_mixin.py:190} INFO - [2025-01-31T21:04:33.966+0000] {dag.py:4180} INFO - Setting next_dagrun for example_bash_operator to 2025-01-30 00:00:00+00:00, run_after=2025-01-31 00:00:00+00:00
[2025-01-31T21:04:33.983+0000] {processor.py:208} INFO - Processing /home/airflow/.local/lib/python3.12/site-packages/airflow/example_dags/example_bash_operator.py took 0.091 seconds
[2025-01-31T21:05:04.558+0000] {processor.py:186} INFO - Started process (PID=1649) to work on /home/airflow/.local/lib/python3.12/site-packages/airflow/example_dags/example_bash_operator.py
[2025-01-31T21:05:04.559+0000] {processor.py:914} INFO - Processing file /home/airflow/.local/lib/python3.12/site-packages/airflow/example_dags/example_bash_operator.py for tasks to queue
[2025-01-31T21:05:04.561+0000] {logging_mixin.py:190} INFO - [2025-01-31T21:05:04.561+0000] {dagbag.py:588} INFO - Filling up the DagBag from /home/airflow/.local/lib/python3.12/site-packages/airflow/example_dags/example_bash_operator.py
[2025-01-31T21:05:04.574+0000] {processor.py:925} INFO - DAG(s) 'example_bash_operator' retrieved from /home/airflow/.local/lib/python3.12/site-packages/airflow/example_dags/example_bash_operator.py
[2025-01-31T21:05:04.600+0000] {logging_mixin.py:190} INFO - [2025-01-31T21:05:04.600+0000] {dag.py:3239} INFO - Sync 1 DAGs
[2025-01-31T21:05:04.626+0000] {logging_mixin.py:190} INFO - [2025-01-31T21:05:04.626+0000] {dag.py:4180} INFO - Setting next_dagrun for example_bash_operator to 2025-01-30 00:00:00+00:00, run_after=2025-01-31 00:00:00+00:00
[2025-01-31T21:05:04.643+0000] {processor.py:208} INFO - Processing /home/airflow/.local/lib/python3.12/site-packages/airflow/example_dags/example_bash_operator.py took 0.090 seconds
[2025-01-31T21:05:35.094+0000] {processor.py:186} INFO - Started process (PID=1712) to work on /home/airflow/.local/lib/python3.12/site-packages/airflow/example_dags/example_bash_operator.py
[2025-01-31T21:05:35.095+0000] {processor.py:914} INFO - Processing file /home/airflow/.local/lib/python3.12/site-packages/airflow/example_dags/example_bash_operator.py for tasks to queue
[2025-01-31T21:05:35.097+0000] {logging_mixin.py:190} INFO - [2025-01-31T21:05:35.097+0000] {dagbag.py:588} INFO - Filling up the DagBag from /home/airflow/.local/lib/python3.12/site-packages/airflow/example_dags/example_bash_operator.py
[2025-01-31T21:05:35.111+0000] {processor.py:925} INFO - DAG(s) 'example_bash_operator' retrieved from /home/airflow/.local/lib/python3.12/site-packages/airflow/example_dags/example_bash_operator.py
[2025-01-31T21:05:35.140+0000] {logging_mixin.py:190} INFO - [2025-01-31T21:05:35.140+0000] {dag.py:3239} INFO - Sync 1 DAGs
[2025-01-31T21:05:35.167+0000] {logging_mixin.py:190} INFO - [2025-01-31T21:05:35.167+0000] {dag.py:4180} INFO - Setting next_dagrun for example_bash_operator to 2025-01-30 00:00:00+00:00, run_after=2025-01-31 00:00:00+00:00
[2025-01-31T21:05:35.188+0000] {processor.py:208} INFO - Processing /home/airflow/.local/lib/python3.12/site-packages/airflow/example_dags/example_bash_operator.py took 0.100 seconds
[2025-01-31T21:06:05.512+0000] {processor.py:186} INFO - Started process (PID=1775) to work on /home/airflow/.local/lib/python3.12/site-packages/airflow/example_dags/example_bash_operator.py
[2025-01-31T21:06:05.519+0000] {processor.py:914} INFO - Processing file /home/airflow/.local/lib/python3.12/site-packages/airflow/example_dags/example_bash_operator.py for tasks to queue
[2025-01-31T21:06:05.521+0000] {logging_mixin.py:190} INFO - [2025-01-31T21:06:05.521+0000] {dagbag.py:588} INFO - Filling up the DagBag from /home/airflow/.local/lib/python3.12/site-packages/airflow/example_dags/example_bash_operator.py
[2025-01-31T21:06:05.547+0000] {processor.py:925} INFO - DAG(s) 'example_bash_operator' retrieved from /home/airflow/.local/lib/python3.12/site-packages/airflow/example_dags/example_bash_operator.py
[2025-01-31T21:06:05.595+0000] {logging_mixin.py:190} INFO - [2025-01-31T21:06:05.594+0000] {dag.py:3239} INFO - Sync 1 DAGs
[2025-01-31T21:06:05.622+0000] {logging_mixin.py:190} INFO - [2025-01-31T21:06:05.622+0000] {dag.py:4180} INFO - Setting next_dagrun for example_bash_operator to 2025-01-30 00:00:00+00:00, run_after=2025-01-31 00:00:00+00:00
[2025-01-31T21:06:05.639+0000] {processor.py:208} INFO - Processing /home/airflow/.local/lib/python3.12/site-packages/airflow/example_dags/example_bash_operator.py took 0.136 seconds
[2025-01-31T21:06:36.037+0000] {processor.py:186} INFO - Started process (PID=1838) to work on /home/airflow/.local/lib/python3.12/site-packages/airflow/example_dags/example_bash_operator.py
[2025-01-31T21:06:36.041+0000] {processor.py:914} INFO - Processing file /home/airflow/.local/lib/python3.12/site-packages/airflow/example_dags/example_bash_operator.py for tasks to queue
[2025-01-31T21:06:36.045+0000] {logging_mixin.py:190} INFO - [2025-01-31T21:06:36.045+0000] {dagbag.py:588} INFO - Filling up the DagBag from /home/airflow/.local/lib/python3.12/site-packages/airflow/example_dags/example_bash_operator.py
[2025-01-31T21:06:36.077+0000] {processor.py:925} INFO - DAG(s) 'example_bash_operator' retrieved from /home/airflow/.local/lib/python3.12/site-packages/airflow/example_dags/example_bash_operator.py
[2025-01-31T21:06:36.119+0000] {logging_mixin.py:190} INFO - [2025-01-31T21:06:36.119+0000] {dag.py:3239} INFO - Sync 1 DAGs
[2025-01-31T21:06:36.152+0000] {logging_mixin.py:190} INFO - [2025-01-31T21:06:36.152+0000] {dag.py:4180} INFO - Setting next_dagrun for example_bash_operator to 2025-01-30 00:00:00+00:00, run_after=2025-01-31 00:00:00+00:00
[2025-01-31T21:06:36.167+0000] {processor.py:208} INFO - Processing /home/airflow/.local/lib/python3.12/site-packages/airflow/example_dags/example_bash_operator.py took 0.137 seconds
[2025-01-31T21:07:06.917+0000] {processor.py:186} INFO - Started process (PID=1901) to work on /home/airflow/.local/lib/python3.12/site-packages/airflow/example_dags/example_bash_operator.py
[2025-01-31T21:07:06.924+0000] {processor.py:914} INFO - Processing file /home/airflow/.local/lib/python3.12/site-packages/airflow/example_dags/example_bash_operator.py for tasks to queue
[2025-01-31T21:07:06.926+0000] {logging_mixin.py:190} INFO - [2025-01-31T21:07:06.926+0000] {dagbag.py:588} INFO - Filling up the DagBag from /home/airflow/.local/lib/python3.12/site-packages/airflow/example_dags/example_bash_operator.py
[2025-01-31T21:07:06.955+0000] {processor.py:925} INFO - DAG(s) 'example_bash_operator' retrieved from /home/airflow/.local/lib/python3.12/site-packages/airflow/example_dags/example_bash_operator.py
[2025-01-31T21:07:07.029+0000] {logging_mixin.py:190} INFO - [2025-01-31T21:07:07.028+0000] {dag.py:3239} INFO - Sync 1 DAGs
[2025-01-31T21:07:07.098+0000] {logging_mixin.py:190} INFO - [2025-01-31T21:07:07.098+0000] {dag.py:4180} INFO - Setting next_dagrun for example_bash_operator to 2025-01-30 00:00:00+00:00, run_after=2025-01-31 00:00:00+00:00
[2025-01-31T21:07:07.151+0000] {processor.py:208} INFO - Processing /home/airflow/.local/lib/python3.12/site-packages/airflow/example_dags/example_bash_operator.py took 0.251 seconds
[2025-01-31T21:07:37.633+0000] {processor.py:186} INFO - Started process (PID=1963) to work on /home/airflow/.local/lib/python3.12/site-packages/airflow/example_dags/example_bash_operator.py
[2025-01-31T21:07:37.634+0000] {processor.py:914} INFO - Processing file /home/airflow/.local/lib/python3.12/site-packages/airflow/example_dags/example_bash_operator.py for tasks to queue
[2025-01-31T21:07:37.636+0000] {logging_mixin.py:190} INFO - [2025-01-31T21:07:37.636+0000] {dagbag.py:588} INFO - Filling up the DagBag from /home/airflow/.local/lib/python3.12/site-packages/airflow/example_dags/example_bash_operator.py
[2025-01-31T21:07:37.651+0000] {processor.py:925} INFO - DAG(s) 'example_bash_operator' retrieved from /home/airflow/.local/lib/python3.12/site-packages/airflow/example_dags/example_bash_operator.py
[2025-01-31T21:07:37.679+0000] {logging_mixin.py:190} INFO - [2025-01-31T21:07:37.679+0000] {dag.py:3239} INFO - Sync 1 DAGs
[2025-01-31T21:07:37.705+0000] {logging_mixin.py:190} INFO - [2025-01-31T21:07:37.704+0000] {dag.py:4180} INFO - Setting next_dagrun for example_bash_operator to 2025-01-30 00:00:00+00:00, run_after=2025-01-31 00:00:00+00:00
[2025-01-31T21:07:37.721+0000] {processor.py:208} INFO - Processing /home/airflow/.local/lib/python3.12/site-packages/airflow/example_dags/example_bash_operator.py took 0.094 seconds
[2025-01-31T21:08:08.667+0000] {processor.py:186} INFO - Started process (PID=2026) to work on /home/airflow/.local/lib/python3.12/site-packages/airflow/example_dags/example_bash_operator.py
[2025-01-31T21:08:08.668+0000] {processor.py:914} INFO - Processing file /home/airflow/.local/lib/python3.12/site-packages/airflow/example_dags/example_bash_operator.py for tasks to queue
[2025-01-31T21:08:08.671+0000] {logging_mixin.py:190} INFO - [2025-01-31T21:08:08.670+0000] {dagbag.py:588} INFO - Filling up the DagBag from /home/airflow/.local/lib/python3.12/site-packages/airflow/example_dags/example_bash_operator.py
[2025-01-31T21:08:08.685+0000] {processor.py:925} INFO - DAG(s) 'example_bash_operator' retrieved from /home/airflow/.local/lib/python3.12/site-packages/airflow/example_dags/example_bash_operator.py
[2025-01-31T21:08:08.714+0000] {logging_mixin.py:190} INFO - [2025-01-31T21:08:08.714+0000] {dag.py:3239} INFO - Sync 1 DAGs
[2025-01-31T21:08:08.739+0000] {logging_mixin.py:190} INFO - [2025-01-31T21:08:08.739+0000] {dag.py:4180} INFO - Setting next_dagrun for example_bash_operator to 2025-01-30 00:00:00+00:00, run_after=2025-01-31 00:00:00+00:00
[2025-01-31T21:08:08.756+0000] {processor.py:208} INFO - Processing /home/airflow/.local/lib/python3.12/site-packages/airflow/example_dags/example_bash_operator.py took 0.095 seconds
[2025-01-31T21:08:38.983+0000] {processor.py:186} INFO - Started process (PID=2089) to work on /home/airflow/.local/lib/python3.12/site-packages/airflow/example_dags/example_bash_operator.py
[2025-01-31T21:08:38.983+0000] {processor.py:914} INFO - Processing file /home/airflow/.local/lib/python3.12/site-packages/airflow/example_dags/example_bash_operator.py for tasks to queue
[2025-01-31T21:08:38.986+0000] {logging_mixin.py:190} INFO - [2025-01-31T21:08:38.986+0000] {dagbag.py:588} INFO - Filling up the DagBag from /home/airflow/.local/lib/python3.12/site-packages/airflow/example_dags/example_bash_operator.py
[2025-01-31T21:08:39.000+0000] {processor.py:925} INFO - DAG(s) 'example_bash_operator' retrieved from /home/airflow/.local/lib/python3.12/site-packages/airflow/example_dags/example_bash_operator.py
[2025-01-31T21:08:39.024+0000] {logging_mixin.py:190} INFO - [2025-01-31T21:08:39.024+0000] {dag.py:3239} INFO - Sync 1 DAGs
[2025-01-31T21:08:39.042+0000] {logging_mixin.py:190} INFO - [2025-01-31T21:08:39.041+0000] {dag.py:4180} INFO - Setting next_dagrun for example_bash_operator to 2025-01-30 00:00:00+00:00, run_after=2025-01-31 00:00:00+00:00
[2025-01-31T21:08:39.054+0000] {processor.py:208} INFO - Processing /home/airflow/.local/lib/python3.12/site-packages/airflow/example_dags/example_bash_operator.py took 0.077 seconds
[2025-01-31T21:09:09.515+0000] {processor.py:186} INFO - Started process (PID=2153) to work on /home/airflow/.local/lib/python3.12/site-packages/airflow/example_dags/example_bash_operator.py
[2025-01-31T21:09:09.516+0000] {processor.py:914} INFO - Processing file /home/airflow/.local/lib/python3.12/site-packages/airflow/example_dags/example_bash_operator.py for tasks to queue
[2025-01-31T21:09:09.518+0000] {logging_mixin.py:190} INFO - [2025-01-31T21:09:09.518+0000] {dagbag.py:588} INFO - Filling up the DagBag from /home/airflow/.local/lib/python3.12/site-packages/airflow/example_dags/example_bash_operator.py
[2025-01-31T21:09:09.531+0000] {processor.py:925} INFO - DAG(s) 'example_bash_operator' retrieved from /home/airflow/.local/lib/python3.12/site-packages/airflow/example_dags/example_bash_operator.py
[2025-01-31T21:09:09.560+0000] {logging_mixin.py:190} INFO - [2025-01-31T21:09:09.560+0000] {dag.py:3239} INFO - Sync 1 DAGs
[2025-01-31T21:09:09.585+0000] {logging_mixin.py:190} INFO - [2025-01-31T21:09:09.585+0000] {dag.py:4180} INFO - Setting next_dagrun for example_bash_operator to 2025-01-30 00:00:00+00:00, run_after=2025-01-31 00:00:00+00:00
[2025-01-31T21:09:09.601+0000] {processor.py:208} INFO - Processing /home/airflow/.local/lib/python3.12/site-packages/airflow/example_dags/example_bash_operator.py took 0.090 seconds
[2025-01-31T21:09:40.092+0000] {processor.py:186} INFO - Started process (PID=2216) to work on /home/airflow/.local/lib/python3.12/site-packages/airflow/example_dags/example_bash_operator.py
[2025-01-31T21:09:40.092+0000] {processor.py:914} INFO - Processing file /home/airflow/.local/lib/python3.12/site-packages/airflow/example_dags/example_bash_operator.py for tasks to queue
[2025-01-31T21:09:40.095+0000] {logging_mixin.py:190} INFO - [2025-01-31T21:09:40.095+0000] {dagbag.py:588} INFO - Filling up the DagBag from /home/airflow/.local/lib/python3.12/site-packages/airflow/example_dags/example_bash_operator.py
[2025-01-31T21:09:40.112+0000] {processor.py:925} INFO - DAG(s) 'example_bash_operator' retrieved from /home/airflow/.local/lib/python3.12/site-packages/airflow/example_dags/example_bash_operator.py
[2025-01-31T21:09:40.154+0000] {logging_mixin.py:190} INFO - [2025-01-31T21:09:40.153+0000] {dag.py:3239} INFO - Sync 1 DAGs
[2025-01-31T21:09:40.180+0000] {logging_mixin.py:190} INFO - [2025-01-31T21:09:40.180+0000] {dag.py:4180} INFO - Setting next_dagrun for example_bash_operator to 2025-01-30 00:00:00+00:00, run_after=2025-01-31 00:00:00+00:00
[2025-01-31T21:09:40.196+0000] {processor.py:208} INFO - Processing /home/airflow/.local/lib/python3.12/site-packages/airflow/example_dags/example_bash_operator.py took 0.111 seconds
[2025-01-31T21:10:10.435+0000] {processor.py:186} INFO - Started process (PID=2280) to work on /home/airflow/.local/lib/python3.12/site-packages/airflow/example_dags/example_bash_operator.py
[2025-01-31T21:10:10.436+0000] {processor.py:914} INFO - Processing file /home/airflow/.local/lib/python3.12/site-packages/airflow/example_dags/example_bash_operator.py for tasks to queue
[2025-01-31T21:10:10.438+0000] {logging_mixin.py:190} INFO - [2025-01-31T21:10:10.437+0000] {dagbag.py:588} INFO - Filling up the DagBag from /home/airflow/.local/lib/python3.12/site-packages/airflow/example_dags/example_bash_operator.py
[2025-01-31T21:10:10.451+0000] {processor.py:925} INFO - DAG(s) 'example_bash_operator' retrieved from /home/airflow/.local/lib/python3.12/site-packages/airflow/example_dags/example_bash_operator.py
[2025-01-31T21:10:10.478+0000] {logging_mixin.py:190} INFO - [2025-01-31T21:10:10.478+0000] {dag.py:3239} INFO - Sync 1 DAGs
[2025-01-31T21:10:10.504+0000] {logging_mixin.py:190} INFO - [2025-01-31T21:10:10.503+0000] {dag.py:4180} INFO - Setting next_dagrun for example_bash_operator to 2025-01-30 00:00:00+00:00, run_after=2025-01-31 00:00:00+00:00
[2025-01-31T21:10:10.519+0000] {processor.py:208} INFO - Processing /home/airflow/.local/lib/python3.12/site-packages/airflow/example_dags/example_bash_operator.py took 0.091 seconds
[2025-01-31T21:10:41.175+0000] {processor.py:186} INFO - Started process (PID=2343) to work on /home/airflow/.local/lib/python3.12/site-packages/airflow/example_dags/example_bash_operator.py
[2025-01-31T21:10:41.176+0000] {processor.py:914} INFO - Processing file /home/airflow/.local/lib/python3.12/site-packages/airflow/example_dags/example_bash_operator.py for tasks to queue
[2025-01-31T21:10:41.179+0000] {logging_mixin.py:190} INFO - [2025-01-31T21:10:41.178+0000] {dagbag.py:588} INFO - Filling up the DagBag from /home/airflow/.local/lib/python3.12/site-packages/airflow/example_dags/example_bash_operator.py
[2025-01-31T21:10:41.199+0000] {processor.py:925} INFO - DAG(s) 'example_bash_operator' retrieved from /home/airflow/.local/lib/python3.12/site-packages/airflow/example_dags/example_bash_operator.py
[2025-01-31T21:10:41.227+0000] {logging_mixin.py:190} INFO - [2025-01-31T21:10:41.226+0000] {dag.py:3239} INFO - Sync 1 DAGs
[2025-01-31T21:10:41.252+0000] {logging_mixin.py:190} INFO - [2025-01-31T21:10:41.252+0000] {dag.py:4180} INFO - Setting next_dagrun for example_bash_operator to 2025-01-30 00:00:00+00:00, run_after=2025-01-31 00:00:00+00:00
[2025-01-31T21:10:41.269+0000] {processor.py:208} INFO - Processing /home/airflow/.local/lib/python3.12/site-packages/airflow/example_dags/example_bash_operator.py took 0.100 seconds
[2025-01-31T21:11:11.343+0000] {processor.py:186} INFO - Started process (PID=2406) to work on /home/airflow/.local/lib/python3.12/site-packages/airflow/example_dags/example_bash_operator.py
[2025-01-31T21:11:11.344+0000] {processor.py:914} INFO - Processing file /home/airflow/.local/lib/python3.12/site-packages/airflow/example_dags/example_bash_operator.py for tasks to queue
[2025-01-31T21:11:11.346+0000] {logging_mixin.py:190} INFO - [2025-01-31T21:11:11.346+0000] {dagbag.py:588} INFO - Filling up the DagBag from /home/airflow/.local/lib/python3.12/site-packages/airflow/example_dags/example_bash_operator.py
[2025-01-31T21:11:11.359+0000] {processor.py:925} INFO - DAG(s) 'example_bash_operator' retrieved from /home/airflow/.local/lib/python3.12/site-packages/airflow/example_dags/example_bash_operator.py
[2025-01-31T21:11:11.387+0000] {logging_mixin.py:190} INFO - [2025-01-31T21:11:11.387+0000] {dag.py:3239} INFO - Sync 1 DAGs
[2025-01-31T21:11:11.413+0000] {logging_mixin.py:190} INFO - [2025-01-31T21:11:11.413+0000] {dag.py:4180} INFO - Setting next_dagrun for example_bash_operator to 2025-01-30 00:00:00+00:00, run_after=2025-01-31 00:00:00+00:00
[2025-01-31T21:11:11.429+0000] {processor.py:208} INFO - Processing /home/airflow/.local/lib/python3.12/site-packages/airflow/example_dags/example_bash_operator.py took 0.092 seconds
[2025-01-31T21:11:42.033+0000] {processor.py:186} INFO - Started process (PID=2469) to work on /home/airflow/.local/lib/python3.12/site-packages/airflow/example_dags/example_bash_operator.py
[2025-01-31T21:11:42.034+0000] {processor.py:914} INFO - Processing file /home/airflow/.local/lib/python3.12/site-packages/airflow/example_dags/example_bash_operator.py for tasks to queue
[2025-01-31T21:11:42.036+0000] {logging_mixin.py:190} INFO - [2025-01-31T21:11:42.035+0000] {dagbag.py:588} INFO - Filling up the DagBag from /home/airflow/.local/lib/python3.12/site-packages/airflow/example_dags/example_bash_operator.py
[2025-01-31T21:11:42.045+0000] {processor.py:925} INFO - DAG(s) 'example_bash_operator' retrieved from /home/airflow/.local/lib/python3.12/site-packages/airflow/example_dags/example_bash_operator.py
[2025-01-31T21:11:42.064+0000] {logging_mixin.py:190} INFO - [2025-01-31T21:11:42.064+0000] {dag.py:3239} INFO - Sync 1 DAGs
[2025-01-31T21:11:42.081+0000] {logging_mixin.py:190} INFO - [2025-01-31T21:11:42.081+0000] {dag.py:4180} INFO - Setting next_dagrun for example_bash_operator to 2025-01-30 00:00:00+00:00, run_after=2025-01-31 00:00:00+00:00
[2025-01-31T21:11:42.094+0000] {processor.py:208} INFO - Processing /home/airflow/.local/lib/python3.12/site-packages/airflow/example_dags/example_bash_operator.py took 0.064 seconds
[2025-01-31T21:12:12.590+0000] {processor.py:186} INFO - Started process (PID=2532) to work on /home/airflow/.local/lib/python3.12/site-packages/airflow/example_dags/example_bash_operator.py
[2025-01-31T21:12:12.591+0000] {processor.py:914} INFO - Processing file /home/airflow/.local/lib/python3.12/site-packages/airflow/example_dags/example_bash_operator.py for tasks to queue
[2025-01-31T21:12:12.593+0000] {logging_mixin.py:190} INFO - [2025-01-31T21:12:12.593+0000] {dagbag.py:588} INFO - Filling up the DagBag from /home/airflow/.local/lib/python3.12/site-packages/airflow/example_dags/example_bash_operator.py
[2025-01-31T21:12:12.612+0000] {processor.py:925} INFO - DAG(s) 'example_bash_operator' retrieved from /home/airflow/.local/lib/python3.12/site-packages/airflow/example_dags/example_bash_operator.py
[2025-01-31T21:12:12.642+0000] {logging_mixin.py:190} INFO - [2025-01-31T21:12:12.642+0000] {dag.py:3239} INFO - Sync 1 DAGs
[2025-01-31T21:12:12.669+0000] {logging_mixin.py:190} INFO - [2025-01-31T21:12:12.669+0000] {dag.py:4180} INFO - Setting next_dagrun for example_bash_operator to 2025-01-30 00:00:00+00:00, run_after=2025-01-31 00:00:00+00:00
[2025-01-31T21:12:12.842+0000] {processor.py:208} INFO - Processing /home/airflow/.local/lib/python3.12/site-packages/airflow/example_dags/example_bash_operator.py took 0.259 seconds
[2025-01-31T21:12:43.820+0000] {processor.py:186} INFO - Started process (PID=2596) to work on /home/airflow/.local/lib/python3.12/site-packages/airflow/example_dags/example_bash_operator.py
[2025-01-31T21:12:43.821+0000] {processor.py:914} INFO - Processing file /home/airflow/.local/lib/python3.12/site-packages/airflow/example_dags/example_bash_operator.py for tasks to queue
[2025-01-31T21:12:43.823+0000] {logging_mixin.py:190} INFO - [2025-01-31T21:12:43.822+0000] {dagbag.py:588} INFO - Filling up the DagBag from /home/airflow/.local/lib/python3.12/site-packages/airflow/example_dags/example_bash_operator.py
[2025-01-31T21:12:43.832+0000] {processor.py:925} INFO - DAG(s) 'example_bash_operator' retrieved from /home/airflow/.local/lib/python3.12/site-packages/airflow/example_dags/example_bash_operator.py
[2025-01-31T21:12:43.856+0000] {logging_mixin.py:190} INFO - [2025-01-31T21:12:43.856+0000] {dag.py:3239} INFO - Sync 1 DAGs
[2025-01-31T21:12:43.882+0000] {logging_mixin.py:190} INFO - [2025-01-31T21:12:43.881+0000] {dag.py:4180} INFO - Setting next_dagrun for example_bash_operator to 2025-01-30 00:00:00+00:00, run_after=2025-01-31 00:00:00+00:00
[2025-01-31T21:12:44.113+0000] {processor.py:208} INFO - Processing /home/airflow/.local/lib/python3.12/site-packages/airflow/example_dags/example_bash_operator.py took 0.297 seconds
[2025-01-31T21:13:14.243+0000] {processor.py:186} INFO - Started process (PID=2660) to work on /home/airflow/.local/lib/python3.12/site-packages/airflow/example_dags/example_bash_operator.py
[2025-01-31T21:13:14.252+0000] {processor.py:914} INFO - Processing file /home/airflow/.local/lib/python3.12/site-packages/airflow/example_dags/example_bash_operator.py for tasks to queue
[2025-01-31T21:13:14.260+0000] {logging_mixin.py:190} INFO - [2025-01-31T21:13:14.259+0000] {dagbag.py:588} INFO - Filling up the DagBag from /home/airflow/.local/lib/python3.12/site-packages/airflow/example_dags/example_bash_operator.py
[2025-01-31T21:13:14.287+0000] {processor.py:925} INFO - DAG(s) 'example_bash_operator' retrieved from /home/airflow/.local/lib/python3.12/site-packages/airflow/example_dags/example_bash_operator.py
[2025-01-31T21:13:14.346+0000] {logging_mixin.py:190} INFO - [2025-01-31T21:13:14.346+0000] {dag.py:3239} INFO - Sync 1 DAGs
[2025-01-31T21:13:14.410+0000] {logging_mixin.py:190} INFO - [2025-01-31T21:13:14.410+0000] {dag.py:4180} INFO - Setting next_dagrun for example_bash_operator to 2025-01-30 00:00:00+00:00, run_after=2025-01-31 00:00:00+00:00
[2025-01-31T21:13:14.795+0000] {processor.py:208} INFO - Processing /home/airflow/.local/lib/python3.12/site-packages/airflow/example_dags/example_bash_operator.py took 0.558 seconds
[2025-01-31T21:13:44.829+0000] {processor.py:186} INFO - Started process (PID=2724) to work on /home/airflow/.local/lib/python3.12/site-packages/airflow/example_dags/example_bash_operator.py
[2025-01-31T21:13:44.830+0000] {processor.py:914} INFO - Processing file /home/airflow/.local/lib/python3.12/site-packages/airflow/example_dags/example_bash_operator.py for tasks to queue
[2025-01-31T21:13:44.831+0000] {logging_mixin.py:190} INFO - [2025-01-31T21:13:44.831+0000] {dagbag.py:588} INFO - Filling up the DagBag from /home/airflow/.local/lib/python3.12/site-packages/airflow/example_dags/example_bash_operator.py
[2025-01-31T21:13:44.841+0000] {processor.py:925} INFO - DAG(s) 'example_bash_operator' retrieved from /home/airflow/.local/lib/python3.12/site-packages/airflow/example_dags/example_bash_operator.py
[2025-01-31T21:13:44.860+0000] {logging_mixin.py:190} INFO - [2025-01-31T21:13:44.859+0000] {dag.py:3239} INFO - Sync 1 DAGs
[2025-01-31T21:13:44.876+0000] {logging_mixin.py:190} INFO - [2025-01-31T21:13:44.876+0000] {dag.py:4180} INFO - Setting next_dagrun for example_bash_operator to 2025-01-30 00:00:00+00:00, run_after=2025-01-31 00:00:00+00:00
[2025-01-31T21:13:45.036+0000] {processor.py:208} INFO - Processing /home/airflow/.local/lib/python3.12/site-packages/airflow/example_dags/example_bash_operator.py took 0.211 seconds
[2025-01-31T21:14:15.097+0000] {processor.py:186} INFO - Started process (PID=2786) to work on /home/airflow/.local/lib/python3.12/site-packages/airflow/example_dags/example_bash_operator.py
[2025-01-31T21:14:15.098+0000] {processor.py:914} INFO - Processing file /home/airflow/.local/lib/python3.12/site-packages/airflow/example_dags/example_bash_operator.py for tasks to queue
[2025-01-31T21:14:15.101+0000] {logging_mixin.py:190} INFO - [2025-01-31T21:14:15.101+0000] {dagbag.py:588} INFO - Filling up the DagBag from /home/airflow/.local/lib/python3.12/site-packages/airflow/example_dags/example_bash_operator.py
[2025-01-31T21:14:15.114+0000] {processor.py:925} INFO - DAG(s) 'example_bash_operator' retrieved from /home/airflow/.local/lib/python3.12/site-packages/airflow/example_dags/example_bash_operator.py
[2025-01-31T21:14:15.143+0000] {logging_mixin.py:190} INFO - [2025-01-31T21:14:15.142+0000] {dag.py:3239} INFO - Sync 1 DAGs
[2025-01-31T21:14:15.168+0000] {logging_mixin.py:190} INFO - [2025-01-31T21:14:15.167+0000] {dag.py:4180} INFO - Setting next_dagrun for example_bash_operator to 2025-01-30 00:00:00+00:00, run_after=2025-01-31 00:00:00+00:00
[2025-01-31T21:14:15.373+0000] {processor.py:208} INFO - Processing /home/airflow/.local/lib/python3.12/site-packages/airflow/example_dags/example_bash_operator.py took 0.282 seconds
[2025-01-31T21:14:45.487+0000] {processor.py:186} INFO - Started process (PID=2850) to work on /home/airflow/.local/lib/python3.12/site-packages/airflow/example_dags/example_bash_operator.py
[2025-01-31T21:14:45.492+0000] {processor.py:914} INFO - Processing file /home/airflow/.local/lib/python3.12/site-packages/airflow/example_dags/example_bash_operator.py for tasks to queue
[2025-01-31T21:14:45.497+0000] {logging_mixin.py:190} INFO - [2025-01-31T21:14:45.497+0000] {dagbag.py:588} INFO - Filling up the DagBag from /home/airflow/.local/lib/python3.12/site-packages/airflow/example_dags/example_bash_operator.py
[2025-01-31T21:14:45.527+0000] {processor.py:925} INFO - DAG(s) 'example_bash_operator' retrieved from /home/airflow/.local/lib/python3.12/site-packages/airflow/example_dags/example_bash_operator.py
[2025-01-31T21:14:45.565+0000] {logging_mixin.py:190} INFO - [2025-01-31T21:14:45.565+0000] {dag.py:3239} INFO - Sync 1 DAGs
[2025-01-31T21:14:45.597+0000] {logging_mixin.py:190} INFO - [2025-01-31T21:14:45.597+0000] {dag.py:4180} INFO - Setting next_dagrun for example_bash_operator to 2025-01-30 00:00:00+00:00, run_after=2025-01-31 00:00:00+00:00
[2025-01-31T21:14:45.614+0000] {processor.py:208} INFO - Processing /home/airflow/.local/lib/python3.12/site-packages/airflow/example_dags/example_bash_operator.py took 0.135 seconds
[2025-01-31T21:15:16.435+0000] {processor.py:186} INFO - Started process (PID=2911) to work on /home/airflow/.local/lib/python3.12/site-packages/airflow/example_dags/example_bash_operator.py
[2025-01-31T21:15:16.436+0000] {processor.py:914} INFO - Processing file /home/airflow/.local/lib/python3.12/site-packages/airflow/example_dags/example_bash_operator.py for tasks to queue
[2025-01-31T21:15:16.439+0000] {logging_mixin.py:190} INFO - [2025-01-31T21:15:16.438+0000] {dagbag.py:588} INFO - Filling up the DagBag from /home/airflow/.local/lib/python3.12/site-packages/airflow/example_dags/example_bash_operator.py
[2025-01-31T21:15:16.453+0000] {processor.py:925} INFO - DAG(s) 'example_bash_operator' retrieved from /home/airflow/.local/lib/python3.12/site-packages/airflow/example_dags/example_bash_operator.py
[2025-01-31T21:15:16.483+0000] {logging_mixin.py:190} INFO - [2025-01-31T21:15:16.482+0000] {dag.py:3239} INFO - Sync 1 DAGs
[2025-01-31T21:15:16.507+0000] {logging_mixin.py:190} INFO - [2025-01-31T21:15:16.507+0000] {dag.py:4180} INFO - Setting next_dagrun for example_bash_operator to 2025-01-30 00:00:00+00:00, run_after=2025-01-31 00:00:00+00:00
[2025-01-31T21:15:16.524+0000] {processor.py:208} INFO - Processing /home/airflow/.local/lib/python3.12/site-packages/airflow/example_dags/example_bash_operator.py took 0.096 seconds
[2025-01-31T21:15:47.298+0000] {processor.py:186} INFO - Started process (PID=2973) to work on /home/airflow/.local/lib/python3.12/site-packages/airflow/example_dags/example_bash_operator.py
[2025-01-31T21:15:47.299+0000] {processor.py:914} INFO - Processing file /home/airflow/.local/lib/python3.12/site-packages/airflow/example_dags/example_bash_operator.py for tasks to queue
[2025-01-31T21:15:47.301+0000] {logging_mixin.py:190} INFO - [2025-01-31T21:15:47.301+0000] {dagbag.py:588} INFO - Filling up the DagBag from /home/airflow/.local/lib/python3.12/site-packages/airflow/example_dags/example_bash_operator.py
[2025-01-31T21:15:47.314+0000] {processor.py:925} INFO - DAG(s) 'example_bash_operator' retrieved from /home/airflow/.local/lib/python3.12/site-packages/airflow/example_dags/example_bash_operator.py
[2025-01-31T21:15:47.343+0000] {logging_mixin.py:190} INFO - [2025-01-31T21:15:47.343+0000] {dag.py:3239} INFO - Sync 1 DAGs
[2025-01-31T21:15:47.370+0000] {logging_mixin.py:190} INFO - [2025-01-31T21:15:47.369+0000] {dag.py:4180} INFO - Setting next_dagrun for example_bash_operator to 2025-01-30 00:00:00+00:00, run_after=2025-01-31 00:00:00+00:00
[2025-01-31T21:15:47.386+0000] {processor.py:208} INFO - Processing /home/airflow/.local/lib/python3.12/site-packages/airflow/example_dags/example_bash_operator.py took 0.097 seconds
[2025-01-31T21:16:18.739+0000] {processor.py:186} INFO - Started process (PID=3037) to work on /home/airflow/.local/lib/python3.12/site-packages/airflow/example_dags/example_bash_operator.py
[2025-01-31T21:16:18.739+0000] {processor.py:914} INFO - Processing file /home/airflow/.local/lib/python3.12/site-packages/airflow/example_dags/example_bash_operator.py for tasks to queue
[2025-01-31T21:16:18.741+0000] {logging_mixin.py:190} INFO - [2025-01-31T21:16:18.741+0000] {dagbag.py:588} INFO - Filling up the DagBag from /home/airflow/.local/lib/python3.12/site-packages/airflow/example_dags/example_bash_operator.py
[2025-01-31T21:16:18.751+0000] {processor.py:925} INFO - DAG(s) 'example_bash_operator' retrieved from /home/airflow/.local/lib/python3.12/site-packages/airflow/example_dags/example_bash_operator.py
[2025-01-31T21:16:18.771+0000] {logging_mixin.py:190} INFO - [2025-01-31T21:16:18.770+0000] {dag.py:3239} INFO - Sync 1 DAGs
[2025-01-31T21:16:18.788+0000] {logging_mixin.py:190} INFO - [2025-01-31T21:16:18.788+0000] {dag.py:4180} INFO - Setting next_dagrun for example_bash_operator to 2025-01-30 00:00:00+00:00, run_after=2025-01-31 00:00:00+00:00
[2025-01-31T21:16:18.801+0000] {processor.py:208} INFO - Processing /home/airflow/.local/lib/python3.12/site-packages/airflow/example_dags/example_bash_operator.py took 0.067 seconds
[2025-01-31T21:16:49.398+0000] {processor.py:186} INFO - Started process (PID=3100) to work on /home/airflow/.local/lib/python3.12/site-packages/airflow/example_dags/example_bash_operator.py
[2025-01-31T21:16:49.399+0000] {processor.py:914} INFO - Processing file /home/airflow/.local/lib/python3.12/site-packages/airflow/example_dags/example_bash_operator.py for tasks to queue
[2025-01-31T21:16:49.402+0000] {logging_mixin.py:190} INFO - [2025-01-31T21:16:49.401+0000] {dagbag.py:588} INFO - Filling up the DagBag from /home/airflow/.local/lib/python3.12/site-packages/airflow/example_dags/example_bash_operator.py
[2025-01-31T21:16:49.416+0000] {processor.py:925} INFO - DAG(s) 'example_bash_operator' retrieved from /home/airflow/.local/lib/python3.12/site-packages/airflow/example_dags/example_bash_operator.py
[2025-01-31T21:16:49.446+0000] {logging_mixin.py:190} INFO - [2025-01-31T21:16:49.445+0000] {dag.py:3239} INFO - Sync 1 DAGs
[2025-01-31T21:16:49.471+0000] {logging_mixin.py:190} INFO - [2025-01-31T21:16:49.471+0000] {dag.py:4180} INFO - Setting next_dagrun for example_bash_operator to 2025-01-30 00:00:00+00:00, run_after=2025-01-31 00:00:00+00:00
[2025-01-31T21:16:49.487+0000] {processor.py:208} INFO - Processing /home/airflow/.local/lib/python3.12/site-packages/airflow/example_dags/example_bash_operator.py took 0.095 seconds
[2025-01-31T21:17:20.086+0000] {processor.py:186} INFO - Started process (PID=3169) to work on /home/airflow/.local/lib/python3.12/site-packages/airflow/example_dags/example_bash_operator.py
[2025-01-31T21:17:20.086+0000] {processor.py:914} INFO - Processing file /home/airflow/.local/lib/python3.12/site-packages/airflow/example_dags/example_bash_operator.py for tasks to queue
[2025-01-31T21:17:20.089+0000] {logging_mixin.py:190} INFO - [2025-01-31T21:17:20.088+0000] {dagbag.py:588} INFO - Filling up the DagBag from /home/airflow/.local/lib/python3.12/site-packages/airflow/example_dags/example_bash_operator.py
[2025-01-31T21:17:20.102+0000] {processor.py:925} INFO - DAG(s) 'example_bash_operator' retrieved from /home/airflow/.local/lib/python3.12/site-packages/airflow/example_dags/example_bash_operator.py
[2025-01-31T21:17:20.131+0000] {logging_mixin.py:190} INFO - [2025-01-31T21:17:20.131+0000] {dag.py:3239} INFO - Sync 1 DAGs
[2025-01-31T21:17:20.157+0000] {logging_mixin.py:190} INFO - [2025-01-31T21:17:20.157+0000] {dag.py:4180} INFO - Setting next_dagrun for example_bash_operator to 2025-01-30 00:00:00+00:00, run_after=2025-01-31 00:00:00+00:00
[2025-01-31T21:17:20.174+0000] {processor.py:208} INFO - Processing /home/airflow/.local/lib/python3.12/site-packages/airflow/example_dags/example_bash_operator.py took 0.094 seconds
[2025-01-31T21:17:50.810+0000] {processor.py:186} INFO - Started process (PID=3231) to work on /home/airflow/.local/lib/python3.12/site-packages/airflow/example_dags/example_bash_operator.py
[2025-01-31T21:17:50.811+0000] {processor.py:914} INFO - Processing file /home/airflow/.local/lib/python3.12/site-packages/airflow/example_dags/example_bash_operator.py for tasks to queue
[2025-01-31T21:17:50.813+0000] {logging_mixin.py:190} INFO - [2025-01-31T21:17:50.812+0000] {dagbag.py:588} INFO - Filling up the DagBag from /home/airflow/.local/lib/python3.12/site-packages/airflow/example_dags/example_bash_operator.py
[2025-01-31T21:17:50.822+0000] {processor.py:925} INFO - DAG(s) 'example_bash_operator' retrieved from /home/airflow/.local/lib/python3.12/site-packages/airflow/example_dags/example_bash_operator.py
[2025-01-31T21:17:50.841+0000] {logging_mixin.py:190} INFO - [2025-01-31T21:17:50.841+0000] {dag.py:3239} INFO - Sync 1 DAGs
[2025-01-31T21:17:50.858+0000] {logging_mixin.py:190} INFO - [2025-01-31T21:17:50.858+0000] {dag.py:4180} INFO - Setting next_dagrun for example_bash_operator to 2025-01-30 00:00:00+00:00, run_after=2025-01-31 00:00:00+00:00
[2025-01-31T21:17:50.870+0000] {processor.py:208} INFO - Processing /home/airflow/.local/lib/python3.12/site-packages/airflow/example_dags/example_bash_operator.py took 0.064 seconds
[2025-01-31T21:18:23.933+0000] {processor.py:186} INFO - Started process (PID=3294) to work on /home/airflow/.local/lib/python3.12/site-packages/airflow/example_dags/example_bash_operator.py
[2025-01-31T21:18:23.934+0000] {processor.py:914} INFO - Processing file /home/airflow/.local/lib/python3.12/site-packages/airflow/example_dags/example_bash_operator.py for tasks to queue
[2025-01-31T21:18:23.937+0000] {logging_mixin.py:190} INFO - [2025-01-31T21:18:23.936+0000] {dagbag.py:588} INFO - Filling up the DagBag from /home/airflow/.local/lib/python3.12/site-packages/airflow/example_dags/example_bash_operator.py
[2025-01-31T21:18:23.999+0000] {processor.py:925} INFO - DAG(s) 'example_bash_operator' retrieved from /home/airflow/.local/lib/python3.12/site-packages/airflow/example_dags/example_bash_operator.py
[2025-01-31T21:18:24.081+0000] {logging_mixin.py:190} INFO - [2025-01-31T21:18:24.080+0000] {dag.py:3239} INFO - Sync 1 DAGs
[2025-01-31T21:18:24.153+0000] {logging_mixin.py:190} INFO - [2025-01-31T21:18:24.153+0000] {dag.py:4180} INFO - Setting next_dagrun for example_bash_operator to 2025-01-30 00:00:00+00:00, run_after=2025-01-31 00:00:00+00:00
[2025-01-31T21:18:24.197+0000] {processor.py:208} INFO - Processing /home/airflow/.local/lib/python3.12/site-packages/airflow/example_dags/example_bash_operator.py took 0.298 seconds
