[2025-01-31T20:52:15.087+0000] {processor.py:186} INFO - Started process (PID=70) to work on /home/airflow/.local/lib/python3.12/site-packages/airflow/example_dags/example_branch_python_dop_operator_3.py
[2025-01-31T20:52:15.100+0000] {processor.py:914} INFO - Processing file /home/airflow/.local/lib/python3.12/site-packages/airflow/example_dags/example_branch_python_dop_operator_3.py for tasks to queue
[2025-01-31T20:52:15.109+0000] {logging_mixin.py:190} INFO - [2025-01-31T20:52:15.109+0000] {dagbag.py:588} INFO - Filling up the DagBag from /home/airflow/.local/lib/python3.12/site-packages/airflow/example_dags/example_branch_python_dop_operator_3.py
[2025-01-31T20:52:15.140+0000] {processor.py:925} INFO - DAG(s) 'example_branch_dop_operator_v3' retrieved from /home/airflow/.local/lib/python3.12/site-packages/airflow/example_dags/example_branch_python_dop_operator_3.py
[2025-01-31T20:52:15.349+0000] {logging_mixin.py:190} INFO - [2025-01-31T20:52:15.348+0000] {override.py:1911} INFO - Created Permission View: can delete on DAG:example_branch_dop_operator_v3
[2025-01-31T20:52:15.367+0000] {logging_mixin.py:190} INFO - [2025-01-31T20:52:15.367+0000] {override.py:1911} INFO - Created Permission View: can edit on DAG:example_branch_dop_operator_v3
[2025-01-31T20:52:15.374+0000] {logging_mixin.py:190} INFO - [2025-01-31T20:52:15.374+0000] {override.py:1911} INFO - Created Permission View: can read on DAG:example_branch_dop_operator_v3
[2025-01-31T20:52:15.383+0000] {logging_mixin.py:190} INFO - [2025-01-31T20:52:15.383+0000] {override.py:1911} INFO - Created Permission View: menu access on DAG Run:example_branch_dop_operator_v3
[2025-01-31T20:52:15.395+0000] {logging_mixin.py:190} INFO - [2025-01-31T20:52:15.395+0000] {override.py:1911} INFO - Created Permission View: can delete on DAG Run:example_branch_dop_operator_v3
[2025-01-31T20:52:15.409+0000] {logging_mixin.py:190} INFO - [2025-01-31T20:52:15.409+0000] {override.py:1911} INFO - Created Permission View: can create on DAG Run:example_branch_dop_operator_v3
[2025-01-31T20:52:15.417+0000] {logging_mixin.py:190} INFO - [2025-01-31T20:52:15.416+0000] {override.py:1911} INFO - Created Permission View: can read on DAG Run:example_branch_dop_operator_v3
[2025-01-31T20:52:15.417+0000] {logging_mixin.py:190} INFO - [2025-01-31T20:52:15.417+0000] {dag.py:3239} INFO - Sync 1 DAGs
[2025-01-31T20:52:15.445+0000] {logging_mixin.py:190} INFO - [2025-01-31T20:52:15.445+0000] {dag.py:3262} INFO - Creating ORM DAG for example_branch_dop_operator_v3
[2025-01-31T20:52:15.469+0000] {logging_mixin.py:190} INFO - [2025-01-31T20:52:15.469+0000] {dag.py:4180} INFO - Setting next_dagrun for example_branch_dop_operator_v3 to 2025-01-31 20:51:00+00:00, run_after=2025-01-31 20:52:00+00:00
[2025-01-31T20:52:15.497+0000] {processor.py:208} INFO - Processing /home/airflow/.local/lib/python3.12/site-packages/airflow/example_dags/example_branch_python_dop_operator_3.py took 0.423 seconds
[2025-01-31T20:52:46.368+0000] {processor.py:186} INFO - Started process (PID=132) to work on /home/airflow/.local/lib/python3.12/site-packages/airflow/example_dags/example_branch_python_dop_operator_3.py
[2025-01-31T20:52:46.370+0000] {processor.py:914} INFO - Processing file /home/airflow/.local/lib/python3.12/site-packages/airflow/example_dags/example_branch_python_dop_operator_3.py for tasks to queue
[2025-01-31T20:52:46.374+0000] {logging_mixin.py:190} INFO - [2025-01-31T20:52:46.373+0000] {dagbag.py:588} INFO - Filling up the DagBag from /home/airflow/.local/lib/python3.12/site-packages/airflow/example_dags/example_branch_python_dop_operator_3.py
[2025-01-31T20:52:46.390+0000] {processor.py:925} INFO - DAG(s) 'example_branch_dop_operator_v3' retrieved from /home/airflow/.local/lib/python3.12/site-packages/airflow/example_dags/example_branch_python_dop_operator_3.py
[2025-01-31T20:52:46.416+0000] {logging_mixin.py:190} INFO - [2025-01-31T20:52:46.416+0000] {dag.py:3239} INFO - Sync 1 DAGs
[2025-01-31T20:52:46.451+0000] {logging_mixin.py:190} INFO - [2025-01-31T20:52:46.450+0000] {dag.py:4180} INFO - Setting next_dagrun for example_branch_dop_operator_v3 to 2025-01-31 20:51:00+00:00, run_after=2025-01-31 20:52:00+00:00
[2025-01-31T20:52:46.470+0000] {processor.py:208} INFO - Processing /home/airflow/.local/lib/python3.12/site-packages/airflow/example_dags/example_branch_python_dop_operator_3.py took 0.109 seconds
[2025-01-31T20:53:16.527+0000] {processor.py:186} INFO - Started process (PID=195) to work on /home/airflow/.local/lib/python3.12/site-packages/airflow/example_dags/example_branch_python_dop_operator_3.py
[2025-01-31T20:53:16.527+0000] {processor.py:914} INFO - Processing file /home/airflow/.local/lib/python3.12/site-packages/airflow/example_dags/example_branch_python_dop_operator_3.py for tasks to queue
[2025-01-31T20:53:16.529+0000] {logging_mixin.py:190} INFO - [2025-01-31T20:53:16.529+0000] {dagbag.py:588} INFO - Filling up the DagBag from /home/airflow/.local/lib/python3.12/site-packages/airflow/example_dags/example_branch_python_dop_operator_3.py
[2025-01-31T20:53:16.538+0000] {processor.py:925} INFO - DAG(s) 'example_branch_dop_operator_v3' retrieved from /home/airflow/.local/lib/python3.12/site-packages/airflow/example_dags/example_branch_python_dop_operator_3.py
[2025-01-31T20:53:16.553+0000] {logging_mixin.py:190} INFO - [2025-01-31T20:53:16.552+0000] {dag.py:3239} INFO - Sync 1 DAGs
[2025-01-31T20:53:16.571+0000] {logging_mixin.py:190} INFO - [2025-01-31T20:53:16.570+0000] {dag.py:4180} INFO - Setting next_dagrun for example_branch_dop_operator_v3 to 2025-01-31 20:52:00+00:00, run_after=2025-01-31 20:53:00+00:00
[2025-01-31T20:53:16.582+0000] {processor.py:208} INFO - Processing /home/airflow/.local/lib/python3.12/site-packages/airflow/example_dags/example_branch_python_dop_operator_3.py took 0.060 seconds
[2025-01-31T20:53:46.956+0000] {processor.py:186} INFO - Started process (PID=249) to work on /home/airflow/.local/lib/python3.12/site-packages/airflow/example_dags/example_branch_python_dop_operator_3.py
[2025-01-31T20:53:46.957+0000] {processor.py:914} INFO - Processing file /home/airflow/.local/lib/python3.12/site-packages/airflow/example_dags/example_branch_python_dop_operator_3.py for tasks to queue
[2025-01-31T20:53:46.959+0000] {logging_mixin.py:190} INFO - [2025-01-31T20:53:46.959+0000] {dagbag.py:588} INFO - Filling up the DagBag from /home/airflow/.local/lib/python3.12/site-packages/airflow/example_dags/example_branch_python_dop_operator_3.py
[2025-01-31T20:53:46.966+0000] {processor.py:925} INFO - DAG(s) 'example_branch_dop_operator_v3' retrieved from /home/airflow/.local/lib/python3.12/site-packages/airflow/example_dags/example_branch_python_dop_operator_3.py
[2025-01-31T20:53:46.980+0000] {logging_mixin.py:190} INFO - [2025-01-31T20:53:46.980+0000] {dag.py:3239} INFO - Sync 1 DAGs
[2025-01-31T20:53:46.999+0000] {logging_mixin.py:190} INFO - [2025-01-31T20:53:46.999+0000] {dag.py:4180} INFO - Setting next_dagrun for example_branch_dop_operator_v3 to 2025-01-31 20:52:00+00:00, run_after=2025-01-31 20:53:00+00:00
[2025-01-31T20:53:47.012+0000] {processor.py:208} INFO - Processing /home/airflow/.local/lib/python3.12/site-packages/airflow/example_dags/example_branch_python_dop_operator_3.py took 0.060 seconds
[2025-01-31T20:54:17.613+0000] {processor.py:186} INFO - Started process (PID=308) to work on /home/airflow/.local/lib/python3.12/site-packages/airflow/example_dags/example_branch_python_dop_operator_3.py
[2025-01-31T20:54:17.614+0000] {processor.py:914} INFO - Processing file /home/airflow/.local/lib/python3.12/site-packages/airflow/example_dags/example_branch_python_dop_operator_3.py for tasks to queue
[2025-01-31T20:54:17.615+0000] {logging_mixin.py:190} INFO - [2025-01-31T20:54:17.615+0000] {dagbag.py:588} INFO - Filling up the DagBag from /home/airflow/.local/lib/python3.12/site-packages/airflow/example_dags/example_branch_python_dop_operator_3.py
[2025-01-31T20:54:17.626+0000] {processor.py:925} INFO - DAG(s) 'example_branch_dop_operator_v3' retrieved from /home/airflow/.local/lib/python3.12/site-packages/airflow/example_dags/example_branch_python_dop_operator_3.py
[2025-01-31T20:54:17.644+0000] {logging_mixin.py:190} INFO - [2025-01-31T20:54:17.644+0000] {dag.py:3239} INFO - Sync 1 DAGs
[2025-01-31T20:54:17.671+0000] {logging_mixin.py:190} INFO - [2025-01-31T20:54:17.671+0000] {dag.py:4180} INFO - Setting next_dagrun for example_branch_dop_operator_v3 to 2025-01-31 20:53:00+00:00, run_after=2025-01-31 20:54:00+00:00
[2025-01-31T20:54:17.688+0000] {processor.py:208} INFO - Processing /home/airflow/.local/lib/python3.12/site-packages/airflow/example_dags/example_branch_python_dop_operator_3.py took 0.081 seconds
[2025-01-31T20:54:49.346+0000] {processor.py:186} INFO - Started process (PID=372) to work on /home/airflow/.local/lib/python3.12/site-packages/airflow/example_dags/example_branch_python_dop_operator_3.py
[2025-01-31T20:54:49.348+0000] {processor.py:914} INFO - Processing file /home/airflow/.local/lib/python3.12/site-packages/airflow/example_dags/example_branch_python_dop_operator_3.py for tasks to queue
[2025-01-31T20:54:49.353+0000] {logging_mixin.py:190} INFO - [2025-01-31T20:54:49.353+0000] {dagbag.py:588} INFO - Filling up the DagBag from /home/airflow/.local/lib/python3.12/site-packages/airflow/example_dags/example_branch_python_dop_operator_3.py
[2025-01-31T20:54:49.382+0000] {processor.py:925} INFO - DAG(s) 'example_branch_dop_operator_v3' retrieved from /home/airflow/.local/lib/python3.12/site-packages/airflow/example_dags/example_branch_python_dop_operator_3.py
[2025-01-31T20:54:49.437+0000] {logging_mixin.py:190} INFO - [2025-01-31T20:54:49.436+0000] {dag.py:3239} INFO - Sync 1 DAGs
[2025-01-31T20:54:49.517+0000] {logging_mixin.py:190} INFO - [2025-01-31T20:54:49.517+0000] {dag.py:4180} INFO - Setting next_dagrun for example_branch_dop_operator_v3 to 2025-01-31 20:53:00+00:00, run_after=2025-01-31 20:54:00+00:00
[2025-01-31T20:54:49.580+0000] {processor.py:208} INFO - Processing /home/airflow/.local/lib/python3.12/site-packages/airflow/example_dags/example_branch_python_dop_operator_3.py took 0.253 seconds
[2025-01-31T20:55:20.032+0000] {processor.py:186} INFO - Started process (PID=435) to work on /home/airflow/.local/lib/python3.12/site-packages/airflow/example_dags/example_branch_python_dop_operator_3.py
[2025-01-31T20:55:20.033+0000] {processor.py:914} INFO - Processing file /home/airflow/.local/lib/python3.12/site-packages/airflow/example_dags/example_branch_python_dop_operator_3.py for tasks to queue
[2025-01-31T20:55:20.035+0000] {logging_mixin.py:190} INFO - [2025-01-31T20:55:20.035+0000] {dagbag.py:588} INFO - Filling up the DagBag from /home/airflow/.local/lib/python3.12/site-packages/airflow/example_dags/example_branch_python_dop_operator_3.py
[2025-01-31T20:55:20.045+0000] {processor.py:925} INFO - DAG(s) 'example_branch_dop_operator_v3' retrieved from /home/airflow/.local/lib/python3.12/site-packages/airflow/example_dags/example_branch_python_dop_operator_3.py
[2025-01-31T20:55:20.063+0000] {logging_mixin.py:190} INFO - [2025-01-31T20:55:20.063+0000] {dag.py:3239} INFO - Sync 1 DAGs
[2025-01-31T20:55:20.093+0000] {logging_mixin.py:190} INFO - [2025-01-31T20:55:20.092+0000] {dag.py:4180} INFO - Setting next_dagrun for example_branch_dop_operator_v3 to 2025-01-31 20:54:00+00:00, run_after=2025-01-31 20:55:00+00:00
[2025-01-31T20:55:20.110+0000] {processor.py:208} INFO - Processing /home/airflow/.local/lib/python3.12/site-packages/airflow/example_dags/example_branch_python_dop_operator_3.py took 0.083 seconds
[2025-01-31T20:55:50.710+0000] {processor.py:186} INFO - Started process (PID=499) to work on /home/airflow/.local/lib/python3.12/site-packages/airflow/example_dags/example_branch_python_dop_operator_3.py
[2025-01-31T20:55:50.711+0000] {processor.py:914} INFO - Processing file /home/airflow/.local/lib/python3.12/site-packages/airflow/example_dags/example_branch_python_dop_operator_3.py for tasks to queue
[2025-01-31T20:55:50.713+0000] {logging_mixin.py:190} INFO - [2025-01-31T20:55:50.713+0000] {dagbag.py:588} INFO - Filling up the DagBag from /home/airflow/.local/lib/python3.12/site-packages/airflow/example_dags/example_branch_python_dop_operator_3.py
[2025-01-31T20:55:50.724+0000] {processor.py:925} INFO - DAG(s) 'example_branch_dop_operator_v3' retrieved from /home/airflow/.local/lib/python3.12/site-packages/airflow/example_dags/example_branch_python_dop_operator_3.py
[2025-01-31T20:55:50.742+0000] {logging_mixin.py:190} INFO - [2025-01-31T20:55:50.742+0000] {dag.py:3239} INFO - Sync 1 DAGs
[2025-01-31T20:55:50.770+0000] {logging_mixin.py:190} INFO - [2025-01-31T20:55:50.770+0000] {dag.py:4180} INFO - Setting next_dagrun for example_branch_dop_operator_v3 to 2025-01-31 20:54:00+00:00, run_after=2025-01-31 20:55:00+00:00
[2025-01-31T20:55:50.785+0000] {processor.py:208} INFO - Processing /home/airflow/.local/lib/python3.12/site-packages/airflow/example_dags/example_branch_python_dop_operator_3.py took 0.080 seconds
[2025-01-31T20:56:21.107+0000] {processor.py:186} INFO - Started process (PID=562) to work on /home/airflow/.local/lib/python3.12/site-packages/airflow/example_dags/example_branch_python_dop_operator_3.py
[2025-01-31T20:56:21.107+0000] {processor.py:914} INFO - Processing file /home/airflow/.local/lib/python3.12/site-packages/airflow/example_dags/example_branch_python_dop_operator_3.py for tasks to queue
[2025-01-31T20:56:21.109+0000] {logging_mixin.py:190} INFO - [2025-01-31T20:56:21.109+0000] {dagbag.py:588} INFO - Filling up the DagBag from /home/airflow/.local/lib/python3.12/site-packages/airflow/example_dags/example_branch_python_dop_operator_3.py
[2025-01-31T20:56:21.132+0000] {processor.py:925} INFO - DAG(s) 'example_branch_dop_operator_v3' retrieved from /home/airflow/.local/lib/python3.12/site-packages/airflow/example_dags/example_branch_python_dop_operator_3.py
[2025-01-31T20:56:21.150+0000] {logging_mixin.py:190} INFO - [2025-01-31T20:56:21.150+0000] {dag.py:3239} INFO - Sync 1 DAGs
[2025-01-31T20:56:21.178+0000] {logging_mixin.py:190} INFO - [2025-01-31T20:56:21.178+0000] {dag.py:4180} INFO - Setting next_dagrun for example_branch_dop_operator_v3 to 2025-01-31 20:55:00+00:00, run_after=2025-01-31 20:56:00+00:00
[2025-01-31T20:56:21.193+0000] {processor.py:208} INFO - Processing /home/airflow/.local/lib/python3.12/site-packages/airflow/example_dags/example_branch_python_dop_operator_3.py took 0.092 seconds
[2025-01-31T20:56:51.837+0000] {processor.py:186} INFO - Started process (PID=624) to work on /home/airflow/.local/lib/python3.12/site-packages/airflow/example_dags/example_branch_python_dop_operator_3.py
[2025-01-31T20:56:51.837+0000] {processor.py:914} INFO - Processing file /home/airflow/.local/lib/python3.12/site-packages/airflow/example_dags/example_branch_python_dop_operator_3.py for tasks to queue
[2025-01-31T20:56:51.839+0000] {logging_mixin.py:190} INFO - [2025-01-31T20:56:51.839+0000] {dagbag.py:588} INFO - Filling up the DagBag from /home/airflow/.local/lib/python3.12/site-packages/airflow/example_dags/example_branch_python_dop_operator_3.py
[2025-01-31T20:56:51.849+0000] {processor.py:925} INFO - DAG(s) 'example_branch_dop_operator_v3' retrieved from /home/airflow/.local/lib/python3.12/site-packages/airflow/example_dags/example_branch_python_dop_operator_3.py
[2025-01-31T20:56:51.867+0000] {logging_mixin.py:190} INFO - [2025-01-31T20:56:51.866+0000] {dag.py:3239} INFO - Sync 1 DAGs
[2025-01-31T20:56:51.894+0000] {logging_mixin.py:190} INFO - [2025-01-31T20:56:51.893+0000] {dag.py:4180} INFO - Setting next_dagrun for example_branch_dop_operator_v3 to 2025-01-31 20:55:00+00:00, run_after=2025-01-31 20:56:00+00:00
[2025-01-31T20:56:51.910+0000] {processor.py:208} INFO - Processing /home/airflow/.local/lib/python3.12/site-packages/airflow/example_dags/example_branch_python_dop_operator_3.py took 0.079 seconds
[2025-01-31T20:57:22.263+0000] {processor.py:186} INFO - Started process (PID=688) to work on /home/airflow/.local/lib/python3.12/site-packages/airflow/example_dags/example_branch_python_dop_operator_3.py
[2025-01-31T20:57:22.263+0000] {processor.py:914} INFO - Processing file /home/airflow/.local/lib/python3.12/site-packages/airflow/example_dags/example_branch_python_dop_operator_3.py for tasks to queue
[2025-01-31T20:57:22.268+0000] {logging_mixin.py:190} INFO - [2025-01-31T20:57:22.268+0000] {dagbag.py:588} INFO - Filling up the DagBag from /home/airflow/.local/lib/python3.12/site-packages/airflow/example_dags/example_branch_python_dop_operator_3.py
[2025-01-31T20:57:22.284+0000] {processor.py:925} INFO - DAG(s) 'example_branch_dop_operator_v3' retrieved from /home/airflow/.local/lib/python3.12/site-packages/airflow/example_dags/example_branch_python_dop_operator_3.py
[2025-01-31T20:57:22.302+0000] {logging_mixin.py:190} INFO - [2025-01-31T20:57:22.302+0000] {dag.py:3239} INFO - Sync 1 DAGs
[2025-01-31T20:57:22.330+0000] {logging_mixin.py:190} INFO - [2025-01-31T20:57:22.330+0000] {dag.py:4180} INFO - Setting next_dagrun for example_branch_dop_operator_v3 to 2025-01-31 20:56:00+00:00, run_after=2025-01-31 20:57:00+00:00
[2025-01-31T20:57:22.347+0000] {processor.py:208} INFO - Processing /home/airflow/.local/lib/python3.12/site-packages/airflow/example_dags/example_branch_python_dop_operator_3.py took 0.099 seconds
[2025-01-31T20:57:53.127+0000] {processor.py:186} INFO - Started process (PID=752) to work on /home/airflow/.local/lib/python3.12/site-packages/airflow/example_dags/example_branch_python_dop_operator_3.py
[2025-01-31T20:57:53.128+0000] {processor.py:914} INFO - Processing file /home/airflow/.local/lib/python3.12/site-packages/airflow/example_dags/example_branch_python_dop_operator_3.py for tasks to queue
[2025-01-31T20:57:53.133+0000] {logging_mixin.py:190} INFO - [2025-01-31T20:57:53.132+0000] {dagbag.py:588} INFO - Filling up the DagBag from /home/airflow/.local/lib/python3.12/site-packages/airflow/example_dags/example_branch_python_dop_operator_3.py
[2025-01-31T20:57:53.142+0000] {processor.py:925} INFO - DAG(s) 'example_branch_dop_operator_v3' retrieved from /home/airflow/.local/lib/python3.12/site-packages/airflow/example_dags/example_branch_python_dop_operator_3.py
[2025-01-31T20:57:53.160+0000] {logging_mixin.py:190} INFO - [2025-01-31T20:57:53.160+0000] {dag.py:3239} INFO - Sync 1 DAGs
[2025-01-31T20:57:53.193+0000] {logging_mixin.py:190} INFO - [2025-01-31T20:57:53.193+0000] {dag.py:4180} INFO - Setting next_dagrun for example_branch_dop_operator_v3 to 2025-01-31 20:56:00+00:00, run_after=2025-01-31 20:57:00+00:00
[2025-01-31T20:57:53.208+0000] {processor.py:208} INFO - Processing /home/airflow/.local/lib/python3.12/site-packages/airflow/example_dags/example_branch_python_dop_operator_3.py took 0.086 seconds
[2025-01-31T20:58:23.916+0000] {processor.py:186} INFO - Started process (PID=815) to work on /home/airflow/.local/lib/python3.12/site-packages/airflow/example_dags/example_branch_python_dop_operator_3.py
[2025-01-31T20:58:23.917+0000] {processor.py:914} INFO - Processing file /home/airflow/.local/lib/python3.12/site-packages/airflow/example_dags/example_branch_python_dop_operator_3.py for tasks to queue
[2025-01-31T20:58:23.919+0000] {logging_mixin.py:190} INFO - [2025-01-31T20:58:23.918+0000] {dagbag.py:588} INFO - Filling up the DagBag from /home/airflow/.local/lib/python3.12/site-packages/airflow/example_dags/example_branch_python_dop_operator_3.py
[2025-01-31T20:58:23.929+0000] {processor.py:925} INFO - DAG(s) 'example_branch_dop_operator_v3' retrieved from /home/airflow/.local/lib/python3.12/site-packages/airflow/example_dags/example_branch_python_dop_operator_3.py
[2025-01-31T20:58:23.946+0000] {logging_mixin.py:190} INFO - [2025-01-31T20:58:23.946+0000] {dag.py:3239} INFO - Sync 1 DAGs
[2025-01-31T20:58:23.973+0000] {logging_mixin.py:190} INFO - [2025-01-31T20:58:23.973+0000] {dag.py:4180} INFO - Setting next_dagrun for example_branch_dop_operator_v3 to 2025-01-31 20:57:00+00:00, run_after=2025-01-31 20:58:00+00:00
[2025-01-31T20:58:23.988+0000] {processor.py:208} INFO - Processing /home/airflow/.local/lib/python3.12/site-packages/airflow/example_dags/example_branch_python_dop_operator_3.py took 0.078 seconds
[2025-01-31T20:58:54.857+0000] {processor.py:186} INFO - Started process (PID=877) to work on /home/airflow/.local/lib/python3.12/site-packages/airflow/example_dags/example_branch_python_dop_operator_3.py
[2025-01-31T20:58:54.858+0000] {processor.py:914} INFO - Processing file /home/airflow/.local/lib/python3.12/site-packages/airflow/example_dags/example_branch_python_dop_operator_3.py for tasks to queue
[2025-01-31T20:58:54.860+0000] {logging_mixin.py:190} INFO - [2025-01-31T20:58:54.859+0000] {dagbag.py:588} INFO - Filling up the DagBag from /home/airflow/.local/lib/python3.12/site-packages/airflow/example_dags/example_branch_python_dop_operator_3.py
[2025-01-31T20:58:54.869+0000] {processor.py:925} INFO - DAG(s) 'example_branch_dop_operator_v3' retrieved from /home/airflow/.local/lib/python3.12/site-packages/airflow/example_dags/example_branch_python_dop_operator_3.py
[2025-01-31T20:58:54.887+0000] {logging_mixin.py:190} INFO - [2025-01-31T20:58:54.887+0000] {dag.py:3239} INFO - Sync 1 DAGs
[2025-01-31T20:58:54.923+0000] {logging_mixin.py:190} INFO - [2025-01-31T20:58:54.922+0000] {dag.py:4180} INFO - Setting next_dagrun for example_branch_dop_operator_v3 to 2025-01-31 20:57:00+00:00, run_after=2025-01-31 20:58:00+00:00
[2025-01-31T20:58:54.950+0000] {processor.py:208} INFO - Processing /home/airflow/.local/lib/python3.12/site-packages/airflow/example_dags/example_branch_python_dop_operator_3.py took 0.099 seconds
[2025-01-31T20:59:25.232+0000] {processor.py:186} INFO - Started process (PID=941) to work on /home/airflow/.local/lib/python3.12/site-packages/airflow/example_dags/example_branch_python_dop_operator_3.py
[2025-01-31T20:59:25.234+0000] {processor.py:914} INFO - Processing file /home/airflow/.local/lib/python3.12/site-packages/airflow/example_dags/example_branch_python_dop_operator_3.py for tasks to queue
[2025-01-31T20:59:25.239+0000] {logging_mixin.py:190} INFO - [2025-01-31T20:59:25.238+0000] {dagbag.py:588} INFO - Filling up the DagBag from /home/airflow/.local/lib/python3.12/site-packages/airflow/example_dags/example_branch_python_dop_operator_3.py
[2025-01-31T20:59:25.275+0000] {processor.py:925} INFO - DAG(s) 'example_branch_dop_operator_v3' retrieved from /home/airflow/.local/lib/python3.12/site-packages/airflow/example_dags/example_branch_python_dop_operator_3.py
[2025-01-31T20:59:25.377+0000] {logging_mixin.py:190} INFO - [2025-01-31T20:59:25.377+0000] {dag.py:3239} INFO - Sync 1 DAGs
[2025-01-31T20:59:25.514+0000] {logging_mixin.py:190} INFO - [2025-01-31T20:59:25.513+0000] {dag.py:4180} INFO - Setting next_dagrun for example_branch_dop_operator_v3 to 2025-01-31 20:58:00+00:00, run_after=2025-01-31 20:59:00+00:00
[2025-01-31T20:59:25.561+0000] {processor.py:208} INFO - Processing /home/airflow/.local/lib/python3.12/site-packages/airflow/example_dags/example_branch_python_dop_operator_3.py took 0.361 seconds
[2025-01-31T20:59:55.817+0000] {processor.py:186} INFO - Started process (PID=1004) to work on /home/airflow/.local/lib/python3.12/site-packages/airflow/example_dags/example_branch_python_dop_operator_3.py
[2025-01-31T20:59:55.818+0000] {processor.py:914} INFO - Processing file /home/airflow/.local/lib/python3.12/site-packages/airflow/example_dags/example_branch_python_dop_operator_3.py for tasks to queue
[2025-01-31T20:59:55.820+0000] {logging_mixin.py:190} INFO - [2025-01-31T20:59:55.819+0000] {dagbag.py:588} INFO - Filling up the DagBag from /home/airflow/.local/lib/python3.12/site-packages/airflow/example_dags/example_branch_python_dop_operator_3.py
[2025-01-31T20:59:55.839+0000] {processor.py:925} INFO - DAG(s) 'example_branch_dop_operator_v3' retrieved from /home/airflow/.local/lib/python3.12/site-packages/airflow/example_dags/example_branch_python_dop_operator_3.py
[2025-01-31T20:59:55.891+0000] {logging_mixin.py:190} INFO - [2025-01-31T20:59:55.891+0000] {dag.py:3239} INFO - Sync 1 DAGs
[2025-01-31T20:59:55.943+0000] {logging_mixin.py:190} INFO - [2025-01-31T20:59:55.943+0000] {dag.py:4180} INFO - Setting next_dagrun for example_branch_dop_operator_v3 to 2025-01-31 20:58:00+00:00, run_after=2025-01-31 20:59:00+00:00
[2025-01-31T20:59:55.970+0000] {processor.py:208} INFO - Processing /home/airflow/.local/lib/python3.12/site-packages/airflow/example_dags/example_branch_python_dop_operator_3.py took 0.168 seconds
[2025-01-31T21:00:26.131+0000] {processor.py:186} INFO - Started process (PID=1068) to work on /home/airflow/.local/lib/python3.12/site-packages/airflow/example_dags/example_branch_python_dop_operator_3.py
[2025-01-31T21:00:26.132+0000] {processor.py:914} INFO - Processing file /home/airflow/.local/lib/python3.12/site-packages/airflow/example_dags/example_branch_python_dop_operator_3.py for tasks to queue
[2025-01-31T21:00:26.134+0000] {logging_mixin.py:190} INFO - [2025-01-31T21:00:26.133+0000] {dagbag.py:588} INFO - Filling up the DagBag from /home/airflow/.local/lib/python3.12/site-packages/airflow/example_dags/example_branch_python_dop_operator_3.py
[2025-01-31T21:00:26.144+0000] {processor.py:925} INFO - DAG(s) 'example_branch_dop_operator_v3' retrieved from /home/airflow/.local/lib/python3.12/site-packages/airflow/example_dags/example_branch_python_dop_operator_3.py
[2025-01-31T21:00:26.161+0000] {logging_mixin.py:190} INFO - [2025-01-31T21:00:26.161+0000] {dag.py:3239} INFO - Sync 1 DAGs
[2025-01-31T21:00:26.188+0000] {logging_mixin.py:190} INFO - [2025-01-31T21:00:26.187+0000] {dag.py:4180} INFO - Setting next_dagrun for example_branch_dop_operator_v3 to 2025-01-31 20:59:00+00:00, run_after=2025-01-31 21:00:00+00:00
[2025-01-31T21:00:26.204+0000] {processor.py:208} INFO - Processing /home/airflow/.local/lib/python3.12/site-packages/airflow/example_dags/example_branch_python_dop_operator_3.py took 0.079 seconds
[2025-01-31T21:00:56.285+0000] {processor.py:186} INFO - Started process (PID=1132) to work on /home/airflow/.local/lib/python3.12/site-packages/airflow/example_dags/example_branch_python_dop_operator_3.py
[2025-01-31T21:00:56.286+0000] {processor.py:914} INFO - Processing file /home/airflow/.local/lib/python3.12/site-packages/airflow/example_dags/example_branch_python_dop_operator_3.py for tasks to queue
[2025-01-31T21:00:56.289+0000] {logging_mixin.py:190} INFO - [2025-01-31T21:00:56.288+0000] {dagbag.py:588} INFO - Filling up the DagBag from /home/airflow/.local/lib/python3.12/site-packages/airflow/example_dags/example_branch_python_dop_operator_3.py
[2025-01-31T21:00:56.299+0000] {processor.py:925} INFO - DAG(s) 'example_branch_dop_operator_v3' retrieved from /home/airflow/.local/lib/python3.12/site-packages/airflow/example_dags/example_branch_python_dop_operator_3.py
[2025-01-31T21:00:56.318+0000] {logging_mixin.py:190} INFO - [2025-01-31T21:00:56.318+0000] {dag.py:3239} INFO - Sync 1 DAGs
[2025-01-31T21:00:56.346+0000] {logging_mixin.py:190} INFO - [2025-01-31T21:00:56.345+0000] {dag.py:4180} INFO - Setting next_dagrun for example_branch_dop_operator_v3 to 2025-01-31 20:59:00+00:00, run_after=2025-01-31 21:00:00+00:00
[2025-01-31T21:00:56.361+0000] {processor.py:208} INFO - Processing /home/airflow/.local/lib/python3.12/site-packages/airflow/example_dags/example_branch_python_dop_operator_3.py took 0.082 seconds
[2025-01-31T21:01:26.707+0000] {processor.py:186} INFO - Started process (PID=1195) to work on /home/airflow/.local/lib/python3.12/site-packages/airflow/example_dags/example_branch_python_dop_operator_3.py
[2025-01-31T21:01:26.708+0000] {processor.py:914} INFO - Processing file /home/airflow/.local/lib/python3.12/site-packages/airflow/example_dags/example_branch_python_dop_operator_3.py for tasks to queue
[2025-01-31T21:01:26.710+0000] {logging_mixin.py:190} INFO - [2025-01-31T21:01:26.709+0000] {dagbag.py:588} INFO - Filling up the DagBag from /home/airflow/.local/lib/python3.12/site-packages/airflow/example_dags/example_branch_python_dop_operator_3.py
[2025-01-31T21:01:26.721+0000] {processor.py:925} INFO - DAG(s) 'example_branch_dop_operator_v3' retrieved from /home/airflow/.local/lib/python3.12/site-packages/airflow/example_dags/example_branch_python_dop_operator_3.py
[2025-01-31T21:01:26.748+0000] {logging_mixin.py:190} INFO - [2025-01-31T21:01:26.747+0000] {dag.py:3239} INFO - Sync 1 DAGs
[2025-01-31T21:01:26.778+0000] {logging_mixin.py:190} INFO - [2025-01-31T21:01:26.778+0000] {dag.py:4180} INFO - Setting next_dagrun for example_branch_dop_operator_v3 to 2025-01-31 21:00:00+00:00, run_after=2025-01-31 21:01:00+00:00
[2025-01-31T21:01:26.795+0000] {processor.py:208} INFO - Processing /home/airflow/.local/lib/python3.12/site-packages/airflow/example_dags/example_branch_python_dop_operator_3.py took 0.094 seconds
[2025-01-31T21:01:57.046+0000] {processor.py:186} INFO - Started process (PID=1258) to work on /home/airflow/.local/lib/python3.12/site-packages/airflow/example_dags/example_branch_python_dop_operator_3.py
[2025-01-31T21:01:57.047+0000] {processor.py:914} INFO - Processing file /home/airflow/.local/lib/python3.12/site-packages/airflow/example_dags/example_branch_python_dop_operator_3.py for tasks to queue
[2025-01-31T21:01:57.049+0000] {logging_mixin.py:190} INFO - [2025-01-31T21:01:57.049+0000] {dagbag.py:588} INFO - Filling up the DagBag from /home/airflow/.local/lib/python3.12/site-packages/airflow/example_dags/example_branch_python_dop_operator_3.py
[2025-01-31T21:01:57.060+0000] {processor.py:925} INFO - DAG(s) 'example_branch_dop_operator_v3' retrieved from /home/airflow/.local/lib/python3.12/site-packages/airflow/example_dags/example_branch_python_dop_operator_3.py
[2025-01-31T21:01:57.079+0000] {logging_mixin.py:190} INFO - [2025-01-31T21:01:57.079+0000] {dag.py:3239} INFO - Sync 1 DAGs
[2025-01-31T21:01:57.107+0000] {logging_mixin.py:190} INFO - [2025-01-31T21:01:57.107+0000] {dag.py:4180} INFO - Setting next_dagrun for example_branch_dop_operator_v3 to 2025-01-31 21:00:00+00:00, run_after=2025-01-31 21:01:00+00:00
[2025-01-31T21:01:57.122+0000] {processor.py:208} INFO - Processing /home/airflow/.local/lib/python3.12/site-packages/airflow/example_dags/example_branch_python_dop_operator_3.py took 0.082 seconds
[2025-01-31T21:02:27.787+0000] {processor.py:186} INFO - Started process (PID=1321) to work on /home/airflow/.local/lib/python3.12/site-packages/airflow/example_dags/example_branch_python_dop_operator_3.py
[2025-01-31T21:02:27.788+0000] {processor.py:914} INFO - Processing file /home/airflow/.local/lib/python3.12/site-packages/airflow/example_dags/example_branch_python_dop_operator_3.py for tasks to queue
[2025-01-31T21:02:27.791+0000] {logging_mixin.py:190} INFO - [2025-01-31T21:02:27.790+0000] {dagbag.py:588} INFO - Filling up the DagBag from /home/airflow/.local/lib/python3.12/site-packages/airflow/example_dags/example_branch_python_dop_operator_3.py
[2025-01-31T21:02:27.801+0000] {processor.py:925} INFO - DAG(s) 'example_branch_dop_operator_v3' retrieved from /home/airflow/.local/lib/python3.12/site-packages/airflow/example_dags/example_branch_python_dop_operator_3.py
[2025-01-31T21:02:27.820+0000] {logging_mixin.py:190} INFO - [2025-01-31T21:02:27.820+0000] {dag.py:3239} INFO - Sync 1 DAGs
[2025-01-31T21:02:27.849+0000] {logging_mixin.py:190} INFO - [2025-01-31T21:02:27.849+0000] {dag.py:4180} INFO - Setting next_dagrun for example_branch_dop_operator_v3 to 2025-01-31 21:01:00+00:00, run_after=2025-01-31 21:02:00+00:00
[2025-01-31T21:02:27.865+0000] {processor.py:208} INFO - Processing /home/airflow/.local/lib/python3.12/site-packages/airflow/example_dags/example_branch_python_dop_operator_3.py took 0.083 seconds
[2025-01-31T21:02:58.184+0000] {processor.py:186} INFO - Started process (PID=1384) to work on /home/airflow/.local/lib/python3.12/site-packages/airflow/example_dags/example_branch_python_dop_operator_3.py
[2025-01-31T21:02:58.184+0000] {processor.py:914} INFO - Processing file /home/airflow/.local/lib/python3.12/site-packages/airflow/example_dags/example_branch_python_dop_operator_3.py for tasks to queue
[2025-01-31T21:02:58.187+0000] {logging_mixin.py:190} INFO - [2025-01-31T21:02:58.186+0000] {dagbag.py:588} INFO - Filling up the DagBag from /home/airflow/.local/lib/python3.12/site-packages/airflow/example_dags/example_branch_python_dop_operator_3.py
[2025-01-31T21:02:58.197+0000] {processor.py:925} INFO - DAG(s) 'example_branch_dop_operator_v3' retrieved from /home/airflow/.local/lib/python3.12/site-packages/airflow/example_dags/example_branch_python_dop_operator_3.py
[2025-01-31T21:02:58.216+0000] {logging_mixin.py:190} INFO - [2025-01-31T21:02:58.216+0000] {dag.py:3239} INFO - Sync 1 DAGs
[2025-01-31T21:02:58.254+0000] {logging_mixin.py:190} INFO - [2025-01-31T21:02:58.254+0000] {dag.py:4180} INFO - Setting next_dagrun for example_branch_dop_operator_v3 to 2025-01-31 21:01:00+00:00, run_after=2025-01-31 21:02:00+00:00
[2025-01-31T21:02:58.269+0000] {processor.py:208} INFO - Processing /home/airflow/.local/lib/python3.12/site-packages/airflow/example_dags/example_branch_python_dop_operator_3.py took 0.091 seconds
[2025-01-31T21:03:28.540+0000] {processor.py:186} INFO - Started process (PID=1447) to work on /home/airflow/.local/lib/python3.12/site-packages/airflow/example_dags/example_branch_python_dop_operator_3.py
[2025-01-31T21:03:28.541+0000] {processor.py:914} INFO - Processing file /home/airflow/.local/lib/python3.12/site-packages/airflow/example_dags/example_branch_python_dop_operator_3.py for tasks to queue
[2025-01-31T21:03:28.543+0000] {logging_mixin.py:190} INFO - [2025-01-31T21:03:28.543+0000] {dagbag.py:588} INFO - Filling up the DagBag from /home/airflow/.local/lib/python3.12/site-packages/airflow/example_dags/example_branch_python_dop_operator_3.py
[2025-01-31T21:03:28.553+0000] {processor.py:925} INFO - DAG(s) 'example_branch_dop_operator_v3' retrieved from /home/airflow/.local/lib/python3.12/site-packages/airflow/example_dags/example_branch_python_dop_operator_3.py
[2025-01-31T21:03:28.574+0000] {logging_mixin.py:190} INFO - [2025-01-31T21:03:28.573+0000] {dag.py:3239} INFO - Sync 1 DAGs
[2025-01-31T21:03:28.605+0000] {logging_mixin.py:190} INFO - [2025-01-31T21:03:28.604+0000] {dag.py:4180} INFO - Setting next_dagrun for example_branch_dop_operator_v3 to 2025-01-31 21:02:00+00:00, run_after=2025-01-31 21:03:00+00:00
[2025-01-31T21:03:28.621+0000] {processor.py:208} INFO - Processing /home/airflow/.local/lib/python3.12/site-packages/airflow/example_dags/example_branch_python_dop_operator_3.py took 0.087 seconds
[2025-01-31T21:03:59.043+0000] {processor.py:186} INFO - Started process (PID=1510) to work on /home/airflow/.local/lib/python3.12/site-packages/airflow/example_dags/example_branch_python_dop_operator_3.py
[2025-01-31T21:03:59.048+0000] {processor.py:914} INFO - Processing file /home/airflow/.local/lib/python3.12/site-packages/airflow/example_dags/example_branch_python_dop_operator_3.py for tasks to queue
[2025-01-31T21:03:59.050+0000] {logging_mixin.py:190} INFO - [2025-01-31T21:03:59.050+0000] {dagbag.py:588} INFO - Filling up the DagBag from /home/airflow/.local/lib/python3.12/site-packages/airflow/example_dags/example_branch_python_dop_operator_3.py
[2025-01-31T21:03:59.061+0000] {processor.py:925} INFO - DAG(s) 'example_branch_dop_operator_v3' retrieved from /home/airflow/.local/lib/python3.12/site-packages/airflow/example_dags/example_branch_python_dop_operator_3.py
[2025-01-31T21:03:59.080+0000] {logging_mixin.py:190} INFO - [2025-01-31T21:03:59.080+0000] {dag.py:3239} INFO - Sync 1 DAGs
[2025-01-31T21:03:59.108+0000] {logging_mixin.py:190} INFO - [2025-01-31T21:03:59.107+0000] {dag.py:4180} INFO - Setting next_dagrun for example_branch_dop_operator_v3 to 2025-01-31 21:02:00+00:00, run_after=2025-01-31 21:03:00+00:00
[2025-01-31T21:03:59.125+0000] {processor.py:208} INFO - Processing /home/airflow/.local/lib/python3.12/site-packages/airflow/example_dags/example_branch_python_dop_operator_3.py took 0.088 seconds
[2025-01-31T21:04:29.556+0000] {processor.py:186} INFO - Started process (PID=1570) to work on /home/airflow/.local/lib/python3.12/site-packages/airflow/example_dags/example_branch_python_dop_operator_3.py
[2025-01-31T21:04:29.557+0000] {processor.py:914} INFO - Processing file /home/airflow/.local/lib/python3.12/site-packages/airflow/example_dags/example_branch_python_dop_operator_3.py for tasks to queue
[2025-01-31T21:04:29.560+0000] {logging_mixin.py:190} INFO - [2025-01-31T21:04:29.559+0000] {dagbag.py:588} INFO - Filling up the DagBag from /home/airflow/.local/lib/python3.12/site-packages/airflow/example_dags/example_branch_python_dop_operator_3.py
[2025-01-31T21:04:29.570+0000] {processor.py:925} INFO - DAG(s) 'example_branch_dop_operator_v3' retrieved from /home/airflow/.local/lib/python3.12/site-packages/airflow/example_dags/example_branch_python_dop_operator_3.py
[2025-01-31T21:04:29.600+0000] {logging_mixin.py:190} INFO - [2025-01-31T21:04:29.600+0000] {dag.py:3239} INFO - Sync 1 DAGs
[2025-01-31T21:04:29.627+0000] {logging_mixin.py:190} INFO - [2025-01-31T21:04:29.627+0000] {dag.py:4180} INFO - Setting next_dagrun for example_branch_dop_operator_v3 to 2025-01-31 21:03:00+00:00, run_after=2025-01-31 21:04:00+00:00
[2025-01-31T21:04:29.642+0000] {processor.py:208} INFO - Processing /home/airflow/.local/lib/python3.12/site-packages/airflow/example_dags/example_branch_python_dop_operator_3.py took 0.092 seconds
[2025-01-31T21:05:00.031+0000] {processor.py:186} INFO - Started process (PID=1634) to work on /home/airflow/.local/lib/python3.12/site-packages/airflow/example_dags/example_branch_python_dop_operator_3.py
[2025-01-31T21:05:00.032+0000] {processor.py:914} INFO - Processing file /home/airflow/.local/lib/python3.12/site-packages/airflow/example_dags/example_branch_python_dop_operator_3.py for tasks to queue
[2025-01-31T21:05:00.034+0000] {logging_mixin.py:190} INFO - [2025-01-31T21:05:00.033+0000] {dagbag.py:588} INFO - Filling up the DagBag from /home/airflow/.local/lib/python3.12/site-packages/airflow/example_dags/example_branch_python_dop_operator_3.py
[2025-01-31T21:05:00.055+0000] {processor.py:925} INFO - DAG(s) 'example_branch_dop_operator_v3' retrieved from /home/airflow/.local/lib/python3.12/site-packages/airflow/example_dags/example_branch_python_dop_operator_3.py
[2025-01-31T21:05:00.109+0000] {logging_mixin.py:190} INFO - [2025-01-31T21:05:00.109+0000] {dag.py:3239} INFO - Sync 1 DAGs
[2025-01-31T21:05:00.157+0000] {logging_mixin.py:190} INFO - [2025-01-31T21:05:00.157+0000] {dag.py:4180} INFO - Setting next_dagrun for example_branch_dop_operator_v3 to 2025-01-31 21:04:00+00:00, run_after=2025-01-31 21:05:00+00:00
[2025-01-31T21:05:00.201+0000] {processor.py:208} INFO - Processing /home/airflow/.local/lib/python3.12/site-packages/airflow/example_dags/example_branch_python_dop_operator_3.py took 0.188 seconds
[2025-01-31T21:05:30.809+0000] {processor.py:186} INFO - Started process (PID=1697) to work on /home/airflow/.local/lib/python3.12/site-packages/airflow/example_dags/example_branch_python_dop_operator_3.py
[2025-01-31T21:05:30.810+0000] {processor.py:914} INFO - Processing file /home/airflow/.local/lib/python3.12/site-packages/airflow/example_dags/example_branch_python_dop_operator_3.py for tasks to queue
[2025-01-31T21:05:30.812+0000] {logging_mixin.py:190} INFO - [2025-01-31T21:05:30.811+0000] {dagbag.py:588} INFO - Filling up the DagBag from /home/airflow/.local/lib/python3.12/site-packages/airflow/example_dags/example_branch_python_dop_operator_3.py
[2025-01-31T21:05:30.824+0000] {processor.py:925} INFO - DAG(s) 'example_branch_dop_operator_v3' retrieved from /home/airflow/.local/lib/python3.12/site-packages/airflow/example_dags/example_branch_python_dop_operator_3.py
[2025-01-31T21:05:30.842+0000] {logging_mixin.py:190} INFO - [2025-01-31T21:05:30.842+0000] {dag.py:3239} INFO - Sync 1 DAGs
[2025-01-31T21:05:30.868+0000] {logging_mixin.py:190} INFO - [2025-01-31T21:05:30.868+0000] {dag.py:4180} INFO - Setting next_dagrun for example_branch_dop_operator_v3 to 2025-01-31 21:04:00+00:00, run_after=2025-01-31 21:05:00+00:00
[2025-01-31T21:05:30.894+0000] {processor.py:208} INFO - Processing /home/airflow/.local/lib/python3.12/site-packages/airflow/example_dags/example_branch_python_dop_operator_3.py took 0.095 seconds
[2025-01-31T21:06:01.027+0000] {processor.py:186} INFO - Started process (PID=1760) to work on /home/airflow/.local/lib/python3.12/site-packages/airflow/example_dags/example_branch_python_dop_operator_3.py
[2025-01-31T21:06:01.032+0000] {processor.py:914} INFO - Processing file /home/airflow/.local/lib/python3.12/site-packages/airflow/example_dags/example_branch_python_dop_operator_3.py for tasks to queue
[2025-01-31T21:06:01.034+0000] {logging_mixin.py:190} INFO - [2025-01-31T21:06:01.034+0000] {dagbag.py:588} INFO - Filling up the DagBag from /home/airflow/.local/lib/python3.12/site-packages/airflow/example_dags/example_branch_python_dop_operator_3.py
[2025-01-31T21:06:01.063+0000] {processor.py:925} INFO - DAG(s) 'example_branch_dop_operator_v3' retrieved from /home/airflow/.local/lib/python3.12/site-packages/airflow/example_dags/example_branch_python_dop_operator_3.py
[2025-01-31T21:06:01.100+0000] {logging_mixin.py:190} INFO - [2025-01-31T21:06:01.100+0000] {dag.py:3239} INFO - Sync 1 DAGs
[2025-01-31T21:06:01.152+0000] {logging_mixin.py:190} INFO - [2025-01-31T21:06:01.151+0000] {dag.py:4180} INFO - Setting next_dagrun for example_branch_dop_operator_v3 to 2025-01-31 21:05:00+00:00, run_after=2025-01-31 21:06:00+00:00
[2025-01-31T21:06:01.188+0000] {processor.py:208} INFO - Processing /home/airflow/.local/lib/python3.12/site-packages/airflow/example_dags/example_branch_python_dop_operator_3.py took 0.180 seconds
[2025-01-31T21:06:32.068+0000] {processor.py:186} INFO - Started process (PID=1823) to work on /home/airflow/.local/lib/python3.12/site-packages/airflow/example_dags/example_branch_python_dop_operator_3.py
[2025-01-31T21:06:32.069+0000] {processor.py:914} INFO - Processing file /home/airflow/.local/lib/python3.12/site-packages/airflow/example_dags/example_branch_python_dop_operator_3.py for tasks to queue
[2025-01-31T21:06:32.071+0000] {logging_mixin.py:190} INFO - [2025-01-31T21:06:32.071+0000] {dagbag.py:588} INFO - Filling up the DagBag from /home/airflow/.local/lib/python3.12/site-packages/airflow/example_dags/example_branch_python_dop_operator_3.py
[2025-01-31T21:06:32.082+0000] {processor.py:925} INFO - DAG(s) 'example_branch_dop_operator_v3' retrieved from /home/airflow/.local/lib/python3.12/site-packages/airflow/example_dags/example_branch_python_dop_operator_3.py
[2025-01-31T21:06:32.102+0000] {logging_mixin.py:190} INFO - [2025-01-31T21:06:32.102+0000] {dag.py:3239} INFO - Sync 1 DAGs
[2025-01-31T21:06:32.135+0000] {logging_mixin.py:190} INFO - [2025-01-31T21:06:32.135+0000] {dag.py:4180} INFO - Setting next_dagrun for example_branch_dop_operator_v3 to 2025-01-31 21:05:00+00:00, run_after=2025-01-31 21:06:00+00:00
[2025-01-31T21:06:32.154+0000] {processor.py:208} INFO - Processing /home/airflow/.local/lib/python3.12/site-packages/airflow/example_dags/example_branch_python_dop_operator_3.py took 0.092 seconds
[2025-01-31T21:07:02.272+0000] {processor.py:186} INFO - Started process (PID=1886) to work on /home/airflow/.local/lib/python3.12/site-packages/airflow/example_dags/example_branch_python_dop_operator_3.py
[2025-01-31T21:07:02.273+0000] {processor.py:914} INFO - Processing file /home/airflow/.local/lib/python3.12/site-packages/airflow/example_dags/example_branch_python_dop_operator_3.py for tasks to queue
[2025-01-31T21:07:02.275+0000] {logging_mixin.py:190} INFO - [2025-01-31T21:07:02.275+0000] {dagbag.py:588} INFO - Filling up the DagBag from /home/airflow/.local/lib/python3.12/site-packages/airflow/example_dags/example_branch_python_dop_operator_3.py
[2025-01-31T21:07:02.287+0000] {processor.py:925} INFO - DAG(s) 'example_branch_dop_operator_v3' retrieved from /home/airflow/.local/lib/python3.12/site-packages/airflow/example_dags/example_branch_python_dop_operator_3.py
[2025-01-31T21:07:02.306+0000] {logging_mixin.py:190} INFO - [2025-01-31T21:07:02.305+0000] {dag.py:3239} INFO - Sync 1 DAGs
[2025-01-31T21:07:02.334+0000] {logging_mixin.py:190} INFO - [2025-01-31T21:07:02.333+0000] {dag.py:4180} INFO - Setting next_dagrun for example_branch_dop_operator_v3 to 2025-01-31 21:06:00+00:00, run_after=2025-01-31 21:07:00+00:00
[2025-01-31T21:07:02.355+0000] {processor.py:208} INFO - Processing /home/airflow/.local/lib/python3.12/site-packages/airflow/example_dags/example_branch_python_dop_operator_3.py took 0.090 seconds
[2025-01-31T21:07:32.629+0000] {processor.py:186} INFO - Started process (PID=1948) to work on /home/airflow/.local/lib/python3.12/site-packages/airflow/example_dags/example_branch_python_dop_operator_3.py
[2025-01-31T21:07:32.630+0000] {processor.py:914} INFO - Processing file /home/airflow/.local/lib/python3.12/site-packages/airflow/example_dags/example_branch_python_dop_operator_3.py for tasks to queue
[2025-01-31T21:07:32.632+0000] {logging_mixin.py:190} INFO - [2025-01-31T21:07:32.632+0000] {dagbag.py:588} INFO - Filling up the DagBag from /home/airflow/.local/lib/python3.12/site-packages/airflow/example_dags/example_branch_python_dop_operator_3.py
[2025-01-31T21:07:32.642+0000] {processor.py:925} INFO - DAG(s) 'example_branch_dop_operator_v3' retrieved from /home/airflow/.local/lib/python3.12/site-packages/airflow/example_dags/example_branch_python_dop_operator_3.py
[2025-01-31T21:07:32.661+0000] {logging_mixin.py:190} INFO - [2025-01-31T21:07:32.661+0000] {dag.py:3239} INFO - Sync 1 DAGs
[2025-01-31T21:07:32.690+0000] {logging_mixin.py:190} INFO - [2025-01-31T21:07:32.690+0000] {dag.py:4180} INFO - Setting next_dagrun for example_branch_dop_operator_v3 to 2025-01-31 21:06:00+00:00, run_after=2025-01-31 21:07:00+00:00
[2025-01-31T21:07:32.706+0000] {processor.py:208} INFO - Processing /home/airflow/.local/lib/python3.12/site-packages/airflow/example_dags/example_branch_python_dop_operator_3.py took 0.083 seconds
[2025-01-31T21:08:02.773+0000] {processor.py:186} INFO - Started process (PID=2011) to work on /home/airflow/.local/lib/python3.12/site-packages/airflow/example_dags/example_branch_python_dop_operator_3.py
[2025-01-31T21:08:02.773+0000] {processor.py:914} INFO - Processing file /home/airflow/.local/lib/python3.12/site-packages/airflow/example_dags/example_branch_python_dop_operator_3.py for tasks to queue
[2025-01-31T21:08:02.775+0000] {logging_mixin.py:190} INFO - [2025-01-31T21:08:02.775+0000] {dagbag.py:588} INFO - Filling up the DagBag from /home/airflow/.local/lib/python3.12/site-packages/airflow/example_dags/example_branch_python_dop_operator_3.py
[2025-01-31T21:08:02.785+0000] {processor.py:925} INFO - DAG(s) 'example_branch_dop_operator_v3' retrieved from /home/airflow/.local/lib/python3.12/site-packages/airflow/example_dags/example_branch_python_dop_operator_3.py
[2025-01-31T21:08:02.803+0000] {logging_mixin.py:190} INFO - [2025-01-31T21:08:02.803+0000] {dag.py:3239} INFO - Sync 1 DAGs
[2025-01-31T21:08:02.831+0000] {logging_mixin.py:190} INFO - [2025-01-31T21:08:02.831+0000] {dag.py:4180} INFO - Setting next_dagrun for example_branch_dop_operator_v3 to 2025-01-31 21:07:00+00:00, run_after=2025-01-31 21:08:00+00:00
[2025-01-31T21:08:02.846+0000] {processor.py:208} INFO - Processing /home/airflow/.local/lib/python3.12/site-packages/airflow/example_dags/example_branch_python_dop_operator_3.py took 0.079 seconds
[2025-01-31T21:08:33.144+0000] {processor.py:186} INFO - Started process (PID=2075) to work on /home/airflow/.local/lib/python3.12/site-packages/airflow/example_dags/example_branch_python_dop_operator_3.py
[2025-01-31T21:08:33.145+0000] {processor.py:914} INFO - Processing file /home/airflow/.local/lib/python3.12/site-packages/airflow/example_dags/example_branch_python_dop_operator_3.py for tasks to queue
[2025-01-31T21:08:33.148+0000] {logging_mixin.py:190} INFO - [2025-01-31T21:08:33.147+0000] {dagbag.py:588} INFO - Filling up the DagBag from /home/airflow/.local/lib/python3.12/site-packages/airflow/example_dags/example_branch_python_dop_operator_3.py
[2025-01-31T21:08:33.158+0000] {processor.py:925} INFO - DAG(s) 'example_branch_dop_operator_v3' retrieved from /home/airflow/.local/lib/python3.12/site-packages/airflow/example_dags/example_branch_python_dop_operator_3.py
[2025-01-31T21:08:33.178+0000] {logging_mixin.py:190} INFO - [2025-01-31T21:08:33.177+0000] {dag.py:3239} INFO - Sync 1 DAGs
[2025-01-31T21:08:33.206+0000] {logging_mixin.py:190} INFO - [2025-01-31T21:08:33.205+0000] {dag.py:4180} INFO - Setting next_dagrun for example_branch_dop_operator_v3 to 2025-01-31 21:07:00+00:00, run_after=2025-01-31 21:08:00+00:00
[2025-01-31T21:08:33.222+0000] {processor.py:208} INFO - Processing /home/airflow/.local/lib/python3.12/site-packages/airflow/example_dags/example_branch_python_dop_operator_3.py took 0.084 seconds
[2025-01-31T21:09:03.399+0000] {processor.py:186} INFO - Started process (PID=2136) to work on /home/airflow/.local/lib/python3.12/site-packages/airflow/example_dags/example_branch_python_dop_operator_3.py
[2025-01-31T21:09:03.400+0000] {processor.py:914} INFO - Processing file /home/airflow/.local/lib/python3.12/site-packages/airflow/example_dags/example_branch_python_dop_operator_3.py for tasks to queue
[2025-01-31T21:09:03.402+0000] {logging_mixin.py:190} INFO - [2025-01-31T21:09:03.402+0000] {dagbag.py:588} INFO - Filling up the DagBag from /home/airflow/.local/lib/python3.12/site-packages/airflow/example_dags/example_branch_python_dop_operator_3.py
[2025-01-31T21:09:03.413+0000] {processor.py:925} INFO - DAG(s) 'example_branch_dop_operator_v3' retrieved from /home/airflow/.local/lib/python3.12/site-packages/airflow/example_dags/example_branch_python_dop_operator_3.py
[2025-01-31T21:09:03.438+0000] {logging_mixin.py:190} INFO - [2025-01-31T21:09:03.437+0000] {dag.py:3239} INFO - Sync 1 DAGs
[2025-01-31T21:09:03.476+0000] {logging_mixin.py:190} INFO - [2025-01-31T21:09:03.476+0000] {dag.py:4180} INFO - Setting next_dagrun for example_branch_dop_operator_v3 to 2025-01-31 21:08:00+00:00, run_after=2025-01-31 21:09:00+00:00
[2025-01-31T21:09:03.494+0000] {processor.py:208} INFO - Processing /home/airflow/.local/lib/python3.12/site-packages/airflow/example_dags/example_branch_python_dop_operator_3.py took 0.120 seconds
[2025-01-31T21:09:33.612+0000] {processor.py:186} INFO - Started process (PID=2199) to work on /home/airflow/.local/lib/python3.12/site-packages/airflow/example_dags/example_branch_python_dop_operator_3.py
[2025-01-31T21:09:33.613+0000] {processor.py:914} INFO - Processing file /home/airflow/.local/lib/python3.12/site-packages/airflow/example_dags/example_branch_python_dop_operator_3.py for tasks to queue
[2025-01-31T21:09:33.615+0000] {logging_mixin.py:190} INFO - [2025-01-31T21:09:33.615+0000] {dagbag.py:588} INFO - Filling up the DagBag from /home/airflow/.local/lib/python3.12/site-packages/airflow/example_dags/example_branch_python_dop_operator_3.py
[2025-01-31T21:09:33.636+0000] {processor.py:925} INFO - DAG(s) 'example_branch_dop_operator_v3' retrieved from /home/airflow/.local/lib/python3.12/site-packages/airflow/example_dags/example_branch_python_dop_operator_3.py
[2025-01-31T21:09:33.654+0000] {logging_mixin.py:190} INFO - [2025-01-31T21:09:33.654+0000] {dag.py:3239} INFO - Sync 1 DAGs
[2025-01-31T21:09:33.681+0000] {logging_mixin.py:190} INFO - [2025-01-31T21:09:33.681+0000] {dag.py:4180} INFO - Setting next_dagrun for example_branch_dop_operator_v3 to 2025-01-31 21:08:00+00:00, run_after=2025-01-31 21:09:00+00:00
[2025-01-31T21:09:33.697+0000] {processor.py:208} INFO - Processing /home/airflow/.local/lib/python3.12/site-packages/airflow/example_dags/example_branch_python_dop_operator_3.py took 0.091 seconds
[2025-01-31T21:10:04.104+0000] {processor.py:186} INFO - Started process (PID=2263) to work on /home/airflow/.local/lib/python3.12/site-packages/airflow/example_dags/example_branch_python_dop_operator_3.py
[2025-01-31T21:10:04.105+0000] {processor.py:914} INFO - Processing file /home/airflow/.local/lib/python3.12/site-packages/airflow/example_dags/example_branch_python_dop_operator_3.py for tasks to queue
[2025-01-31T21:10:04.107+0000] {logging_mixin.py:190} INFO - [2025-01-31T21:10:04.107+0000] {dagbag.py:588} INFO - Filling up the DagBag from /home/airflow/.local/lib/python3.12/site-packages/airflow/example_dags/example_branch_python_dop_operator_3.py
[2025-01-31T21:10:04.134+0000] {processor.py:925} INFO - DAG(s) 'example_branch_dop_operator_v3' retrieved from /home/airflow/.local/lib/python3.12/site-packages/airflow/example_dags/example_branch_python_dop_operator_3.py
[2025-01-31T21:10:04.154+0000] {logging_mixin.py:190} INFO - [2025-01-31T21:10:04.154+0000] {dag.py:3239} INFO - Sync 1 DAGs
[2025-01-31T21:10:04.179+0000] {logging_mixin.py:190} INFO - [2025-01-31T21:10:04.179+0000] {dag.py:4180} INFO - Setting next_dagrun for example_branch_dop_operator_v3 to 2025-01-31 21:09:00+00:00, run_after=2025-01-31 21:10:00+00:00
[2025-01-31T21:10:04.195+0000] {processor.py:208} INFO - Processing /home/airflow/.local/lib/python3.12/site-packages/airflow/example_dags/example_branch_python_dop_operator_3.py took 0.110 seconds
[2025-01-31T21:10:34.274+0000] {processor.py:186} INFO - Started process (PID=2326) to work on /home/airflow/.local/lib/python3.12/site-packages/airflow/example_dags/example_branch_python_dop_operator_3.py
[2025-01-31T21:10:34.274+0000] {processor.py:914} INFO - Processing file /home/airflow/.local/lib/python3.12/site-packages/airflow/example_dags/example_branch_python_dop_operator_3.py for tasks to queue
[2025-01-31T21:10:34.276+0000] {logging_mixin.py:190} INFO - [2025-01-31T21:10:34.276+0000] {dagbag.py:588} INFO - Filling up the DagBag from /home/airflow/.local/lib/python3.12/site-packages/airflow/example_dags/example_branch_python_dop_operator_3.py
[2025-01-31T21:10:34.293+0000] {processor.py:925} INFO - DAG(s) 'example_branch_dop_operator_v3' retrieved from /home/airflow/.local/lib/python3.12/site-packages/airflow/example_dags/example_branch_python_dop_operator_3.py
[2025-01-31T21:10:34.307+0000] {logging_mixin.py:190} INFO - [2025-01-31T21:10:34.306+0000] {dag.py:3239} INFO - Sync 1 DAGs
[2025-01-31T21:10:34.325+0000] {logging_mixin.py:190} INFO - [2025-01-31T21:10:34.325+0000] {dag.py:4180} INFO - Setting next_dagrun for example_branch_dop_operator_v3 to 2025-01-31 21:09:00+00:00, run_after=2025-01-31 21:10:00+00:00
[2025-01-31T21:10:34.337+0000] {processor.py:208} INFO - Processing /home/airflow/.local/lib/python3.12/site-packages/airflow/example_dags/example_branch_python_dop_operator_3.py took 0.067 seconds
[2025-01-31T21:11:05.101+0000] {processor.py:186} INFO - Started process (PID=2389) to work on /home/airflow/.local/lib/python3.12/site-packages/airflow/example_dags/example_branch_python_dop_operator_3.py
[2025-01-31T21:11:05.102+0000] {processor.py:914} INFO - Processing file /home/airflow/.local/lib/python3.12/site-packages/airflow/example_dags/example_branch_python_dop_operator_3.py for tasks to queue
[2025-01-31T21:11:05.104+0000] {logging_mixin.py:190} INFO - [2025-01-31T21:11:05.104+0000] {dagbag.py:588} INFO - Filling up the DagBag from /home/airflow/.local/lib/python3.12/site-packages/airflow/example_dags/example_branch_python_dop_operator_3.py
[2025-01-31T21:11:05.119+0000] {processor.py:925} INFO - DAG(s) 'example_branch_dop_operator_v3' retrieved from /home/airflow/.local/lib/python3.12/site-packages/airflow/example_dags/example_branch_python_dop_operator_3.py
[2025-01-31T21:11:05.138+0000] {logging_mixin.py:190} INFO - [2025-01-31T21:11:05.138+0000] {dag.py:3239} INFO - Sync 1 DAGs
[2025-01-31T21:11:05.165+0000] {logging_mixin.py:190} INFO - [2025-01-31T21:11:05.165+0000] {dag.py:4180} INFO - Setting next_dagrun for example_branch_dop_operator_v3 to 2025-01-31 21:10:00+00:00, run_after=2025-01-31 21:11:00+00:00
[2025-01-31T21:11:05.182+0000] {processor.py:208} INFO - Processing /home/airflow/.local/lib/python3.12/site-packages/airflow/example_dags/example_branch_python_dop_operator_3.py took 0.086 seconds
[2025-01-31T21:11:35.700+0000] {processor.py:186} INFO - Started process (PID=2452) to work on /home/airflow/.local/lib/python3.12/site-packages/airflow/example_dags/example_branch_python_dop_operator_3.py
[2025-01-31T21:11:35.709+0000] {processor.py:914} INFO - Processing file /home/airflow/.local/lib/python3.12/site-packages/airflow/example_dags/example_branch_python_dop_operator_3.py for tasks to queue
[2025-01-31T21:11:35.713+0000] {logging_mixin.py:190} INFO - [2025-01-31T21:11:35.713+0000] {dagbag.py:588} INFO - Filling up the DagBag from /home/airflow/.local/lib/python3.12/site-packages/airflow/example_dags/example_branch_python_dop_operator_3.py
[2025-01-31T21:11:35.731+0000] {processor.py:925} INFO - DAG(s) 'example_branch_dop_operator_v3' retrieved from /home/airflow/.local/lib/python3.12/site-packages/airflow/example_dags/example_branch_python_dop_operator_3.py
[2025-01-31T21:11:35.790+0000] {logging_mixin.py:190} INFO - [2025-01-31T21:11:35.789+0000] {dag.py:3239} INFO - Sync 1 DAGs
[2025-01-31T21:11:35.827+0000] {logging_mixin.py:190} INFO - [2025-01-31T21:11:35.827+0000] {dag.py:4180} INFO - Setting next_dagrun for example_branch_dop_operator_v3 to 2025-01-31 21:10:00+00:00, run_after=2025-01-31 21:11:00+00:00
[2025-01-31T21:11:35.851+0000] {processor.py:208} INFO - Processing /home/airflow/.local/lib/python3.12/site-packages/airflow/example_dags/example_branch_python_dop_operator_3.py took 0.159 seconds
[2025-01-31T21:12:06.137+0000] {processor.py:186} INFO - Started process (PID=2515) to work on /home/airflow/.local/lib/python3.12/site-packages/airflow/example_dags/example_branch_python_dop_operator_3.py
[2025-01-31T21:12:06.140+0000] {processor.py:914} INFO - Processing file /home/airflow/.local/lib/python3.12/site-packages/airflow/example_dags/example_branch_python_dop_operator_3.py for tasks to queue
[2025-01-31T21:12:06.143+0000] {logging_mixin.py:190} INFO - [2025-01-31T21:12:06.142+0000] {dagbag.py:588} INFO - Filling up the DagBag from /home/airflow/.local/lib/python3.12/site-packages/airflow/example_dags/example_branch_python_dop_operator_3.py
[2025-01-31T21:12:06.165+0000] {processor.py:925} INFO - DAG(s) 'example_branch_dop_operator_v3' retrieved from /home/airflow/.local/lib/python3.12/site-packages/airflow/example_dags/example_branch_python_dop_operator_3.py
[2025-01-31T21:12:06.199+0000] {logging_mixin.py:190} INFO - [2025-01-31T21:12:06.199+0000] {dag.py:3239} INFO - Sync 1 DAGs
[2025-01-31T21:12:06.251+0000] {logging_mixin.py:190} INFO - [2025-01-31T21:12:06.250+0000] {dag.py:4180} INFO - Setting next_dagrun for example_branch_dop_operator_v3 to 2025-01-31 21:11:00+00:00, run_after=2025-01-31 21:12:00+00:00
[2025-01-31T21:12:06.292+0000] {processor.py:208} INFO - Processing /home/airflow/.local/lib/python3.12/site-packages/airflow/example_dags/example_branch_python_dop_operator_3.py took 0.168 seconds
[2025-01-31T21:12:36.974+0000] {processor.py:186} INFO - Started process (PID=2578) to work on /home/airflow/.local/lib/python3.12/site-packages/airflow/example_dags/example_branch_python_dop_operator_3.py
[2025-01-31T21:12:36.975+0000] {processor.py:914} INFO - Processing file /home/airflow/.local/lib/python3.12/site-packages/airflow/example_dags/example_branch_python_dop_operator_3.py for tasks to queue
[2025-01-31T21:12:36.977+0000] {logging_mixin.py:190} INFO - [2025-01-31T21:12:36.977+0000] {dagbag.py:588} INFO - Filling up the DagBag from /home/airflow/.local/lib/python3.12/site-packages/airflow/example_dags/example_branch_python_dop_operator_3.py
[2025-01-31T21:12:36.988+0000] {processor.py:925} INFO - DAG(s) 'example_branch_dop_operator_v3' retrieved from /home/airflow/.local/lib/python3.12/site-packages/airflow/example_dags/example_branch_python_dop_operator_3.py
[2025-01-31T21:12:37.007+0000] {logging_mixin.py:190} INFO - [2025-01-31T21:12:37.007+0000] {dag.py:3239} INFO - Sync 1 DAGs
[2025-01-31T21:12:37.036+0000] {logging_mixin.py:190} INFO - [2025-01-31T21:12:37.036+0000] {dag.py:4180} INFO - Setting next_dagrun for example_branch_dop_operator_v3 to 2025-01-31 21:11:00+00:00, run_after=2025-01-31 21:12:00+00:00
[2025-01-31T21:12:37.053+0000] {processor.py:208} INFO - Processing /home/airflow/.local/lib/python3.12/site-packages/airflow/example_dags/example_branch_python_dop_operator_3.py took 0.084 seconds
[2025-01-31T21:13:07.196+0000] {processor.py:186} INFO - Started process (PID=2637) to work on /home/airflow/.local/lib/python3.12/site-packages/airflow/example_dags/example_branch_python_dop_operator_3.py
[2025-01-31T21:13:07.197+0000] {processor.py:914} INFO - Processing file /home/airflow/.local/lib/python3.12/site-packages/airflow/example_dags/example_branch_python_dop_operator_3.py for tasks to queue
[2025-01-31T21:13:07.200+0000] {logging_mixin.py:190} INFO - [2025-01-31T21:13:07.199+0000] {dagbag.py:588} INFO - Filling up the DagBag from /home/airflow/.local/lib/python3.12/site-packages/airflow/example_dags/example_branch_python_dop_operator_3.py
[2025-01-31T21:13:07.211+0000] {processor.py:925} INFO - DAG(s) 'example_branch_dop_operator_v3' retrieved from /home/airflow/.local/lib/python3.12/site-packages/airflow/example_dags/example_branch_python_dop_operator_3.py
[2025-01-31T21:13:07.230+0000] {logging_mixin.py:190} INFO - [2025-01-31T21:13:07.230+0000] {dag.py:3239} INFO - Sync 1 DAGs
[2025-01-31T21:13:07.257+0000] {logging_mixin.py:190} INFO - [2025-01-31T21:13:07.257+0000] {dag.py:4180} INFO - Setting next_dagrun for example_branch_dop_operator_v3 to 2025-01-31 21:12:00+00:00, run_after=2025-01-31 21:13:00+00:00
[2025-01-31T21:13:07.273+0000] {processor.py:208} INFO - Processing /home/airflow/.local/lib/python3.12/site-packages/airflow/example_dags/example_branch_python_dop_operator_3.py took 0.083 seconds
[2025-01-31T21:13:37.640+0000] {processor.py:186} INFO - Started process (PID=2700) to work on /home/airflow/.local/lib/python3.12/site-packages/airflow/example_dags/example_branch_python_dop_operator_3.py
[2025-01-31T21:13:37.644+0000] {processor.py:914} INFO - Processing file /home/airflow/.local/lib/python3.12/site-packages/airflow/example_dags/example_branch_python_dop_operator_3.py for tasks to queue
[2025-01-31T21:13:37.647+0000] {logging_mixin.py:190} INFO - [2025-01-31T21:13:37.646+0000] {dagbag.py:588} INFO - Filling up the DagBag from /home/airflow/.local/lib/python3.12/site-packages/airflow/example_dags/example_branch_python_dop_operator_3.py
[2025-01-31T21:13:37.672+0000] {processor.py:925} INFO - DAG(s) 'example_branch_dop_operator_v3' retrieved from /home/airflow/.local/lib/python3.12/site-packages/airflow/example_dags/example_branch_python_dop_operator_3.py
[2025-01-31T21:13:37.725+0000] {logging_mixin.py:190} INFO - [2025-01-31T21:13:37.724+0000] {dag.py:3239} INFO - Sync 1 DAGs
[2025-01-31T21:13:37.769+0000] {logging_mixin.py:190} INFO - [2025-01-31T21:13:37.769+0000] {dag.py:4180} INFO - Setting next_dagrun for example_branch_dop_operator_v3 to 2025-01-31 21:12:00+00:00, run_after=2025-01-31 21:13:00+00:00
[2025-01-31T21:13:37.806+0000] {processor.py:208} INFO - Processing /home/airflow/.local/lib/python3.12/site-packages/airflow/example_dags/example_branch_python_dop_operator_3.py took 0.179 seconds
[2025-01-31T21:14:08.250+0000] {processor.py:186} INFO - Started process (PID=2763) to work on /home/airflow/.local/lib/python3.12/site-packages/airflow/example_dags/example_branch_python_dop_operator_3.py
[2025-01-31T21:14:08.251+0000] {processor.py:914} INFO - Processing file /home/airflow/.local/lib/python3.12/site-packages/airflow/example_dags/example_branch_python_dop_operator_3.py for tasks to queue
[2025-01-31T21:14:08.253+0000] {logging_mixin.py:190} INFO - [2025-01-31T21:14:08.253+0000] {dagbag.py:588} INFO - Filling up the DagBag from /home/airflow/.local/lib/python3.12/site-packages/airflow/example_dags/example_branch_python_dop_operator_3.py
[2025-01-31T21:14:08.264+0000] {processor.py:925} INFO - DAG(s) 'example_branch_dop_operator_v3' retrieved from /home/airflow/.local/lib/python3.12/site-packages/airflow/example_dags/example_branch_python_dop_operator_3.py
[2025-01-31T21:14:08.284+0000] {logging_mixin.py:190} INFO - [2025-01-31T21:14:08.284+0000] {dag.py:3239} INFO - Sync 1 DAGs
[2025-01-31T21:14:08.317+0000] {logging_mixin.py:190} INFO - [2025-01-31T21:14:08.317+0000] {dag.py:4180} INFO - Setting next_dagrun for example_branch_dop_operator_v3 to 2025-01-31 21:13:00+00:00, run_after=2025-01-31 21:14:00+00:00
[2025-01-31T21:14:08.332+0000] {processor.py:208} INFO - Processing /home/airflow/.local/lib/python3.12/site-packages/airflow/example_dags/example_branch_python_dop_operator_3.py took 0.088 seconds
[2025-01-31T21:14:38.991+0000] {processor.py:186} INFO - Started process (PID=2826) to work on /home/airflow/.local/lib/python3.12/site-packages/airflow/example_dags/example_branch_python_dop_operator_3.py
[2025-01-31T21:14:38.992+0000] {processor.py:914} INFO - Processing file /home/airflow/.local/lib/python3.12/site-packages/airflow/example_dags/example_branch_python_dop_operator_3.py for tasks to queue
[2025-01-31T21:14:38.994+0000] {logging_mixin.py:190} INFO - [2025-01-31T21:14:38.994+0000] {dagbag.py:588} INFO - Filling up the DagBag from /home/airflow/.local/lib/python3.12/site-packages/airflow/example_dags/example_branch_python_dop_operator_3.py
[2025-01-31T21:14:39.005+0000] {processor.py:925} INFO - DAG(s) 'example_branch_dop_operator_v3' retrieved from /home/airflow/.local/lib/python3.12/site-packages/airflow/example_dags/example_branch_python_dop_operator_3.py
[2025-01-31T21:14:39.030+0000] {logging_mixin.py:190} INFO - [2025-01-31T21:14:39.029+0000] {dag.py:3239} INFO - Sync 1 DAGs
[2025-01-31T21:14:39.057+0000] {logging_mixin.py:190} INFO - [2025-01-31T21:14:39.057+0000] {dag.py:4180} INFO - Setting next_dagrun for example_branch_dop_operator_v3 to 2025-01-31 21:13:00+00:00, run_after=2025-01-31 21:14:00+00:00
[2025-01-31T21:14:39.073+0000] {processor.py:208} INFO - Processing /home/airflow/.local/lib/python3.12/site-packages/airflow/example_dags/example_branch_python_dop_operator_3.py took 0.088 seconds
[2025-01-31T21:15:09.158+0000] {processor.py:186} INFO - Started process (PID=2888) to work on /home/airflow/.local/lib/python3.12/site-packages/airflow/example_dags/example_branch_python_dop_operator_3.py
[2025-01-31T21:15:09.159+0000] {processor.py:914} INFO - Processing file /home/airflow/.local/lib/python3.12/site-packages/airflow/example_dags/example_branch_python_dop_operator_3.py for tasks to queue
[2025-01-31T21:15:09.161+0000] {logging_mixin.py:190} INFO - [2025-01-31T21:15:09.161+0000] {dagbag.py:588} INFO - Filling up the DagBag from /home/airflow/.local/lib/python3.12/site-packages/airflow/example_dags/example_branch_python_dop_operator_3.py
[2025-01-31T21:15:09.171+0000] {processor.py:925} INFO - DAG(s) 'example_branch_dop_operator_v3' retrieved from /home/airflow/.local/lib/python3.12/site-packages/airflow/example_dags/example_branch_python_dop_operator_3.py
[2025-01-31T21:15:09.393+0000] {logging_mixin.py:190} INFO - [2025-01-31T21:15:09.392+0000] {dag.py:3239} INFO - Sync 1 DAGs
[2025-01-31T21:15:09.418+0000] {logging_mixin.py:190} INFO - [2025-01-31T21:15:09.417+0000] {dag.py:4180} INFO - Setting next_dagrun for example_branch_dop_operator_v3 to 2025-01-31 21:14:00+00:00, run_after=2025-01-31 21:15:00+00:00
[2025-01-31T21:15:09.452+0000] {processor.py:208} INFO - Processing /home/airflow/.local/lib/python3.12/site-packages/airflow/example_dags/example_branch_python_dop_operator_3.py took 0.300 seconds
[2025-01-31T21:15:40.210+0000] {processor.py:186} INFO - Started process (PID=2951) to work on /home/airflow/.local/lib/python3.12/site-packages/airflow/example_dags/example_branch_python_dop_operator_3.py
[2025-01-31T21:15:40.211+0000] {processor.py:914} INFO - Processing file /home/airflow/.local/lib/python3.12/site-packages/airflow/example_dags/example_branch_python_dop_operator_3.py for tasks to queue
[2025-01-31T21:15:40.213+0000] {logging_mixin.py:190} INFO - [2025-01-31T21:15:40.212+0000] {dagbag.py:588} INFO - Filling up the DagBag from /home/airflow/.local/lib/python3.12/site-packages/airflow/example_dags/example_branch_python_dop_operator_3.py
[2025-01-31T21:15:40.220+0000] {processor.py:925} INFO - DAG(s) 'example_branch_dop_operator_v3' retrieved from /home/airflow/.local/lib/python3.12/site-packages/airflow/example_dags/example_branch_python_dop_operator_3.py
[2025-01-31T21:15:40.235+0000] {logging_mixin.py:190} INFO - [2025-01-31T21:15:40.235+0000] {dag.py:3239} INFO - Sync 1 DAGs
[2025-01-31T21:15:40.254+0000] {logging_mixin.py:190} INFO - [2025-01-31T21:15:40.253+0000] {dag.py:4180} INFO - Setting next_dagrun for example_branch_dop_operator_v3 to 2025-01-31 21:14:00+00:00, run_after=2025-01-31 21:15:00+00:00
[2025-01-31T21:15:40.266+0000] {processor.py:208} INFO - Processing /home/airflow/.local/lib/python3.12/site-packages/airflow/example_dags/example_branch_python_dop_operator_3.py took 0.060 seconds
[2025-01-31T21:16:10.630+0000] {processor.py:186} INFO - Started process (PID=3015) to work on /home/airflow/.local/lib/python3.12/site-packages/airflow/example_dags/example_branch_python_dop_operator_3.py
[2025-01-31T21:16:10.631+0000] {processor.py:914} INFO - Processing file /home/airflow/.local/lib/python3.12/site-packages/airflow/example_dags/example_branch_python_dop_operator_3.py for tasks to queue
[2025-01-31T21:16:10.633+0000] {logging_mixin.py:190} INFO - [2025-01-31T21:16:10.632+0000] {dagbag.py:588} INFO - Filling up the DagBag from /home/airflow/.local/lib/python3.12/site-packages/airflow/example_dags/example_branch_python_dop_operator_3.py
[2025-01-31T21:16:10.640+0000] {processor.py:925} INFO - DAG(s) 'example_branch_dop_operator_v3' retrieved from /home/airflow/.local/lib/python3.12/site-packages/airflow/example_dags/example_branch_python_dop_operator_3.py
[2025-01-31T21:16:10.654+0000] {logging_mixin.py:190} INFO - [2025-01-31T21:16:10.654+0000] {dag.py:3239} INFO - Sync 1 DAGs
[2025-01-31T21:16:10.673+0000] {logging_mixin.py:190} INFO - [2025-01-31T21:16:10.673+0000] {dag.py:4180} INFO - Setting next_dagrun for example_branch_dop_operator_v3 to 2025-01-31 21:15:00+00:00, run_after=2025-01-31 21:16:00+00:00
[2025-01-31T21:16:10.686+0000] {processor.py:208} INFO - Processing /home/airflow/.local/lib/python3.12/site-packages/airflow/example_dags/example_branch_python_dop_operator_3.py took 0.062 seconds
[2025-01-31T21:16:41.285+0000] {processor.py:186} INFO - Started process (PID=3078) to work on /home/airflow/.local/lib/python3.12/site-packages/airflow/example_dags/example_branch_python_dop_operator_3.py
[2025-01-31T21:16:41.285+0000] {processor.py:914} INFO - Processing file /home/airflow/.local/lib/python3.12/site-packages/airflow/example_dags/example_branch_python_dop_operator_3.py for tasks to queue
[2025-01-31T21:16:41.287+0000] {logging_mixin.py:190} INFO - [2025-01-31T21:16:41.287+0000] {dagbag.py:588} INFO - Filling up the DagBag from /home/airflow/.local/lib/python3.12/site-packages/airflow/example_dags/example_branch_python_dop_operator_3.py
[2025-01-31T21:16:41.295+0000] {processor.py:925} INFO - DAG(s) 'example_branch_dop_operator_v3' retrieved from /home/airflow/.local/lib/python3.12/site-packages/airflow/example_dags/example_branch_python_dop_operator_3.py
[2025-01-31T21:16:41.308+0000] {logging_mixin.py:190} INFO - [2025-01-31T21:16:41.308+0000] {dag.py:3239} INFO - Sync 1 DAGs
[2025-01-31T21:16:41.326+0000] {logging_mixin.py:190} INFO - [2025-01-31T21:16:41.326+0000] {dag.py:4180} INFO - Setting next_dagrun for example_branch_dop_operator_v3 to 2025-01-31 21:15:00+00:00, run_after=2025-01-31 21:16:00+00:00
[2025-01-31T21:16:41.338+0000] {processor.py:208} INFO - Processing /home/airflow/.local/lib/python3.12/site-packages/airflow/example_dags/example_branch_python_dop_operator_3.py took 0.058 seconds
[2025-01-31T21:17:12.090+0000] {processor.py:186} INFO - Started process (PID=3141) to work on /home/airflow/.local/lib/python3.12/site-packages/airflow/example_dags/example_branch_python_dop_operator_3.py
[2025-01-31T21:17:12.091+0000] {processor.py:914} INFO - Processing file /home/airflow/.local/lib/python3.12/site-packages/airflow/example_dags/example_branch_python_dop_operator_3.py for tasks to queue
[2025-01-31T21:17:12.093+0000] {logging_mixin.py:190} INFO - [2025-01-31T21:17:12.092+0000] {dagbag.py:588} INFO - Filling up the DagBag from /home/airflow/.local/lib/python3.12/site-packages/airflow/example_dags/example_branch_python_dop_operator_3.py
[2025-01-31T21:17:12.101+0000] {processor.py:925} INFO - DAG(s) 'example_branch_dop_operator_v3' retrieved from /home/airflow/.local/lib/python3.12/site-packages/airflow/example_dags/example_branch_python_dop_operator_3.py
[2025-01-31T21:17:12.116+0000] {logging_mixin.py:190} INFO - [2025-01-31T21:17:12.116+0000] {dag.py:3239} INFO - Sync 1 DAGs
[2025-01-31T21:17:12.134+0000] {logging_mixin.py:190} INFO - [2025-01-31T21:17:12.134+0000] {dag.py:4180} INFO - Setting next_dagrun for example_branch_dop_operator_v3 to 2025-01-31 21:16:00+00:00, run_after=2025-01-31 21:17:00+00:00
[2025-01-31T21:17:12.146+0000] {processor.py:208} INFO - Processing /home/airflow/.local/lib/python3.12/site-packages/airflow/example_dags/example_branch_python_dop_operator_3.py took 0.060 seconds
[2025-01-31T21:17:42.997+0000] {processor.py:186} INFO - Started process (PID=3204) to work on /home/airflow/.local/lib/python3.12/site-packages/airflow/example_dags/example_branch_python_dop_operator_3.py
[2025-01-31T21:17:42.999+0000] {processor.py:914} INFO - Processing file /home/airflow/.local/lib/python3.12/site-packages/airflow/example_dags/example_branch_python_dop_operator_3.py for tasks to queue
[2025-01-31T21:17:43.000+0000] {logging_mixin.py:190} INFO - [2025-01-31T21:17:43.000+0000] {dagbag.py:588} INFO - Filling up the DagBag from /home/airflow/.local/lib/python3.12/site-packages/airflow/example_dags/example_branch_python_dop_operator_3.py
[2025-01-31T21:17:43.008+0000] {processor.py:925} INFO - DAG(s) 'example_branch_dop_operator_v3' retrieved from /home/airflow/.local/lib/python3.12/site-packages/airflow/example_dags/example_branch_python_dop_operator_3.py
[2025-01-31T21:17:43.022+0000] {logging_mixin.py:190} INFO - [2025-01-31T21:17:43.022+0000] {dag.py:3239} INFO - Sync 1 DAGs
[2025-01-31T21:17:43.041+0000] {logging_mixin.py:190} INFO - [2025-01-31T21:17:43.041+0000] {dag.py:4180} INFO - Setting next_dagrun for example_branch_dop_operator_v3 to 2025-01-31 21:16:00+00:00, run_after=2025-01-31 21:17:00+00:00
[2025-01-31T21:17:43.055+0000] {processor.py:208} INFO - Processing /home/airflow/.local/lib/python3.12/site-packages/airflow/example_dags/example_branch_python_dop_operator_3.py took 0.073 seconds
[2025-01-31T21:18:13.772+0000] {processor.py:186} INFO - Started process (PID=3267) to work on /home/airflow/.local/lib/python3.12/site-packages/airflow/example_dags/example_branch_python_dop_operator_3.py
[2025-01-31T21:18:13.772+0000] {processor.py:914} INFO - Processing file /home/airflow/.local/lib/python3.12/site-packages/airflow/example_dags/example_branch_python_dop_operator_3.py for tasks to queue
[2025-01-31T21:18:13.774+0000] {logging_mixin.py:190} INFO - [2025-01-31T21:18:13.774+0000] {dagbag.py:588} INFO - Filling up the DagBag from /home/airflow/.local/lib/python3.12/site-packages/airflow/example_dags/example_branch_python_dop_operator_3.py
[2025-01-31T21:18:13.781+0000] {processor.py:925} INFO - DAG(s) 'example_branch_dop_operator_v3' retrieved from /home/airflow/.local/lib/python3.12/site-packages/airflow/example_dags/example_branch_python_dop_operator_3.py
[2025-01-31T21:18:13.795+0000] {logging_mixin.py:190} INFO - [2025-01-31T21:18:13.794+0000] {dag.py:3239} INFO - Sync 1 DAGs
[2025-01-31T21:18:13.813+0000] {logging_mixin.py:190} INFO - [2025-01-31T21:18:13.813+0000] {dag.py:4180} INFO - Setting next_dagrun for example_branch_dop_operator_v3 to 2025-01-31 21:17:00+00:00, run_after=2025-01-31 21:18:00+00:00
[2025-01-31T21:18:13.826+0000] {processor.py:208} INFO - Processing /home/airflow/.local/lib/python3.12/site-packages/airflow/example_dags/example_branch_python_dop_operator_3.py took 0.060 seconds
