[2025-01-31T20:52:44.432+0000] {processor.py:186} INFO - Started process (PID=120) to work on /home/airflow/.local/lib/python3.12/site-packages/airflow/example_dags/example_skip_dag.py
[2025-01-31T20:52:44.433+0000] {processor.py:914} INFO - Processing file /home/airflow/.local/lib/python3.12/site-packages/airflow/example_dags/example_skip_dag.py for tasks to queue
[2025-01-31T20:52:44.435+0000] {logging_mixin.py:190} INFO - [2025-01-31T20:52:44.435+0000] {dagbag.py:588} INFO - Filling up the DagBag from /home/airflow/.local/lib/python3.12/site-packages/airflow/example_dags/example_skip_dag.py
[2025-01-31T20:52:44.444+0000] {processor.py:925} INFO - DAG(s) 'example_skip_dag' retrieved from /home/airflow/.local/lib/python3.12/site-packages/airflow/example_dags/example_skip_dag.py
[2025-01-31T20:52:44.657+0000] {logging_mixin.py:190} INFO - [2025-01-31T20:52:44.656+0000] {override.py:1911} INFO - Created Permission View: can delete on DAG:example_skip_dag
[2025-01-31T20:52:44.674+0000] {logging_mixin.py:190} INFO - [2025-01-31T20:52:44.673+0000] {override.py:1911} INFO - Created Permission View: can edit on DAG:example_skip_dag
[2025-01-31T20:52:44.689+0000] {logging_mixin.py:190} INFO - [2025-01-31T20:52:44.688+0000] {override.py:1911} INFO - Created Permission View: can read on DAG:example_skip_dag
[2025-01-31T20:52:44.705+0000] {logging_mixin.py:190} INFO - [2025-01-31T20:52:44.704+0000] {override.py:1911} INFO - Created Permission View: menu access on DAG Run:example_skip_dag
[2025-01-31T20:52:44.715+0000] {logging_mixin.py:190} INFO - [2025-01-31T20:52:44.714+0000] {override.py:1911} INFO - Created Permission View: can delete on DAG Run:example_skip_dag
[2025-01-31T20:52:44.727+0000] {logging_mixin.py:190} INFO - [2025-01-31T20:52:44.725+0000] {override.py:1911} INFO - Created Permission View: can create on DAG Run:example_skip_dag
[2025-01-31T20:52:44.735+0000] {logging_mixin.py:190} INFO - [2025-01-31T20:52:44.735+0000] {override.py:1911} INFO - Created Permission View: can read on DAG Run:example_skip_dag
[2025-01-31T20:52:44.736+0000] {logging_mixin.py:190} INFO - [2025-01-31T20:52:44.736+0000] {dag.py:3239} INFO - Sync 1 DAGs
[2025-01-31T20:52:44.758+0000] {logging_mixin.py:190} INFO - [2025-01-31T20:52:44.758+0000] {dag.py:3262} INFO - Creating ORM DAG for example_skip_dag
[2025-01-31T20:52:44.781+0000] {logging_mixin.py:190} INFO - [2025-01-31T20:52:44.781+0000] {dag.py:4180} INFO - Setting next_dagrun for example_skip_dag to 2025-01-30 00:00:00+00:00, run_after=2025-01-31 00:00:00+00:00
[2025-01-31T20:52:44.804+0000] {processor.py:208} INFO - Processing /home/airflow/.local/lib/python3.12/site-packages/airflow/example_dags/example_skip_dag.py took 0.378 seconds
[2025-01-31T20:53:15.677+0000] {processor.py:186} INFO - Started process (PID=183) to work on /home/airflow/.local/lib/python3.12/site-packages/airflow/example_dags/example_skip_dag.py
[2025-01-31T20:53:15.678+0000] {processor.py:914} INFO - Processing file /home/airflow/.local/lib/python3.12/site-packages/airflow/example_dags/example_skip_dag.py for tasks to queue
[2025-01-31T20:53:15.680+0000] {logging_mixin.py:190} INFO - [2025-01-31T20:53:15.680+0000] {dagbag.py:588} INFO - Filling up the DagBag from /home/airflow/.local/lib/python3.12/site-packages/airflow/example_dags/example_skip_dag.py
[2025-01-31T20:53:15.690+0000] {processor.py:925} INFO - DAG(s) 'example_skip_dag' retrieved from /home/airflow/.local/lib/python3.12/site-packages/airflow/example_dags/example_skip_dag.py
[2025-01-31T20:53:15.717+0000] {logging_mixin.py:190} INFO - [2025-01-31T20:53:15.717+0000] {dag.py:3239} INFO - Sync 1 DAGs
[2025-01-31T20:53:15.748+0000] {logging_mixin.py:190} INFO - [2025-01-31T20:53:15.748+0000] {dag.py:4180} INFO - Setting next_dagrun for example_skip_dag to 2025-01-30 00:00:00+00:00, run_after=2025-01-31 00:00:00+00:00
[2025-01-31T20:53:15.769+0000] {processor.py:208} INFO - Processing /home/airflow/.local/lib/python3.12/site-packages/airflow/example_dags/example_skip_dag.py took 0.099 seconds
[2025-01-31T20:53:45.840+0000] {processor.py:186} INFO - Started process (PID=246) to work on /home/airflow/.local/lib/python3.12/site-packages/airflow/example_dags/example_skip_dag.py
[2025-01-31T20:53:45.841+0000] {processor.py:914} INFO - Processing file /home/airflow/.local/lib/python3.12/site-packages/airflow/example_dags/example_skip_dag.py for tasks to queue
[2025-01-31T20:53:45.843+0000] {logging_mixin.py:190} INFO - [2025-01-31T20:53:45.843+0000] {dagbag.py:588} INFO - Filling up the DagBag from /home/airflow/.local/lib/python3.12/site-packages/airflow/example_dags/example_skip_dag.py
[2025-01-31T20:53:45.849+0000] {processor.py:925} INFO - DAG(s) 'example_skip_dag' retrieved from /home/airflow/.local/lib/python3.12/site-packages/airflow/example_dags/example_skip_dag.py
[2025-01-31T20:53:45.864+0000] {logging_mixin.py:190} INFO - [2025-01-31T20:53:45.864+0000] {dag.py:3239} INFO - Sync 1 DAGs
[2025-01-31T20:53:45.888+0000] {logging_mixin.py:190} INFO - [2025-01-31T20:53:45.888+0000] {dag.py:4180} INFO - Setting next_dagrun for example_skip_dag to 2025-01-30 00:00:00+00:00, run_after=2025-01-31 00:00:00+00:00
[2025-01-31T20:53:45.914+0000] {processor.py:208} INFO - Processing /home/airflow/.local/lib/python3.12/site-packages/airflow/example_dags/example_skip_dag.py took 0.079 seconds
[2025-01-31T20:54:17.823+0000] {processor.py:186} INFO - Started process (PID=312) to work on /home/airflow/.local/lib/python3.12/site-packages/airflow/example_dags/example_skip_dag.py
[2025-01-31T20:54:17.823+0000] {processor.py:914} INFO - Processing file /home/airflow/.local/lib/python3.12/site-packages/airflow/example_dags/example_skip_dag.py for tasks to queue
[2025-01-31T20:54:17.825+0000] {logging_mixin.py:190} INFO - [2025-01-31T20:54:17.825+0000] {dagbag.py:588} INFO - Filling up the DagBag from /home/airflow/.local/lib/python3.12/site-packages/airflow/example_dags/example_skip_dag.py
[2025-01-31T20:54:17.839+0000] {processor.py:925} INFO - DAG(s) 'example_skip_dag' retrieved from /home/airflow/.local/lib/python3.12/site-packages/airflow/example_dags/example_skip_dag.py
[2025-01-31T20:54:17.862+0000] {logging_mixin.py:190} INFO - [2025-01-31T20:54:17.861+0000] {dag.py:3239} INFO - Sync 1 DAGs
[2025-01-31T20:54:17.889+0000] {logging_mixin.py:190} INFO - [2025-01-31T20:54:17.888+0000] {dag.py:4180} INFO - Setting next_dagrun for example_skip_dag to 2025-01-30 00:00:00+00:00, run_after=2025-01-31 00:00:00+00:00
[2025-01-31T20:54:17.905+0000] {processor.py:208} INFO - Processing /home/airflow/.local/lib/python3.12/site-packages/airflow/example_dags/example_skip_dag.py took 0.089 seconds
[2025-01-31T20:54:50.238+0000] {processor.py:186} INFO - Started process (PID=376) to work on /home/airflow/.local/lib/python3.12/site-packages/airflow/example_dags/example_skip_dag.py
[2025-01-31T20:54:50.248+0000] {processor.py:914} INFO - Processing file /home/airflow/.local/lib/python3.12/site-packages/airflow/example_dags/example_skip_dag.py for tasks to queue
[2025-01-31T20:54:50.251+0000] {logging_mixin.py:190} INFO - [2025-01-31T20:54:50.251+0000] {dagbag.py:588} INFO - Filling up the DagBag from /home/airflow/.local/lib/python3.12/site-packages/airflow/example_dags/example_skip_dag.py
[2025-01-31T20:54:50.270+0000] {processor.py:925} INFO - DAG(s) 'example_skip_dag' retrieved from /home/airflow/.local/lib/python3.12/site-packages/airflow/example_dags/example_skip_dag.py
[2025-01-31T20:54:50.329+0000] {logging_mixin.py:190} INFO - [2025-01-31T20:54:50.328+0000] {dag.py:3239} INFO - Sync 1 DAGs
[2025-01-31T20:54:50.421+0000] {logging_mixin.py:190} INFO - [2025-01-31T20:54:50.421+0000] {dag.py:4180} INFO - Setting next_dagrun for example_skip_dag to 2025-01-30 00:00:00+00:00, run_after=2025-01-31 00:00:00+00:00
[2025-01-31T20:54:50.478+0000] {processor.py:208} INFO - Processing /home/airflow/.local/lib/python3.12/site-packages/airflow/example_dags/example_skip_dag.py took 0.255 seconds
[2025-01-31T20:55:20.744+0000] {processor.py:186} INFO - Started process (PID=440) to work on /home/airflow/.local/lib/python3.12/site-packages/airflow/example_dags/example_skip_dag.py
[2025-01-31T20:55:20.745+0000] {processor.py:914} INFO - Processing file /home/airflow/.local/lib/python3.12/site-packages/airflow/example_dags/example_skip_dag.py for tasks to queue
[2025-01-31T20:55:20.747+0000] {logging_mixin.py:190} INFO - [2025-01-31T20:55:20.746+0000] {dagbag.py:588} INFO - Filling up the DagBag from /home/airflow/.local/lib/python3.12/site-packages/airflow/example_dags/example_skip_dag.py
[2025-01-31T20:55:20.754+0000] {processor.py:925} INFO - DAG(s) 'example_skip_dag' retrieved from /home/airflow/.local/lib/python3.12/site-packages/airflow/example_dags/example_skip_dag.py
[2025-01-31T20:55:20.775+0000] {logging_mixin.py:190} INFO - [2025-01-31T20:55:20.775+0000] {dag.py:3239} INFO - Sync 1 DAGs
[2025-01-31T20:55:20.802+0000] {logging_mixin.py:190} INFO - [2025-01-31T20:55:20.801+0000] {dag.py:4180} INFO - Setting next_dagrun for example_skip_dag to 2025-01-30 00:00:00+00:00, run_after=2025-01-31 00:00:00+00:00
[2025-01-31T20:55:20.818+0000] {processor.py:208} INFO - Processing /home/airflow/.local/lib/python3.12/site-packages/airflow/example_dags/example_skip_dag.py took 0.080 seconds
[2025-01-31T20:55:51.093+0000] {processor.py:186} INFO - Started process (PID=504) to work on /home/airflow/.local/lib/python3.12/site-packages/airflow/example_dags/example_skip_dag.py
[2025-01-31T20:55:51.094+0000] {processor.py:914} INFO - Processing file /home/airflow/.local/lib/python3.12/site-packages/airflow/example_dags/example_skip_dag.py for tasks to queue
[2025-01-31T20:55:51.097+0000] {logging_mixin.py:190} INFO - [2025-01-31T20:55:51.096+0000] {dagbag.py:588} INFO - Filling up the DagBag from /home/airflow/.local/lib/python3.12/site-packages/airflow/example_dags/example_skip_dag.py
[2025-01-31T20:55:51.105+0000] {processor.py:925} INFO - DAG(s) 'example_skip_dag' retrieved from /home/airflow/.local/lib/python3.12/site-packages/airflow/example_dags/example_skip_dag.py
[2025-01-31T20:55:51.127+0000] {logging_mixin.py:190} INFO - [2025-01-31T20:55:51.127+0000] {dag.py:3239} INFO - Sync 1 DAGs
[2025-01-31T20:55:51.151+0000] {logging_mixin.py:190} INFO - [2025-01-31T20:55:51.150+0000] {dag.py:4180} INFO - Setting next_dagrun for example_skip_dag to 2025-01-30 00:00:00+00:00, run_after=2025-01-31 00:00:00+00:00
[2025-01-31T20:55:51.167+0000] {processor.py:208} INFO - Processing /home/airflow/.local/lib/python3.12/site-packages/airflow/example_dags/example_skip_dag.py took 0.079 seconds
[2025-01-31T20:56:21.316+0000] {processor.py:186} INFO - Started process (PID=566) to work on /home/airflow/.local/lib/python3.12/site-packages/airflow/example_dags/example_skip_dag.py
[2025-01-31T20:56:21.317+0000] {processor.py:914} INFO - Processing file /home/airflow/.local/lib/python3.12/site-packages/airflow/example_dags/example_skip_dag.py for tasks to queue
[2025-01-31T20:56:21.319+0000] {logging_mixin.py:190} INFO - [2025-01-31T20:56:21.319+0000] {dagbag.py:588} INFO - Filling up the DagBag from /home/airflow/.local/lib/python3.12/site-packages/airflow/example_dags/example_skip_dag.py
[2025-01-31T20:56:21.327+0000] {processor.py:925} INFO - DAG(s) 'example_skip_dag' retrieved from /home/airflow/.local/lib/python3.12/site-packages/airflow/example_dags/example_skip_dag.py
[2025-01-31T20:56:21.347+0000] {logging_mixin.py:190} INFO - [2025-01-31T20:56:21.347+0000] {dag.py:3239} INFO - Sync 1 DAGs
[2025-01-31T20:56:21.373+0000] {logging_mixin.py:190} INFO - [2025-01-31T20:56:21.372+0000] {dag.py:4180} INFO - Setting next_dagrun for example_skip_dag to 2025-01-30 00:00:00+00:00, run_after=2025-01-31 00:00:00+00:00
[2025-01-31T20:56:21.389+0000] {processor.py:208} INFO - Processing /home/airflow/.local/lib/python3.12/site-packages/airflow/example_dags/example_skip_dag.py took 0.078 seconds
[2025-01-31T20:56:52.570+0000] {processor.py:186} INFO - Started process (PID=629) to work on /home/airflow/.local/lib/python3.12/site-packages/airflow/example_dags/example_skip_dag.py
[2025-01-31T20:56:52.571+0000] {processor.py:914} INFO - Processing file /home/airflow/.local/lib/python3.12/site-packages/airflow/example_dags/example_skip_dag.py for tasks to queue
[2025-01-31T20:56:52.573+0000] {logging_mixin.py:190} INFO - [2025-01-31T20:56:52.572+0000] {dagbag.py:588} INFO - Filling up the DagBag from /home/airflow/.local/lib/python3.12/site-packages/airflow/example_dags/example_skip_dag.py
[2025-01-31T20:56:52.580+0000] {processor.py:925} INFO - DAG(s) 'example_skip_dag' retrieved from /home/airflow/.local/lib/python3.12/site-packages/airflow/example_dags/example_skip_dag.py
[2025-01-31T20:56:52.601+0000] {logging_mixin.py:190} INFO - [2025-01-31T20:56:52.601+0000] {dag.py:3239} INFO - Sync 1 DAGs
[2025-01-31T20:56:52.633+0000] {logging_mixin.py:190} INFO - [2025-01-31T20:56:52.633+0000] {dag.py:4180} INFO - Setting next_dagrun for example_skip_dag to 2025-01-30 00:00:00+00:00, run_after=2025-01-31 00:00:00+00:00
[2025-01-31T20:56:52.650+0000] {processor.py:208} INFO - Processing /home/airflow/.local/lib/python3.12/site-packages/airflow/example_dags/example_skip_dag.py took 0.086 seconds
[2025-01-31T20:57:23.844+0000] {processor.py:186} INFO - Started process (PID=694) to work on /home/airflow/.local/lib/python3.12/site-packages/airflow/example_dags/example_skip_dag.py
[2025-01-31T20:57:23.845+0000] {processor.py:914} INFO - Processing file /home/airflow/.local/lib/python3.12/site-packages/airflow/example_dags/example_skip_dag.py for tasks to queue
[2025-01-31T20:57:23.847+0000] {logging_mixin.py:190} INFO - [2025-01-31T20:57:23.847+0000] {dagbag.py:588} INFO - Filling up the DagBag from /home/airflow/.local/lib/python3.12/site-packages/airflow/example_dags/example_skip_dag.py
[2025-01-31T20:57:23.857+0000] {processor.py:925} INFO - DAG(s) 'example_skip_dag' retrieved from /home/airflow/.local/lib/python3.12/site-packages/airflow/example_dags/example_skip_dag.py
[2025-01-31T20:57:23.879+0000] {logging_mixin.py:190} INFO - [2025-01-31T20:57:23.879+0000] {dag.py:3239} INFO - Sync 1 DAGs
[2025-01-31T20:57:23.902+0000] {logging_mixin.py:190} INFO - [2025-01-31T20:57:23.902+0000] {dag.py:4180} INFO - Setting next_dagrun for example_skip_dag to 2025-01-30 00:00:00+00:00, run_after=2025-01-31 00:00:00+00:00
[2025-01-31T20:57:23.922+0000] {processor.py:208} INFO - Processing /home/airflow/.local/lib/python3.12/site-packages/airflow/example_dags/example_skip_dag.py took 0.084 seconds
[2025-01-31T20:57:54.723+0000] {processor.py:186} INFO - Started process (PID=758) to work on /home/airflow/.local/lib/python3.12/site-packages/airflow/example_dags/example_skip_dag.py
[2025-01-31T20:57:54.724+0000] {processor.py:914} INFO - Processing file /home/airflow/.local/lib/python3.12/site-packages/airflow/example_dags/example_skip_dag.py for tasks to queue
[2025-01-31T20:57:54.726+0000] {logging_mixin.py:190} INFO - [2025-01-31T20:57:54.726+0000] {dagbag.py:588} INFO - Filling up the DagBag from /home/airflow/.local/lib/python3.12/site-packages/airflow/example_dags/example_skip_dag.py
[2025-01-31T20:57:54.734+0000] {processor.py:925} INFO - DAG(s) 'example_skip_dag' retrieved from /home/airflow/.local/lib/python3.12/site-packages/airflow/example_dags/example_skip_dag.py
[2025-01-31T20:57:54.756+0000] {logging_mixin.py:190} INFO - [2025-01-31T20:57:54.756+0000] {dag.py:3239} INFO - Sync 1 DAGs
[2025-01-31T20:57:54.789+0000] {logging_mixin.py:190} INFO - [2025-01-31T20:57:54.789+0000] {dag.py:4180} INFO - Setting next_dagrun for example_skip_dag to 2025-01-30 00:00:00+00:00, run_after=2025-01-31 00:00:00+00:00
[2025-01-31T20:57:54.815+0000] {processor.py:208} INFO - Processing /home/airflow/.local/lib/python3.12/site-packages/airflow/example_dags/example_skip_dag.py took 0.098 seconds
[2025-01-31T20:58:25.187+0000] {processor.py:186} INFO - Started process (PID=820) to work on /home/airflow/.local/lib/python3.12/site-packages/airflow/example_dags/example_skip_dag.py
[2025-01-31T20:58:25.188+0000] {processor.py:914} INFO - Processing file /home/airflow/.local/lib/python3.12/site-packages/airflow/example_dags/example_skip_dag.py for tasks to queue
[2025-01-31T20:58:25.190+0000] {logging_mixin.py:190} INFO - [2025-01-31T20:58:25.189+0000] {dagbag.py:588} INFO - Filling up the DagBag from /home/airflow/.local/lib/python3.12/site-packages/airflow/example_dags/example_skip_dag.py
[2025-01-31T20:58:25.198+0000] {processor.py:925} INFO - DAG(s) 'example_skip_dag' retrieved from /home/airflow/.local/lib/python3.12/site-packages/airflow/example_dags/example_skip_dag.py
[2025-01-31T20:58:25.218+0000] {logging_mixin.py:190} INFO - [2025-01-31T20:58:25.218+0000] {dag.py:3239} INFO - Sync 1 DAGs
[2025-01-31T20:58:25.242+0000] {logging_mixin.py:190} INFO - [2025-01-31T20:58:25.241+0000] {dag.py:4180} INFO - Setting next_dagrun for example_skip_dag to 2025-01-30 00:00:00+00:00, run_after=2025-01-31 00:00:00+00:00
[2025-01-31T20:58:25.258+0000] {processor.py:208} INFO - Processing /home/airflow/.local/lib/python3.12/site-packages/airflow/example_dags/example_skip_dag.py took 0.077 seconds
[2025-01-31T20:58:56.255+0000] {processor.py:186} INFO - Started process (PID=884) to work on /home/airflow/.local/lib/python3.12/site-packages/airflow/example_dags/example_skip_dag.py
[2025-01-31T20:58:56.256+0000] {processor.py:914} INFO - Processing file /home/airflow/.local/lib/python3.12/site-packages/airflow/example_dags/example_skip_dag.py for tasks to queue
[2025-01-31T20:58:56.258+0000] {logging_mixin.py:190} INFO - [2025-01-31T20:58:56.257+0000] {dagbag.py:588} INFO - Filling up the DagBag from /home/airflow/.local/lib/python3.12/site-packages/airflow/example_dags/example_skip_dag.py
[2025-01-31T20:58:56.266+0000] {processor.py:925} INFO - DAG(s) 'example_skip_dag' retrieved from /home/airflow/.local/lib/python3.12/site-packages/airflow/example_dags/example_skip_dag.py
[2025-01-31T20:58:56.303+0000] {logging_mixin.py:190} INFO - [2025-01-31T20:58:56.303+0000] {dag.py:3239} INFO - Sync 1 DAGs
[2025-01-31T20:58:56.327+0000] {logging_mixin.py:190} INFO - [2025-01-31T20:58:56.327+0000] {dag.py:4180} INFO - Setting next_dagrun for example_skip_dag to 2025-01-30 00:00:00+00:00, run_after=2025-01-31 00:00:00+00:00
[2025-01-31T20:58:56.343+0000] {processor.py:208} INFO - Processing /home/airflow/.local/lib/python3.12/site-packages/airflow/example_dags/example_skip_dag.py took 0.094 seconds
[2025-01-31T20:59:27.467+0000] {processor.py:186} INFO - Started process (PID=948) to work on /home/airflow/.local/lib/python3.12/site-packages/airflow/example_dags/example_skip_dag.py
[2025-01-31T20:59:27.468+0000] {processor.py:914} INFO - Processing file /home/airflow/.local/lib/python3.12/site-packages/airflow/example_dags/example_skip_dag.py for tasks to queue
[2025-01-31T20:59:27.486+0000] {logging_mixin.py:190} INFO - [2025-01-31T20:59:27.486+0000] {dagbag.py:588} INFO - Filling up the DagBag from /home/airflow/.local/lib/python3.12/site-packages/airflow/example_dags/example_skip_dag.py
[2025-01-31T20:59:27.524+0000] {processor.py:925} INFO - DAG(s) 'example_skip_dag' retrieved from /home/airflow/.local/lib/python3.12/site-packages/airflow/example_dags/example_skip_dag.py
[2025-01-31T20:59:27.589+0000] {logging_mixin.py:190} INFO - [2025-01-31T20:59:27.588+0000] {dag.py:3239} INFO - Sync 1 DAGs
[2025-01-31T20:59:27.631+0000] {logging_mixin.py:190} INFO - [2025-01-31T20:59:27.631+0000] {dag.py:4180} INFO - Setting next_dagrun for example_skip_dag to 2025-01-30 00:00:00+00:00, run_after=2025-01-31 00:00:00+00:00
[2025-01-31T20:59:27.684+0000] {processor.py:208} INFO - Processing /home/airflow/.local/lib/python3.12/site-packages/airflow/example_dags/example_skip_dag.py took 0.235 seconds
[2025-01-31T20:59:58.866+0000] {processor.py:186} INFO - Started process (PID=1013) to work on /home/airflow/.local/lib/python3.12/site-packages/airflow/example_dags/example_skip_dag.py
[2025-01-31T20:59:58.876+0000] {processor.py:914} INFO - Processing file /home/airflow/.local/lib/python3.12/site-packages/airflow/example_dags/example_skip_dag.py for tasks to queue
[2025-01-31T20:59:58.878+0000] {logging_mixin.py:190} INFO - [2025-01-31T20:59:58.878+0000] {dagbag.py:588} INFO - Filling up the DagBag from /home/airflow/.local/lib/python3.12/site-packages/airflow/example_dags/example_skip_dag.py
[2025-01-31T20:59:58.895+0000] {processor.py:925} INFO - DAG(s) 'example_skip_dag' retrieved from /home/airflow/.local/lib/python3.12/site-packages/airflow/example_dags/example_skip_dag.py
[2025-01-31T20:59:58.940+0000] {logging_mixin.py:190} INFO - [2025-01-31T20:59:58.940+0000] {dag.py:3239} INFO - Sync 1 DAGs
[2025-01-31T20:59:58.980+0000] {logging_mixin.py:190} INFO - [2025-01-31T20:59:58.980+0000] {dag.py:4180} INFO - Setting next_dagrun for example_skip_dag to 2025-01-30 00:00:00+00:00, run_after=2025-01-31 00:00:00+00:00
[2025-01-31T20:59:59.011+0000] {processor.py:208} INFO - Processing /home/airflow/.local/lib/python3.12/site-packages/airflow/example_dags/example_skip_dag.py took 0.169 seconds
[2025-01-31T21:00:29.772+0000] {processor.py:186} INFO - Started process (PID=1077) to work on /home/airflow/.local/lib/python3.12/site-packages/airflow/example_dags/example_skip_dag.py
[2025-01-31T21:00:29.772+0000] {processor.py:914} INFO - Processing file /home/airflow/.local/lib/python3.12/site-packages/airflow/example_dags/example_skip_dag.py for tasks to queue
[2025-01-31T21:00:29.775+0000] {logging_mixin.py:190} INFO - [2025-01-31T21:00:29.775+0000] {dagbag.py:588} INFO - Filling up the DagBag from /home/airflow/.local/lib/python3.12/site-packages/airflow/example_dags/example_skip_dag.py
[2025-01-31T21:00:29.795+0000] {processor.py:925} INFO - DAG(s) 'example_skip_dag' retrieved from /home/airflow/.local/lib/python3.12/site-packages/airflow/example_dags/example_skip_dag.py
[2025-01-31T21:00:29.853+0000] {logging_mixin.py:190} INFO - [2025-01-31T21:00:29.852+0000] {dag.py:3239} INFO - Sync 1 DAGs
[2025-01-31T21:00:29.922+0000] {logging_mixin.py:190} INFO - [2025-01-31T21:00:29.922+0000] {dag.py:4180} INFO - Setting next_dagrun for example_skip_dag to 2025-01-30 00:00:00+00:00, run_after=2025-01-31 00:00:00+00:00
[2025-01-31T21:00:29.957+0000] {processor.py:208} INFO - Processing /home/airflow/.local/lib/python3.12/site-packages/airflow/example_dags/example_skip_dag.py took 0.202 seconds
[2025-01-31T21:01:00.800+0000] {processor.py:186} INFO - Started process (PID=1141) to work on /home/airflow/.local/lib/python3.12/site-packages/airflow/example_dags/example_skip_dag.py
[2025-01-31T21:01:00.801+0000] {processor.py:914} INFO - Processing file /home/airflow/.local/lib/python3.12/site-packages/airflow/example_dags/example_skip_dag.py for tasks to queue
[2025-01-31T21:01:00.803+0000] {logging_mixin.py:190} INFO - [2025-01-31T21:01:00.803+0000] {dagbag.py:588} INFO - Filling up the DagBag from /home/airflow/.local/lib/python3.12/site-packages/airflow/example_dags/example_skip_dag.py
[2025-01-31T21:01:00.812+0000] {processor.py:925} INFO - DAG(s) 'example_skip_dag' retrieved from /home/airflow/.local/lib/python3.12/site-packages/airflow/example_dags/example_skip_dag.py
[2025-01-31T21:01:00.833+0000] {logging_mixin.py:190} INFO - [2025-01-31T21:01:00.833+0000] {dag.py:3239} INFO - Sync 1 DAGs
[2025-01-31T21:01:00.856+0000] {logging_mixin.py:190} INFO - [2025-01-31T21:01:00.855+0000] {dag.py:4180} INFO - Setting next_dagrun for example_skip_dag to 2025-01-30 00:00:00+00:00, run_after=2025-01-31 00:00:00+00:00
[2025-01-31T21:01:00.872+0000] {processor.py:208} INFO - Processing /home/airflow/.local/lib/python3.12/site-packages/airflow/example_dags/example_skip_dag.py took 0.078 seconds
[2025-01-31T21:01:31.285+0000] {processor.py:186} INFO - Started process (PID=1204) to work on /home/airflow/.local/lib/python3.12/site-packages/airflow/example_dags/example_skip_dag.py
[2025-01-31T21:01:31.286+0000] {processor.py:914} INFO - Processing file /home/airflow/.local/lib/python3.12/site-packages/airflow/example_dags/example_skip_dag.py for tasks to queue
[2025-01-31T21:01:31.289+0000] {logging_mixin.py:190} INFO - [2025-01-31T21:01:31.288+0000] {dagbag.py:588} INFO - Filling up the DagBag from /home/airflow/.local/lib/python3.12/site-packages/airflow/example_dags/example_skip_dag.py
[2025-01-31T21:01:31.297+0000] {processor.py:925} INFO - DAG(s) 'example_skip_dag' retrieved from /home/airflow/.local/lib/python3.12/site-packages/airflow/example_dags/example_skip_dag.py
[2025-01-31T21:01:31.324+0000] {logging_mixin.py:190} INFO - [2025-01-31T21:01:31.323+0000] {dag.py:3239} INFO - Sync 1 DAGs
[2025-01-31T21:01:31.349+0000] {logging_mixin.py:190} INFO - [2025-01-31T21:01:31.349+0000] {dag.py:4180} INFO - Setting next_dagrun for example_skip_dag to 2025-01-30 00:00:00+00:00, run_after=2025-01-31 00:00:00+00:00
[2025-01-31T21:01:31.366+0000] {processor.py:208} INFO - Processing /home/airflow/.local/lib/python3.12/site-packages/airflow/example_dags/example_skip_dag.py took 0.105 seconds
[2025-01-31T21:02:01.438+0000] {processor.py:186} INFO - Started process (PID=1266) to work on /home/airflow/.local/lib/python3.12/site-packages/airflow/example_dags/example_skip_dag.py
[2025-01-31T21:02:01.439+0000] {processor.py:914} INFO - Processing file /home/airflow/.local/lib/python3.12/site-packages/airflow/example_dags/example_skip_dag.py for tasks to queue
[2025-01-31T21:02:01.441+0000] {logging_mixin.py:190} INFO - [2025-01-31T21:02:01.440+0000] {dagbag.py:588} INFO - Filling up the DagBag from /home/airflow/.local/lib/python3.12/site-packages/airflow/example_dags/example_skip_dag.py
[2025-01-31T21:02:01.446+0000] {processor.py:925} INFO - DAG(s) 'example_skip_dag' retrieved from /home/airflow/.local/lib/python3.12/site-packages/airflow/example_dags/example_skip_dag.py
[2025-01-31T21:02:01.462+0000] {logging_mixin.py:190} INFO - [2025-01-31T21:02:01.462+0000] {dag.py:3239} INFO - Sync 1 DAGs
[2025-01-31T21:02:01.478+0000] {logging_mixin.py:190} INFO - [2025-01-31T21:02:01.478+0000] {dag.py:4180} INFO - Setting next_dagrun for example_skip_dag to 2025-01-30 00:00:00+00:00, run_after=2025-01-31 00:00:00+00:00
[2025-01-31T21:02:01.490+0000] {processor.py:208} INFO - Processing /home/airflow/.local/lib/python3.12/site-packages/airflow/example_dags/example_skip_dag.py took 0.056 seconds
[2025-01-31T21:02:31.752+0000] {processor.py:186} INFO - Started process (PID=1330) to work on /home/airflow/.local/lib/python3.12/site-packages/airflow/example_dags/example_skip_dag.py
[2025-01-31T21:02:31.753+0000] {processor.py:914} INFO - Processing file /home/airflow/.local/lib/python3.12/site-packages/airflow/example_dags/example_skip_dag.py for tasks to queue
[2025-01-31T21:02:31.755+0000] {logging_mixin.py:190} INFO - [2025-01-31T21:02:31.754+0000] {dagbag.py:588} INFO - Filling up the DagBag from /home/airflow/.local/lib/python3.12/site-packages/airflow/example_dags/example_skip_dag.py
[2025-01-31T21:02:31.760+0000] {processor.py:925} INFO - DAG(s) 'example_skip_dag' retrieved from /home/airflow/.local/lib/python3.12/site-packages/airflow/example_dags/example_skip_dag.py
[2025-01-31T21:02:31.785+0000] {logging_mixin.py:190} INFO - [2025-01-31T21:02:31.785+0000] {dag.py:3239} INFO - Sync 1 DAGs
[2025-01-31T21:02:31.811+0000] {logging_mixin.py:190} INFO - [2025-01-31T21:02:31.811+0000] {dag.py:4180} INFO - Setting next_dagrun for example_skip_dag to 2025-01-30 00:00:00+00:00, run_after=2025-01-31 00:00:00+00:00
[2025-01-31T21:02:31.826+0000] {processor.py:208} INFO - Processing /home/airflow/.local/lib/python3.12/site-packages/airflow/example_dags/example_skip_dag.py took 0.079 seconds
[2025-01-31T21:03:02.133+0000] {processor.py:186} INFO - Started process (PID=1394) to work on /home/airflow/.local/lib/python3.12/site-packages/airflow/example_dags/example_skip_dag.py
[2025-01-31T21:03:02.134+0000] {processor.py:914} INFO - Processing file /home/airflow/.local/lib/python3.12/site-packages/airflow/example_dags/example_skip_dag.py for tasks to queue
[2025-01-31T21:03:02.136+0000] {logging_mixin.py:190} INFO - [2025-01-31T21:03:02.136+0000] {dagbag.py:588} INFO - Filling up the DagBag from /home/airflow/.local/lib/python3.12/site-packages/airflow/example_dags/example_skip_dag.py
[2025-01-31T21:03:02.144+0000] {processor.py:925} INFO - DAG(s) 'example_skip_dag' retrieved from /home/airflow/.local/lib/python3.12/site-packages/airflow/example_dags/example_skip_dag.py
[2025-01-31T21:03:02.164+0000] {logging_mixin.py:190} INFO - [2025-01-31T21:03:02.164+0000] {dag.py:3239} INFO - Sync 1 DAGs
[2025-01-31T21:03:02.188+0000] {logging_mixin.py:190} INFO - [2025-01-31T21:03:02.188+0000] {dag.py:4180} INFO - Setting next_dagrun for example_skip_dag to 2025-01-30 00:00:00+00:00, run_after=2025-01-31 00:00:00+00:00
[2025-01-31T21:03:02.203+0000] {processor.py:208} INFO - Processing /home/airflow/.local/lib/python3.12/site-packages/airflow/example_dags/example_skip_dag.py took 0.075 seconds
[2025-01-31T21:03:32.624+0000] {processor.py:186} INFO - Started process (PID=1458) to work on /home/airflow/.local/lib/python3.12/site-packages/airflow/example_dags/example_skip_dag.py
[2025-01-31T21:03:32.626+0000] {processor.py:914} INFO - Processing file /home/airflow/.local/lib/python3.12/site-packages/airflow/example_dags/example_skip_dag.py for tasks to queue
[2025-01-31T21:03:32.630+0000] {logging_mixin.py:190} INFO - [2025-01-31T21:03:32.630+0000] {dagbag.py:588} INFO - Filling up the DagBag from /home/airflow/.local/lib/python3.12/site-packages/airflow/example_dags/example_skip_dag.py
[2025-01-31T21:03:32.639+0000] {processor.py:925} INFO - DAG(s) 'example_skip_dag' retrieved from /home/airflow/.local/lib/python3.12/site-packages/airflow/example_dags/example_skip_dag.py
[2025-01-31T21:03:32.666+0000] {logging_mixin.py:190} INFO - [2025-01-31T21:03:32.666+0000] {dag.py:3239} INFO - Sync 1 DAGs
[2025-01-31T21:03:32.691+0000] {logging_mixin.py:190} INFO - [2025-01-31T21:03:32.691+0000] {dag.py:4180} INFO - Setting next_dagrun for example_skip_dag to 2025-01-30 00:00:00+00:00, run_after=2025-01-31 00:00:00+00:00
[2025-01-31T21:03:32.718+0000] {processor.py:208} INFO - Processing /home/airflow/.local/lib/python3.12/site-packages/airflow/example_dags/example_skip_dag.py took 0.104 seconds
[2025-01-31T21:04:03.206+0000] {processor.py:186} INFO - Started process (PID=1522) to work on /home/airflow/.local/lib/python3.12/site-packages/airflow/example_dags/example_skip_dag.py
[2025-01-31T21:04:03.207+0000] {processor.py:914} INFO - Processing file /home/airflow/.local/lib/python3.12/site-packages/airflow/example_dags/example_skip_dag.py for tasks to queue
[2025-01-31T21:04:03.210+0000] {logging_mixin.py:190} INFO - [2025-01-31T21:04:03.209+0000] {dagbag.py:588} INFO - Filling up the DagBag from /home/airflow/.local/lib/python3.12/site-packages/airflow/example_dags/example_skip_dag.py
[2025-01-31T21:04:03.222+0000] {processor.py:925} INFO - DAG(s) 'example_skip_dag' retrieved from /home/airflow/.local/lib/python3.12/site-packages/airflow/example_dags/example_skip_dag.py
[2025-01-31T21:04:03.245+0000] {logging_mixin.py:190} INFO - [2025-01-31T21:04:03.245+0000] {dag.py:3239} INFO - Sync 1 DAGs
[2025-01-31T21:04:03.273+0000] {logging_mixin.py:190} INFO - [2025-01-31T21:04:03.273+0000] {dag.py:4180} INFO - Setting next_dagrun for example_skip_dag to 2025-01-30 00:00:00+00:00, run_after=2025-01-31 00:00:00+00:00
[2025-01-31T21:04:03.295+0000] {processor.py:208} INFO - Processing /home/airflow/.local/lib/python3.12/site-packages/airflow/example_dags/example_skip_dag.py took 0.096 seconds
[2025-01-31T21:04:33.791+0000] {processor.py:186} INFO - Started process (PID=1584) to work on /home/airflow/.local/lib/python3.12/site-packages/airflow/example_dags/example_skip_dag.py
[2025-01-31T21:04:33.792+0000] {processor.py:914} INFO - Processing file /home/airflow/.local/lib/python3.12/site-packages/airflow/example_dags/example_skip_dag.py for tasks to queue
[2025-01-31T21:04:33.794+0000] {logging_mixin.py:190} INFO - [2025-01-31T21:04:33.794+0000] {dagbag.py:588} INFO - Filling up the DagBag from /home/airflow/.local/lib/python3.12/site-packages/airflow/example_dags/example_skip_dag.py
[2025-01-31T21:04:33.802+0000] {processor.py:925} INFO - DAG(s) 'example_skip_dag' retrieved from /home/airflow/.local/lib/python3.12/site-packages/airflow/example_dags/example_skip_dag.py
[2025-01-31T21:04:33.825+0000] {logging_mixin.py:190} INFO - [2025-01-31T21:04:33.825+0000] {dag.py:3239} INFO - Sync 1 DAGs
[2025-01-31T21:04:33.849+0000] {logging_mixin.py:190} INFO - [2025-01-31T21:04:33.849+0000] {dag.py:4180} INFO - Setting next_dagrun for example_skip_dag to 2025-01-30 00:00:00+00:00, run_after=2025-01-31 00:00:00+00:00
[2025-01-31T21:04:33.866+0000] {processor.py:208} INFO - Processing /home/airflow/.local/lib/python3.12/site-packages/airflow/example_dags/example_skip_dag.py took 0.081 seconds
[2025-01-31T21:05:04.451+0000] {processor.py:186} INFO - Started process (PID=1648) to work on /home/airflow/.local/lib/python3.12/site-packages/airflow/example_dags/example_skip_dag.py
[2025-01-31T21:05:04.452+0000] {processor.py:914} INFO - Processing file /home/airflow/.local/lib/python3.12/site-packages/airflow/example_dags/example_skip_dag.py for tasks to queue
[2025-01-31T21:05:04.454+0000] {logging_mixin.py:190} INFO - [2025-01-31T21:05:04.454+0000] {dagbag.py:588} INFO - Filling up the DagBag from /home/airflow/.local/lib/python3.12/site-packages/airflow/example_dags/example_skip_dag.py
[2025-01-31T21:05:04.462+0000] {processor.py:925} INFO - DAG(s) 'example_skip_dag' retrieved from /home/airflow/.local/lib/python3.12/site-packages/airflow/example_dags/example_skip_dag.py
[2025-01-31T21:05:04.484+0000] {logging_mixin.py:190} INFO - [2025-01-31T21:05:04.483+0000] {dag.py:3239} INFO - Sync 1 DAGs
[2025-01-31T21:05:04.508+0000] {logging_mixin.py:190} INFO - [2025-01-31T21:05:04.507+0000] {dag.py:4180} INFO - Setting next_dagrun for example_skip_dag to 2025-01-30 00:00:00+00:00, run_after=2025-01-31 00:00:00+00:00
[2025-01-31T21:05:04.526+0000] {processor.py:208} INFO - Processing /home/airflow/.local/lib/python3.12/site-packages/airflow/example_dags/example_skip_dag.py took 0.081 seconds
[2025-01-31T21:05:34.989+0000] {processor.py:186} INFO - Started process (PID=1711) to work on /home/airflow/.local/lib/python3.12/site-packages/airflow/example_dags/example_skip_dag.py
[2025-01-31T21:05:34.989+0000] {processor.py:914} INFO - Processing file /home/airflow/.local/lib/python3.12/site-packages/airflow/example_dags/example_skip_dag.py for tasks to queue
[2025-01-31T21:05:34.992+0000] {logging_mixin.py:190} INFO - [2025-01-31T21:05:34.992+0000] {dagbag.py:588} INFO - Filling up the DagBag from /home/airflow/.local/lib/python3.12/site-packages/airflow/example_dags/example_skip_dag.py
[2025-01-31T21:05:35.000+0000] {processor.py:925} INFO - DAG(s) 'example_skip_dag' retrieved from /home/airflow/.local/lib/python3.12/site-packages/airflow/example_dags/example_skip_dag.py
[2025-01-31T21:05:35.021+0000] {logging_mixin.py:190} INFO - [2025-01-31T21:05:35.020+0000] {dag.py:3239} INFO - Sync 1 DAGs
[2025-01-31T21:05:35.044+0000] {logging_mixin.py:190} INFO - [2025-01-31T21:05:35.044+0000] {dag.py:4180} INFO - Setting next_dagrun for example_skip_dag to 2025-01-30 00:00:00+00:00, run_after=2025-01-31 00:00:00+00:00
[2025-01-31T21:05:35.061+0000] {processor.py:208} INFO - Processing /home/airflow/.local/lib/python3.12/site-packages/airflow/example_dags/example_skip_dag.py took 0.078 seconds
[2025-01-31T21:06:05.378+0000] {processor.py:186} INFO - Started process (PID=1774) to work on /home/airflow/.local/lib/python3.12/site-packages/airflow/example_dags/example_skip_dag.py
[2025-01-31T21:06:05.379+0000] {processor.py:914} INFO - Processing file /home/airflow/.local/lib/python3.12/site-packages/airflow/example_dags/example_skip_dag.py for tasks to queue
[2025-01-31T21:06:05.382+0000] {logging_mixin.py:190} INFO - [2025-01-31T21:06:05.381+0000] {dagbag.py:588} INFO - Filling up the DagBag from /home/airflow/.local/lib/python3.12/site-packages/airflow/example_dags/example_skip_dag.py
[2025-01-31T21:06:05.391+0000] {processor.py:925} INFO - DAG(s) 'example_skip_dag' retrieved from /home/airflow/.local/lib/python3.12/site-packages/airflow/example_dags/example_skip_dag.py
[2025-01-31T21:06:05.414+0000] {logging_mixin.py:190} INFO - [2025-01-31T21:06:05.414+0000] {dag.py:3239} INFO - Sync 1 DAGs
[2025-01-31T21:06:05.439+0000] {logging_mixin.py:190} INFO - [2025-01-31T21:06:05.439+0000] {dag.py:4180} INFO - Setting next_dagrun for example_skip_dag to 2025-01-30 00:00:00+00:00, run_after=2025-01-31 00:00:00+00:00
[2025-01-31T21:06:05.455+0000] {processor.py:208} INFO - Processing /home/airflow/.local/lib/python3.12/site-packages/airflow/example_dags/example_skip_dag.py took 0.085 seconds
[2025-01-31T21:06:35.871+0000] {processor.py:186} INFO - Started process (PID=1837) to work on /home/airflow/.local/lib/python3.12/site-packages/airflow/example_dags/example_skip_dag.py
[2025-01-31T21:06:35.872+0000] {processor.py:914} INFO - Processing file /home/airflow/.local/lib/python3.12/site-packages/airflow/example_dags/example_skip_dag.py for tasks to queue
[2025-01-31T21:06:35.875+0000] {logging_mixin.py:190} INFO - [2025-01-31T21:06:35.874+0000] {dagbag.py:588} INFO - Filling up the DagBag from /home/airflow/.local/lib/python3.12/site-packages/airflow/example_dags/example_skip_dag.py
[2025-01-31T21:06:35.883+0000] {processor.py:925} INFO - DAG(s) 'example_skip_dag' retrieved from /home/airflow/.local/lib/python3.12/site-packages/airflow/example_dags/example_skip_dag.py
[2025-01-31T21:06:35.906+0000] {logging_mixin.py:190} INFO - [2025-01-31T21:06:35.906+0000] {dag.py:3239} INFO - Sync 1 DAGs
[2025-01-31T21:06:35.934+0000] {logging_mixin.py:190} INFO - [2025-01-31T21:06:35.934+0000] {dag.py:4180} INFO - Setting next_dagrun for example_skip_dag to 2025-01-30 00:00:00+00:00, run_after=2025-01-31 00:00:00+00:00
[2025-01-31T21:06:35.954+0000] {processor.py:208} INFO - Processing /home/airflow/.local/lib/python3.12/site-packages/airflow/example_dags/example_skip_dag.py took 0.089 seconds
[2025-01-31T21:07:06.728+0000] {processor.py:186} INFO - Started process (PID=1900) to work on /home/airflow/.local/lib/python3.12/site-packages/airflow/example_dags/example_skip_dag.py
[2025-01-31T21:07:06.729+0000] {processor.py:914} INFO - Processing file /home/airflow/.local/lib/python3.12/site-packages/airflow/example_dags/example_skip_dag.py for tasks to queue
[2025-01-31T21:07:06.732+0000] {logging_mixin.py:190} INFO - [2025-01-31T21:07:06.731+0000] {dagbag.py:588} INFO - Filling up the DagBag from /home/airflow/.local/lib/python3.12/site-packages/airflow/example_dags/example_skip_dag.py
[2025-01-31T21:07:06.750+0000] {processor.py:925} INFO - DAG(s) 'example_skip_dag' retrieved from /home/airflow/.local/lib/python3.12/site-packages/airflow/example_dags/example_skip_dag.py
[2025-01-31T21:07:06.801+0000] {logging_mixin.py:190} INFO - [2025-01-31T21:07:06.800+0000] {dag.py:3239} INFO - Sync 1 DAGs
[2025-01-31T21:07:06.840+0000] {logging_mixin.py:190} INFO - [2025-01-31T21:07:06.840+0000] {dag.py:4180} INFO - Setting next_dagrun for example_skip_dag to 2025-01-30 00:00:00+00:00, run_after=2025-01-31 00:00:00+00:00
[2025-01-31T21:07:06.872+0000] {processor.py:208} INFO - Processing /home/airflow/.local/lib/python3.12/site-packages/airflow/example_dags/example_skip_dag.py took 0.150 seconds
[2025-01-31T21:07:37.524+0000] {processor.py:186} INFO - Started process (PID=1962) to work on /home/airflow/.local/lib/python3.12/site-packages/airflow/example_dags/example_skip_dag.py
[2025-01-31T21:07:37.525+0000] {processor.py:914} INFO - Processing file /home/airflow/.local/lib/python3.12/site-packages/airflow/example_dags/example_skip_dag.py for tasks to queue
[2025-01-31T21:07:37.528+0000] {logging_mixin.py:190} INFO - [2025-01-31T21:07:37.527+0000] {dagbag.py:588} INFO - Filling up the DagBag from /home/airflow/.local/lib/python3.12/site-packages/airflow/example_dags/example_skip_dag.py
[2025-01-31T21:07:37.539+0000] {processor.py:925} INFO - DAG(s) 'example_skip_dag' retrieved from /home/airflow/.local/lib/python3.12/site-packages/airflow/example_dags/example_skip_dag.py
[2025-01-31T21:07:37.561+0000] {logging_mixin.py:190} INFO - [2025-01-31T21:07:37.561+0000] {dag.py:3239} INFO - Sync 1 DAGs
[2025-01-31T21:07:37.585+0000] {logging_mixin.py:190} INFO - [2025-01-31T21:07:37.585+0000] {dag.py:4180} INFO - Setting next_dagrun for example_skip_dag to 2025-01-30 00:00:00+00:00, run_after=2025-01-31 00:00:00+00:00
[2025-01-31T21:07:37.600+0000] {processor.py:208} INFO - Processing /home/airflow/.local/lib/python3.12/site-packages/airflow/example_dags/example_skip_dag.py took 0.083 seconds
[2025-01-31T21:08:08.555+0000] {processor.py:186} INFO - Started process (PID=2025) to work on /home/airflow/.local/lib/python3.12/site-packages/airflow/example_dags/example_skip_dag.py
[2025-01-31T21:08:08.556+0000] {processor.py:914} INFO - Processing file /home/airflow/.local/lib/python3.12/site-packages/airflow/example_dags/example_skip_dag.py for tasks to queue
[2025-01-31T21:08:08.558+0000] {logging_mixin.py:190} INFO - [2025-01-31T21:08:08.558+0000] {dagbag.py:588} INFO - Filling up the DagBag from /home/airflow/.local/lib/python3.12/site-packages/airflow/example_dags/example_skip_dag.py
[2025-01-31T21:08:08.566+0000] {processor.py:925} INFO - DAG(s) 'example_skip_dag' retrieved from /home/airflow/.local/lib/python3.12/site-packages/airflow/example_dags/example_skip_dag.py
[2025-01-31T21:08:08.588+0000] {logging_mixin.py:190} INFO - [2025-01-31T21:08:08.587+0000] {dag.py:3239} INFO - Sync 1 DAGs
[2025-01-31T21:08:08.613+0000] {logging_mixin.py:190} INFO - [2025-01-31T21:08:08.612+0000] {dag.py:4180} INFO - Setting next_dagrun for example_skip_dag to 2025-01-30 00:00:00+00:00, run_after=2025-01-31 00:00:00+00:00
[2025-01-31T21:08:08.630+0000] {processor.py:208} INFO - Processing /home/airflow/.local/lib/python3.12/site-packages/airflow/example_dags/example_skip_dag.py took 0.082 seconds
[2025-01-31T21:08:38.928+0000] {processor.py:186} INFO - Started process (PID=2088) to work on /home/airflow/.local/lib/python3.12/site-packages/airflow/example_dags/example_skip_dag.py
[2025-01-31T21:08:38.929+0000] {processor.py:914} INFO - Processing file /home/airflow/.local/lib/python3.12/site-packages/airflow/example_dags/example_skip_dag.py for tasks to queue
[2025-01-31T21:08:38.932+0000] {logging_mixin.py:190} INFO - [2025-01-31T21:08:38.931+0000] {dagbag.py:588} INFO - Filling up the DagBag from /home/airflow/.local/lib/python3.12/site-packages/airflow/example_dags/example_skip_dag.py
[2025-01-31T21:08:38.940+0000] {processor.py:925} INFO - DAG(s) 'example_skip_dag' retrieved from /home/airflow/.local/lib/python3.12/site-packages/airflow/example_dags/example_skip_dag.py
[2025-01-31T21:08:38.961+0000] {logging_mixin.py:190} INFO - [2025-01-31T21:08:38.961+0000] {dag.py:3239} INFO - Sync 1 DAGs
[2025-01-31T21:08:38.985+0000] {logging_mixin.py:190} INFO - [2025-01-31T21:08:38.985+0000] {dag.py:4180} INFO - Setting next_dagrun for example_skip_dag to 2025-01-30 00:00:00+00:00, run_after=2025-01-31 00:00:00+00:00
[2025-01-31T21:08:39.001+0000] {processor.py:208} INFO - Processing /home/airflow/.local/lib/python3.12/site-packages/airflow/example_dags/example_skip_dag.py took 0.078 seconds
[2025-01-31T21:09:09.440+0000] {processor.py:186} INFO - Started process (PID=2152) to work on /home/airflow/.local/lib/python3.12/site-packages/airflow/example_dags/example_skip_dag.py
[2025-01-31T21:09:09.441+0000] {processor.py:914} INFO - Processing file /home/airflow/.local/lib/python3.12/site-packages/airflow/example_dags/example_skip_dag.py for tasks to queue
[2025-01-31T21:09:09.442+0000] {logging_mixin.py:190} INFO - [2025-01-31T21:09:09.442+0000] {dagbag.py:588} INFO - Filling up the DagBag from /home/airflow/.local/lib/python3.12/site-packages/airflow/example_dags/example_skip_dag.py
[2025-01-31T21:09:09.449+0000] {processor.py:925} INFO - DAG(s) 'example_skip_dag' retrieved from /home/airflow/.local/lib/python3.12/site-packages/airflow/example_dags/example_skip_dag.py
[2025-01-31T21:09:09.464+0000] {logging_mixin.py:190} INFO - [2025-01-31T21:09:09.464+0000] {dag.py:3239} INFO - Sync 1 DAGs
[2025-01-31T21:09:09.481+0000] {logging_mixin.py:190} INFO - [2025-01-31T21:09:09.481+0000] {dag.py:4180} INFO - Setting next_dagrun for example_skip_dag to 2025-01-30 00:00:00+00:00, run_after=2025-01-31 00:00:00+00:00
[2025-01-31T21:09:09.493+0000] {processor.py:208} INFO - Processing /home/airflow/.local/lib/python3.12/site-packages/airflow/example_dags/example_skip_dag.py took 0.057 seconds
[2025-01-31T21:09:40.031+0000] {processor.py:186} INFO - Started process (PID=2215) to work on /home/airflow/.local/lib/python3.12/site-packages/airflow/example_dags/example_skip_dag.py
[2025-01-31T21:09:40.032+0000] {processor.py:914} INFO - Processing file /home/airflow/.local/lib/python3.12/site-packages/airflow/example_dags/example_skip_dag.py for tasks to queue
[2025-01-31T21:09:40.035+0000] {logging_mixin.py:190} INFO - [2025-01-31T21:09:40.035+0000] {dagbag.py:588} INFO - Filling up the DagBag from /home/airflow/.local/lib/python3.12/site-packages/airflow/example_dags/example_skip_dag.py
[2025-01-31T21:09:40.043+0000] {processor.py:925} INFO - DAG(s) 'example_skip_dag' retrieved from /home/airflow/.local/lib/python3.12/site-packages/airflow/example_dags/example_skip_dag.py
[2025-01-31T21:09:40.064+0000] {logging_mixin.py:190} INFO - [2025-01-31T21:09:40.064+0000] {dag.py:3239} INFO - Sync 1 DAGs
[2025-01-31T21:09:40.088+0000] {logging_mixin.py:190} INFO - [2025-01-31T21:09:40.088+0000] {dag.py:4180} INFO - Setting next_dagrun for example_skip_dag to 2025-01-30 00:00:00+00:00, run_after=2025-01-31 00:00:00+00:00
[2025-01-31T21:09:40.106+0000] {processor.py:208} INFO - Processing /home/airflow/.local/lib/python3.12/site-packages/airflow/example_dags/example_skip_dag.py took 0.081 seconds
[2025-01-31T21:10:10.378+0000] {processor.py:186} INFO - Started process (PID=2279) to work on /home/airflow/.local/lib/python3.12/site-packages/airflow/example_dags/example_skip_dag.py
[2025-01-31T21:10:10.379+0000] {processor.py:914} INFO - Processing file /home/airflow/.local/lib/python3.12/site-packages/airflow/example_dags/example_skip_dag.py for tasks to queue
[2025-01-31T21:10:10.381+0000] {logging_mixin.py:190} INFO - [2025-01-31T21:10:10.381+0000] {dagbag.py:588} INFO - Filling up the DagBag from /home/airflow/.local/lib/python3.12/site-packages/airflow/example_dags/example_skip_dag.py
[2025-01-31T21:10:10.390+0000] {processor.py:925} INFO - DAG(s) 'example_skip_dag' retrieved from /home/airflow/.local/lib/python3.12/site-packages/airflow/example_dags/example_skip_dag.py
[2025-01-31T21:10:10.410+0000] {logging_mixin.py:190} INFO - [2025-01-31T21:10:10.410+0000] {dag.py:3239} INFO - Sync 1 DAGs
[2025-01-31T21:10:10.432+0000] {logging_mixin.py:190} INFO - [2025-01-31T21:10:10.432+0000] {dag.py:4180} INFO - Setting next_dagrun for example_skip_dag to 2025-01-30 00:00:00+00:00, run_after=2025-01-31 00:00:00+00:00
[2025-01-31T21:10:10.448+0000] {processor.py:208} INFO - Processing /home/airflow/.local/lib/python3.12/site-packages/airflow/example_dags/example_skip_dag.py took 0.076 seconds
[2025-01-31T21:10:41.118+0000] {processor.py:186} INFO - Started process (PID=2342) to work on /home/airflow/.local/lib/python3.12/site-packages/airflow/example_dags/example_skip_dag.py
[2025-01-31T21:10:41.119+0000] {processor.py:914} INFO - Processing file /home/airflow/.local/lib/python3.12/site-packages/airflow/example_dags/example_skip_dag.py for tasks to queue
[2025-01-31T21:10:41.121+0000] {logging_mixin.py:190} INFO - [2025-01-31T21:10:41.121+0000] {dagbag.py:588} INFO - Filling up the DagBag from /home/airflow/.local/lib/python3.12/site-packages/airflow/example_dags/example_skip_dag.py
[2025-01-31T21:10:41.129+0000] {processor.py:925} INFO - DAG(s) 'example_skip_dag' retrieved from /home/airflow/.local/lib/python3.12/site-packages/airflow/example_dags/example_skip_dag.py
[2025-01-31T21:10:41.149+0000] {logging_mixin.py:190} INFO - [2025-01-31T21:10:41.149+0000] {dag.py:3239} INFO - Sync 1 DAGs
[2025-01-31T21:10:41.172+0000] {logging_mixin.py:190} INFO - [2025-01-31T21:10:41.172+0000] {dag.py:4180} INFO - Setting next_dagrun for example_skip_dag to 2025-01-30 00:00:00+00:00, run_after=2025-01-31 00:00:00+00:00
[2025-01-31T21:10:41.189+0000] {processor.py:208} INFO - Processing /home/airflow/.local/lib/python3.12/site-packages/airflow/example_dags/example_skip_dag.py took 0.078 seconds
[2025-01-31T21:11:11.235+0000] {processor.py:186} INFO - Started process (PID=2405) to work on /home/airflow/.local/lib/python3.12/site-packages/airflow/example_dags/example_skip_dag.py
[2025-01-31T21:11:11.236+0000] {processor.py:914} INFO - Processing file /home/airflow/.local/lib/python3.12/site-packages/airflow/example_dags/example_skip_dag.py for tasks to queue
[2025-01-31T21:11:11.238+0000] {logging_mixin.py:190} INFO - [2025-01-31T21:11:11.238+0000] {dagbag.py:588} INFO - Filling up the DagBag from /home/airflow/.local/lib/python3.12/site-packages/airflow/example_dags/example_skip_dag.py
[2025-01-31T21:11:11.247+0000] {processor.py:925} INFO - DAG(s) 'example_skip_dag' retrieved from /home/airflow/.local/lib/python3.12/site-packages/airflow/example_dags/example_skip_dag.py
[2025-01-31T21:11:11.268+0000] {logging_mixin.py:190} INFO - [2025-01-31T21:11:11.268+0000] {dag.py:3239} INFO - Sync 1 DAGs
[2025-01-31T21:11:11.293+0000] {logging_mixin.py:190} INFO - [2025-01-31T21:11:11.293+0000] {dag.py:4180} INFO - Setting next_dagrun for example_skip_dag to 2025-01-30 00:00:00+00:00, run_after=2025-01-31 00:00:00+00:00
[2025-01-31T21:11:11.309+0000] {processor.py:208} INFO - Processing /home/airflow/.local/lib/python3.12/site-packages/airflow/example_dags/example_skip_dag.py took 0.080 seconds
[2025-01-31T21:11:41.912+0000] {processor.py:186} INFO - Started process (PID=2468) to work on /home/airflow/.local/lib/python3.12/site-packages/airflow/example_dags/example_skip_dag.py
[2025-01-31T21:11:41.913+0000] {processor.py:914} INFO - Processing file /home/airflow/.local/lib/python3.12/site-packages/airflow/example_dags/example_skip_dag.py for tasks to queue
[2025-01-31T21:11:41.916+0000] {logging_mixin.py:190} INFO - [2025-01-31T21:11:41.916+0000] {dagbag.py:588} INFO - Filling up the DagBag from /home/airflow/.local/lib/python3.12/site-packages/airflow/example_dags/example_skip_dag.py
[2025-01-31T21:11:41.926+0000] {processor.py:925} INFO - DAG(s) 'example_skip_dag' retrieved from /home/airflow/.local/lib/python3.12/site-packages/airflow/example_dags/example_skip_dag.py
[2025-01-31T21:11:41.953+0000] {logging_mixin.py:190} INFO - [2025-01-31T21:11:41.953+0000] {dag.py:3239} INFO - Sync 1 DAGs
[2025-01-31T21:11:41.983+0000] {logging_mixin.py:190} INFO - [2025-01-31T21:11:41.983+0000] {dag.py:4180} INFO - Setting next_dagrun for example_skip_dag to 2025-01-30 00:00:00+00:00, run_after=2025-01-31 00:00:00+00:00
[2025-01-31T21:11:42.009+0000] {processor.py:208} INFO - Processing /home/airflow/.local/lib/python3.12/site-packages/airflow/example_dags/example_skip_dag.py took 0.105 seconds
[2025-01-31T21:12:12.332+0000] {processor.py:186} INFO - Started process (PID=2531) to work on /home/airflow/.local/lib/python3.12/site-packages/airflow/example_dags/example_skip_dag.py
[2025-01-31T21:12:12.333+0000] {processor.py:914} INFO - Processing file /home/airflow/.local/lib/python3.12/site-packages/airflow/example_dags/example_skip_dag.py for tasks to queue
[2025-01-31T21:12:12.335+0000] {logging_mixin.py:190} INFO - [2025-01-31T21:12:12.335+0000] {dagbag.py:588} INFO - Filling up the DagBag from /home/airflow/.local/lib/python3.12/site-packages/airflow/example_dags/example_skip_dag.py
[2025-01-31T21:12:12.343+0000] {processor.py:925} INFO - DAG(s) 'example_skip_dag' retrieved from /home/airflow/.local/lib/python3.12/site-packages/airflow/example_dags/example_skip_dag.py
[2025-01-31T21:12:12.364+0000] {logging_mixin.py:190} INFO - [2025-01-31T21:12:12.364+0000] {dag.py:3239} INFO - Sync 1 DAGs
[2025-01-31T21:12:12.389+0000] {logging_mixin.py:190} INFO - [2025-01-31T21:12:12.389+0000] {dag.py:4180} INFO - Setting next_dagrun for example_skip_dag to 2025-01-30 00:00:00+00:00, run_after=2025-01-31 00:00:00+00:00
[2025-01-31T21:12:12.599+0000] {processor.py:208} INFO - Processing /home/airflow/.local/lib/python3.12/site-packages/airflow/example_dags/example_skip_dag.py took 0.273 seconds
[2025-01-31T21:12:42.715+0000] {processor.py:186} INFO - Started process (PID=2594) to work on /home/airflow/.local/lib/python3.12/site-packages/airflow/example_dags/example_skip_dag.py
[2025-01-31T21:12:42.716+0000] {processor.py:914} INFO - Processing file /home/airflow/.local/lib/python3.12/site-packages/airflow/example_dags/example_skip_dag.py for tasks to queue
[2025-01-31T21:12:42.718+0000] {logging_mixin.py:190} INFO - [2025-01-31T21:12:42.718+0000] {dagbag.py:588} INFO - Filling up the DagBag from /home/airflow/.local/lib/python3.12/site-packages/airflow/example_dags/example_skip_dag.py
[2025-01-31T21:12:42.726+0000] {processor.py:925} INFO - DAG(s) 'example_skip_dag' retrieved from /home/airflow/.local/lib/python3.12/site-packages/airflow/example_dags/example_skip_dag.py
[2025-01-31T21:12:42.746+0000] {logging_mixin.py:190} INFO - [2025-01-31T21:12:42.746+0000] {dag.py:3239} INFO - Sync 1 DAGs
[2025-01-31T21:12:42.769+0000] {logging_mixin.py:190} INFO - [2025-01-31T21:12:42.769+0000] {dag.py:4180} INFO - Setting next_dagrun for example_skip_dag to 2025-01-30 00:00:00+00:00, run_after=2025-01-31 00:00:00+00:00
[2025-01-31T21:12:42.786+0000] {processor.py:208} INFO - Processing /home/airflow/.local/lib/python3.12/site-packages/airflow/example_dags/example_skip_dag.py took 0.078 seconds
[2025-01-31T21:13:13.015+0000] {processor.py:186} INFO - Started process (PID=2657) to work on /home/airflow/.local/lib/python3.12/site-packages/airflow/example_dags/example_skip_dag.py
[2025-01-31T21:13:13.020+0000] {processor.py:914} INFO - Processing file /home/airflow/.local/lib/python3.12/site-packages/airflow/example_dags/example_skip_dag.py for tasks to queue
[2025-01-31T21:13:13.023+0000] {logging_mixin.py:190} INFO - [2025-01-31T21:13:13.022+0000] {dagbag.py:588} INFO - Filling up the DagBag from /home/airflow/.local/lib/python3.12/site-packages/airflow/example_dags/example_skip_dag.py
[2025-01-31T21:13:13.037+0000] {processor.py:925} INFO - DAG(s) 'example_skip_dag' retrieved from /home/airflow/.local/lib/python3.12/site-packages/airflow/example_dags/example_skip_dag.py
[2025-01-31T21:13:13.085+0000] {logging_mixin.py:190} INFO - [2025-01-31T21:13:13.084+0000] {dag.py:3239} INFO - Sync 1 DAGs
[2025-01-31T21:13:13.129+0000] {logging_mixin.py:190} INFO - [2025-01-31T21:13:13.129+0000] {dag.py:4180} INFO - Setting next_dagrun for example_skip_dag to 2025-01-30 00:00:00+00:00, run_after=2025-01-31 00:00:00+00:00
[2025-01-31T21:13:13.184+0000] {processor.py:208} INFO - Processing /home/airflow/.local/lib/python3.12/site-packages/airflow/example_dags/example_skip_dag.py took 0.180 seconds
[2025-01-31T21:13:43.582+0000] {processor.py:186} INFO - Started process (PID=2720) to work on /home/airflow/.local/lib/python3.12/site-packages/airflow/example_dags/example_skip_dag.py
[2025-01-31T21:13:43.583+0000] {processor.py:914} INFO - Processing file /home/airflow/.local/lib/python3.12/site-packages/airflow/example_dags/example_skip_dag.py for tasks to queue
[2025-01-31T21:13:43.586+0000] {logging_mixin.py:190} INFO - [2025-01-31T21:13:43.586+0000] {dagbag.py:588} INFO - Filling up the DagBag from /home/airflow/.local/lib/python3.12/site-packages/airflow/example_dags/example_skip_dag.py
[2025-01-31T21:13:43.594+0000] {processor.py:925} INFO - DAG(s) 'example_skip_dag' retrieved from /home/airflow/.local/lib/python3.12/site-packages/airflow/example_dags/example_skip_dag.py
[2025-01-31T21:13:43.615+0000] {logging_mixin.py:190} INFO - [2025-01-31T21:13:43.615+0000] {dag.py:3239} INFO - Sync 1 DAGs
[2025-01-31T21:13:43.640+0000] {logging_mixin.py:190} INFO - [2025-01-31T21:13:43.640+0000] {dag.py:4180} INFO - Setting next_dagrun for example_skip_dag to 2025-01-30 00:00:00+00:00, run_after=2025-01-31 00:00:00+00:00
[2025-01-31T21:13:43.658+0000] {processor.py:208} INFO - Processing /home/airflow/.local/lib/python3.12/site-packages/airflow/example_dags/example_skip_dag.py took 0.081 seconds
[2025-01-31T21:14:13.701+0000] {processor.py:186} INFO - Started process (PID=2782) to work on /home/airflow/.local/lib/python3.12/site-packages/airflow/example_dags/example_skip_dag.py
[2025-01-31T21:14:13.702+0000] {processor.py:914} INFO - Processing file /home/airflow/.local/lib/python3.12/site-packages/airflow/example_dags/example_skip_dag.py for tasks to queue
[2025-01-31T21:14:13.704+0000] {logging_mixin.py:190} INFO - [2025-01-31T21:14:13.704+0000] {dagbag.py:588} INFO - Filling up the DagBag from /home/airflow/.local/lib/python3.12/site-packages/airflow/example_dags/example_skip_dag.py
[2025-01-31T21:14:13.713+0000] {processor.py:925} INFO - DAG(s) 'example_skip_dag' retrieved from /home/airflow/.local/lib/python3.12/site-packages/airflow/example_dags/example_skip_dag.py
[2025-01-31T21:14:13.744+0000] {logging_mixin.py:190} INFO - [2025-01-31T21:14:13.744+0000] {dag.py:3239} INFO - Sync 1 DAGs
[2025-01-31T21:14:13.767+0000] {logging_mixin.py:190} INFO - [2025-01-31T21:14:13.767+0000] {dag.py:4180} INFO - Setting next_dagrun for example_skip_dag to 2025-01-30 00:00:00+00:00, run_after=2025-01-31 00:00:00+00:00
[2025-01-31T21:14:13.785+0000] {processor.py:208} INFO - Processing /home/airflow/.local/lib/python3.12/site-packages/airflow/example_dags/example_skip_dag.py took 0.090 seconds
[2025-01-31T21:14:44.212+0000] {processor.py:186} INFO - Started process (PID=2845) to work on /home/airflow/.local/lib/python3.12/site-packages/airflow/example_dags/example_skip_dag.py
[2025-01-31T21:14:44.216+0000] {processor.py:914} INFO - Processing file /home/airflow/.local/lib/python3.12/site-packages/airflow/example_dags/example_skip_dag.py for tasks to queue
[2025-01-31T21:14:44.218+0000] {logging_mixin.py:190} INFO - [2025-01-31T21:14:44.218+0000] {dagbag.py:588} INFO - Filling up the DagBag from /home/airflow/.local/lib/python3.12/site-packages/airflow/example_dags/example_skip_dag.py
[2025-01-31T21:14:44.235+0000] {processor.py:925} INFO - DAG(s) 'example_skip_dag' retrieved from /home/airflow/.local/lib/python3.12/site-packages/airflow/example_dags/example_skip_dag.py
[2025-01-31T21:14:44.277+0000] {logging_mixin.py:190} INFO - [2025-01-31T21:14:44.276+0000] {dag.py:3239} INFO - Sync 1 DAGs
[2025-01-31T21:14:44.322+0000] {logging_mixin.py:190} INFO - [2025-01-31T21:14:44.321+0000] {dag.py:4180} INFO - Setting next_dagrun for example_skip_dag to 2025-01-30 00:00:00+00:00, run_after=2025-01-31 00:00:00+00:00
[2025-01-31T21:14:44.392+0000] {processor.py:208} INFO - Processing /home/airflow/.local/lib/python3.12/site-packages/airflow/example_dags/example_skip_dag.py took 0.194 seconds
[2025-01-31T21:15:16.276+0000] {processor.py:186} INFO - Started process (PID=2909) to work on /home/airflow/.local/lib/python3.12/site-packages/airflow/example_dags/example_skip_dag.py
[2025-01-31T21:15:16.284+0000] {processor.py:914} INFO - Processing file /home/airflow/.local/lib/python3.12/site-packages/airflow/example_dags/example_skip_dag.py for tasks to queue
[2025-01-31T21:15:16.287+0000] {logging_mixin.py:190} INFO - [2025-01-31T21:15:16.286+0000] {dagbag.py:588} INFO - Filling up the DagBag from /home/airflow/.local/lib/python3.12/site-packages/airflow/example_dags/example_skip_dag.py
[2025-01-31T21:15:16.303+0000] {processor.py:925} INFO - DAG(s) 'example_skip_dag' retrieved from /home/airflow/.local/lib/python3.12/site-packages/airflow/example_dags/example_skip_dag.py
[2025-01-31T21:15:16.356+0000] {logging_mixin.py:190} INFO - [2025-01-31T21:15:16.355+0000] {dag.py:3239} INFO - Sync 1 DAGs
[2025-01-31T21:15:16.381+0000] {logging_mixin.py:190} INFO - [2025-01-31T21:15:16.381+0000] {dag.py:4180} INFO - Setting next_dagrun for example_skip_dag to 2025-01-30 00:00:00+00:00, run_after=2025-01-31 00:00:00+00:00
[2025-01-31T21:15:16.396+0000] {processor.py:208} INFO - Processing /home/airflow/.local/lib/python3.12/site-packages/airflow/example_dags/example_skip_dag.py took 0.132 seconds
[2025-01-31T21:15:47.183+0000] {processor.py:186} INFO - Started process (PID=2972) to work on /home/airflow/.local/lib/python3.12/site-packages/airflow/example_dags/example_skip_dag.py
[2025-01-31T21:15:47.184+0000] {processor.py:914} INFO - Processing file /home/airflow/.local/lib/python3.12/site-packages/airflow/example_dags/example_skip_dag.py for tasks to queue
[2025-01-31T21:15:47.187+0000] {logging_mixin.py:190} INFO - [2025-01-31T21:15:47.186+0000] {dagbag.py:588} INFO - Filling up the DagBag from /home/airflow/.local/lib/python3.12/site-packages/airflow/example_dags/example_skip_dag.py
[2025-01-31T21:15:47.195+0000] {processor.py:925} INFO - DAG(s) 'example_skip_dag' retrieved from /home/airflow/.local/lib/python3.12/site-packages/airflow/example_dags/example_skip_dag.py
[2025-01-31T21:15:47.217+0000] {logging_mixin.py:190} INFO - [2025-01-31T21:15:47.217+0000] {dag.py:3239} INFO - Sync 1 DAGs
[2025-01-31T21:15:47.243+0000] {logging_mixin.py:190} INFO - [2025-01-31T21:15:47.243+0000] {dag.py:4180} INFO - Setting next_dagrun for example_skip_dag to 2025-01-30 00:00:00+00:00, run_after=2025-01-31 00:00:00+00:00
[2025-01-31T21:15:47.260+0000] {processor.py:208} INFO - Processing /home/airflow/.local/lib/python3.12/site-packages/airflow/example_dags/example_skip_dag.py took 0.083 seconds
[2025-01-31T21:16:18.641+0000] {processor.py:186} INFO - Started process (PID=3036) to work on /home/airflow/.local/lib/python3.12/site-packages/airflow/example_dags/example_skip_dag.py
[2025-01-31T21:16:18.642+0000] {processor.py:914} INFO - Processing file /home/airflow/.local/lib/python3.12/site-packages/airflow/example_dags/example_skip_dag.py for tasks to queue
[2025-01-31T21:16:18.645+0000] {logging_mixin.py:190} INFO - [2025-01-31T21:16:18.644+0000] {dagbag.py:588} INFO - Filling up the DagBag from /home/airflow/.local/lib/python3.12/site-packages/airflow/example_dags/example_skip_dag.py
[2025-01-31T21:16:18.653+0000] {processor.py:925} INFO - DAG(s) 'example_skip_dag' retrieved from /home/airflow/.local/lib/python3.12/site-packages/airflow/example_dags/example_skip_dag.py
[2025-01-31T21:16:18.677+0000] {logging_mixin.py:190} INFO - [2025-01-31T21:16:18.676+0000] {dag.py:3239} INFO - Sync 1 DAGs
[2025-01-31T21:16:18.703+0000] {logging_mixin.py:190} INFO - [2025-01-31T21:16:18.703+0000] {dag.py:4180} INFO - Setting next_dagrun for example_skip_dag to 2025-01-30 00:00:00+00:00, run_after=2025-01-31 00:00:00+00:00
[2025-01-31T21:16:18.719+0000] {processor.py:208} INFO - Processing /home/airflow/.local/lib/python3.12/site-packages/airflow/example_dags/example_skip_dag.py took 0.085 seconds
[2025-01-31T21:16:49.288+0000] {processor.py:186} INFO - Started process (PID=3099) to work on /home/airflow/.local/lib/python3.12/site-packages/airflow/example_dags/example_skip_dag.py
[2025-01-31T21:16:49.288+0000] {processor.py:914} INFO - Processing file /home/airflow/.local/lib/python3.12/site-packages/airflow/example_dags/example_skip_dag.py for tasks to queue
[2025-01-31T21:16:49.291+0000] {logging_mixin.py:190} INFO - [2025-01-31T21:16:49.291+0000] {dagbag.py:588} INFO - Filling up the DagBag from /home/airflow/.local/lib/python3.12/site-packages/airflow/example_dags/example_skip_dag.py
[2025-01-31T21:16:49.300+0000] {processor.py:925} INFO - DAG(s) 'example_skip_dag' retrieved from /home/airflow/.local/lib/python3.12/site-packages/airflow/example_dags/example_skip_dag.py
[2025-01-31T21:16:49.322+0000] {logging_mixin.py:190} INFO - [2025-01-31T21:16:49.322+0000] {dag.py:3239} INFO - Sync 1 DAGs
[2025-01-31T21:16:49.347+0000] {logging_mixin.py:190} INFO - [2025-01-31T21:16:49.346+0000] {dag.py:4180} INFO - Setting next_dagrun for example_skip_dag to 2025-01-30 00:00:00+00:00, run_after=2025-01-31 00:00:00+00:00
[2025-01-31T21:16:49.363+0000] {processor.py:208} INFO - Processing /home/airflow/.local/lib/python3.12/site-packages/airflow/example_dags/example_skip_dag.py took 0.082 seconds
[2025-01-31T21:17:19.907+0000] {processor.py:186} INFO - Started process (PID=3162) to work on /home/airflow/.local/lib/python3.12/site-packages/airflow/example_dags/example_skip_dag.py
[2025-01-31T21:17:19.909+0000] {processor.py:914} INFO - Processing file /home/airflow/.local/lib/python3.12/site-packages/airflow/example_dags/example_skip_dag.py for tasks to queue
[2025-01-31T21:17:19.916+0000] {logging_mixin.py:190} INFO - [2025-01-31T21:17:19.915+0000] {dagbag.py:588} INFO - Filling up the DagBag from /home/airflow/.local/lib/python3.12/site-packages/airflow/example_dags/example_skip_dag.py
[2025-01-31T21:17:19.938+0000] {processor.py:925} INFO - DAG(s) 'example_skip_dag' retrieved from /home/airflow/.local/lib/python3.12/site-packages/airflow/example_dags/example_skip_dag.py
[2025-01-31T21:17:19.970+0000] {logging_mixin.py:190} INFO - [2025-01-31T21:17:19.970+0000] {dag.py:3239} INFO - Sync 1 DAGs
[2025-01-31T21:17:19.997+0000] {logging_mixin.py:190} INFO - [2025-01-31T21:17:19.997+0000] {dag.py:4180} INFO - Setting next_dagrun for example_skip_dag to 2025-01-30 00:00:00+00:00, run_after=2025-01-31 00:00:00+00:00
[2025-01-31T21:17:20.046+0000] {processor.py:208} INFO - Processing /home/airflow/.local/lib/python3.12/site-packages/airflow/example_dags/example_skip_dag.py took 0.152 seconds
[2025-01-31T21:17:50.710+0000] {processor.py:186} INFO - Started process (PID=3230) to work on /home/airflow/.local/lib/python3.12/site-packages/airflow/example_dags/example_skip_dag.py
[2025-01-31T21:17:50.710+0000] {processor.py:914} INFO - Processing file /home/airflow/.local/lib/python3.12/site-packages/airflow/example_dags/example_skip_dag.py for tasks to queue
[2025-01-31T21:17:50.713+0000] {logging_mixin.py:190} INFO - [2025-01-31T21:17:50.712+0000] {dagbag.py:588} INFO - Filling up the DagBag from /home/airflow/.local/lib/python3.12/site-packages/airflow/example_dags/example_skip_dag.py
[2025-01-31T21:17:50.721+0000] {processor.py:925} INFO - DAG(s) 'example_skip_dag' retrieved from /home/airflow/.local/lib/python3.12/site-packages/airflow/example_dags/example_skip_dag.py
[2025-01-31T21:17:50.743+0000] {logging_mixin.py:190} INFO - [2025-01-31T21:17:50.742+0000] {dag.py:3239} INFO - Sync 1 DAGs
[2025-01-31T21:17:50.768+0000] {logging_mixin.py:190} INFO - [2025-01-31T21:17:50.768+0000] {dag.py:4180} INFO - Setting next_dagrun for example_skip_dag to 2025-01-30 00:00:00+00:00, run_after=2025-01-31 00:00:00+00:00
[2025-01-31T21:17:50.785+0000] {processor.py:208} INFO - Processing /home/airflow/.local/lib/python3.12/site-packages/airflow/example_dags/example_skip_dag.py took 0.081 seconds
[2025-01-31T21:18:23.605+0000] {processor.py:186} INFO - Started process (PID=3293) to work on /home/airflow/.local/lib/python3.12/site-packages/airflow/example_dags/example_skip_dag.py
[2025-01-31T21:18:23.614+0000] {processor.py:914} INFO - Processing file /home/airflow/.local/lib/python3.12/site-packages/airflow/example_dags/example_skip_dag.py for tasks to queue
[2025-01-31T21:18:23.648+0000] {logging_mixin.py:190} INFO - [2025-01-31T21:18:23.647+0000] {dagbag.py:588} INFO - Filling up the DagBag from /home/airflow/.local/lib/python3.12/site-packages/airflow/example_dags/example_skip_dag.py
[2025-01-31T21:18:23.710+0000] {processor.py:925} INFO - DAG(s) 'example_skip_dag' retrieved from /home/airflow/.local/lib/python3.12/site-packages/airflow/example_dags/example_skip_dag.py
[2025-01-31T21:18:23.774+0000] {logging_mixin.py:190} INFO - [2025-01-31T21:18:23.774+0000] {dag.py:3239} INFO - Sync 1 DAGs
[2025-01-31T21:18:23.837+0000] {logging_mixin.py:190} INFO - [2025-01-31T21:18:23.837+0000] {dag.py:4180} INFO - Setting next_dagrun for example_skip_dag to 2025-01-30 00:00:00+00:00, run_after=2025-01-31 00:00:00+00:00
[2025-01-31T21:18:23.917+0000] {processor.py:208} INFO - Processing /home/airflow/.local/lib/python3.12/site-packages/airflow/example_dags/example_skip_dag.py took 0.387 seconds
