[2025-01-31T20:52:16.659+0000] {processor.py:186} INFO - Started process (PID=73) to work on /home/airflow/.local/lib/python3.12/site-packages/airflow/example_dags/tutorial.py
[2025-01-31T20:52:16.659+0000] {processor.py:914} INFO - Processing file /home/airflow/.local/lib/python3.12/site-packages/airflow/example_dags/tutorial.py for tasks to queue
[2025-01-31T20:52:16.669+0000] {logging_mixin.py:190} INFO - [2025-01-31T20:52:16.669+0000] {dagbag.py:588} INFO - Filling up the DagBag from /home/airflow/.local/lib/python3.12/site-packages/airflow/example_dags/tutorial.py
[2025-01-31T20:52:16.741+0000] {processor.py:925} INFO - DAG(s) 'tutorial' retrieved from /home/airflow/.local/lib/python3.12/site-packages/airflow/example_dags/tutorial.py
[2025-01-31T20:52:17.465+0000] {logging_mixin.py:190} INFO - [2025-01-31T20:52:17.464+0000] {override.py:1911} INFO - Created Permission View: can delete on DAG:tutorial
[2025-01-31T20:52:17.529+0000] {logging_mixin.py:190} INFO - [2025-01-31T20:52:17.528+0000] {override.py:1911} INFO - Created Permission View: can edit on DAG:tutorial
[2025-01-31T20:52:17.558+0000] {logging_mixin.py:190} INFO - [2025-01-31T20:52:17.558+0000] {override.py:1911} INFO - Created Permission View: can read on DAG:tutorial
[2025-01-31T20:52:17.575+0000] {logging_mixin.py:190} INFO - [2025-01-31T20:52:17.575+0000] {override.py:1911} INFO - Created Permission View: menu access on DAG Run:tutorial
[2025-01-31T20:52:17.613+0000] {logging_mixin.py:190} INFO - [2025-01-31T20:52:17.612+0000] {override.py:1911} INFO - Created Permission View: can delete on DAG Run:tutorial
[2025-01-31T20:52:17.652+0000] {logging_mixin.py:190} INFO - [2025-01-31T20:52:17.652+0000] {override.py:1911} INFO - Created Permission View: can create on DAG Run:tutorial
[2025-01-31T20:52:17.673+0000] {logging_mixin.py:190} INFO - [2025-01-31T20:52:17.672+0000] {override.py:1911} INFO - Created Permission View: can read on DAG Run:tutorial
[2025-01-31T20:52:17.673+0000] {logging_mixin.py:190} INFO - [2025-01-31T20:52:17.673+0000] {dag.py:3239} INFO - Sync 1 DAGs
[2025-01-31T20:52:17.744+0000] {logging_mixin.py:190} INFO - [2025-01-31T20:52:17.743+0000] {dag.py:3262} INFO - Creating ORM DAG for tutorial
[2025-01-31T20:52:17.789+0000] {logging_mixin.py:190} INFO - [2025-01-31T20:52:17.789+0000] {dag.py:4180} INFO - Setting next_dagrun for tutorial to 2025-01-30 00:00:00+00:00, run_after=2025-01-31 00:00:00+00:00
[2025-01-31T20:52:17.852+0000] {processor.py:208} INFO - Processing /home/airflow/.local/lib/python3.12/site-packages/airflow/example_dags/tutorial.py took 1.214 seconds
[2025-01-31T20:52:48.516+0000] {processor.py:186} INFO - Started process (PID=134) to work on /home/airflow/.local/lib/python3.12/site-packages/airflow/example_dags/tutorial.py
[2025-01-31T20:52:48.517+0000] {processor.py:914} INFO - Processing file /home/airflow/.local/lib/python3.12/site-packages/airflow/example_dags/tutorial.py for tasks to queue
[2025-01-31T20:52:48.519+0000] {logging_mixin.py:190} INFO - [2025-01-31T20:52:48.519+0000] {dagbag.py:588} INFO - Filling up the DagBag from /home/airflow/.local/lib/python3.12/site-packages/airflow/example_dags/tutorial.py
[2025-01-31T20:52:48.533+0000] {processor.py:925} INFO - DAG(s) 'tutorial' retrieved from /home/airflow/.local/lib/python3.12/site-packages/airflow/example_dags/tutorial.py
[2025-01-31T20:52:48.548+0000] {logging_mixin.py:190} INFO - [2025-01-31T20:52:48.547+0000] {dag.py:3239} INFO - Sync 1 DAGs
[2025-01-31T20:52:48.564+0000] {logging_mixin.py:190} INFO - [2025-01-31T20:52:48.564+0000] {dag.py:4180} INFO - Setting next_dagrun for tutorial to 2025-01-30 00:00:00+00:00, run_after=2025-01-31 00:00:00+00:00
[2025-01-31T20:52:48.584+0000] {processor.py:208} INFO - Processing /home/airflow/.local/lib/python3.12/site-packages/airflow/example_dags/tutorial.py took 0.072 seconds
[2025-01-31T20:53:18.614+0000] {processor.py:186} INFO - Started process (PID=197) to work on /home/airflow/.local/lib/python3.12/site-packages/airflow/example_dags/tutorial.py
[2025-01-31T20:53:18.614+0000] {processor.py:914} INFO - Processing file /home/airflow/.local/lib/python3.12/site-packages/airflow/example_dags/tutorial.py for tasks to queue
[2025-01-31T20:53:18.616+0000] {logging_mixin.py:190} INFO - [2025-01-31T20:53:18.616+0000] {dagbag.py:588} INFO - Filling up the DagBag from /home/airflow/.local/lib/python3.12/site-packages/airflow/example_dags/tutorial.py
[2025-01-31T20:53:18.622+0000] {processor.py:925} INFO - DAG(s) 'tutorial' retrieved from /home/airflow/.local/lib/python3.12/site-packages/airflow/example_dags/tutorial.py
[2025-01-31T20:53:18.636+0000] {logging_mixin.py:190} INFO - [2025-01-31T20:53:18.636+0000] {dag.py:3239} INFO - Sync 1 DAGs
[2025-01-31T20:53:18.652+0000] {logging_mixin.py:190} INFO - [2025-01-31T20:53:18.652+0000] {dag.py:4180} INFO - Setting next_dagrun for tutorial to 2025-01-30 00:00:00+00:00, run_after=2025-01-31 00:00:00+00:00
[2025-01-31T20:53:18.664+0000] {processor.py:208} INFO - Processing /home/airflow/.local/lib/python3.12/site-packages/airflow/example_dags/tutorial.py took 0.054 seconds
[2025-01-31T20:53:49.393+0000] {processor.py:186} INFO - Started process (PID=260) to work on /home/airflow/.local/lib/python3.12/site-packages/airflow/example_dags/tutorial.py
[2025-01-31T20:53:49.394+0000] {processor.py:914} INFO - Processing file /home/airflow/.local/lib/python3.12/site-packages/airflow/example_dags/tutorial.py for tasks to queue
[2025-01-31T20:53:49.396+0000] {logging_mixin.py:190} INFO - [2025-01-31T20:53:49.396+0000] {dagbag.py:588} INFO - Filling up the DagBag from /home/airflow/.local/lib/python3.12/site-packages/airflow/example_dags/tutorial.py
[2025-01-31T20:53:49.404+0000] {processor.py:925} INFO - DAG(s) 'tutorial' retrieved from /home/airflow/.local/lib/python3.12/site-packages/airflow/example_dags/tutorial.py
[2025-01-31T20:53:49.421+0000] {logging_mixin.py:190} INFO - [2025-01-31T20:53:49.421+0000] {dag.py:3239} INFO - Sync 1 DAGs
[2025-01-31T20:53:49.446+0000] {logging_mixin.py:190} INFO - [2025-01-31T20:53:49.446+0000] {dag.py:4180} INFO - Setting next_dagrun for tutorial to 2025-01-30 00:00:00+00:00, run_after=2025-01-31 00:00:00+00:00
[2025-01-31T20:53:49.462+0000] {processor.py:208} INFO - Processing /home/airflow/.local/lib/python3.12/site-packages/airflow/example_dags/tutorial.py took 0.075 seconds
[2025-01-31T20:54:20.319+0000] {processor.py:186} INFO - Started process (PID=323) to work on /home/airflow/.local/lib/python3.12/site-packages/airflow/example_dags/tutorial.py
[2025-01-31T20:54:20.320+0000] {processor.py:914} INFO - Processing file /home/airflow/.local/lib/python3.12/site-packages/airflow/example_dags/tutorial.py for tasks to queue
[2025-01-31T20:54:20.322+0000] {logging_mixin.py:190} INFO - [2025-01-31T20:54:20.322+0000] {dagbag.py:588} INFO - Filling up the DagBag from /home/airflow/.local/lib/python3.12/site-packages/airflow/example_dags/tutorial.py
[2025-01-31T20:54:20.330+0000] {processor.py:925} INFO - DAG(s) 'tutorial' retrieved from /home/airflow/.local/lib/python3.12/site-packages/airflow/example_dags/tutorial.py
[2025-01-31T20:54:20.349+0000] {logging_mixin.py:190} INFO - [2025-01-31T20:54:20.349+0000] {dag.py:3239} INFO - Sync 1 DAGs
[2025-01-31T20:54:20.373+0000] {logging_mixin.py:190} INFO - [2025-01-31T20:54:20.373+0000] {dag.py:4180} INFO - Setting next_dagrun for tutorial to 2025-01-30 00:00:00+00:00, run_after=2025-01-31 00:00:00+00:00
[2025-01-31T20:54:20.387+0000] {processor.py:208} INFO - Processing /home/airflow/.local/lib/python3.12/site-packages/airflow/example_dags/tutorial.py took 0.074 seconds
[2025-01-31T20:54:51.694+0000] {processor.py:186} INFO - Started process (PID=387) to work on /home/airflow/.local/lib/python3.12/site-packages/airflow/example_dags/tutorial.py
[2025-01-31T20:54:51.704+0000] {processor.py:914} INFO - Processing file /home/airflow/.local/lib/python3.12/site-packages/airflow/example_dags/tutorial.py for tasks to queue
[2025-01-31T20:54:51.706+0000] {logging_mixin.py:190} INFO - [2025-01-31T20:54:51.706+0000] {dagbag.py:588} INFO - Filling up the DagBag from /home/airflow/.local/lib/python3.12/site-packages/airflow/example_dags/tutorial.py
[2025-01-31T20:54:51.764+0000] {processor.py:925} INFO - DAG(s) 'tutorial' retrieved from /home/airflow/.local/lib/python3.12/site-packages/airflow/example_dags/tutorial.py
[2025-01-31T20:54:51.839+0000] {logging_mixin.py:190} INFO - [2025-01-31T20:54:51.839+0000] {dag.py:3239} INFO - Sync 1 DAGs
[2025-01-31T20:54:51.945+0000] {logging_mixin.py:190} INFO - [2025-01-31T20:54:51.945+0000] {dag.py:4180} INFO - Setting next_dagrun for tutorial to 2025-01-30 00:00:00+00:00, run_after=2025-01-31 00:00:00+00:00
[2025-01-31T20:54:51.997+0000] {processor.py:208} INFO - Processing /home/airflow/.local/lib/python3.12/site-packages/airflow/example_dags/tutorial.py took 0.314 seconds
[2025-01-31T20:55:22.285+0000] {processor.py:186} INFO - Started process (PID=451) to work on /home/airflow/.local/lib/python3.12/site-packages/airflow/example_dags/tutorial.py
[2025-01-31T20:55:22.285+0000] {processor.py:914} INFO - Processing file /home/airflow/.local/lib/python3.12/site-packages/airflow/example_dags/tutorial.py for tasks to queue
[2025-01-31T20:55:22.288+0000] {logging_mixin.py:190} INFO - [2025-01-31T20:55:22.287+0000] {dagbag.py:588} INFO - Filling up the DagBag from /home/airflow/.local/lib/python3.12/site-packages/airflow/example_dags/tutorial.py
[2025-01-31T20:55:22.302+0000] {processor.py:925} INFO - DAG(s) 'tutorial' retrieved from /home/airflow/.local/lib/python3.12/site-packages/airflow/example_dags/tutorial.py
[2025-01-31T20:55:22.387+0000] {logging_mixin.py:190} INFO - [2025-01-31T20:55:22.386+0000] {dag.py:3239} INFO - Sync 1 DAGs
[2025-01-31T20:55:22.429+0000] {logging_mixin.py:190} INFO - [2025-01-31T20:55:22.429+0000] {dag.py:4180} INFO - Setting next_dagrun for tutorial to 2025-01-30 00:00:00+00:00, run_after=2025-01-31 00:00:00+00:00
[2025-01-31T20:55:22.469+0000] {processor.py:208} INFO - Processing /home/airflow/.local/lib/python3.12/site-packages/airflow/example_dags/tutorial.py took 0.190 seconds
[2025-01-31T20:55:52.648+0000] {processor.py:186} INFO - Started process (PID=515) to work on /home/airflow/.local/lib/python3.12/site-packages/airflow/example_dags/tutorial.py
[2025-01-31T20:55:52.649+0000] {processor.py:914} INFO - Processing file /home/airflow/.local/lib/python3.12/site-packages/airflow/example_dags/tutorial.py for tasks to queue
[2025-01-31T20:55:52.651+0000] {logging_mixin.py:190} INFO - [2025-01-31T20:55:52.651+0000] {dagbag.py:588} INFO - Filling up the DagBag from /home/airflow/.local/lib/python3.12/site-packages/airflow/example_dags/tutorial.py
[2025-01-31T20:55:52.658+0000] {processor.py:925} INFO - DAG(s) 'tutorial' retrieved from /home/airflow/.local/lib/python3.12/site-packages/airflow/example_dags/tutorial.py
[2025-01-31T20:55:52.676+0000] {logging_mixin.py:190} INFO - [2025-01-31T20:55:52.675+0000] {dag.py:3239} INFO - Sync 1 DAGs
[2025-01-31T20:55:52.700+0000] {logging_mixin.py:190} INFO - [2025-01-31T20:55:52.699+0000] {dag.py:4180} INFO - Setting next_dagrun for tutorial to 2025-01-30 00:00:00+00:00, run_after=2025-01-31 00:00:00+00:00
[2025-01-31T20:55:52.716+0000] {processor.py:208} INFO - Processing /home/airflow/.local/lib/python3.12/site-packages/airflow/example_dags/tutorial.py took 0.074 seconds
[2025-01-31T20:56:23.066+0000] {processor.py:186} INFO - Started process (PID=577) to work on /home/airflow/.local/lib/python3.12/site-packages/airflow/example_dags/tutorial.py
[2025-01-31T20:56:23.066+0000] {processor.py:914} INFO - Processing file /home/airflow/.local/lib/python3.12/site-packages/airflow/example_dags/tutorial.py for tasks to queue
[2025-01-31T20:56:23.069+0000] {logging_mixin.py:190} INFO - [2025-01-31T20:56:23.068+0000] {dagbag.py:588} INFO - Filling up the DagBag from /home/airflow/.local/lib/python3.12/site-packages/airflow/example_dags/tutorial.py
[2025-01-31T20:56:23.076+0000] {processor.py:925} INFO - DAG(s) 'tutorial' retrieved from /home/airflow/.local/lib/python3.12/site-packages/airflow/example_dags/tutorial.py
[2025-01-31T20:56:23.096+0000] {logging_mixin.py:190} INFO - [2025-01-31T20:56:23.095+0000] {dag.py:3239} INFO - Sync 1 DAGs
[2025-01-31T20:56:23.121+0000] {logging_mixin.py:190} INFO - [2025-01-31T20:56:23.120+0000] {dag.py:4180} INFO - Setting next_dagrun for tutorial to 2025-01-30 00:00:00+00:00, run_after=2025-01-31 00:00:00+00:00
[2025-01-31T20:56:23.139+0000] {processor.py:208} INFO - Processing /home/airflow/.local/lib/python3.12/site-packages/airflow/example_dags/tutorial.py took 0.079 seconds
[2025-01-31T20:56:54.034+0000] {processor.py:186} INFO - Started process (PID=638) to work on /home/airflow/.local/lib/python3.12/site-packages/airflow/example_dags/tutorial.py
[2025-01-31T20:56:54.035+0000] {processor.py:914} INFO - Processing file /home/airflow/.local/lib/python3.12/site-packages/airflow/example_dags/tutorial.py for tasks to queue
[2025-01-31T20:56:54.037+0000] {logging_mixin.py:190} INFO - [2025-01-31T20:56:54.037+0000] {dagbag.py:588} INFO - Filling up the DagBag from /home/airflow/.local/lib/python3.12/site-packages/airflow/example_dags/tutorial.py
[2025-01-31T20:56:54.049+0000] {processor.py:925} INFO - DAG(s) 'tutorial' retrieved from /home/airflow/.local/lib/python3.12/site-packages/airflow/example_dags/tutorial.py
[2025-01-31T20:56:54.084+0000] {logging_mixin.py:190} INFO - [2025-01-31T20:56:54.084+0000] {dag.py:3239} INFO - Sync 1 DAGs
[2025-01-31T20:56:54.119+0000] {logging_mixin.py:190} INFO - [2025-01-31T20:56:54.119+0000] {dag.py:4180} INFO - Setting next_dagrun for tutorial to 2025-01-30 00:00:00+00:00, run_after=2025-01-31 00:00:00+00:00
[2025-01-31T20:56:54.143+0000] {processor.py:208} INFO - Processing /home/airflow/.local/lib/python3.12/site-packages/airflow/example_dags/tutorial.py took 0.119 seconds
[2025-01-31T20:57:24.339+0000] {processor.py:186} INFO - Started process (PID=702) to work on /home/airflow/.local/lib/python3.12/site-packages/airflow/example_dags/tutorial.py
[2025-01-31T20:57:24.340+0000] {processor.py:914} INFO - Processing file /home/airflow/.local/lib/python3.12/site-packages/airflow/example_dags/tutorial.py for tasks to queue
[2025-01-31T20:57:24.342+0000] {logging_mixin.py:190} INFO - [2025-01-31T20:57:24.341+0000] {dagbag.py:588} INFO - Filling up the DagBag from /home/airflow/.local/lib/python3.12/site-packages/airflow/example_dags/tutorial.py
[2025-01-31T20:57:24.349+0000] {processor.py:925} INFO - DAG(s) 'tutorial' retrieved from /home/airflow/.local/lib/python3.12/site-packages/airflow/example_dags/tutorial.py
[2025-01-31T20:57:24.367+0000] {logging_mixin.py:190} INFO - [2025-01-31T20:57:24.367+0000] {dag.py:3239} INFO - Sync 1 DAGs
[2025-01-31T20:57:24.391+0000] {logging_mixin.py:190} INFO - [2025-01-31T20:57:24.391+0000] {dag.py:4180} INFO - Setting next_dagrun for tutorial to 2025-01-30 00:00:00+00:00, run_after=2025-01-31 00:00:00+00:00
[2025-01-31T20:57:24.408+0000] {processor.py:208} INFO - Processing /home/airflow/.local/lib/python3.12/site-packages/airflow/example_dags/tutorial.py took 0.076 seconds
[2025-01-31T20:57:55.077+0000] {processor.py:186} INFO - Started process (PID=761) to work on /home/airflow/.local/lib/python3.12/site-packages/airflow/example_dags/tutorial.py
[2025-01-31T20:57:55.078+0000] {processor.py:914} INFO - Processing file /home/airflow/.local/lib/python3.12/site-packages/airflow/example_dags/tutorial.py for tasks to queue
[2025-01-31T20:57:55.080+0000] {logging_mixin.py:190} INFO - [2025-01-31T20:57:55.079+0000] {dagbag.py:588} INFO - Filling up the DagBag from /home/airflow/.local/lib/python3.12/site-packages/airflow/example_dags/tutorial.py
[2025-01-31T20:57:55.087+0000] {processor.py:925} INFO - DAG(s) 'tutorial' retrieved from /home/airflow/.local/lib/python3.12/site-packages/airflow/example_dags/tutorial.py
[2025-01-31T20:57:55.105+0000] {logging_mixin.py:190} INFO - [2025-01-31T20:57:55.105+0000] {dag.py:3239} INFO - Sync 1 DAGs
[2025-01-31T20:57:55.128+0000] {logging_mixin.py:190} INFO - [2025-01-31T20:57:55.128+0000] {dag.py:4180} INFO - Setting next_dagrun for tutorial to 2025-01-30 00:00:00+00:00, run_after=2025-01-31 00:00:00+00:00
[2025-01-31T20:57:55.144+0000] {processor.py:208} INFO - Processing /home/airflow/.local/lib/python3.12/site-packages/airflow/example_dags/tutorial.py took 0.073 seconds
[2025-01-31T20:58:25.315+0000] {processor.py:186} INFO - Started process (PID=822) to work on /home/airflow/.local/lib/python3.12/site-packages/airflow/example_dags/tutorial.py
[2025-01-31T20:58:25.316+0000] {processor.py:914} INFO - Processing file /home/airflow/.local/lib/python3.12/site-packages/airflow/example_dags/tutorial.py for tasks to queue
[2025-01-31T20:58:25.318+0000] {logging_mixin.py:190} INFO - [2025-01-31T20:58:25.318+0000] {dagbag.py:588} INFO - Filling up the DagBag from /home/airflow/.local/lib/python3.12/site-packages/airflow/example_dags/tutorial.py
[2025-01-31T20:58:25.326+0000] {processor.py:925} INFO - DAG(s) 'tutorial' retrieved from /home/airflow/.local/lib/python3.12/site-packages/airflow/example_dags/tutorial.py
[2025-01-31T20:58:25.345+0000] {logging_mixin.py:190} INFO - [2025-01-31T20:58:25.345+0000] {dag.py:3239} INFO - Sync 1 DAGs
[2025-01-31T20:58:25.367+0000] {logging_mixin.py:190} INFO - [2025-01-31T20:58:25.367+0000] {dag.py:4180} INFO - Setting next_dagrun for tutorial to 2025-01-30 00:00:00+00:00, run_after=2025-01-31 00:00:00+00:00
[2025-01-31T20:58:25.382+0000] {processor.py:208} INFO - Processing /home/airflow/.local/lib/python3.12/site-packages/airflow/example_dags/tutorial.py took 0.073 seconds
[2025-01-31T20:58:55.999+0000] {processor.py:186} INFO - Started process (PID=879) to work on /home/airflow/.local/lib/python3.12/site-packages/airflow/example_dags/tutorial.py
[2025-01-31T20:58:56.000+0000] {processor.py:914} INFO - Processing file /home/airflow/.local/lib/python3.12/site-packages/airflow/example_dags/tutorial.py for tasks to queue
[2025-01-31T20:58:56.002+0000] {logging_mixin.py:190} INFO - [2025-01-31T20:58:56.001+0000] {dagbag.py:588} INFO - Filling up the DagBag from /home/airflow/.local/lib/python3.12/site-packages/airflow/example_dags/tutorial.py
[2025-01-31T20:58:56.009+0000] {processor.py:925} INFO - DAG(s) 'tutorial' retrieved from /home/airflow/.local/lib/python3.12/site-packages/airflow/example_dags/tutorial.py
[2025-01-31T20:58:56.027+0000] {logging_mixin.py:190} INFO - [2025-01-31T20:58:56.027+0000] {dag.py:3239} INFO - Sync 1 DAGs
[2025-01-31T20:58:56.050+0000] {logging_mixin.py:190} INFO - [2025-01-31T20:58:56.050+0000] {dag.py:4180} INFO - Setting next_dagrun for tutorial to 2025-01-30 00:00:00+00:00, run_after=2025-01-31 00:00:00+00:00
[2025-01-31T20:58:56.066+0000] {processor.py:208} INFO - Processing /home/airflow/.local/lib/python3.12/site-packages/airflow/example_dags/tutorial.py took 0.073 seconds
[2025-01-31T20:59:26.594+0000] {processor.py:186} INFO - Started process (PID=943) to work on /home/airflow/.local/lib/python3.12/site-packages/airflow/example_dags/tutorial.py
[2025-01-31T20:59:26.597+0000] {processor.py:914} INFO - Processing file /home/airflow/.local/lib/python3.12/site-packages/airflow/example_dags/tutorial.py for tasks to queue
[2025-01-31T20:59:26.607+0000] {logging_mixin.py:190} INFO - [2025-01-31T20:59:26.607+0000] {dagbag.py:588} INFO - Filling up the DagBag from /home/airflow/.local/lib/python3.12/site-packages/airflow/example_dags/tutorial.py
[2025-01-31T20:59:26.624+0000] {processor.py:925} INFO - DAG(s) 'tutorial' retrieved from /home/airflow/.local/lib/python3.12/site-packages/airflow/example_dags/tutorial.py
[2025-01-31T20:59:26.679+0000] {logging_mixin.py:190} INFO - [2025-01-31T20:59:26.679+0000] {dag.py:3239} INFO - Sync 1 DAGs
[2025-01-31T20:59:26.736+0000] {logging_mixin.py:190} INFO - [2025-01-31T20:59:26.735+0000] {dag.py:4180} INFO - Setting next_dagrun for tutorial to 2025-01-30 00:00:00+00:00, run_after=2025-01-31 00:00:00+00:00
[2025-01-31T20:59:26.763+0000] {processor.py:208} INFO - Processing /home/airflow/.local/lib/python3.12/site-packages/airflow/example_dags/tutorial.py took 0.179 seconds
[2025-01-31T20:59:56.997+0000] {processor.py:186} INFO - Started process (PID=1006) to work on /home/airflow/.local/lib/python3.12/site-packages/airflow/example_dags/tutorial.py
[2025-01-31T20:59:57.004+0000] {processor.py:914} INFO - Processing file /home/airflow/.local/lib/python3.12/site-packages/airflow/example_dags/tutorial.py for tasks to queue
[2025-01-31T20:59:57.007+0000] {logging_mixin.py:190} INFO - [2025-01-31T20:59:57.006+0000] {dagbag.py:588} INFO - Filling up the DagBag from /home/airflow/.local/lib/python3.12/site-packages/airflow/example_dags/tutorial.py
[2025-01-31T20:59:57.014+0000] {processor.py:925} INFO - DAG(s) 'tutorial' retrieved from /home/airflow/.local/lib/python3.12/site-packages/airflow/example_dags/tutorial.py
[2025-01-31T20:59:57.065+0000] {logging_mixin.py:190} INFO - [2025-01-31T20:59:57.064+0000] {dag.py:3239} INFO - Sync 1 DAGs
[2025-01-31T20:59:57.102+0000] {logging_mixin.py:190} INFO - [2025-01-31T20:59:57.102+0000] {dag.py:4180} INFO - Setting next_dagrun for tutorial to 2025-01-30 00:00:00+00:00, run_after=2025-01-31 00:00:00+00:00
[2025-01-31T20:59:57.121+0000] {processor.py:208} INFO - Processing /home/airflow/.local/lib/python3.12/site-packages/airflow/example_dags/tutorial.py took 0.142 seconds
[2025-01-31T21:00:27.210+0000] {processor.py:186} INFO - Started process (PID=1070) to work on /home/airflow/.local/lib/python3.12/site-packages/airflow/example_dags/tutorial.py
[2025-01-31T21:00:27.211+0000] {processor.py:914} INFO - Processing file /home/airflow/.local/lib/python3.12/site-packages/airflow/example_dags/tutorial.py for tasks to queue
[2025-01-31T21:00:27.213+0000] {logging_mixin.py:190} INFO - [2025-01-31T21:00:27.213+0000] {dagbag.py:588} INFO - Filling up the DagBag from /home/airflow/.local/lib/python3.12/site-packages/airflow/example_dags/tutorial.py
[2025-01-31T21:00:27.220+0000] {processor.py:925} INFO - DAG(s) 'tutorial' retrieved from /home/airflow/.local/lib/python3.12/site-packages/airflow/example_dags/tutorial.py
[2025-01-31T21:00:27.235+0000] {logging_mixin.py:190} INFO - [2025-01-31T21:00:27.234+0000] {dag.py:3239} INFO - Sync 1 DAGs
[2025-01-31T21:00:27.252+0000] {logging_mixin.py:190} INFO - [2025-01-31T21:00:27.251+0000] {dag.py:4180} INFO - Setting next_dagrun for tutorial to 2025-01-30 00:00:00+00:00, run_after=2025-01-31 00:00:00+00:00
[2025-01-31T21:00:27.264+0000] {processor.py:208} INFO - Processing /home/airflow/.local/lib/python3.12/site-packages/airflow/example_dags/tutorial.py took 0.059 seconds
[2025-01-31T21:00:57.396+0000] {processor.py:186} INFO - Started process (PID=1134) to work on /home/airflow/.local/lib/python3.12/site-packages/airflow/example_dags/tutorial.py
[2025-01-31T21:00:57.396+0000] {processor.py:914} INFO - Processing file /home/airflow/.local/lib/python3.12/site-packages/airflow/example_dags/tutorial.py for tasks to queue
[2025-01-31T21:00:57.399+0000] {logging_mixin.py:190} INFO - [2025-01-31T21:00:57.398+0000] {dagbag.py:588} INFO - Filling up the DagBag from /home/airflow/.local/lib/python3.12/site-packages/airflow/example_dags/tutorial.py
[2025-01-31T21:00:57.407+0000] {processor.py:925} INFO - DAG(s) 'tutorial' retrieved from /home/airflow/.local/lib/python3.12/site-packages/airflow/example_dags/tutorial.py
[2025-01-31T21:00:57.426+0000] {logging_mixin.py:190} INFO - [2025-01-31T21:00:57.426+0000] {dag.py:3239} INFO - Sync 1 DAGs
[2025-01-31T21:00:57.451+0000] {logging_mixin.py:190} INFO - [2025-01-31T21:00:57.451+0000] {dag.py:4180} INFO - Setting next_dagrun for tutorial to 2025-01-30 00:00:00+00:00, run_after=2025-01-31 00:00:00+00:00
[2025-01-31T21:00:57.467+0000] {processor.py:208} INFO - Processing /home/airflow/.local/lib/python3.12/site-packages/airflow/example_dags/tutorial.py took 0.078 seconds
[2025-01-31T21:01:27.834+0000] {processor.py:186} INFO - Started process (PID=1197) to work on /home/airflow/.local/lib/python3.12/site-packages/airflow/example_dags/tutorial.py
[2025-01-31T21:01:27.835+0000] {processor.py:914} INFO - Processing file /home/airflow/.local/lib/python3.12/site-packages/airflow/example_dags/tutorial.py for tasks to queue
[2025-01-31T21:01:27.837+0000] {logging_mixin.py:190} INFO - [2025-01-31T21:01:27.837+0000] {dagbag.py:588} INFO - Filling up the DagBag from /home/airflow/.local/lib/python3.12/site-packages/airflow/example_dags/tutorial.py
[2025-01-31T21:01:27.845+0000] {processor.py:925} INFO - DAG(s) 'tutorial' retrieved from /home/airflow/.local/lib/python3.12/site-packages/airflow/example_dags/tutorial.py
[2025-01-31T21:01:27.863+0000] {logging_mixin.py:190} INFO - [2025-01-31T21:01:27.863+0000] {dag.py:3239} INFO - Sync 1 DAGs
[2025-01-31T21:01:27.886+0000] {logging_mixin.py:190} INFO - [2025-01-31T21:01:27.886+0000] {dag.py:4180} INFO - Setting next_dagrun for tutorial to 2025-01-30 00:00:00+00:00, run_after=2025-01-31 00:00:00+00:00
[2025-01-31T21:01:27.902+0000] {processor.py:208} INFO - Processing /home/airflow/.local/lib/python3.12/site-packages/airflow/example_dags/tutorial.py took 0.075 seconds
[2025-01-31T21:01:58.164+0000] {processor.py:186} INFO - Started process (PID=1260) to work on /home/airflow/.local/lib/python3.12/site-packages/airflow/example_dags/tutorial.py
[2025-01-31T21:01:58.165+0000] {processor.py:914} INFO - Processing file /home/airflow/.local/lib/python3.12/site-packages/airflow/example_dags/tutorial.py for tasks to queue
[2025-01-31T21:01:58.167+0000] {logging_mixin.py:190} INFO - [2025-01-31T21:01:58.167+0000] {dagbag.py:588} INFO - Filling up the DagBag from /home/airflow/.local/lib/python3.12/site-packages/airflow/example_dags/tutorial.py
[2025-01-31T21:01:58.175+0000] {processor.py:925} INFO - DAG(s) 'tutorial' retrieved from /home/airflow/.local/lib/python3.12/site-packages/airflow/example_dags/tutorial.py
[2025-01-31T21:01:58.193+0000] {logging_mixin.py:190} INFO - [2025-01-31T21:01:58.193+0000] {dag.py:3239} INFO - Sync 1 DAGs
[2025-01-31T21:01:58.218+0000] {logging_mixin.py:190} INFO - [2025-01-31T21:01:58.217+0000] {dag.py:4180} INFO - Setting next_dagrun for tutorial to 2025-01-30 00:00:00+00:00, run_after=2025-01-31 00:00:00+00:00
[2025-01-31T21:01:58.233+0000] {processor.py:208} INFO - Processing /home/airflow/.local/lib/python3.12/site-packages/airflow/example_dags/tutorial.py took 0.074 seconds
[2025-01-31T21:02:28.419+0000] {processor.py:186} INFO - Started process (PID=1324) to work on /home/airflow/.local/lib/python3.12/site-packages/airflow/example_dags/tutorial.py
[2025-01-31T21:02:28.420+0000] {processor.py:914} INFO - Processing file /home/airflow/.local/lib/python3.12/site-packages/airflow/example_dags/tutorial.py for tasks to queue
[2025-01-31T21:02:28.422+0000] {logging_mixin.py:190} INFO - [2025-01-31T21:02:28.422+0000] {dagbag.py:588} INFO - Filling up the DagBag from /home/airflow/.local/lib/python3.12/site-packages/airflow/example_dags/tutorial.py
[2025-01-31T21:02:28.430+0000] {processor.py:925} INFO - DAG(s) 'tutorial' retrieved from /home/airflow/.local/lib/python3.12/site-packages/airflow/example_dags/tutorial.py
[2025-01-31T21:02:28.449+0000] {logging_mixin.py:190} INFO - [2025-01-31T21:02:28.449+0000] {dag.py:3239} INFO - Sync 1 DAGs
[2025-01-31T21:02:28.474+0000] {logging_mixin.py:190} INFO - [2025-01-31T21:02:28.474+0000] {dag.py:4180} INFO - Setting next_dagrun for tutorial to 2025-01-30 00:00:00+00:00, run_after=2025-01-31 00:00:00+00:00
[2025-01-31T21:02:28.490+0000] {processor.py:208} INFO - Processing /home/airflow/.local/lib/python3.12/site-packages/airflow/example_dags/tutorial.py took 0.076 seconds
[2025-01-31T21:02:59.294+0000] {processor.py:186} INFO - Started process (PID=1386) to work on /home/airflow/.local/lib/python3.12/site-packages/airflow/example_dags/tutorial.py
[2025-01-31T21:02:59.295+0000] {processor.py:914} INFO - Processing file /home/airflow/.local/lib/python3.12/site-packages/airflow/example_dags/tutorial.py for tasks to queue
[2025-01-31T21:02:59.298+0000] {logging_mixin.py:190} INFO - [2025-01-31T21:02:59.297+0000] {dagbag.py:588} INFO - Filling up the DagBag from /home/airflow/.local/lib/python3.12/site-packages/airflow/example_dags/tutorial.py
[2025-01-31T21:02:59.306+0000] {processor.py:925} INFO - DAG(s) 'tutorial' retrieved from /home/airflow/.local/lib/python3.12/site-packages/airflow/example_dags/tutorial.py
[2025-01-31T21:02:59.325+0000] {logging_mixin.py:190} INFO - [2025-01-31T21:02:59.324+0000] {dag.py:3239} INFO - Sync 1 DAGs
[2025-01-31T21:02:59.350+0000] {logging_mixin.py:190} INFO - [2025-01-31T21:02:59.349+0000] {dag.py:4180} INFO - Setting next_dagrun for tutorial to 2025-01-30 00:00:00+00:00, run_after=2025-01-31 00:00:00+00:00
[2025-01-31T21:02:59.366+0000] {processor.py:208} INFO - Processing /home/airflow/.local/lib/python3.12/site-packages/airflow/example_dags/tutorial.py took 0.078 seconds
[2025-01-31T21:03:29.685+0000] {processor.py:186} INFO - Started process (PID=1449) to work on /home/airflow/.local/lib/python3.12/site-packages/airflow/example_dags/tutorial.py
[2025-01-31T21:03:29.685+0000] {processor.py:914} INFO - Processing file /home/airflow/.local/lib/python3.12/site-packages/airflow/example_dags/tutorial.py for tasks to queue
[2025-01-31T21:03:29.688+0000] {logging_mixin.py:190} INFO - [2025-01-31T21:03:29.687+0000] {dagbag.py:588} INFO - Filling up the DagBag from /home/airflow/.local/lib/python3.12/site-packages/airflow/example_dags/tutorial.py
[2025-01-31T21:03:29.707+0000] {processor.py:925} INFO - DAG(s) 'tutorial' retrieved from /home/airflow/.local/lib/python3.12/site-packages/airflow/example_dags/tutorial.py
[2025-01-31T21:03:29.773+0000] {logging_mixin.py:190} INFO - [2025-01-31T21:03:29.772+0000] {dag.py:3239} INFO - Sync 1 DAGs
[2025-01-31T21:03:29.803+0000] {logging_mixin.py:190} INFO - [2025-01-31T21:03:29.803+0000] {dag.py:4180} INFO - Setting next_dagrun for tutorial to 2025-01-30 00:00:00+00:00, run_after=2025-01-31 00:00:00+00:00
[2025-01-31T21:03:29.831+0000] {processor.py:208} INFO - Processing /home/airflow/.local/lib/python3.12/site-packages/airflow/example_dags/tutorial.py took 0.158 seconds
[2025-01-31T21:04:00.231+0000] {processor.py:186} INFO - Started process (PID=1513) to work on /home/airflow/.local/lib/python3.12/site-packages/airflow/example_dags/tutorial.py
[2025-01-31T21:04:00.236+0000] {processor.py:914} INFO - Processing file /home/airflow/.local/lib/python3.12/site-packages/airflow/example_dags/tutorial.py for tasks to queue
[2025-01-31T21:04:00.239+0000] {logging_mixin.py:190} INFO - [2025-01-31T21:04:00.239+0000] {dagbag.py:588} INFO - Filling up the DagBag from /home/airflow/.local/lib/python3.12/site-packages/airflow/example_dags/tutorial.py
[2025-01-31T21:04:00.249+0000] {processor.py:925} INFO - DAG(s) 'tutorial' retrieved from /home/airflow/.local/lib/python3.12/site-packages/airflow/example_dags/tutorial.py
[2025-01-31T21:04:00.285+0000] {logging_mixin.py:190} INFO - [2025-01-31T21:04:00.284+0000] {dag.py:3239} INFO - Sync 1 DAGs
[2025-01-31T21:04:00.333+0000] {logging_mixin.py:190} INFO - [2025-01-31T21:04:00.333+0000] {dag.py:4180} INFO - Setting next_dagrun for tutorial to 2025-01-30 00:00:00+00:00, run_after=2025-01-31 00:00:00+00:00
[2025-01-31T21:04:00.356+0000] {processor.py:208} INFO - Processing /home/airflow/.local/lib/python3.12/site-packages/airflow/example_dags/tutorial.py took 0.135 seconds
[2025-01-31T21:04:30.776+0000] {processor.py:186} INFO - Started process (PID=1575) to work on /home/airflow/.local/lib/python3.12/site-packages/airflow/example_dags/tutorial.py
[2025-01-31T21:04:30.777+0000] {processor.py:914} INFO - Processing file /home/airflow/.local/lib/python3.12/site-packages/airflow/example_dags/tutorial.py for tasks to queue
[2025-01-31T21:04:30.779+0000] {logging_mixin.py:190} INFO - [2025-01-31T21:04:30.779+0000] {dagbag.py:588} INFO - Filling up the DagBag from /home/airflow/.local/lib/python3.12/site-packages/airflow/example_dags/tutorial.py
[2025-01-31T21:04:30.787+0000] {processor.py:925} INFO - DAG(s) 'tutorial' retrieved from /home/airflow/.local/lib/python3.12/site-packages/airflow/example_dags/tutorial.py
[2025-01-31T21:04:30.842+0000] {logging_mixin.py:190} INFO - [2025-01-31T21:04:30.842+0000] {dag.py:3239} INFO - Sync 1 DAGs
[2025-01-31T21:04:30.865+0000] {logging_mixin.py:190} INFO - [2025-01-31T21:04:30.865+0000] {dag.py:4180} INFO - Setting next_dagrun for tutorial to 2025-01-30 00:00:00+00:00, run_after=2025-01-31 00:00:00+00:00
[2025-01-31T21:04:30.881+0000] {processor.py:208} INFO - Processing /home/airflow/.local/lib/python3.12/site-packages/airflow/example_dags/tutorial.py took 0.110 seconds
[2025-01-31T21:05:01.488+0000] {processor.py:186} INFO - Started process (PID=1639) to work on /home/airflow/.local/lib/python3.12/site-packages/airflow/example_dags/tutorial.py
[2025-01-31T21:05:01.489+0000] {processor.py:914} INFO - Processing file /home/airflow/.local/lib/python3.12/site-packages/airflow/example_dags/tutorial.py for tasks to queue
[2025-01-31T21:05:01.491+0000] {logging_mixin.py:190} INFO - [2025-01-31T21:05:01.491+0000] {dagbag.py:588} INFO - Filling up the DagBag from /home/airflow/.local/lib/python3.12/site-packages/airflow/example_dags/tutorial.py
[2025-01-31T21:05:01.505+0000] {processor.py:925} INFO - DAG(s) 'tutorial' retrieved from /home/airflow/.local/lib/python3.12/site-packages/airflow/example_dags/tutorial.py
[2025-01-31T21:05:01.524+0000] {logging_mixin.py:190} INFO - [2025-01-31T21:05:01.524+0000] {dag.py:3239} INFO - Sync 1 DAGs
[2025-01-31T21:05:01.594+0000] {logging_mixin.py:190} INFO - [2025-01-31T21:05:01.593+0000] {dag.py:4180} INFO - Setting next_dagrun for tutorial to 2025-01-30 00:00:00+00:00, run_after=2025-01-31 00:00:00+00:00
[2025-01-31T21:05:01.655+0000] {processor.py:208} INFO - Processing /home/airflow/.local/lib/python3.12/site-packages/airflow/example_dags/tutorial.py took 0.184 seconds
[2025-01-31T21:05:32.213+0000] {processor.py:186} INFO - Started process (PID=1702) to work on /home/airflow/.local/lib/python3.12/site-packages/airflow/example_dags/tutorial.py
[2025-01-31T21:05:32.214+0000] {processor.py:914} INFO - Processing file /home/airflow/.local/lib/python3.12/site-packages/airflow/example_dags/tutorial.py for tasks to queue
[2025-01-31T21:05:32.218+0000] {logging_mixin.py:190} INFO - [2025-01-31T21:05:32.218+0000] {dagbag.py:588} INFO - Filling up the DagBag from /home/airflow/.local/lib/python3.12/site-packages/airflow/example_dags/tutorial.py
[2025-01-31T21:05:32.238+0000] {processor.py:925} INFO - DAG(s) 'tutorial' retrieved from /home/airflow/.local/lib/python3.12/site-packages/airflow/example_dags/tutorial.py
[2025-01-31T21:05:32.286+0000] {logging_mixin.py:190} INFO - [2025-01-31T21:05:32.286+0000] {dag.py:3239} INFO - Sync 1 DAGs
[2025-01-31T21:05:32.342+0000] {logging_mixin.py:190} INFO - [2025-01-31T21:05:32.342+0000] {dag.py:4180} INFO - Setting next_dagrun for tutorial to 2025-01-30 00:00:00+00:00, run_after=2025-01-31 00:00:00+00:00
[2025-01-31T21:05:32.372+0000] {processor.py:208} INFO - Processing /home/airflow/.local/lib/python3.12/site-packages/airflow/example_dags/tutorial.py took 0.182 seconds
[2025-01-31T21:06:02.505+0000] {processor.py:186} INFO - Started process (PID=1765) to work on /home/airflow/.local/lib/python3.12/site-packages/airflow/example_dags/tutorial.py
[2025-01-31T21:06:02.509+0000] {processor.py:914} INFO - Processing file /home/airflow/.local/lib/python3.12/site-packages/airflow/example_dags/tutorial.py for tasks to queue
[2025-01-31T21:06:02.529+0000] {logging_mixin.py:190} INFO - [2025-01-31T21:06:02.529+0000] {dagbag.py:588} INFO - Filling up the DagBag from /home/airflow/.local/lib/python3.12/site-packages/airflow/example_dags/tutorial.py
[2025-01-31T21:06:02.578+0000] {processor.py:925} INFO - DAG(s) 'tutorial' retrieved from /home/airflow/.local/lib/python3.12/site-packages/airflow/example_dags/tutorial.py
[2025-01-31T21:06:02.633+0000] {logging_mixin.py:190} INFO - [2025-01-31T21:06:02.632+0000] {dag.py:3239} INFO - Sync 1 DAGs
[2025-01-31T21:06:02.693+0000] {logging_mixin.py:190} INFO - [2025-01-31T21:06:02.693+0000] {dag.py:4180} INFO - Setting next_dagrun for tutorial to 2025-01-30 00:00:00+00:00, run_after=2025-01-31 00:00:00+00:00
[2025-01-31T21:06:02.723+0000] {processor.py:208} INFO - Processing /home/airflow/.local/lib/python3.12/site-packages/airflow/example_dags/tutorial.py took 0.235 seconds
[2025-01-31T21:06:33.395+0000] {processor.py:186} INFO - Started process (PID=1828) to work on /home/airflow/.local/lib/python3.12/site-packages/airflow/example_dags/tutorial.py
[2025-01-31T21:06:33.404+0000] {processor.py:914} INFO - Processing file /home/airflow/.local/lib/python3.12/site-packages/airflow/example_dags/tutorial.py for tasks to queue
[2025-01-31T21:06:33.407+0000] {logging_mixin.py:190} INFO - [2025-01-31T21:06:33.406+0000] {dagbag.py:588} INFO - Filling up the DagBag from /home/airflow/.local/lib/python3.12/site-packages/airflow/example_dags/tutorial.py
[2025-01-31T21:06:33.424+0000] {processor.py:925} INFO - DAG(s) 'tutorial' retrieved from /home/airflow/.local/lib/python3.12/site-packages/airflow/example_dags/tutorial.py
[2025-01-31T21:06:33.472+0000] {logging_mixin.py:190} INFO - [2025-01-31T21:06:33.472+0000] {dag.py:3239} INFO - Sync 1 DAGs
[2025-01-31T21:06:33.517+0000] {logging_mixin.py:190} INFO - [2025-01-31T21:06:33.517+0000] {dag.py:4180} INFO - Setting next_dagrun for tutorial to 2025-01-30 00:00:00+00:00, run_after=2025-01-31 00:00:00+00:00
[2025-01-31T21:06:33.558+0000] {processor.py:208} INFO - Processing /home/airflow/.local/lib/python3.12/site-packages/airflow/example_dags/tutorial.py took 0.168 seconds
[2025-01-31T21:07:03.670+0000] {processor.py:186} INFO - Started process (PID=1891) to work on /home/airflow/.local/lib/python3.12/site-packages/airflow/example_dags/tutorial.py
[2025-01-31T21:07:03.671+0000] {processor.py:914} INFO - Processing file /home/airflow/.local/lib/python3.12/site-packages/airflow/example_dags/tutorial.py for tasks to queue
[2025-01-31T21:07:03.673+0000] {logging_mixin.py:190} INFO - [2025-01-31T21:07:03.673+0000] {dagbag.py:588} INFO - Filling up the DagBag from /home/airflow/.local/lib/python3.12/site-packages/airflow/example_dags/tutorial.py
[2025-01-31T21:07:03.681+0000] {processor.py:925} INFO - DAG(s) 'tutorial' retrieved from /home/airflow/.local/lib/python3.12/site-packages/airflow/example_dags/tutorial.py
[2025-01-31T21:07:03.700+0000] {logging_mixin.py:190} INFO - [2025-01-31T21:07:03.700+0000] {dag.py:3239} INFO - Sync 1 DAGs
[2025-01-31T21:07:03.727+0000] {logging_mixin.py:190} INFO - [2025-01-31T21:07:03.726+0000] {dag.py:4180} INFO - Setting next_dagrun for tutorial to 2025-01-30 00:00:00+00:00, run_after=2025-01-31 00:00:00+00:00
[2025-01-31T21:07:03.743+0000] {processor.py:208} INFO - Processing /home/airflow/.local/lib/python3.12/site-packages/airflow/example_dags/tutorial.py took 0.078 seconds
[2025-01-31T21:07:33.926+0000] {processor.py:186} INFO - Started process (PID=1953) to work on /home/airflow/.local/lib/python3.12/site-packages/airflow/example_dags/tutorial.py
[2025-01-31T21:07:33.928+0000] {processor.py:914} INFO - Processing file /home/airflow/.local/lib/python3.12/site-packages/airflow/example_dags/tutorial.py for tasks to queue
[2025-01-31T21:07:33.930+0000] {logging_mixin.py:190} INFO - [2025-01-31T21:07:33.930+0000] {dagbag.py:588} INFO - Filling up the DagBag from /home/airflow/.local/lib/python3.12/site-packages/airflow/example_dags/tutorial.py
[2025-01-31T21:07:33.938+0000] {processor.py:925} INFO - DAG(s) 'tutorial' retrieved from /home/airflow/.local/lib/python3.12/site-packages/airflow/example_dags/tutorial.py
[2025-01-31T21:07:33.956+0000] {logging_mixin.py:190} INFO - [2025-01-31T21:07:33.956+0000] {dag.py:3239} INFO - Sync 1 DAGs
[2025-01-31T21:07:33.980+0000] {logging_mixin.py:190} INFO - [2025-01-31T21:07:33.980+0000] {dag.py:4180} INFO - Setting next_dagrun for tutorial to 2025-01-30 00:00:00+00:00, run_after=2025-01-31 00:00:00+00:00
[2025-01-31T21:07:33.998+0000] {processor.py:208} INFO - Processing /home/airflow/.local/lib/python3.12/site-packages/airflow/example_dags/tutorial.py took 0.077 seconds
[2025-01-31T21:08:04.058+0000] {processor.py:186} INFO - Started process (PID=2016) to work on /home/airflow/.local/lib/python3.12/site-packages/airflow/example_dags/tutorial.py
[2025-01-31T21:08:04.059+0000] {processor.py:914} INFO - Processing file /home/airflow/.local/lib/python3.12/site-packages/airflow/example_dags/tutorial.py for tasks to queue
[2025-01-31T21:08:04.062+0000] {logging_mixin.py:190} INFO - [2025-01-31T21:08:04.061+0000] {dagbag.py:588} INFO - Filling up the DagBag from /home/airflow/.local/lib/python3.12/site-packages/airflow/example_dags/tutorial.py
[2025-01-31T21:08:04.069+0000] {processor.py:925} INFO - DAG(s) 'tutorial' retrieved from /home/airflow/.local/lib/python3.12/site-packages/airflow/example_dags/tutorial.py
[2025-01-31T21:08:04.087+0000] {logging_mixin.py:190} INFO - [2025-01-31T21:08:04.087+0000] {dag.py:3239} INFO - Sync 1 DAGs
[2025-01-31T21:08:04.110+0000] {logging_mixin.py:190} INFO - [2025-01-31T21:08:04.110+0000] {dag.py:4180} INFO - Setting next_dagrun for tutorial to 2025-01-30 00:00:00+00:00, run_after=2025-01-31 00:00:00+00:00
[2025-01-31T21:08:04.125+0000] {processor.py:208} INFO - Processing /home/airflow/.local/lib/python3.12/site-packages/airflow/example_dags/tutorial.py took 0.074 seconds
[2025-01-31T21:08:34.588+0000] {processor.py:186} INFO - Started process (PID=2080) to work on /home/airflow/.local/lib/python3.12/site-packages/airflow/example_dags/tutorial.py
[2025-01-31T21:08:34.589+0000] {processor.py:914} INFO - Processing file /home/airflow/.local/lib/python3.12/site-packages/airflow/example_dags/tutorial.py for tasks to queue
[2025-01-31T21:08:34.591+0000] {logging_mixin.py:190} INFO - [2025-01-31T21:08:34.590+0000] {dagbag.py:588} INFO - Filling up the DagBag from /home/airflow/.local/lib/python3.12/site-packages/airflow/example_dags/tutorial.py
[2025-01-31T21:08:34.598+0000] {processor.py:925} INFO - DAG(s) 'tutorial' retrieved from /home/airflow/.local/lib/python3.12/site-packages/airflow/example_dags/tutorial.py
[2025-01-31T21:08:34.616+0000] {logging_mixin.py:190} INFO - [2025-01-31T21:08:34.616+0000] {dag.py:3239} INFO - Sync 1 DAGs
[2025-01-31T21:08:34.641+0000] {logging_mixin.py:190} INFO - [2025-01-31T21:08:34.640+0000] {dag.py:4180} INFO - Setting next_dagrun for tutorial to 2025-01-30 00:00:00+00:00, run_after=2025-01-31 00:00:00+00:00
[2025-01-31T21:08:34.656+0000] {processor.py:208} INFO - Processing /home/airflow/.local/lib/python3.12/site-packages/airflow/example_dags/tutorial.py took 0.078 seconds
[2025-01-31T21:09:05.031+0000] {processor.py:186} INFO - Started process (PID=2144) to work on /home/airflow/.local/lib/python3.12/site-packages/airflow/example_dags/tutorial.py
[2025-01-31T21:09:05.032+0000] {processor.py:914} INFO - Processing file /home/airflow/.local/lib/python3.12/site-packages/airflow/example_dags/tutorial.py for tasks to queue
[2025-01-31T21:09:05.034+0000] {logging_mixin.py:190} INFO - [2025-01-31T21:09:05.034+0000] {dagbag.py:588} INFO - Filling up the DagBag from /home/airflow/.local/lib/python3.12/site-packages/airflow/example_dags/tutorial.py
[2025-01-31T21:09:05.042+0000] {processor.py:925} INFO - DAG(s) 'tutorial' retrieved from /home/airflow/.local/lib/python3.12/site-packages/airflow/example_dags/tutorial.py
[2025-01-31T21:09:05.062+0000] {logging_mixin.py:190} INFO - [2025-01-31T21:09:05.061+0000] {dag.py:3239} INFO - Sync 1 DAGs
[2025-01-31T21:09:05.086+0000] {logging_mixin.py:190} INFO - [2025-01-31T21:09:05.086+0000] {dag.py:4180} INFO - Setting next_dagrun for tutorial to 2025-01-30 00:00:00+00:00, run_after=2025-01-31 00:00:00+00:00
[2025-01-31T21:09:05.101+0000] {processor.py:208} INFO - Processing /home/airflow/.local/lib/python3.12/site-packages/airflow/example_dags/tutorial.py took 0.077 seconds
[2025-01-31T21:09:35.573+0000] {processor.py:186} INFO - Started process (PID=2207) to work on /home/airflow/.local/lib/python3.12/site-packages/airflow/example_dags/tutorial.py
[2025-01-31T21:09:35.574+0000] {processor.py:914} INFO - Processing file /home/airflow/.local/lib/python3.12/site-packages/airflow/example_dags/tutorial.py for tasks to queue
[2025-01-31T21:09:35.577+0000] {logging_mixin.py:190} INFO - [2025-01-31T21:09:35.577+0000] {dagbag.py:588} INFO - Filling up the DagBag from /home/airflow/.local/lib/python3.12/site-packages/airflow/example_dags/tutorial.py
[2025-01-31T21:09:35.590+0000] {processor.py:925} INFO - DAG(s) 'tutorial' retrieved from /home/airflow/.local/lib/python3.12/site-packages/airflow/example_dags/tutorial.py
[2025-01-31T21:09:35.618+0000] {logging_mixin.py:190} INFO - [2025-01-31T21:09:35.618+0000] {dag.py:3239} INFO - Sync 1 DAGs
[2025-01-31T21:09:35.655+0000] {logging_mixin.py:190} INFO - [2025-01-31T21:09:35.655+0000] {dag.py:4180} INFO - Setting next_dagrun for tutorial to 2025-01-30 00:00:00+00:00, run_after=2025-01-31 00:00:00+00:00
[2025-01-31T21:09:35.670+0000] {processor.py:208} INFO - Processing /home/airflow/.local/lib/python3.12/site-packages/airflow/example_dags/tutorial.py took 0.105 seconds
[2025-01-31T21:10:06.650+0000] {processor.py:186} INFO - Started process (PID=2271) to work on /home/airflow/.local/lib/python3.12/site-packages/airflow/example_dags/tutorial.py
[2025-01-31T21:10:06.651+0000] {processor.py:914} INFO - Processing file /home/airflow/.local/lib/python3.12/site-packages/airflow/example_dags/tutorial.py for tasks to queue
[2025-01-31T21:10:06.653+0000] {logging_mixin.py:190} INFO - [2025-01-31T21:10:06.653+0000] {dagbag.py:588} INFO - Filling up the DagBag from /home/airflow/.local/lib/python3.12/site-packages/airflow/example_dags/tutorial.py
[2025-01-31T21:10:06.665+0000] {processor.py:925} INFO - DAG(s) 'tutorial' retrieved from /home/airflow/.local/lib/python3.12/site-packages/airflow/example_dags/tutorial.py
[2025-01-31T21:10:06.685+0000] {logging_mixin.py:190} INFO - [2025-01-31T21:10:06.684+0000] {dag.py:3239} INFO - Sync 1 DAGs
[2025-01-31T21:10:06.709+0000] {logging_mixin.py:190} INFO - [2025-01-31T21:10:06.709+0000] {dag.py:4180} INFO - Setting next_dagrun for tutorial to 2025-01-30 00:00:00+00:00, run_after=2025-01-31 00:00:00+00:00
[2025-01-31T21:10:06.727+0000] {processor.py:208} INFO - Processing /home/airflow/.local/lib/python3.12/site-packages/airflow/example_dags/tutorial.py took 0.100 seconds
[2025-01-31T21:10:37.663+0000] {processor.py:186} INFO - Started process (PID=2334) to work on /home/airflow/.local/lib/python3.12/site-packages/airflow/example_dags/tutorial.py
[2025-01-31T21:10:37.664+0000] {processor.py:914} INFO - Processing file /home/airflow/.local/lib/python3.12/site-packages/airflow/example_dags/tutorial.py for tasks to queue
[2025-01-31T21:10:37.666+0000] {logging_mixin.py:190} INFO - [2025-01-31T21:10:37.666+0000] {dagbag.py:588} INFO - Filling up the DagBag from /home/airflow/.local/lib/python3.12/site-packages/airflow/example_dags/tutorial.py
[2025-01-31T21:10:37.674+0000] {processor.py:925} INFO - DAG(s) 'tutorial' retrieved from /home/airflow/.local/lib/python3.12/site-packages/airflow/example_dags/tutorial.py
[2025-01-31T21:10:37.694+0000] {logging_mixin.py:190} INFO - [2025-01-31T21:10:37.694+0000] {dag.py:3239} INFO - Sync 1 DAGs
[2025-01-31T21:10:37.718+0000] {logging_mixin.py:190} INFO - [2025-01-31T21:10:37.718+0000] {dag.py:4180} INFO - Setting next_dagrun for tutorial to 2025-01-30 00:00:00+00:00, run_after=2025-01-31 00:00:00+00:00
[2025-01-31T21:10:37.736+0000] {processor.py:208} INFO - Processing /home/airflow/.local/lib/python3.12/site-packages/airflow/example_dags/tutorial.py took 0.079 seconds
[2025-01-31T21:11:08.494+0000] {processor.py:186} INFO - Started process (PID=2397) to work on /home/airflow/.local/lib/python3.12/site-packages/airflow/example_dags/tutorial.py
[2025-01-31T21:11:08.495+0000] {processor.py:914} INFO - Processing file /home/airflow/.local/lib/python3.12/site-packages/airflow/example_dags/tutorial.py for tasks to queue
[2025-01-31T21:11:08.498+0000] {logging_mixin.py:190} INFO - [2025-01-31T21:11:08.497+0000] {dagbag.py:588} INFO - Filling up the DagBag from /home/airflow/.local/lib/python3.12/site-packages/airflow/example_dags/tutorial.py
[2025-01-31T21:11:08.506+0000] {processor.py:925} INFO - DAG(s) 'tutorial' retrieved from /home/airflow/.local/lib/python3.12/site-packages/airflow/example_dags/tutorial.py
[2025-01-31T21:11:08.530+0000] {logging_mixin.py:190} INFO - [2025-01-31T21:11:08.529+0000] {dag.py:3239} INFO - Sync 1 DAGs
[2025-01-31T21:11:08.554+0000] {logging_mixin.py:190} INFO - [2025-01-31T21:11:08.554+0000] {dag.py:4180} INFO - Setting next_dagrun for tutorial to 2025-01-30 00:00:00+00:00, run_after=2025-01-31 00:00:00+00:00
[2025-01-31T21:11:08.573+0000] {processor.py:208} INFO - Processing /home/airflow/.local/lib/python3.12/site-packages/airflow/example_dags/tutorial.py took 0.084 seconds
[2025-01-31T21:11:39.206+0000] {processor.py:186} INFO - Started process (PID=2460) to work on /home/airflow/.local/lib/python3.12/site-packages/airflow/example_dags/tutorial.py
[2025-01-31T21:11:39.206+0000] {processor.py:914} INFO - Processing file /home/airflow/.local/lib/python3.12/site-packages/airflow/example_dags/tutorial.py for tasks to queue
[2025-01-31T21:11:39.208+0000] {logging_mixin.py:190} INFO - [2025-01-31T21:11:39.208+0000] {dagbag.py:588} INFO - Filling up the DagBag from /home/airflow/.local/lib/python3.12/site-packages/airflow/example_dags/tutorial.py
[2025-01-31T21:11:39.216+0000] {processor.py:925} INFO - DAG(s) 'tutorial' retrieved from /home/airflow/.local/lib/python3.12/site-packages/airflow/example_dags/tutorial.py
[2025-01-31T21:11:39.236+0000] {logging_mixin.py:190} INFO - [2025-01-31T21:11:39.236+0000] {dag.py:3239} INFO - Sync 1 DAGs
[2025-01-31T21:11:39.262+0000] {logging_mixin.py:190} INFO - [2025-01-31T21:11:39.261+0000] {dag.py:4180} INFO - Setting next_dagrun for tutorial to 2025-01-30 00:00:00+00:00, run_after=2025-01-31 00:00:00+00:00
[2025-01-31T21:11:39.280+0000] {processor.py:208} INFO - Processing /home/airflow/.local/lib/python3.12/site-packages/airflow/example_dags/tutorial.py took 0.080 seconds
[2025-01-31T21:12:09.798+0000] {processor.py:186} INFO - Started process (PID=2522) to work on /home/airflow/.local/lib/python3.12/site-packages/airflow/example_dags/tutorial.py
[2025-01-31T21:12:09.799+0000] {processor.py:914} INFO - Processing file /home/airflow/.local/lib/python3.12/site-packages/airflow/example_dags/tutorial.py for tasks to queue
[2025-01-31T21:12:09.801+0000] {logging_mixin.py:190} INFO - [2025-01-31T21:12:09.801+0000] {dagbag.py:588} INFO - Filling up the DagBag from /home/airflow/.local/lib/python3.12/site-packages/airflow/example_dags/tutorial.py
[2025-01-31T21:12:09.809+0000] {processor.py:925} INFO - DAG(s) 'tutorial' retrieved from /home/airflow/.local/lib/python3.12/site-packages/airflow/example_dags/tutorial.py
[2025-01-31T21:12:09.830+0000] {logging_mixin.py:190} INFO - [2025-01-31T21:12:09.830+0000] {dag.py:3239} INFO - Sync 1 DAGs
[2025-01-31T21:12:09.855+0000] {logging_mixin.py:190} INFO - [2025-01-31T21:12:09.854+0000] {dag.py:4180} INFO - Setting next_dagrun for tutorial to 2025-01-30 00:00:00+00:00, run_after=2025-01-31 00:00:00+00:00
[2025-01-31T21:12:10.071+0000] {processor.py:208} INFO - Processing /home/airflow/.local/lib/python3.12/site-packages/airflow/example_dags/tutorial.py took 0.278 seconds
[2025-01-31T21:12:40.335+0000] {processor.py:186} INFO - Started process (PID=2585) to work on /home/airflow/.local/lib/python3.12/site-packages/airflow/example_dags/tutorial.py
[2025-01-31T21:12:40.341+0000] {processor.py:914} INFO - Processing file /home/airflow/.local/lib/python3.12/site-packages/airflow/example_dags/tutorial.py for tasks to queue
[2025-01-31T21:12:40.343+0000] {logging_mixin.py:190} INFO - [2025-01-31T21:12:40.343+0000] {dagbag.py:588} INFO - Filling up the DagBag from /home/airflow/.local/lib/python3.12/site-packages/airflow/example_dags/tutorial.py
[2025-01-31T21:12:40.358+0000] {processor.py:925} INFO - DAG(s) 'tutorial' retrieved from /home/airflow/.local/lib/python3.12/site-packages/airflow/example_dags/tutorial.py
[2025-01-31T21:12:40.388+0000] {logging_mixin.py:190} INFO - [2025-01-31T21:12:40.387+0000] {dag.py:3239} INFO - Sync 1 DAGs
[2025-01-31T21:12:40.415+0000] {logging_mixin.py:190} INFO - [2025-01-31T21:12:40.415+0000] {dag.py:4180} INFO - Setting next_dagrun for tutorial to 2025-01-30 00:00:00+00:00, run_after=2025-01-31 00:00:00+00:00
[2025-01-31T21:12:40.439+0000] {processor.py:208} INFO - Processing /home/airflow/.local/lib/python3.12/site-packages/airflow/example_dags/tutorial.py took 0.114 seconds
[2025-01-31T21:13:10.489+0000] {processor.py:186} INFO - Started process (PID=2648) to work on /home/airflow/.local/lib/python3.12/site-packages/airflow/example_dags/tutorial.py
[2025-01-31T21:13:10.490+0000] {processor.py:914} INFO - Processing file /home/airflow/.local/lib/python3.12/site-packages/airflow/example_dags/tutorial.py for tasks to queue
[2025-01-31T21:13:10.491+0000] {logging_mixin.py:190} INFO - [2025-01-31T21:13:10.491+0000] {dagbag.py:588} INFO - Filling up the DagBag from /home/airflow/.local/lib/python3.12/site-packages/airflow/example_dags/tutorial.py
[2025-01-31T21:13:10.497+0000] {processor.py:925} INFO - DAG(s) 'tutorial' retrieved from /home/airflow/.local/lib/python3.12/site-packages/airflow/example_dags/tutorial.py
[2025-01-31T21:13:10.512+0000] {logging_mixin.py:190} INFO - [2025-01-31T21:13:10.512+0000] {dag.py:3239} INFO - Sync 1 DAGs
[2025-01-31T21:13:10.529+0000] {logging_mixin.py:190} INFO - [2025-01-31T21:13:10.529+0000] {dag.py:4180} INFO - Setting next_dagrun for tutorial to 2025-01-30 00:00:00+00:00, run_after=2025-01-31 00:00:00+00:00
[2025-01-31T21:13:10.541+0000] {processor.py:208} INFO - Processing /home/airflow/.local/lib/python3.12/site-packages/airflow/example_dags/tutorial.py took 0.056 seconds
[2025-01-31T21:13:40.721+0000] {processor.py:186} INFO - Started process (PID=2711) to work on /home/airflow/.local/lib/python3.12/site-packages/airflow/example_dags/tutorial.py
[2025-01-31T21:13:40.724+0000] {processor.py:914} INFO - Processing file /home/airflow/.local/lib/python3.12/site-packages/airflow/example_dags/tutorial.py for tasks to queue
[2025-01-31T21:13:40.726+0000] {logging_mixin.py:190} INFO - [2025-01-31T21:13:40.726+0000] {dagbag.py:588} INFO - Filling up the DagBag from /home/airflow/.local/lib/python3.12/site-packages/airflow/example_dags/tutorial.py
[2025-01-31T21:13:40.734+0000] {processor.py:925} INFO - DAG(s) 'tutorial' retrieved from /home/airflow/.local/lib/python3.12/site-packages/airflow/example_dags/tutorial.py
[2025-01-31T21:13:40.752+0000] {logging_mixin.py:190} INFO - [2025-01-31T21:13:40.752+0000] {dag.py:3239} INFO - Sync 1 DAGs
[2025-01-31T21:13:40.777+0000] {logging_mixin.py:190} INFO - [2025-01-31T21:13:40.777+0000] {dag.py:4180} INFO - Setting next_dagrun for tutorial to 2025-01-30 00:00:00+00:00, run_after=2025-01-31 00:00:00+00:00
[2025-01-31T21:13:40.794+0000] {processor.py:208} INFO - Processing /home/airflow/.local/lib/python3.12/site-packages/airflow/example_dags/tutorial.py took 0.079 seconds
[2025-01-31T21:14:12.277+0000] {processor.py:186} INFO - Started process (PID=2769) to work on /home/airflow/.local/lib/python3.12/site-packages/airflow/example_dags/tutorial.py
[2025-01-31T21:14:12.278+0000] {processor.py:914} INFO - Processing file /home/airflow/.local/lib/python3.12/site-packages/airflow/example_dags/tutorial.py for tasks to queue
[2025-01-31T21:14:12.281+0000] {logging_mixin.py:190} INFO - [2025-01-31T21:14:12.281+0000] {dagbag.py:588} INFO - Filling up the DagBag from /home/airflow/.local/lib/python3.12/site-packages/airflow/example_dags/tutorial.py
[2025-01-31T21:14:12.297+0000] {processor.py:925} INFO - DAG(s) 'tutorial' retrieved from /home/airflow/.local/lib/python3.12/site-packages/airflow/example_dags/tutorial.py
[2025-01-31T21:14:12.354+0000] {logging_mixin.py:190} INFO - [2025-01-31T21:14:12.354+0000] {dag.py:3239} INFO - Sync 1 DAGs
[2025-01-31T21:14:12.393+0000] {logging_mixin.py:190} INFO - [2025-01-31T21:14:12.392+0000] {dag.py:4180} INFO - Setting next_dagrun for tutorial to 2025-01-30 00:00:00+00:00, run_after=2025-01-31 00:00:00+00:00
[2025-01-31T21:14:12.417+0000] {processor.py:208} INFO - Processing /home/airflow/.local/lib/python3.12/site-packages/airflow/example_dags/tutorial.py took 0.160 seconds
[2025-01-31T21:14:43.048+0000] {processor.py:186} INFO - Started process (PID=2831) to work on /home/airflow/.local/lib/python3.12/site-packages/airflow/example_dags/tutorial.py
[2025-01-31T21:14:43.049+0000] {processor.py:914} INFO - Processing file /home/airflow/.local/lib/python3.12/site-packages/airflow/example_dags/tutorial.py for tasks to queue
[2025-01-31T21:14:43.051+0000] {logging_mixin.py:190} INFO - [2025-01-31T21:14:43.051+0000] {dagbag.py:588} INFO - Filling up the DagBag from /home/airflow/.local/lib/python3.12/site-packages/airflow/example_dags/tutorial.py
[2025-01-31T21:14:43.060+0000] {processor.py:925} INFO - DAG(s) 'tutorial' retrieved from /home/airflow/.local/lib/python3.12/site-packages/airflow/example_dags/tutorial.py
[2025-01-31T21:14:43.080+0000] {logging_mixin.py:190} INFO - [2025-01-31T21:14:43.079+0000] {dag.py:3239} INFO - Sync 1 DAGs
[2025-01-31T21:14:43.102+0000] {logging_mixin.py:190} INFO - [2025-01-31T21:14:43.102+0000] {dag.py:4180} INFO - Setting next_dagrun for tutorial to 2025-01-30 00:00:00+00:00, run_after=2025-01-31 00:00:00+00:00
[2025-01-31T21:14:43.118+0000] {processor.py:208} INFO - Processing /home/airflow/.local/lib/python3.12/site-packages/airflow/example_dags/tutorial.py took 0.076 seconds
[2025-01-31T21:15:13.516+0000] {processor.py:186} INFO - Started process (PID=2891) to work on /home/airflow/.local/lib/python3.12/site-packages/airflow/example_dags/tutorial.py
[2025-01-31T21:15:13.517+0000] {processor.py:914} INFO - Processing file /home/airflow/.local/lib/python3.12/site-packages/airflow/example_dags/tutorial.py for tasks to queue
[2025-01-31T21:15:13.520+0000] {logging_mixin.py:190} INFO - [2025-01-31T21:15:13.520+0000] {dagbag.py:588} INFO - Filling up the DagBag from /home/airflow/.local/lib/python3.12/site-packages/airflow/example_dags/tutorial.py
[2025-01-31T21:15:13.529+0000] {processor.py:925} INFO - DAG(s) 'tutorial' retrieved from /home/airflow/.local/lib/python3.12/site-packages/airflow/example_dags/tutorial.py
[2025-01-31T21:15:13.763+0000] {logging_mixin.py:190} INFO - [2025-01-31T21:15:13.763+0000] {dag.py:3239} INFO - Sync 1 DAGs
[2025-01-31T21:15:13.785+0000] {logging_mixin.py:190} INFO - [2025-01-31T21:15:13.785+0000] {dag.py:4180} INFO - Setting next_dagrun for tutorial to 2025-01-30 00:00:00+00:00, run_after=2025-01-31 00:00:00+00:00
[2025-01-31T21:15:13.801+0000] {processor.py:208} INFO - Processing /home/airflow/.local/lib/python3.12/site-packages/airflow/example_dags/tutorial.py took 0.290 seconds
[2025-01-31T21:15:44.316+0000] {processor.py:186} INFO - Started process (PID=2954) to work on /home/airflow/.local/lib/python3.12/site-packages/airflow/example_dags/tutorial.py
[2025-01-31T21:15:44.317+0000] {processor.py:914} INFO - Processing file /home/airflow/.local/lib/python3.12/site-packages/airflow/example_dags/tutorial.py for tasks to queue
[2025-01-31T21:15:44.320+0000] {logging_mixin.py:190} INFO - [2025-01-31T21:15:44.319+0000] {dagbag.py:588} INFO - Filling up the DagBag from /home/airflow/.local/lib/python3.12/site-packages/airflow/example_dags/tutorial.py
[2025-01-31T21:15:44.328+0000] {processor.py:925} INFO - DAG(s) 'tutorial' retrieved from /home/airflow/.local/lib/python3.12/site-packages/airflow/example_dags/tutorial.py
[2025-01-31T21:15:44.347+0000] {logging_mixin.py:190} INFO - [2025-01-31T21:15:44.346+0000] {dag.py:3239} INFO - Sync 1 DAGs
[2025-01-31T21:15:44.372+0000] {logging_mixin.py:190} INFO - [2025-01-31T21:15:44.372+0000] {dag.py:4180} INFO - Setting next_dagrun for tutorial to 2025-01-30 00:00:00+00:00, run_after=2025-01-31 00:00:00+00:00
[2025-01-31T21:15:44.389+0000] {processor.py:208} INFO - Processing /home/airflow/.local/lib/python3.12/site-packages/airflow/example_dags/tutorial.py took 0.079 seconds
[2025-01-31T21:16:14.742+0000] {processor.py:186} INFO - Started process (PID=3018) to work on /home/airflow/.local/lib/python3.12/site-packages/airflow/example_dags/tutorial.py
[2025-01-31T21:16:14.743+0000] {processor.py:914} INFO - Processing file /home/airflow/.local/lib/python3.12/site-packages/airflow/example_dags/tutorial.py for tasks to queue
[2025-01-31T21:16:14.745+0000] {logging_mixin.py:190} INFO - [2025-01-31T21:16:14.745+0000] {dagbag.py:588} INFO - Filling up the DagBag from /home/airflow/.local/lib/python3.12/site-packages/airflow/example_dags/tutorial.py
[2025-01-31T21:16:14.753+0000] {processor.py:925} INFO - DAG(s) 'tutorial' retrieved from /home/airflow/.local/lib/python3.12/site-packages/airflow/example_dags/tutorial.py
[2025-01-31T21:16:14.773+0000] {logging_mixin.py:190} INFO - [2025-01-31T21:16:14.773+0000] {dag.py:3239} INFO - Sync 1 DAGs
[2025-01-31T21:16:14.798+0000] {logging_mixin.py:190} INFO - [2025-01-31T21:16:14.798+0000] {dag.py:4180} INFO - Setting next_dagrun for tutorial to 2025-01-30 00:00:00+00:00, run_after=2025-01-31 00:00:00+00:00
[2025-01-31T21:16:14.815+0000] {processor.py:208} INFO - Processing /home/airflow/.local/lib/python3.12/site-packages/airflow/example_dags/tutorial.py took 0.081 seconds
[2025-01-31T21:16:45.387+0000] {processor.py:186} INFO - Started process (PID=3081) to work on /home/airflow/.local/lib/python3.12/site-packages/airflow/example_dags/tutorial.py
[2025-01-31T21:16:45.388+0000] {processor.py:914} INFO - Processing file /home/airflow/.local/lib/python3.12/site-packages/airflow/example_dags/tutorial.py for tasks to queue
[2025-01-31T21:16:45.390+0000] {logging_mixin.py:190} INFO - [2025-01-31T21:16:45.390+0000] {dagbag.py:588} INFO - Filling up the DagBag from /home/airflow/.local/lib/python3.12/site-packages/airflow/example_dags/tutorial.py
[2025-01-31T21:16:45.398+0000] {processor.py:925} INFO - DAG(s) 'tutorial' retrieved from /home/airflow/.local/lib/python3.12/site-packages/airflow/example_dags/tutorial.py
[2025-01-31T21:16:45.418+0000] {logging_mixin.py:190} INFO - [2025-01-31T21:16:45.418+0000] {dag.py:3239} INFO - Sync 1 DAGs
[2025-01-31T21:16:45.441+0000] {logging_mixin.py:190} INFO - [2025-01-31T21:16:45.441+0000] {dag.py:4180} INFO - Setting next_dagrun for tutorial to 2025-01-30 00:00:00+00:00, run_after=2025-01-31 00:00:00+00:00
[2025-01-31T21:16:45.458+0000] {processor.py:208} INFO - Processing /home/airflow/.local/lib/python3.12/site-packages/airflow/example_dags/tutorial.py took 0.077 seconds
[2025-01-31T21:17:16.202+0000] {processor.py:186} INFO - Started process (PID=3144) to work on /home/airflow/.local/lib/python3.12/site-packages/airflow/example_dags/tutorial.py
[2025-01-31T21:17:16.203+0000] {processor.py:914} INFO - Processing file /home/airflow/.local/lib/python3.12/site-packages/airflow/example_dags/tutorial.py for tasks to queue
[2025-01-31T21:17:16.205+0000] {logging_mixin.py:190} INFO - [2025-01-31T21:17:16.205+0000] {dagbag.py:588} INFO - Filling up the DagBag from /home/airflow/.local/lib/python3.12/site-packages/airflow/example_dags/tutorial.py
[2025-01-31T21:17:16.214+0000] {processor.py:925} INFO - DAG(s) 'tutorial' retrieved from /home/airflow/.local/lib/python3.12/site-packages/airflow/example_dags/tutorial.py
[2025-01-31T21:17:16.232+0000] {logging_mixin.py:190} INFO - [2025-01-31T21:17:16.232+0000] {dag.py:3239} INFO - Sync 1 DAGs
[2025-01-31T21:17:16.256+0000] {logging_mixin.py:190} INFO - [2025-01-31T21:17:16.256+0000] {dag.py:4180} INFO - Setting next_dagrun for tutorial to 2025-01-30 00:00:00+00:00, run_after=2025-01-31 00:00:00+00:00
[2025-01-31T21:17:16.272+0000] {processor.py:208} INFO - Processing /home/airflow/.local/lib/python3.12/site-packages/airflow/example_dags/tutorial.py took 0.080 seconds
[2025-01-31T21:17:47.115+0000] {processor.py:186} INFO - Started process (PID=3207) to work on /home/airflow/.local/lib/python3.12/site-packages/airflow/example_dags/tutorial.py
[2025-01-31T21:17:47.116+0000] {processor.py:914} INFO - Processing file /home/airflow/.local/lib/python3.12/site-packages/airflow/example_dags/tutorial.py for tasks to queue
[2025-01-31T21:17:47.119+0000] {logging_mixin.py:190} INFO - [2025-01-31T21:17:47.118+0000] {dagbag.py:588} INFO - Filling up the DagBag from /home/airflow/.local/lib/python3.12/site-packages/airflow/example_dags/tutorial.py
[2025-01-31T21:17:47.127+0000] {processor.py:925} INFO - DAG(s) 'tutorial' retrieved from /home/airflow/.local/lib/python3.12/site-packages/airflow/example_dags/tutorial.py
[2025-01-31T21:17:47.146+0000] {logging_mixin.py:190} INFO - [2025-01-31T21:17:47.145+0000] {dag.py:3239} INFO - Sync 1 DAGs
[2025-01-31T21:17:47.169+0000] {logging_mixin.py:190} INFO - [2025-01-31T21:17:47.169+0000] {dag.py:4180} INFO - Setting next_dagrun for tutorial to 2025-01-30 00:00:00+00:00, run_after=2025-01-31 00:00:00+00:00
[2025-01-31T21:17:47.184+0000] {processor.py:208} INFO - Processing /home/airflow/.local/lib/python3.12/site-packages/airflow/example_dags/tutorial.py took 0.078 seconds
[2025-01-31T21:18:17.881+0000] {processor.py:186} INFO - Started process (PID=3270) to work on /home/airflow/.local/lib/python3.12/site-packages/airflow/example_dags/tutorial.py
[2025-01-31T21:18:17.882+0000] {processor.py:914} INFO - Processing file /home/airflow/.local/lib/python3.12/site-packages/airflow/example_dags/tutorial.py for tasks to queue
[2025-01-31T21:18:17.884+0000] {logging_mixin.py:190} INFO - [2025-01-31T21:18:17.884+0000] {dagbag.py:588} INFO - Filling up the DagBag from /home/airflow/.local/lib/python3.12/site-packages/airflow/example_dags/tutorial.py
[2025-01-31T21:18:17.892+0000] {processor.py:925} INFO - DAG(s) 'tutorial' retrieved from /home/airflow/.local/lib/python3.12/site-packages/airflow/example_dags/tutorial.py
[2025-01-31T21:18:17.920+0000] {logging_mixin.py:190} INFO - [2025-01-31T21:18:17.920+0000] {dag.py:3239} INFO - Sync 1 DAGs
[2025-01-31T21:18:17.945+0000] {logging_mixin.py:190} INFO - [2025-01-31T21:18:17.944+0000] {dag.py:4180} INFO - Setting next_dagrun for tutorial to 2025-01-30 00:00:00+00:00, run_after=2025-01-31 00:00:00+00:00
[2025-01-31T21:18:17.959+0000] {processor.py:208} INFO - Processing /home/airflow/.local/lib/python3.12/site-packages/airflow/example_dags/tutorial.py took 0.083 seconds
