[2025-02-01T11:58:39.402+0000] {processor.py:186} INFO - Started process (PID=103) to work on /home/airflow/.local/lib/python3.9/site-packages/airflow/example_dags/example_task_group_decorator.py
[2025-02-01T11:58:39.415+0000] {processor.py:914} INFO - Processing file /home/airflow/.local/lib/python3.9/site-packages/airflow/example_dags/example_task_group_decorator.py for tasks to queue
[2025-02-01T11:58:39.419+0000] {logging_mixin.py:190} INFO - [2025-02-01T11:58:39.419+0000] {dagbag.py:588} INFO - Filling up the DagBag from /home/airflow/.local/lib/python3.9/site-packages/airflow/example_dags/example_task_group_decorator.py
[2025-02-01T11:58:39.468+0000] {processor.py:925} INFO - DAG(s) 'example_task_group_decorator' retrieved from /home/airflow/.local/lib/python3.9/site-packages/airflow/example_dags/example_task_group_decorator.py
[2025-02-01T11:58:39.723+0000] {logging_mixin.py:190} INFO - [2025-02-01T11:58:39.720+0000] {override.py:1911} INFO - Created Permission View: can edit on DAG:example_task_group_decorator
[2025-02-01T11:58:39.741+0000] {logging_mixin.py:190} INFO - [2025-02-01T11:58:39.741+0000] {override.py:1911} INFO - Created Permission View: can delete on DAG:example_task_group_decorator
[2025-02-01T11:58:39.748+0000] {logging_mixin.py:190} INFO - [2025-02-01T11:58:39.747+0000] {override.py:1911} INFO - Created Permission View: can read on DAG:example_task_group_decorator
[2025-02-01T11:58:39.754+0000] {logging_mixin.py:190} INFO - [2025-02-01T11:58:39.754+0000] {override.py:1911} INFO - Created Permission View: can create on DAG Run:example_task_group_decorator
[2025-02-01T11:58:39.760+0000] {logging_mixin.py:190} INFO - [2025-02-01T11:58:39.760+0000] {override.py:1911} INFO - Created Permission View: can delete on DAG Run:example_task_group_decorator
[2025-02-01T11:58:39.767+0000] {logging_mixin.py:190} INFO - [2025-02-01T11:58:39.767+0000] {override.py:1911} INFO - Created Permission View: can read on DAG Run:example_task_group_decorator
[2025-02-01T11:58:39.773+0000] {logging_mixin.py:190} INFO - [2025-02-01T11:58:39.773+0000] {override.py:1911} INFO - Created Permission View: menu access on DAG Run:example_task_group_decorator
[2025-02-01T11:58:39.774+0000] {logging_mixin.py:190} INFO - [2025-02-01T11:58:39.774+0000] {dag.py:3239} INFO - Sync 1 DAGs
[2025-02-01T11:58:39.788+0000] {logging_mixin.py:190} INFO - [2025-02-01T11:58:39.788+0000] {dag.py:3262} INFO - Creating ORM DAG for example_task_group_decorator
[2025-02-01T11:58:39.789+0000] {logging_mixin.py:190} INFO - [2025-02-01T11:58:39.789+0000] {dag.py:4180} INFO - Setting next_dagrun for example_task_group_decorator to None, run_after=None
[2025-02-01T11:58:39.833+0000] {processor.py:208} INFO - Processing /home/airflow/.local/lib/python3.9/site-packages/airflow/example_dags/example_task_group_decorator.py took 0.438 seconds
[2025-02-01T11:59:11.177+0000] {processor.py:186} INFO - Started process (PID=166) to work on /home/airflow/.local/lib/python3.9/site-packages/airflow/example_dags/example_task_group_decorator.py
[2025-02-01T11:59:11.178+0000] {processor.py:914} INFO - Processing file /home/airflow/.local/lib/python3.9/site-packages/airflow/example_dags/example_task_group_decorator.py for tasks to queue
[2025-02-01T11:59:11.180+0000] {logging_mixin.py:190} INFO - [2025-02-01T11:59:11.179+0000] {dagbag.py:588} INFO - Filling up the DagBag from /home/airflow/.local/lib/python3.9/site-packages/airflow/example_dags/example_task_group_decorator.py
[2025-02-01T11:59:11.198+0000] {processor.py:925} INFO - DAG(s) 'example_task_group_decorator' retrieved from /home/airflow/.local/lib/python3.9/site-packages/airflow/example_dags/example_task_group_decorator.py
[2025-02-01T11:59:11.227+0000] {logging_mixin.py:190} INFO - [2025-02-01T11:59:11.226+0000] {dag.py:3239} INFO - Sync 1 DAGs
[2025-02-01T11:59:11.244+0000] {logging_mixin.py:190} INFO - [2025-02-01T11:59:11.243+0000] {dag.py:4180} INFO - Setting next_dagrun for example_task_group_decorator to None, run_after=None
[2025-02-01T11:59:11.262+0000] {processor.py:208} INFO - Processing /home/airflow/.local/lib/python3.9/site-packages/airflow/example_dags/example_task_group_decorator.py took 0.091 seconds
[2025-02-01T11:59:42.831+0000] {processor.py:186} INFO - Started process (PID=230) to work on /home/airflow/.local/lib/python3.9/site-packages/airflow/example_dags/example_task_group_decorator.py
[2025-02-01T11:59:42.832+0000] {processor.py:914} INFO - Processing file /home/airflow/.local/lib/python3.9/site-packages/airflow/example_dags/example_task_group_decorator.py for tasks to queue
[2025-02-01T11:59:42.834+0000] {logging_mixin.py:190} INFO - [2025-02-01T11:59:42.833+0000] {dagbag.py:588} INFO - Filling up the DagBag from /home/airflow/.local/lib/python3.9/site-packages/airflow/example_dags/example_task_group_decorator.py
[2025-02-01T11:59:42.852+0000] {processor.py:925} INFO - DAG(s) 'example_task_group_decorator' retrieved from /home/airflow/.local/lib/python3.9/site-packages/airflow/example_dags/example_task_group_decorator.py
[2025-02-01T11:59:42.890+0000] {logging_mixin.py:190} INFO - [2025-02-01T11:59:42.888+0000] {dag.py:3239} INFO - Sync 1 DAGs
[2025-02-01T11:59:42.908+0000] {logging_mixin.py:190} INFO - [2025-02-01T11:59:42.908+0000] {dag.py:4180} INFO - Setting next_dagrun for example_task_group_decorator to None, run_after=None
[2025-02-01T11:59:42.926+0000] {processor.py:208} INFO - Processing /home/airflow/.local/lib/python3.9/site-packages/airflow/example_dags/example_task_group_decorator.py took 0.102 seconds
[2025-02-01T12:00:16.193+0000] {processor.py:186} INFO - Started process (PID=293) to work on /home/airflow/.local/lib/python3.9/site-packages/airflow/example_dags/example_task_group_decorator.py
[2025-02-01T12:00:16.200+0000] {processor.py:914} INFO - Processing file /home/airflow/.local/lib/python3.9/site-packages/airflow/example_dags/example_task_group_decorator.py for tasks to queue
[2025-02-01T12:00:16.204+0000] {logging_mixin.py:190} INFO - [2025-02-01T12:00:16.203+0000] {dagbag.py:588} INFO - Filling up the DagBag from /home/airflow/.local/lib/python3.9/site-packages/airflow/example_dags/example_task_group_decorator.py
[2025-02-01T12:00:16.259+0000] {processor.py:925} INFO - DAG(s) 'example_task_group_decorator' retrieved from /home/airflow/.local/lib/python3.9/site-packages/airflow/example_dags/example_task_group_decorator.py
[2025-02-01T12:00:16.312+0000] {logging_mixin.py:190} INFO - [2025-02-01T12:00:16.312+0000] {dag.py:3239} INFO - Sync 1 DAGs
[2025-02-01T12:00:16.348+0000] {logging_mixin.py:190} INFO - [2025-02-01T12:00:16.348+0000] {dag.py:4180} INFO - Setting next_dagrun for example_task_group_decorator to None, run_after=None
[2025-02-01T12:00:16.371+0000] {processor.py:208} INFO - Processing /home/airflow/.local/lib/python3.9/site-packages/airflow/example_dags/example_task_group_decorator.py took 0.190 seconds
[2025-02-01T12:00:48.376+0000] {processor.py:186} INFO - Started process (PID=357) to work on /home/airflow/.local/lib/python3.9/site-packages/airflow/example_dags/example_task_group_decorator.py
[2025-02-01T12:00:48.381+0000] {processor.py:914} INFO - Processing file /home/airflow/.local/lib/python3.9/site-packages/airflow/example_dags/example_task_group_decorator.py for tasks to queue
[2025-02-01T12:00:48.385+0000] {logging_mixin.py:190} INFO - [2025-02-01T12:00:48.384+0000] {dagbag.py:588} INFO - Filling up the DagBag from /home/airflow/.local/lib/python3.9/site-packages/airflow/example_dags/example_task_group_decorator.py
[2025-02-01T12:00:48.426+0000] {processor.py:925} INFO - DAG(s) 'example_task_group_decorator' retrieved from /home/airflow/.local/lib/python3.9/site-packages/airflow/example_dags/example_task_group_decorator.py
[2025-02-01T12:00:48.555+0000] {logging_mixin.py:190} INFO - [2025-02-01T12:00:48.555+0000] {dag.py:3239} INFO - Sync 1 DAGs
[2025-02-01T12:00:48.583+0000] {logging_mixin.py:190} INFO - [2025-02-01T12:00:48.583+0000] {dag.py:4180} INFO - Setting next_dagrun for example_task_group_decorator to None, run_after=None
[2025-02-01T12:00:48.677+0000] {processor.py:208} INFO - Processing /home/airflow/.local/lib/python3.9/site-packages/airflow/example_dags/example_task_group_decorator.py took 0.311 seconds
[2025-02-01T12:01:20.298+0000] {processor.py:186} INFO - Started process (PID=419) to work on /home/airflow/.local/lib/python3.9/site-packages/airflow/example_dags/example_task_group_decorator.py
[2025-02-01T12:01:20.299+0000] {processor.py:914} INFO - Processing file /home/airflow/.local/lib/python3.9/site-packages/airflow/example_dags/example_task_group_decorator.py for tasks to queue
[2025-02-01T12:01:20.301+0000] {logging_mixin.py:190} INFO - [2025-02-01T12:01:20.301+0000] {dagbag.py:588} INFO - Filling up the DagBag from /home/airflow/.local/lib/python3.9/site-packages/airflow/example_dags/example_task_group_decorator.py
[2025-02-01T12:01:20.343+0000] {processor.py:925} INFO - DAG(s) 'example_task_group_decorator' retrieved from /home/airflow/.local/lib/python3.9/site-packages/airflow/example_dags/example_task_group_decorator.py
[2025-02-01T12:01:20.389+0000] {logging_mixin.py:190} INFO - [2025-02-01T12:01:20.389+0000] {dag.py:3239} INFO - Sync 1 DAGs
[2025-02-01T12:01:20.409+0000] {logging_mixin.py:190} INFO - [2025-02-01T12:01:20.408+0000] {dag.py:4180} INFO - Setting next_dagrun for example_task_group_decorator to None, run_after=None
[2025-02-01T12:01:20.432+0000] {processor.py:208} INFO - Processing /home/airflow/.local/lib/python3.9/site-packages/airflow/example_dags/example_task_group_decorator.py took 0.141 seconds
[2025-02-01T12:01:51.500+0000] {processor.py:186} INFO - Started process (PID=482) to work on /home/airflow/.local/lib/python3.9/site-packages/airflow/example_dags/example_task_group_decorator.py
[2025-02-01T12:01:51.508+0000] {processor.py:914} INFO - Processing file /home/airflow/.local/lib/python3.9/site-packages/airflow/example_dags/example_task_group_decorator.py for tasks to queue
[2025-02-01T12:01:51.510+0000] {logging_mixin.py:190} INFO - [2025-02-01T12:01:51.510+0000] {dagbag.py:588} INFO - Filling up the DagBag from /home/airflow/.local/lib/python3.9/site-packages/airflow/example_dags/example_task_group_decorator.py
[2025-02-01T12:01:51.554+0000] {processor.py:925} INFO - DAG(s) 'example_task_group_decorator' retrieved from /home/airflow/.local/lib/python3.9/site-packages/airflow/example_dags/example_task_group_decorator.py
[2025-02-01T12:01:51.585+0000] {logging_mixin.py:190} INFO - [2025-02-01T12:01:51.585+0000] {dag.py:3239} INFO - Sync 1 DAGs
[2025-02-01T12:01:51.601+0000] {logging_mixin.py:190} INFO - [2025-02-01T12:01:51.601+0000] {dag.py:4180} INFO - Setting next_dagrun for example_task_group_decorator to None, run_after=None
[2025-02-01T12:01:51.619+0000] {processor.py:208} INFO - Processing /home/airflow/.local/lib/python3.9/site-packages/airflow/example_dags/example_task_group_decorator.py took 0.125 seconds
[2025-02-01T12:02:22.350+0000] {processor.py:186} INFO - Started process (PID=549) to work on /home/airflow/.local/lib/python3.9/site-packages/airflow/example_dags/example_task_group_decorator.py
[2025-02-01T12:02:22.351+0000] {processor.py:914} INFO - Processing file /home/airflow/.local/lib/python3.9/site-packages/airflow/example_dags/example_task_group_decorator.py for tasks to queue
[2025-02-01T12:02:22.353+0000] {logging_mixin.py:190} INFO - [2025-02-01T12:02:22.353+0000] {dagbag.py:588} INFO - Filling up the DagBag from /home/airflow/.local/lib/python3.9/site-packages/airflow/example_dags/example_task_group_decorator.py
[2025-02-01T12:02:22.374+0000] {processor.py:925} INFO - DAG(s) 'example_task_group_decorator' retrieved from /home/airflow/.local/lib/python3.9/site-packages/airflow/example_dags/example_task_group_decorator.py
[2025-02-01T12:02:22.439+0000] {logging_mixin.py:190} INFO - [2025-02-01T12:02:22.438+0000] {dag.py:3239} INFO - Sync 1 DAGs
[2025-02-01T12:02:22.464+0000] {logging_mixin.py:190} INFO - [2025-02-01T12:02:22.462+0000] {dag.py:4180} INFO - Setting next_dagrun for example_task_group_decorator to None, run_after=None
[2025-02-01T12:02:22.506+0000] {processor.py:208} INFO - Processing /home/airflow/.local/lib/python3.9/site-packages/airflow/example_dags/example_task_group_decorator.py took 0.163 seconds
[2025-02-01T12:02:52.902+0000] {processor.py:186} INFO - Started process (PID=611) to work on /home/airflow/.local/lib/python3.9/site-packages/airflow/example_dags/example_task_group_decorator.py
[2025-02-01T12:02:52.903+0000] {processor.py:914} INFO - Processing file /home/airflow/.local/lib/python3.9/site-packages/airflow/example_dags/example_task_group_decorator.py for tasks to queue
[2025-02-01T12:02:52.905+0000] {logging_mixin.py:190} INFO - [2025-02-01T12:02:52.905+0000] {dagbag.py:588} INFO - Filling up the DagBag from /home/airflow/.local/lib/python3.9/site-packages/airflow/example_dags/example_task_group_decorator.py
[2025-02-01T12:02:52.923+0000] {processor.py:925} INFO - DAG(s) 'example_task_group_decorator' retrieved from /home/airflow/.local/lib/python3.9/site-packages/airflow/example_dags/example_task_group_decorator.py
[2025-02-01T12:02:52.952+0000] {logging_mixin.py:190} INFO - [2025-02-01T12:02:52.952+0000] {dag.py:3239} INFO - Sync 1 DAGs
[2025-02-01T12:02:52.968+0000] {logging_mixin.py:190} INFO - [2025-02-01T12:02:52.968+0000] {dag.py:4180} INFO - Setting next_dagrun for example_task_group_decorator to None, run_after=None
[2025-02-01T12:02:52.985+0000] {processor.py:208} INFO - Processing /home/airflow/.local/lib/python3.9/site-packages/airflow/example_dags/example_task_group_decorator.py took 0.089 seconds
[2025-02-01T12:03:23.424+0000] {processor.py:186} INFO - Started process (PID=672) to work on /home/airflow/.local/lib/python3.9/site-packages/airflow/example_dags/example_task_group_decorator.py
[2025-02-01T12:03:23.425+0000] {processor.py:914} INFO - Processing file /home/airflow/.local/lib/python3.9/site-packages/airflow/example_dags/example_task_group_decorator.py for tasks to queue
[2025-02-01T12:03:23.427+0000] {logging_mixin.py:190} INFO - [2025-02-01T12:03:23.426+0000] {dagbag.py:588} INFO - Filling up the DagBag from /home/airflow/.local/lib/python3.9/site-packages/airflow/example_dags/example_task_group_decorator.py
[2025-02-01T12:03:23.445+0000] {processor.py:925} INFO - DAG(s) 'example_task_group_decorator' retrieved from /home/airflow/.local/lib/python3.9/site-packages/airflow/example_dags/example_task_group_decorator.py
[2025-02-01T12:03:23.474+0000] {logging_mixin.py:190} INFO - [2025-02-01T12:03:23.473+0000] {dag.py:3239} INFO - Sync 1 DAGs
[2025-02-01T12:03:23.497+0000] {logging_mixin.py:190} INFO - [2025-02-01T12:03:23.497+0000] {dag.py:4180} INFO - Setting next_dagrun for example_task_group_decorator to None, run_after=None
[2025-02-01T12:03:23.549+0000] {processor.py:208} INFO - Processing /home/airflow/.local/lib/python3.9/site-packages/airflow/example_dags/example_task_group_decorator.py took 0.132 seconds
[2025-02-01T12:03:54.501+0000] {processor.py:186} INFO - Started process (PID=741) to work on /home/airflow/.local/lib/python3.9/site-packages/airflow/example_dags/example_task_group_decorator.py
[2025-02-01T12:03:54.501+0000] {processor.py:914} INFO - Processing file /home/airflow/.local/lib/python3.9/site-packages/airflow/example_dags/example_task_group_decorator.py for tasks to queue
[2025-02-01T12:03:54.504+0000] {logging_mixin.py:190} INFO - [2025-02-01T12:03:54.503+0000] {dagbag.py:588} INFO - Filling up the DagBag from /home/airflow/.local/lib/python3.9/site-packages/airflow/example_dags/example_task_group_decorator.py
[2025-02-01T12:03:54.522+0000] {processor.py:925} INFO - DAG(s) 'example_task_group_decorator' retrieved from /home/airflow/.local/lib/python3.9/site-packages/airflow/example_dags/example_task_group_decorator.py
[2025-02-01T12:03:54.551+0000] {logging_mixin.py:190} INFO - [2025-02-01T12:03:54.551+0000] {dag.py:3239} INFO - Sync 1 DAGs
[2025-02-01T12:03:54.570+0000] {logging_mixin.py:190} INFO - [2025-02-01T12:03:54.570+0000] {dag.py:4180} INFO - Setting next_dagrun for example_task_group_decorator to None, run_after=None
[2025-02-01T12:03:54.588+0000] {processor.py:208} INFO - Processing /home/airflow/.local/lib/python3.9/site-packages/airflow/example_dags/example_task_group_decorator.py took 0.093 seconds
[2025-02-01T12:04:24.960+0000] {processor.py:186} INFO - Started process (PID=805) to work on /home/airflow/.local/lib/python3.9/site-packages/airflow/example_dags/example_task_group_decorator.py
[2025-02-01T12:04:24.960+0000] {processor.py:914} INFO - Processing file /home/airflow/.local/lib/python3.9/site-packages/airflow/example_dags/example_task_group_decorator.py for tasks to queue
[2025-02-01T12:04:24.963+0000] {logging_mixin.py:190} INFO - [2025-02-01T12:04:24.963+0000] {dagbag.py:588} INFO - Filling up the DagBag from /home/airflow/.local/lib/python3.9/site-packages/airflow/example_dags/example_task_group_decorator.py
[2025-02-01T12:04:25.005+0000] {processor.py:925} INFO - DAG(s) 'example_task_group_decorator' retrieved from /home/airflow/.local/lib/python3.9/site-packages/airflow/example_dags/example_task_group_decorator.py
[2025-02-01T12:04:25.051+0000] {logging_mixin.py:190} INFO - [2025-02-01T12:04:25.051+0000] {dag.py:3239} INFO - Sync 1 DAGs
[2025-02-01T12:04:25.067+0000] {logging_mixin.py:190} INFO - [2025-02-01T12:04:25.066+0000] {dag.py:4180} INFO - Setting next_dagrun for example_task_group_decorator to None, run_after=None
[2025-02-01T12:04:25.120+0000] {processor.py:208} INFO - Processing /home/airflow/.local/lib/python3.9/site-packages/airflow/example_dags/example_task_group_decorator.py took 0.180 seconds
[2025-02-01T12:04:55.776+0000] {processor.py:186} INFO - Started process (PID=867) to work on /home/airflow/.local/lib/python3.9/site-packages/airflow/example_dags/example_task_group_decorator.py
[2025-02-01T12:04:55.777+0000] {processor.py:914} INFO - Processing file /home/airflow/.local/lib/python3.9/site-packages/airflow/example_dags/example_task_group_decorator.py for tasks to queue
[2025-02-01T12:04:55.779+0000] {logging_mixin.py:190} INFO - [2025-02-01T12:04:55.779+0000] {dagbag.py:588} INFO - Filling up the DagBag from /home/airflow/.local/lib/python3.9/site-packages/airflow/example_dags/example_task_group_decorator.py
[2025-02-01T12:04:55.798+0000] {processor.py:925} INFO - DAG(s) 'example_task_group_decorator' retrieved from /home/airflow/.local/lib/python3.9/site-packages/airflow/example_dags/example_task_group_decorator.py
[2025-02-01T12:04:55.827+0000] {logging_mixin.py:190} INFO - [2025-02-01T12:04:55.827+0000] {dag.py:3239} INFO - Sync 1 DAGs
[2025-02-01T12:04:55.842+0000] {logging_mixin.py:190} INFO - [2025-02-01T12:04:55.842+0000] {dag.py:4180} INFO - Setting next_dagrun for example_task_group_decorator to None, run_after=None
[2025-02-01T12:04:55.858+0000] {processor.py:208} INFO - Processing /home/airflow/.local/lib/python3.9/site-packages/airflow/example_dags/example_task_group_decorator.py took 0.089 seconds
[2025-02-01T12:05:26.518+0000] {processor.py:186} INFO - Started process (PID=930) to work on /home/airflow/.local/lib/python3.9/site-packages/airflow/example_dags/example_task_group_decorator.py
[2025-02-01T12:05:26.531+0000] {processor.py:914} INFO - Processing file /home/airflow/.local/lib/python3.9/site-packages/airflow/example_dags/example_task_group_decorator.py for tasks to queue
[2025-02-01T12:05:26.533+0000] {logging_mixin.py:190} INFO - [2025-02-01T12:05:26.533+0000] {dagbag.py:588} INFO - Filling up the DagBag from /home/airflow/.local/lib/python3.9/site-packages/airflow/example_dags/example_task_group_decorator.py
[2025-02-01T12:05:26.585+0000] {processor.py:925} INFO - DAG(s) 'example_task_group_decorator' retrieved from /home/airflow/.local/lib/python3.9/site-packages/airflow/example_dags/example_task_group_decorator.py
[2025-02-01T12:05:26.652+0000] {logging_mixin.py:190} INFO - [2025-02-01T12:05:26.651+0000] {dag.py:3239} INFO - Sync 1 DAGs
[2025-02-01T12:05:26.673+0000] {logging_mixin.py:190} INFO - [2025-02-01T12:05:26.673+0000] {dag.py:4180} INFO - Setting next_dagrun for example_task_group_decorator to None, run_after=None
[2025-02-01T12:05:26.729+0000] {processor.py:208} INFO - Processing /home/airflow/.local/lib/python3.9/site-packages/airflow/example_dags/example_task_group_decorator.py took 0.217 seconds
[2025-02-01T12:05:57.021+0000] {processor.py:186} INFO - Started process (PID=993) to work on /home/airflow/.local/lib/python3.9/site-packages/airflow/example_dags/example_task_group_decorator.py
[2025-02-01T12:05:57.022+0000] {processor.py:914} INFO - Processing file /home/airflow/.local/lib/python3.9/site-packages/airflow/example_dags/example_task_group_decorator.py for tasks to queue
[2025-02-01T12:05:57.024+0000] {logging_mixin.py:190} INFO - [2025-02-01T12:05:57.023+0000] {dagbag.py:588} INFO - Filling up the DagBag from /home/airflow/.local/lib/python3.9/site-packages/airflow/example_dags/example_task_group_decorator.py
[2025-02-01T12:05:57.060+0000] {processor.py:925} INFO - DAG(s) 'example_task_group_decorator' retrieved from /home/airflow/.local/lib/python3.9/site-packages/airflow/example_dags/example_task_group_decorator.py
[2025-02-01T12:05:57.146+0000] {logging_mixin.py:190} INFO - [2025-02-01T12:05:57.146+0000] {dag.py:3239} INFO - Sync 1 DAGs
[2025-02-01T12:05:57.161+0000] {logging_mixin.py:190} INFO - [2025-02-01T12:05:57.161+0000] {dag.py:4180} INFO - Setting next_dagrun for example_task_group_decorator to None, run_after=None
[2025-02-01T12:05:57.180+0000] {processor.py:208} INFO - Processing /home/airflow/.local/lib/python3.9/site-packages/airflow/example_dags/example_task_group_decorator.py took 0.174 seconds
[2025-02-01T12:06:27.289+0000] {processor.py:186} INFO - Started process (PID=1055) to work on /home/airflow/.local/lib/python3.9/site-packages/airflow/example_dags/example_task_group_decorator.py
[2025-02-01T12:06:27.290+0000] {processor.py:914} INFO - Processing file /home/airflow/.local/lib/python3.9/site-packages/airflow/example_dags/example_task_group_decorator.py for tasks to queue
[2025-02-01T12:06:27.292+0000] {logging_mixin.py:190} INFO - [2025-02-01T12:06:27.292+0000] {dagbag.py:588} INFO - Filling up the DagBag from /home/airflow/.local/lib/python3.9/site-packages/airflow/example_dags/example_task_group_decorator.py
[2025-02-01T12:06:27.311+0000] {processor.py:925} INFO - DAG(s) 'example_task_group_decorator' retrieved from /home/airflow/.local/lib/python3.9/site-packages/airflow/example_dags/example_task_group_decorator.py
[2025-02-01T12:06:27.341+0000] {logging_mixin.py:190} INFO - [2025-02-01T12:06:27.341+0000] {dag.py:3239} INFO - Sync 1 DAGs
[2025-02-01T12:06:27.360+0000] {logging_mixin.py:190} INFO - [2025-02-01T12:06:27.360+0000] {dag.py:4180} INFO - Setting next_dagrun for example_task_group_decorator to None, run_after=None
[2025-02-01T12:06:27.390+0000] {processor.py:208} INFO - Processing /home/airflow/.local/lib/python3.9/site-packages/airflow/example_dags/example_task_group_decorator.py took 0.107 seconds
[2025-02-01T12:06:57.882+0000] {processor.py:186} INFO - Started process (PID=1119) to work on /home/airflow/.local/lib/python3.9/site-packages/airflow/example_dags/example_task_group_decorator.py
[2025-02-01T12:06:57.895+0000] {processor.py:914} INFO - Processing file /home/airflow/.local/lib/python3.9/site-packages/airflow/example_dags/example_task_group_decorator.py for tasks to queue
[2025-02-01T12:06:57.897+0000] {logging_mixin.py:190} INFO - [2025-02-01T12:06:57.897+0000] {dagbag.py:588} INFO - Filling up the DagBag from /home/airflow/.local/lib/python3.9/site-packages/airflow/example_dags/example_task_group_decorator.py
[2025-02-01T12:06:57.936+0000] {processor.py:925} INFO - DAG(s) 'example_task_group_decorator' retrieved from /home/airflow/.local/lib/python3.9/site-packages/airflow/example_dags/example_task_group_decorator.py
[2025-02-01T12:06:58.009+0000] {logging_mixin.py:190} INFO - [2025-02-01T12:06:58.008+0000] {dag.py:3239} INFO - Sync 1 DAGs
[2025-02-01T12:06:58.037+0000] {logging_mixin.py:190} INFO - [2025-02-01T12:06:58.036+0000] {dag.py:4180} INFO - Setting next_dagrun for example_task_group_decorator to None, run_after=None
[2025-02-01T12:06:58.065+0000] {processor.py:208} INFO - Processing /home/airflow/.local/lib/python3.9/site-packages/airflow/example_dags/example_task_group_decorator.py took 0.211 seconds
[2025-02-01T12:07:28.166+0000] {processor.py:186} INFO - Started process (PID=1182) to work on /home/airflow/.local/lib/python3.9/site-packages/airflow/example_dags/example_task_group_decorator.py
[2025-02-01T12:07:28.167+0000] {processor.py:914} INFO - Processing file /home/airflow/.local/lib/python3.9/site-packages/airflow/example_dags/example_task_group_decorator.py for tasks to queue
[2025-02-01T12:07:28.169+0000] {logging_mixin.py:190} INFO - [2025-02-01T12:07:28.169+0000] {dagbag.py:588} INFO - Filling up the DagBag from /home/airflow/.local/lib/python3.9/site-packages/airflow/example_dags/example_task_group_decorator.py
[2025-02-01T12:07:28.194+0000] {processor.py:925} INFO - DAG(s) 'example_task_group_decorator' retrieved from /home/airflow/.local/lib/python3.9/site-packages/airflow/example_dags/example_task_group_decorator.py
[2025-02-01T12:07:28.213+0000] {logging_mixin.py:190} INFO - [2025-02-01T12:07:28.213+0000] {dag.py:3239} INFO - Sync 1 DAGs
[2025-02-01T12:07:28.224+0000] {logging_mixin.py:190} INFO - [2025-02-01T12:07:28.223+0000] {dag.py:4180} INFO - Setting next_dagrun for example_task_group_decorator to None, run_after=None
[2025-02-01T12:07:28.236+0000] {processor.py:208} INFO - Processing /home/airflow/.local/lib/python3.9/site-packages/airflow/example_dags/example_task_group_decorator.py took 0.075 seconds
[2025-02-01T12:07:58.606+0000] {processor.py:186} INFO - Started process (PID=1246) to work on /home/airflow/.local/lib/python3.9/site-packages/airflow/example_dags/example_task_group_decorator.py
[2025-02-01T12:07:58.607+0000] {processor.py:914} INFO - Processing file /home/airflow/.local/lib/python3.9/site-packages/airflow/example_dags/example_task_group_decorator.py for tasks to queue
[2025-02-01T12:07:58.608+0000] {logging_mixin.py:190} INFO - [2025-02-01T12:07:58.608+0000] {dagbag.py:588} INFO - Filling up the DagBag from /home/airflow/.local/lib/python3.9/site-packages/airflow/example_dags/example_task_group_decorator.py
[2025-02-01T12:07:58.620+0000] {processor.py:925} INFO - DAG(s) 'example_task_group_decorator' retrieved from /home/airflow/.local/lib/python3.9/site-packages/airflow/example_dags/example_task_group_decorator.py
[2025-02-01T12:07:58.639+0000] {logging_mixin.py:190} INFO - [2025-02-01T12:07:58.639+0000] {dag.py:3239} INFO - Sync 1 DAGs
[2025-02-01T12:07:58.650+0000] {logging_mixin.py:190} INFO - [2025-02-01T12:07:58.650+0000] {dag.py:4180} INFO - Setting next_dagrun for example_task_group_decorator to None, run_after=None
[2025-02-01T12:07:58.662+0000] {processor.py:208} INFO - Processing /home/airflow/.local/lib/python3.9/site-packages/airflow/example_dags/example_task_group_decorator.py took 0.061 seconds
[2025-02-01T12:08:29.016+0000] {processor.py:186} INFO - Started process (PID=1309) to work on /home/airflow/.local/lib/python3.9/site-packages/airflow/example_dags/example_task_group_decorator.py
[2025-02-01T12:08:29.017+0000] {processor.py:914} INFO - Processing file /home/airflow/.local/lib/python3.9/site-packages/airflow/example_dags/example_task_group_decorator.py for tasks to queue
[2025-02-01T12:08:29.018+0000] {logging_mixin.py:190} INFO - [2025-02-01T12:08:29.018+0000] {dagbag.py:588} INFO - Filling up the DagBag from /home/airflow/.local/lib/python3.9/site-packages/airflow/example_dags/example_task_group_decorator.py
[2025-02-01T12:08:29.030+0000] {processor.py:925} INFO - DAG(s) 'example_task_group_decorator' retrieved from /home/airflow/.local/lib/python3.9/site-packages/airflow/example_dags/example_task_group_decorator.py
[2025-02-01T12:08:29.049+0000] {logging_mixin.py:190} INFO - [2025-02-01T12:08:29.049+0000] {dag.py:3239} INFO - Sync 1 DAGs
[2025-02-01T12:08:29.059+0000] {logging_mixin.py:190} INFO - [2025-02-01T12:08:29.059+0000] {dag.py:4180} INFO - Setting next_dagrun for example_task_group_decorator to None, run_after=None
[2025-02-01T12:08:29.072+0000] {processor.py:208} INFO - Processing /home/airflow/.local/lib/python3.9/site-packages/airflow/example_dags/example_task_group_decorator.py took 0.061 seconds
[2025-02-01T12:08:59.482+0000] {processor.py:186} INFO - Started process (PID=1372) to work on /home/airflow/.local/lib/python3.9/site-packages/airflow/example_dags/example_task_group_decorator.py
[2025-02-01T12:08:59.485+0000] {processor.py:914} INFO - Processing file /home/airflow/.local/lib/python3.9/site-packages/airflow/example_dags/example_task_group_decorator.py for tasks to queue
[2025-02-01T12:08:59.487+0000] {logging_mixin.py:190} INFO - [2025-02-01T12:08:59.487+0000] {dagbag.py:588} INFO - Filling up the DagBag from /home/airflow/.local/lib/python3.9/site-packages/airflow/example_dags/example_task_group_decorator.py
[2025-02-01T12:08:59.513+0000] {processor.py:925} INFO - DAG(s) 'example_task_group_decorator' retrieved from /home/airflow/.local/lib/python3.9/site-packages/airflow/example_dags/example_task_group_decorator.py
[2025-02-01T12:08:59.550+0000] {logging_mixin.py:190} INFO - [2025-02-01T12:08:59.550+0000] {dag.py:3239} INFO - Sync 1 DAGs
[2025-02-01T12:08:59.566+0000] {logging_mixin.py:190} INFO - [2025-02-01T12:08:59.565+0000] {dag.py:4180} INFO - Setting next_dagrun for example_task_group_decorator to None, run_after=None
[2025-02-01T12:08:59.581+0000] {processor.py:208} INFO - Processing /home/airflow/.local/lib/python3.9/site-packages/airflow/example_dags/example_task_group_decorator.py took 0.108 seconds
[2025-02-01T12:09:30.247+0000] {processor.py:186} INFO - Started process (PID=1435) to work on /home/airflow/.local/lib/python3.9/site-packages/airflow/example_dags/example_task_group_decorator.py
[2025-02-01T12:09:30.248+0000] {processor.py:914} INFO - Processing file /home/airflow/.local/lib/python3.9/site-packages/airflow/example_dags/example_task_group_decorator.py for tasks to queue
[2025-02-01T12:09:30.250+0000] {logging_mixin.py:190} INFO - [2025-02-01T12:09:30.250+0000] {dagbag.py:588} INFO - Filling up the DagBag from /home/airflow/.local/lib/python3.9/site-packages/airflow/example_dags/example_task_group_decorator.py
[2025-02-01T12:09:30.311+0000] {processor.py:925} INFO - DAG(s) 'example_task_group_decorator' retrieved from /home/airflow/.local/lib/python3.9/site-packages/airflow/example_dags/example_task_group_decorator.py
[2025-02-01T12:09:30.359+0000] {logging_mixin.py:190} INFO - [2025-02-01T12:09:30.359+0000] {dag.py:3239} INFO - Sync 1 DAGs
[2025-02-01T12:09:30.397+0000] {logging_mixin.py:190} INFO - [2025-02-01T12:09:30.396+0000] {dag.py:4180} INFO - Setting next_dagrun for example_task_group_decorator to None, run_after=None
[2025-02-01T12:09:30.414+0000] {processor.py:208} INFO - Processing /home/airflow/.local/lib/python3.9/site-packages/airflow/example_dags/example_task_group_decorator.py took 0.185 seconds
