[2025-02-01T11:58:16.246+0000] {processor.py:186} INFO - Started process (PID=66) to work on /home/airflow/.local/lib/python3.9/site-packages/airflow/example_dags/example_short_circuit_operator.py
[2025-02-01T11:58:16.256+0000] {processor.py:914} INFO - Processing file /home/airflow/.local/lib/python3.9/site-packages/airflow/example_dags/example_short_circuit_operator.py for tasks to queue
[2025-02-01T11:58:16.259+0000] {logging_mixin.py:190} INFO - [2025-02-01T11:58:16.259+0000] {dagbag.py:588} INFO - Filling up the DagBag from /home/airflow/.local/lib/python3.9/site-packages/airflow/example_dags/example_short_circuit_operator.py
[2025-02-01T11:58:16.296+0000] {processor.py:925} INFO - DAG(s) 'example_short_circuit_operator' retrieved from /home/airflow/.local/lib/python3.9/site-packages/airflow/example_dags/example_short_circuit_operator.py
[2025-02-01T11:58:16.853+0000] {logging_mixin.py:190} INFO - [2025-02-01T11:58:16.852+0000] {override.py:1911} INFO - Created Permission View: can edit on DAG:example_short_circuit_operator
[2025-02-01T11:58:16.911+0000] {logging_mixin.py:190} INFO - [2025-02-01T11:58:16.911+0000] {override.py:1911} INFO - Created Permission View: can delete on DAG:example_short_circuit_operator
[2025-02-01T11:58:16.998+0000] {logging_mixin.py:190} INFO - [2025-02-01T11:58:16.994+0000] {override.py:1911} INFO - Created Permission View: can read on DAG:example_short_circuit_operator
[2025-02-01T11:58:17.031+0000] {logging_mixin.py:190} INFO - [2025-02-01T11:58:17.031+0000] {override.py:1911} INFO - Created Permission View: can create on DAG Run:example_short_circuit_operator
[2025-02-01T11:58:17.065+0000] {logging_mixin.py:190} INFO - [2025-02-01T11:58:17.065+0000] {override.py:1911} INFO - Created Permission View: can delete on DAG Run:example_short_circuit_operator
[2025-02-01T11:58:17.130+0000] {logging_mixin.py:190} INFO - [2025-02-01T11:58:17.130+0000] {override.py:1911} INFO - Created Permission View: can read on DAG Run:example_short_circuit_operator
[2025-02-01T11:58:17.162+0000] {logging_mixin.py:190} INFO - [2025-02-01T11:58:17.161+0000] {override.py:1911} INFO - Created Permission View: menu access on DAG Run:example_short_circuit_operator
[2025-02-01T11:58:17.162+0000] {logging_mixin.py:190} INFO - [2025-02-01T11:58:17.162+0000] {dag.py:3239} INFO - Sync 1 DAGs
[2025-02-01T11:58:17.184+0000] {logging_mixin.py:190} INFO - [2025-02-01T11:58:17.184+0000] {dag.py:3262} INFO - Creating ORM DAG for example_short_circuit_operator
[2025-02-01T11:58:17.185+0000] {logging_mixin.py:190} INFO - [2025-02-01T11:58:17.185+0000] {dag.py:4180} INFO - Setting next_dagrun for example_short_circuit_operator to None, run_after=None
[2025-02-01T11:58:17.217+0000] {processor.py:208} INFO - Processing /home/airflow/.local/lib/python3.9/site-packages/airflow/example_dags/example_short_circuit_operator.py took 0.979 seconds
[2025-02-01T11:58:48.129+0000] {processor.py:186} INFO - Started process (PID=127) to work on /home/airflow/.local/lib/python3.9/site-packages/airflow/example_dags/example_short_circuit_operator.py
[2025-02-01T11:58:48.131+0000] {processor.py:914} INFO - Processing file /home/airflow/.local/lib/python3.9/site-packages/airflow/example_dags/example_short_circuit_operator.py for tasks to queue
[2025-02-01T11:58:48.133+0000] {logging_mixin.py:190} INFO - [2025-02-01T11:58:48.133+0000] {dagbag.py:588} INFO - Filling up the DagBag from /home/airflow/.local/lib/python3.9/site-packages/airflow/example_dags/example_short_circuit_operator.py
[2025-02-01T11:58:48.143+0000] {processor.py:925} INFO - DAG(s) 'example_short_circuit_operator' retrieved from /home/airflow/.local/lib/python3.9/site-packages/airflow/example_dags/example_short_circuit_operator.py
[2025-02-01T11:58:48.168+0000] {logging_mixin.py:190} INFO - [2025-02-01T11:58:48.168+0000] {dag.py:3239} INFO - Sync 1 DAGs
[2025-02-01T11:58:48.184+0000] {logging_mixin.py:190} INFO - [2025-02-01T11:58:48.184+0000] {dag.py:4180} INFO - Setting next_dagrun for example_short_circuit_operator to None, run_after=None
[2025-02-01T11:58:48.202+0000] {processor.py:208} INFO - Processing /home/airflow/.local/lib/python3.9/site-packages/airflow/example_dags/example_short_circuit_operator.py took 0.079 seconds
[2025-02-01T11:59:18.531+0000] {processor.py:186} INFO - Started process (PID=190) to work on /home/airflow/.local/lib/python3.9/site-packages/airflow/example_dags/example_short_circuit_operator.py
[2025-02-01T11:59:18.532+0000] {processor.py:914} INFO - Processing file /home/airflow/.local/lib/python3.9/site-packages/airflow/example_dags/example_short_circuit_operator.py for tasks to queue
[2025-02-01T11:59:18.534+0000] {logging_mixin.py:190} INFO - [2025-02-01T11:59:18.534+0000] {dagbag.py:588} INFO - Filling up the DagBag from /home/airflow/.local/lib/python3.9/site-packages/airflow/example_dags/example_short_circuit_operator.py
[2025-02-01T11:59:18.545+0000] {processor.py:925} INFO - DAG(s) 'example_short_circuit_operator' retrieved from /home/airflow/.local/lib/python3.9/site-packages/airflow/example_dags/example_short_circuit_operator.py
[2025-02-01T11:59:18.578+0000] {logging_mixin.py:190} INFO - [2025-02-01T11:59:18.578+0000] {dag.py:3239} INFO - Sync 1 DAGs
[2025-02-01T11:59:18.598+0000] {logging_mixin.py:190} INFO - [2025-02-01T11:59:18.598+0000] {dag.py:4180} INFO - Setting next_dagrun for example_short_circuit_operator to None, run_after=None
[2025-02-01T11:59:18.615+0000] {processor.py:208} INFO - Processing /home/airflow/.local/lib/python3.9/site-packages/airflow/example_dags/example_short_circuit_operator.py took 0.091 seconds
[2025-02-01T11:59:49.306+0000] {processor.py:186} INFO - Started process (PID=254) to work on /home/airflow/.local/lib/python3.9/site-packages/airflow/example_dags/example_short_circuit_operator.py
[2025-02-01T11:59:49.307+0000] {processor.py:914} INFO - Processing file /home/airflow/.local/lib/python3.9/site-packages/airflow/example_dags/example_short_circuit_operator.py for tasks to queue
[2025-02-01T11:59:49.309+0000] {logging_mixin.py:190} INFO - [2025-02-01T11:59:49.309+0000] {dagbag.py:588} INFO - Filling up the DagBag from /home/airflow/.local/lib/python3.9/site-packages/airflow/example_dags/example_short_circuit_operator.py
[2025-02-01T11:59:49.324+0000] {processor.py:925} INFO - DAG(s) 'example_short_circuit_operator' retrieved from /home/airflow/.local/lib/python3.9/site-packages/airflow/example_dags/example_short_circuit_operator.py
[2025-02-01T11:59:49.351+0000] {logging_mixin.py:190} INFO - [2025-02-01T11:59:49.350+0000] {dag.py:3239} INFO - Sync 1 DAGs
[2025-02-01T11:59:49.367+0000] {logging_mixin.py:190} INFO - [2025-02-01T11:59:49.367+0000] {dag.py:4180} INFO - Setting next_dagrun for example_short_circuit_operator to None, run_after=None
[2025-02-01T11:59:49.385+0000] {processor.py:208} INFO - Processing /home/airflow/.local/lib/python3.9/site-packages/airflow/example_dags/example_short_circuit_operator.py took 0.085 seconds
[2025-02-01T12:00:20.297+0000] {processor.py:186} INFO - Started process (PID=317) to work on /home/airflow/.local/lib/python3.9/site-packages/airflow/example_dags/example_short_circuit_operator.py
[2025-02-01T12:00:20.303+0000] {processor.py:914} INFO - Processing file /home/airflow/.local/lib/python3.9/site-packages/airflow/example_dags/example_short_circuit_operator.py for tasks to queue
[2025-02-01T12:00:20.306+0000] {logging_mixin.py:190} INFO - [2025-02-01T12:00:20.306+0000] {dagbag.py:588} INFO - Filling up the DagBag from /home/airflow/.local/lib/python3.9/site-packages/airflow/example_dags/example_short_circuit_operator.py
[2025-02-01T12:00:20.337+0000] {processor.py:925} INFO - DAG(s) 'example_short_circuit_operator' retrieved from /home/airflow/.local/lib/python3.9/site-packages/airflow/example_dags/example_short_circuit_operator.py
[2025-02-01T12:00:20.460+0000] {logging_mixin.py:190} INFO - [2025-02-01T12:00:20.460+0000] {dag.py:3239} INFO - Sync 1 DAGs
[2025-02-01T12:00:20.490+0000] {logging_mixin.py:190} INFO - [2025-02-01T12:00:20.489+0000] {dag.py:4180} INFO - Setting next_dagrun for example_short_circuit_operator to None, run_after=None
[2025-02-01T12:00:20.506+0000] {processor.py:208} INFO - Processing /home/airflow/.local/lib/python3.9/site-packages/airflow/example_dags/example_short_circuit_operator.py took 0.227 seconds
[2025-02-01T12:00:52.309+0000] {processor.py:186} INFO - Started process (PID=381) to work on /home/airflow/.local/lib/python3.9/site-packages/airflow/example_dags/example_short_circuit_operator.py
[2025-02-01T12:00:52.310+0000] {processor.py:914} INFO - Processing file /home/airflow/.local/lib/python3.9/site-packages/airflow/example_dags/example_short_circuit_operator.py for tasks to queue
[2025-02-01T12:00:52.315+0000] {logging_mixin.py:190} INFO - [2025-02-01T12:00:52.311+0000] {dagbag.py:588} INFO - Filling up the DagBag from /home/airflow/.local/lib/python3.9/site-packages/airflow/example_dags/example_short_circuit_operator.py
[2025-02-01T12:00:52.324+0000] {processor.py:925} INFO - DAG(s) 'example_short_circuit_operator' retrieved from /home/airflow/.local/lib/python3.9/site-packages/airflow/example_dags/example_short_circuit_operator.py
[2025-02-01T12:00:52.385+0000] {logging_mixin.py:190} INFO - [2025-02-01T12:00:52.384+0000] {dag.py:3239} INFO - Sync 1 DAGs
[2025-02-01T12:00:52.434+0000] {logging_mixin.py:190} INFO - [2025-02-01T12:00:52.434+0000] {dag.py:4180} INFO - Setting next_dagrun for example_short_circuit_operator to None, run_after=None
[2025-02-01T12:00:52.492+0000] {processor.py:208} INFO - Processing /home/airflow/.local/lib/python3.9/site-packages/airflow/example_dags/example_short_circuit_operator.py took 0.191 seconds
[2025-02-01T12:01:22.836+0000] {processor.py:186} INFO - Started process (PID=435) to work on /home/airflow/.local/lib/python3.9/site-packages/airflow/example_dags/example_short_circuit_operator.py
[2025-02-01T12:01:22.837+0000] {processor.py:914} INFO - Processing file /home/airflow/.local/lib/python3.9/site-packages/airflow/example_dags/example_short_circuit_operator.py for tasks to queue
[2025-02-01T12:01:22.844+0000] {logging_mixin.py:190} INFO - [2025-02-01T12:01:22.844+0000] {dagbag.py:588} INFO - Filling up the DagBag from /home/airflow/.local/lib/python3.9/site-packages/airflow/example_dags/example_short_circuit_operator.py
[2025-02-01T12:01:22.930+0000] {processor.py:925} INFO - DAG(s) 'example_short_circuit_operator' retrieved from /home/airflow/.local/lib/python3.9/site-packages/airflow/example_dags/example_short_circuit_operator.py
[2025-02-01T12:01:23.009+0000] {logging_mixin.py:190} INFO - [2025-02-01T12:01:23.009+0000] {dag.py:3239} INFO - Sync 1 DAGs
[2025-02-01T12:01:23.048+0000] {logging_mixin.py:190} INFO - [2025-02-01T12:01:23.048+0000] {dag.py:4180} INFO - Setting next_dagrun for example_short_circuit_operator to None, run_after=None
[2025-02-01T12:01:23.073+0000] {processor.py:208} INFO - Processing /home/airflow/.local/lib/python3.9/site-packages/airflow/example_dags/example_short_circuit_operator.py took 0.252 seconds
[2025-02-01T12:01:53.753+0000] {processor.py:186} INFO - Started process (PID=505) to work on /home/airflow/.local/lib/python3.9/site-packages/airflow/example_dags/example_short_circuit_operator.py
[2025-02-01T12:01:53.754+0000] {processor.py:914} INFO - Processing file /home/airflow/.local/lib/python3.9/site-packages/airflow/example_dags/example_short_circuit_operator.py for tasks to queue
[2025-02-01T12:01:53.757+0000] {logging_mixin.py:190} INFO - [2025-02-01T12:01:53.757+0000] {dagbag.py:588} INFO - Filling up the DagBag from /home/airflow/.local/lib/python3.9/site-packages/airflow/example_dags/example_short_circuit_operator.py
[2025-02-01T12:01:53.767+0000] {processor.py:925} INFO - DAG(s) 'example_short_circuit_operator' retrieved from /home/airflow/.local/lib/python3.9/site-packages/airflow/example_dags/example_short_circuit_operator.py
[2025-02-01T12:01:53.793+0000] {logging_mixin.py:190} INFO - [2025-02-01T12:01:53.793+0000] {dag.py:3239} INFO - Sync 1 DAGs
[2025-02-01T12:01:53.810+0000] {logging_mixin.py:190} INFO - [2025-02-01T12:01:53.809+0000] {dag.py:4180} INFO - Setting next_dagrun for example_short_circuit_operator to None, run_after=None
[2025-02-01T12:01:53.827+0000] {processor.py:208} INFO - Processing /home/airflow/.local/lib/python3.9/site-packages/airflow/example_dags/example_short_circuit_operator.py took 0.080 seconds
[2025-02-01T12:02:23.889+0000] {processor.py:186} INFO - Started process (PID=568) to work on /home/airflow/.local/lib/python3.9/site-packages/airflow/example_dags/example_short_circuit_operator.py
[2025-02-01T12:02:23.889+0000] {processor.py:914} INFO - Processing file /home/airflow/.local/lib/python3.9/site-packages/airflow/example_dags/example_short_circuit_operator.py for tasks to queue
[2025-02-01T12:02:23.892+0000] {logging_mixin.py:190} INFO - [2025-02-01T12:02:23.892+0000] {dagbag.py:588} INFO - Filling up the DagBag from /home/airflow/.local/lib/python3.9/site-packages/airflow/example_dags/example_short_circuit_operator.py
[2025-02-01T12:02:23.901+0000] {processor.py:925} INFO - DAG(s) 'example_short_circuit_operator' retrieved from /home/airflow/.local/lib/python3.9/site-packages/airflow/example_dags/example_short_circuit_operator.py
[2025-02-01T12:02:23.928+0000] {logging_mixin.py:190} INFO - [2025-02-01T12:02:23.927+0000] {dag.py:3239} INFO - Sync 1 DAGs
[2025-02-01T12:02:23.943+0000] {logging_mixin.py:190} INFO - [2025-02-01T12:02:23.943+0000] {dag.py:4180} INFO - Setting next_dagrun for example_short_circuit_operator to None, run_after=None
[2025-02-01T12:02:23.970+0000] {processor.py:208} INFO - Processing /home/airflow/.local/lib/python3.9/site-packages/airflow/example_dags/example_short_circuit_operator.py took 0.088 seconds
[2025-02-01T12:02:54.776+0000] {processor.py:186} INFO - Started process (PID=630) to work on /home/airflow/.local/lib/python3.9/site-packages/airflow/example_dags/example_short_circuit_operator.py
[2025-02-01T12:02:54.777+0000] {processor.py:914} INFO - Processing file /home/airflow/.local/lib/python3.9/site-packages/airflow/example_dags/example_short_circuit_operator.py for tasks to queue
[2025-02-01T12:02:54.779+0000] {logging_mixin.py:190} INFO - [2025-02-01T12:02:54.779+0000] {dagbag.py:588} INFO - Filling up the DagBag from /home/airflow/.local/lib/python3.9/site-packages/airflow/example_dags/example_short_circuit_operator.py
[2025-02-01T12:02:54.789+0000] {processor.py:925} INFO - DAG(s) 'example_short_circuit_operator' retrieved from /home/airflow/.local/lib/python3.9/site-packages/airflow/example_dags/example_short_circuit_operator.py
[2025-02-01T12:02:54.820+0000] {logging_mixin.py:190} INFO - [2025-02-01T12:02:54.820+0000] {dag.py:3239} INFO - Sync 1 DAGs
[2025-02-01T12:02:54.836+0000] {logging_mixin.py:190} INFO - [2025-02-01T12:02:54.836+0000] {dag.py:4180} INFO - Setting next_dagrun for example_short_circuit_operator to None, run_after=None
[2025-02-01T12:02:54.853+0000] {processor.py:208} INFO - Processing /home/airflow/.local/lib/python3.9/site-packages/airflow/example_dags/example_short_circuit_operator.py took 0.084 seconds
[2025-02-01T12:03:25.006+0000] {processor.py:186} INFO - Started process (PID=687) to work on /home/airflow/.local/lib/python3.9/site-packages/airflow/example_dags/example_short_circuit_operator.py
[2025-02-01T12:03:25.007+0000] {processor.py:914} INFO - Processing file /home/airflow/.local/lib/python3.9/site-packages/airflow/example_dags/example_short_circuit_operator.py for tasks to queue
[2025-02-01T12:03:25.009+0000] {logging_mixin.py:190} INFO - [2025-02-01T12:03:25.009+0000] {dagbag.py:588} INFO - Filling up the DagBag from /home/airflow/.local/lib/python3.9/site-packages/airflow/example_dags/example_short_circuit_operator.py
[2025-02-01T12:03:25.019+0000] {processor.py:925} INFO - DAG(s) 'example_short_circuit_operator' retrieved from /home/airflow/.local/lib/python3.9/site-packages/airflow/example_dags/example_short_circuit_operator.py
[2025-02-01T12:03:25.074+0000] {logging_mixin.py:190} INFO - [2025-02-01T12:03:25.073+0000] {dag.py:3239} INFO - Sync 1 DAGs
[2025-02-01T12:03:25.104+0000] {logging_mixin.py:190} INFO - [2025-02-01T12:03:25.104+0000] {dag.py:4180} INFO - Setting next_dagrun for example_short_circuit_operator to None, run_after=None
[2025-02-01T12:03:25.123+0000] {processor.py:208} INFO - Processing /home/airflow/.local/lib/python3.9/site-packages/airflow/example_dags/example_short_circuit_operator.py took 0.125 seconds
[2025-02-01T12:03:55.376+0000] {processor.py:186} INFO - Started process (PID=747) to work on /home/airflow/.local/lib/python3.9/site-packages/airflow/example_dags/example_short_circuit_operator.py
[2025-02-01T12:03:55.376+0000] {processor.py:914} INFO - Processing file /home/airflow/.local/lib/python3.9/site-packages/airflow/example_dags/example_short_circuit_operator.py for tasks to queue
[2025-02-01T12:03:55.378+0000] {logging_mixin.py:190} INFO - [2025-02-01T12:03:55.377+0000] {dagbag.py:588} INFO - Filling up the DagBag from /home/airflow/.local/lib/python3.9/site-packages/airflow/example_dags/example_short_circuit_operator.py
[2025-02-01T12:03:55.385+0000] {processor.py:925} INFO - DAG(s) 'example_short_circuit_operator' retrieved from /home/airflow/.local/lib/python3.9/site-packages/airflow/example_dags/example_short_circuit_operator.py
[2025-02-01T12:03:55.403+0000] {logging_mixin.py:190} INFO - [2025-02-01T12:03:55.403+0000] {dag.py:3239} INFO - Sync 1 DAGs
[2025-02-01T12:03:55.413+0000] {logging_mixin.py:190} INFO - [2025-02-01T12:03:55.413+0000] {dag.py:4180} INFO - Setting next_dagrun for example_short_circuit_operator to None, run_after=None
[2025-02-01T12:03:55.426+0000] {processor.py:208} INFO - Processing /home/airflow/.local/lib/python3.9/site-packages/airflow/example_dags/example_short_circuit_operator.py took 0.055 seconds
[2025-02-01T12:04:25.854+0000] {processor.py:186} INFO - Started process (PID=809) to work on /home/airflow/.local/lib/python3.9/site-packages/airflow/example_dags/example_short_circuit_operator.py
[2025-02-01T12:04:25.855+0000] {processor.py:914} INFO - Processing file /home/airflow/.local/lib/python3.9/site-packages/airflow/example_dags/example_short_circuit_operator.py for tasks to queue
[2025-02-01T12:04:25.858+0000] {logging_mixin.py:190} INFO - [2025-02-01T12:04:25.857+0000] {dagbag.py:588} INFO - Filling up the DagBag from /home/airflow/.local/lib/python3.9/site-packages/airflow/example_dags/example_short_circuit_operator.py
[2025-02-01T12:04:25.868+0000] {processor.py:925} INFO - DAG(s) 'example_short_circuit_operator' retrieved from /home/airflow/.local/lib/python3.9/site-packages/airflow/example_dags/example_short_circuit_operator.py
[2025-02-01T12:04:25.897+0000] {logging_mixin.py:190} INFO - [2025-02-01T12:04:25.896+0000] {dag.py:3239} INFO - Sync 1 DAGs
[2025-02-01T12:04:25.912+0000] {logging_mixin.py:190} INFO - [2025-02-01T12:04:25.911+0000] {dag.py:4180} INFO - Setting next_dagrun for example_short_circuit_operator to None, run_after=None
[2025-02-01T12:04:25.930+0000] {processor.py:208} INFO - Processing /home/airflow/.local/lib/python3.9/site-packages/airflow/example_dags/example_short_circuit_operator.py took 0.082 seconds
[2025-02-01T12:04:56.009+0000] {processor.py:186} INFO - Started process (PID=870) to work on /home/airflow/.local/lib/python3.9/site-packages/airflow/example_dags/example_short_circuit_operator.py
[2025-02-01T12:04:56.010+0000] {processor.py:914} INFO - Processing file /home/airflow/.local/lib/python3.9/site-packages/airflow/example_dags/example_short_circuit_operator.py for tasks to queue
[2025-02-01T12:04:56.017+0000] {logging_mixin.py:190} INFO - [2025-02-01T12:04:56.017+0000] {dagbag.py:588} INFO - Filling up the DagBag from /home/airflow/.local/lib/python3.9/site-packages/airflow/example_dags/example_short_circuit_operator.py
[2025-02-01T12:04:56.030+0000] {processor.py:925} INFO - DAG(s) 'example_short_circuit_operator' retrieved from /home/airflow/.local/lib/python3.9/site-packages/airflow/example_dags/example_short_circuit_operator.py
[2025-02-01T12:04:56.054+0000] {logging_mixin.py:190} INFO - [2025-02-01T12:04:56.054+0000] {dag.py:3239} INFO - Sync 1 DAGs
[2025-02-01T12:04:56.069+0000] {logging_mixin.py:190} INFO - [2025-02-01T12:04:56.069+0000] {dag.py:4180} INFO - Setting next_dagrun for example_short_circuit_operator to None, run_after=None
[2025-02-01T12:04:56.087+0000] {processor.py:208} INFO - Processing /home/airflow/.local/lib/python3.9/site-packages/airflow/example_dags/example_short_circuit_operator.py took 0.085 seconds
[2025-02-01T12:05:26.508+0000] {processor.py:186} INFO - Started process (PID=929) to work on /home/airflow/.local/lib/python3.9/site-packages/airflow/example_dags/example_short_circuit_operator.py
[2025-02-01T12:05:26.519+0000] {processor.py:914} INFO - Processing file /home/airflow/.local/lib/python3.9/site-packages/airflow/example_dags/example_short_circuit_operator.py for tasks to queue
[2025-02-01T12:05:26.521+0000] {logging_mixin.py:190} INFO - [2025-02-01T12:05:26.521+0000] {dagbag.py:588} INFO - Filling up the DagBag from /home/airflow/.local/lib/python3.9/site-packages/airflow/example_dags/example_short_circuit_operator.py
[2025-02-01T12:05:26.539+0000] {processor.py:925} INFO - DAG(s) 'example_short_circuit_operator' retrieved from /home/airflow/.local/lib/python3.9/site-packages/airflow/example_dags/example_short_circuit_operator.py
[2025-02-01T12:05:26.591+0000] {logging_mixin.py:190} INFO - [2025-02-01T12:05:26.591+0000] {dag.py:3239} INFO - Sync 1 DAGs
[2025-02-01T12:05:26.631+0000] {logging_mixin.py:190} INFO - [2025-02-01T12:05:26.630+0000] {dag.py:4180} INFO - Setting next_dagrun for example_short_circuit_operator to None, run_after=None
[2025-02-01T12:05:26.674+0000] {processor.py:208} INFO - Processing /home/airflow/.local/lib/python3.9/site-packages/airflow/example_dags/example_short_circuit_operator.py took 0.176 seconds
[2025-02-01T12:05:56.899+0000] {processor.py:186} INFO - Started process (PID=992) to work on /home/airflow/.local/lib/python3.9/site-packages/airflow/example_dags/example_short_circuit_operator.py
[2025-02-01T12:05:56.899+0000] {processor.py:914} INFO - Processing file /home/airflow/.local/lib/python3.9/site-packages/airflow/example_dags/example_short_circuit_operator.py for tasks to queue
[2025-02-01T12:05:56.902+0000] {logging_mixin.py:190} INFO - [2025-02-01T12:05:56.901+0000] {dagbag.py:588} INFO - Filling up the DagBag from /home/airflow/.local/lib/python3.9/site-packages/airflow/example_dags/example_short_circuit_operator.py
[2025-02-01T12:05:56.911+0000] {processor.py:925} INFO - DAG(s) 'example_short_circuit_operator' retrieved from /home/airflow/.local/lib/python3.9/site-packages/airflow/example_dags/example_short_circuit_operator.py
[2025-02-01T12:05:56.937+0000] {logging_mixin.py:190} INFO - [2025-02-01T12:05:56.937+0000] {dag.py:3239} INFO - Sync 1 DAGs
[2025-02-01T12:05:56.953+0000] {logging_mixin.py:190} INFO - [2025-02-01T12:05:56.953+0000] {dag.py:4180} INFO - Setting next_dagrun for example_short_circuit_operator to None, run_after=None
[2025-02-01T12:05:56.971+0000] {processor.py:208} INFO - Processing /home/airflow/.local/lib/python3.9/site-packages/airflow/example_dags/example_short_circuit_operator.py took 0.079 seconds
[2025-02-01T12:06:27.216+0000] {processor.py:186} INFO - Started process (PID=1054) to work on /home/airflow/.local/lib/python3.9/site-packages/airflow/example_dags/example_short_circuit_operator.py
[2025-02-01T12:06:27.217+0000] {processor.py:914} INFO - Processing file /home/airflow/.local/lib/python3.9/site-packages/airflow/example_dags/example_short_circuit_operator.py for tasks to queue
[2025-02-01T12:06:27.218+0000] {logging_mixin.py:190} INFO - [2025-02-01T12:06:27.218+0000] {dagbag.py:588} INFO - Filling up the DagBag from /home/airflow/.local/lib/python3.9/site-packages/airflow/example_dags/example_short_circuit_operator.py
[2025-02-01T12:06:27.225+0000] {processor.py:925} INFO - DAG(s) 'example_short_circuit_operator' retrieved from /home/airflow/.local/lib/python3.9/site-packages/airflow/example_dags/example_short_circuit_operator.py
[2025-02-01T12:06:27.242+0000] {logging_mixin.py:190} INFO - [2025-02-01T12:06:27.242+0000] {dag.py:3239} INFO - Sync 1 DAGs
[2025-02-01T12:06:27.253+0000] {logging_mixin.py:190} INFO - [2025-02-01T12:06:27.252+0000] {dag.py:4180} INFO - Setting next_dagrun for example_short_circuit_operator to None, run_after=None
[2025-02-01T12:06:27.265+0000] {processor.py:208} INFO - Processing /home/airflow/.local/lib/python3.9/site-packages/airflow/example_dags/example_short_circuit_operator.py took 0.054 seconds
[2025-02-01T12:06:57.719+0000] {processor.py:186} INFO - Started process (PID=1117) to work on /home/airflow/.local/lib/python3.9/site-packages/airflow/example_dags/example_short_circuit_operator.py
[2025-02-01T12:06:57.720+0000] {processor.py:914} INFO - Processing file /home/airflow/.local/lib/python3.9/site-packages/airflow/example_dags/example_short_circuit_operator.py for tasks to queue
[2025-02-01T12:06:57.722+0000] {logging_mixin.py:190} INFO - [2025-02-01T12:06:57.722+0000] {dagbag.py:588} INFO - Filling up the DagBag from /home/airflow/.local/lib/python3.9/site-packages/airflow/example_dags/example_short_circuit_operator.py
[2025-02-01T12:06:57.732+0000] {processor.py:925} INFO - DAG(s) 'example_short_circuit_operator' retrieved from /home/airflow/.local/lib/python3.9/site-packages/airflow/example_dags/example_short_circuit_operator.py
[2025-02-01T12:06:57.759+0000] {logging_mixin.py:190} INFO - [2025-02-01T12:06:57.759+0000] {dag.py:3239} INFO - Sync 1 DAGs
[2025-02-01T12:06:57.785+0000] {logging_mixin.py:190} INFO - [2025-02-01T12:06:57.785+0000] {dag.py:4180} INFO - Setting next_dagrun for example_short_circuit_operator to None, run_after=None
[2025-02-01T12:06:57.812+0000] {processor.py:208} INFO - Processing /home/airflow/.local/lib/python3.9/site-packages/airflow/example_dags/example_short_circuit_operator.py took 0.124 seconds
[2025-02-01T12:07:28.012+0000] {processor.py:186} INFO - Started process (PID=1180) to work on /home/airflow/.local/lib/python3.9/site-packages/airflow/example_dags/example_short_circuit_operator.py
[2025-02-01T12:07:28.015+0000] {processor.py:914} INFO - Processing file /home/airflow/.local/lib/python3.9/site-packages/airflow/example_dags/example_short_circuit_operator.py for tasks to queue
[2025-02-01T12:07:28.016+0000] {logging_mixin.py:190} INFO - [2025-02-01T12:07:28.016+0000] {dagbag.py:588} INFO - Filling up the DagBag from /home/airflow/.local/lib/python3.9/site-packages/airflow/example_dags/example_short_circuit_operator.py
[2025-02-01T12:07:28.025+0000] {processor.py:925} INFO - DAG(s) 'example_short_circuit_operator' retrieved from /home/airflow/.local/lib/python3.9/site-packages/airflow/example_dags/example_short_circuit_operator.py
[2025-02-01T12:07:28.042+0000] {logging_mixin.py:190} INFO - [2025-02-01T12:07:28.042+0000] {dag.py:3239} INFO - Sync 1 DAGs
[2025-02-01T12:07:28.053+0000] {logging_mixin.py:190} INFO - [2025-02-01T12:07:28.053+0000] {dag.py:4180} INFO - Setting next_dagrun for example_short_circuit_operator to None, run_after=None
[2025-02-01T12:07:28.066+0000] {processor.py:208} INFO - Processing /home/airflow/.local/lib/python3.9/site-packages/airflow/example_dags/example_short_circuit_operator.py took 0.059 seconds
[2025-02-01T12:07:58.505+0000] {processor.py:186} INFO - Started process (PID=1244) to work on /home/airflow/.local/lib/python3.9/site-packages/airflow/example_dags/example_short_circuit_operator.py
[2025-02-01T12:07:58.505+0000] {processor.py:914} INFO - Processing file /home/airflow/.local/lib/python3.9/site-packages/airflow/example_dags/example_short_circuit_operator.py for tasks to queue
[2025-02-01T12:07:58.508+0000] {logging_mixin.py:190} INFO - [2025-02-01T12:07:58.507+0000] {dagbag.py:588} INFO - Filling up the DagBag from /home/airflow/.local/lib/python3.9/site-packages/airflow/example_dags/example_short_circuit_operator.py
[2025-02-01T12:07:58.518+0000] {processor.py:925} INFO - DAG(s) 'example_short_circuit_operator' retrieved from /home/airflow/.local/lib/python3.9/site-packages/airflow/example_dags/example_short_circuit_operator.py
[2025-02-01T12:07:58.547+0000] {logging_mixin.py:190} INFO - [2025-02-01T12:07:58.546+0000] {dag.py:3239} INFO - Sync 1 DAGs
[2025-02-01T12:07:58.561+0000] {logging_mixin.py:190} INFO - [2025-02-01T12:07:58.561+0000] {dag.py:4180} INFO - Setting next_dagrun for example_short_circuit_operator to None, run_after=None
[2025-02-01T12:07:58.579+0000] {processor.py:208} INFO - Processing /home/airflow/.local/lib/python3.9/site-packages/airflow/example_dags/example_short_circuit_operator.py took 0.080 seconds
[2025-02-01T12:08:28.914+0000] {processor.py:186} INFO - Started process (PID=1307) to work on /home/airflow/.local/lib/python3.9/site-packages/airflow/example_dags/example_short_circuit_operator.py
[2025-02-01T12:08:28.916+0000] {processor.py:914} INFO - Processing file /home/airflow/.local/lib/python3.9/site-packages/airflow/example_dags/example_short_circuit_operator.py for tasks to queue
[2025-02-01T12:08:28.919+0000] {logging_mixin.py:190} INFO - [2025-02-01T12:08:28.919+0000] {dagbag.py:588} INFO - Filling up the DagBag from /home/airflow/.local/lib/python3.9/site-packages/airflow/example_dags/example_short_circuit_operator.py
[2025-02-01T12:08:28.929+0000] {processor.py:925} INFO - DAG(s) 'example_short_circuit_operator' retrieved from /home/airflow/.local/lib/python3.9/site-packages/airflow/example_dags/example_short_circuit_operator.py
[2025-02-01T12:08:28.955+0000] {logging_mixin.py:190} INFO - [2025-02-01T12:08:28.955+0000] {dag.py:3239} INFO - Sync 1 DAGs
[2025-02-01T12:08:28.971+0000] {logging_mixin.py:190} INFO - [2025-02-01T12:08:28.971+0000] {dag.py:4180} INFO - Setting next_dagrun for example_short_circuit_operator to None, run_after=None
[2025-02-01T12:08:28.988+0000] {processor.py:208} INFO - Processing /home/airflow/.local/lib/python3.9/site-packages/airflow/example_dags/example_short_circuit_operator.py took 0.080 seconds
[2025-02-01T12:08:59.226+0000] {processor.py:186} INFO - Started process (PID=1370) to work on /home/airflow/.local/lib/python3.9/site-packages/airflow/example_dags/example_short_circuit_operator.py
[2025-02-01T12:08:59.227+0000] {processor.py:914} INFO - Processing file /home/airflow/.local/lib/python3.9/site-packages/airflow/example_dags/example_short_circuit_operator.py for tasks to queue
[2025-02-01T12:08:59.230+0000] {logging_mixin.py:190} INFO - [2025-02-01T12:08:59.229+0000] {dagbag.py:588} INFO - Filling up the DagBag from /home/airflow/.local/lib/python3.9/site-packages/airflow/example_dags/example_short_circuit_operator.py
[2025-02-01T12:08:59.251+0000] {processor.py:925} INFO - DAG(s) 'example_short_circuit_operator' retrieved from /home/airflow/.local/lib/python3.9/site-packages/airflow/example_dags/example_short_circuit_operator.py
[2025-02-01T12:08:59.293+0000] {logging_mixin.py:190} INFO - [2025-02-01T12:08:59.293+0000] {dag.py:3239} INFO - Sync 1 DAGs
[2025-02-01T12:08:59.313+0000] {logging_mixin.py:190} INFO - [2025-02-01T12:08:59.313+0000] {dag.py:4180} INFO - Setting next_dagrun for example_short_circuit_operator to None, run_after=None
[2025-02-01T12:08:59.349+0000] {processor.py:208} INFO - Processing /home/airflow/.local/lib/python3.9/site-packages/airflow/example_dags/example_short_circuit_operator.py took 0.146 seconds
[2025-02-01T12:09:29.776+0000] {processor.py:186} INFO - Started process (PID=1433) to work on /home/airflow/.local/lib/python3.9/site-packages/airflow/example_dags/example_short_circuit_operator.py
[2025-02-01T12:09:29.789+0000] {processor.py:914} INFO - Processing file /home/airflow/.local/lib/python3.9/site-packages/airflow/example_dags/example_short_circuit_operator.py for tasks to queue
[2025-02-01T12:09:29.792+0000] {logging_mixin.py:190} INFO - [2025-02-01T12:09:29.791+0000] {dagbag.py:588} INFO - Filling up the DagBag from /home/airflow/.local/lib/python3.9/site-packages/airflow/example_dags/example_short_circuit_operator.py
[2025-02-01T12:09:29.852+0000] {processor.py:925} INFO - DAG(s) 'example_short_circuit_operator' retrieved from /home/airflow/.local/lib/python3.9/site-packages/airflow/example_dags/example_short_circuit_operator.py
[2025-02-01T12:09:29.933+0000] {logging_mixin.py:190} INFO - [2025-02-01T12:09:29.933+0000] {dag.py:3239} INFO - Sync 1 DAGs
[2025-02-01T12:09:29.985+0000] {logging_mixin.py:190} INFO - [2025-02-01T12:09:29.985+0000] {dag.py:4180} INFO - Setting next_dagrun for example_short_circuit_operator to None, run_after=None
[2025-02-01T12:09:30.084+0000] {processor.py:208} INFO - Processing /home/airflow/.local/lib/python3.9/site-packages/airflow/example_dags/example_short_circuit_operator.py took 0.342 seconds
[2025-02-01T12:10:00.999+0000] {processor.py:186} INFO - Started process (PID=1496) to work on /home/airflow/.local/lib/python3.9/site-packages/airflow/example_dags/example_short_circuit_operator.py
[2025-02-01T12:10:01.012+0000] {processor.py:914} INFO - Processing file /home/airflow/.local/lib/python3.9/site-packages/airflow/example_dags/example_short_circuit_operator.py for tasks to queue
[2025-02-01T12:10:01.020+0000] {logging_mixin.py:190} INFO - [2025-02-01T12:10:01.019+0000] {dagbag.py:588} INFO - Filling up the DagBag from /home/airflow/.local/lib/python3.9/site-packages/airflow/example_dags/example_short_circuit_operator.py
[2025-02-01T12:10:06.968+0000] {logging_mixin.py:190} INFO - [2025-02-01T12:10:06.967+0000] {process_utils.py:266} INFO - Waiting up to 5 seconds for processes to exit...
