[2025-02-01T11:58:30.069+0000] {processor.py:186} INFO - Started process (PID=83) to work on /home/airflow/.local/lib/python3.9/site-packages/airflow/example_dags/example_branch_datetime_operator.py
[2025-02-01T11:58:30.070+0000] {processor.py:914} INFO - Processing file /home/airflow/.local/lib/python3.9/site-packages/airflow/example_dags/example_branch_datetime_operator.py for tasks to queue
[2025-02-01T11:58:30.072+0000] {logging_mixin.py:190} INFO - [2025-02-01T11:58:30.072+0000] {dagbag.py:588} INFO - Filling up the DagBag from /home/airflow/.local/lib/python3.9/site-packages/airflow/example_dags/example_branch_datetime_operator.py
[2025-02-01T11:58:30.097+0000] {processor.py:925} INFO - DAG(s) 'example_branch_datetime_operator_2', 'example_branch_datetime_operator_3', 'example_branch_datetime_operator' retrieved from /home/airflow/.local/lib/python3.9/site-packages/airflow/example_dags/example_branch_datetime_operator.py
[2025-02-01T11:58:30.315+0000] {logging_mixin.py:190} INFO - [2025-02-01T11:58:30.314+0000] {override.py:1911} INFO - Created Permission View: can edit on DAG:example_branch_datetime_operator_2
[2025-02-01T11:58:30.330+0000] {logging_mixin.py:190} INFO - [2025-02-01T11:58:30.330+0000] {override.py:1911} INFO - Created Permission View: can delete on DAG:example_branch_datetime_operator_2
[2025-02-01T11:58:30.339+0000] {logging_mixin.py:190} INFO - [2025-02-01T11:58:30.338+0000] {override.py:1911} INFO - Created Permission View: can read on DAG:example_branch_datetime_operator_2
[2025-02-01T11:58:30.348+0000] {logging_mixin.py:190} INFO - [2025-02-01T11:58:30.348+0000] {override.py:1911} INFO - Created Permission View: can create on DAG Run:example_branch_datetime_operator_2
[2025-02-01T11:58:30.358+0000] {logging_mixin.py:190} INFO - [2025-02-01T11:58:30.357+0000] {override.py:1911} INFO - Created Permission View: can delete on DAG Run:example_branch_datetime_operator_2
[2025-02-01T11:58:30.368+0000] {logging_mixin.py:190} INFO - [2025-02-01T11:58:30.367+0000] {override.py:1911} INFO - Created Permission View: can read on DAG Run:example_branch_datetime_operator_2
[2025-02-01T11:58:30.380+0000] {logging_mixin.py:190} INFO - [2025-02-01T11:58:30.380+0000] {override.py:1911} INFO - Created Permission View: menu access on DAG Run:example_branch_datetime_operator_2
[2025-02-01T11:58:30.401+0000] {logging_mixin.py:190} INFO - [2025-02-01T11:58:30.400+0000] {override.py:1911} INFO - Created Permission View: can edit on DAG:example_branch_datetime_operator_3
[2025-02-01T11:58:30.407+0000] {logging_mixin.py:190} INFO - [2025-02-01T11:58:30.407+0000] {override.py:1911} INFO - Created Permission View: can delete on DAG:example_branch_datetime_operator_3
[2025-02-01T11:58:30.416+0000] {logging_mixin.py:190} INFO - [2025-02-01T11:58:30.416+0000] {override.py:1911} INFO - Created Permission View: can read on DAG:example_branch_datetime_operator_3
[2025-02-01T11:58:30.428+0000] {logging_mixin.py:190} INFO - [2025-02-01T11:58:30.427+0000] {override.py:1911} INFO - Created Permission View: can create on DAG Run:example_branch_datetime_operator_3
[2025-02-01T11:58:30.437+0000] {logging_mixin.py:190} INFO - [2025-02-01T11:58:30.436+0000] {override.py:1911} INFO - Created Permission View: can delete on DAG Run:example_branch_datetime_operator_3
[2025-02-01T11:58:30.443+0000] {logging_mixin.py:190} INFO - [2025-02-01T11:58:30.442+0000] {override.py:1911} INFO - Created Permission View: can read on DAG Run:example_branch_datetime_operator_3
[2025-02-01T11:58:30.452+0000] {logging_mixin.py:190} INFO - [2025-02-01T11:58:30.451+0000] {override.py:1911} INFO - Created Permission View: menu access on DAG Run:example_branch_datetime_operator_3
[2025-02-01T11:58:30.467+0000] {logging_mixin.py:190} INFO - [2025-02-01T11:58:30.467+0000] {override.py:1911} INFO - Created Permission View: can edit on DAG:example_branch_datetime_operator
[2025-02-01T11:58:30.476+0000] {logging_mixin.py:190} INFO - [2025-02-01T11:58:30.476+0000] {override.py:1911} INFO - Created Permission View: can delete on DAG:example_branch_datetime_operator
[2025-02-01T11:58:30.485+0000] {logging_mixin.py:190} INFO - [2025-02-01T11:58:30.484+0000] {override.py:1911} INFO - Created Permission View: can read on DAG:example_branch_datetime_operator
[2025-02-01T11:58:30.490+0000] {logging_mixin.py:190} INFO - [2025-02-01T11:58:30.490+0000] {override.py:1911} INFO - Created Permission View: can create on DAG Run:example_branch_datetime_operator
[2025-02-01T11:58:30.499+0000] {logging_mixin.py:190} INFO - [2025-02-01T11:58:30.499+0000] {override.py:1911} INFO - Created Permission View: can delete on DAG Run:example_branch_datetime_operator
[2025-02-01T11:58:30.508+0000] {logging_mixin.py:190} INFO - [2025-02-01T11:58:30.508+0000] {override.py:1911} INFO - Created Permission View: can read on DAG Run:example_branch_datetime_operator
[2025-02-01T11:58:30.514+0000] {logging_mixin.py:190} INFO - [2025-02-01T11:58:30.514+0000] {override.py:1911} INFO - Created Permission View: menu access on DAG Run:example_branch_datetime_operator
[2025-02-01T11:58:30.514+0000] {logging_mixin.py:190} INFO - [2025-02-01T11:58:30.514+0000] {dag.py:3239} INFO - Sync 3 DAGs
[2025-02-01T11:58:30.543+0000] {logging_mixin.py:190} INFO - [2025-02-01T11:58:30.543+0000] {dag.py:3262} INFO - Creating ORM DAG for example_branch_datetime_operator_3
[2025-02-01T11:58:30.544+0000] {logging_mixin.py:190} INFO - [2025-02-01T11:58:30.544+0000] {dag.py:3262} INFO - Creating ORM DAG for example_branch_datetime_operator_2
[2025-02-01T11:58:30.545+0000] {logging_mixin.py:190} INFO - [2025-02-01T11:58:30.545+0000] {dag.py:3262} INFO - Creating ORM DAG for example_branch_datetime_operator
[2025-02-01T11:58:30.564+0000] {logging_mixin.py:190} INFO - [2025-02-01T11:58:30.564+0000] {dag.py:4180} INFO - Setting next_dagrun for example_branch_datetime_operator to 2025-01-31 00:00:00+00:00, run_after=2025-02-01 00:00:00+00:00
[2025-02-01T11:58:30.569+0000] {logging_mixin.py:190} INFO - [2025-02-01T11:58:30.569+0000] {dag.py:4180} INFO - Setting next_dagrun for example_branch_datetime_operator_2 to 2025-01-31 00:00:00+00:00, run_after=2025-02-01 00:00:00+00:00
[2025-02-01T11:58:30.572+0000] {logging_mixin.py:190} INFO - [2025-02-01T11:58:30.571+0000] {dag.py:4180} INFO - Setting next_dagrun for example_branch_datetime_operator_3 to 2025-01-31 00:00:00+00:00, run_after=2025-02-01 00:00:00+00:00
[2025-02-01T11:58:30.606+0000] {processor.py:208} INFO - Processing /home/airflow/.local/lib/python3.9/site-packages/airflow/example_dags/example_branch_datetime_operator.py took 0.552 seconds
[2025-02-01T11:59:01.177+0000] {processor.py:186} INFO - Started process (PID=146) to work on /home/airflow/.local/lib/python3.9/site-packages/airflow/example_dags/example_branch_datetime_operator.py
[2025-02-01T11:59:01.186+0000] {processor.py:914} INFO - Processing file /home/airflow/.local/lib/python3.9/site-packages/airflow/example_dags/example_branch_datetime_operator.py for tasks to queue
[2025-02-01T11:59:01.189+0000] {logging_mixin.py:190} INFO - [2025-02-01T11:59:01.189+0000] {dagbag.py:588} INFO - Filling up the DagBag from /home/airflow/.local/lib/python3.9/site-packages/airflow/example_dags/example_branch_datetime_operator.py
[2025-02-01T11:59:01.229+0000] {processor.py:925} INFO - DAG(s) 'example_branch_datetime_operator_3', 'example_branch_datetime_operator', 'example_branch_datetime_operator_2' retrieved from /home/airflow/.local/lib/python3.9/site-packages/airflow/example_dags/example_branch_datetime_operator.py
[2025-02-01T11:59:01.298+0000] {logging_mixin.py:190} INFO - [2025-02-01T11:59:01.298+0000] {dag.py:3239} INFO - Sync 3 DAGs
[2025-02-01T11:59:01.335+0000] {logging_mixin.py:190} INFO - [2025-02-01T11:59:01.335+0000] {dag.py:4180} INFO - Setting next_dagrun for example_branch_datetime_operator to 2025-01-31 00:00:00+00:00, run_after=2025-02-01 00:00:00+00:00
[2025-02-01T11:59:01.341+0000] {logging_mixin.py:190} INFO - [2025-02-01T11:59:01.341+0000] {dag.py:4180} INFO - Setting next_dagrun for example_branch_datetime_operator_2 to 2025-01-31 00:00:00+00:00, run_after=2025-02-01 00:00:00+00:00
[2025-02-01T11:59:01.345+0000] {logging_mixin.py:190} INFO - [2025-02-01T11:59:01.345+0000] {dag.py:4180} INFO - Setting next_dagrun for example_branch_datetime_operator_3 to 2025-01-31 00:00:00+00:00, run_after=2025-02-01 00:00:00+00:00
[2025-02-01T11:59:01.388+0000] {processor.py:208} INFO - Processing /home/airflow/.local/lib/python3.9/site-packages/airflow/example_dags/example_branch_datetime_operator.py took 0.225 seconds
[2025-02-01T11:59:32.007+0000] {processor.py:186} INFO - Started process (PID=210) to work on /home/airflow/.local/lib/python3.9/site-packages/airflow/example_dags/example_branch_datetime_operator.py
[2025-02-01T11:59:32.008+0000] {processor.py:914} INFO - Processing file /home/airflow/.local/lib/python3.9/site-packages/airflow/example_dags/example_branch_datetime_operator.py for tasks to queue
[2025-02-01T11:59:32.010+0000] {logging_mixin.py:190} INFO - [2025-02-01T11:59:32.010+0000] {dagbag.py:588} INFO - Filling up the DagBag from /home/airflow/.local/lib/python3.9/site-packages/airflow/example_dags/example_branch_datetime_operator.py
[2025-02-01T11:59:32.045+0000] {processor.py:925} INFO - DAG(s) 'example_branch_datetime_operator', 'example_branch_datetime_operator_2', 'example_branch_datetime_operator_3' retrieved from /home/airflow/.local/lib/python3.9/site-packages/airflow/example_dags/example_branch_datetime_operator.py
[2025-02-01T11:59:32.098+0000] {logging_mixin.py:190} INFO - [2025-02-01T11:59:32.098+0000] {dag.py:3239} INFO - Sync 3 DAGs
[2025-02-01T11:59:32.153+0000] {logging_mixin.py:190} INFO - [2025-02-01T11:59:32.153+0000] {dag.py:4180} INFO - Setting next_dagrun for example_branch_datetime_operator to 2025-01-31 00:00:00+00:00, run_after=2025-02-01 00:00:00+00:00
[2025-02-01T11:59:32.167+0000] {logging_mixin.py:190} INFO - [2025-02-01T11:59:32.167+0000] {dag.py:4180} INFO - Setting next_dagrun for example_branch_datetime_operator_2 to 2025-01-31 00:00:00+00:00, run_after=2025-02-01 00:00:00+00:00
[2025-02-01T11:59:32.171+0000] {logging_mixin.py:190} INFO - [2025-02-01T11:59:32.170+0000] {dag.py:4180} INFO - Setting next_dagrun for example_branch_datetime_operator_3 to 2025-01-31 00:00:00+00:00, run_after=2025-02-01 00:00:00+00:00
[2025-02-01T11:59:32.203+0000] {processor.py:208} INFO - Processing /home/airflow/.local/lib/python3.9/site-packages/airflow/example_dags/example_branch_datetime_operator.py took 0.202 seconds
[2025-02-01T12:00:03.150+0000] {processor.py:186} INFO - Started process (PID=273) to work on /home/airflow/.local/lib/python3.9/site-packages/airflow/example_dags/example_branch_datetime_operator.py
[2025-02-01T12:00:03.153+0000] {processor.py:914} INFO - Processing file /home/airflow/.local/lib/python3.9/site-packages/airflow/example_dags/example_branch_datetime_operator.py for tasks to queue
[2025-02-01T12:00:03.155+0000] {logging_mixin.py:190} INFO - [2025-02-01T12:00:03.155+0000] {dagbag.py:588} INFO - Filling up the DagBag from /home/airflow/.local/lib/python3.9/site-packages/airflow/example_dags/example_branch_datetime_operator.py
[2025-02-01T12:00:03.173+0000] {processor.py:925} INFO - DAG(s) 'example_branch_datetime_operator_2', 'example_branch_datetime_operator', 'example_branch_datetime_operator_3' retrieved from /home/airflow/.local/lib/python3.9/site-packages/airflow/example_dags/example_branch_datetime_operator.py
[2025-02-01T12:00:03.203+0000] {logging_mixin.py:190} INFO - [2025-02-01T12:00:03.203+0000] {dag.py:3239} INFO - Sync 3 DAGs
[2025-02-01T12:00:03.230+0000] {logging_mixin.py:190} INFO - [2025-02-01T12:00:03.229+0000] {dag.py:4180} INFO - Setting next_dagrun for example_branch_datetime_operator to 2025-01-31 00:00:00+00:00, run_after=2025-02-01 00:00:00+00:00
[2025-02-01T12:00:03.235+0000] {logging_mixin.py:190} INFO - [2025-02-01T12:00:03.235+0000] {dag.py:4180} INFO - Setting next_dagrun for example_branch_datetime_operator_2 to 2025-01-31 00:00:00+00:00, run_after=2025-02-01 00:00:00+00:00
[2025-02-01T12:00:03.238+0000] {logging_mixin.py:190} INFO - [2025-02-01T12:00:03.238+0000] {dag.py:4180} INFO - Setting next_dagrun for example_branch_datetime_operator_3 to 2025-01-31 00:00:00+00:00, run_after=2025-02-01 00:00:00+00:00
[2025-02-01T12:00:03.253+0000] {processor.py:208} INFO - Processing /home/airflow/.local/lib/python3.9/site-packages/airflow/example_dags/example_branch_datetime_operator.py took 0.111 seconds
[2025-02-01T12:00:33.523+0000] {processor.py:186} INFO - Started process (PID=336) to work on /home/airflow/.local/lib/python3.9/site-packages/airflow/example_dags/example_branch_datetime_operator.py
[2025-02-01T12:00:33.535+0000] {processor.py:914} INFO - Processing file /home/airflow/.local/lib/python3.9/site-packages/airflow/example_dags/example_branch_datetime_operator.py for tasks to queue
[2025-02-01T12:00:33.537+0000] {logging_mixin.py:190} INFO - [2025-02-01T12:00:33.537+0000] {dagbag.py:588} INFO - Filling up the DagBag from /home/airflow/.local/lib/python3.9/site-packages/airflow/example_dags/example_branch_datetime_operator.py
[2025-02-01T12:00:33.601+0000] {processor.py:925} INFO - DAG(s) 'example_branch_datetime_operator_2', 'example_branch_datetime_operator_3', 'example_branch_datetime_operator' retrieved from /home/airflow/.local/lib/python3.9/site-packages/airflow/example_dags/example_branch_datetime_operator.py
[2025-02-01T12:00:33.649+0000] {logging_mixin.py:190} INFO - [2025-02-01T12:00:33.649+0000] {dag.py:3239} INFO - Sync 3 DAGs
[2025-02-01T12:00:33.689+0000] {logging_mixin.py:190} INFO - [2025-02-01T12:00:33.689+0000] {dag.py:4180} INFO - Setting next_dagrun for example_branch_datetime_operator to 2025-01-31 00:00:00+00:00, run_after=2025-02-01 00:00:00+00:00
[2025-02-01T12:00:33.700+0000] {logging_mixin.py:190} INFO - [2025-02-01T12:00:33.700+0000] {dag.py:4180} INFO - Setting next_dagrun for example_branch_datetime_operator_2 to 2025-01-31 00:00:00+00:00, run_after=2025-02-01 00:00:00+00:00
[2025-02-01T12:00:33.703+0000] {logging_mixin.py:190} INFO - [2025-02-01T12:00:33.703+0000] {dag.py:4180} INFO - Setting next_dagrun for example_branch_datetime_operator_3 to 2025-01-31 00:00:00+00:00, run_after=2025-02-01 00:00:00+00:00
[2025-02-01T12:00:33.732+0000] {processor.py:208} INFO - Processing /home/airflow/.local/lib/python3.9/site-packages/airflow/example_dags/example_branch_datetime_operator.py took 0.238 seconds
[2025-02-01T12:01:03.836+0000] {processor.py:186} INFO - Started process (PID=398) to work on /home/airflow/.local/lib/python3.9/site-packages/airflow/example_dags/example_branch_datetime_operator.py
[2025-02-01T12:01:03.839+0000] {processor.py:914} INFO - Processing file /home/airflow/.local/lib/python3.9/site-packages/airflow/example_dags/example_branch_datetime_operator.py for tasks to queue
[2025-02-01T12:01:03.841+0000] {logging_mixin.py:190} INFO - [2025-02-01T12:01:03.841+0000] {dagbag.py:588} INFO - Filling up the DagBag from /home/airflow/.local/lib/python3.9/site-packages/airflow/example_dags/example_branch_datetime_operator.py
[2025-02-01T12:01:03.853+0000] {processor.py:925} INFO - DAG(s) 'example_branch_datetime_operator', 'example_branch_datetime_operator_2', 'example_branch_datetime_operator_3' retrieved from /home/airflow/.local/lib/python3.9/site-packages/airflow/example_dags/example_branch_datetime_operator.py
[2025-02-01T12:01:03.874+0000] {logging_mixin.py:190} INFO - [2025-02-01T12:01:03.873+0000] {dag.py:3239} INFO - Sync 3 DAGs
[2025-02-01T12:01:03.892+0000] {logging_mixin.py:190} INFO - [2025-02-01T12:01:03.892+0000] {dag.py:4180} INFO - Setting next_dagrun for example_branch_datetime_operator to 2025-01-31 00:00:00+00:00, run_after=2025-02-01 00:00:00+00:00
[2025-02-01T12:01:03.895+0000] {logging_mixin.py:190} INFO - [2025-02-01T12:01:03.895+0000] {dag.py:4180} INFO - Setting next_dagrun for example_branch_datetime_operator_2 to 2025-01-31 00:00:00+00:00, run_after=2025-02-01 00:00:00+00:00
[2025-02-01T12:01:03.897+0000] {logging_mixin.py:190} INFO - [2025-02-01T12:01:03.897+0000] {dag.py:4180} INFO - Setting next_dagrun for example_branch_datetime_operator_3 to 2025-01-31 00:00:00+00:00, run_after=2025-02-01 00:00:00+00:00
[2025-02-01T12:01:03.908+0000] {processor.py:208} INFO - Processing /home/airflow/.local/lib/python3.9/site-packages/airflow/example_dags/example_branch_datetime_operator.py took 0.079 seconds
[2025-02-01T12:01:34.185+0000] {processor.py:186} INFO - Started process (PID=461) to work on /home/airflow/.local/lib/python3.9/site-packages/airflow/example_dags/example_branch_datetime_operator.py
[2025-02-01T12:01:34.185+0000] {processor.py:914} INFO - Processing file /home/airflow/.local/lib/python3.9/site-packages/airflow/example_dags/example_branch_datetime_operator.py for tasks to queue
[2025-02-01T12:01:34.188+0000] {logging_mixin.py:190} INFO - [2025-02-01T12:01:34.187+0000] {dagbag.py:588} INFO - Filling up the DagBag from /home/airflow/.local/lib/python3.9/site-packages/airflow/example_dags/example_branch_datetime_operator.py
[2025-02-01T12:01:34.200+0000] {processor.py:925} INFO - DAG(s) 'example_branch_datetime_operator_3', 'example_branch_datetime_operator_2', 'example_branch_datetime_operator' retrieved from /home/airflow/.local/lib/python3.9/site-packages/airflow/example_dags/example_branch_datetime_operator.py
[2025-02-01T12:01:34.220+0000] {logging_mixin.py:190} INFO - [2025-02-01T12:01:34.220+0000] {dag.py:3239} INFO - Sync 3 DAGs
[2025-02-01T12:01:34.246+0000] {logging_mixin.py:190} INFO - [2025-02-01T12:01:34.246+0000] {dag.py:4180} INFO - Setting next_dagrun for example_branch_datetime_operator to 2025-01-31 00:00:00+00:00, run_after=2025-02-01 00:00:00+00:00
[2025-02-01T12:01:34.256+0000] {logging_mixin.py:190} INFO - [2025-02-01T12:01:34.255+0000] {dag.py:4180} INFO - Setting next_dagrun for example_branch_datetime_operator_2 to 2025-01-31 00:00:00+00:00, run_after=2025-02-01 00:00:00+00:00
[2025-02-01T12:01:34.259+0000] {logging_mixin.py:190} INFO - [2025-02-01T12:01:34.259+0000] {dag.py:4180} INFO - Setting next_dagrun for example_branch_datetime_operator_3 to 2025-01-31 00:00:00+00:00, run_after=2025-02-01 00:00:00+00:00
[2025-02-01T12:01:34.285+0000] {processor.py:208} INFO - Processing /home/airflow/.local/lib/python3.9/site-packages/airflow/example_dags/example_branch_datetime_operator.py took 0.107 seconds
[2025-02-01T12:02:04.935+0000] {processor.py:186} INFO - Started process (PID=525) to work on /home/airflow/.local/lib/python3.9/site-packages/airflow/example_dags/example_branch_datetime_operator.py
[2025-02-01T12:02:04.936+0000] {processor.py:914} INFO - Processing file /home/airflow/.local/lib/python3.9/site-packages/airflow/example_dags/example_branch_datetime_operator.py for tasks to queue
[2025-02-01T12:02:04.938+0000] {logging_mixin.py:190} INFO - [2025-02-01T12:02:04.938+0000] {dagbag.py:588} INFO - Filling up the DagBag from /home/airflow/.local/lib/python3.9/site-packages/airflow/example_dags/example_branch_datetime_operator.py
[2025-02-01T12:02:04.974+0000] {processor.py:925} INFO - DAG(s) 'example_branch_datetime_operator', 'example_branch_datetime_operator_2', 'example_branch_datetime_operator_3' retrieved from /home/airflow/.local/lib/python3.9/site-packages/airflow/example_dags/example_branch_datetime_operator.py
[2025-02-01T12:02:05.007+0000] {logging_mixin.py:190} INFO - [2025-02-01T12:02:05.006+0000] {dag.py:3239} INFO - Sync 3 DAGs
[2025-02-01T12:02:05.039+0000] {logging_mixin.py:190} INFO - [2025-02-01T12:02:05.039+0000] {dag.py:4180} INFO - Setting next_dagrun for example_branch_datetime_operator to 2025-01-31 00:00:00+00:00, run_after=2025-02-01 00:00:00+00:00
[2025-02-01T12:02:05.044+0000] {logging_mixin.py:190} INFO - [2025-02-01T12:02:05.044+0000] {dag.py:4180} INFO - Setting next_dagrun for example_branch_datetime_operator_2 to 2025-01-31 00:00:00+00:00, run_after=2025-02-01 00:00:00+00:00
[2025-02-01T12:02:05.047+0000] {logging_mixin.py:190} INFO - [2025-02-01T12:02:05.047+0000] {dag.py:4180} INFO - Setting next_dagrun for example_branch_datetime_operator_3 to 2025-01-31 00:00:00+00:00, run_after=2025-02-01 00:00:00+00:00
[2025-02-01T12:02:05.062+0000] {processor.py:208} INFO - Processing /home/airflow/.local/lib/python3.9/site-packages/airflow/example_dags/example_branch_datetime_operator.py took 0.134 seconds
[2025-02-01T12:02:35.737+0000] {processor.py:186} INFO - Started process (PID=588) to work on /home/airflow/.local/lib/python3.9/site-packages/airflow/example_dags/example_branch_datetime_operator.py
[2025-02-01T12:02:35.738+0000] {processor.py:914} INFO - Processing file /home/airflow/.local/lib/python3.9/site-packages/airflow/example_dags/example_branch_datetime_operator.py for tasks to queue
[2025-02-01T12:02:35.740+0000] {logging_mixin.py:190} INFO - [2025-02-01T12:02:35.740+0000] {dagbag.py:588} INFO - Filling up the DagBag from /home/airflow/.local/lib/python3.9/site-packages/airflow/example_dags/example_branch_datetime_operator.py
[2025-02-01T12:02:35.796+0000] {processor.py:925} INFO - DAG(s) 'example_branch_datetime_operator', 'example_branch_datetime_operator_2', 'example_branch_datetime_operator_3' retrieved from /home/airflow/.local/lib/python3.9/site-packages/airflow/example_dags/example_branch_datetime_operator.py
[2025-02-01T12:02:35.848+0000] {logging_mixin.py:190} INFO - [2025-02-01T12:02:35.847+0000] {dag.py:3239} INFO - Sync 3 DAGs
[2025-02-01T12:02:35.882+0000] {logging_mixin.py:190} INFO - [2025-02-01T12:02:35.882+0000] {dag.py:4180} INFO - Setting next_dagrun for example_branch_datetime_operator to 2025-01-31 00:00:00+00:00, run_after=2025-02-01 00:00:00+00:00
[2025-02-01T12:02:35.888+0000] {logging_mixin.py:190} INFO - [2025-02-01T12:02:35.888+0000] {dag.py:4180} INFO - Setting next_dagrun for example_branch_datetime_operator_2 to 2025-01-31 00:00:00+00:00, run_after=2025-02-01 00:00:00+00:00
[2025-02-01T12:02:35.891+0000] {logging_mixin.py:190} INFO - [2025-02-01T12:02:35.891+0000] {dag.py:4180} INFO - Setting next_dagrun for example_branch_datetime_operator_3 to 2025-01-31 00:00:00+00:00, run_after=2025-02-01 00:00:00+00:00
[2025-02-01T12:02:35.923+0000] {processor.py:208} INFO - Processing /home/airflow/.local/lib/python3.9/site-packages/airflow/example_dags/example_branch_datetime_operator.py took 0.218 seconds
[2025-02-01T12:03:06.326+0000] {processor.py:186} INFO - Started process (PID=649) to work on /home/airflow/.local/lib/python3.9/site-packages/airflow/example_dags/example_branch_datetime_operator.py
[2025-02-01T12:03:06.327+0000] {processor.py:914} INFO - Processing file /home/airflow/.local/lib/python3.9/site-packages/airflow/example_dags/example_branch_datetime_operator.py for tasks to queue
[2025-02-01T12:03:06.330+0000] {logging_mixin.py:190} INFO - [2025-02-01T12:03:06.330+0000] {dagbag.py:588} INFO - Filling up the DagBag from /home/airflow/.local/lib/python3.9/site-packages/airflow/example_dags/example_branch_datetime_operator.py
[2025-02-01T12:03:06.352+0000] {processor.py:925} INFO - DAG(s) 'example_branch_datetime_operator', 'example_branch_datetime_operator_2', 'example_branch_datetime_operator_3' retrieved from /home/airflow/.local/lib/python3.9/site-packages/airflow/example_dags/example_branch_datetime_operator.py
[2025-02-01T12:03:06.371+0000] {logging_mixin.py:190} INFO - [2025-02-01T12:03:06.370+0000] {dag.py:3239} INFO - Sync 3 DAGs
[2025-02-01T12:03:06.388+0000] {logging_mixin.py:190} INFO - [2025-02-01T12:03:06.388+0000] {dag.py:4180} INFO - Setting next_dagrun for example_branch_datetime_operator to 2025-01-31 00:00:00+00:00, run_after=2025-02-01 00:00:00+00:00
[2025-02-01T12:03:06.392+0000] {logging_mixin.py:190} INFO - [2025-02-01T12:03:06.392+0000] {dag.py:4180} INFO - Setting next_dagrun for example_branch_datetime_operator_2 to 2025-01-31 00:00:00+00:00, run_after=2025-02-01 00:00:00+00:00
[2025-02-01T12:03:06.394+0000] {logging_mixin.py:190} INFO - [2025-02-01T12:03:06.394+0000] {dag.py:4180} INFO - Setting next_dagrun for example_branch_datetime_operator_3 to 2025-01-31 00:00:00+00:00, run_after=2025-02-01 00:00:00+00:00
[2025-02-01T12:03:06.404+0000] {processor.py:208} INFO - Processing /home/airflow/.local/lib/python3.9/site-packages/airflow/example_dags/example_branch_datetime_operator.py took 0.087 seconds
[2025-02-01T12:03:36.533+0000] {processor.py:186} INFO - Started process (PID=712) to work on /home/airflow/.local/lib/python3.9/site-packages/airflow/example_dags/example_branch_datetime_operator.py
[2025-02-01T12:03:36.538+0000] {processor.py:914} INFO - Processing file /home/airflow/.local/lib/python3.9/site-packages/airflow/example_dags/example_branch_datetime_operator.py for tasks to queue
[2025-02-01T12:03:36.540+0000] {logging_mixin.py:190} INFO - [2025-02-01T12:03:36.540+0000] {dagbag.py:588} INFO - Filling up the DagBag from /home/airflow/.local/lib/python3.9/site-packages/airflow/example_dags/example_branch_datetime_operator.py
[2025-02-01T12:03:36.552+0000] {processor.py:925} INFO - DAG(s) 'example_branch_datetime_operator', 'example_branch_datetime_operator_2', 'example_branch_datetime_operator_3' retrieved from /home/airflow/.local/lib/python3.9/site-packages/airflow/example_dags/example_branch_datetime_operator.py
[2025-02-01T12:03:36.572+0000] {logging_mixin.py:190} INFO - [2025-02-01T12:03:36.572+0000] {dag.py:3239} INFO - Sync 3 DAGs
[2025-02-01T12:03:36.590+0000] {logging_mixin.py:190} INFO - [2025-02-01T12:03:36.589+0000] {dag.py:4180} INFO - Setting next_dagrun for example_branch_datetime_operator to 2025-01-31 00:00:00+00:00, run_after=2025-02-01 00:00:00+00:00
[2025-02-01T12:03:36.593+0000] {logging_mixin.py:190} INFO - [2025-02-01T12:03:36.593+0000] {dag.py:4180} INFO - Setting next_dagrun for example_branch_datetime_operator_2 to 2025-01-31 00:00:00+00:00, run_after=2025-02-01 00:00:00+00:00
[2025-02-01T12:03:36.595+0000] {logging_mixin.py:190} INFO - [2025-02-01T12:03:36.595+0000] {dag.py:4180} INFO - Setting next_dagrun for example_branch_datetime_operator_3 to 2025-01-31 00:00:00+00:00, run_after=2025-02-01 00:00:00+00:00
[2025-02-01T12:03:36.606+0000] {processor.py:208} INFO - Processing /home/airflow/.local/lib/python3.9/site-packages/airflow/example_dags/example_branch_datetime_operator.py took 0.079 seconds
[2025-02-01T12:04:06.728+0000] {processor.py:186} INFO - Started process (PID=775) to work on /home/airflow/.local/lib/python3.9/site-packages/airflow/example_dags/example_branch_datetime_operator.py
[2025-02-01T12:04:06.729+0000] {processor.py:914} INFO - Processing file /home/airflow/.local/lib/python3.9/site-packages/airflow/example_dags/example_branch_datetime_operator.py for tasks to queue
[2025-02-01T12:04:06.731+0000] {logging_mixin.py:190} INFO - [2025-02-01T12:04:06.731+0000] {dagbag.py:588} INFO - Filling up the DagBag from /home/airflow/.local/lib/python3.9/site-packages/airflow/example_dags/example_branch_datetime_operator.py
[2025-02-01T12:04:06.741+0000] {processor.py:925} INFO - DAG(s) 'example_branch_datetime_operator_3', 'example_branch_datetime_operator_2', 'example_branch_datetime_operator' retrieved from /home/airflow/.local/lib/python3.9/site-packages/airflow/example_dags/example_branch_datetime_operator.py
[2025-02-01T12:04:06.762+0000] {logging_mixin.py:190} INFO - [2025-02-01T12:04:06.761+0000] {dag.py:3239} INFO - Sync 3 DAGs
[2025-02-01T12:04:06.781+0000] {logging_mixin.py:190} INFO - [2025-02-01T12:04:06.781+0000] {dag.py:4180} INFO - Setting next_dagrun for example_branch_datetime_operator to 2025-01-31 00:00:00+00:00, run_after=2025-02-01 00:00:00+00:00
[2025-02-01T12:04:06.787+0000] {logging_mixin.py:190} INFO - [2025-02-01T12:04:06.786+0000] {dag.py:4180} INFO - Setting next_dagrun for example_branch_datetime_operator_2 to 2025-01-31 00:00:00+00:00, run_after=2025-02-01 00:00:00+00:00
[2025-02-01T12:04:06.790+0000] {logging_mixin.py:190} INFO - [2025-02-01T12:04:06.789+0000] {dag.py:4180} INFO - Setting next_dagrun for example_branch_datetime_operator_3 to 2025-01-31 00:00:00+00:00, run_after=2025-02-01 00:00:00+00:00
[2025-02-01T12:04:06.801+0000] {processor.py:208} INFO - Processing /home/airflow/.local/lib/python3.9/site-packages/airflow/example_dags/example_branch_datetime_operator.py took 0.080 seconds
[2025-02-01T12:04:36.871+0000] {processor.py:186} INFO - Started process (PID=839) to work on /home/airflow/.local/lib/python3.9/site-packages/airflow/example_dags/example_branch_datetime_operator.py
[2025-02-01T12:04:36.872+0000] {processor.py:914} INFO - Processing file /home/airflow/.local/lib/python3.9/site-packages/airflow/example_dags/example_branch_datetime_operator.py for tasks to queue
[2025-02-01T12:04:36.874+0000] {logging_mixin.py:190} INFO - [2025-02-01T12:04:36.873+0000] {dagbag.py:588} INFO - Filling up the DagBag from /home/airflow/.local/lib/python3.9/site-packages/airflow/example_dags/example_branch_datetime_operator.py
[2025-02-01T12:04:36.885+0000] {processor.py:925} INFO - DAG(s) 'example_branch_datetime_operator_3', 'example_branch_datetime_operator', 'example_branch_datetime_operator_2' retrieved from /home/airflow/.local/lib/python3.9/site-packages/airflow/example_dags/example_branch_datetime_operator.py
[2025-02-01T12:04:36.906+0000] {logging_mixin.py:190} INFO - [2025-02-01T12:04:36.906+0000] {dag.py:3239} INFO - Sync 3 DAGs
[2025-02-01T12:04:36.924+0000] {logging_mixin.py:190} INFO - [2025-02-01T12:04:36.924+0000] {dag.py:4180} INFO - Setting next_dagrun for example_branch_datetime_operator to 2025-01-31 00:00:00+00:00, run_after=2025-02-01 00:00:00+00:00
[2025-02-01T12:04:36.928+0000] {logging_mixin.py:190} INFO - [2025-02-01T12:04:36.928+0000] {dag.py:4180} INFO - Setting next_dagrun for example_branch_datetime_operator_2 to 2025-01-31 00:00:00+00:00, run_after=2025-02-01 00:00:00+00:00
[2025-02-01T12:04:36.930+0000] {logging_mixin.py:190} INFO - [2025-02-01T12:04:36.930+0000] {dag.py:4180} INFO - Setting next_dagrun for example_branch_datetime_operator_3 to 2025-01-31 00:00:00+00:00, run_after=2025-02-01 00:00:00+00:00
[2025-02-01T12:04:36.941+0000] {processor.py:208} INFO - Processing /home/airflow/.local/lib/python3.9/site-packages/airflow/example_dags/example_branch_datetime_operator.py took 0.077 seconds
[2025-02-01T12:05:07.114+0000] {processor.py:186} INFO - Started process (PID=901) to work on /home/airflow/.local/lib/python3.9/site-packages/airflow/example_dags/example_branch_datetime_operator.py
[2025-02-01T12:05:07.114+0000] {processor.py:914} INFO - Processing file /home/airflow/.local/lib/python3.9/site-packages/airflow/example_dags/example_branch_datetime_operator.py for tasks to queue
[2025-02-01T12:05:07.116+0000] {logging_mixin.py:190} INFO - [2025-02-01T12:05:07.116+0000] {dagbag.py:588} INFO - Filling up the DagBag from /home/airflow/.local/lib/python3.9/site-packages/airflow/example_dags/example_branch_datetime_operator.py
[2025-02-01T12:05:07.127+0000] {processor.py:925} INFO - DAG(s) 'example_branch_datetime_operator_3', 'example_branch_datetime_operator', 'example_branch_datetime_operator_2' retrieved from /home/airflow/.local/lib/python3.9/site-packages/airflow/example_dags/example_branch_datetime_operator.py
[2025-02-01T12:05:07.146+0000] {logging_mixin.py:190} INFO - [2025-02-01T12:05:07.146+0000] {dag.py:3239} INFO - Sync 3 DAGs
[2025-02-01T12:05:07.164+0000] {logging_mixin.py:190} INFO - [2025-02-01T12:05:07.164+0000] {dag.py:4180} INFO - Setting next_dagrun for example_branch_datetime_operator to 2025-01-31 00:00:00+00:00, run_after=2025-02-01 00:00:00+00:00
[2025-02-01T12:05:07.167+0000] {logging_mixin.py:190} INFO - [2025-02-01T12:05:07.167+0000] {dag.py:4180} INFO - Setting next_dagrun for example_branch_datetime_operator_2 to 2025-01-31 00:00:00+00:00, run_after=2025-02-01 00:00:00+00:00
[2025-02-01T12:05:07.169+0000] {logging_mixin.py:190} INFO - [2025-02-01T12:05:07.169+0000] {dag.py:4180} INFO - Setting next_dagrun for example_branch_datetime_operator_3 to 2025-01-31 00:00:00+00:00, run_after=2025-02-01 00:00:00+00:00
[2025-02-01T12:05:07.180+0000] {processor.py:208} INFO - Processing /home/airflow/.local/lib/python3.9/site-packages/airflow/example_dags/example_branch_datetime_operator.py took 0.072 seconds
[2025-02-01T12:05:37.705+0000] {processor.py:186} INFO - Started process (PID=963) to work on /home/airflow/.local/lib/python3.9/site-packages/airflow/example_dags/example_branch_datetime_operator.py
[2025-02-01T12:05:37.723+0000] {processor.py:914} INFO - Processing file /home/airflow/.local/lib/python3.9/site-packages/airflow/example_dags/example_branch_datetime_operator.py for tasks to queue
[2025-02-01T12:05:37.725+0000] {logging_mixin.py:190} INFO - [2025-02-01T12:05:37.725+0000] {dagbag.py:588} INFO - Filling up the DagBag from /home/airflow/.local/lib/python3.9/site-packages/airflow/example_dags/example_branch_datetime_operator.py
[2025-02-01T12:05:37.750+0000] {processor.py:925} INFO - DAG(s) 'example_branch_datetime_operator_2', 'example_branch_datetime_operator_3', 'example_branch_datetime_operator' retrieved from /home/airflow/.local/lib/python3.9/site-packages/airflow/example_dags/example_branch_datetime_operator.py
[2025-02-01T12:05:37.778+0000] {logging_mixin.py:190} INFO - [2025-02-01T12:05:37.777+0000] {dag.py:3239} INFO - Sync 3 DAGs
[2025-02-01T12:05:37.807+0000] {logging_mixin.py:190} INFO - [2025-02-01T12:05:37.806+0000] {dag.py:4180} INFO - Setting next_dagrun for example_branch_datetime_operator to 2025-01-31 00:00:00+00:00, run_after=2025-02-01 00:00:00+00:00
[2025-02-01T12:05:37.813+0000] {logging_mixin.py:190} INFO - [2025-02-01T12:05:37.813+0000] {dag.py:4180} INFO - Setting next_dagrun for example_branch_datetime_operator_2 to 2025-01-31 00:00:00+00:00, run_after=2025-02-01 00:00:00+00:00
[2025-02-01T12:05:37.817+0000] {logging_mixin.py:190} INFO - [2025-02-01T12:05:37.817+0000] {dag.py:4180} INFO - Setting next_dagrun for example_branch_datetime_operator_3 to 2025-01-31 00:00:00+00:00, run_after=2025-02-01 00:00:00+00:00
[2025-02-01T12:05:37.836+0000] {processor.py:208} INFO - Processing /home/airflow/.local/lib/python3.9/site-packages/airflow/example_dags/example_branch_datetime_operator.py took 0.146 seconds
[2025-02-01T12:06:08.111+0000] {processor.py:186} INFO - Started process (PID=1025) to work on /home/airflow/.local/lib/python3.9/site-packages/airflow/example_dags/example_branch_datetime_operator.py
[2025-02-01T12:06:08.111+0000] {processor.py:914} INFO - Processing file /home/airflow/.local/lib/python3.9/site-packages/airflow/example_dags/example_branch_datetime_operator.py for tasks to queue
[2025-02-01T12:06:08.113+0000] {logging_mixin.py:190} INFO - [2025-02-01T12:06:08.113+0000] {dagbag.py:588} INFO - Filling up the DagBag from /home/airflow/.local/lib/python3.9/site-packages/airflow/example_dags/example_branch_datetime_operator.py
[2025-02-01T12:06:08.127+0000] {processor.py:925} INFO - DAG(s) 'example_branch_datetime_operator', 'example_branch_datetime_operator_2', 'example_branch_datetime_operator_3' retrieved from /home/airflow/.local/lib/python3.9/site-packages/airflow/example_dags/example_branch_datetime_operator.py
[2025-02-01T12:06:08.154+0000] {logging_mixin.py:190} INFO - [2025-02-01T12:06:08.154+0000] {dag.py:3239} INFO - Sync 3 DAGs
[2025-02-01T12:06:08.182+0000] {logging_mixin.py:190} INFO - [2025-02-01T12:06:08.181+0000] {dag.py:4180} INFO - Setting next_dagrun for example_branch_datetime_operator to 2025-01-31 00:00:00+00:00, run_after=2025-02-01 00:00:00+00:00
[2025-02-01T12:06:08.187+0000] {logging_mixin.py:190} INFO - [2025-02-01T12:06:08.187+0000] {dag.py:4180} INFO - Setting next_dagrun for example_branch_datetime_operator_2 to 2025-01-31 00:00:00+00:00, run_after=2025-02-01 00:00:00+00:00
[2025-02-01T12:06:08.190+0000] {logging_mixin.py:190} INFO - [2025-02-01T12:06:08.190+0000] {dag.py:4180} INFO - Setting next_dagrun for example_branch_datetime_operator_3 to 2025-01-31 00:00:00+00:00, run_after=2025-02-01 00:00:00+00:00
[2025-02-01T12:06:08.205+0000] {processor.py:208} INFO - Processing /home/airflow/.local/lib/python3.9/site-packages/airflow/example_dags/example_branch_datetime_operator.py took 0.102 seconds
[2025-02-01T12:06:38.327+0000] {processor.py:186} INFO - Started process (PID=1087) to work on /home/airflow/.local/lib/python3.9/site-packages/airflow/example_dags/example_branch_datetime_operator.py
[2025-02-01T12:06:38.328+0000] {processor.py:914} INFO - Processing file /home/airflow/.local/lib/python3.9/site-packages/airflow/example_dags/example_branch_datetime_operator.py for tasks to queue
[2025-02-01T12:06:38.330+0000] {logging_mixin.py:190} INFO - [2025-02-01T12:06:38.330+0000] {dagbag.py:588} INFO - Filling up the DagBag from /home/airflow/.local/lib/python3.9/site-packages/airflow/example_dags/example_branch_datetime_operator.py
[2025-02-01T12:06:38.341+0000] {processor.py:925} INFO - DAG(s) 'example_branch_datetime_operator_3', 'example_branch_datetime_operator_2', 'example_branch_datetime_operator' retrieved from /home/airflow/.local/lib/python3.9/site-packages/airflow/example_dags/example_branch_datetime_operator.py
[2025-02-01T12:06:38.361+0000] {logging_mixin.py:190} INFO - [2025-02-01T12:06:38.361+0000] {dag.py:3239} INFO - Sync 3 DAGs
[2025-02-01T12:06:38.380+0000] {logging_mixin.py:190} INFO - [2025-02-01T12:06:38.379+0000] {dag.py:4180} INFO - Setting next_dagrun for example_branch_datetime_operator to 2025-01-31 00:00:00+00:00, run_after=2025-02-01 00:00:00+00:00
[2025-02-01T12:06:38.383+0000] {logging_mixin.py:190} INFO - [2025-02-01T12:06:38.383+0000] {dag.py:4180} INFO - Setting next_dagrun for example_branch_datetime_operator_2 to 2025-01-31 00:00:00+00:00, run_after=2025-02-01 00:00:00+00:00
[2025-02-01T12:06:38.385+0000] {logging_mixin.py:190} INFO - [2025-02-01T12:06:38.385+0000] {dag.py:4180} INFO - Setting next_dagrun for example_branch_datetime_operator_3 to 2025-01-31 00:00:00+00:00, run_after=2025-02-01 00:00:00+00:00
[2025-02-01T12:06:38.397+0000] {processor.py:208} INFO - Processing /home/airflow/.local/lib/python3.9/site-packages/airflow/example_dags/example_branch_datetime_operator.py took 0.076 seconds
[2025-02-01T12:07:08.729+0000] {processor.py:186} INFO - Started process (PID=1150) to work on /home/airflow/.local/lib/python3.9/site-packages/airflow/example_dags/example_branch_datetime_operator.py
[2025-02-01T12:07:08.730+0000] {processor.py:914} INFO - Processing file /home/airflow/.local/lib/python3.9/site-packages/airflow/example_dags/example_branch_datetime_operator.py for tasks to queue
[2025-02-01T12:07:08.732+0000] {logging_mixin.py:190} INFO - [2025-02-01T12:07:08.731+0000] {dagbag.py:588} INFO - Filling up the DagBag from /home/airflow/.local/lib/python3.9/site-packages/airflow/example_dags/example_branch_datetime_operator.py
[2025-02-01T12:07:08.748+0000] {processor.py:925} INFO - DAG(s) 'example_branch_datetime_operator', 'example_branch_datetime_operator_3', 'example_branch_datetime_operator_2' retrieved from /home/airflow/.local/lib/python3.9/site-packages/airflow/example_dags/example_branch_datetime_operator.py
[2025-02-01T12:07:08.777+0000] {logging_mixin.py:190} INFO - [2025-02-01T12:07:08.777+0000] {dag.py:3239} INFO - Sync 3 DAGs
[2025-02-01T12:07:08.805+0000] {logging_mixin.py:190} INFO - [2025-02-01T12:07:08.805+0000] {dag.py:4180} INFO - Setting next_dagrun for example_branch_datetime_operator to 2025-01-31 00:00:00+00:00, run_after=2025-02-01 00:00:00+00:00
[2025-02-01T12:07:08.811+0000] {logging_mixin.py:190} INFO - [2025-02-01T12:07:08.811+0000] {dag.py:4180} INFO - Setting next_dagrun for example_branch_datetime_operator_2 to 2025-01-31 00:00:00+00:00, run_after=2025-02-01 00:00:00+00:00
[2025-02-01T12:07:08.814+0000] {logging_mixin.py:190} INFO - [2025-02-01T12:07:08.814+0000] {dag.py:4180} INFO - Setting next_dagrun for example_branch_datetime_operator_3 to 2025-01-31 00:00:00+00:00, run_after=2025-02-01 00:00:00+00:00
[2025-02-01T12:07:08.834+0000] {processor.py:208} INFO - Processing /home/airflow/.local/lib/python3.9/site-packages/airflow/example_dags/example_branch_datetime_operator.py took 0.112 seconds
[2025-02-01T12:07:39.397+0000] {processor.py:186} INFO - Started process (PID=1213) to work on /home/airflow/.local/lib/python3.9/site-packages/airflow/example_dags/example_branch_datetime_operator.py
[2025-02-01T12:07:39.404+0000] {processor.py:914} INFO - Processing file /home/airflow/.local/lib/python3.9/site-packages/airflow/example_dags/example_branch_datetime_operator.py for tasks to queue
[2025-02-01T12:07:39.407+0000] {logging_mixin.py:190} INFO - [2025-02-01T12:07:39.407+0000] {dagbag.py:588} INFO - Filling up the DagBag from /home/airflow/.local/lib/python3.9/site-packages/airflow/example_dags/example_branch_datetime_operator.py
[2025-02-01T12:07:39.443+0000] {processor.py:925} INFO - DAG(s) 'example_branch_datetime_operator_3', 'example_branch_datetime_operator', 'example_branch_datetime_operator_2' retrieved from /home/airflow/.local/lib/python3.9/site-packages/airflow/example_dags/example_branch_datetime_operator.py
[2025-02-01T12:07:39.539+0000] {logging_mixin.py:190} INFO - [2025-02-01T12:07:39.539+0000] {dag.py:3239} INFO - Sync 3 DAGs
[2025-02-01T12:07:39.621+0000] {logging_mixin.py:190} INFO - [2025-02-01T12:07:39.621+0000] {dag.py:4180} INFO - Setting next_dagrun for example_branch_datetime_operator to 2025-01-31 00:00:00+00:00, run_after=2025-02-01 00:00:00+00:00
[2025-02-01T12:07:39.645+0000] {logging_mixin.py:190} INFO - [2025-02-01T12:07:39.645+0000] {dag.py:4180} INFO - Setting next_dagrun for example_branch_datetime_operator_2 to 2025-01-31 00:00:00+00:00, run_after=2025-02-01 00:00:00+00:00
[2025-02-01T12:07:39.648+0000] {logging_mixin.py:190} INFO - [2025-02-01T12:07:39.648+0000] {dag.py:4180} INFO - Setting next_dagrun for example_branch_datetime_operator_3 to 2025-01-31 00:00:00+00:00, run_after=2025-02-01 00:00:00+00:00
[2025-02-01T12:07:39.687+0000] {processor.py:208} INFO - Processing /home/airflow/.local/lib/python3.9/site-packages/airflow/example_dags/example_branch_datetime_operator.py took 0.304 seconds
[2025-02-01T12:08:10.349+0000] {processor.py:186} INFO - Started process (PID=1277) to work on /home/airflow/.local/lib/python3.9/site-packages/airflow/example_dags/example_branch_datetime_operator.py
[2025-02-01T12:08:10.350+0000] {processor.py:914} INFO - Processing file /home/airflow/.local/lib/python3.9/site-packages/airflow/example_dags/example_branch_datetime_operator.py for tasks to queue
[2025-02-01T12:08:10.352+0000] {logging_mixin.py:190} INFO - [2025-02-01T12:08:10.352+0000] {dagbag.py:588} INFO - Filling up the DagBag from /home/airflow/.local/lib/python3.9/site-packages/airflow/example_dags/example_branch_datetime_operator.py
[2025-02-01T12:08:10.366+0000] {processor.py:925} INFO - DAG(s) 'example_branch_datetime_operator', 'example_branch_datetime_operator_2', 'example_branch_datetime_operator_3' retrieved from /home/airflow/.local/lib/python3.9/site-packages/airflow/example_dags/example_branch_datetime_operator.py
[2025-02-01T12:08:10.385+0000] {logging_mixin.py:190} INFO - [2025-02-01T12:08:10.385+0000] {dag.py:3239} INFO - Sync 3 DAGs
[2025-02-01T12:08:10.403+0000] {logging_mixin.py:190} INFO - [2025-02-01T12:08:10.403+0000] {dag.py:4180} INFO - Setting next_dagrun for example_branch_datetime_operator to 2025-01-31 00:00:00+00:00, run_after=2025-02-01 00:00:00+00:00
[2025-02-01T12:08:10.407+0000] {logging_mixin.py:190} INFO - [2025-02-01T12:08:10.407+0000] {dag.py:4180} INFO - Setting next_dagrun for example_branch_datetime_operator_2 to 2025-01-31 00:00:00+00:00, run_after=2025-02-01 00:00:00+00:00
[2025-02-01T12:08:10.409+0000] {logging_mixin.py:190} INFO - [2025-02-01T12:08:10.409+0000] {dag.py:4180} INFO - Setting next_dagrun for example_branch_datetime_operator_3 to 2025-01-31 00:00:00+00:00, run_after=2025-02-01 00:00:00+00:00
[2025-02-01T12:08:10.420+0000] {processor.py:208} INFO - Processing /home/airflow/.local/lib/python3.9/site-packages/airflow/example_dags/example_branch_datetime_operator.py took 0.081 seconds
[2025-02-01T12:08:40.561+0000] {processor.py:186} INFO - Started process (PID=1340) to work on /home/airflow/.local/lib/python3.9/site-packages/airflow/example_dags/example_branch_datetime_operator.py
[2025-02-01T12:08:40.562+0000] {processor.py:914} INFO - Processing file /home/airflow/.local/lib/python3.9/site-packages/airflow/example_dags/example_branch_datetime_operator.py for tasks to queue
[2025-02-01T12:08:40.564+0000] {logging_mixin.py:190} INFO - [2025-02-01T12:08:40.564+0000] {dagbag.py:588} INFO - Filling up the DagBag from /home/airflow/.local/lib/python3.9/site-packages/airflow/example_dags/example_branch_datetime_operator.py
[2025-02-01T12:08:40.582+0000] {processor.py:925} INFO - DAG(s) 'example_branch_datetime_operator_3', 'example_branch_datetime_operator', 'example_branch_datetime_operator_2' retrieved from /home/airflow/.local/lib/python3.9/site-packages/airflow/example_dags/example_branch_datetime_operator.py
[2025-02-01T12:08:40.601+0000] {logging_mixin.py:190} INFO - [2025-02-01T12:08:40.601+0000] {dag.py:3239} INFO - Sync 3 DAGs
[2025-02-01T12:08:40.619+0000] {logging_mixin.py:190} INFO - [2025-02-01T12:08:40.619+0000] {dag.py:4180} INFO - Setting next_dagrun for example_branch_datetime_operator to 2025-01-31 00:00:00+00:00, run_after=2025-02-01 00:00:00+00:00
[2025-02-01T12:08:40.623+0000] {logging_mixin.py:190} INFO - [2025-02-01T12:08:40.623+0000] {dag.py:4180} INFO - Setting next_dagrun for example_branch_datetime_operator_2 to 2025-01-31 00:00:00+00:00, run_after=2025-02-01 00:00:00+00:00
[2025-02-01T12:08:40.625+0000] {logging_mixin.py:190} INFO - [2025-02-01T12:08:40.624+0000] {dag.py:4180} INFO - Setting next_dagrun for example_branch_datetime_operator_3 to 2025-01-31 00:00:00+00:00, run_after=2025-02-01 00:00:00+00:00
[2025-02-01T12:08:40.635+0000] {processor.py:208} INFO - Processing /home/airflow/.local/lib/python3.9/site-packages/airflow/example_dags/example_branch_datetime_operator.py took 0.082 seconds
[2025-02-01T12:09:11.014+0000] {processor.py:186} INFO - Started process (PID=1403) to work on /home/airflow/.local/lib/python3.9/site-packages/airflow/example_dags/example_branch_datetime_operator.py
[2025-02-01T12:09:11.015+0000] {processor.py:914} INFO - Processing file /home/airflow/.local/lib/python3.9/site-packages/airflow/example_dags/example_branch_datetime_operator.py for tasks to queue
[2025-02-01T12:09:11.017+0000] {logging_mixin.py:190} INFO - [2025-02-01T12:09:11.017+0000] {dagbag.py:588} INFO - Filling up the DagBag from /home/airflow/.local/lib/python3.9/site-packages/airflow/example_dags/example_branch_datetime_operator.py
[2025-02-01T12:09:11.028+0000] {processor.py:925} INFO - DAG(s) 'example_branch_datetime_operator_3', 'example_branch_datetime_operator_2', 'example_branch_datetime_operator' retrieved from /home/airflow/.local/lib/python3.9/site-packages/airflow/example_dags/example_branch_datetime_operator.py
[2025-02-01T12:09:11.047+0000] {logging_mixin.py:190} INFO - [2025-02-01T12:09:11.047+0000] {dag.py:3239} INFO - Sync 3 DAGs
[2025-02-01T12:09:11.065+0000] {logging_mixin.py:190} INFO - [2025-02-01T12:09:11.065+0000] {dag.py:4180} INFO - Setting next_dagrun for example_branch_datetime_operator to 2025-01-31 00:00:00+00:00, run_after=2025-02-01 00:00:00+00:00
[2025-02-01T12:09:11.069+0000] {logging_mixin.py:190} INFO - [2025-02-01T12:09:11.069+0000] {dag.py:4180} INFO - Setting next_dagrun for example_branch_datetime_operator_2 to 2025-01-31 00:00:00+00:00, run_after=2025-02-01 00:00:00+00:00
[2025-02-01T12:09:11.071+0000] {logging_mixin.py:190} INFO - [2025-02-01T12:09:11.071+0000] {dag.py:4180} INFO - Setting next_dagrun for example_branch_datetime_operator_3 to 2025-01-31 00:00:00+00:00, run_after=2025-02-01 00:00:00+00:00
[2025-02-01T12:09:11.082+0000] {processor.py:208} INFO - Processing /home/airflow/.local/lib/python3.9/site-packages/airflow/example_dags/example_branch_datetime_operator.py took 0.074 seconds
[2025-02-01T12:09:41.242+0000] {processor.py:186} INFO - Started process (PID=1466) to work on /home/airflow/.local/lib/python3.9/site-packages/airflow/example_dags/example_branch_datetime_operator.py
[2025-02-01T12:09:41.243+0000] {processor.py:914} INFO - Processing file /home/airflow/.local/lib/python3.9/site-packages/airflow/example_dags/example_branch_datetime_operator.py for tasks to queue
[2025-02-01T12:09:41.244+0000] {logging_mixin.py:190} INFO - [2025-02-01T12:09:41.244+0000] {dagbag.py:588} INFO - Filling up the DagBag from /home/airflow/.local/lib/python3.9/site-packages/airflow/example_dags/example_branch_datetime_operator.py
[2025-02-01T12:09:41.255+0000] {processor.py:925} INFO - DAG(s) 'example_branch_datetime_operator', 'example_branch_datetime_operator_3', 'example_branch_datetime_operator_2' retrieved from /home/airflow/.local/lib/python3.9/site-packages/airflow/example_dags/example_branch_datetime_operator.py
[2025-02-01T12:09:41.283+0000] {logging_mixin.py:190} INFO - [2025-02-01T12:09:41.283+0000] {dag.py:3239} INFO - Sync 3 DAGs
[2025-02-01T12:09:41.301+0000] {logging_mixin.py:190} INFO - [2025-02-01T12:09:41.301+0000] {dag.py:4180} INFO - Setting next_dagrun for example_branch_datetime_operator to 2025-01-31 00:00:00+00:00, run_after=2025-02-01 00:00:00+00:00
[2025-02-01T12:09:41.305+0000] {logging_mixin.py:190} INFO - [2025-02-01T12:09:41.305+0000] {dag.py:4180} INFO - Setting next_dagrun for example_branch_datetime_operator_2 to 2025-01-31 00:00:00+00:00, run_after=2025-02-01 00:00:00+00:00
[2025-02-01T12:09:41.307+0000] {logging_mixin.py:190} INFO - [2025-02-01T12:09:41.307+0000] {dag.py:4180} INFO - Setting next_dagrun for example_branch_datetime_operator_3 to 2025-01-31 00:00:00+00:00, run_after=2025-02-01 00:00:00+00:00
[2025-02-01T12:09:41.318+0000] {processor.py:208} INFO - Processing /home/airflow/.local/lib/python3.9/site-packages/airflow/example_dags/example_branch_datetime_operator.py took 0.083 seconds
