[2025-02-01T11:58:39.882+0000] {processor.py:186} INFO - Started process (PID=104) to work on /home/airflow/.local/lib/python3.9/site-packages/airflow/example_dags/example_dag_decorator.py
[2025-02-01T11:58:39.883+0000] {processor.py:914} INFO - Processing file /home/airflow/.local/lib/python3.9/site-packages/airflow/example_dags/example_dag_decorator.py for tasks to queue
[2025-02-01T11:58:39.887+0000] {logging_mixin.py:190} INFO - [2025-02-01T11:58:39.886+0000] {dagbag.py:588} INFO - Filling up the DagBag from /home/airflow/.local/lib/python3.9/site-packages/airflow/example_dags/example_dag_decorator.py
[2025-02-01T11:58:39.901+0000] {processor.py:925} INFO - DAG(s) 'example_dag_decorator' retrieved from /home/airflow/.local/lib/python3.9/site-packages/airflow/example_dags/example_dag_decorator.py
[2025-02-01T11:58:40.056+0000] {logging_mixin.py:190} INFO - [2025-02-01T11:58:40.055+0000] {override.py:1911} INFO - Created Permission View: can edit on DAG:example_dag_decorator
[2025-02-01T11:58:40.073+0000] {logging_mixin.py:190} INFO - [2025-02-01T11:58:40.073+0000] {override.py:1911} INFO - Created Permission View: can delete on DAG:example_dag_decorator
[2025-02-01T11:58:40.084+0000] {logging_mixin.py:190} INFO - [2025-02-01T11:58:40.084+0000] {override.py:1911} INFO - Created Permission View: can read on DAG:example_dag_decorator
[2025-02-01T11:58:40.097+0000] {logging_mixin.py:190} INFO - [2025-02-01T11:58:40.096+0000] {override.py:1911} INFO - Created Permission View: can create on DAG Run:example_dag_decorator
[2025-02-01T11:58:40.112+0000] {logging_mixin.py:190} INFO - [2025-02-01T11:58:40.112+0000] {override.py:1911} INFO - Created Permission View: can delete on DAG Run:example_dag_decorator
[2025-02-01T11:58:40.130+0000] {logging_mixin.py:190} INFO - [2025-02-01T11:58:40.130+0000] {override.py:1911} INFO - Created Permission View: can read on DAG Run:example_dag_decorator
[2025-02-01T11:58:40.147+0000] {logging_mixin.py:190} INFO - [2025-02-01T11:58:40.147+0000] {override.py:1911} INFO - Created Permission View: menu access on DAG Run:example_dag_decorator
[2025-02-01T11:58:40.150+0000] {logging_mixin.py:190} INFO - [2025-02-01T11:58:40.150+0000] {dag.py:3239} INFO - Sync 1 DAGs
[2025-02-01T11:58:40.174+0000] {logging_mixin.py:190} INFO - [2025-02-01T11:58:40.174+0000] {dag.py:3262} INFO - Creating ORM DAG for example_dag_decorator
[2025-02-01T11:58:40.180+0000] {logging_mixin.py:190} INFO - [2025-02-01T11:58:40.179+0000] {dag.py:4180} INFO - Setting next_dagrun for example_dag_decorator to None, run_after=None
[2025-02-01T11:58:40.214+0000] {processor.py:208} INFO - Processing /home/airflow/.local/lib/python3.9/site-packages/airflow/example_dags/example_dag_decorator.py took 0.340 seconds
[2025-02-01T11:59:11.211+0000] {processor.py:186} INFO - Started process (PID=167) to work on /home/airflow/.local/lib/python3.9/site-packages/airflow/example_dags/example_dag_decorator.py
[2025-02-01T11:59:11.213+0000] {processor.py:914} INFO - Processing file /home/airflow/.local/lib/python3.9/site-packages/airflow/example_dags/example_dag_decorator.py for tasks to queue
[2025-02-01T11:59:11.215+0000] {logging_mixin.py:190} INFO - [2025-02-01T11:59:11.215+0000] {dagbag.py:588} INFO - Filling up the DagBag from /home/airflow/.local/lib/python3.9/site-packages/airflow/example_dags/example_dag_decorator.py
[2025-02-01T11:59:11.227+0000] {processor.py:925} INFO - DAG(s) 'example_dag_decorator' retrieved from /home/airflow/.local/lib/python3.9/site-packages/airflow/example_dags/example_dag_decorator.py
[2025-02-01T11:59:11.356+0000] {logging_mixin.py:190} INFO - [2025-02-01T11:59:11.356+0000] {dag.py:3239} INFO - Sync 1 DAGs
[2025-02-01T11:59:11.371+0000] {logging_mixin.py:190} INFO - [2025-02-01T11:59:11.370+0000] {dag.py:4180} INFO - Setting next_dagrun for example_dag_decorator to None, run_after=None
[2025-02-01T11:59:11.388+0000] {processor.py:208} INFO - Processing /home/airflow/.local/lib/python3.9/site-packages/airflow/example_dags/example_dag_decorator.py took 0.183 seconds
[2025-02-01T11:59:42.903+0000] {processor.py:186} INFO - Started process (PID=231) to work on /home/airflow/.local/lib/python3.9/site-packages/airflow/example_dags/example_dag_decorator.py
[2025-02-01T11:59:42.904+0000] {processor.py:914} INFO - Processing file /home/airflow/.local/lib/python3.9/site-packages/airflow/example_dags/example_dag_decorator.py for tasks to queue
[2025-02-01T11:59:42.906+0000] {logging_mixin.py:190} INFO - [2025-02-01T11:59:42.906+0000] {dagbag.py:588} INFO - Filling up the DagBag from /home/airflow/.local/lib/python3.9/site-packages/airflow/example_dags/example_dag_decorator.py
[2025-02-01T11:59:42.919+0000] {processor.py:925} INFO - DAG(s) 'example_dag_decorator' retrieved from /home/airflow/.local/lib/python3.9/site-packages/airflow/example_dags/example_dag_decorator.py
[2025-02-01T11:59:43.069+0000] {logging_mixin.py:190} INFO - [2025-02-01T11:59:43.069+0000] {dag.py:3239} INFO - Sync 1 DAGs
[2025-02-01T11:59:43.084+0000] {logging_mixin.py:190} INFO - [2025-02-01T11:59:43.083+0000] {dag.py:4180} INFO - Setting next_dagrun for example_dag_decorator to None, run_after=None
[2025-02-01T11:59:43.102+0000] {processor.py:208} INFO - Processing /home/airflow/.local/lib/python3.9/site-packages/airflow/example_dags/example_dag_decorator.py took 0.206 seconds
[2025-02-01T12:00:16.280+0000] {processor.py:186} INFO - Started process (PID=294) to work on /home/airflow/.local/lib/python3.9/site-packages/airflow/example_dags/example_dag_decorator.py
[2025-02-01T12:00:16.300+0000] {processor.py:914} INFO - Processing file /home/airflow/.local/lib/python3.9/site-packages/airflow/example_dags/example_dag_decorator.py for tasks to queue
[2025-02-01T12:00:16.308+0000] {logging_mixin.py:190} INFO - [2025-02-01T12:00:16.307+0000] {dagbag.py:588} INFO - Filling up the DagBag from /home/airflow/.local/lib/python3.9/site-packages/airflow/example_dags/example_dag_decorator.py
[2025-02-01T12:00:16.343+0000] {processor.py:925} INFO - DAG(s) 'example_dag_decorator' retrieved from /home/airflow/.local/lib/python3.9/site-packages/airflow/example_dags/example_dag_decorator.py
[2025-02-01T12:00:16.641+0000] {logging_mixin.py:190} INFO - [2025-02-01T12:00:16.641+0000] {dag.py:3239} INFO - Sync 1 DAGs
[2025-02-01T12:00:16.657+0000] {logging_mixin.py:190} INFO - [2025-02-01T12:00:16.656+0000] {dag.py:4180} INFO - Setting next_dagrun for example_dag_decorator to None, run_after=None
[2025-02-01T12:00:16.683+0000] {processor.py:208} INFO - Processing /home/airflow/.local/lib/python3.9/site-packages/airflow/example_dags/example_dag_decorator.py took 0.410 seconds
[2025-02-01T12:00:48.578+0000] {processor.py:186} INFO - Started process (PID=358) to work on /home/airflow/.local/lib/python3.9/site-packages/airflow/example_dags/example_dag_decorator.py
[2025-02-01T12:00:48.589+0000] {processor.py:914} INFO - Processing file /home/airflow/.local/lib/python3.9/site-packages/airflow/example_dags/example_dag_decorator.py for tasks to queue
[2025-02-01T12:00:48.611+0000] {logging_mixin.py:190} INFO - [2025-02-01T12:00:48.610+0000] {dagbag.py:588} INFO - Filling up the DagBag from /home/airflow/.local/lib/python3.9/site-packages/airflow/example_dags/example_dag_decorator.py
[2025-02-01T12:00:48.698+0000] {processor.py:925} INFO - DAG(s) 'example_dag_decorator' retrieved from /home/airflow/.local/lib/python3.9/site-packages/airflow/example_dags/example_dag_decorator.py
[2025-02-01T12:00:49.127+0000] {logging_mixin.py:190} INFO - [2025-02-01T12:00:49.127+0000] {dag.py:3239} INFO - Sync 1 DAGs
[2025-02-01T12:00:49.183+0000] {logging_mixin.py:190} INFO - [2025-02-01T12:00:49.183+0000] {dag.py:4180} INFO - Setting next_dagrun for example_dag_decorator to None, run_after=None
[2025-02-01T12:00:49.267+0000] {processor.py:208} INFO - Processing /home/airflow/.local/lib/python3.9/site-packages/airflow/example_dags/example_dag_decorator.py took 0.739 seconds
[2025-02-01T12:01:20.785+0000] {processor.py:186} INFO - Started process (PID=424) to work on /home/airflow/.local/lib/python3.9/site-packages/airflow/example_dags/example_dag_decorator.py
[2025-02-01T12:01:20.787+0000] {processor.py:914} INFO - Processing file /home/airflow/.local/lib/python3.9/site-packages/airflow/example_dags/example_dag_decorator.py for tasks to queue
[2025-02-01T12:01:20.790+0000] {logging_mixin.py:190} INFO - [2025-02-01T12:01:20.789+0000] {dagbag.py:588} INFO - Filling up the DagBag from /home/airflow/.local/lib/python3.9/site-packages/airflow/example_dags/example_dag_decorator.py
[2025-02-01T12:01:20.804+0000] {processor.py:925} INFO - DAG(s) 'example_dag_decorator' retrieved from /home/airflow/.local/lib/python3.9/site-packages/airflow/example_dags/example_dag_decorator.py
[2025-02-01T12:01:20.972+0000] {logging_mixin.py:190} INFO - [2025-02-01T12:01:20.972+0000] {dag.py:3239} INFO - Sync 1 DAGs
[2025-02-01T12:01:20.986+0000] {logging_mixin.py:190} INFO - [2025-02-01T12:01:20.986+0000] {dag.py:4180} INFO - Setting next_dagrun for example_dag_decorator to None, run_after=None
[2025-02-01T12:01:21.004+0000] {processor.py:208} INFO - Processing /home/airflow/.local/lib/python3.9/site-packages/airflow/example_dags/example_dag_decorator.py took 0.225 seconds
[2025-02-01T12:01:51.850+0000] {processor.py:186} INFO - Started process (PID=487) to work on /home/airflow/.local/lib/python3.9/site-packages/airflow/example_dags/example_dag_decorator.py
[2025-02-01T12:01:51.851+0000] {processor.py:914} INFO - Processing file /home/airflow/.local/lib/python3.9/site-packages/airflow/example_dags/example_dag_decorator.py for tasks to queue
[2025-02-01T12:01:51.853+0000] {logging_mixin.py:190} INFO - [2025-02-01T12:01:51.852+0000] {dagbag.py:588} INFO - Filling up the DagBag from /home/airflow/.local/lib/python3.9/site-packages/airflow/example_dags/example_dag_decorator.py
[2025-02-01T12:01:51.865+0000] {processor.py:925} INFO - DAG(s) 'example_dag_decorator' retrieved from /home/airflow/.local/lib/python3.9/site-packages/airflow/example_dags/example_dag_decorator.py
[2025-02-01T12:01:52.070+0000] {logging_mixin.py:190} INFO - [2025-02-01T12:01:52.069+0000] {dag.py:3239} INFO - Sync 1 DAGs
[2025-02-01T12:01:52.085+0000] {logging_mixin.py:190} INFO - [2025-02-01T12:01:52.084+0000] {dag.py:4180} INFO - Setting next_dagrun for example_dag_decorator to None, run_after=None
[2025-02-01T12:01:52.107+0000] {processor.py:208} INFO - Processing /home/airflow/.local/lib/python3.9/site-packages/airflow/example_dags/example_dag_decorator.py took 0.264 seconds
[2025-02-01T12:02:22.690+0000] {processor.py:186} INFO - Started process (PID=551) to work on /home/airflow/.local/lib/python3.9/site-packages/airflow/example_dags/example_dag_decorator.py
[2025-02-01T12:02:22.691+0000] {processor.py:914} INFO - Processing file /home/airflow/.local/lib/python3.9/site-packages/airflow/example_dags/example_dag_decorator.py for tasks to queue
[2025-02-01T12:02:22.693+0000] {logging_mixin.py:190} INFO - [2025-02-01T12:02:22.692+0000] {dagbag.py:588} INFO - Filling up the DagBag from /home/airflow/.local/lib/python3.9/site-packages/airflow/example_dags/example_dag_decorator.py
[2025-02-01T12:02:22.729+0000] {processor.py:925} INFO - DAG(s) 'example_dag_decorator' retrieved from /home/airflow/.local/lib/python3.9/site-packages/airflow/example_dags/example_dag_decorator.py
[2025-02-01T12:02:22.884+0000] {logging_mixin.py:190} INFO - [2025-02-01T12:02:22.883+0000] {dag.py:3239} INFO - Sync 1 DAGs
[2025-02-01T12:02:22.899+0000] {logging_mixin.py:190} INFO - [2025-02-01T12:02:22.898+0000] {dag.py:4180} INFO - Setting next_dagrun for example_dag_decorator to None, run_after=None
[2025-02-01T12:02:22.918+0000] {processor.py:208} INFO - Processing /home/airflow/.local/lib/python3.9/site-packages/airflow/example_dags/example_dag_decorator.py took 0.235 seconds
[2025-02-01T12:02:53.018+0000] {processor.py:186} INFO - Started process (PID=612) to work on /home/airflow/.local/lib/python3.9/site-packages/airflow/example_dags/example_dag_decorator.py
[2025-02-01T12:02:53.019+0000] {processor.py:914} INFO - Processing file /home/airflow/.local/lib/python3.9/site-packages/airflow/example_dags/example_dag_decorator.py for tasks to queue
[2025-02-01T12:02:53.021+0000] {logging_mixin.py:190} INFO - [2025-02-01T12:02:53.021+0000] {dagbag.py:588} INFO - Filling up the DagBag from /home/airflow/.local/lib/python3.9/site-packages/airflow/example_dags/example_dag_decorator.py
[2025-02-01T12:02:53.033+0000] {processor.py:925} INFO - DAG(s) 'example_dag_decorator' retrieved from /home/airflow/.local/lib/python3.9/site-packages/airflow/example_dags/example_dag_decorator.py
[2025-02-01T12:02:53.170+0000] {logging_mixin.py:190} INFO - [2025-02-01T12:02:53.170+0000] {dag.py:3239} INFO - Sync 1 DAGs
[2025-02-01T12:02:53.184+0000] {logging_mixin.py:190} INFO - [2025-02-01T12:02:53.184+0000] {dag.py:4180} INFO - Setting next_dagrun for example_dag_decorator to None, run_after=None
[2025-02-01T12:02:53.202+0000] {processor.py:208} INFO - Processing /home/airflow/.local/lib/python3.9/site-packages/airflow/example_dags/example_dag_decorator.py took 0.190 seconds
[2025-02-01T12:03:23.521+0000] {processor.py:186} INFO - Started process (PID=673) to work on /home/airflow/.local/lib/python3.9/site-packages/airflow/example_dags/example_dag_decorator.py
[2025-02-01T12:03:23.522+0000] {processor.py:914} INFO - Processing file /home/airflow/.local/lib/python3.9/site-packages/airflow/example_dags/example_dag_decorator.py for tasks to queue
[2025-02-01T12:03:23.532+0000] {logging_mixin.py:190} INFO - [2025-02-01T12:03:23.532+0000] {dagbag.py:588} INFO - Filling up the DagBag from /home/airflow/.local/lib/python3.9/site-packages/airflow/example_dags/example_dag_decorator.py
[2025-02-01T12:03:23.562+0000] {processor.py:925} INFO - DAG(s) 'example_dag_decorator' retrieved from /home/airflow/.local/lib/python3.9/site-packages/airflow/example_dags/example_dag_decorator.py
[2025-02-01T12:03:23.814+0000] {logging_mixin.py:190} INFO - [2025-02-01T12:03:23.814+0000] {dag.py:3239} INFO - Sync 1 DAGs
[2025-02-01T12:03:23.832+0000] {logging_mixin.py:190} INFO - [2025-02-01T12:03:23.831+0000] {dag.py:4180} INFO - Setting next_dagrun for example_dag_decorator to None, run_after=None
[2025-02-01T12:03:23.850+0000] {processor.py:208} INFO - Processing /home/airflow/.local/lib/python3.9/site-packages/airflow/example_dags/example_dag_decorator.py took 0.342 seconds
[2025-02-01T12:03:54.509+0000] {processor.py:186} INFO - Started process (PID=742) to work on /home/airflow/.local/lib/python3.9/site-packages/airflow/example_dags/example_dag_decorator.py
[2025-02-01T12:03:54.510+0000] {processor.py:914} INFO - Processing file /home/airflow/.local/lib/python3.9/site-packages/airflow/example_dags/example_dag_decorator.py for tasks to queue
[2025-02-01T12:03:54.512+0000] {logging_mixin.py:190} INFO - [2025-02-01T12:03:54.512+0000] {dagbag.py:588} INFO - Filling up the DagBag from /home/airflow/.local/lib/python3.9/site-packages/airflow/example_dags/example_dag_decorator.py
[2025-02-01T12:03:54.524+0000] {processor.py:925} INFO - DAG(s) 'example_dag_decorator' retrieved from /home/airflow/.local/lib/python3.9/site-packages/airflow/example_dags/example_dag_decorator.py
[2025-02-01T12:03:54.661+0000] {logging_mixin.py:190} INFO - [2025-02-01T12:03:54.661+0000] {dag.py:3239} INFO - Sync 1 DAGs
[2025-02-01T12:03:54.676+0000] {logging_mixin.py:190} INFO - [2025-02-01T12:03:54.676+0000] {dag.py:4180} INFO - Setting next_dagrun for example_dag_decorator to None, run_after=None
[2025-02-01T12:03:54.704+0000] {processor.py:208} INFO - Processing /home/airflow/.local/lib/python3.9/site-packages/airflow/example_dags/example_dag_decorator.py took 0.201 seconds
[2025-02-01T12:04:25.084+0000] {processor.py:186} INFO - Started process (PID=806) to work on /home/airflow/.local/lib/python3.9/site-packages/airflow/example_dags/example_dag_decorator.py
[2025-02-01T12:04:25.085+0000] {processor.py:914} INFO - Processing file /home/airflow/.local/lib/python3.9/site-packages/airflow/example_dags/example_dag_decorator.py for tasks to queue
[2025-02-01T12:04:25.087+0000] {logging_mixin.py:190} INFO - [2025-02-01T12:04:25.087+0000] {dagbag.py:588} INFO - Filling up the DagBag from /home/airflow/.local/lib/python3.9/site-packages/airflow/example_dags/example_dag_decorator.py
[2025-02-01T12:04:25.099+0000] {processor.py:925} INFO - DAG(s) 'example_dag_decorator' retrieved from /home/airflow/.local/lib/python3.9/site-packages/airflow/example_dags/example_dag_decorator.py
[2025-02-01T12:04:25.234+0000] {logging_mixin.py:190} INFO - [2025-02-01T12:04:25.234+0000] {dag.py:3239} INFO - Sync 1 DAGs
[2025-02-01T12:04:25.248+0000] {logging_mixin.py:190} INFO - [2025-02-01T12:04:25.248+0000] {dag.py:4180} INFO - Setting next_dagrun for example_dag_decorator to None, run_after=None
[2025-02-01T12:04:25.265+0000] {processor.py:208} INFO - Processing /home/airflow/.local/lib/python3.9/site-packages/airflow/example_dags/example_dag_decorator.py took 0.188 seconds
[2025-02-01T12:04:55.871+0000] {processor.py:186} INFO - Started process (PID=868) to work on /home/airflow/.local/lib/python3.9/site-packages/airflow/example_dags/example_dag_decorator.py
[2025-02-01T12:04:55.872+0000] {processor.py:914} INFO - Processing file /home/airflow/.local/lib/python3.9/site-packages/airflow/example_dags/example_dag_decorator.py for tasks to queue
[2025-02-01T12:04:55.874+0000] {logging_mixin.py:190} INFO - [2025-02-01T12:04:55.874+0000] {dagbag.py:588} INFO - Filling up the DagBag from /home/airflow/.local/lib/python3.9/site-packages/airflow/example_dags/example_dag_decorator.py
[2025-02-01T12:04:55.886+0000] {processor.py:925} INFO - DAG(s) 'example_dag_decorator' retrieved from /home/airflow/.local/lib/python3.9/site-packages/airflow/example_dags/example_dag_decorator.py
[2025-02-01T12:04:56.010+0000] {logging_mixin.py:190} INFO - [2025-02-01T12:04:56.010+0000] {dag.py:3239} INFO - Sync 1 DAGs
[2025-02-01T12:04:56.026+0000] {logging_mixin.py:190} INFO - [2025-02-01T12:04:56.026+0000] {dag.py:4180} INFO - Setting next_dagrun for example_dag_decorator to None, run_after=None
[2025-02-01T12:04:56.044+0000] {processor.py:208} INFO - Processing /home/airflow/.local/lib/python3.9/site-packages/airflow/example_dags/example_dag_decorator.py took 0.179 seconds
[2025-02-01T12:05:26.721+0000] {processor.py:186} INFO - Started process (PID=931) to work on /home/airflow/.local/lib/python3.9/site-packages/airflow/example_dags/example_dag_decorator.py
[2025-02-01T12:05:26.722+0000] {processor.py:914} INFO - Processing file /home/airflow/.local/lib/python3.9/site-packages/airflow/example_dags/example_dag_decorator.py for tasks to queue
[2025-02-01T12:05:26.725+0000] {logging_mixin.py:190} INFO - [2025-02-01T12:05:26.725+0000] {dagbag.py:588} INFO - Filling up the DagBag from /home/airflow/.local/lib/python3.9/site-packages/airflow/example_dags/example_dag_decorator.py
[2025-02-01T12:05:26.746+0000] {processor.py:925} INFO - DAG(s) 'example_dag_decorator' retrieved from /home/airflow/.local/lib/python3.9/site-packages/airflow/example_dags/example_dag_decorator.py
[2025-02-01T12:05:26.992+0000] {logging_mixin.py:190} INFO - [2025-02-01T12:05:26.992+0000] {dag.py:3239} INFO - Sync 1 DAGs
[2025-02-01T12:05:27.021+0000] {logging_mixin.py:190} INFO - [2025-02-01T12:05:27.020+0000] {dag.py:4180} INFO - Setting next_dagrun for example_dag_decorator to None, run_after=None
[2025-02-01T12:05:27.067+0000] {processor.py:208} INFO - Processing /home/airflow/.local/lib/python3.9/site-packages/airflow/example_dags/example_dag_decorator.py took 0.353 seconds
[2025-02-01T12:05:57.335+0000] {processor.py:186} INFO - Started process (PID=996) to work on /home/airflow/.local/lib/python3.9/site-packages/airflow/example_dags/example_dag_decorator.py
[2025-02-01T12:05:57.336+0000] {processor.py:914} INFO - Processing file /home/airflow/.local/lib/python3.9/site-packages/airflow/example_dags/example_dag_decorator.py for tasks to queue
[2025-02-01T12:05:57.338+0000] {logging_mixin.py:190} INFO - [2025-02-01T12:05:57.338+0000] {dagbag.py:588} INFO - Filling up the DagBag from /home/airflow/.local/lib/python3.9/site-packages/airflow/example_dags/example_dag_decorator.py
[2025-02-01T12:05:57.350+0000] {processor.py:925} INFO - DAG(s) 'example_dag_decorator' retrieved from /home/airflow/.local/lib/python3.9/site-packages/airflow/example_dags/example_dag_decorator.py
[2025-02-01T12:05:57.480+0000] {logging_mixin.py:190} INFO - [2025-02-01T12:05:57.480+0000] {dag.py:3239} INFO - Sync 1 DAGs
[2025-02-01T12:05:57.494+0000] {logging_mixin.py:190} INFO - [2025-02-01T12:05:57.494+0000] {dag.py:4180} INFO - Setting next_dagrun for example_dag_decorator to None, run_after=None
[2025-02-01T12:05:57.514+0000] {processor.py:208} INFO - Processing /home/airflow/.local/lib/python3.9/site-packages/airflow/example_dags/example_dag_decorator.py took 0.187 seconds
[2025-02-01T12:06:28.752+0000] {processor.py:186} INFO - Started process (PID=1061) to work on /home/airflow/.local/lib/python3.9/site-packages/airflow/example_dags/example_dag_decorator.py
[2025-02-01T12:06:28.753+0000] {processor.py:914} INFO - Processing file /home/airflow/.local/lib/python3.9/site-packages/airflow/example_dags/example_dag_decorator.py for tasks to queue
[2025-02-01T12:06:28.755+0000] {logging_mixin.py:190} INFO - [2025-02-01T12:06:28.755+0000] {dagbag.py:588} INFO - Filling up the DagBag from /home/airflow/.local/lib/python3.9/site-packages/airflow/example_dags/example_dag_decorator.py
[2025-02-01T12:06:28.767+0000] {processor.py:925} INFO - DAG(s) 'example_dag_decorator' retrieved from /home/airflow/.local/lib/python3.9/site-packages/airflow/example_dags/example_dag_decorator.py
[2025-02-01T12:06:28.995+0000] {logging_mixin.py:190} INFO - [2025-02-01T12:06:28.994+0000] {dag.py:3239} INFO - Sync 1 DAGs
[2025-02-01T12:06:29.026+0000] {logging_mixin.py:190} INFO - [2025-02-01T12:06:29.025+0000] {dag.py:4180} INFO - Setting next_dagrun for example_dag_decorator to None, run_after=None
[2025-02-01T12:06:29.083+0000] {processor.py:208} INFO - Processing /home/airflow/.local/lib/python3.9/site-packages/airflow/example_dags/example_dag_decorator.py took 0.339 seconds
[2025-02-01T12:06:59.596+0000] {processor.py:186} INFO - Started process (PID=1125) to work on /home/airflow/.local/lib/python3.9/site-packages/airflow/example_dags/example_dag_decorator.py
[2025-02-01T12:06:59.603+0000] {processor.py:914} INFO - Processing file /home/airflow/.local/lib/python3.9/site-packages/airflow/example_dags/example_dag_decorator.py for tasks to queue
[2025-02-01T12:06:59.609+0000] {logging_mixin.py:190} INFO - [2025-02-01T12:06:59.609+0000] {dagbag.py:588} INFO - Filling up the DagBag from /home/airflow/.local/lib/python3.9/site-packages/airflow/example_dags/example_dag_decorator.py
[2025-02-01T12:06:59.714+0000] {processor.py:925} INFO - DAG(s) 'example_dag_decorator' retrieved from /home/airflow/.local/lib/python3.9/site-packages/airflow/example_dags/example_dag_decorator.py
[2025-02-01T12:07:00.211+0000] {logging_mixin.py:190} INFO - [2025-02-01T12:07:00.211+0000] {dag.py:3239} INFO - Sync 1 DAGs
[2025-02-01T12:07:00.242+0000] {logging_mixin.py:190} INFO - [2025-02-01T12:07:00.241+0000] {dag.py:4180} INFO - Setting next_dagrun for example_dag_decorator to None, run_after=None
[2025-02-01T12:07:00.276+0000] {processor.py:208} INFO - Processing /home/airflow/.local/lib/python3.9/site-packages/airflow/example_dags/example_dag_decorator.py took 0.696 seconds
[2025-02-01T12:07:30.464+0000] {processor.py:186} INFO - Started process (PID=1187) to work on /home/airflow/.local/lib/python3.9/site-packages/airflow/example_dags/example_dag_decorator.py
[2025-02-01T12:07:30.465+0000] {processor.py:914} INFO - Processing file /home/airflow/.local/lib/python3.9/site-packages/airflow/example_dags/example_dag_decorator.py for tasks to queue
[2025-02-01T12:07:30.468+0000] {logging_mixin.py:190} INFO - [2025-02-01T12:07:30.467+0000] {dagbag.py:588} INFO - Filling up the DagBag from /home/airflow/.local/lib/python3.9/site-packages/airflow/example_dags/example_dag_decorator.py
[2025-02-01T12:07:30.483+0000] {processor.py:925} INFO - DAG(s) 'example_dag_decorator' retrieved from /home/airflow/.local/lib/python3.9/site-packages/airflow/example_dags/example_dag_decorator.py
[2025-02-01T12:07:30.779+0000] {logging_mixin.py:190} INFO - [2025-02-01T12:07:30.779+0000] {dag.py:3239} INFO - Sync 1 DAGs
[2025-02-01T12:07:30.796+0000] {logging_mixin.py:190} INFO - [2025-02-01T12:07:30.796+0000] {dag.py:4180} INFO - Setting next_dagrun for example_dag_decorator to None, run_after=None
[2025-02-01T12:07:30.822+0000] {processor.py:208} INFO - Processing /home/airflow/.local/lib/python3.9/site-packages/airflow/example_dags/example_dag_decorator.py took 0.365 seconds
[2025-02-01T12:08:00.894+0000] {processor.py:186} INFO - Started process (PID=1252) to work on /home/airflow/.local/lib/python3.9/site-packages/airflow/example_dags/example_dag_decorator.py
[2025-02-01T12:08:00.894+0000] {processor.py:914} INFO - Processing file /home/airflow/.local/lib/python3.9/site-packages/airflow/example_dags/example_dag_decorator.py for tasks to queue
[2025-02-01T12:08:00.897+0000] {logging_mixin.py:190} INFO - [2025-02-01T12:08:00.896+0000] {dagbag.py:588} INFO - Filling up the DagBag from /home/airflow/.local/lib/python3.9/site-packages/airflow/example_dags/example_dag_decorator.py
[2025-02-01T12:08:00.909+0000] {processor.py:925} INFO - DAG(s) 'example_dag_decorator' retrieved from /home/airflow/.local/lib/python3.9/site-packages/airflow/example_dags/example_dag_decorator.py
[2025-02-01T12:08:01.074+0000] {logging_mixin.py:190} INFO - [2025-02-01T12:08:01.074+0000] {dag.py:3239} INFO - Sync 1 DAGs
[2025-02-01T12:08:01.088+0000] {logging_mixin.py:190} INFO - [2025-02-01T12:08:01.088+0000] {dag.py:4180} INFO - Setting next_dagrun for example_dag_decorator to None, run_after=None
[2025-02-01T12:08:01.152+0000] {processor.py:208} INFO - Processing /home/airflow/.local/lib/python3.9/site-packages/airflow/example_dags/example_dag_decorator.py took 0.265 seconds
[2025-02-01T12:08:31.239+0000] {processor.py:186} INFO - Started process (PID=1314) to work on /home/airflow/.local/lib/python3.9/site-packages/airflow/example_dags/example_dag_decorator.py
[2025-02-01T12:08:31.241+0000] {processor.py:914} INFO - Processing file /home/airflow/.local/lib/python3.9/site-packages/airflow/example_dags/example_dag_decorator.py for tasks to queue
[2025-02-01T12:08:31.243+0000] {logging_mixin.py:190} INFO - [2025-02-01T12:08:31.243+0000] {dagbag.py:588} INFO - Filling up the DagBag from /home/airflow/.local/lib/python3.9/site-packages/airflow/example_dags/example_dag_decorator.py
[2025-02-01T12:08:31.256+0000] {processor.py:925} INFO - DAG(s) 'example_dag_decorator' retrieved from /home/airflow/.local/lib/python3.9/site-packages/airflow/example_dags/example_dag_decorator.py
[2025-02-01T12:08:31.391+0000] {logging_mixin.py:190} INFO - [2025-02-01T12:08:31.391+0000] {dag.py:3239} INFO - Sync 1 DAGs
[2025-02-01T12:08:31.405+0000] {logging_mixin.py:190} INFO - [2025-02-01T12:08:31.405+0000] {dag.py:4180} INFO - Setting next_dagrun for example_dag_decorator to None, run_after=None
[2025-02-01T12:08:31.423+0000] {processor.py:208} INFO - Processing /home/airflow/.local/lib/python3.9/site-packages/airflow/example_dags/example_dag_decorator.py took 0.190 seconds
[2025-02-01T12:09:01.656+0000] {processor.py:186} INFO - Started process (PID=1377) to work on /home/airflow/.local/lib/python3.9/site-packages/airflow/example_dags/example_dag_decorator.py
[2025-02-01T12:09:01.657+0000] {processor.py:914} INFO - Processing file /home/airflow/.local/lib/python3.9/site-packages/airflow/example_dags/example_dag_decorator.py for tasks to queue
[2025-02-01T12:09:01.659+0000] {logging_mixin.py:190} INFO - [2025-02-01T12:09:01.659+0000] {dagbag.py:588} INFO - Filling up the DagBag from /home/airflow/.local/lib/python3.9/site-packages/airflow/example_dags/example_dag_decorator.py
[2025-02-01T12:09:01.672+0000] {processor.py:925} INFO - DAG(s) 'example_dag_decorator' retrieved from /home/airflow/.local/lib/python3.9/site-packages/airflow/example_dags/example_dag_decorator.py
[2025-02-01T12:09:01.800+0000] {logging_mixin.py:190} INFO - [2025-02-01T12:09:01.799+0000] {dag.py:3239} INFO - Sync 1 DAGs
[2025-02-01T12:09:01.814+0000] {logging_mixin.py:190} INFO - [2025-02-01T12:09:01.814+0000] {dag.py:4180} INFO - Setting next_dagrun for example_dag_decorator to None, run_after=None
[2025-02-01T12:09:01.832+0000] {processor.py:208} INFO - Processing /home/airflow/.local/lib/python3.9/site-packages/airflow/example_dags/example_dag_decorator.py took 0.182 seconds
[2025-02-01T12:09:32.736+0000] {processor.py:186} INFO - Started process (PID=1440) to work on /home/airflow/.local/lib/python3.9/site-packages/airflow/example_dags/example_dag_decorator.py
[2025-02-01T12:09:32.739+0000] {processor.py:914} INFO - Processing file /home/airflow/.local/lib/python3.9/site-packages/airflow/example_dags/example_dag_decorator.py for tasks to queue
[2025-02-01T12:09:32.741+0000] {logging_mixin.py:190} INFO - [2025-02-01T12:09:32.741+0000] {dagbag.py:588} INFO - Filling up the DagBag from /home/airflow/.local/lib/python3.9/site-packages/airflow/example_dags/example_dag_decorator.py
[2025-02-01T12:09:32.754+0000] {processor.py:925} INFO - DAG(s) 'example_dag_decorator' retrieved from /home/airflow/.local/lib/python3.9/site-packages/airflow/example_dags/example_dag_decorator.py
[2025-02-01T12:09:32.965+0000] {logging_mixin.py:190} INFO - [2025-02-01T12:09:32.965+0000] {dag.py:3239} INFO - Sync 1 DAGs
[2025-02-01T12:09:32.994+0000] {logging_mixin.py:190} INFO - [2025-02-01T12:09:32.993+0000] {dag.py:4180} INFO - Setting next_dagrun for example_dag_decorator to None, run_after=None
[2025-02-01T12:09:33.016+0000] {processor.py:208} INFO - Processing /home/airflow/.local/lib/python3.9/site-packages/airflow/example_dags/example_dag_decorator.py took 0.294 seconds
