[2025-02-01T11:58:41.766+0000] {processor.py:186} INFO - Started process (PID=112) to work on /home/airflow/.local/lib/python3.9/site-packages/airflow/example_dags/example_setup_teardown.py
[2025-02-01T11:58:41.767+0000] {processor.py:914} INFO - Processing file /home/airflow/.local/lib/python3.9/site-packages/airflow/example_dags/example_setup_teardown.py for tasks to queue
[2025-02-01T11:58:41.770+0000] {logging_mixin.py:190} INFO - [2025-02-01T11:58:41.769+0000] {dagbag.py:588} INFO - Filling up the DagBag from /home/airflow/.local/lib/python3.9/site-packages/airflow/example_dags/example_setup_teardown.py
[2025-02-01T11:58:41.781+0000] {processor.py:925} INFO - DAG(s) 'example_setup_teardown' retrieved from /home/airflow/.local/lib/python3.9/site-packages/airflow/example_dags/example_setup_teardown.py
[2025-02-01T11:58:41.940+0000] {logging_mixin.py:190} INFO - [2025-02-01T11:58:41.938+0000] {override.py:1911} INFO - Created Permission View: can edit on DAG:example_setup_teardown
[2025-02-01T11:58:41.980+0000] {logging_mixin.py:190} INFO - [2025-02-01T11:58:41.980+0000] {override.py:1911} INFO - Created Permission View: can delete on DAG:example_setup_teardown
[2025-02-01T11:58:41.995+0000] {logging_mixin.py:190} INFO - [2025-02-01T11:58:41.994+0000] {override.py:1911} INFO - Created Permission View: can read on DAG:example_setup_teardown
[2025-02-01T11:58:42.006+0000] {logging_mixin.py:190} INFO - [2025-02-01T11:58:42.005+0000] {override.py:1911} INFO - Created Permission View: can create on DAG Run:example_setup_teardown
[2025-02-01T11:58:42.013+0000] {logging_mixin.py:190} INFO - [2025-02-01T11:58:42.012+0000] {override.py:1911} INFO - Created Permission View: can delete on DAG Run:example_setup_teardown
[2025-02-01T11:58:42.027+0000] {logging_mixin.py:190} INFO - [2025-02-01T11:58:42.027+0000] {override.py:1911} INFO - Created Permission View: can read on DAG Run:example_setup_teardown
[2025-02-01T11:58:42.040+0000] {logging_mixin.py:190} INFO - [2025-02-01T11:58:42.040+0000] {override.py:1911} INFO - Created Permission View: menu access on DAG Run:example_setup_teardown
[2025-02-01T11:58:42.041+0000] {logging_mixin.py:190} INFO - [2025-02-01T11:58:42.041+0000] {dag.py:3239} INFO - Sync 1 DAGs
[2025-02-01T11:58:42.061+0000] {logging_mixin.py:190} INFO - [2025-02-01T11:58:42.061+0000] {dag.py:3262} INFO - Creating ORM DAG for example_setup_teardown
[2025-02-01T11:58:42.062+0000] {logging_mixin.py:190} INFO - [2025-02-01T11:58:42.062+0000] {dag.py:4180} INFO - Setting next_dagrun for example_setup_teardown to None, run_after=None
[2025-02-01T11:58:42.090+0000] {processor.py:208} INFO - Processing /home/airflow/.local/lib/python3.9/site-packages/airflow/example_dags/example_setup_teardown.py took 0.331 seconds
[2025-02-01T11:59:12.724+0000] {processor.py:186} INFO - Started process (PID=175) to work on /home/airflow/.local/lib/python3.9/site-packages/airflow/example_dags/example_setup_teardown.py
[2025-02-01T11:59:12.724+0000] {processor.py:914} INFO - Processing file /home/airflow/.local/lib/python3.9/site-packages/airflow/example_dags/example_setup_teardown.py for tasks to queue
[2025-02-01T11:59:12.726+0000] {logging_mixin.py:190} INFO - [2025-02-01T11:59:12.726+0000] {dagbag.py:588} INFO - Filling up the DagBag from /home/airflow/.local/lib/python3.9/site-packages/airflow/example_dags/example_setup_teardown.py
[2025-02-01T11:59:12.732+0000] {processor.py:925} INFO - DAG(s) 'example_setup_teardown' retrieved from /home/airflow/.local/lib/python3.9/site-packages/airflow/example_dags/example_setup_teardown.py
[2025-02-01T11:59:12.747+0000] {logging_mixin.py:190} INFO - [2025-02-01T11:59:12.747+0000] {dag.py:3239} INFO - Sync 1 DAGs
[2025-02-01T11:59:12.757+0000] {logging_mixin.py:190} INFO - [2025-02-01T11:59:12.757+0000] {dag.py:4180} INFO - Setting next_dagrun for example_setup_teardown to None, run_after=None
[2025-02-01T11:59:12.769+0000] {processor.py:208} INFO - Processing /home/airflow/.local/lib/python3.9/site-packages/airflow/example_dags/example_setup_teardown.py took 0.050 seconds
[2025-02-01T11:59:43.427+0000] {processor.py:186} INFO - Started process (PID=239) to work on /home/airflow/.local/lib/python3.9/site-packages/airflow/example_dags/example_setup_teardown.py
[2025-02-01T11:59:43.428+0000] {processor.py:914} INFO - Processing file /home/airflow/.local/lib/python3.9/site-packages/airflow/example_dags/example_setup_teardown.py for tasks to queue
[2025-02-01T11:59:43.430+0000] {logging_mixin.py:190} INFO - [2025-02-01T11:59:43.430+0000] {dagbag.py:588} INFO - Filling up the DagBag from /home/airflow/.local/lib/python3.9/site-packages/airflow/example_dags/example_setup_teardown.py
[2025-02-01T11:59:43.439+0000] {processor.py:925} INFO - DAG(s) 'example_setup_teardown' retrieved from /home/airflow/.local/lib/python3.9/site-packages/airflow/example_dags/example_setup_teardown.py
[2025-02-01T11:59:43.460+0000] {logging_mixin.py:190} INFO - [2025-02-01T11:59:43.460+0000] {dag.py:3239} INFO - Sync 1 DAGs
[2025-02-01T11:59:43.477+0000] {logging_mixin.py:190} INFO - [2025-02-01T11:59:43.477+0000] {dag.py:4180} INFO - Setting next_dagrun for example_setup_teardown to None, run_after=None
[2025-02-01T11:59:43.497+0000] {processor.py:208} INFO - Processing /home/airflow/.local/lib/python3.9/site-packages/airflow/example_dags/example_setup_teardown.py took 0.077 seconds
[2025-02-01T12:00:17.560+0000] {processor.py:186} INFO - Started process (PID=304) to work on /home/airflow/.local/lib/python3.9/site-packages/airflow/example_dags/example_setup_teardown.py
[2025-02-01T12:00:17.561+0000] {processor.py:914} INFO - Processing file /home/airflow/.local/lib/python3.9/site-packages/airflow/example_dags/example_setup_teardown.py for tasks to queue
[2025-02-01T12:00:17.568+0000] {logging_mixin.py:190} INFO - [2025-02-01T12:00:17.567+0000] {dagbag.py:588} INFO - Filling up the DagBag from /home/airflow/.local/lib/python3.9/site-packages/airflow/example_dags/example_setup_teardown.py
[2025-02-01T12:00:17.582+0000] {processor.py:925} INFO - DAG(s) 'example_setup_teardown' retrieved from /home/airflow/.local/lib/python3.9/site-packages/airflow/example_dags/example_setup_teardown.py
[2025-02-01T12:00:17.616+0000] {logging_mixin.py:190} INFO - [2025-02-01T12:00:17.616+0000] {dag.py:3239} INFO - Sync 1 DAGs
[2025-02-01T12:00:17.641+0000] {logging_mixin.py:190} INFO - [2025-02-01T12:00:17.640+0000] {dag.py:4180} INFO - Setting next_dagrun for example_setup_teardown to None, run_after=None
[2025-02-01T12:00:17.682+0000] {processor.py:208} INFO - Processing /home/airflow/.local/lib/python3.9/site-packages/airflow/example_dags/example_setup_teardown.py took 0.136 seconds
[2025-02-01T12:00:50.681+0000] {processor.py:186} INFO - Started process (PID=369) to work on /home/airflow/.local/lib/python3.9/site-packages/airflow/example_dags/example_setup_teardown.py
[2025-02-01T12:00:50.684+0000] {processor.py:914} INFO - Processing file /home/airflow/.local/lib/python3.9/site-packages/airflow/example_dags/example_setup_teardown.py for tasks to queue
[2025-02-01T12:00:50.700+0000] {logging_mixin.py:190} INFO - [2025-02-01T12:00:50.700+0000] {dagbag.py:588} INFO - Filling up the DagBag from /home/airflow/.local/lib/python3.9/site-packages/airflow/example_dags/example_setup_teardown.py
[2025-02-01T12:00:50.733+0000] {processor.py:925} INFO - DAG(s) 'example_setup_teardown' retrieved from /home/airflow/.local/lib/python3.9/site-packages/airflow/example_dags/example_setup_teardown.py
[2025-02-01T12:00:50.850+0000] {logging_mixin.py:190} INFO - [2025-02-01T12:00:50.850+0000] {dag.py:3239} INFO - Sync 1 DAGs
[2025-02-01T12:00:50.917+0000] {logging_mixin.py:190} INFO - [2025-02-01T12:00:50.917+0000] {dag.py:4180} INFO - Setting next_dagrun for example_setup_teardown to None, run_after=None
[2025-02-01T12:00:50.975+0000] {processor.py:208} INFO - Processing /home/airflow/.local/lib/python3.9/site-packages/airflow/example_dags/example_setup_teardown.py took 0.338 seconds
[2025-02-01T12:01:21.467+0000] {processor.py:186} INFO - Started process (PID=431) to work on /home/airflow/.local/lib/python3.9/site-packages/airflow/example_dags/example_setup_teardown.py
[2025-02-01T12:01:21.468+0000] {processor.py:914} INFO - Processing file /home/airflow/.local/lib/python3.9/site-packages/airflow/example_dags/example_setup_teardown.py for tasks to queue
[2025-02-01T12:01:21.472+0000] {logging_mixin.py:190} INFO - [2025-02-01T12:01:21.472+0000] {dagbag.py:588} INFO - Filling up the DagBag from /home/airflow/.local/lib/python3.9/site-packages/airflow/example_dags/example_setup_teardown.py
[2025-02-01T12:01:21.489+0000] {processor.py:925} INFO - DAG(s) 'example_setup_teardown' retrieved from /home/airflow/.local/lib/python3.9/site-packages/airflow/example_dags/example_setup_teardown.py
[2025-02-01T12:01:21.512+0000] {logging_mixin.py:190} INFO - [2025-02-01T12:01:21.511+0000] {dag.py:3239} INFO - Sync 1 DAGs
[2025-02-01T12:01:21.527+0000] {logging_mixin.py:190} INFO - [2025-02-01T12:01:21.527+0000] {dag.py:4180} INFO - Setting next_dagrun for example_setup_teardown to None, run_after=None
[2025-02-01T12:01:21.547+0000] {processor.py:208} INFO - Processing /home/airflow/.local/lib/python3.9/site-packages/airflow/example_dags/example_setup_teardown.py took 0.090 seconds
[2025-02-01T12:01:52.393+0000] {processor.py:186} INFO - Started process (PID=494) to work on /home/airflow/.local/lib/python3.9/site-packages/airflow/example_dags/example_setup_teardown.py
[2025-02-01T12:01:52.394+0000] {processor.py:914} INFO - Processing file /home/airflow/.local/lib/python3.9/site-packages/airflow/example_dags/example_setup_teardown.py for tasks to queue
[2025-02-01T12:01:52.396+0000] {logging_mixin.py:190} INFO - [2025-02-01T12:01:52.396+0000] {dagbag.py:588} INFO - Filling up the DagBag from /home/airflow/.local/lib/python3.9/site-packages/airflow/example_dags/example_setup_teardown.py
[2025-02-01T12:01:52.405+0000] {processor.py:925} INFO - DAG(s) 'example_setup_teardown' retrieved from /home/airflow/.local/lib/python3.9/site-packages/airflow/example_dags/example_setup_teardown.py
[2025-02-01T12:01:52.426+0000] {logging_mixin.py:190} INFO - [2025-02-01T12:01:52.425+0000] {dag.py:3239} INFO - Sync 1 DAGs
[2025-02-01T12:01:52.446+0000] {logging_mixin.py:190} INFO - [2025-02-01T12:01:52.446+0000] {dag.py:4180} INFO - Setting next_dagrun for example_setup_teardown to None, run_after=None
[2025-02-01T12:01:52.465+0000] {processor.py:208} INFO - Processing /home/airflow/.local/lib/python3.9/site-packages/airflow/example_dags/example_setup_teardown.py took 0.078 seconds
[2025-02-01T12:02:23.573+0000] {processor.py:186} INFO - Started process (PID=564) to work on /home/airflow/.local/lib/python3.9/site-packages/airflow/example_dags/example_setup_teardown.py
[2025-02-01T12:02:23.574+0000] {processor.py:914} INFO - Processing file /home/airflow/.local/lib/python3.9/site-packages/airflow/example_dags/example_setup_teardown.py for tasks to queue
[2025-02-01T12:02:23.576+0000] {logging_mixin.py:190} INFO - [2025-02-01T12:02:23.575+0000] {dagbag.py:588} INFO - Filling up the DagBag from /home/airflow/.local/lib/python3.9/site-packages/airflow/example_dags/example_setup_teardown.py
[2025-02-01T12:02:23.585+0000] {processor.py:925} INFO - DAG(s) 'example_setup_teardown' retrieved from /home/airflow/.local/lib/python3.9/site-packages/airflow/example_dags/example_setup_teardown.py
[2025-02-01T12:02:23.606+0000] {logging_mixin.py:190} INFO - [2025-02-01T12:02:23.605+0000] {dag.py:3239} INFO - Sync 1 DAGs
[2025-02-01T12:02:23.620+0000] {logging_mixin.py:190} INFO - [2025-02-01T12:02:23.620+0000] {dag.py:4180} INFO - Setting next_dagrun for example_setup_teardown to None, run_after=None
[2025-02-01T12:02:23.639+0000] {processor.py:208} INFO - Processing /home/airflow/.local/lib/python3.9/site-packages/airflow/example_dags/example_setup_teardown.py took 0.073 seconds
[2025-02-01T12:02:54.495+0000] {processor.py:186} INFO - Started process (PID=626) to work on /home/airflow/.local/lib/python3.9/site-packages/airflow/example_dags/example_setup_teardown.py
[2025-02-01T12:02:54.495+0000] {processor.py:914} INFO - Processing file /home/airflow/.local/lib/python3.9/site-packages/airflow/example_dags/example_setup_teardown.py for tasks to queue
[2025-02-01T12:02:54.497+0000] {logging_mixin.py:190} INFO - [2025-02-01T12:02:54.497+0000] {dagbag.py:588} INFO - Filling up the DagBag from /home/airflow/.local/lib/python3.9/site-packages/airflow/example_dags/example_setup_teardown.py
[2025-02-01T12:02:54.506+0000] {processor.py:925} INFO - DAG(s) 'example_setup_teardown' retrieved from /home/airflow/.local/lib/python3.9/site-packages/airflow/example_dags/example_setup_teardown.py
[2025-02-01T12:02:54.526+0000] {logging_mixin.py:190} INFO - [2025-02-01T12:02:54.526+0000] {dag.py:3239} INFO - Sync 1 DAGs
[2025-02-01T12:02:54.542+0000] {logging_mixin.py:190} INFO - [2025-02-01T12:02:54.541+0000] {dag.py:4180} INFO - Setting next_dagrun for example_setup_teardown to None, run_after=None
[2025-02-01T12:02:54.559+0000] {processor.py:208} INFO - Processing /home/airflow/.local/lib/python3.9/site-packages/airflow/example_dags/example_setup_teardown.py took 0.071 seconds
[2025-02-01T12:03:25.484+0000] {processor.py:186} INFO - Started process (PID=692) to work on /home/airflow/.local/lib/python3.9/site-packages/airflow/example_dags/example_setup_teardown.py
[2025-02-01T12:03:25.485+0000] {processor.py:914} INFO - Processing file /home/airflow/.local/lib/python3.9/site-packages/airflow/example_dags/example_setup_teardown.py for tasks to queue
[2025-02-01T12:03:25.487+0000] {logging_mixin.py:190} INFO - [2025-02-01T12:03:25.486+0000] {dagbag.py:588} INFO - Filling up the DagBag from /home/airflow/.local/lib/python3.9/site-packages/airflow/example_dags/example_setup_teardown.py
[2025-02-01T12:03:25.496+0000] {processor.py:925} INFO - DAG(s) 'example_setup_teardown' retrieved from /home/airflow/.local/lib/python3.9/site-packages/airflow/example_dags/example_setup_teardown.py
[2025-02-01T12:03:25.517+0000] {logging_mixin.py:190} INFO - [2025-02-01T12:03:25.517+0000] {dag.py:3239} INFO - Sync 1 DAGs
[2025-02-01T12:03:25.533+0000] {logging_mixin.py:190} INFO - [2025-02-01T12:03:25.533+0000] {dag.py:4180} INFO - Setting next_dagrun for example_setup_teardown to None, run_after=None
[2025-02-01T12:03:25.550+0000] {processor.py:208} INFO - Processing /home/airflow/.local/lib/python3.9/site-packages/airflow/example_dags/example_setup_teardown.py took 0.072 seconds
[2025-02-01T12:03:56.034+0000] {processor.py:186} INFO - Started process (PID=755) to work on /home/airflow/.local/lib/python3.9/site-packages/airflow/example_dags/example_setup_teardown.py
[2025-02-01T12:03:56.035+0000] {processor.py:914} INFO - Processing file /home/airflow/.local/lib/python3.9/site-packages/airflow/example_dags/example_setup_teardown.py for tasks to queue
[2025-02-01T12:03:56.037+0000] {logging_mixin.py:190} INFO - [2025-02-01T12:03:56.037+0000] {dagbag.py:588} INFO - Filling up the DagBag from /home/airflow/.local/lib/python3.9/site-packages/airflow/example_dags/example_setup_teardown.py
[2025-02-01T12:03:56.046+0000] {processor.py:925} INFO - DAG(s) 'example_setup_teardown' retrieved from /home/airflow/.local/lib/python3.9/site-packages/airflow/example_dags/example_setup_teardown.py
[2025-02-01T12:03:56.068+0000] {logging_mixin.py:190} INFO - [2025-02-01T12:03:56.067+0000] {dag.py:3239} INFO - Sync 1 DAGs
[2025-02-01T12:03:56.083+0000] {logging_mixin.py:190} INFO - [2025-02-01T12:03:56.083+0000] {dag.py:4180} INFO - Setting next_dagrun for example_setup_teardown to None, run_after=None
[2025-02-01T12:03:56.101+0000] {processor.py:208} INFO - Processing /home/airflow/.local/lib/python3.9/site-packages/airflow/example_dags/example_setup_teardown.py took 0.073 seconds
[2025-02-01T12:04:26.340+0000] {processor.py:186} INFO - Started process (PID=818) to work on /home/airflow/.local/lib/python3.9/site-packages/airflow/example_dags/example_setup_teardown.py
[2025-02-01T12:04:26.341+0000] {processor.py:914} INFO - Processing file /home/airflow/.local/lib/python3.9/site-packages/airflow/example_dags/example_setup_teardown.py for tasks to queue
[2025-02-01T12:04:26.343+0000] {logging_mixin.py:190} INFO - [2025-02-01T12:04:26.343+0000] {dagbag.py:588} INFO - Filling up the DagBag from /home/airflow/.local/lib/python3.9/site-packages/airflow/example_dags/example_setup_teardown.py
[2025-02-01T12:04:26.352+0000] {processor.py:925} INFO - DAG(s) 'example_setup_teardown' retrieved from /home/airflow/.local/lib/python3.9/site-packages/airflow/example_dags/example_setup_teardown.py
[2025-02-01T12:04:26.375+0000] {logging_mixin.py:190} INFO - [2025-02-01T12:04:26.375+0000] {dag.py:3239} INFO - Sync 1 DAGs
[2025-02-01T12:04:26.389+0000] {logging_mixin.py:190} INFO - [2025-02-01T12:04:26.389+0000] {dag.py:4180} INFO - Setting next_dagrun for example_setup_teardown to None, run_after=None
[2025-02-01T12:04:26.406+0000] {processor.py:208} INFO - Processing /home/airflow/.local/lib/python3.9/site-packages/airflow/example_dags/example_setup_teardown.py took 0.072 seconds
[2025-02-01T12:04:56.988+0000] {processor.py:186} INFO - Started process (PID=880) to work on /home/airflow/.local/lib/python3.9/site-packages/airflow/example_dags/example_setup_teardown.py
[2025-02-01T12:04:56.988+0000] {processor.py:914} INFO - Processing file /home/airflow/.local/lib/python3.9/site-packages/airflow/example_dags/example_setup_teardown.py for tasks to queue
[2025-02-01T12:04:56.991+0000] {logging_mixin.py:190} INFO - [2025-02-01T12:04:56.990+0000] {dagbag.py:588} INFO - Filling up the DagBag from /home/airflow/.local/lib/python3.9/site-packages/airflow/example_dags/example_setup_teardown.py
[2025-02-01T12:04:56.999+0000] {processor.py:925} INFO - DAG(s) 'example_setup_teardown' retrieved from /home/airflow/.local/lib/python3.9/site-packages/airflow/example_dags/example_setup_teardown.py
[2025-02-01T12:04:57.019+0000] {logging_mixin.py:190} INFO - [2025-02-01T12:04:57.019+0000] {dag.py:3239} INFO - Sync 1 DAGs
[2025-02-01T12:04:57.035+0000] {logging_mixin.py:190} INFO - [2025-02-01T12:04:57.035+0000] {dag.py:4180} INFO - Setting next_dagrun for example_setup_teardown to None, run_after=None
[2025-02-01T12:04:57.053+0000] {processor.py:208} INFO - Processing /home/airflow/.local/lib/python3.9/site-packages/airflow/example_dags/example_setup_teardown.py took 0.072 seconds
[2025-02-01T12:05:28.219+0000] {processor.py:186} INFO - Started process (PID=944) to work on /home/airflow/.local/lib/python3.9/site-packages/airflow/example_dags/example_setup_teardown.py
[2025-02-01T12:05:28.224+0000] {processor.py:914} INFO - Processing file /home/airflow/.local/lib/python3.9/site-packages/airflow/example_dags/example_setup_teardown.py for tasks to queue
[2025-02-01T12:05:28.232+0000] {logging_mixin.py:190} INFO - [2025-02-01T12:05:28.232+0000] {dagbag.py:588} INFO - Filling up the DagBag from /home/airflow/.local/lib/python3.9/site-packages/airflow/example_dags/example_setup_teardown.py
[2025-02-01T12:05:28.249+0000] {processor.py:925} INFO - DAG(s) 'example_setup_teardown' retrieved from /home/airflow/.local/lib/python3.9/site-packages/airflow/example_dags/example_setup_teardown.py
[2025-02-01T12:05:28.307+0000] {logging_mixin.py:190} INFO - [2025-02-01T12:05:28.307+0000] {dag.py:3239} INFO - Sync 1 DAGs
[2025-02-01T12:05:28.357+0000] {logging_mixin.py:190} INFO - [2025-02-01T12:05:28.356+0000] {dag.py:4180} INFO - Setting next_dagrun for example_setup_teardown to None, run_after=None
[2025-02-01T12:05:28.440+0000] {processor.py:208} INFO - Processing /home/airflow/.local/lib/python3.9/site-packages/airflow/example_dags/example_setup_teardown.py took 0.234 seconds
[2025-02-01T12:05:59.261+0000] {processor.py:186} INFO - Started process (PID=1007) to work on /home/airflow/.local/lib/python3.9/site-packages/airflow/example_dags/example_setup_teardown.py
[2025-02-01T12:05:59.262+0000] {processor.py:914} INFO - Processing file /home/airflow/.local/lib/python3.9/site-packages/airflow/example_dags/example_setup_teardown.py for tasks to queue
[2025-02-01T12:05:59.301+0000] {logging_mixin.py:190} INFO - [2025-02-01T12:05:59.301+0000] {dagbag.py:588} INFO - Filling up the DagBag from /home/airflow/.local/lib/python3.9/site-packages/airflow/example_dags/example_setup_teardown.py
[2025-02-01T12:05:59.329+0000] {processor.py:925} INFO - DAG(s) 'example_setup_teardown' retrieved from /home/airflow/.local/lib/python3.9/site-packages/airflow/example_dags/example_setup_teardown.py
[2025-02-01T12:05:59.379+0000] {logging_mixin.py:190} INFO - [2025-02-01T12:05:59.379+0000] {dag.py:3239} INFO - Sync 1 DAGs
[2025-02-01T12:05:59.416+0000] {logging_mixin.py:190} INFO - [2025-02-01T12:05:59.416+0000] {dag.py:4180} INFO - Setting next_dagrun for example_setup_teardown to None, run_after=None
[2025-02-01T12:05:59.460+0000] {processor.py:208} INFO - Processing /home/airflow/.local/lib/python3.9/site-packages/airflow/example_dags/example_setup_teardown.py took 0.218 seconds
[2025-02-01T12:06:29.661+0000] {processor.py:186} INFO - Started process (PID=1068) to work on /home/airflow/.local/lib/python3.9/site-packages/airflow/example_dags/example_setup_teardown.py
[2025-02-01T12:06:29.667+0000] {processor.py:914} INFO - Processing file /home/airflow/.local/lib/python3.9/site-packages/airflow/example_dags/example_setup_teardown.py for tasks to queue
[2025-02-01T12:06:29.669+0000] {logging_mixin.py:190} INFO - [2025-02-01T12:06:29.669+0000] {dagbag.py:588} INFO - Filling up the DagBag from /home/airflow/.local/lib/python3.9/site-packages/airflow/example_dags/example_setup_teardown.py
[2025-02-01T12:06:29.679+0000] {processor.py:925} INFO - DAG(s) 'example_setup_teardown' retrieved from /home/airflow/.local/lib/python3.9/site-packages/airflow/example_dags/example_setup_teardown.py
[2025-02-01T12:06:29.703+0000] {logging_mixin.py:190} INFO - [2025-02-01T12:06:29.703+0000] {dag.py:3239} INFO - Sync 1 DAGs
[2025-02-01T12:06:29.719+0000] {logging_mixin.py:190} INFO - [2025-02-01T12:06:29.719+0000] {dag.py:4180} INFO - Setting next_dagrun for example_setup_teardown to None, run_after=None
[2025-02-01T12:06:29.738+0000] {processor.py:208} INFO - Processing /home/airflow/.local/lib/python3.9/site-packages/airflow/example_dags/example_setup_teardown.py took 0.106 seconds
[2025-02-01T12:07:00.437+0000] {processor.py:186} INFO - Started process (PID=1131) to work on /home/airflow/.local/lib/python3.9/site-packages/airflow/example_dags/example_setup_teardown.py
[2025-02-01T12:07:00.437+0000] {processor.py:914} INFO - Processing file /home/airflow/.local/lib/python3.9/site-packages/airflow/example_dags/example_setup_teardown.py for tasks to queue
[2025-02-01T12:07:00.444+0000] {logging_mixin.py:190} INFO - [2025-02-01T12:07:00.444+0000] {dagbag.py:588} INFO - Filling up the DagBag from /home/airflow/.local/lib/python3.9/site-packages/airflow/example_dags/example_setup_teardown.py
[2025-02-01T12:07:00.453+0000] {processor.py:925} INFO - DAG(s) 'example_setup_teardown' retrieved from /home/airflow/.local/lib/python3.9/site-packages/airflow/example_dags/example_setup_teardown.py
[2025-02-01T12:07:00.475+0000] {logging_mixin.py:190} INFO - [2025-02-01T12:07:00.475+0000] {dag.py:3239} INFO - Sync 1 DAGs
[2025-02-01T12:07:00.489+0000] {logging_mixin.py:190} INFO - [2025-02-01T12:07:00.489+0000] {dag.py:4180} INFO - Setting next_dagrun for example_setup_teardown to None, run_after=None
[2025-02-01T12:07:00.513+0000] {processor.py:208} INFO - Processing /home/airflow/.local/lib/python3.9/site-packages/airflow/example_dags/example_setup_teardown.py took 0.086 seconds
[2025-02-01T12:07:31.083+0000] {processor.py:186} INFO - Started process (PID=1194) to work on /home/airflow/.local/lib/python3.9/site-packages/airflow/example_dags/example_setup_teardown.py
[2025-02-01T12:07:31.086+0000] {processor.py:914} INFO - Processing file /home/airflow/.local/lib/python3.9/site-packages/airflow/example_dags/example_setup_teardown.py for tasks to queue
[2025-02-01T12:07:31.088+0000] {logging_mixin.py:190} INFO - [2025-02-01T12:07:31.088+0000] {dagbag.py:588} INFO - Filling up the DagBag from /home/airflow/.local/lib/python3.9/site-packages/airflow/example_dags/example_setup_teardown.py
[2025-02-01T12:07:31.096+0000] {processor.py:925} INFO - DAG(s) 'example_setup_teardown' retrieved from /home/airflow/.local/lib/python3.9/site-packages/airflow/example_dags/example_setup_teardown.py
[2025-02-01T12:07:31.111+0000] {logging_mixin.py:190} INFO - [2025-02-01T12:07:31.110+0000] {dag.py:3239} INFO - Sync 1 DAGs
[2025-02-01T12:07:31.121+0000] {logging_mixin.py:190} INFO - [2025-02-01T12:07:31.120+0000] {dag.py:4180} INFO - Setting next_dagrun for example_setup_teardown to None, run_after=None
[2025-02-01T12:07:31.133+0000] {processor.py:208} INFO - Processing /home/airflow/.local/lib/python3.9/site-packages/airflow/example_dags/example_setup_teardown.py took 0.056 seconds
[2025-02-01T12:08:01.394+0000] {processor.py:186} INFO - Started process (PID=1258) to work on /home/airflow/.local/lib/python3.9/site-packages/airflow/example_dags/example_setup_teardown.py
[2025-02-01T12:08:01.395+0000] {processor.py:914} INFO - Processing file /home/airflow/.local/lib/python3.9/site-packages/airflow/example_dags/example_setup_teardown.py for tasks to queue
[2025-02-01T12:08:01.398+0000] {logging_mixin.py:190} INFO - [2025-02-01T12:08:01.398+0000] {dagbag.py:588} INFO - Filling up the DagBag from /home/airflow/.local/lib/python3.9/site-packages/airflow/example_dags/example_setup_teardown.py
[2025-02-01T12:08:01.408+0000] {processor.py:925} INFO - DAG(s) 'example_setup_teardown' retrieved from /home/airflow/.local/lib/python3.9/site-packages/airflow/example_dags/example_setup_teardown.py
[2025-02-01T12:08:01.429+0000] {logging_mixin.py:190} INFO - [2025-02-01T12:08:01.429+0000] {dag.py:3239} INFO - Sync 1 DAGs
[2025-02-01T12:08:01.440+0000] {logging_mixin.py:190} INFO - [2025-02-01T12:08:01.440+0000] {dag.py:4180} INFO - Setting next_dagrun for example_setup_teardown to None, run_after=None
[2025-02-01T12:08:01.453+0000] {processor.py:208} INFO - Processing /home/airflow/.local/lib/python3.9/site-packages/airflow/example_dags/example_setup_teardown.py took 0.072 seconds
[2025-02-01T12:08:31.795+0000] {processor.py:186} INFO - Started process (PID=1321) to work on /home/airflow/.local/lib/python3.9/site-packages/airflow/example_dags/example_setup_teardown.py
[2025-02-01T12:08:31.796+0000] {processor.py:914} INFO - Processing file /home/airflow/.local/lib/python3.9/site-packages/airflow/example_dags/example_setup_teardown.py for tasks to queue
[2025-02-01T12:08:31.798+0000] {logging_mixin.py:190} INFO - [2025-02-01T12:08:31.798+0000] {dagbag.py:588} INFO - Filling up the DagBag from /home/airflow/.local/lib/python3.9/site-packages/airflow/example_dags/example_setup_teardown.py
[2025-02-01T12:08:31.805+0000] {processor.py:925} INFO - DAG(s) 'example_setup_teardown' retrieved from /home/airflow/.local/lib/python3.9/site-packages/airflow/example_dags/example_setup_teardown.py
[2025-02-01T12:08:31.820+0000] {logging_mixin.py:190} INFO - [2025-02-01T12:08:31.820+0000] {dag.py:3239} INFO - Sync 1 DAGs
[2025-02-01T12:08:31.831+0000] {logging_mixin.py:190} INFO - [2025-02-01T12:08:31.830+0000] {dag.py:4180} INFO - Setting next_dagrun for example_setup_teardown to None, run_after=None
[2025-02-01T12:08:31.845+0000] {processor.py:208} INFO - Processing /home/airflow/.local/lib/python3.9/site-packages/airflow/example_dags/example_setup_teardown.py took 0.055 seconds
[2025-02-01T12:09:02.252+0000] {processor.py:186} INFO - Started process (PID=1384) to work on /home/airflow/.local/lib/python3.9/site-packages/airflow/example_dags/example_setup_teardown.py
[2025-02-01T12:09:02.252+0000] {processor.py:914} INFO - Processing file /home/airflow/.local/lib/python3.9/site-packages/airflow/example_dags/example_setup_teardown.py for tasks to queue
[2025-02-01T12:09:02.254+0000] {logging_mixin.py:190} INFO - [2025-02-01T12:09:02.254+0000] {dagbag.py:588} INFO - Filling up the DagBag from /home/airflow/.local/lib/python3.9/site-packages/airflow/example_dags/example_setup_teardown.py
[2025-02-01T12:09:02.264+0000] {processor.py:925} INFO - DAG(s) 'example_setup_teardown' retrieved from /home/airflow/.local/lib/python3.9/site-packages/airflow/example_dags/example_setup_teardown.py
[2025-02-01T12:09:02.280+0000] {logging_mixin.py:190} INFO - [2025-02-01T12:09:02.280+0000] {dag.py:3239} INFO - Sync 1 DAGs
[2025-02-01T12:09:02.290+0000] {logging_mixin.py:190} INFO - [2025-02-01T12:09:02.290+0000] {dag.py:4180} INFO - Setting next_dagrun for example_setup_teardown to None, run_after=None
[2025-02-01T12:09:02.303+0000] {processor.py:208} INFO - Processing /home/airflow/.local/lib/python3.9/site-packages/airflow/example_dags/example_setup_teardown.py took 0.058 seconds
[2025-02-01T12:09:33.299+0000] {processor.py:186} INFO - Started process (PID=1447) to work on /home/airflow/.local/lib/python3.9/site-packages/airflow/example_dags/example_setup_teardown.py
[2025-02-01T12:09:33.300+0000] {processor.py:914} INFO - Processing file /home/airflow/.local/lib/python3.9/site-packages/airflow/example_dags/example_setup_teardown.py for tasks to queue
[2025-02-01T12:09:33.303+0000] {logging_mixin.py:190} INFO - [2025-02-01T12:09:33.303+0000] {dagbag.py:588} INFO - Filling up the DagBag from /home/airflow/.local/lib/python3.9/site-packages/airflow/example_dags/example_setup_teardown.py
[2025-02-01T12:09:33.315+0000] {processor.py:925} INFO - DAG(s) 'example_setup_teardown' retrieved from /home/airflow/.local/lib/python3.9/site-packages/airflow/example_dags/example_setup_teardown.py
[2025-02-01T12:09:33.346+0000] {logging_mixin.py:190} INFO - [2025-02-01T12:09:33.346+0000] {dag.py:3239} INFO - Sync 1 DAGs
[2025-02-01T12:09:33.356+0000] {logging_mixin.py:190} INFO - [2025-02-01T12:09:33.356+0000] {dag.py:4180} INFO - Setting next_dagrun for example_setup_teardown to None, run_after=None
[2025-02-01T12:09:33.369+0000] {processor.py:208} INFO - Processing /home/airflow/.local/lib/python3.9/site-packages/airflow/example_dags/example_setup_teardown.py took 0.077 seconds
