[2025-02-01T11:58:20.512+0000] {processor.py:186} INFO - Started process (PID=71) to work on /home/airflow/.local/lib/python3.9/site-packages/airflow/example_dags/example_sensor_decorator.py
[2025-02-01T11:58:20.519+0000] {processor.py:914} INFO - Processing file /home/airflow/.local/lib/python3.9/site-packages/airflow/example_dags/example_sensor_decorator.py for tasks to queue
[2025-02-01T11:58:20.528+0000] {logging_mixin.py:190} INFO - [2025-02-01T11:58:20.527+0000] {dagbag.py:588} INFO - Filling up the DagBag from /home/airflow/.local/lib/python3.9/site-packages/airflow/example_dags/example_sensor_decorator.py
[2025-02-01T11:58:20.550+0000] {processor.py:925} INFO - DAG(s) 'example_sensor_decorator' retrieved from /home/airflow/.local/lib/python3.9/site-packages/airflow/example_dags/example_sensor_decorator.py
[2025-02-01T11:58:20.988+0000] {logging_mixin.py:190} INFO - [2025-02-01T11:58:20.987+0000] {override.py:1911} INFO - Created Permission View: can edit on DAG:example_sensor_decorator
[2025-02-01T11:58:21.019+0000] {logging_mixin.py:190} INFO - [2025-02-01T11:58:21.019+0000] {override.py:1911} INFO - Created Permission View: can delete on DAG:example_sensor_decorator
[2025-02-01T11:58:21.063+0000] {logging_mixin.py:190} INFO - [2025-02-01T11:58:21.063+0000] {override.py:1911} INFO - Created Permission View: can read on DAG:example_sensor_decorator
[2025-02-01T11:58:21.127+0000] {logging_mixin.py:190} INFO - [2025-02-01T11:58:21.127+0000] {override.py:1911} INFO - Created Permission View: can create on DAG Run:example_sensor_decorator
[2025-02-01T11:58:21.154+0000] {logging_mixin.py:190} INFO - [2025-02-01T11:58:21.153+0000] {override.py:1911} INFO - Created Permission View: can delete on DAG Run:example_sensor_decorator
[2025-02-01T11:58:21.165+0000] {logging_mixin.py:190} INFO - [2025-02-01T11:58:21.165+0000] {override.py:1911} INFO - Created Permission View: can read on DAG Run:example_sensor_decorator
[2025-02-01T11:58:21.199+0000] {logging_mixin.py:190} INFO - [2025-02-01T11:58:21.199+0000] {override.py:1911} INFO - Created Permission View: menu access on DAG Run:example_sensor_decorator
[2025-02-01T11:58:21.199+0000] {logging_mixin.py:190} INFO - [2025-02-01T11:58:21.199+0000] {dag.py:3239} INFO - Sync 1 DAGs
[2025-02-01T11:58:21.309+0000] {logging_mixin.py:190} INFO - [2025-02-01T11:58:21.309+0000] {dag.py:3262} INFO - Creating ORM DAG for example_sensor_decorator
[2025-02-01T11:58:21.316+0000] {logging_mixin.py:190} INFO - [2025-02-01T11:58:21.316+0000] {dag.py:4180} INFO - Setting next_dagrun for example_sensor_decorator to None, run_after=None
[2025-02-01T11:58:21.479+0000] {processor.py:208} INFO - Processing /home/airflow/.local/lib/python3.9/site-packages/airflow/example_dags/example_sensor_decorator.py took 0.985 seconds
[2025-02-01T11:58:52.339+0000] {processor.py:186} INFO - Started process (PID=138) to work on /home/airflow/.local/lib/python3.9/site-packages/airflow/example_dags/example_sensor_decorator.py
[2025-02-01T11:58:52.340+0000] {processor.py:914} INFO - Processing file /home/airflow/.local/lib/python3.9/site-packages/airflow/example_dags/example_sensor_decorator.py for tasks to queue
[2025-02-01T11:58:52.342+0000] {logging_mixin.py:190} INFO - [2025-02-01T11:58:52.342+0000] {dagbag.py:588} INFO - Filling up the DagBag from /home/airflow/.local/lib/python3.9/site-packages/airflow/example_dags/example_sensor_decorator.py
[2025-02-01T11:58:52.348+0000] {processor.py:925} INFO - DAG(s) 'example_sensor_decorator' retrieved from /home/airflow/.local/lib/python3.9/site-packages/airflow/example_dags/example_sensor_decorator.py
[2025-02-01T11:58:52.362+0000] {logging_mixin.py:190} INFO - [2025-02-01T11:58:52.362+0000] {dag.py:3239} INFO - Sync 1 DAGs
[2025-02-01T11:58:52.376+0000] {logging_mixin.py:190} INFO - [2025-02-01T11:58:52.376+0000] {dag.py:4180} INFO - Setting next_dagrun for example_sensor_decorator to None, run_after=None
[2025-02-01T11:58:52.391+0000] {processor.py:208} INFO - Processing /home/airflow/.local/lib/python3.9/site-packages/airflow/example_dags/example_sensor_decorator.py took 0.057 seconds
[2025-02-01T11:59:22.754+0000] {processor.py:186} INFO - Started process (PID=202) to work on /home/airflow/.local/lib/python3.9/site-packages/airflow/example_dags/example_sensor_decorator.py
[2025-02-01T11:59:22.755+0000] {processor.py:914} INFO - Processing file /home/airflow/.local/lib/python3.9/site-packages/airflow/example_dags/example_sensor_decorator.py for tasks to queue
[2025-02-01T11:59:22.757+0000] {logging_mixin.py:190} INFO - [2025-02-01T11:59:22.757+0000] {dagbag.py:588} INFO - Filling up the DagBag from /home/airflow/.local/lib/python3.9/site-packages/airflow/example_dags/example_sensor_decorator.py
[2025-02-01T11:59:22.763+0000] {processor.py:925} INFO - DAG(s) 'example_sensor_decorator' retrieved from /home/airflow/.local/lib/python3.9/site-packages/airflow/example_dags/example_sensor_decorator.py
[2025-02-01T11:59:22.778+0000] {logging_mixin.py:190} INFO - [2025-02-01T11:59:22.778+0000] {dag.py:3239} INFO - Sync 1 DAGs
[2025-02-01T11:59:22.788+0000] {logging_mixin.py:190} INFO - [2025-02-01T11:59:22.788+0000] {dag.py:4180} INFO - Setting next_dagrun for example_sensor_decorator to None, run_after=None
[2025-02-01T11:59:22.801+0000] {processor.py:208} INFO - Processing /home/airflow/.local/lib/python3.9/site-packages/airflow/example_dags/example_sensor_decorator.py took 0.052 seconds
[2025-02-01T11:59:53.526+0000] {processor.py:186} INFO - Started process (PID=265) to work on /home/airflow/.local/lib/python3.9/site-packages/airflow/example_dags/example_sensor_decorator.py
[2025-02-01T11:59:53.527+0000] {processor.py:914} INFO - Processing file /home/airflow/.local/lib/python3.9/site-packages/airflow/example_dags/example_sensor_decorator.py for tasks to queue
[2025-02-01T11:59:53.529+0000] {logging_mixin.py:190} INFO - [2025-02-01T11:59:53.529+0000] {dagbag.py:588} INFO - Filling up the DagBag from /home/airflow/.local/lib/python3.9/site-packages/airflow/example_dags/example_sensor_decorator.py
[2025-02-01T11:59:53.536+0000] {processor.py:925} INFO - DAG(s) 'example_sensor_decorator' retrieved from /home/airflow/.local/lib/python3.9/site-packages/airflow/example_dags/example_sensor_decorator.py
[2025-02-01T11:59:53.550+0000] {logging_mixin.py:190} INFO - [2025-02-01T11:59:53.550+0000] {dag.py:3239} INFO - Sync 1 DAGs
[2025-02-01T11:59:53.561+0000] {logging_mixin.py:190} INFO - [2025-02-01T11:59:53.560+0000] {dag.py:4180} INFO - Setting next_dagrun for example_sensor_decorator to None, run_after=None
[2025-02-01T11:59:53.573+0000] {processor.py:208} INFO - Processing /home/airflow/.local/lib/python3.9/site-packages/airflow/example_dags/example_sensor_decorator.py took 0.052 seconds
[2025-02-01T12:00:24.481+0000] {processor.py:186} INFO - Started process (PID=329) to work on /home/airflow/.local/lib/python3.9/site-packages/airflow/example_dags/example_sensor_decorator.py
[2025-02-01T12:00:24.482+0000] {processor.py:914} INFO - Processing file /home/airflow/.local/lib/python3.9/site-packages/airflow/example_dags/example_sensor_decorator.py for tasks to queue
[2025-02-01T12:00:24.485+0000] {logging_mixin.py:190} INFO - [2025-02-01T12:00:24.484+0000] {dagbag.py:588} INFO - Filling up the DagBag from /home/airflow/.local/lib/python3.9/site-packages/airflow/example_dags/example_sensor_decorator.py
[2025-02-01T12:00:24.493+0000] {processor.py:925} INFO - DAG(s) 'example_sensor_decorator' retrieved from /home/airflow/.local/lib/python3.9/site-packages/airflow/example_dags/example_sensor_decorator.py
[2025-02-01T12:00:24.512+0000] {logging_mixin.py:190} INFO - [2025-02-01T12:00:24.512+0000] {dag.py:3239} INFO - Sync 1 DAGs
[2025-02-01T12:00:24.526+0000] {logging_mixin.py:190} INFO - [2025-02-01T12:00:24.526+0000] {dag.py:4180} INFO - Setting next_dagrun for example_sensor_decorator to None, run_after=None
[2025-02-01T12:00:24.543+0000] {processor.py:208} INFO - Processing /home/airflow/.local/lib/python3.9/site-packages/airflow/example_dags/example_sensor_decorator.py took 0.068 seconds
[2025-02-01T12:00:54.819+0000] {processor.py:186} INFO - Started process (PID=391) to work on /home/airflow/.local/lib/python3.9/site-packages/airflow/example_dags/example_sensor_decorator.py
[2025-02-01T12:00:54.820+0000] {processor.py:914} INFO - Processing file /home/airflow/.local/lib/python3.9/site-packages/airflow/example_dags/example_sensor_decorator.py for tasks to queue
[2025-02-01T12:00:54.822+0000] {logging_mixin.py:190} INFO - [2025-02-01T12:00:54.822+0000] {dagbag.py:588} INFO - Filling up the DagBag from /home/airflow/.local/lib/python3.9/site-packages/airflow/example_dags/example_sensor_decorator.py
[2025-02-01T12:00:54.828+0000] {processor.py:925} INFO - DAG(s) 'example_sensor_decorator' retrieved from /home/airflow/.local/lib/python3.9/site-packages/airflow/example_dags/example_sensor_decorator.py
[2025-02-01T12:00:54.842+0000] {logging_mixin.py:190} INFO - [2025-02-01T12:00:54.842+0000] {dag.py:3239} INFO - Sync 1 DAGs
[2025-02-01T12:00:54.852+0000] {logging_mixin.py:190} INFO - [2025-02-01T12:00:54.852+0000] {dag.py:4180} INFO - Setting next_dagrun for example_sensor_decorator to None, run_after=None
[2025-02-01T12:00:54.865+0000] {processor.py:208} INFO - Processing /home/airflow/.local/lib/python3.9/site-packages/airflow/example_dags/example_sensor_decorator.py took 0.050 seconds
[2025-02-01T12:01:25.146+0000] {processor.py:186} INFO - Started process (PID=454) to work on /home/airflow/.local/lib/python3.9/site-packages/airflow/example_dags/example_sensor_decorator.py
[2025-02-01T12:01:25.146+0000] {processor.py:914} INFO - Processing file /home/airflow/.local/lib/python3.9/site-packages/airflow/example_dags/example_sensor_decorator.py for tasks to queue
[2025-02-01T12:01:25.151+0000] {logging_mixin.py:190} INFO - [2025-02-01T12:01:25.150+0000] {dagbag.py:588} INFO - Filling up the DagBag from /home/airflow/.local/lib/python3.9/site-packages/airflow/example_dags/example_sensor_decorator.py
[2025-02-01T12:01:25.166+0000] {processor.py:925} INFO - DAG(s) 'example_sensor_decorator' retrieved from /home/airflow/.local/lib/python3.9/site-packages/airflow/example_dags/example_sensor_decorator.py
[2025-02-01T12:01:25.189+0000] {logging_mixin.py:190} INFO - [2025-02-01T12:01:25.189+0000] {dag.py:3239} INFO - Sync 1 DAGs
[2025-02-01T12:01:25.207+0000] {logging_mixin.py:190} INFO - [2025-02-01T12:01:25.207+0000] {dag.py:4180} INFO - Setting next_dagrun for example_sensor_decorator to None, run_after=None
[2025-02-01T12:01:25.233+0000] {processor.py:208} INFO - Processing /home/airflow/.local/lib/python3.9/site-packages/airflow/example_dags/example_sensor_decorator.py took 0.095 seconds
[2025-02-01T12:01:55.341+0000] {processor.py:186} INFO - Started process (PID=518) to work on /home/airflow/.local/lib/python3.9/site-packages/airflow/example_dags/example_sensor_decorator.py
[2025-02-01T12:01:55.342+0000] {processor.py:914} INFO - Processing file /home/airflow/.local/lib/python3.9/site-packages/airflow/example_dags/example_sensor_decorator.py for tasks to queue
[2025-02-01T12:01:55.344+0000] {logging_mixin.py:190} INFO - [2025-02-01T12:01:55.344+0000] {dagbag.py:588} INFO - Filling up the DagBag from /home/airflow/.local/lib/python3.9/site-packages/airflow/example_dags/example_sensor_decorator.py
[2025-02-01T12:01:55.350+0000] {processor.py:925} INFO - DAG(s) 'example_sensor_decorator' retrieved from /home/airflow/.local/lib/python3.9/site-packages/airflow/example_dags/example_sensor_decorator.py
[2025-02-01T12:01:55.364+0000] {logging_mixin.py:190} INFO - [2025-02-01T12:01:55.363+0000] {dag.py:3239} INFO - Sync 1 DAGs
[2025-02-01T12:01:55.374+0000] {logging_mixin.py:190} INFO - [2025-02-01T12:01:55.374+0000] {dag.py:4180} INFO - Setting next_dagrun for example_sensor_decorator to None, run_after=None
[2025-02-01T12:01:55.387+0000] {processor.py:208} INFO - Processing /home/airflow/.local/lib/python3.9/site-packages/airflow/example_dags/example_sensor_decorator.py took 0.051 seconds
[2025-02-01T12:02:25.617+0000] {processor.py:186} INFO - Started process (PID=581) to work on /home/airflow/.local/lib/python3.9/site-packages/airflow/example_dags/example_sensor_decorator.py
[2025-02-01T12:02:25.618+0000] {processor.py:914} INFO - Processing file /home/airflow/.local/lib/python3.9/site-packages/airflow/example_dags/example_sensor_decorator.py for tasks to queue
[2025-02-01T12:02:25.619+0000] {logging_mixin.py:190} INFO - [2025-02-01T12:02:25.619+0000] {dagbag.py:588} INFO - Filling up the DagBag from /home/airflow/.local/lib/python3.9/site-packages/airflow/example_dags/example_sensor_decorator.py
[2025-02-01T12:02:25.626+0000] {processor.py:925} INFO - DAG(s) 'example_sensor_decorator' retrieved from /home/airflow/.local/lib/python3.9/site-packages/airflow/example_dags/example_sensor_decorator.py
[2025-02-01T12:02:25.641+0000] {logging_mixin.py:190} INFO - [2025-02-01T12:02:25.641+0000] {dag.py:3239} INFO - Sync 1 DAGs
[2025-02-01T12:02:25.651+0000] {logging_mixin.py:190} INFO - [2025-02-01T12:02:25.651+0000] {dag.py:4180} INFO - Setting next_dagrun for example_sensor_decorator to None, run_after=None
[2025-02-01T12:02:25.664+0000] {processor.py:208} INFO - Processing /home/airflow/.local/lib/python3.9/site-packages/airflow/example_dags/example_sensor_decorator.py took 0.051 seconds
[2025-02-01T12:02:56.409+0000] {processor.py:186} INFO - Started process (PID=643) to work on /home/airflow/.local/lib/python3.9/site-packages/airflow/example_dags/example_sensor_decorator.py
[2025-02-01T12:02:56.409+0000] {processor.py:914} INFO - Processing file /home/airflow/.local/lib/python3.9/site-packages/airflow/example_dags/example_sensor_decorator.py for tasks to queue
[2025-02-01T12:02:56.411+0000] {logging_mixin.py:190} INFO - [2025-02-01T12:02:56.411+0000] {dagbag.py:588} INFO - Filling up the DagBag from /home/airflow/.local/lib/python3.9/site-packages/airflow/example_dags/example_sensor_decorator.py
[2025-02-01T12:02:56.417+0000] {processor.py:925} INFO - DAG(s) 'example_sensor_decorator' retrieved from /home/airflow/.local/lib/python3.9/site-packages/airflow/example_dags/example_sensor_decorator.py
[2025-02-01T12:02:56.432+0000] {logging_mixin.py:190} INFO - [2025-02-01T12:02:56.432+0000] {dag.py:3239} INFO - Sync 1 DAGs
[2025-02-01T12:02:56.442+0000] {logging_mixin.py:190} INFO - [2025-02-01T12:02:56.442+0000] {dag.py:4180} INFO - Setting next_dagrun for example_sensor_decorator to None, run_after=None
[2025-02-01T12:02:56.455+0000] {processor.py:208} INFO - Processing /home/airflow/.local/lib/python3.9/site-packages/airflow/example_dags/example_sensor_decorator.py took 0.051 seconds
[2025-02-01T12:03:27.267+0000] {processor.py:186} INFO - Started process (PID=706) to work on /home/airflow/.local/lib/python3.9/site-packages/airflow/example_dags/example_sensor_decorator.py
[2025-02-01T12:03:27.268+0000] {processor.py:914} INFO - Processing file /home/airflow/.local/lib/python3.9/site-packages/airflow/example_dags/example_sensor_decorator.py for tasks to queue
[2025-02-01T12:03:27.270+0000] {logging_mixin.py:190} INFO - [2025-02-01T12:03:27.270+0000] {dagbag.py:588} INFO - Filling up the DagBag from /home/airflow/.local/lib/python3.9/site-packages/airflow/example_dags/example_sensor_decorator.py
[2025-02-01T12:03:27.277+0000] {processor.py:925} INFO - DAG(s) 'example_sensor_decorator' retrieved from /home/airflow/.local/lib/python3.9/site-packages/airflow/example_dags/example_sensor_decorator.py
[2025-02-01T12:03:27.291+0000] {logging_mixin.py:190} INFO - [2025-02-01T12:03:27.291+0000] {dag.py:3239} INFO - Sync 1 DAGs
[2025-02-01T12:03:27.302+0000] {logging_mixin.py:190} INFO - [2025-02-01T12:03:27.302+0000] {dag.py:4180} INFO - Setting next_dagrun for example_sensor_decorator to None, run_after=None
[2025-02-01T12:03:27.315+0000] {processor.py:208} INFO - Processing /home/airflow/.local/lib/python3.9/site-packages/airflow/example_dags/example_sensor_decorator.py took 0.052 seconds
[2025-02-01T12:03:57.947+0000] {processor.py:186} INFO - Started process (PID=769) to work on /home/airflow/.local/lib/python3.9/site-packages/airflow/example_dags/example_sensor_decorator.py
[2025-02-01T12:03:57.948+0000] {processor.py:914} INFO - Processing file /home/airflow/.local/lib/python3.9/site-packages/airflow/example_dags/example_sensor_decorator.py for tasks to queue
[2025-02-01T12:03:57.949+0000] {logging_mixin.py:190} INFO - [2025-02-01T12:03:57.949+0000] {dagbag.py:588} INFO - Filling up the DagBag from /home/airflow/.local/lib/python3.9/site-packages/airflow/example_dags/example_sensor_decorator.py
[2025-02-01T12:03:57.956+0000] {processor.py:925} INFO - DAG(s) 'example_sensor_decorator' retrieved from /home/airflow/.local/lib/python3.9/site-packages/airflow/example_dags/example_sensor_decorator.py
[2025-02-01T12:03:57.976+0000] {logging_mixin.py:190} INFO - [2025-02-01T12:03:57.975+0000] {dag.py:3239} INFO - Sync 1 DAGs
[2025-02-01T12:03:57.989+0000] {logging_mixin.py:190} INFO - [2025-02-01T12:03:57.989+0000] {dag.py:4180} INFO - Setting next_dagrun for example_sensor_decorator to None, run_after=None
[2025-02-01T12:03:58.002+0000] {processor.py:208} INFO - Processing /home/airflow/.local/lib/python3.9/site-packages/airflow/example_dags/example_sensor_decorator.py took 0.060 seconds
[2025-02-01T12:04:28.606+0000] {processor.py:186} INFO - Started process (PID=833) to work on /home/airflow/.local/lib/python3.9/site-packages/airflow/example_dags/example_sensor_decorator.py
[2025-02-01T12:04:28.607+0000] {processor.py:914} INFO - Processing file /home/airflow/.local/lib/python3.9/site-packages/airflow/example_dags/example_sensor_decorator.py for tasks to queue
[2025-02-01T12:04:28.609+0000] {logging_mixin.py:190} INFO - [2025-02-01T12:04:28.608+0000] {dagbag.py:588} INFO - Filling up the DagBag from /home/airflow/.local/lib/python3.9/site-packages/airflow/example_dags/example_sensor_decorator.py
[2025-02-01T12:04:28.614+0000] {processor.py:925} INFO - DAG(s) 'example_sensor_decorator' retrieved from /home/airflow/.local/lib/python3.9/site-packages/airflow/example_dags/example_sensor_decorator.py
[2025-02-01T12:04:28.628+0000] {logging_mixin.py:190} INFO - [2025-02-01T12:04:28.628+0000] {dag.py:3239} INFO - Sync 1 DAGs
[2025-02-01T12:04:28.639+0000] {logging_mixin.py:190} INFO - [2025-02-01T12:04:28.639+0000] {dag.py:4180} INFO - Setting next_dagrun for example_sensor_decorator to None, run_after=None
[2025-02-01T12:04:28.652+0000] {processor.py:208} INFO - Processing /home/airflow/.local/lib/python3.9/site-packages/airflow/example_dags/example_sensor_decorator.py took 0.051 seconds
[2025-02-01T12:04:58.736+0000] {processor.py:186} INFO - Started process (PID=895) to work on /home/airflow/.local/lib/python3.9/site-packages/airflow/example_dags/example_sensor_decorator.py
[2025-02-01T12:04:58.737+0000] {processor.py:914} INFO - Processing file /home/airflow/.local/lib/python3.9/site-packages/airflow/example_dags/example_sensor_decorator.py for tasks to queue
[2025-02-01T12:04:58.739+0000] {logging_mixin.py:190} INFO - [2025-02-01T12:04:58.738+0000] {dagbag.py:588} INFO - Filling up the DagBag from /home/airflow/.local/lib/python3.9/site-packages/airflow/example_dags/example_sensor_decorator.py
[2025-02-01T12:04:58.744+0000] {processor.py:925} INFO - DAG(s) 'example_sensor_decorator' retrieved from /home/airflow/.local/lib/python3.9/site-packages/airflow/example_dags/example_sensor_decorator.py
[2025-02-01T12:04:58.759+0000] {logging_mixin.py:190} INFO - [2025-02-01T12:04:58.759+0000] {dag.py:3239} INFO - Sync 1 DAGs
[2025-02-01T12:04:58.769+0000] {logging_mixin.py:190} INFO - [2025-02-01T12:04:58.769+0000] {dag.py:4180} INFO - Setting next_dagrun for example_sensor_decorator to None, run_after=None
[2025-02-01T12:04:58.782+0000] {processor.py:208} INFO - Processing /home/airflow/.local/lib/python3.9/site-packages/airflow/example_dags/example_sensor_decorator.py took 0.050 seconds
[2025-02-01T12:05:29.411+0000] {processor.py:186} INFO - Started process (PID=956) to work on /home/airflow/.local/lib/python3.9/site-packages/airflow/example_dags/example_sensor_decorator.py
[2025-02-01T12:05:29.412+0000] {processor.py:914} INFO - Processing file /home/airflow/.local/lib/python3.9/site-packages/airflow/example_dags/example_sensor_decorator.py for tasks to queue
[2025-02-01T12:05:29.414+0000] {logging_mixin.py:190} INFO - [2025-02-01T12:05:29.414+0000] {dagbag.py:588} INFO - Filling up the DagBag from /home/airflow/.local/lib/python3.9/site-packages/airflow/example_dags/example_sensor_decorator.py
[2025-02-01T12:05:29.422+0000] {processor.py:925} INFO - DAG(s) 'example_sensor_decorator' retrieved from /home/airflow/.local/lib/python3.9/site-packages/airflow/example_dags/example_sensor_decorator.py
[2025-02-01T12:05:29.440+0000] {logging_mixin.py:190} INFO - [2025-02-01T12:05:29.440+0000] {dag.py:3239} INFO - Sync 1 DAGs
[2025-02-01T12:05:29.456+0000] {logging_mixin.py:190} INFO - [2025-02-01T12:05:29.456+0000] {dag.py:4180} INFO - Setting next_dagrun for example_sensor_decorator to None, run_after=None
[2025-02-01T12:05:29.473+0000] {processor.py:208} INFO - Processing /home/airflow/.local/lib/python3.9/site-packages/airflow/example_dags/example_sensor_decorator.py took 0.068 seconds
[2025-02-01T12:06:00.767+0000] {processor.py:186} INFO - Started process (PID=1013) to work on /home/airflow/.local/lib/python3.9/site-packages/airflow/example_dags/example_sensor_decorator.py
[2025-02-01T12:06:00.767+0000] {processor.py:914} INFO - Processing file /home/airflow/.local/lib/python3.9/site-packages/airflow/example_dags/example_sensor_decorator.py for tasks to queue
[2025-02-01T12:06:00.769+0000] {logging_mixin.py:190} INFO - [2025-02-01T12:06:00.769+0000] {dagbag.py:588} INFO - Filling up the DagBag from /home/airflow/.local/lib/python3.9/site-packages/airflow/example_dags/example_sensor_decorator.py
[2025-02-01T12:06:00.778+0000] {processor.py:925} INFO - DAG(s) 'example_sensor_decorator' retrieved from /home/airflow/.local/lib/python3.9/site-packages/airflow/example_dags/example_sensor_decorator.py
[2025-02-01T12:06:00.823+0000] {logging_mixin.py:190} INFO - [2025-02-01T12:06:00.823+0000] {dag.py:3239} INFO - Sync 1 DAGs
[2025-02-01T12:06:00.841+0000] {logging_mixin.py:190} INFO - [2025-02-01T12:06:00.840+0000] {dag.py:4180} INFO - Setting next_dagrun for example_sensor_decorator to None, run_after=None
[2025-02-01T12:06:00.907+0000] {processor.py:208} INFO - Processing /home/airflow/.local/lib/python3.9/site-packages/airflow/example_dags/example_sensor_decorator.py took 0.158 seconds
[2025-02-01T12:06:31.183+0000] {processor.py:186} INFO - Started process (PID=1073) to work on /home/airflow/.local/lib/python3.9/site-packages/airflow/example_dags/example_sensor_decorator.py
[2025-02-01T12:06:31.184+0000] {processor.py:914} INFO - Processing file /home/airflow/.local/lib/python3.9/site-packages/airflow/example_dags/example_sensor_decorator.py for tasks to queue
[2025-02-01T12:06:31.187+0000] {logging_mixin.py:190} INFO - [2025-02-01T12:06:31.186+0000] {dagbag.py:588} INFO - Filling up the DagBag from /home/airflow/.local/lib/python3.9/site-packages/airflow/example_dags/example_sensor_decorator.py
[2025-02-01T12:06:31.194+0000] {processor.py:925} INFO - DAG(s) 'example_sensor_decorator' retrieved from /home/airflow/.local/lib/python3.9/site-packages/airflow/example_dags/example_sensor_decorator.py
[2025-02-01T12:06:31.215+0000] {logging_mixin.py:190} INFO - [2025-02-01T12:06:31.215+0000] {dag.py:3239} INFO - Sync 1 DAGs
[2025-02-01T12:06:31.230+0000] {logging_mixin.py:190} INFO - [2025-02-01T12:06:31.230+0000] {dag.py:4180} INFO - Setting next_dagrun for example_sensor_decorator to None, run_after=None
[2025-02-01T12:06:31.255+0000] {processor.py:208} INFO - Processing /home/airflow/.local/lib/python3.9/site-packages/airflow/example_dags/example_sensor_decorator.py took 0.078 seconds
[2025-02-01T12:07:01.524+0000] {processor.py:186} INFO - Started process (PID=1132) to work on /home/airflow/.local/lib/python3.9/site-packages/airflow/example_dags/example_sensor_decorator.py
[2025-02-01T12:07:01.525+0000] {processor.py:914} INFO - Processing file /home/airflow/.local/lib/python3.9/site-packages/airflow/example_dags/example_sensor_decorator.py for tasks to queue
[2025-02-01T12:07:01.533+0000] {logging_mixin.py:190} INFO - [2025-02-01T12:07:01.533+0000] {dagbag.py:588} INFO - Filling up the DagBag from /home/airflow/.local/lib/python3.9/site-packages/airflow/example_dags/example_sensor_decorator.py
[2025-02-01T12:07:01.547+0000] {processor.py:925} INFO - DAG(s) 'example_sensor_decorator' retrieved from /home/airflow/.local/lib/python3.9/site-packages/airflow/example_dags/example_sensor_decorator.py
[2025-02-01T12:07:01.606+0000] {logging_mixin.py:190} INFO - [2025-02-01T12:07:01.605+0000] {dag.py:3239} INFO - Sync 1 DAGs
[2025-02-01T12:07:01.654+0000] {logging_mixin.py:190} INFO - [2025-02-01T12:07:01.653+0000] {dag.py:4180} INFO - Setting next_dagrun for example_sensor_decorator to None, run_after=None
[2025-02-01T12:07:01.687+0000] {processor.py:208} INFO - Processing /home/airflow/.local/lib/python3.9/site-packages/airflow/example_dags/example_sensor_decorator.py took 0.181 seconds
[2025-02-01T12:07:32.114+0000] {processor.py:186} INFO - Started process (PID=1195) to work on /home/airflow/.local/lib/python3.9/site-packages/airflow/example_dags/example_sensor_decorator.py
[2025-02-01T12:07:32.115+0000] {processor.py:914} INFO - Processing file /home/airflow/.local/lib/python3.9/site-packages/airflow/example_dags/example_sensor_decorator.py for tasks to queue
[2025-02-01T12:07:32.123+0000] {logging_mixin.py:190} INFO - [2025-02-01T12:07:32.123+0000] {dagbag.py:588} INFO - Filling up the DagBag from /home/airflow/.local/lib/python3.9/site-packages/airflow/example_dags/example_sensor_decorator.py
[2025-02-01T12:07:32.133+0000] {processor.py:925} INFO - DAG(s) 'example_sensor_decorator' retrieved from /home/airflow/.local/lib/python3.9/site-packages/airflow/example_dags/example_sensor_decorator.py
[2025-02-01T12:07:32.194+0000] {logging_mixin.py:190} INFO - [2025-02-01T12:07:32.193+0000] {dag.py:3239} INFO - Sync 1 DAGs
[2025-02-01T12:07:32.221+0000] {logging_mixin.py:190} INFO - [2025-02-01T12:07:32.221+0000] {dag.py:4180} INFO - Setting next_dagrun for example_sensor_decorator to None, run_after=None
[2025-02-01T12:07:32.249+0000] {processor.py:208} INFO - Processing /home/airflow/.local/lib/python3.9/site-packages/airflow/example_dags/example_sensor_decorator.py took 0.142 seconds
[2025-02-01T12:08:02.425+0000] {processor.py:186} INFO - Started process (PID=1259) to work on /home/airflow/.local/lib/python3.9/site-packages/airflow/example_dags/example_sensor_decorator.py
[2025-02-01T12:08:02.426+0000] {processor.py:914} INFO - Processing file /home/airflow/.local/lib/python3.9/site-packages/airflow/example_dags/example_sensor_decorator.py for tasks to queue
[2025-02-01T12:08:02.429+0000] {logging_mixin.py:190} INFO - [2025-02-01T12:08:02.429+0000] {dagbag.py:588} INFO - Filling up the DagBag from /home/airflow/.local/lib/python3.9/site-packages/airflow/example_dags/example_sensor_decorator.py
[2025-02-01T12:08:02.437+0000] {processor.py:925} INFO - DAG(s) 'example_sensor_decorator' retrieved from /home/airflow/.local/lib/python3.9/site-packages/airflow/example_dags/example_sensor_decorator.py
[2025-02-01T12:08:02.457+0000] {logging_mixin.py:190} INFO - [2025-02-01T12:08:02.457+0000] {dag.py:3239} INFO - Sync 1 DAGs
[2025-02-01T12:08:02.475+0000] {logging_mixin.py:190} INFO - [2025-02-01T12:08:02.475+0000] {dag.py:4180} INFO - Setting next_dagrun for example_sensor_decorator to None, run_after=None
[2025-02-01T12:08:02.492+0000] {processor.py:208} INFO - Processing /home/airflow/.local/lib/python3.9/site-packages/airflow/example_dags/example_sensor_decorator.py took 0.073 seconds
[2025-02-01T12:08:32.806+0000] {processor.py:186} INFO - Started process (PID=1322) to work on /home/airflow/.local/lib/python3.9/site-packages/airflow/example_dags/example_sensor_decorator.py
[2025-02-01T12:08:32.807+0000] {processor.py:914} INFO - Processing file /home/airflow/.local/lib/python3.9/site-packages/airflow/example_dags/example_sensor_decorator.py for tasks to queue
[2025-02-01T12:08:32.809+0000] {logging_mixin.py:190} INFO - [2025-02-01T12:08:32.809+0000] {dagbag.py:588} INFO - Filling up the DagBag from /home/airflow/.local/lib/python3.9/site-packages/airflow/example_dags/example_sensor_decorator.py
[2025-02-01T12:08:32.817+0000] {processor.py:925} INFO - DAG(s) 'example_sensor_decorator' retrieved from /home/airflow/.local/lib/python3.9/site-packages/airflow/example_dags/example_sensor_decorator.py
[2025-02-01T12:08:32.871+0000] {logging_mixin.py:190} INFO - [2025-02-01T12:08:32.861+0000] {dag.py:3239} INFO - Sync 1 DAGs
[2025-02-01T12:08:32.900+0000] {logging_mixin.py:190} INFO - [2025-02-01T12:08:32.900+0000] {dag.py:4180} INFO - Setting next_dagrun for example_sensor_decorator to None, run_after=None
[2025-02-01T12:08:32.921+0000] {processor.py:208} INFO - Processing /home/airflow/.local/lib/python3.9/site-packages/airflow/example_dags/example_sensor_decorator.py took 0.121 seconds
[2025-02-01T12:09:03.287+0000] {processor.py:186} INFO - Started process (PID=1385) to work on /home/airflow/.local/lib/python3.9/site-packages/airflow/example_dags/example_sensor_decorator.py
[2025-02-01T12:09:03.288+0000] {processor.py:914} INFO - Processing file /home/airflow/.local/lib/python3.9/site-packages/airflow/example_dags/example_sensor_decorator.py for tasks to queue
[2025-02-01T12:09:03.291+0000] {logging_mixin.py:190} INFO - [2025-02-01T12:09:03.290+0000] {dagbag.py:588} INFO - Filling up the DagBag from /home/airflow/.local/lib/python3.9/site-packages/airflow/example_dags/example_sensor_decorator.py
[2025-02-01T12:09:03.300+0000] {processor.py:925} INFO - DAG(s) 'example_sensor_decorator' retrieved from /home/airflow/.local/lib/python3.9/site-packages/airflow/example_dags/example_sensor_decorator.py
[2025-02-01T12:09:03.335+0000] {logging_mixin.py:190} INFO - [2025-02-01T12:09:03.335+0000] {dag.py:3239} INFO - Sync 1 DAGs
[2025-02-01T12:09:03.352+0000] {logging_mixin.py:190} INFO - [2025-02-01T12:09:03.352+0000] {dag.py:4180} INFO - Setting next_dagrun for example_sensor_decorator to None, run_after=None
[2025-02-01T12:09:03.370+0000] {processor.py:208} INFO - Processing /home/airflow/.local/lib/python3.9/site-packages/airflow/example_dags/example_sensor_decorator.py took 0.089 seconds
[2025-02-01T12:09:34.357+0000] {processor.py:186} INFO - Started process (PID=1448) to work on /home/airflow/.local/lib/python3.9/site-packages/airflow/example_dags/example_sensor_decorator.py
[2025-02-01T12:09:34.358+0000] {processor.py:914} INFO - Processing file /home/airflow/.local/lib/python3.9/site-packages/airflow/example_dags/example_sensor_decorator.py for tasks to queue
[2025-02-01T12:09:34.361+0000] {logging_mixin.py:190} INFO - [2025-02-01T12:09:34.360+0000] {dagbag.py:588} INFO - Filling up the DagBag from /home/airflow/.local/lib/python3.9/site-packages/airflow/example_dags/example_sensor_decorator.py
[2025-02-01T12:09:34.369+0000] {processor.py:925} INFO - DAG(s) 'example_sensor_decorator' retrieved from /home/airflow/.local/lib/python3.9/site-packages/airflow/example_dags/example_sensor_decorator.py
[2025-02-01T12:09:34.391+0000] {logging_mixin.py:190} INFO - [2025-02-01T12:09:34.391+0000] {dag.py:3239} INFO - Sync 1 DAGs
[2025-02-01T12:09:34.407+0000] {logging_mixin.py:190} INFO - [2025-02-01T12:09:34.407+0000] {dag.py:4180} INFO - Setting next_dagrun for example_sensor_decorator to None, run_after=None
[2025-02-01T12:09:34.425+0000] {processor.py:208} INFO - Processing /home/airflow/.local/lib/python3.9/site-packages/airflow/example_dags/example_sensor_decorator.py took 0.074 seconds
