[2025-02-01T11:58:34.466+0000] {processor.py:186} INFO - Started process (PID=93) to work on /home/airflow/.local/lib/python3.9/site-packages/airflow/example_dags/example_branch_day_of_week_operator.py
[2025-02-01T11:58:34.468+0000] {processor.py:914} INFO - Processing file /home/airflow/.local/lib/python3.9/site-packages/airflow/example_dags/example_branch_day_of_week_operator.py for tasks to queue
[2025-02-01T11:58:34.477+0000] {logging_mixin.py:190} INFO - [2025-02-01T11:58:34.477+0000] {dagbag.py:588} INFO - Filling up the DagBag from /home/airflow/.local/lib/python3.9/site-packages/airflow/example_dags/example_branch_day_of_week_operator.py
[2025-02-01T11:58:34.502+0000] {processor.py:925} INFO - DAG(s) 'example_weekday_branch_operator' retrieved from /home/airflow/.local/lib/python3.9/site-packages/airflow/example_dags/example_branch_day_of_week_operator.py
[2025-02-01T11:58:34.852+0000] {logging_mixin.py:190} INFO - [2025-02-01T11:58:34.851+0000] {override.py:1911} INFO - Created Permission View: can edit on DAG:example_weekday_branch_operator
[2025-02-01T11:58:34.876+0000] {logging_mixin.py:190} INFO - [2025-02-01T11:58:34.875+0000] {override.py:1911} INFO - Created Permission View: can delete on DAG:example_weekday_branch_operator
[2025-02-01T11:58:34.899+0000] {logging_mixin.py:190} INFO - [2025-02-01T11:58:34.898+0000] {override.py:1911} INFO - Created Permission View: can read on DAG:example_weekday_branch_operator
[2025-02-01T11:58:34.911+0000] {logging_mixin.py:190} INFO - [2025-02-01T11:58:34.910+0000] {override.py:1911} INFO - Created Permission View: can create on DAG Run:example_weekday_branch_operator
[2025-02-01T11:58:34.921+0000] {logging_mixin.py:190} INFO - [2025-02-01T11:58:34.921+0000] {override.py:1911} INFO - Created Permission View: can delete on DAG Run:example_weekday_branch_operator
[2025-02-01T11:58:34.934+0000] {logging_mixin.py:190} INFO - [2025-02-01T11:58:34.933+0000] {override.py:1911} INFO - Created Permission View: can read on DAG Run:example_weekday_branch_operator
[2025-02-01T11:58:34.947+0000] {logging_mixin.py:190} INFO - [2025-02-01T11:58:34.947+0000] {override.py:1911} INFO - Created Permission View: menu access on DAG Run:example_weekday_branch_operator
[2025-02-01T11:58:34.948+0000] {logging_mixin.py:190} INFO - [2025-02-01T11:58:34.947+0000] {dag.py:3239} INFO - Sync 1 DAGs
[2025-02-01T11:58:35.000+0000] {logging_mixin.py:190} INFO - [2025-02-01T11:58:35.000+0000] {dag.py:3262} INFO - Creating ORM DAG for example_weekday_branch_operator
[2025-02-01T11:58:35.017+0000] {logging_mixin.py:190} INFO - [2025-02-01T11:58:35.017+0000] {dag.py:4180} INFO - Setting next_dagrun for example_weekday_branch_operator to 2025-01-31 00:00:00+00:00, run_after=2025-02-01 00:00:00+00:00
[2025-02-01T11:58:35.053+0000] {processor.py:208} INFO - Processing /home/airflow/.local/lib/python3.9/site-packages/airflow/example_dags/example_branch_day_of_week_operator.py took 0.609 seconds
[2025-02-01T11:59:05.513+0000] {processor.py:186} INFO - Started process (PID=156) to work on /home/airflow/.local/lib/python3.9/site-packages/airflow/example_dags/example_branch_day_of_week_operator.py
[2025-02-01T11:59:05.523+0000] {processor.py:914} INFO - Processing file /home/airflow/.local/lib/python3.9/site-packages/airflow/example_dags/example_branch_day_of_week_operator.py for tasks to queue
[2025-02-01T11:59:05.525+0000] {logging_mixin.py:190} INFO - [2025-02-01T11:59:05.525+0000] {dagbag.py:588} INFO - Filling up the DagBag from /home/airflow/.local/lib/python3.9/site-packages/airflow/example_dags/example_branch_day_of_week_operator.py
[2025-02-01T11:59:05.555+0000] {processor.py:925} INFO - DAG(s) 'example_weekday_branch_operator' retrieved from /home/airflow/.local/lib/python3.9/site-packages/airflow/example_dags/example_branch_day_of_week_operator.py
[2025-02-01T11:59:05.676+0000] {logging_mixin.py:190} INFO - [2025-02-01T11:59:05.676+0000] {dag.py:3239} INFO - Sync 1 DAGs
[2025-02-01T11:59:05.751+0000] {logging_mixin.py:190} INFO - [2025-02-01T11:59:05.746+0000] {dag.py:4180} INFO - Setting next_dagrun for example_weekday_branch_operator to 2025-01-31 00:00:00+00:00, run_after=2025-02-01 00:00:00+00:00
[2025-02-01T11:59:05.817+0000] {processor.py:208} INFO - Processing /home/airflow/.local/lib/python3.9/site-packages/airflow/example_dags/example_branch_day_of_week_operator.py took 0.322 seconds
[2025-02-01T11:59:35.925+0000] {processor.py:186} INFO - Started process (PID=220) to work on /home/airflow/.local/lib/python3.9/site-packages/airflow/example_dags/example_branch_day_of_week_operator.py
[2025-02-01T11:59:35.926+0000] {processor.py:914} INFO - Processing file /home/airflow/.local/lib/python3.9/site-packages/airflow/example_dags/example_branch_day_of_week_operator.py for tasks to queue
[2025-02-01T11:59:35.928+0000] {logging_mixin.py:190} INFO - [2025-02-01T11:59:35.928+0000] {dagbag.py:588} INFO - Filling up the DagBag from /home/airflow/.local/lib/python3.9/site-packages/airflow/example_dags/example_branch_day_of_week_operator.py
[2025-02-01T11:59:35.950+0000] {processor.py:925} INFO - DAG(s) 'example_weekday_branch_operator' retrieved from /home/airflow/.local/lib/python3.9/site-packages/airflow/example_dags/example_branch_day_of_week_operator.py
[2025-02-01T11:59:35.996+0000] {logging_mixin.py:190} INFO - [2025-02-01T11:59:35.995+0000] {dag.py:3239} INFO - Sync 1 DAGs
[2025-02-01T11:59:36.084+0000] {logging_mixin.py:190} INFO - [2025-02-01T11:59:36.084+0000] {dag.py:4180} INFO - Setting next_dagrun for example_weekday_branch_operator to 2025-01-31 00:00:00+00:00, run_after=2025-02-01 00:00:00+00:00
[2025-02-01T11:59:36.152+0000] {processor.py:208} INFO - Processing /home/airflow/.local/lib/python3.9/site-packages/airflow/example_dags/example_branch_day_of_week_operator.py took 0.236 seconds
[2025-02-01T12:00:06.878+0000] {processor.py:186} INFO - Started process (PID=283) to work on /home/airflow/.local/lib/python3.9/site-packages/airflow/example_dags/example_branch_day_of_week_operator.py
[2025-02-01T12:00:06.879+0000] {processor.py:914} INFO - Processing file /home/airflow/.local/lib/python3.9/site-packages/airflow/example_dags/example_branch_day_of_week_operator.py for tasks to queue
[2025-02-01T12:00:06.881+0000] {logging_mixin.py:190} INFO - [2025-02-01T12:00:06.881+0000] {dagbag.py:588} INFO - Filling up the DagBag from /home/airflow/.local/lib/python3.9/site-packages/airflow/example_dags/example_branch_day_of_week_operator.py
[2025-02-01T12:00:06.892+0000] {processor.py:925} INFO - DAG(s) 'example_weekday_branch_operator' retrieved from /home/airflow/.local/lib/python3.9/site-packages/airflow/example_dags/example_branch_day_of_week_operator.py
[2025-02-01T12:00:06.916+0000] {logging_mixin.py:190} INFO - [2025-02-01T12:00:06.915+0000] {dag.py:3239} INFO - Sync 1 DAGs
[2025-02-01T12:00:06.959+0000] {logging_mixin.py:190} INFO - [2025-02-01T12:00:06.958+0000] {dag.py:4180} INFO - Setting next_dagrun for example_weekday_branch_operator to 2025-01-31 00:00:00+00:00, run_after=2025-02-01 00:00:00+00:00
[2025-02-01T12:00:06.978+0000] {processor.py:208} INFO - Processing /home/airflow/.local/lib/python3.9/site-packages/airflow/example_dags/example_branch_day_of_week_operator.py took 0.110 seconds
[2025-02-01T12:00:37.288+0000] {processor.py:186} INFO - Started process (PID=347) to work on /home/airflow/.local/lib/python3.9/site-packages/airflow/example_dags/example_branch_day_of_week_operator.py
[2025-02-01T12:00:37.288+0000] {processor.py:914} INFO - Processing file /home/airflow/.local/lib/python3.9/site-packages/airflow/example_dags/example_branch_day_of_week_operator.py for tasks to queue
[2025-02-01T12:00:37.291+0000] {logging_mixin.py:190} INFO - [2025-02-01T12:00:37.290+0000] {dagbag.py:588} INFO - Filling up the DagBag from /home/airflow/.local/lib/python3.9/site-packages/airflow/example_dags/example_branch_day_of_week_operator.py
[2025-02-01T12:00:37.301+0000] {processor.py:925} INFO - DAG(s) 'example_weekday_branch_operator' retrieved from /home/airflow/.local/lib/python3.9/site-packages/airflow/example_dags/example_branch_day_of_week_operator.py
[2025-02-01T12:00:37.325+0000] {logging_mixin.py:190} INFO - [2025-02-01T12:00:37.325+0000] {dag.py:3239} INFO - Sync 1 DAGs
[2025-02-01T12:00:37.363+0000] {logging_mixin.py:190} INFO - [2025-02-01T12:00:37.363+0000] {dag.py:4180} INFO - Setting next_dagrun for example_weekday_branch_operator to 2025-01-31 00:00:00+00:00, run_after=2025-02-01 00:00:00+00:00
[2025-02-01T12:00:37.381+0000] {processor.py:208} INFO - Processing /home/airflow/.local/lib/python3.9/site-packages/airflow/example_dags/example_branch_day_of_week_operator.py took 0.100 seconds
[2025-02-01T12:01:07.438+0000] {processor.py:186} INFO - Started process (PID=409) to work on /home/airflow/.local/lib/python3.9/site-packages/airflow/example_dags/example_branch_day_of_week_operator.py
[2025-02-01T12:01:07.439+0000] {processor.py:914} INFO - Processing file /home/airflow/.local/lib/python3.9/site-packages/airflow/example_dags/example_branch_day_of_week_operator.py for tasks to queue
[2025-02-01T12:01:07.441+0000] {logging_mixin.py:190} INFO - [2025-02-01T12:01:07.441+0000] {dagbag.py:588} INFO - Filling up the DagBag from /home/airflow/.local/lib/python3.9/site-packages/airflow/example_dags/example_branch_day_of_week_operator.py
[2025-02-01T12:01:07.451+0000] {processor.py:925} INFO - DAG(s) 'example_weekday_branch_operator' retrieved from /home/airflow/.local/lib/python3.9/site-packages/airflow/example_dags/example_branch_day_of_week_operator.py
[2025-02-01T12:01:07.475+0000] {logging_mixin.py:190} INFO - [2025-02-01T12:01:07.474+0000] {dag.py:3239} INFO - Sync 1 DAGs
[2025-02-01T12:01:07.544+0000] {logging_mixin.py:190} INFO - [2025-02-01T12:01:07.544+0000] {dag.py:4180} INFO - Setting next_dagrun for example_weekday_branch_operator to 2025-01-31 00:00:00+00:00, run_after=2025-02-01 00:00:00+00:00
[2025-02-01T12:01:07.566+0000] {processor.py:208} INFO - Processing /home/airflow/.local/lib/python3.9/site-packages/airflow/example_dags/example_branch_day_of_week_operator.py took 0.134 seconds
[2025-02-01T12:01:38.048+0000] {processor.py:186} INFO - Started process (PID=472) to work on /home/airflow/.local/lib/python3.9/site-packages/airflow/example_dags/example_branch_day_of_week_operator.py
[2025-02-01T12:01:38.049+0000] {processor.py:914} INFO - Processing file /home/airflow/.local/lib/python3.9/site-packages/airflow/example_dags/example_branch_day_of_week_operator.py for tasks to queue
[2025-02-01T12:01:38.051+0000] {logging_mixin.py:190} INFO - [2025-02-01T12:01:38.050+0000] {dagbag.py:588} INFO - Filling up the DagBag from /home/airflow/.local/lib/python3.9/site-packages/airflow/example_dags/example_branch_day_of_week_operator.py
[2025-02-01T12:01:38.061+0000] {processor.py:925} INFO - DAG(s) 'example_weekday_branch_operator' retrieved from /home/airflow/.local/lib/python3.9/site-packages/airflow/example_dags/example_branch_day_of_week_operator.py
[2025-02-01T12:01:38.084+0000] {logging_mixin.py:190} INFO - [2025-02-01T12:01:38.083+0000] {dag.py:3239} INFO - Sync 1 DAGs
[2025-02-01T12:01:38.111+0000] {logging_mixin.py:190} INFO - [2025-02-01T12:01:38.111+0000] {dag.py:4180} INFO - Setting next_dagrun for example_weekday_branch_operator to 2025-01-31 00:00:00+00:00, run_after=2025-02-01 00:00:00+00:00
[2025-02-01T12:01:38.128+0000] {processor.py:208} INFO - Processing /home/airflow/.local/lib/python3.9/site-packages/airflow/example_dags/example_branch_day_of_week_operator.py took 0.087 seconds
[2025-02-01T12:02:08.912+0000] {processor.py:186} INFO - Started process (PID=536) to work on /home/airflow/.local/lib/python3.9/site-packages/airflow/example_dags/example_branch_day_of_week_operator.py
[2025-02-01T12:02:08.913+0000] {processor.py:914} INFO - Processing file /home/airflow/.local/lib/python3.9/site-packages/airflow/example_dags/example_branch_day_of_week_operator.py for tasks to queue
[2025-02-01T12:02:08.915+0000] {logging_mixin.py:190} INFO - [2025-02-01T12:02:08.915+0000] {dagbag.py:588} INFO - Filling up the DagBag from /home/airflow/.local/lib/python3.9/site-packages/airflow/example_dags/example_branch_day_of_week_operator.py
[2025-02-01T12:02:08.934+0000] {processor.py:925} INFO - DAG(s) 'example_weekday_branch_operator' retrieved from /home/airflow/.local/lib/python3.9/site-packages/airflow/example_dags/example_branch_day_of_week_operator.py
[2025-02-01T12:02:08.956+0000] {logging_mixin.py:190} INFO - [2025-02-01T12:02:08.956+0000] {dag.py:3239} INFO - Sync 1 DAGs
[2025-02-01T12:02:08.984+0000] {logging_mixin.py:190} INFO - [2025-02-01T12:02:08.983+0000] {dag.py:4180} INFO - Setting next_dagrun for example_weekday_branch_operator to 2025-01-31 00:00:00+00:00, run_after=2025-02-01 00:00:00+00:00
[2025-02-01T12:02:09.000+0000] {processor.py:208} INFO - Processing /home/airflow/.local/lib/python3.9/site-packages/airflow/example_dags/example_branch_day_of_week_operator.py took 0.094 seconds
[2025-02-01T12:02:39.069+0000] {processor.py:186} INFO - Started process (PID=599) to work on /home/airflow/.local/lib/python3.9/site-packages/airflow/example_dags/example_branch_day_of_week_operator.py
[2025-02-01T12:02:39.069+0000] {processor.py:914} INFO - Processing file /home/airflow/.local/lib/python3.9/site-packages/airflow/example_dags/example_branch_day_of_week_operator.py for tasks to queue
[2025-02-01T12:02:39.071+0000] {logging_mixin.py:190} INFO - [2025-02-01T12:02:39.071+0000] {dagbag.py:588} INFO - Filling up the DagBag from /home/airflow/.local/lib/python3.9/site-packages/airflow/example_dags/example_branch_day_of_week_operator.py
[2025-02-01T12:02:39.081+0000] {processor.py:925} INFO - DAG(s) 'example_weekday_branch_operator' retrieved from /home/airflow/.local/lib/python3.9/site-packages/airflow/example_dags/example_branch_day_of_week_operator.py
[2025-02-01T12:02:39.102+0000] {logging_mixin.py:190} INFO - [2025-02-01T12:02:39.102+0000] {dag.py:3239} INFO - Sync 1 DAGs
[2025-02-01T12:02:39.128+0000] {logging_mixin.py:190} INFO - [2025-02-01T12:02:39.128+0000] {dag.py:4180} INFO - Setting next_dagrun for example_weekday_branch_operator to 2025-01-31 00:00:00+00:00, run_after=2025-02-01 00:00:00+00:00
[2025-02-01T12:02:39.145+0000] {processor.py:208} INFO - Processing /home/airflow/.local/lib/python3.9/site-packages/airflow/example_dags/example_branch_day_of_week_operator.py took 0.083 seconds
[2025-02-01T12:03:11.957+0000] {processor.py:186} INFO - Started process (PID=661) to work on /home/airflow/.local/lib/python3.9/site-packages/airflow/example_dags/example_branch_day_of_week_operator.py
[2025-02-01T12:03:11.975+0000] {processor.py:914} INFO - Processing file /home/airflow/.local/lib/python3.9/site-packages/airflow/example_dags/example_branch_day_of_week_operator.py for tasks to queue
[2025-02-01T12:03:11.978+0000] {logging_mixin.py:190} INFO - [2025-02-01T12:03:11.978+0000] {dagbag.py:588} INFO - Filling up the DagBag from /home/airflow/.local/lib/python3.9/site-packages/airflow/example_dags/example_branch_day_of_week_operator.py
[2025-02-01T12:03:12.018+0000] {processor.py:925} INFO - DAG(s) 'example_weekday_branch_operator' retrieved from /home/airflow/.local/lib/python3.9/site-packages/airflow/example_dags/example_branch_day_of_week_operator.py
[2025-02-01T12:03:12.059+0000] {logging_mixin.py:190} INFO - [2025-02-01T12:03:12.059+0000] {dag.py:3239} INFO - Sync 1 DAGs
[2025-02-01T12:03:12.107+0000] {logging_mixin.py:190} INFO - [2025-02-01T12:03:12.106+0000] {dag.py:4180} INFO - Setting next_dagrun for example_weekday_branch_operator to 2025-01-31 00:00:00+00:00, run_after=2025-02-01 00:00:00+00:00
[2025-02-01T12:03:12.165+0000] {processor.py:208} INFO - Processing /home/airflow/.local/lib/python3.9/site-packages/airflow/example_dags/example_branch_day_of_week_operator.py took 0.231 seconds
[2025-02-01T12:03:42.582+0000] {processor.py:186} INFO - Started process (PID=724) to work on /home/airflow/.local/lib/python3.9/site-packages/airflow/example_dags/example_branch_day_of_week_operator.py
[2025-02-01T12:03:42.587+0000] {processor.py:914} INFO - Processing file /home/airflow/.local/lib/python3.9/site-packages/airflow/example_dags/example_branch_day_of_week_operator.py for tasks to queue
[2025-02-01T12:03:42.590+0000] {logging_mixin.py:190} INFO - [2025-02-01T12:03:42.589+0000] {dagbag.py:588} INFO - Filling up the DagBag from /home/airflow/.local/lib/python3.9/site-packages/airflow/example_dags/example_branch_day_of_week_operator.py
[2025-02-01T12:03:42.617+0000] {processor.py:925} INFO - DAG(s) 'example_weekday_branch_operator' retrieved from /home/airflow/.local/lib/python3.9/site-packages/airflow/example_dags/example_branch_day_of_week_operator.py
[2025-02-01T12:03:42.680+0000] {logging_mixin.py:190} INFO - [2025-02-01T12:03:42.680+0000] {dag.py:3239} INFO - Sync 1 DAGs
[2025-02-01T12:03:42.734+0000] {logging_mixin.py:190} INFO - [2025-02-01T12:03:42.734+0000] {dag.py:4180} INFO - Setting next_dagrun for example_weekday_branch_operator to 2025-01-31 00:00:00+00:00, run_after=2025-02-01 00:00:00+00:00
[2025-02-01T12:03:42.770+0000] {processor.py:208} INFO - Processing /home/airflow/.local/lib/python3.9/site-packages/airflow/example_dags/example_branch_day_of_week_operator.py took 0.195 seconds
[2025-02-01T12:04:13.672+0000] {processor.py:186} INFO - Started process (PID=786) to work on /home/airflow/.local/lib/python3.9/site-packages/airflow/example_dags/example_branch_day_of_week_operator.py
[2025-02-01T12:04:13.673+0000] {processor.py:914} INFO - Processing file /home/airflow/.local/lib/python3.9/site-packages/airflow/example_dags/example_branch_day_of_week_operator.py for tasks to queue
[2025-02-01T12:04:13.675+0000] {logging_mixin.py:190} INFO - [2025-02-01T12:04:13.675+0000] {dagbag.py:588} INFO - Filling up the DagBag from /home/airflow/.local/lib/python3.9/site-packages/airflow/example_dags/example_branch_day_of_week_operator.py
[2025-02-01T12:04:13.686+0000] {processor.py:925} INFO - DAG(s) 'example_weekday_branch_operator' retrieved from /home/airflow/.local/lib/python3.9/site-packages/airflow/example_dags/example_branch_day_of_week_operator.py
[2025-02-01T12:04:13.710+0000] {logging_mixin.py:190} INFO - [2025-02-01T12:04:13.709+0000] {dag.py:3239} INFO - Sync 1 DAGs
[2025-02-01T12:04:13.741+0000] {logging_mixin.py:190} INFO - [2025-02-01T12:04:13.741+0000] {dag.py:4180} INFO - Setting next_dagrun for example_weekday_branch_operator to 2025-01-31 00:00:00+00:00, run_after=2025-02-01 00:00:00+00:00
[2025-02-01T12:04:13.759+0000] {processor.py:208} INFO - Processing /home/airflow/.local/lib/python3.9/site-packages/airflow/example_dags/example_branch_day_of_week_operator.py took 0.093 seconds
[2025-02-01T12:04:43.888+0000] {processor.py:186} INFO - Started process (PID=850) to work on /home/airflow/.local/lib/python3.9/site-packages/airflow/example_dags/example_branch_day_of_week_operator.py
[2025-02-01T12:04:43.891+0000] {processor.py:914} INFO - Processing file /home/airflow/.local/lib/python3.9/site-packages/airflow/example_dags/example_branch_day_of_week_operator.py for tasks to queue
[2025-02-01T12:04:43.893+0000] {logging_mixin.py:190} INFO - [2025-02-01T12:04:43.893+0000] {dagbag.py:588} INFO - Filling up the DagBag from /home/airflow/.local/lib/python3.9/site-packages/airflow/example_dags/example_branch_day_of_week_operator.py
[2025-02-01T12:04:43.908+0000] {processor.py:925} INFO - DAG(s) 'example_weekday_branch_operator' retrieved from /home/airflow/.local/lib/python3.9/site-packages/airflow/example_dags/example_branch_day_of_week_operator.py
[2025-02-01T12:04:43.929+0000] {logging_mixin.py:190} INFO - [2025-02-01T12:04:43.929+0000] {dag.py:3239} INFO - Sync 1 DAGs
[2025-02-01T12:04:43.955+0000] {logging_mixin.py:190} INFO - [2025-02-01T12:04:43.955+0000] {dag.py:4180} INFO - Setting next_dagrun for example_weekday_branch_operator to 2025-01-31 00:00:00+00:00, run_after=2025-02-01 00:00:00+00:00
[2025-02-01T12:04:43.971+0000] {processor.py:208} INFO - Processing /home/airflow/.local/lib/python3.9/site-packages/airflow/example_dags/example_branch_day_of_week_operator.py took 0.088 seconds
[2025-02-01T12:05:14.043+0000] {processor.py:186} INFO - Started process (PID=912) to work on /home/airflow/.local/lib/python3.9/site-packages/airflow/example_dags/example_branch_day_of_week_operator.py
[2025-02-01T12:05:14.044+0000] {processor.py:914} INFO - Processing file /home/airflow/.local/lib/python3.9/site-packages/airflow/example_dags/example_branch_day_of_week_operator.py for tasks to queue
[2025-02-01T12:05:14.046+0000] {logging_mixin.py:190} INFO - [2025-02-01T12:05:14.045+0000] {dagbag.py:588} INFO - Filling up the DagBag from /home/airflow/.local/lib/python3.9/site-packages/airflow/example_dags/example_branch_day_of_week_operator.py
[2025-02-01T12:05:14.056+0000] {processor.py:925} INFO - DAG(s) 'example_weekday_branch_operator' retrieved from /home/airflow/.local/lib/python3.9/site-packages/airflow/example_dags/example_branch_day_of_week_operator.py
[2025-02-01T12:05:14.079+0000] {logging_mixin.py:190} INFO - [2025-02-01T12:05:14.078+0000] {dag.py:3239} INFO - Sync 1 DAGs
[2025-02-01T12:05:14.109+0000] {logging_mixin.py:190} INFO - [2025-02-01T12:05:14.109+0000] {dag.py:4180} INFO - Setting next_dagrun for example_weekday_branch_operator to 2025-01-31 00:00:00+00:00, run_after=2025-02-01 00:00:00+00:00
[2025-02-01T12:05:14.134+0000] {processor.py:208} INFO - Processing /home/airflow/.local/lib/python3.9/site-packages/airflow/example_dags/example_branch_day_of_week_operator.py took 0.097 seconds
[2025-02-01T12:05:44.498+0000] {processor.py:186} INFO - Started process (PID=974) to work on /home/airflow/.local/lib/python3.9/site-packages/airflow/example_dags/example_branch_day_of_week_operator.py
[2025-02-01T12:05:44.499+0000] {processor.py:914} INFO - Processing file /home/airflow/.local/lib/python3.9/site-packages/airflow/example_dags/example_branch_day_of_week_operator.py for tasks to queue
[2025-02-01T12:05:44.501+0000] {logging_mixin.py:190} INFO - [2025-02-01T12:05:44.501+0000] {dagbag.py:588} INFO - Filling up the DagBag from /home/airflow/.local/lib/python3.9/site-packages/airflow/example_dags/example_branch_day_of_week_operator.py
[2025-02-01T12:05:44.512+0000] {processor.py:925} INFO - DAG(s) 'example_weekday_branch_operator' retrieved from /home/airflow/.local/lib/python3.9/site-packages/airflow/example_dags/example_branch_day_of_week_operator.py
[2025-02-01T12:05:44.534+0000] {logging_mixin.py:190} INFO - [2025-02-01T12:05:44.534+0000] {dag.py:3239} INFO - Sync 1 DAGs
[2025-02-01T12:05:44.560+0000] {logging_mixin.py:190} INFO - [2025-02-01T12:05:44.559+0000] {dag.py:4180} INFO - Setting next_dagrun for example_weekday_branch_operator to 2025-01-31 00:00:00+00:00, run_after=2025-02-01 00:00:00+00:00
[2025-02-01T12:05:44.576+0000] {processor.py:208} INFO - Processing /home/airflow/.local/lib/python3.9/site-packages/airflow/example_dags/example_branch_day_of_week_operator.py took 0.084 seconds
[2025-02-01T12:06:14.706+0000] {processor.py:186} INFO - Started process (PID=1037) to work on /home/airflow/.local/lib/python3.9/site-packages/airflow/example_dags/example_branch_day_of_week_operator.py
[2025-02-01T12:06:14.707+0000] {processor.py:914} INFO - Processing file /home/airflow/.local/lib/python3.9/site-packages/airflow/example_dags/example_branch_day_of_week_operator.py for tasks to queue
[2025-02-01T12:06:14.709+0000] {logging_mixin.py:190} INFO - [2025-02-01T12:06:14.709+0000] {dagbag.py:588} INFO - Filling up the DagBag from /home/airflow/.local/lib/python3.9/site-packages/airflow/example_dags/example_branch_day_of_week_operator.py
[2025-02-01T12:06:14.725+0000] {processor.py:925} INFO - DAG(s) 'example_weekday_branch_operator' retrieved from /home/airflow/.local/lib/python3.9/site-packages/airflow/example_dags/example_branch_day_of_week_operator.py
[2025-02-01T12:06:14.760+0000] {logging_mixin.py:190} INFO - [2025-02-01T12:06:14.760+0000] {dag.py:3239} INFO - Sync 1 DAGs
[2025-02-01T12:06:14.793+0000] {logging_mixin.py:190} INFO - [2025-02-01T12:06:14.793+0000] {dag.py:4180} INFO - Setting next_dagrun for example_weekday_branch_operator to 2025-01-31 00:00:00+00:00, run_after=2025-02-01 00:00:00+00:00
[2025-02-01T12:06:14.812+0000] {processor.py:208} INFO - Processing /home/airflow/.local/lib/python3.9/site-packages/airflow/example_dags/example_branch_day_of_week_operator.py took 0.113 seconds
[2025-02-01T12:06:44.887+0000] {processor.py:186} INFO - Started process (PID=1098) to work on /home/airflow/.local/lib/python3.9/site-packages/airflow/example_dags/example_branch_day_of_week_operator.py
[2025-02-01T12:06:44.888+0000] {processor.py:914} INFO - Processing file /home/airflow/.local/lib/python3.9/site-packages/airflow/example_dags/example_branch_day_of_week_operator.py for tasks to queue
[2025-02-01T12:06:44.890+0000] {logging_mixin.py:190} INFO - [2025-02-01T12:06:44.889+0000] {dagbag.py:588} INFO - Filling up the DagBag from /home/airflow/.local/lib/python3.9/site-packages/airflow/example_dags/example_branch_day_of_week_operator.py
[2025-02-01T12:06:44.897+0000] {processor.py:925} INFO - DAG(s) 'example_weekday_branch_operator' retrieved from /home/airflow/.local/lib/python3.9/site-packages/airflow/example_dags/example_branch_day_of_week_operator.py
[2025-02-01T12:06:44.913+0000] {logging_mixin.py:190} INFO - [2025-02-01T12:06:44.913+0000] {dag.py:3239} INFO - Sync 1 DAGs
[2025-02-01T12:06:44.930+0000] {logging_mixin.py:190} INFO - [2025-02-01T12:06:44.930+0000] {dag.py:4180} INFO - Setting next_dagrun for example_weekday_branch_operator to 2025-01-31 00:00:00+00:00, run_after=2025-02-01 00:00:00+00:00
[2025-02-01T12:06:44.944+0000] {processor.py:208} INFO - Processing /home/airflow/.local/lib/python3.9/site-packages/airflow/example_dags/example_branch_day_of_week_operator.py took 0.063 seconds
[2025-02-01T12:07:15.290+0000] {processor.py:186} INFO - Started process (PID=1161) to work on /home/airflow/.local/lib/python3.9/site-packages/airflow/example_dags/example_branch_day_of_week_operator.py
[2025-02-01T12:07:15.291+0000] {processor.py:914} INFO - Processing file /home/airflow/.local/lib/python3.9/site-packages/airflow/example_dags/example_branch_day_of_week_operator.py for tasks to queue
[2025-02-01T12:07:15.293+0000] {logging_mixin.py:190} INFO - [2025-02-01T12:07:15.292+0000] {dagbag.py:588} INFO - Filling up the DagBag from /home/airflow/.local/lib/python3.9/site-packages/airflow/example_dags/example_branch_day_of_week_operator.py
[2025-02-01T12:07:15.300+0000] {processor.py:925} INFO - DAG(s) 'example_weekday_branch_operator' retrieved from /home/airflow/.local/lib/python3.9/site-packages/airflow/example_dags/example_branch_day_of_week_operator.py
[2025-02-01T12:07:15.315+0000] {logging_mixin.py:190} INFO - [2025-02-01T12:07:15.315+0000] {dag.py:3239} INFO - Sync 1 DAGs
[2025-02-01T12:07:15.333+0000] {logging_mixin.py:190} INFO - [2025-02-01T12:07:15.333+0000] {dag.py:4180} INFO - Setting next_dagrun for example_weekday_branch_operator to 2025-01-31 00:00:00+00:00, run_after=2025-02-01 00:00:00+00:00
[2025-02-01T12:07:15.346+0000] {processor.py:208} INFO - Processing /home/airflow/.local/lib/python3.9/site-packages/airflow/example_dags/example_branch_day_of_week_operator.py took 0.060 seconds
[2025-02-01T12:07:46.224+0000] {processor.py:186} INFO - Started process (PID=1224) to work on /home/airflow/.local/lib/python3.9/site-packages/airflow/example_dags/example_branch_day_of_week_operator.py
[2025-02-01T12:07:46.226+0000] {processor.py:914} INFO - Processing file /home/airflow/.local/lib/python3.9/site-packages/airflow/example_dags/example_branch_day_of_week_operator.py for tasks to queue
[2025-02-01T12:07:46.228+0000] {logging_mixin.py:190} INFO - [2025-02-01T12:07:46.227+0000] {dagbag.py:588} INFO - Filling up the DagBag from /home/airflow/.local/lib/python3.9/site-packages/airflow/example_dags/example_branch_day_of_week_operator.py
[2025-02-01T12:07:46.235+0000] {processor.py:925} INFO - DAG(s) 'example_weekday_branch_operator' retrieved from /home/airflow/.local/lib/python3.9/site-packages/airflow/example_dags/example_branch_day_of_week_operator.py
[2025-02-01T12:07:46.251+0000] {logging_mixin.py:190} INFO - [2025-02-01T12:07:46.251+0000] {dag.py:3239} INFO - Sync 1 DAGs
[2025-02-01T12:07:46.268+0000] {logging_mixin.py:190} INFO - [2025-02-01T12:07:46.268+0000] {dag.py:4180} INFO - Setting next_dagrun for example_weekday_branch_operator to 2025-01-31 00:00:00+00:00, run_after=2025-02-01 00:00:00+00:00
[2025-02-01T12:07:46.281+0000] {processor.py:208} INFO - Processing /home/airflow/.local/lib/python3.9/site-packages/airflow/example_dags/example_branch_day_of_week_operator.py took 0.062 seconds
[2025-02-01T12:08:17.110+0000] {processor.py:186} INFO - Started process (PID=1288) to work on /home/airflow/.local/lib/python3.9/site-packages/airflow/example_dags/example_branch_day_of_week_operator.py
[2025-02-01T12:08:17.111+0000] {processor.py:914} INFO - Processing file /home/airflow/.local/lib/python3.9/site-packages/airflow/example_dags/example_branch_day_of_week_operator.py for tasks to queue
[2025-02-01T12:08:17.114+0000] {logging_mixin.py:190} INFO - [2025-02-01T12:08:17.113+0000] {dagbag.py:588} INFO - Filling up the DagBag from /home/airflow/.local/lib/python3.9/site-packages/airflow/example_dags/example_branch_day_of_week_operator.py
[2025-02-01T12:08:17.146+0000] {processor.py:925} INFO - DAG(s) 'example_weekday_branch_operator' retrieved from /home/airflow/.local/lib/python3.9/site-packages/airflow/example_dags/example_branch_day_of_week_operator.py
[2025-02-01T12:08:17.172+0000] {logging_mixin.py:190} INFO - [2025-02-01T12:08:17.172+0000] {dag.py:3239} INFO - Sync 1 DAGs
[2025-02-01T12:08:17.206+0000] {logging_mixin.py:190} INFO - [2025-02-01T12:08:17.206+0000] {dag.py:4180} INFO - Setting next_dagrun for example_weekday_branch_operator to 2025-01-31 00:00:00+00:00, run_after=2025-02-01 00:00:00+00:00
[2025-02-01T12:08:17.285+0000] {processor.py:208} INFO - Processing /home/airflow/.local/lib/python3.9/site-packages/airflow/example_dags/example_branch_day_of_week_operator.py took 0.183 seconds
[2025-02-01T12:08:47.397+0000] {processor.py:186} INFO - Started process (PID=1351) to work on /home/airflow/.local/lib/python3.9/site-packages/airflow/example_dags/example_branch_day_of_week_operator.py
[2025-02-01T12:08:47.398+0000] {processor.py:914} INFO - Processing file /home/airflow/.local/lib/python3.9/site-packages/airflow/example_dags/example_branch_day_of_week_operator.py for tasks to queue
[2025-02-01T12:08:47.399+0000] {logging_mixin.py:190} INFO - [2025-02-01T12:08:47.399+0000] {dagbag.py:588} INFO - Filling up the DagBag from /home/airflow/.local/lib/python3.9/site-packages/airflow/example_dags/example_branch_day_of_week_operator.py
[2025-02-01T12:08:47.407+0000] {processor.py:925} INFO - DAG(s) 'example_weekday_branch_operator' retrieved from /home/airflow/.local/lib/python3.9/site-packages/airflow/example_dags/example_branch_day_of_week_operator.py
[2025-02-01T12:08:47.422+0000] {logging_mixin.py:190} INFO - [2025-02-01T12:08:47.422+0000] {dag.py:3239} INFO - Sync 1 DAGs
[2025-02-01T12:08:47.440+0000] {logging_mixin.py:190} INFO - [2025-02-01T12:08:47.440+0000] {dag.py:4180} INFO - Setting next_dagrun for example_weekday_branch_operator to 2025-01-31 00:00:00+00:00, run_after=2025-02-01 00:00:00+00:00
[2025-02-01T12:08:47.453+0000] {processor.py:208} INFO - Processing /home/airflow/.local/lib/python3.9/site-packages/airflow/example_dags/example_branch_day_of_week_operator.py took 0.061 seconds
[2025-02-01T12:09:17.629+0000] {processor.py:186} INFO - Started process (PID=1414) to work on /home/airflow/.local/lib/python3.9/site-packages/airflow/example_dags/example_branch_day_of_week_operator.py
[2025-02-01T12:09:17.629+0000] {processor.py:914} INFO - Processing file /home/airflow/.local/lib/python3.9/site-packages/airflow/example_dags/example_branch_day_of_week_operator.py for tasks to queue
[2025-02-01T12:09:17.631+0000] {logging_mixin.py:190} INFO - [2025-02-01T12:09:17.631+0000] {dagbag.py:588} INFO - Filling up the DagBag from /home/airflow/.local/lib/python3.9/site-packages/airflow/example_dags/example_branch_day_of_week_operator.py
[2025-02-01T12:09:17.638+0000] {processor.py:925} INFO - DAG(s) 'example_weekday_branch_operator' retrieved from /home/airflow/.local/lib/python3.9/site-packages/airflow/example_dags/example_branch_day_of_week_operator.py
[2025-02-01T12:09:17.656+0000] {logging_mixin.py:190} INFO - [2025-02-01T12:09:17.656+0000] {dag.py:3239} INFO - Sync 1 DAGs
[2025-02-01T12:09:17.679+0000] {logging_mixin.py:190} INFO - [2025-02-01T12:09:17.679+0000] {dag.py:4180} INFO - Setting next_dagrun for example_weekday_branch_operator to 2025-01-31 00:00:00+00:00, run_after=2025-02-01 00:00:00+00:00
[2025-02-01T12:09:17.691+0000] {processor.py:208} INFO - Processing /home/airflow/.local/lib/python3.9/site-packages/airflow/example_dags/example_branch_day_of_week_operator.py took 0.067 seconds
[2025-02-01T12:09:47.762+0000] {processor.py:186} INFO - Started process (PID=1477) to work on /home/airflow/.local/lib/python3.9/site-packages/airflow/example_dags/example_branch_day_of_week_operator.py
[2025-02-01T12:09:47.763+0000] {processor.py:914} INFO - Processing file /home/airflow/.local/lib/python3.9/site-packages/airflow/example_dags/example_branch_day_of_week_operator.py for tasks to queue
[2025-02-01T12:09:47.765+0000] {logging_mixin.py:190} INFO - [2025-02-01T12:09:47.765+0000] {dagbag.py:588} INFO - Filling up the DagBag from /home/airflow/.local/lib/python3.9/site-packages/airflow/example_dags/example_branch_day_of_week_operator.py
[2025-02-01T12:09:47.776+0000] {processor.py:925} INFO - DAG(s) 'example_weekday_branch_operator' retrieved from /home/airflow/.local/lib/python3.9/site-packages/airflow/example_dags/example_branch_day_of_week_operator.py
[2025-02-01T12:09:47.797+0000] {logging_mixin.py:190} INFO - [2025-02-01T12:09:47.797+0000] {dag.py:3239} INFO - Sync 1 DAGs
[2025-02-01T12:09:47.825+0000] {logging_mixin.py:190} INFO - [2025-02-01T12:09:47.825+0000] {dag.py:4180} INFO - Setting next_dagrun for example_weekday_branch_operator to 2025-01-31 00:00:00+00:00, run_after=2025-02-01 00:00:00+00:00
[2025-02-01T12:09:47.843+0000] {processor.py:208} INFO - Processing /home/airflow/.local/lib/python3.9/site-packages/airflow/example_dags/example_branch_day_of_week_operator.py took 0.087 seconds
