[2025-02-01T11:58:40.948+0000] {processor.py:186} INFO - Started process (PID=109) to work on /home/airflow/.local/lib/python3.9/site-packages/airflow/example_dags/example_display_name.py
[2025-02-01T11:58:40.951+0000] {processor.py:914} INFO - Processing file /home/airflow/.local/lib/python3.9/site-packages/airflow/example_dags/example_display_name.py for tasks to queue
[2025-02-01T11:58:40.960+0000] {logging_mixin.py:190} INFO - [2025-02-01T11:58:40.959+0000] {dagbag.py:588} INFO - Filling up the DagBag from /home/airflow/.local/lib/python3.9/site-packages/airflow/example_dags/example_display_name.py
[2025-02-01T11:58:40.979+0000] {processor.py:925} INFO - DAG(s) 'example_display_name' retrieved from /home/airflow/.local/lib/python3.9/site-packages/airflow/example_dags/example_display_name.py
[2025-02-01T11:58:41.189+0000] {logging_mixin.py:190} INFO - [2025-02-01T11:58:41.188+0000] {override.py:1911} INFO - Created Permission View: can edit on DAG:example_display_name
[2025-02-01T11:58:41.203+0000] {logging_mixin.py:190} INFO - [2025-02-01T11:58:41.202+0000] {override.py:1911} INFO - Created Permission View: can delete on DAG:example_display_name
[2025-02-01T11:58:41.210+0000] {logging_mixin.py:190} INFO - [2025-02-01T11:58:41.209+0000] {override.py:1911} INFO - Created Permission View: can read on DAG:example_display_name
[2025-02-01T11:58:41.217+0000] {logging_mixin.py:190} INFO - [2025-02-01T11:58:41.217+0000] {override.py:1911} INFO - Created Permission View: can create on DAG Run:example_display_name
[2025-02-01T11:58:41.235+0000] {logging_mixin.py:190} INFO - [2025-02-01T11:58:41.234+0000] {override.py:1911} INFO - Created Permission View: can delete on DAG Run:example_display_name
[2025-02-01T11:58:41.262+0000] {logging_mixin.py:190} INFO - [2025-02-01T11:58:41.261+0000] {override.py:1911} INFO - Created Permission View: can read on DAG Run:example_display_name
[2025-02-01T11:58:41.281+0000] {logging_mixin.py:190} INFO - [2025-02-01T11:58:41.278+0000] {override.py:1911} INFO - Created Permission View: menu access on DAG Run:example_display_name
[2025-02-01T11:58:41.281+0000] {logging_mixin.py:190} INFO - [2025-02-01T11:58:41.281+0000] {dag.py:3239} INFO - Sync 1 DAGs
[2025-02-01T11:58:41.309+0000] {logging_mixin.py:190} INFO - [2025-02-01T11:58:41.309+0000] {dag.py:3262} INFO - Creating ORM DAG for example_display_name
[2025-02-01T11:58:41.310+0000] {logging_mixin.py:190} INFO - [2025-02-01T11:58:41.310+0000] {dag.py:4180} INFO - Setting next_dagrun for example_display_name to None, run_after=None
[2025-02-01T11:58:41.328+0000] {processor.py:208} INFO - Processing /home/airflow/.local/lib/python3.9/site-packages/airflow/example_dags/example_display_name.py took 0.400 seconds
[2025-02-01T11:59:11.595+0000] {processor.py:186} INFO - Started process (PID=172) to work on /home/airflow/.local/lib/python3.9/site-packages/airflow/example_dags/example_display_name.py
[2025-02-01T11:59:11.596+0000] {processor.py:914} INFO - Processing file /home/airflow/.local/lib/python3.9/site-packages/airflow/example_dags/example_display_name.py for tasks to queue
[2025-02-01T11:59:11.598+0000] {logging_mixin.py:190} INFO - [2025-02-01T11:59:11.597+0000] {dagbag.py:588} INFO - Filling up the DagBag from /home/airflow/.local/lib/python3.9/site-packages/airflow/example_dags/example_display_name.py
[2025-02-01T11:59:11.603+0000] {processor.py:925} INFO - DAG(s) 'example_display_name' retrieved from /home/airflow/.local/lib/python3.9/site-packages/airflow/example_dags/example_display_name.py
[2025-02-01T11:59:11.619+0000] {logging_mixin.py:190} INFO - [2025-02-01T11:59:11.619+0000] {dag.py:3239} INFO - Sync 1 DAGs
[2025-02-01T11:59:11.634+0000] {logging_mixin.py:190} INFO - [2025-02-01T11:59:11.634+0000] {dag.py:4180} INFO - Setting next_dagrun for example_display_name to None, run_after=None
[2025-02-01T11:59:11.647+0000] {processor.py:208} INFO - Processing /home/airflow/.local/lib/python3.9/site-packages/airflow/example_dags/example_display_name.py took 0.056 seconds
[2025-02-01T11:59:43.252+0000] {processor.py:186} INFO - Started process (PID=236) to work on /home/airflow/.local/lib/python3.9/site-packages/airflow/example_dags/example_display_name.py
[2025-02-01T11:59:43.252+0000] {processor.py:914} INFO - Processing file /home/airflow/.local/lib/python3.9/site-packages/airflow/example_dags/example_display_name.py for tasks to queue
[2025-02-01T11:59:43.255+0000] {logging_mixin.py:190} INFO - [2025-02-01T11:59:43.255+0000] {dagbag.py:588} INFO - Filling up the DagBag from /home/airflow/.local/lib/python3.9/site-packages/airflow/example_dags/example_display_name.py
[2025-02-01T11:59:43.263+0000] {processor.py:925} INFO - DAG(s) 'example_display_name' retrieved from /home/airflow/.local/lib/python3.9/site-packages/airflow/example_dags/example_display_name.py
[2025-02-01T11:59:43.284+0000] {logging_mixin.py:190} INFO - [2025-02-01T11:59:43.283+0000] {dag.py:3239} INFO - Sync 1 DAGs
[2025-02-01T11:59:43.299+0000] {logging_mixin.py:190} INFO - [2025-02-01T11:59:43.299+0000] {dag.py:4180} INFO - Setting next_dagrun for example_display_name to None, run_after=None
[2025-02-01T11:59:43.315+0000] {processor.py:208} INFO - Processing /home/airflow/.local/lib/python3.9/site-packages/airflow/example_dags/example_display_name.py took 0.071 seconds
[2025-02-01T12:00:16.878+0000] {processor.py:186} INFO - Started process (PID=299) to work on /home/airflow/.local/lib/python3.9/site-packages/airflow/example_dags/example_display_name.py
[2025-02-01T12:00:16.879+0000] {processor.py:914} INFO - Processing file /home/airflow/.local/lib/python3.9/site-packages/airflow/example_dags/example_display_name.py for tasks to queue
[2025-02-01T12:00:16.881+0000] {logging_mixin.py:190} INFO - [2025-02-01T12:00:16.881+0000] {dagbag.py:588} INFO - Filling up the DagBag from /home/airflow/.local/lib/python3.9/site-packages/airflow/example_dags/example_display_name.py
[2025-02-01T12:00:16.899+0000] {processor.py:925} INFO - DAG(s) 'example_display_name' retrieved from /home/airflow/.local/lib/python3.9/site-packages/airflow/example_dags/example_display_name.py
[2025-02-01T12:00:16.953+0000] {logging_mixin.py:190} INFO - [2025-02-01T12:00:16.953+0000] {dag.py:3239} INFO - Sync 1 DAGs
[2025-02-01T12:00:16.974+0000] {logging_mixin.py:190} INFO - [2025-02-01T12:00:16.974+0000] {dag.py:4180} INFO - Setting next_dagrun for example_display_name to None, run_after=None
[2025-02-01T12:00:17.017+0000] {processor.py:208} INFO - Processing /home/airflow/.local/lib/python3.9/site-packages/airflow/example_dags/example_display_name.py took 0.155 seconds
[2025-02-01T12:00:50.216+0000] {processor.py:186} INFO - Started process (PID=366) to work on /home/airflow/.local/lib/python3.9/site-packages/airflow/example_dags/example_display_name.py
[2025-02-01T12:00:50.221+0000] {processor.py:914} INFO - Processing file /home/airflow/.local/lib/python3.9/site-packages/airflow/example_dags/example_display_name.py for tasks to queue
[2025-02-01T12:00:50.224+0000] {logging_mixin.py:190} INFO - [2025-02-01T12:00:50.223+0000] {dagbag.py:588} INFO - Filling up the DagBag from /home/airflow/.local/lib/python3.9/site-packages/airflow/example_dags/example_display_name.py
[2025-02-01T12:00:50.233+0000] {processor.py:925} INFO - DAG(s) 'example_display_name' retrieved from /home/airflow/.local/lib/python3.9/site-packages/airflow/example_dags/example_display_name.py
[2025-02-01T12:00:50.263+0000] {logging_mixin.py:190} INFO - [2025-02-01T12:00:50.262+0000] {dag.py:3239} INFO - Sync 1 DAGs
[2025-02-01T12:00:50.280+0000] {logging_mixin.py:190} INFO - [2025-02-01T12:00:50.280+0000] {dag.py:4180} INFO - Setting next_dagrun for example_display_name to None, run_after=None
[2025-02-01T12:00:50.317+0000] {processor.py:208} INFO - Processing /home/airflow/.local/lib/python3.9/site-packages/airflow/example_dags/example_display_name.py took 0.120 seconds
[2025-02-01T12:01:21.141+0000] {processor.py:186} INFO - Started process (PID=428) to work on /home/airflow/.local/lib/python3.9/site-packages/airflow/example_dags/example_display_name.py
[2025-02-01T12:01:21.144+0000] {processor.py:914} INFO - Processing file /home/airflow/.local/lib/python3.9/site-packages/airflow/example_dags/example_display_name.py for tasks to queue
[2025-02-01T12:01:21.152+0000] {logging_mixin.py:190} INFO - [2025-02-01T12:01:21.152+0000] {dagbag.py:588} INFO - Filling up the DagBag from /home/airflow/.local/lib/python3.9/site-packages/airflow/example_dags/example_display_name.py
[2025-02-01T12:01:21.171+0000] {processor.py:925} INFO - DAG(s) 'example_display_name' retrieved from /home/airflow/.local/lib/python3.9/site-packages/airflow/example_dags/example_display_name.py
[2025-02-01T12:01:21.222+0000] {logging_mixin.py:190} INFO - [2025-02-01T12:01:21.222+0000] {dag.py:3239} INFO - Sync 1 DAGs
[2025-02-01T12:01:21.268+0000] {logging_mixin.py:190} INFO - [2025-02-01T12:01:21.268+0000] {dag.py:4180} INFO - Setting next_dagrun for example_display_name to None, run_after=None
[2025-02-01T12:01:21.294+0000] {processor.py:208} INFO - Processing /home/airflow/.local/lib/python3.9/site-packages/airflow/example_dags/example_display_name.py took 0.196 seconds
[2025-02-01T12:01:52.221+0000] {processor.py:186} INFO - Started process (PID=491) to work on /home/airflow/.local/lib/python3.9/site-packages/airflow/example_dags/example_display_name.py
[2025-02-01T12:01:52.222+0000] {processor.py:914} INFO - Processing file /home/airflow/.local/lib/python3.9/site-packages/airflow/example_dags/example_display_name.py for tasks to queue
[2025-02-01T12:01:52.224+0000] {logging_mixin.py:190} INFO - [2025-02-01T12:01:52.224+0000] {dagbag.py:588} INFO - Filling up the DagBag from /home/airflow/.local/lib/python3.9/site-packages/airflow/example_dags/example_display_name.py
[2025-02-01T12:01:52.232+0000] {processor.py:925} INFO - DAG(s) 'example_display_name' retrieved from /home/airflow/.local/lib/python3.9/site-packages/airflow/example_dags/example_display_name.py
[2025-02-01T12:01:52.251+0000] {logging_mixin.py:190} INFO - [2025-02-01T12:01:52.251+0000] {dag.py:3239} INFO - Sync 1 DAGs
[2025-02-01T12:01:52.267+0000] {logging_mixin.py:190} INFO - [2025-02-01T12:01:52.267+0000] {dag.py:4180} INFO - Setting next_dagrun for example_display_name to None, run_after=None
[2025-02-01T12:01:52.284+0000] {processor.py:208} INFO - Processing /home/airflow/.local/lib/python3.9/site-packages/airflow/example_dags/example_display_name.py took 0.070 seconds
[2025-02-01T12:02:23.401+0000] {processor.py:186} INFO - Started process (PID=561) to work on /home/airflow/.local/lib/python3.9/site-packages/airflow/example_dags/example_display_name.py
[2025-02-01T12:02:23.402+0000] {processor.py:914} INFO - Processing file /home/airflow/.local/lib/python3.9/site-packages/airflow/example_dags/example_display_name.py for tasks to queue
[2025-02-01T12:02:23.404+0000] {logging_mixin.py:190} INFO - [2025-02-01T12:02:23.404+0000] {dagbag.py:588} INFO - Filling up the DagBag from /home/airflow/.local/lib/python3.9/site-packages/airflow/example_dags/example_display_name.py
[2025-02-01T12:02:23.412+0000] {processor.py:925} INFO - DAG(s) 'example_display_name' retrieved from /home/airflow/.local/lib/python3.9/site-packages/airflow/example_dags/example_display_name.py
[2025-02-01T12:02:23.431+0000] {logging_mixin.py:190} INFO - [2025-02-01T12:02:23.431+0000] {dag.py:3239} INFO - Sync 1 DAGs
[2025-02-01T12:02:23.446+0000] {logging_mixin.py:190} INFO - [2025-02-01T12:02:23.446+0000] {dag.py:4180} INFO - Setting next_dagrun for example_display_name to None, run_after=None
[2025-02-01T12:02:23.465+0000] {processor.py:208} INFO - Processing /home/airflow/.local/lib/python3.9/site-packages/airflow/example_dags/example_display_name.py took 0.071 seconds
[2025-02-01T12:02:54.296+0000] {processor.py:186} INFO - Started process (PID=623) to work on /home/airflow/.local/lib/python3.9/site-packages/airflow/example_dags/example_display_name.py
[2025-02-01T12:02:54.297+0000] {processor.py:914} INFO - Processing file /home/airflow/.local/lib/python3.9/site-packages/airflow/example_dags/example_display_name.py for tasks to queue
[2025-02-01T12:02:54.299+0000] {logging_mixin.py:190} INFO - [2025-02-01T12:02:54.299+0000] {dagbag.py:588} INFO - Filling up the DagBag from /home/airflow/.local/lib/python3.9/site-packages/airflow/example_dags/example_display_name.py
[2025-02-01T12:02:54.307+0000] {processor.py:925} INFO - DAG(s) 'example_display_name' retrieved from /home/airflow/.local/lib/python3.9/site-packages/airflow/example_dags/example_display_name.py
[2025-02-01T12:02:54.332+0000] {logging_mixin.py:190} INFO - [2025-02-01T12:02:54.331+0000] {dag.py:3239} INFO - Sync 1 DAGs
[2025-02-01T12:02:54.347+0000] {logging_mixin.py:190} INFO - [2025-02-01T12:02:54.347+0000] {dag.py:4180} INFO - Setting next_dagrun for example_display_name to None, run_after=None
[2025-02-01T12:02:54.364+0000] {processor.py:208} INFO - Processing /home/airflow/.local/lib/python3.9/site-packages/airflow/example_dags/example_display_name.py took 0.074 seconds
[2025-02-01T12:03:24.884+0000] {processor.py:186} INFO - Started process (PID=686) to work on /home/airflow/.local/lib/python3.9/site-packages/airflow/example_dags/example_display_name.py
[2025-02-01T12:03:24.886+0000] {processor.py:914} INFO - Processing file /home/airflow/.local/lib/python3.9/site-packages/airflow/example_dags/example_display_name.py for tasks to queue
[2025-02-01T12:03:24.888+0000] {logging_mixin.py:190} INFO - [2025-02-01T12:03:24.888+0000] {dagbag.py:588} INFO - Filling up the DagBag from /home/airflow/.local/lib/python3.9/site-packages/airflow/example_dags/example_display_name.py
[2025-02-01T12:03:24.896+0000] {processor.py:925} INFO - DAG(s) 'example_display_name' retrieved from /home/airflow/.local/lib/python3.9/site-packages/airflow/example_dags/example_display_name.py
[2025-02-01T12:03:24.915+0000] {logging_mixin.py:190} INFO - [2025-02-01T12:03:24.915+0000] {dag.py:3239} INFO - Sync 1 DAGs
[2025-02-01T12:03:24.931+0000] {logging_mixin.py:190} INFO - [2025-02-01T12:03:24.930+0000] {dag.py:4180} INFO - Setting next_dagrun for example_display_name to None, run_after=None
[2025-02-01T12:03:24.947+0000] {processor.py:208} INFO - Processing /home/airflow/.local/lib/python3.9/site-packages/airflow/example_dags/example_display_name.py took 0.082 seconds
[2025-02-01T12:03:55.568+0000] {processor.py:186} INFO - Started process (PID=750) to work on /home/airflow/.local/lib/python3.9/site-packages/airflow/example_dags/example_display_name.py
[2025-02-01T12:03:55.568+0000] {processor.py:914} INFO - Processing file /home/airflow/.local/lib/python3.9/site-packages/airflow/example_dags/example_display_name.py for tasks to queue
[2025-02-01T12:03:55.570+0000] {logging_mixin.py:190} INFO - [2025-02-01T12:03:55.570+0000] {dagbag.py:588} INFO - Filling up the DagBag from /home/airflow/.local/lib/python3.9/site-packages/airflow/example_dags/example_display_name.py
[2025-02-01T12:03:55.576+0000] {processor.py:925} INFO - DAG(s) 'example_display_name' retrieved from /home/airflow/.local/lib/python3.9/site-packages/airflow/example_dags/example_display_name.py
[2025-02-01T12:03:55.590+0000] {logging_mixin.py:190} INFO - [2025-02-01T12:03:55.590+0000] {dag.py:3239} INFO - Sync 1 DAGs
[2025-02-01T12:03:55.600+0000] {logging_mixin.py:190} INFO - [2025-02-01T12:03:55.600+0000] {dag.py:4180} INFO - Setting next_dagrun for example_display_name to None, run_after=None
[2025-02-01T12:03:55.613+0000] {processor.py:208} INFO - Processing /home/airflow/.local/lib/python3.9/site-packages/airflow/example_dags/example_display_name.py took 0.050 seconds
[2025-02-01T12:04:26.212+0000] {processor.py:186} INFO - Started process (PID=815) to work on /home/airflow/.local/lib/python3.9/site-packages/airflow/example_dags/example_display_name.py
[2025-02-01T12:04:26.213+0000] {processor.py:914} INFO - Processing file /home/airflow/.local/lib/python3.9/site-packages/airflow/example_dags/example_display_name.py for tasks to queue
[2025-02-01T12:04:26.215+0000] {logging_mixin.py:190} INFO - [2025-02-01T12:04:26.215+0000] {dagbag.py:588} INFO - Filling up the DagBag from /home/airflow/.local/lib/python3.9/site-packages/airflow/example_dags/example_display_name.py
[2025-02-01T12:04:26.222+0000] {processor.py:925} INFO - DAG(s) 'example_display_name' retrieved from /home/airflow/.local/lib/python3.9/site-packages/airflow/example_dags/example_display_name.py
[2025-02-01T12:04:26.242+0000] {logging_mixin.py:190} INFO - [2025-02-01T12:04:26.242+0000] {dag.py:3239} INFO - Sync 1 DAGs
[2025-02-01T12:04:26.258+0000] {logging_mixin.py:190} INFO - [2025-02-01T12:04:26.257+0000] {dag.py:4180} INFO - Setting next_dagrun for example_display_name to None, run_after=None
[2025-02-01T12:04:26.275+0000] {processor.py:208} INFO - Processing /home/airflow/.local/lib/python3.9/site-packages/airflow/example_dags/example_display_name.py took 0.069 seconds
[2025-02-01T12:04:56.729+0000] {processor.py:186} INFO - Started process (PID=877) to work on /home/airflow/.local/lib/python3.9/site-packages/airflow/example_dags/example_display_name.py
[2025-02-01T12:04:56.729+0000] {processor.py:914} INFO - Processing file /home/airflow/.local/lib/python3.9/site-packages/airflow/example_dags/example_display_name.py for tasks to queue
[2025-02-01T12:04:56.732+0000] {logging_mixin.py:190} INFO - [2025-02-01T12:04:56.731+0000] {dagbag.py:588} INFO - Filling up the DagBag from /home/airflow/.local/lib/python3.9/site-packages/airflow/example_dags/example_display_name.py
[2025-02-01T12:04:56.739+0000] {processor.py:925} INFO - DAG(s) 'example_display_name' retrieved from /home/airflow/.local/lib/python3.9/site-packages/airflow/example_dags/example_display_name.py
[2025-02-01T12:04:56.758+0000] {logging_mixin.py:190} INFO - [2025-02-01T12:04:56.758+0000] {dag.py:3239} INFO - Sync 1 DAGs
[2025-02-01T12:04:56.774+0000] {logging_mixin.py:190} INFO - [2025-02-01T12:04:56.774+0000] {dag.py:4180} INFO - Setting next_dagrun for example_display_name to None, run_after=None
[2025-02-01T12:04:56.792+0000] {processor.py:208} INFO - Processing /home/airflow/.local/lib/python3.9/site-packages/airflow/example_dags/example_display_name.py took 0.070 seconds
[2025-02-01T12:05:27.635+0000] {processor.py:186} INFO - Started process (PID=938) to work on /home/airflow/.local/lib/python3.9/site-packages/airflow/example_dags/example_display_name.py
[2025-02-01T12:05:27.644+0000] {processor.py:914} INFO - Processing file /home/airflow/.local/lib/python3.9/site-packages/airflow/example_dags/example_display_name.py for tasks to queue
[2025-02-01T12:05:27.647+0000] {logging_mixin.py:190} INFO - [2025-02-01T12:05:27.646+0000] {dagbag.py:588} INFO - Filling up the DagBag from /home/airflow/.local/lib/python3.9/site-packages/airflow/example_dags/example_display_name.py
[2025-02-01T12:05:27.662+0000] {processor.py:925} INFO - DAG(s) 'example_display_name' retrieved from /home/airflow/.local/lib/python3.9/site-packages/airflow/example_dags/example_display_name.py
[2025-02-01T12:05:27.682+0000] {logging_mixin.py:190} INFO - [2025-02-01T12:05:27.681+0000] {dag.py:3239} INFO - Sync 1 DAGs
[2025-02-01T12:05:27.697+0000] {logging_mixin.py:190} INFO - [2025-02-01T12:05:27.696+0000] {dag.py:4180} INFO - Setting next_dagrun for example_display_name to None, run_after=None
[2025-02-01T12:05:27.736+0000] {processor.py:208} INFO - Processing /home/airflow/.local/lib/python3.9/site-packages/airflow/example_dags/example_display_name.py took 0.122 seconds
[2025-02-01T12:05:57.893+0000] {processor.py:186} INFO - Started process (PID=1001) to work on /home/airflow/.local/lib/python3.9/site-packages/airflow/example_dags/example_display_name.py
[2025-02-01T12:05:57.894+0000] {processor.py:914} INFO - Processing file /home/airflow/.local/lib/python3.9/site-packages/airflow/example_dags/example_display_name.py for tasks to queue
[2025-02-01T12:05:57.896+0000] {logging_mixin.py:190} INFO - [2025-02-01T12:05:57.896+0000] {dagbag.py:588} INFO - Filling up the DagBag from /home/airflow/.local/lib/python3.9/site-packages/airflow/example_dags/example_display_name.py
[2025-02-01T12:05:57.908+0000] {processor.py:925} INFO - DAG(s) 'example_display_name' retrieved from /home/airflow/.local/lib/python3.9/site-packages/airflow/example_dags/example_display_name.py
[2025-02-01T12:05:57.926+0000] {logging_mixin.py:190} INFO - [2025-02-01T12:05:57.926+0000] {dag.py:3239} INFO - Sync 1 DAGs
[2025-02-01T12:05:57.941+0000] {logging_mixin.py:190} INFO - [2025-02-01T12:05:57.941+0000] {dag.py:4180} INFO - Setting next_dagrun for example_display_name to None, run_after=None
[2025-02-01T12:05:57.959+0000] {processor.py:208} INFO - Processing /home/airflow/.local/lib/python3.9/site-packages/airflow/example_dags/example_display_name.py took 0.072 seconds
[2025-02-01T12:06:29.406+0000] {processor.py:186} INFO - Started process (PID=1065) to work on /home/airflow/.local/lib/python3.9/site-packages/airflow/example_dags/example_display_name.py
[2025-02-01T12:06:29.407+0000] {processor.py:914} INFO - Processing file /home/airflow/.local/lib/python3.9/site-packages/airflow/example_dags/example_display_name.py for tasks to queue
[2025-02-01T12:06:29.409+0000] {logging_mixin.py:190} INFO - [2025-02-01T12:06:29.409+0000] {dagbag.py:588} INFO - Filling up the DagBag from /home/airflow/.local/lib/python3.9/site-packages/airflow/example_dags/example_display_name.py
[2025-02-01T12:06:29.422+0000] {processor.py:925} INFO - DAG(s) 'example_display_name' retrieved from /home/airflow/.local/lib/python3.9/site-packages/airflow/example_dags/example_display_name.py
[2025-02-01T12:06:29.480+0000] {logging_mixin.py:190} INFO - [2025-02-01T12:06:29.480+0000] {dag.py:3239} INFO - Sync 1 DAGs
[2025-02-01T12:06:29.520+0000] {logging_mixin.py:190} INFO - [2025-02-01T12:06:29.520+0000] {dag.py:4180} INFO - Setting next_dagrun for example_display_name to None, run_after=None
[2025-02-01T12:06:29.562+0000] {processor.py:208} INFO - Processing /home/airflow/.local/lib/python3.9/site-packages/airflow/example_dags/example_display_name.py took 0.171 seconds
[2025-02-01T12:07:00.269+0000] {processor.py:186} INFO - Started process (PID=1129) to work on /home/airflow/.local/lib/python3.9/site-packages/airflow/example_dags/example_display_name.py
[2025-02-01T12:07:00.270+0000] {processor.py:914} INFO - Processing file /home/airflow/.local/lib/python3.9/site-packages/airflow/example_dags/example_display_name.py for tasks to queue
[2025-02-01T12:07:00.272+0000] {logging_mixin.py:190} INFO - [2025-02-01T12:07:00.272+0000] {dagbag.py:588} INFO - Filling up the DagBag from /home/airflow/.local/lib/python3.9/site-packages/airflow/example_dags/example_display_name.py
[2025-02-01T12:07:00.285+0000] {processor.py:925} INFO - DAG(s) 'example_display_name' retrieved from /home/airflow/.local/lib/python3.9/site-packages/airflow/example_dags/example_display_name.py
[2025-02-01T12:07:00.316+0000] {logging_mixin.py:190} INFO - [2025-02-01T12:07:00.316+0000] {dag.py:3239} INFO - Sync 1 DAGs
[2025-02-01T12:07:00.338+0000] {logging_mixin.py:190} INFO - [2025-02-01T12:07:00.338+0000] {dag.py:4180} INFO - Setting next_dagrun for example_display_name to None, run_after=None
[2025-02-01T12:07:00.374+0000] {processor.py:208} INFO - Processing /home/airflow/.local/lib/python3.9/site-packages/airflow/example_dags/example_display_name.py took 0.114 seconds
[2025-02-01T12:07:30.903+0000] {processor.py:186} INFO - Started process (PID=1191) to work on /home/airflow/.local/lib/python3.9/site-packages/airflow/example_dags/example_display_name.py
[2025-02-01T12:07:30.906+0000] {processor.py:914} INFO - Processing file /home/airflow/.local/lib/python3.9/site-packages/airflow/example_dags/example_display_name.py for tasks to queue
[2025-02-01T12:07:30.908+0000] {logging_mixin.py:190} INFO - [2025-02-01T12:07:30.908+0000] {dagbag.py:588} INFO - Filling up the DagBag from /home/airflow/.local/lib/python3.9/site-packages/airflow/example_dags/example_display_name.py
[2025-02-01T12:07:30.916+0000] {processor.py:925} INFO - DAG(s) 'example_display_name' retrieved from /home/airflow/.local/lib/python3.9/site-packages/airflow/example_dags/example_display_name.py
[2025-02-01T12:07:30.937+0000] {logging_mixin.py:190} INFO - [2025-02-01T12:07:30.936+0000] {dag.py:3239} INFO - Sync 1 DAGs
[2025-02-01T12:07:30.951+0000] {logging_mixin.py:190} INFO - [2025-02-01T12:07:30.951+0000] {dag.py:4180} INFO - Setting next_dagrun for example_display_name to None, run_after=None
[2025-02-01T12:07:30.968+0000] {processor.py:208} INFO - Processing /home/airflow/.local/lib/python3.9/site-packages/airflow/example_dags/example_display_name.py took 0.073 seconds
[2025-02-01T12:08:01.180+0000] {processor.py:186} INFO - Started process (PID=1255) to work on /home/airflow/.local/lib/python3.9/site-packages/airflow/example_dags/example_display_name.py
[2025-02-01T12:08:01.181+0000] {processor.py:914} INFO - Processing file /home/airflow/.local/lib/python3.9/site-packages/airflow/example_dags/example_display_name.py for tasks to queue
[2025-02-01T12:08:01.183+0000] {logging_mixin.py:190} INFO - [2025-02-01T12:08:01.183+0000] {dagbag.py:588} INFO - Filling up the DagBag from /home/airflow/.local/lib/python3.9/site-packages/airflow/example_dags/example_display_name.py
[2025-02-01T12:08:01.189+0000] {processor.py:925} INFO - DAG(s) 'example_display_name' retrieved from /home/airflow/.local/lib/python3.9/site-packages/airflow/example_dags/example_display_name.py
[2025-02-01T12:08:01.204+0000] {logging_mixin.py:190} INFO - [2025-02-01T12:08:01.204+0000] {dag.py:3239} INFO - Sync 1 DAGs
[2025-02-01T12:08:01.214+0000] {logging_mixin.py:190} INFO - [2025-02-01T12:08:01.214+0000] {dag.py:4180} INFO - Setting next_dagrun for example_display_name to None, run_after=None
[2025-02-01T12:08:01.226+0000] {processor.py:208} INFO - Processing /home/airflow/.local/lib/python3.9/site-packages/airflow/example_dags/example_display_name.py took 0.051 seconds
[2025-02-01T12:08:31.570+0000] {processor.py:186} INFO - Started process (PID=1318) to work on /home/airflow/.local/lib/python3.9/site-packages/airflow/example_dags/example_display_name.py
[2025-02-01T12:08:31.571+0000] {processor.py:914} INFO - Processing file /home/airflow/.local/lib/python3.9/site-packages/airflow/example_dags/example_display_name.py for tasks to queue
[2025-02-01T12:08:31.573+0000] {logging_mixin.py:190} INFO - [2025-02-01T12:08:31.573+0000] {dagbag.py:588} INFO - Filling up the DagBag from /home/airflow/.local/lib/python3.9/site-packages/airflow/example_dags/example_display_name.py
[2025-02-01T12:08:31.581+0000] {processor.py:925} INFO - DAG(s) 'example_display_name' retrieved from /home/airflow/.local/lib/python3.9/site-packages/airflow/example_dags/example_display_name.py
[2025-02-01T12:08:31.600+0000] {logging_mixin.py:190} INFO - [2025-02-01T12:08:31.600+0000] {dag.py:3239} INFO - Sync 1 DAGs
[2025-02-01T12:08:31.616+0000] {logging_mixin.py:190} INFO - [2025-02-01T12:08:31.616+0000] {dag.py:4180} INFO - Setting next_dagrun for example_display_name to None, run_after=None
[2025-02-01T12:08:31.652+0000] {processor.py:208} INFO - Processing /home/airflow/.local/lib/python3.9/site-packages/airflow/example_dags/example_display_name.py took 0.088 seconds
[2025-02-01T12:09:01.991+0000] {processor.py:186} INFO - Started process (PID=1381) to work on /home/airflow/.local/lib/python3.9/site-packages/airflow/example_dags/example_display_name.py
[2025-02-01T12:09:01.992+0000] {processor.py:914} INFO - Processing file /home/airflow/.local/lib/python3.9/site-packages/airflow/example_dags/example_display_name.py for tasks to queue
[2025-02-01T12:09:01.994+0000] {logging_mixin.py:190} INFO - [2025-02-01T12:09:01.994+0000] {dagbag.py:588} INFO - Filling up the DagBag from /home/airflow/.local/lib/python3.9/site-packages/airflow/example_dags/example_display_name.py
[2025-02-01T12:09:02.005+0000] {processor.py:925} INFO - DAG(s) 'example_display_name' retrieved from /home/airflow/.local/lib/python3.9/site-packages/airflow/example_dags/example_display_name.py
[2025-02-01T12:09:02.049+0000] {logging_mixin.py:190} INFO - [2025-02-01T12:09:02.043+0000] {dag.py:3239} INFO - Sync 1 DAGs
[2025-02-01T12:09:02.064+0000] {logging_mixin.py:190} INFO - [2025-02-01T12:09:02.064+0000] {dag.py:4180} INFO - Setting next_dagrun for example_display_name to None, run_after=None
[2025-02-01T12:09:02.097+0000] {processor.py:208} INFO - Processing /home/airflow/.local/lib/python3.9/site-packages/airflow/example_dags/example_display_name.py took 0.114 seconds
[2025-02-01T12:09:33.118+0000] {processor.py:186} INFO - Started process (PID=1444) to work on /home/airflow/.local/lib/python3.9/site-packages/airflow/example_dags/example_display_name.py
[2025-02-01T12:09:33.120+0000] {processor.py:914} INFO - Processing file /home/airflow/.local/lib/python3.9/site-packages/airflow/example_dags/example_display_name.py for tasks to queue
[2025-02-01T12:09:33.122+0000] {logging_mixin.py:190} INFO - [2025-02-01T12:09:33.122+0000] {dagbag.py:588} INFO - Filling up the DagBag from /home/airflow/.local/lib/python3.9/site-packages/airflow/example_dags/example_display_name.py
[2025-02-01T12:09:33.130+0000] {processor.py:925} INFO - DAG(s) 'example_display_name' retrieved from /home/airflow/.local/lib/python3.9/site-packages/airflow/example_dags/example_display_name.py
[2025-02-01T12:09:33.148+0000] {logging_mixin.py:190} INFO - [2025-02-01T12:09:33.148+0000] {dag.py:3239} INFO - Sync 1 DAGs
[2025-02-01T12:09:33.162+0000] {logging_mixin.py:190} INFO - [2025-02-01T12:09:33.162+0000] {dag.py:4180} INFO - Setting next_dagrun for example_display_name to None, run_after=None
[2025-02-01T12:09:33.179+0000] {processor.py:208} INFO - Processing /home/airflow/.local/lib/python3.9/site-packages/airflow/example_dags/example_display_name.py took 0.068 seconds
