[2025-02-01T11:58:36.972+0000] {processor.py:186} INFO - Started process (PID=100) to work on /home/airflow/.local/lib/python3.9/site-packages/airflow/example_dags/example_outlet_event_extra.py
[2025-02-01T11:58:36.973+0000] {processor.py:914} INFO - Processing file /home/airflow/.local/lib/python3.9/site-packages/airflow/example_dags/example_outlet_event_extra.py for tasks to queue
[2025-02-01T11:58:36.976+0000] {logging_mixin.py:190} INFO - [2025-02-01T11:58:36.975+0000] {dagbag.py:588} INFO - Filling up the DagBag from /home/airflow/.local/lib/python3.9/site-packages/airflow/example_dags/example_outlet_event_extra.py
[2025-02-01T11:58:38.401+0000] {processor.py:925} INFO - DAG(s) 'dataset_with_extra_by_context', 'dataset_with_extra_by_yield', 'dataset_with_extra_from_classic_operator' retrieved from /home/airflow/.local/lib/python3.9/site-packages/airflow/example_dags/example_outlet_event_extra.py
[2025-02-01T11:58:38.754+0000] {logging_mixin.py:190} INFO - [2025-02-01T11:58:38.753+0000] {override.py:1911} INFO - Created Permission View: can edit on DAG:dataset_with_extra_by_context
[2025-02-01T11:58:38.768+0000] {logging_mixin.py:190} INFO - [2025-02-01T11:58:38.767+0000] {override.py:1911} INFO - Created Permission View: can delete on DAG:dataset_with_extra_by_context
[2025-02-01T11:58:38.777+0000] {logging_mixin.py:190} INFO - [2025-02-01T11:58:38.777+0000] {override.py:1911} INFO - Created Permission View: can read on DAG:dataset_with_extra_by_context
[2025-02-01T11:58:38.804+0000] {logging_mixin.py:190} INFO - [2025-02-01T11:58:38.804+0000] {override.py:1911} INFO - Created Permission View: can create on DAG Run:dataset_with_extra_by_context
[2025-02-01T11:58:38.826+0000] {logging_mixin.py:190} INFO - [2025-02-01T11:58:38.826+0000] {override.py:1911} INFO - Created Permission View: can delete on DAG Run:dataset_with_extra_by_context
[2025-02-01T11:58:38.868+0000] {logging_mixin.py:190} INFO - [2025-02-01T11:58:38.867+0000] {override.py:1911} INFO - Created Permission View: can read on DAG Run:dataset_with_extra_by_context
[2025-02-01T11:58:38.885+0000] {logging_mixin.py:190} INFO - [2025-02-01T11:58:38.885+0000] {override.py:1911} INFO - Created Permission View: menu access on DAG Run:dataset_with_extra_by_context
[2025-02-01T11:58:38.917+0000] {logging_mixin.py:190} INFO - [2025-02-01T11:58:38.917+0000] {override.py:1911} INFO - Created Permission View: can edit on DAG:dataset_with_extra_by_yield
[2025-02-01T11:58:38.962+0000] {logging_mixin.py:190} INFO - [2025-02-01T11:58:38.962+0000] {override.py:1911} INFO - Created Permission View: can delete on DAG:dataset_with_extra_by_yield
[2025-02-01T11:58:38.987+0000] {logging_mixin.py:190} INFO - [2025-02-01T11:58:38.983+0000] {override.py:1911} INFO - Created Permission View: can read on DAG:dataset_with_extra_by_yield
[2025-02-01T11:58:39.013+0000] {logging_mixin.py:190} INFO - [2025-02-01T11:58:39.012+0000] {override.py:1911} INFO - Created Permission View: can create on DAG Run:dataset_with_extra_by_yield
[2025-02-01T11:58:39.025+0000] {logging_mixin.py:190} INFO - [2025-02-01T11:58:39.025+0000] {override.py:1911} INFO - Created Permission View: can delete on DAG Run:dataset_with_extra_by_yield
[2025-02-01T11:58:39.037+0000] {logging_mixin.py:190} INFO - [2025-02-01T11:58:39.037+0000] {override.py:1911} INFO - Created Permission View: can read on DAG Run:dataset_with_extra_by_yield
[2025-02-01T11:58:39.052+0000] {logging_mixin.py:190} INFO - [2025-02-01T11:58:39.052+0000] {override.py:1911} INFO - Created Permission View: menu access on DAG Run:dataset_with_extra_by_yield
[2025-02-01T11:58:39.079+0000] {logging_mixin.py:190} INFO - [2025-02-01T11:58:39.078+0000] {override.py:1911} INFO - Created Permission View: can edit on DAG:dataset_with_extra_from_classic_operator
[2025-02-01T11:58:39.091+0000] {logging_mixin.py:190} INFO - [2025-02-01T11:58:39.091+0000] {override.py:1911} INFO - Created Permission View: can delete on DAG:dataset_with_extra_from_classic_operator
[2025-02-01T11:58:39.101+0000] {logging_mixin.py:190} INFO - [2025-02-01T11:58:39.100+0000] {override.py:1911} INFO - Created Permission View: can read on DAG:dataset_with_extra_from_classic_operator
[2025-02-01T11:58:39.113+0000] {logging_mixin.py:190} INFO - [2025-02-01T11:58:39.112+0000] {override.py:1911} INFO - Created Permission View: can create on DAG Run:dataset_with_extra_from_classic_operator
[2025-02-01T11:58:39.124+0000] {logging_mixin.py:190} INFO - [2025-02-01T11:58:39.124+0000] {override.py:1911} INFO - Created Permission View: can delete on DAG Run:dataset_with_extra_from_classic_operator
[2025-02-01T11:58:39.135+0000] {logging_mixin.py:190} INFO - [2025-02-01T11:58:39.134+0000] {override.py:1911} INFO - Created Permission View: can read on DAG Run:dataset_with_extra_from_classic_operator
[2025-02-01T11:58:39.159+0000] {logging_mixin.py:190} INFO - [2025-02-01T11:58:39.158+0000] {override.py:1911} INFO - Created Permission View: menu access on DAG Run:dataset_with_extra_from_classic_operator
[2025-02-01T11:58:39.159+0000] {logging_mixin.py:190} INFO - [2025-02-01T11:58:39.159+0000] {dag.py:3239} INFO - Sync 3 DAGs
[2025-02-01T11:58:39.190+0000] {logging_mixin.py:190} INFO - [2025-02-01T11:58:39.189+0000] {dag.py:3262} INFO - Creating ORM DAG for dataset_with_extra_from_classic_operator
[2025-02-01T11:58:39.191+0000] {logging_mixin.py:190} INFO - [2025-02-01T11:58:39.191+0000] {dag.py:3262} INFO - Creating ORM DAG for dataset_with_extra_by_context
[2025-02-01T11:58:39.204+0000] {logging_mixin.py:190} INFO - [2025-02-01T11:58:39.204+0000] {dag.py:3262} INFO - Creating ORM DAG for dataset_with_extra_by_yield
[2025-02-01T11:58:39.229+0000] {logging_mixin.py:190} INFO - [2025-02-01T11:58:39.229+0000] {dag.py:4180} INFO - Setting next_dagrun for dataset_with_extra_by_context to 2025-01-31 00:00:00+00:00, run_after=2025-02-01 00:00:00+00:00
[2025-02-01T11:58:39.236+0000] {logging_mixin.py:190} INFO - [2025-02-01T11:58:39.236+0000] {dag.py:4180} INFO - Setting next_dagrun for dataset_with_extra_by_yield to 2025-01-31 00:00:00+00:00, run_after=2025-02-01 00:00:00+00:00
[2025-02-01T11:58:39.243+0000] {logging_mixin.py:190} INFO - [2025-02-01T11:58:39.242+0000] {dag.py:4180} INFO - Setting next_dagrun for dataset_with_extra_from_classic_operator to 2025-01-31 00:00:00+00:00, run_after=2025-02-01 00:00:00+00:00
[2025-02-01T11:58:39.301+0000] {processor.py:208} INFO - Processing /home/airflow/.local/lib/python3.9/site-packages/airflow/example_dags/example_outlet_event_extra.py took 2.340 seconds
[2025-02-01T11:59:10.304+0000] {processor.py:186} INFO - Started process (PID=164) to work on /home/airflow/.local/lib/python3.9/site-packages/airflow/example_dags/example_outlet_event_extra.py
[2025-02-01T11:59:10.305+0000] {processor.py:914} INFO - Processing file /home/airflow/.local/lib/python3.9/site-packages/airflow/example_dags/example_outlet_event_extra.py for tasks to queue
[2025-02-01T11:59:10.307+0000] {logging_mixin.py:190} INFO - [2025-02-01T11:59:10.307+0000] {dagbag.py:588} INFO - Filling up the DagBag from /home/airflow/.local/lib/python3.9/site-packages/airflow/example_dags/example_outlet_event_extra.py
[2025-02-01T11:59:11.051+0000] {processor.py:925} INFO - DAG(s) 'dataset_with_extra_by_yield', 'dataset_with_extra_by_context', 'dataset_with_extra_from_classic_operator' retrieved from /home/airflow/.local/lib/python3.9/site-packages/airflow/example_dags/example_outlet_event_extra.py
[2025-02-01T11:59:11.074+0000] {logging_mixin.py:190} INFO - [2025-02-01T11:59:11.074+0000] {dag.py:3239} INFO - Sync 3 DAGs
[2025-02-01T11:59:11.100+0000] {logging_mixin.py:190} INFO - [2025-02-01T11:59:11.100+0000] {dag.py:4180} INFO - Setting next_dagrun for dataset_with_extra_by_context to 2025-01-31 00:00:00+00:00, run_after=2025-02-01 00:00:00+00:00
[2025-02-01T11:59:11.106+0000] {logging_mixin.py:190} INFO - [2025-02-01T11:59:11.106+0000] {dag.py:4180} INFO - Setting next_dagrun for dataset_with_extra_by_yield to 2025-01-31 00:00:00+00:00, run_after=2025-02-01 00:00:00+00:00
[2025-02-01T11:59:11.109+0000] {logging_mixin.py:190} INFO - [2025-02-01T11:59:11.109+0000] {dag.py:4180} INFO - Setting next_dagrun for dataset_with_extra_from_classic_operator to 2025-01-31 00:00:00+00:00, run_after=2025-02-01 00:00:00+00:00
[2025-02-01T11:59:11.130+0000] {processor.py:208} INFO - Processing /home/airflow/.local/lib/python3.9/site-packages/airflow/example_dags/example_outlet_event_extra.py took 0.832 seconds
[2025-02-01T11:59:41.985+0000] {processor.py:186} INFO - Started process (PID=228) to work on /home/airflow/.local/lib/python3.9/site-packages/airflow/example_dags/example_outlet_event_extra.py
[2025-02-01T11:59:41.986+0000] {processor.py:914} INFO - Processing file /home/airflow/.local/lib/python3.9/site-packages/airflow/example_dags/example_outlet_event_extra.py for tasks to queue
[2025-02-01T11:59:41.988+0000] {logging_mixin.py:190} INFO - [2025-02-01T11:59:41.988+0000] {dagbag.py:588} INFO - Filling up the DagBag from /home/airflow/.local/lib/python3.9/site-packages/airflow/example_dags/example_outlet_event_extra.py
[2025-02-01T11:59:42.703+0000] {processor.py:925} INFO - DAG(s) 'dataset_with_extra_by_yield', 'dataset_with_extra_by_context', 'dataset_with_extra_from_classic_operator' retrieved from /home/airflow/.local/lib/python3.9/site-packages/airflow/example_dags/example_outlet_event_extra.py
[2025-02-01T11:59:42.735+0000] {logging_mixin.py:190} INFO - [2025-02-01T11:59:42.735+0000] {dag.py:3239} INFO - Sync 3 DAGs
[2025-02-01T11:59:42.762+0000] {logging_mixin.py:190} INFO - [2025-02-01T11:59:42.762+0000] {dag.py:4180} INFO - Setting next_dagrun for dataset_with_extra_by_context to 2025-01-31 00:00:00+00:00, run_after=2025-02-01 00:00:00+00:00
[2025-02-01T11:59:42.768+0000] {logging_mixin.py:190} INFO - [2025-02-01T11:59:42.768+0000] {dag.py:4180} INFO - Setting next_dagrun for dataset_with_extra_by_yield to 2025-01-31 00:00:00+00:00, run_after=2025-02-01 00:00:00+00:00
[2025-02-01T11:59:42.771+0000] {logging_mixin.py:190} INFO - [2025-02-01T11:59:42.771+0000] {dag.py:4180} INFO - Setting next_dagrun for dataset_with_extra_from_classic_operator to 2025-01-31 00:00:00+00:00, run_after=2025-02-01 00:00:00+00:00
[2025-02-01T11:59:42.790+0000] {processor.py:208} INFO - Processing /home/airflow/.local/lib/python3.9/site-packages/airflow/example_dags/example_outlet_event_extra.py took 0.814 seconds
[2025-02-01T12:00:13.563+0000] {processor.py:186} INFO - Started process (PID=291) to work on /home/airflow/.local/lib/python3.9/site-packages/airflow/example_dags/example_outlet_event_extra.py
[2025-02-01T12:00:13.570+0000] {processor.py:914} INFO - Processing file /home/airflow/.local/lib/python3.9/site-packages/airflow/example_dags/example_outlet_event_extra.py for tasks to queue
[2025-02-01T12:00:13.574+0000] {logging_mixin.py:190} INFO - [2025-02-01T12:00:13.574+0000] {dagbag.py:588} INFO - Filling up the DagBag from /home/airflow/.local/lib/python3.9/site-packages/airflow/example_dags/example_outlet_event_extra.py
[2025-02-01T12:00:15.956+0000] {processor.py:925} INFO - DAG(s) 'dataset_with_extra_from_classic_operator', 'dataset_with_extra_by_context', 'dataset_with_extra_by_yield' retrieved from /home/airflow/.local/lib/python3.9/site-packages/airflow/example_dags/example_outlet_event_extra.py
[2025-02-01T12:00:16.026+0000] {logging_mixin.py:190} INFO - [2025-02-01T12:00:16.026+0000] {dag.py:3239} INFO - Sync 3 DAGs
[2025-02-01T12:00:16.061+0000] {logging_mixin.py:190} INFO - [2025-02-01T12:00:16.061+0000] {dag.py:4180} INFO - Setting next_dagrun for dataset_with_extra_by_context to 2025-01-31 00:00:00+00:00, run_after=2025-02-01 00:00:00+00:00
[2025-02-01T12:00:16.069+0000] {logging_mixin.py:190} INFO - [2025-02-01T12:00:16.069+0000] {dag.py:4180} INFO - Setting next_dagrun for dataset_with_extra_by_yield to 2025-01-31 00:00:00+00:00, run_after=2025-02-01 00:00:00+00:00
[2025-02-01T12:00:16.072+0000] {logging_mixin.py:190} INFO - [2025-02-01T12:00:16.072+0000] {dag.py:4180} INFO - Setting next_dagrun for dataset_with_extra_from_classic_operator to 2025-01-31 00:00:00+00:00, run_after=2025-02-01 00:00:00+00:00
[2025-02-01T12:00:16.123+0000] {processor.py:208} INFO - Processing /home/airflow/.local/lib/python3.9/site-packages/airflow/example_dags/example_outlet_event_extra.py took 2.607 seconds
[2025-02-01T12:00:46.931+0000] {processor.py:186} INFO - Started process (PID=355) to work on /home/airflow/.local/lib/python3.9/site-packages/airflow/example_dags/example_outlet_event_extra.py
[2025-02-01T12:00:46.939+0000] {processor.py:914} INFO - Processing file /home/airflow/.local/lib/python3.9/site-packages/airflow/example_dags/example_outlet_event_extra.py for tasks to queue
[2025-02-01T12:00:46.947+0000] {logging_mixin.py:190} INFO - [2025-02-01T12:00:46.947+0000] {dagbag.py:588} INFO - Filling up the DagBag from /home/airflow/.local/lib/python3.9/site-packages/airflow/example_dags/example_outlet_event_extra.py
[2025-02-01T12:00:48.281+0000] {processor.py:925} INFO - DAG(s) 'dataset_with_extra_from_classic_operator', 'dataset_with_extra_by_context', 'dataset_with_extra_by_yield' retrieved from /home/airflow/.local/lib/python3.9/site-packages/airflow/example_dags/example_outlet_event_extra.py
[2025-02-01T12:00:48.327+0000] {logging_mixin.py:190} INFO - [2025-02-01T12:00:48.327+0000] {dag.py:3239} INFO - Sync 3 DAGs
[2025-02-01T12:00:48.359+0000] {logging_mixin.py:190} INFO - [2025-02-01T12:00:48.359+0000] {dag.py:4180} INFO - Setting next_dagrun for dataset_with_extra_by_context to 2025-01-31 00:00:00+00:00, run_after=2025-02-01 00:00:00+00:00
[2025-02-01T12:00:48.371+0000] {logging_mixin.py:190} INFO - [2025-02-01T12:00:48.371+0000] {dag.py:4180} INFO - Setting next_dagrun for dataset_with_extra_by_yield to 2025-01-31 00:00:00+00:00, run_after=2025-02-01 00:00:00+00:00
[2025-02-01T12:00:48.379+0000] {logging_mixin.py:190} INFO - [2025-02-01T12:00:48.378+0000] {dag.py:4180} INFO - Setting next_dagrun for dataset_with_extra_from_classic_operator to 2025-01-31 00:00:00+00:00, run_after=2025-02-01 00:00:00+00:00
[2025-02-01T12:00:48.419+0000] {processor.py:208} INFO - Processing /home/airflow/.local/lib/python3.9/site-packages/airflow/example_dags/example_outlet_event_extra.py took 1.510 seconds
[2025-02-01T12:01:19.171+0000] {processor.py:186} INFO - Started process (PID=417) to work on /home/airflow/.local/lib/python3.9/site-packages/airflow/example_dags/example_outlet_event_extra.py
[2025-02-01T12:01:19.172+0000] {processor.py:914} INFO - Processing file /home/airflow/.local/lib/python3.9/site-packages/airflow/example_dags/example_outlet_event_extra.py for tasks to queue
[2025-02-01T12:01:19.174+0000] {logging_mixin.py:190} INFO - [2025-02-01T12:01:19.174+0000] {dagbag.py:588} INFO - Filling up the DagBag from /home/airflow/.local/lib/python3.9/site-packages/airflow/example_dags/example_outlet_event_extra.py
[2025-02-01T12:01:20.122+0000] {processor.py:925} INFO - DAG(s) 'dataset_with_extra_by_yield', 'dataset_with_extra_by_context', 'dataset_with_extra_from_classic_operator' retrieved from /home/airflow/.local/lib/python3.9/site-packages/airflow/example_dags/example_outlet_event_extra.py
[2025-02-01T12:01:20.195+0000] {logging_mixin.py:190} INFO - [2025-02-01T12:01:20.195+0000] {dag.py:3239} INFO - Sync 3 DAGs
[2025-02-01T12:01:20.223+0000] {logging_mixin.py:190} INFO - [2025-02-01T12:01:20.223+0000] {dag.py:4180} INFO - Setting next_dagrun for dataset_with_extra_by_context to 2025-01-31 00:00:00+00:00, run_after=2025-02-01 00:00:00+00:00
[2025-02-01T12:01:20.229+0000] {logging_mixin.py:190} INFO - [2025-02-01T12:01:20.229+0000] {dag.py:4180} INFO - Setting next_dagrun for dataset_with_extra_by_yield to 2025-01-31 00:00:00+00:00, run_after=2025-02-01 00:00:00+00:00
[2025-02-01T12:01:20.232+0000] {logging_mixin.py:190} INFO - [2025-02-01T12:01:20.232+0000] {dag.py:4180} INFO - Setting next_dagrun for dataset_with_extra_from_classic_operator to 2025-01-31 00:00:00+00:00, run_after=2025-02-01 00:00:00+00:00
[2025-02-01T12:01:20.252+0000] {processor.py:208} INFO - Processing /home/airflow/.local/lib/python3.9/site-packages/airflow/example_dags/example_outlet_event_extra.py took 1.086 seconds
[2025-02-01T12:01:50.564+0000] {processor.py:186} INFO - Started process (PID=480) to work on /home/airflow/.local/lib/python3.9/site-packages/airflow/example_dags/example_outlet_event_extra.py
[2025-02-01T12:01:50.565+0000] {processor.py:914} INFO - Processing file /home/airflow/.local/lib/python3.9/site-packages/airflow/example_dags/example_outlet_event_extra.py for tasks to queue
[2025-02-01T12:01:50.567+0000] {logging_mixin.py:190} INFO - [2025-02-01T12:01:50.567+0000] {dagbag.py:588} INFO - Filling up the DagBag from /home/airflow/.local/lib/python3.9/site-packages/airflow/example_dags/example_outlet_event_extra.py
[2025-02-01T12:01:51.372+0000] {processor.py:925} INFO - DAG(s) 'dataset_with_extra_by_context', 'dataset_with_extra_from_classic_operator', 'dataset_with_extra_by_yield' retrieved from /home/airflow/.local/lib/python3.9/site-packages/airflow/example_dags/example_outlet_event_extra.py
[2025-02-01T12:01:51.396+0000] {logging_mixin.py:190} INFO - [2025-02-01T12:01:51.396+0000] {dag.py:3239} INFO - Sync 3 DAGs
[2025-02-01T12:01:51.421+0000] {logging_mixin.py:190} INFO - [2025-02-01T12:01:51.421+0000] {dag.py:4180} INFO - Setting next_dagrun for dataset_with_extra_by_context to 2025-01-31 00:00:00+00:00, run_after=2025-02-01 00:00:00+00:00
[2025-02-01T12:01:51.427+0000] {logging_mixin.py:190} INFO - [2025-02-01T12:01:51.427+0000] {dag.py:4180} INFO - Setting next_dagrun for dataset_with_extra_by_yield to 2025-01-31 00:00:00+00:00, run_after=2025-02-01 00:00:00+00:00
[2025-02-01T12:01:51.430+0000] {logging_mixin.py:190} INFO - [2025-02-01T12:01:51.430+0000] {dag.py:4180} INFO - Setting next_dagrun for dataset_with_extra_from_classic_operator to 2025-01-31 00:00:00+00:00, run_after=2025-02-01 00:00:00+00:00
[2025-02-01T12:01:51.452+0000] {processor.py:208} INFO - Processing /home/airflow/.local/lib/python3.9/site-packages/airflow/example_dags/example_outlet_event_extra.py took 0.894 seconds
[2025-02-01T12:02:21.520+0000] {processor.py:186} INFO - Started process (PID=544) to work on /home/airflow/.local/lib/python3.9/site-packages/airflow/example_dags/example_outlet_event_extra.py
[2025-02-01T12:02:21.520+0000] {processor.py:914} INFO - Processing file /home/airflow/.local/lib/python3.9/site-packages/airflow/example_dags/example_outlet_event_extra.py for tasks to queue
[2025-02-01T12:02:21.522+0000] {logging_mixin.py:190} INFO - [2025-02-01T12:02:21.522+0000] {dagbag.py:588} INFO - Filling up the DagBag from /home/airflow/.local/lib/python3.9/site-packages/airflow/example_dags/example_outlet_event_extra.py
[2025-02-01T12:02:21.973+0000] {processor.py:925} INFO - DAG(s) 'dataset_with_extra_from_classic_operator', 'dataset_with_extra_by_yield', 'dataset_with_extra_by_context' retrieved from /home/airflow/.local/lib/python3.9/site-packages/airflow/example_dags/example_outlet_event_extra.py
[2025-02-01T12:02:21.994+0000] {logging_mixin.py:190} INFO - [2025-02-01T12:02:21.994+0000] {dag.py:3239} INFO - Sync 3 DAGs
[2025-02-01T12:02:22.011+0000] {logging_mixin.py:190} INFO - [2025-02-01T12:02:22.011+0000] {dag.py:4180} INFO - Setting next_dagrun for dataset_with_extra_by_context to 2025-01-31 00:00:00+00:00, run_after=2025-02-01 00:00:00+00:00
[2025-02-01T12:02:22.015+0000] {logging_mixin.py:190} INFO - [2025-02-01T12:02:22.014+0000] {dag.py:4180} INFO - Setting next_dagrun for dataset_with_extra_by_yield to 2025-01-31 00:00:00+00:00, run_after=2025-02-01 00:00:00+00:00
[2025-02-01T12:02:22.017+0000] {logging_mixin.py:190} INFO - [2025-02-01T12:02:22.017+0000] {dag.py:4180} INFO - Setting next_dagrun for dataset_with_extra_from_classic_operator to 2025-01-31 00:00:00+00:00, run_after=2025-02-01 00:00:00+00:00
[2025-02-01T12:02:22.032+0000] {processor.py:208} INFO - Processing /home/airflow/.local/lib/python3.9/site-packages/airflow/example_dags/example_outlet_event_extra.py took 0.518 seconds
[2025-02-01T12:02:52.893+0000] {processor.py:186} INFO - Started process (PID=610) to work on /home/airflow/.local/lib/python3.9/site-packages/airflow/example_dags/example_outlet_event_extra.py
[2025-02-01T12:02:52.894+0000] {processor.py:914} INFO - Processing file /home/airflow/.local/lib/python3.9/site-packages/airflow/example_dags/example_outlet_event_extra.py for tasks to queue
[2025-02-01T12:02:52.896+0000] {logging_mixin.py:190} INFO - [2025-02-01T12:02:52.896+0000] {dagbag.py:588} INFO - Filling up the DagBag from /home/airflow/.local/lib/python3.9/site-packages/airflow/example_dags/example_outlet_event_extra.py
[2025-02-01T12:02:53.609+0000] {processor.py:925} INFO - DAG(s) 'dataset_with_extra_by_yield', 'dataset_with_extra_from_classic_operator', 'dataset_with_extra_by_context' retrieved from /home/airflow/.local/lib/python3.9/site-packages/airflow/example_dags/example_outlet_event_extra.py
[2025-02-01T12:02:53.644+0000] {logging_mixin.py:190} INFO - [2025-02-01T12:02:53.643+0000] {dag.py:3239} INFO - Sync 3 DAGs
[2025-02-01T12:02:53.671+0000] {logging_mixin.py:190} INFO - [2025-02-01T12:02:53.670+0000] {dag.py:4180} INFO - Setting next_dagrun for dataset_with_extra_by_context to 2025-01-31 00:00:00+00:00, run_after=2025-02-01 00:00:00+00:00
[2025-02-01T12:02:53.676+0000] {logging_mixin.py:190} INFO - [2025-02-01T12:02:53.676+0000] {dag.py:4180} INFO - Setting next_dagrun for dataset_with_extra_by_yield to 2025-01-31 00:00:00+00:00, run_after=2025-02-01 00:00:00+00:00
[2025-02-01T12:02:53.680+0000] {logging_mixin.py:190} INFO - [2025-02-01T12:02:53.680+0000] {dag.py:4180} INFO - Setting next_dagrun for dataset_with_extra_from_classic_operator to 2025-01-31 00:00:00+00:00, run_after=2025-02-01 00:00:00+00:00
[2025-02-01T12:02:53.698+0000] {processor.py:208} INFO - Processing /home/airflow/.local/lib/python3.9/site-packages/airflow/example_dags/example_outlet_event_extra.py took 0.811 seconds
[2025-02-01T12:03:23.809+0000] {processor.py:186} INFO - Started process (PID=681) to work on /home/airflow/.local/lib/python3.9/site-packages/airflow/example_dags/example_outlet_event_extra.py
[2025-02-01T12:03:23.810+0000] {processor.py:914} INFO - Processing file /home/airflow/.local/lib/python3.9/site-packages/airflow/example_dags/example_outlet_event_extra.py for tasks to queue
[2025-02-01T12:03:23.812+0000] {logging_mixin.py:190} INFO - [2025-02-01T12:03:23.812+0000] {dagbag.py:588} INFO - Filling up the DagBag from /home/airflow/.local/lib/python3.9/site-packages/airflow/example_dags/example_outlet_event_extra.py
[2025-02-01T12:03:24.391+0000] {processor.py:925} INFO - DAG(s) 'dataset_with_extra_from_classic_operator', 'dataset_with_extra_by_context', 'dataset_with_extra_by_yield' retrieved from /home/airflow/.local/lib/python3.9/site-packages/airflow/example_dags/example_outlet_event_extra.py
[2025-02-01T12:03:24.411+0000] {logging_mixin.py:190} INFO - [2025-02-01T12:03:24.411+0000] {dag.py:3239} INFO - Sync 3 DAGs
[2025-02-01T12:03:24.429+0000] {logging_mixin.py:190} INFO - [2025-02-01T12:03:24.429+0000] {dag.py:4180} INFO - Setting next_dagrun for dataset_with_extra_by_context to 2025-01-31 00:00:00+00:00, run_after=2025-02-01 00:00:00+00:00
[2025-02-01T12:03:24.433+0000] {logging_mixin.py:190} INFO - [2025-02-01T12:03:24.433+0000] {dag.py:4180} INFO - Setting next_dagrun for dataset_with_extra_by_yield to 2025-01-31 00:00:00+00:00, run_after=2025-02-01 00:00:00+00:00
[2025-02-01T12:03:24.435+0000] {logging_mixin.py:190} INFO - [2025-02-01T12:03:24.435+0000] {dag.py:4180} INFO - Setting next_dagrun for dataset_with_extra_from_classic_operator to 2025-01-31 00:00:00+00:00, run_after=2025-02-01 00:00:00+00:00
[2025-02-01T12:03:24.448+0000] {processor.py:208} INFO - Processing /home/airflow/.local/lib/python3.9/site-packages/airflow/example_dags/example_outlet_event_extra.py took 0.646 seconds
[2025-02-01T12:03:54.732+0000] {processor.py:186} INFO - Started process (PID=744) to work on /home/airflow/.local/lib/python3.9/site-packages/airflow/example_dags/example_outlet_event_extra.py
[2025-02-01T12:03:54.733+0000] {processor.py:914} INFO - Processing file /home/airflow/.local/lib/python3.9/site-packages/airflow/example_dags/example_outlet_event_extra.py for tasks to queue
[2025-02-01T12:03:54.735+0000] {logging_mixin.py:190} INFO - [2025-02-01T12:03:54.735+0000] {dagbag.py:588} INFO - Filling up the DagBag from /home/airflow/.local/lib/python3.9/site-packages/airflow/example_dags/example_outlet_event_extra.py
[2025-02-01T12:03:55.174+0000] {processor.py:925} INFO - DAG(s) 'dataset_with_extra_by_context', 'dataset_with_extra_from_classic_operator', 'dataset_with_extra_by_yield' retrieved from /home/airflow/.local/lib/python3.9/site-packages/airflow/example_dags/example_outlet_event_extra.py
[2025-02-01T12:03:55.192+0000] {logging_mixin.py:190} INFO - [2025-02-01T12:03:55.192+0000] {dag.py:3239} INFO - Sync 3 DAGs
[2025-02-01T12:03:55.210+0000] {logging_mixin.py:190} INFO - [2025-02-01T12:03:55.210+0000] {dag.py:4180} INFO - Setting next_dagrun for dataset_with_extra_by_context to 2025-01-31 00:00:00+00:00, run_after=2025-02-01 00:00:00+00:00
[2025-02-01T12:03:55.214+0000] {logging_mixin.py:190} INFO - [2025-02-01T12:03:55.214+0000] {dag.py:4180} INFO - Setting next_dagrun for dataset_with_extra_by_yield to 2025-01-31 00:00:00+00:00, run_after=2025-02-01 00:00:00+00:00
[2025-02-01T12:03:55.216+0000] {logging_mixin.py:190} INFO - [2025-02-01T12:03:55.216+0000] {dag.py:4180} INFO - Setting next_dagrun for dataset_with_extra_from_classic_operator to 2025-01-31 00:00:00+00:00, run_after=2025-02-01 00:00:00+00:00
[2025-02-01T12:03:55.229+0000] {processor.py:208} INFO - Processing /home/airflow/.local/lib/python3.9/site-packages/airflow/example_dags/example_outlet_event_extra.py took 0.502 seconds
[2025-02-01T12:04:25.292+0000] {processor.py:186} INFO - Started process (PID=808) to work on /home/airflow/.local/lib/python3.9/site-packages/airflow/example_dags/example_outlet_event_extra.py
[2025-02-01T12:04:25.292+0000] {processor.py:914} INFO - Processing file /home/airflow/.local/lib/python3.9/site-packages/airflow/example_dags/example_outlet_event_extra.py for tasks to queue
[2025-02-01T12:04:25.294+0000] {logging_mixin.py:190} INFO - [2025-02-01T12:04:25.294+0000] {dagbag.py:588} INFO - Filling up the DagBag from /home/airflow/.local/lib/python3.9/site-packages/airflow/example_dags/example_outlet_event_extra.py
[2025-02-01T12:04:25.768+0000] {processor.py:925} INFO - DAG(s) 'dataset_with_extra_from_classic_operator', 'dataset_with_extra_by_context', 'dataset_with_extra_by_yield' retrieved from /home/airflow/.local/lib/python3.9/site-packages/airflow/example_dags/example_outlet_event_extra.py
[2025-02-01T12:04:25.787+0000] {logging_mixin.py:190} INFO - [2025-02-01T12:04:25.786+0000] {dag.py:3239} INFO - Sync 3 DAGs
[2025-02-01T12:04:25.805+0000] {logging_mixin.py:190} INFO - [2025-02-01T12:04:25.805+0000] {dag.py:4180} INFO - Setting next_dagrun for dataset_with_extra_by_context to 2025-01-31 00:00:00+00:00, run_after=2025-02-01 00:00:00+00:00
[2025-02-01T12:04:25.809+0000] {logging_mixin.py:190} INFO - [2025-02-01T12:04:25.809+0000] {dag.py:4180} INFO - Setting next_dagrun for dataset_with_extra_by_yield to 2025-01-31 00:00:00+00:00, run_after=2025-02-01 00:00:00+00:00
[2025-02-01T12:04:25.811+0000] {logging_mixin.py:190} INFO - [2025-02-01T12:04:25.811+0000] {dag.py:4180} INFO - Setting next_dagrun for dataset_with_extra_from_classic_operator to 2025-01-31 00:00:00+00:00, run_after=2025-02-01 00:00:00+00:00
[2025-02-01T12:04:25.825+0000] {processor.py:208} INFO - Processing /home/airflow/.local/lib/python3.9/site-packages/airflow/example_dags/example_outlet_event_extra.py took 0.539 seconds
[2025-02-01T12:04:56.121+0000] {processor.py:186} INFO - Started process (PID=872) to work on /home/airflow/.local/lib/python3.9/site-packages/airflow/example_dags/example_outlet_event_extra.py
[2025-02-01T12:04:56.122+0000] {processor.py:914} INFO - Processing file /home/airflow/.local/lib/python3.9/site-packages/airflow/example_dags/example_outlet_event_extra.py for tasks to queue
[2025-02-01T12:04:56.125+0000] {logging_mixin.py:190} INFO - [2025-02-01T12:04:56.124+0000] {dagbag.py:588} INFO - Filling up the DagBag from /home/airflow/.local/lib/python3.9/site-packages/airflow/example_dags/example_outlet_event_extra.py
[2025-02-01T12:04:56.868+0000] {processor.py:925} INFO - DAG(s) 'dataset_with_extra_by_yield', 'dataset_with_extra_by_context', 'dataset_with_extra_from_classic_operator' retrieved from /home/airflow/.local/lib/python3.9/site-packages/airflow/example_dags/example_outlet_event_extra.py
[2025-02-01T12:04:56.892+0000] {logging_mixin.py:190} INFO - [2025-02-01T12:04:56.892+0000] {dag.py:3239} INFO - Sync 3 DAGs
[2025-02-01T12:04:56.917+0000] {logging_mixin.py:190} INFO - [2025-02-01T12:04:56.917+0000] {dag.py:4180} INFO - Setting next_dagrun for dataset_with_extra_by_context to 2025-01-31 00:00:00+00:00, run_after=2025-02-01 00:00:00+00:00
[2025-02-01T12:04:56.923+0000] {logging_mixin.py:190} INFO - [2025-02-01T12:04:56.922+0000] {dag.py:4180} INFO - Setting next_dagrun for dataset_with_extra_by_yield to 2025-01-31 00:00:00+00:00, run_after=2025-02-01 00:00:00+00:00
[2025-02-01T12:04:56.926+0000] {logging_mixin.py:190} INFO - [2025-02-01T12:04:56.926+0000] {dag.py:4180} INFO - Setting next_dagrun for dataset_with_extra_from_classic_operator to 2025-01-31 00:00:00+00:00, run_after=2025-02-01 00:00:00+00:00
[2025-02-01T12:04:56.945+0000] {processor.py:208} INFO - Processing /home/airflow/.local/lib/python3.9/site-packages/airflow/example_dags/example_outlet_event_extra.py took 0.831 seconds
[2025-02-01T12:05:27.996+0000] {processor.py:186} INFO - Started process (PID=942) to work on /home/airflow/.local/lib/python3.9/site-packages/airflow/example_dags/example_outlet_event_extra.py
[2025-02-01T12:05:28.006+0000] {processor.py:914} INFO - Processing file /home/airflow/.local/lib/python3.9/site-packages/airflow/example_dags/example_outlet_event_extra.py for tasks to queue
[2025-02-01T12:05:28.009+0000] {logging_mixin.py:190} INFO - [2025-02-01T12:05:28.008+0000] {dagbag.py:588} INFO - Filling up the DagBag from /home/airflow/.local/lib/python3.9/site-packages/airflow/example_dags/example_outlet_event_extra.py
[2025-02-01T12:05:29.005+0000] {processor.py:925} INFO - DAG(s) 'dataset_with_extra_by_yield', 'dataset_with_extra_from_classic_operator', 'dataset_with_extra_by_context' retrieved from /home/airflow/.local/lib/python3.9/site-packages/airflow/example_dags/example_outlet_event_extra.py
[2025-02-01T12:05:29.028+0000] {logging_mixin.py:190} INFO - [2025-02-01T12:05:29.028+0000] {dag.py:3239} INFO - Sync 3 DAGs
[2025-02-01T12:05:29.055+0000] {logging_mixin.py:190} INFO - [2025-02-01T12:05:29.055+0000] {dag.py:4180} INFO - Setting next_dagrun for dataset_with_extra_by_context to 2025-01-31 00:00:00+00:00, run_after=2025-02-01 00:00:00+00:00
[2025-02-01T12:05:29.060+0000] {logging_mixin.py:190} INFO - [2025-02-01T12:05:29.060+0000] {dag.py:4180} INFO - Setting next_dagrun for dataset_with_extra_by_yield to 2025-01-31 00:00:00+00:00, run_after=2025-02-01 00:00:00+00:00
[2025-02-01T12:05:29.064+0000] {logging_mixin.py:190} INFO - [2025-02-01T12:05:29.063+0000] {dag.py:4180} INFO - Setting next_dagrun for dataset_with_extra_from_classic_operator to 2025-01-31 00:00:00+00:00, run_after=2025-02-01 00:00:00+00:00
[2025-02-01T12:05:29.081+0000] {processor.py:208} INFO - Processing /home/airflow/.local/lib/python3.9/site-packages/airflow/example_dags/example_outlet_event_extra.py took 1.100 seconds
[2025-02-01T12:05:59.238+0000] {processor.py:186} INFO - Started process (PID=1006) to work on /home/airflow/.local/lib/python3.9/site-packages/airflow/example_dags/example_outlet_event_extra.py
[2025-02-01T12:05:59.239+0000] {processor.py:914} INFO - Processing file /home/airflow/.local/lib/python3.9/site-packages/airflow/example_dags/example_outlet_event_extra.py for tasks to queue
[2025-02-01T12:05:59.246+0000] {logging_mixin.py:190} INFO - [2025-02-01T12:05:59.246+0000] {dagbag.py:588} INFO - Filling up the DagBag from /home/airflow/.local/lib/python3.9/site-packages/airflow/example_dags/example_outlet_event_extra.py
[2025-02-01T12:06:00.368+0000] {processor.py:925} INFO - DAG(s) 'dataset_with_extra_from_classic_operator', 'dataset_with_extra_by_context', 'dataset_with_extra_by_yield' retrieved from /home/airflow/.local/lib/python3.9/site-packages/airflow/example_dags/example_outlet_event_extra.py
[2025-02-01T12:06:00.435+0000] {logging_mixin.py:190} INFO - [2025-02-01T12:06:00.435+0000] {dag.py:3239} INFO - Sync 3 DAGs
[2025-02-01T12:06:00.465+0000] {logging_mixin.py:190} INFO - [2025-02-01T12:06:00.465+0000] {dag.py:4180} INFO - Setting next_dagrun for dataset_with_extra_by_context to 2025-01-31 00:00:00+00:00, run_after=2025-02-01 00:00:00+00:00
[2025-02-01T12:06:00.476+0000] {logging_mixin.py:190} INFO - [2025-02-01T12:06:00.476+0000] {dag.py:4180} INFO - Setting next_dagrun for dataset_with_extra_by_yield to 2025-01-31 00:00:00+00:00, run_after=2025-02-01 00:00:00+00:00
[2025-02-01T12:06:00.487+0000] {logging_mixin.py:190} INFO - [2025-02-01T12:06:00.487+0000] {dag.py:4180} INFO - Setting next_dagrun for dataset_with_extra_from_classic_operator to 2025-01-31 00:00:00+00:00, run_after=2025-02-01 00:00:00+00:00
[2025-02-01T12:06:00.536+0000] {processor.py:208} INFO - Processing /home/airflow/.local/lib/python3.9/site-packages/airflow/example_dags/example_outlet_event_extra.py took 1.308 seconds
[2025-02-01T12:06:30.721+0000] {processor.py:186} INFO - Started process (PID=1069) to work on /home/airflow/.local/lib/python3.9/site-packages/airflow/example_dags/example_outlet_event_extra.py
[2025-02-01T12:06:30.722+0000] {processor.py:914} INFO - Processing file /home/airflow/.local/lib/python3.9/site-packages/airflow/example_dags/example_outlet_event_extra.py for tasks to queue
[2025-02-01T12:06:30.724+0000] {logging_mixin.py:190} INFO - [2025-02-01T12:06:30.724+0000] {dagbag.py:588} INFO - Filling up the DagBag from /home/airflow/.local/lib/python3.9/site-packages/airflow/example_dags/example_outlet_event_extra.py
[2025-02-01T12:06:31.665+0000] {processor.py:925} INFO - DAG(s) 'dataset_with_extra_by_yield', 'dataset_with_extra_from_classic_operator', 'dataset_with_extra_by_context' retrieved from /home/airflow/.local/lib/python3.9/site-packages/airflow/example_dags/example_outlet_event_extra.py
[2025-02-01T12:06:31.689+0000] {logging_mixin.py:190} INFO - [2025-02-01T12:06:31.689+0000] {dag.py:3239} INFO - Sync 3 DAGs
[2025-02-01T12:06:31.716+0000] {logging_mixin.py:190} INFO - [2025-02-01T12:06:31.715+0000] {dag.py:4180} INFO - Setting next_dagrun for dataset_with_extra_by_context to 2025-01-31 00:00:00+00:00, run_after=2025-02-01 00:00:00+00:00
[2025-02-01T12:06:31.721+0000] {logging_mixin.py:190} INFO - [2025-02-01T12:06:31.721+0000] {dag.py:4180} INFO - Setting next_dagrun for dataset_with_extra_by_yield to 2025-01-31 00:00:00+00:00, run_after=2025-02-01 00:00:00+00:00
[2025-02-01T12:06:31.724+0000] {logging_mixin.py:190} INFO - [2025-02-01T12:06:31.724+0000] {dag.py:4180} INFO - Setting next_dagrun for dataset_with_extra_from_classic_operator to 2025-01-31 00:00:00+00:00, run_after=2025-02-01 00:00:00+00:00
[2025-02-01T12:06:31.743+0000] {processor.py:208} INFO - Processing /home/airflow/.local/lib/python3.9/site-packages/airflow/example_dags/example_outlet_event_extra.py took 1.029 seconds
[2025-02-01T12:07:02.422+0000] {processor.py:186} INFO - Started process (PID=1138) to work on /home/airflow/.local/lib/python3.9/site-packages/airflow/example_dags/example_outlet_event_extra.py
[2025-02-01T12:07:02.432+0000] {processor.py:914} INFO - Processing file /home/airflow/.local/lib/python3.9/site-packages/airflow/example_dags/example_outlet_event_extra.py for tasks to queue
[2025-02-01T12:07:02.437+0000] {logging_mixin.py:190} INFO - [2025-02-01T12:07:02.436+0000] {dagbag.py:588} INFO - Filling up the DagBag from /home/airflow/.local/lib/python3.9/site-packages/airflow/example_dags/example_outlet_event_extra.py
[2025-02-01T12:07:04.494+0000] {processor.py:925} INFO - DAG(s) 'dataset_with_extra_by_context', 'dataset_with_extra_by_yield', 'dataset_with_extra_from_classic_operator' retrieved from /home/airflow/.local/lib/python3.9/site-packages/airflow/example_dags/example_outlet_event_extra.py
[2025-02-01T12:07:04.690+0000] {logging_mixin.py:190} INFO - [2025-02-01T12:07:04.689+0000] {dag.py:3239} INFO - Sync 3 DAGs
[2025-02-01T12:07:04.740+0000] {logging_mixin.py:190} INFO - [2025-02-01T12:07:04.740+0000] {dag.py:4180} INFO - Setting next_dagrun for dataset_with_extra_by_context to 2025-01-31 00:00:00+00:00, run_after=2025-02-01 00:00:00+00:00
[2025-02-01T12:07:04.753+0000] {logging_mixin.py:190} INFO - [2025-02-01T12:07:04.748+0000] {dag.py:4180} INFO - Setting next_dagrun for dataset_with_extra_by_yield to 2025-01-31 00:00:00+00:00, run_after=2025-02-01 00:00:00+00:00
[2025-02-01T12:07:04.758+0000] {logging_mixin.py:190} INFO - [2025-02-01T12:07:04.758+0000] {dag.py:4180} INFO - Setting next_dagrun for dataset_with_extra_from_classic_operator to 2025-01-31 00:00:00+00:00, run_after=2025-02-01 00:00:00+00:00
[2025-02-01T12:07:04.798+0000] {processor.py:208} INFO - Processing /home/airflow/.local/lib/python3.9/site-packages/airflow/example_dags/example_outlet_event_extra.py took 2.383 seconds
[2025-02-01T12:07:34.918+0000] {processor.py:186} INFO - Started process (PID=1208) to work on /home/airflow/.local/lib/python3.9/site-packages/airflow/example_dags/example_outlet_event_extra.py
[2025-02-01T12:07:34.919+0000] {processor.py:914} INFO - Processing file /home/airflow/.local/lib/python3.9/site-packages/airflow/example_dags/example_outlet_event_extra.py for tasks to queue
[2025-02-01T12:07:34.921+0000] {logging_mixin.py:190} INFO - [2025-02-01T12:07:34.920+0000] {dagbag.py:588} INFO - Filling up the DagBag from /home/airflow/.local/lib/python3.9/site-packages/airflow/example_dags/example_outlet_event_extra.py
[2025-02-01T12:07:35.438+0000] {processor.py:925} INFO - DAG(s) 'dataset_with_extra_by_context', 'dataset_with_extra_from_classic_operator', 'dataset_with_extra_by_yield' retrieved from /home/airflow/.local/lib/python3.9/site-packages/airflow/example_dags/example_outlet_event_extra.py
[2025-02-01T12:07:35.464+0000] {logging_mixin.py:190} INFO - [2025-02-01T12:07:35.464+0000] {dag.py:3239} INFO - Sync 3 DAGs
[2025-02-01T12:07:35.492+0000] {logging_mixin.py:190} INFO - [2025-02-01T12:07:35.491+0000] {dag.py:4180} INFO - Setting next_dagrun for dataset_with_extra_by_context to 2025-01-31 00:00:00+00:00, run_after=2025-02-01 00:00:00+00:00
[2025-02-01T12:07:35.497+0000] {logging_mixin.py:190} INFO - [2025-02-01T12:07:35.497+0000] {dag.py:4180} INFO - Setting next_dagrun for dataset_with_extra_by_yield to 2025-01-31 00:00:00+00:00, run_after=2025-02-01 00:00:00+00:00
[2025-02-01T12:07:35.500+0000] {logging_mixin.py:190} INFO - [2025-02-01T12:07:35.500+0000] {dag.py:4180} INFO - Setting next_dagrun for dataset_with_extra_from_classic_operator to 2025-01-31 00:00:00+00:00, run_after=2025-02-01 00:00:00+00:00
[2025-02-01T12:07:35.521+0000] {processor.py:208} INFO - Processing /home/airflow/.local/lib/python3.9/site-packages/airflow/example_dags/example_outlet_event_extra.py took 0.607 seconds
[2025-02-01T12:08:06.058+0000] {processor.py:186} INFO - Started process (PID=1272) to work on /home/airflow/.local/lib/python3.9/site-packages/airflow/example_dags/example_outlet_event_extra.py
[2025-02-01T12:08:06.059+0000] {processor.py:914} INFO - Processing file /home/airflow/.local/lib/python3.9/site-packages/airflow/example_dags/example_outlet_event_extra.py for tasks to queue
[2025-02-01T12:08:06.060+0000] {logging_mixin.py:190} INFO - [2025-02-01T12:08:06.060+0000] {dagbag.py:588} INFO - Filling up the DagBag from /home/airflow/.local/lib/python3.9/site-packages/airflow/example_dags/example_outlet_event_extra.py
[2025-02-01T12:08:06.538+0000] {processor.py:925} INFO - DAG(s) 'dataset_with_extra_from_classic_operator', 'dataset_with_extra_by_context', 'dataset_with_extra_by_yield' retrieved from /home/airflow/.local/lib/python3.9/site-packages/airflow/example_dags/example_outlet_event_extra.py
[2025-02-01T12:08:06.556+0000] {logging_mixin.py:190} INFO - [2025-02-01T12:08:06.556+0000] {dag.py:3239} INFO - Sync 3 DAGs
[2025-02-01T12:08:06.572+0000] {logging_mixin.py:190} INFO - [2025-02-01T12:08:06.572+0000] {dag.py:4180} INFO - Setting next_dagrun for dataset_with_extra_by_context to 2025-01-31 00:00:00+00:00, run_after=2025-02-01 00:00:00+00:00
[2025-02-01T12:08:06.576+0000] {logging_mixin.py:190} INFO - [2025-02-01T12:08:06.576+0000] {dag.py:4180} INFO - Setting next_dagrun for dataset_with_extra_by_yield to 2025-01-31 00:00:00+00:00, run_after=2025-02-01 00:00:00+00:00
[2025-02-01T12:08:06.578+0000] {logging_mixin.py:190} INFO - [2025-02-01T12:08:06.578+0000] {dag.py:4180} INFO - Setting next_dagrun for dataset_with_extra_from_classic_operator to 2025-01-31 00:00:00+00:00, run_after=2025-02-01 00:00:00+00:00
[2025-02-01T12:08:06.592+0000] {processor.py:208} INFO - Processing /home/airflow/.local/lib/python3.9/site-packages/airflow/example_dags/example_outlet_event_extra.py took 0.539 seconds
[2025-02-01T12:08:37.475+0000] {processor.py:186} INFO - Started process (PID=1335) to work on /home/airflow/.local/lib/python3.9/site-packages/airflow/example_dags/example_outlet_event_extra.py
[2025-02-01T12:08:37.476+0000] {processor.py:914} INFO - Processing file /home/airflow/.local/lib/python3.9/site-packages/airflow/example_dags/example_outlet_event_extra.py for tasks to queue
[2025-02-01T12:08:37.478+0000] {logging_mixin.py:190} INFO - [2025-02-01T12:08:37.478+0000] {dagbag.py:588} INFO - Filling up the DagBag from /home/airflow/.local/lib/python3.9/site-packages/airflow/example_dags/example_outlet_event_extra.py
[2025-02-01T12:08:38.273+0000] {processor.py:925} INFO - DAG(s) 'dataset_with_extra_from_classic_operator', 'dataset_with_extra_by_context', 'dataset_with_extra_by_yield' retrieved from /home/airflow/.local/lib/python3.9/site-packages/airflow/example_dags/example_outlet_event_extra.py
[2025-02-01T12:08:38.298+0000] {logging_mixin.py:190} INFO - [2025-02-01T12:08:38.297+0000] {dag.py:3239} INFO - Sync 3 DAGs
[2025-02-01T12:08:38.325+0000] {logging_mixin.py:190} INFO - [2025-02-01T12:08:38.325+0000] {dag.py:4180} INFO - Setting next_dagrun for dataset_with_extra_by_context to 2025-01-31 00:00:00+00:00, run_after=2025-02-01 00:00:00+00:00
[2025-02-01T12:08:38.331+0000] {logging_mixin.py:190} INFO - [2025-02-01T12:08:38.330+0000] {dag.py:4180} INFO - Setting next_dagrun for dataset_with_extra_by_yield to 2025-01-31 00:00:00+00:00, run_after=2025-02-01 00:00:00+00:00
[2025-02-01T12:08:38.334+0000] {logging_mixin.py:190} INFO - [2025-02-01T12:08:38.333+0000] {dag.py:4180} INFO - Setting next_dagrun for dataset_with_extra_from_classic_operator to 2025-01-31 00:00:00+00:00, run_after=2025-02-01 00:00:00+00:00
[2025-02-01T12:08:38.352+0000] {processor.py:208} INFO - Processing /home/airflow/.local/lib/python3.9/site-packages/airflow/example_dags/example_outlet_event_extra.py took 0.884 seconds
[2025-02-01T12:09:08.990+0000] {processor.py:186} INFO - Started process (PID=1399) to work on /home/airflow/.local/lib/python3.9/site-packages/airflow/example_dags/example_outlet_event_extra.py
[2025-02-01T12:09:08.991+0000] {processor.py:914} INFO - Processing file /home/airflow/.local/lib/python3.9/site-packages/airflow/example_dags/example_outlet_event_extra.py for tasks to queue
[2025-02-01T12:09:08.993+0000] {logging_mixin.py:190} INFO - [2025-02-01T12:09:08.993+0000] {dagbag.py:588} INFO - Filling up the DagBag from /home/airflow/.local/lib/python3.9/site-packages/airflow/example_dags/example_outlet_event_extra.py
[2025-02-01T12:09:09.739+0000] {processor.py:925} INFO - DAG(s) 'dataset_with_extra_by_context', 'dataset_with_extra_from_classic_operator', 'dataset_with_extra_by_yield' retrieved from /home/airflow/.local/lib/python3.9/site-packages/airflow/example_dags/example_outlet_event_extra.py
[2025-02-01T12:09:09.790+0000] {logging_mixin.py:190} INFO - [2025-02-01T12:09:09.790+0000] {dag.py:3239} INFO - Sync 3 DAGs
[2025-02-01T12:09:09.820+0000] {logging_mixin.py:190} INFO - [2025-02-01T12:09:09.819+0000] {dag.py:4180} INFO - Setting next_dagrun for dataset_with_extra_by_context to 2025-01-31 00:00:00+00:00, run_after=2025-02-01 00:00:00+00:00
[2025-02-01T12:09:09.833+0000] {logging_mixin.py:190} INFO - [2025-02-01T12:09:09.833+0000] {dag.py:4180} INFO - Setting next_dagrun for dataset_with_extra_by_yield to 2025-01-31 00:00:00+00:00, run_after=2025-02-01 00:00:00+00:00
[2025-02-01T12:09:09.837+0000] {logging_mixin.py:190} INFO - [2025-02-01T12:09:09.836+0000] {dag.py:4180} INFO - Setting next_dagrun for dataset_with_extra_from_classic_operator to 2025-01-31 00:00:00+00:00, run_after=2025-02-01 00:00:00+00:00
[2025-02-01T12:09:09.855+0000] {processor.py:208} INFO - Processing /home/airflow/.local/lib/python3.9/site-packages/airflow/example_dags/example_outlet_event_extra.py took 0.871 seconds
[2025-02-01T12:09:40.005+0000] {processor.py:186} INFO - Started process (PID=1462) to work on /home/airflow/.local/lib/python3.9/site-packages/airflow/example_dags/example_outlet_event_extra.py
[2025-02-01T12:09:40.006+0000] {processor.py:914} INFO - Processing file /home/airflow/.local/lib/python3.9/site-packages/airflow/example_dags/example_outlet_event_extra.py for tasks to queue
[2025-02-01T12:09:40.010+0000] {logging_mixin.py:190} INFO - [2025-02-01T12:09:40.009+0000] {dagbag.py:588} INFO - Filling up the DagBag from /home/airflow/.local/lib/python3.9/site-packages/airflow/example_dags/example_outlet_event_extra.py
[2025-02-01T12:09:40.867+0000] {processor.py:925} INFO - DAG(s) 'dataset_with_extra_from_classic_operator', 'dataset_with_extra_by_yield', 'dataset_with_extra_by_context' retrieved from /home/airflow/.local/lib/python3.9/site-packages/airflow/example_dags/example_outlet_event_extra.py
[2025-02-01T12:09:40.894+0000] {logging_mixin.py:190} INFO - [2025-02-01T12:09:40.893+0000] {dag.py:3239} INFO - Sync 3 DAGs
[2025-02-01T12:09:40.920+0000] {logging_mixin.py:190} INFO - [2025-02-01T12:09:40.920+0000] {dag.py:4180} INFO - Setting next_dagrun for dataset_with_extra_by_context to 2025-01-31 00:00:00+00:00, run_after=2025-02-01 00:00:00+00:00
[2025-02-01T12:09:40.925+0000] {logging_mixin.py:190} INFO - [2025-02-01T12:09:40.925+0000] {dag.py:4180} INFO - Setting next_dagrun for dataset_with_extra_by_yield to 2025-01-31 00:00:00+00:00, run_after=2025-02-01 00:00:00+00:00
[2025-02-01T12:09:40.928+0000] {logging_mixin.py:190} INFO - [2025-02-01T12:09:40.928+0000] {dag.py:4180} INFO - Setting next_dagrun for dataset_with_extra_from_classic_operator to 2025-01-31 00:00:00+00:00, run_after=2025-02-01 00:00:00+00:00
[2025-02-01T12:09:40.947+0000] {processor.py:208} INFO - Processing /home/airflow/.local/lib/python3.9/site-packages/airflow/example_dags/example_outlet_event_extra.py took 0.950 seconds
