[2025-02-01T11:58:42.457+0000] {processor.py:186} INFO - Started process (PID=115) to work on /home/airflow/.local/lib/python3.9/site-packages/airflow/example_dags/example_bash_operator.py
[2025-02-01T11:58:42.458+0000] {processor.py:914} INFO - Processing file /home/airflow/.local/lib/python3.9/site-packages/airflow/example_dags/example_bash_operator.py for tasks to queue
[2025-02-01T11:58:42.463+0000] {logging_mixin.py:190} INFO - [2025-02-01T11:58:42.462+0000] {dagbag.py:588} INFO - Filling up the DagBag from /home/airflow/.local/lib/python3.9/site-packages/airflow/example_dags/example_bash_operator.py
[2025-02-01T11:58:42.480+0000] {processor.py:925} INFO - DAG(s) 'example_bash_operator' retrieved from /home/airflow/.local/lib/python3.9/site-packages/airflow/example_dags/example_bash_operator.py
[2025-02-01T11:58:42.680+0000] {logging_mixin.py:190} INFO - [2025-02-01T11:58:42.679+0000] {override.py:1911} INFO - Created Permission View: can edit on DAG:example_bash_operator
[2025-02-01T11:58:42.723+0000] {logging_mixin.py:190} INFO - [2025-02-01T11:58:42.723+0000] {override.py:1911} INFO - Created Permission View: can delete on DAG:example_bash_operator
[2025-02-01T11:58:42.744+0000] {logging_mixin.py:190} INFO - [2025-02-01T11:58:42.744+0000] {override.py:1911} INFO - Created Permission View: can read on DAG:example_bash_operator
[2025-02-01T11:58:42.782+0000] {logging_mixin.py:190} INFO - [2025-02-01T11:58:42.782+0000] {override.py:1911} INFO - Created Permission View: can create on DAG Run:example_bash_operator
[2025-02-01T11:58:42.807+0000] {logging_mixin.py:190} INFO - [2025-02-01T11:58:42.806+0000] {override.py:1911} INFO - Created Permission View: can delete on DAG Run:example_bash_operator
[2025-02-01T11:58:42.832+0000] {logging_mixin.py:190} INFO - [2025-02-01T11:58:42.831+0000] {override.py:1911} INFO - Created Permission View: can read on DAG Run:example_bash_operator
[2025-02-01T11:58:42.847+0000] {logging_mixin.py:190} INFO - [2025-02-01T11:58:42.847+0000] {override.py:1911} INFO - Created Permission View: menu access on DAG Run:example_bash_operator
[2025-02-01T11:58:42.848+0000] {logging_mixin.py:190} INFO - [2025-02-01T11:58:42.848+0000] {dag.py:3239} INFO - Sync 1 DAGs
[2025-02-01T11:58:42.881+0000] {logging_mixin.py:190} INFO - [2025-02-01T11:58:42.881+0000] {dag.py:3262} INFO - Creating ORM DAG for example_bash_operator
[2025-02-01T11:58:42.900+0000] {logging_mixin.py:190} INFO - [2025-02-01T11:58:42.900+0000] {dag.py:4180} INFO - Setting next_dagrun for example_bash_operator to 2025-01-31 00:00:00+00:00, run_after=2025-02-01 00:00:00+00:00
[2025-02-01T11:58:42.934+0000] {processor.py:208} INFO - Processing /home/airflow/.local/lib/python3.9/site-packages/airflow/example_dags/example_bash_operator.py took 0.495 seconds
[2025-02-01T11:59:13.029+0000] {processor.py:186} INFO - Started process (PID=178) to work on /home/airflow/.local/lib/python3.9/site-packages/airflow/example_dags/example_bash_operator.py
[2025-02-01T11:59:13.030+0000] {processor.py:914} INFO - Processing file /home/airflow/.local/lib/python3.9/site-packages/airflow/example_dags/example_bash_operator.py for tasks to queue
[2025-02-01T11:59:13.032+0000] {logging_mixin.py:190} INFO - [2025-02-01T11:59:13.032+0000] {dagbag.py:588} INFO - Filling up the DagBag from /home/airflow/.local/lib/python3.9/site-packages/airflow/example_dags/example_bash_operator.py
[2025-02-01T11:59:13.042+0000] {processor.py:925} INFO - DAG(s) 'example_bash_operator' retrieved from /home/airflow/.local/lib/python3.9/site-packages/airflow/example_dags/example_bash_operator.py
[2025-02-01T11:59:13.062+0000] {logging_mixin.py:190} INFO - [2025-02-01T11:59:13.062+0000] {dag.py:3239} INFO - Sync 1 DAGs
[2025-02-01T11:59:13.080+0000] {logging_mixin.py:190} INFO - [2025-02-01T11:59:13.079+0000] {dag.py:4180} INFO - Setting next_dagrun for example_bash_operator to 2025-01-31 00:00:00+00:00, run_after=2025-02-01 00:00:00+00:00
[2025-02-01T11:59:13.092+0000] {processor.py:208} INFO - Processing /home/airflow/.local/lib/python3.9/site-packages/airflow/example_dags/example_bash_operator.py took 0.068 seconds
[2025-02-01T11:59:43.711+0000] {processor.py:186} INFO - Started process (PID=242) to work on /home/airflow/.local/lib/python3.9/site-packages/airflow/example_dags/example_bash_operator.py
[2025-02-01T11:59:43.712+0000] {processor.py:914} INFO - Processing file /home/airflow/.local/lib/python3.9/site-packages/airflow/example_dags/example_bash_operator.py for tasks to queue
[2025-02-01T11:59:43.714+0000] {logging_mixin.py:190} INFO - [2025-02-01T11:59:43.714+0000] {dagbag.py:588} INFO - Filling up the DagBag from /home/airflow/.local/lib/python3.9/site-packages/airflow/example_dags/example_bash_operator.py
[2025-02-01T11:59:43.729+0000] {processor.py:925} INFO - DAG(s) 'example_bash_operator' retrieved from /home/airflow/.local/lib/python3.9/site-packages/airflow/example_dags/example_bash_operator.py
[2025-02-01T11:59:43.771+0000] {logging_mixin.py:190} INFO - [2025-02-01T11:59:43.771+0000] {dag.py:3239} INFO - Sync 1 DAGs
[2025-02-01T11:59:43.800+0000] {logging_mixin.py:190} INFO - [2025-02-01T11:59:43.800+0000] {dag.py:4180} INFO - Setting next_dagrun for example_bash_operator to 2025-01-31 00:00:00+00:00, run_after=2025-02-01 00:00:00+00:00
[2025-02-01T11:59:43.816+0000] {processor.py:208} INFO - Processing /home/airflow/.local/lib/python3.9/site-packages/airflow/example_dags/example_bash_operator.py took 0.112 seconds
[2025-02-01T12:00:18.501+0000] {processor.py:186} INFO - Started process (PID=307) to work on /home/airflow/.local/lib/python3.9/site-packages/airflow/example_dags/example_bash_operator.py
[2025-02-01T12:00:18.502+0000] {processor.py:914} INFO - Processing file /home/airflow/.local/lib/python3.9/site-packages/airflow/example_dags/example_bash_operator.py for tasks to queue
[2025-02-01T12:00:18.506+0000] {logging_mixin.py:190} INFO - [2025-02-01T12:00:18.506+0000] {dagbag.py:588} INFO - Filling up the DagBag from /home/airflow/.local/lib/python3.9/site-packages/airflow/example_dags/example_bash_operator.py
[2025-02-01T12:00:18.588+0000] {processor.py:925} INFO - DAG(s) 'example_bash_operator' retrieved from /home/airflow/.local/lib/python3.9/site-packages/airflow/example_dags/example_bash_operator.py
[2025-02-01T12:00:18.693+0000] {logging_mixin.py:190} INFO - [2025-02-01T12:00:18.693+0000] {dag.py:3239} INFO - Sync 1 DAGs
[2025-02-01T12:00:18.745+0000] {logging_mixin.py:190} INFO - [2025-02-01T12:00:18.745+0000] {dag.py:4180} INFO - Setting next_dagrun for example_bash_operator to 2025-01-31 00:00:00+00:00, run_after=2025-02-01 00:00:00+00:00
[2025-02-01T12:00:18.783+0000] {processor.py:208} INFO - Processing /home/airflow/.local/lib/python3.9/site-packages/airflow/example_dags/example_bash_operator.py took 0.289 seconds
[2025-02-01T12:00:51.374+0000] {processor.py:186} INFO - Started process (PID=372) to work on /home/airflow/.local/lib/python3.9/site-packages/airflow/example_dags/example_bash_operator.py
[2025-02-01T12:00:51.376+0000] {processor.py:914} INFO - Processing file /home/airflow/.local/lib/python3.9/site-packages/airflow/example_dags/example_bash_operator.py for tasks to queue
[2025-02-01T12:00:51.379+0000] {logging_mixin.py:190} INFO - [2025-02-01T12:00:51.379+0000] {dagbag.py:588} INFO - Filling up the DagBag from /home/airflow/.local/lib/python3.9/site-packages/airflow/example_dags/example_bash_operator.py
[2025-02-01T12:00:51.394+0000] {processor.py:925} INFO - DAG(s) 'example_bash_operator' retrieved from /home/airflow/.local/lib/python3.9/site-packages/airflow/example_dags/example_bash_operator.py
[2025-02-01T12:00:51.459+0000] {logging_mixin.py:190} INFO - [2025-02-01T12:00:51.458+0000] {dag.py:3239} INFO - Sync 1 DAGs
[2025-02-01T12:00:51.491+0000] {logging_mixin.py:190} INFO - [2025-02-01T12:00:51.490+0000] {dag.py:4180} INFO - Setting next_dagrun for example_bash_operator to 2025-01-31 00:00:00+00:00, run_after=2025-02-01 00:00:00+00:00
[2025-02-01T12:00:51.508+0000] {processor.py:208} INFO - Processing /home/airflow/.local/lib/python3.9/site-packages/airflow/example_dags/example_bash_operator.py took 0.151 seconds
[2025-02-01T12:01:21.773+0000] {processor.py:186} INFO - Started process (PID=434) to work on /home/airflow/.local/lib/python3.9/site-packages/airflow/example_dags/example_bash_operator.py
[2025-02-01T12:01:21.774+0000] {processor.py:914} INFO - Processing file /home/airflow/.local/lib/python3.9/site-packages/airflow/example_dags/example_bash_operator.py for tasks to queue
[2025-02-01T12:01:21.776+0000] {logging_mixin.py:190} INFO - [2025-02-01T12:01:21.775+0000] {dagbag.py:588} INFO - Filling up the DagBag from /home/airflow/.local/lib/python3.9/site-packages/airflow/example_dags/example_bash_operator.py
[2025-02-01T12:01:21.787+0000] {processor.py:925} INFO - DAG(s) 'example_bash_operator' retrieved from /home/airflow/.local/lib/python3.9/site-packages/airflow/example_dags/example_bash_operator.py
[2025-02-01T12:01:21.808+0000] {logging_mixin.py:190} INFO - [2025-02-01T12:01:21.807+0000] {dag.py:3239} INFO - Sync 1 DAGs
[2025-02-01T12:01:21.825+0000] {logging_mixin.py:190} INFO - [2025-02-01T12:01:21.825+0000] {dag.py:4180} INFO - Setting next_dagrun for example_bash_operator to 2025-01-31 00:00:00+00:00, run_after=2025-02-01 00:00:00+00:00
[2025-02-01T12:01:21.837+0000] {processor.py:208} INFO - Processing /home/airflow/.local/lib/python3.9/site-packages/airflow/example_dags/example_bash_operator.py took 0.068 seconds
[2025-02-01T12:01:52.648+0000] {processor.py:186} INFO - Started process (PID=497) to work on /home/airflow/.local/lib/python3.9/site-packages/airflow/example_dags/example_bash_operator.py
[2025-02-01T12:01:52.649+0000] {processor.py:914} INFO - Processing file /home/airflow/.local/lib/python3.9/site-packages/airflow/example_dags/example_bash_operator.py for tasks to queue
[2025-02-01T12:01:52.651+0000] {logging_mixin.py:190} INFO - [2025-02-01T12:01:52.651+0000] {dagbag.py:588} INFO - Filling up the DagBag from /home/airflow/.local/lib/python3.9/site-packages/airflow/example_dags/example_bash_operator.py
[2025-02-01T12:01:52.668+0000] {processor.py:925} INFO - DAG(s) 'example_bash_operator' retrieved from /home/airflow/.local/lib/python3.9/site-packages/airflow/example_dags/example_bash_operator.py
[2025-02-01T12:01:52.700+0000] {logging_mixin.py:190} INFO - [2025-02-01T12:01:52.700+0000] {dag.py:3239} INFO - Sync 1 DAGs
[2025-02-01T12:01:52.726+0000] {logging_mixin.py:190} INFO - [2025-02-01T12:01:52.726+0000] {dag.py:4180} INFO - Setting next_dagrun for example_bash_operator to 2025-01-31 00:00:00+00:00, run_after=2025-02-01 00:00:00+00:00
[2025-02-01T12:01:52.741+0000] {processor.py:208} INFO - Processing /home/airflow/.local/lib/python3.9/site-packages/airflow/example_dags/example_bash_operator.py took 0.100 seconds
[2025-02-01T12:02:23.795+0000] {processor.py:186} INFO - Started process (PID=567) to work on /home/airflow/.local/lib/python3.9/site-packages/airflow/example_dags/example_bash_operator.py
[2025-02-01T12:02:23.796+0000] {processor.py:914} INFO - Processing file /home/airflow/.local/lib/python3.9/site-packages/airflow/example_dags/example_bash_operator.py for tasks to queue
[2025-02-01T12:02:23.798+0000] {logging_mixin.py:190} INFO - [2025-02-01T12:02:23.797+0000] {dagbag.py:588} INFO - Filling up the DagBag from /home/airflow/.local/lib/python3.9/site-packages/airflow/example_dags/example_bash_operator.py
[2025-02-01T12:02:23.808+0000] {processor.py:925} INFO - DAG(s) 'example_bash_operator' retrieved from /home/airflow/.local/lib/python3.9/site-packages/airflow/example_dags/example_bash_operator.py
[2025-02-01T12:02:23.829+0000] {logging_mixin.py:190} INFO - [2025-02-01T12:02:23.829+0000] {dag.py:3239} INFO - Sync 1 DAGs
[2025-02-01T12:02:23.850+0000] {logging_mixin.py:190} INFO - [2025-02-01T12:02:23.849+0000] {dag.py:4180} INFO - Setting next_dagrun for example_bash_operator to 2025-01-31 00:00:00+00:00, run_after=2025-02-01 00:00:00+00:00
[2025-02-01T12:02:23.862+0000] {processor.py:208} INFO - Processing /home/airflow/.local/lib/python3.9/site-packages/airflow/example_dags/example_bash_operator.py took 0.073 seconds
[2025-02-01T12:02:54.690+0000] {processor.py:186} INFO - Started process (PID=629) to work on /home/airflow/.local/lib/python3.9/site-packages/airflow/example_dags/example_bash_operator.py
[2025-02-01T12:02:54.690+0000] {processor.py:914} INFO - Processing file /home/airflow/.local/lib/python3.9/site-packages/airflow/example_dags/example_bash_operator.py for tasks to queue
[2025-02-01T12:02:54.692+0000] {logging_mixin.py:190} INFO - [2025-02-01T12:02:54.692+0000] {dagbag.py:588} INFO - Filling up the DagBag from /home/airflow/.local/lib/python3.9/site-packages/airflow/example_dags/example_bash_operator.py
[2025-02-01T12:02:54.702+0000] {processor.py:925} INFO - DAG(s) 'example_bash_operator' retrieved from /home/airflow/.local/lib/python3.9/site-packages/airflow/example_dags/example_bash_operator.py
[2025-02-01T12:02:54.723+0000] {logging_mixin.py:190} INFO - [2025-02-01T12:02:54.722+0000] {dag.py:3239} INFO - Sync 1 DAGs
[2025-02-01T12:02:54.740+0000] {logging_mixin.py:190} INFO - [2025-02-01T12:02:54.739+0000] {dag.py:4180} INFO - Setting next_dagrun for example_bash_operator to 2025-01-31 00:00:00+00:00, run_after=2025-02-01 00:00:00+00:00
[2025-02-01T12:02:54.752+0000] {processor.py:208} INFO - Processing /home/airflow/.local/lib/python3.9/site-packages/airflow/example_dags/example_bash_operator.py took 0.067 seconds
[2025-02-01T12:03:25.766+0000] {processor.py:186} INFO - Started process (PID=695) to work on /home/airflow/.local/lib/python3.9/site-packages/airflow/example_dags/example_bash_operator.py
[2025-02-01T12:03:25.767+0000] {processor.py:914} INFO - Processing file /home/airflow/.local/lib/python3.9/site-packages/airflow/example_dags/example_bash_operator.py for tasks to queue
[2025-02-01T12:03:25.769+0000] {logging_mixin.py:190} INFO - [2025-02-01T12:03:25.769+0000] {dagbag.py:588} INFO - Filling up the DagBag from /home/airflow/.local/lib/python3.9/site-packages/airflow/example_dags/example_bash_operator.py
[2025-02-01T12:03:25.784+0000] {processor.py:925} INFO - DAG(s) 'example_bash_operator' retrieved from /home/airflow/.local/lib/python3.9/site-packages/airflow/example_dags/example_bash_operator.py
[2025-02-01T12:03:25.816+0000] {logging_mixin.py:190} INFO - [2025-02-01T12:03:25.815+0000] {dag.py:3239} INFO - Sync 1 DAGs
[2025-02-01T12:03:25.841+0000] {logging_mixin.py:190} INFO - [2025-02-01T12:03:25.841+0000] {dag.py:4180} INFO - Setting next_dagrun for example_bash_operator to 2025-01-31 00:00:00+00:00, run_after=2025-02-01 00:00:00+00:00
[2025-02-01T12:03:25.857+0000] {processor.py:208} INFO - Processing /home/airflow/.local/lib/python3.9/site-packages/airflow/example_dags/example_bash_operator.py took 0.098 seconds
[2025-02-01T12:03:56.546+0000] {processor.py:186} INFO - Started process (PID=760) to work on /home/airflow/.local/lib/python3.9/site-packages/airflow/example_dags/example_bash_operator.py
[2025-02-01T12:03:56.547+0000] {processor.py:914} INFO - Processing file /home/airflow/.local/lib/python3.9/site-packages/airflow/example_dags/example_bash_operator.py for tasks to queue
[2025-02-01T12:03:56.549+0000] {logging_mixin.py:190} INFO - [2025-02-01T12:03:56.549+0000] {dagbag.py:588} INFO - Filling up the DagBag from /home/airflow/.local/lib/python3.9/site-packages/airflow/example_dags/example_bash_operator.py
[2025-02-01T12:03:56.564+0000] {processor.py:925} INFO - DAG(s) 'example_bash_operator' retrieved from /home/airflow/.local/lib/python3.9/site-packages/airflow/example_dags/example_bash_operator.py
[2025-02-01T12:03:56.594+0000] {logging_mixin.py:190} INFO - [2025-02-01T12:03:56.594+0000] {dag.py:3239} INFO - Sync 1 DAGs
[2025-02-01T12:03:56.620+0000] {logging_mixin.py:190} INFO - [2025-02-01T12:03:56.620+0000] {dag.py:4180} INFO - Setting next_dagrun for example_bash_operator to 2025-01-31 00:00:00+00:00, run_after=2025-02-01 00:00:00+00:00
[2025-02-01T12:03:56.639+0000] {processor.py:208} INFO - Processing /home/airflow/.local/lib/python3.9/site-packages/airflow/example_dags/example_bash_operator.py took 0.100 seconds
[2025-02-01T12:04:26.762+0000] {processor.py:186} INFO - Started process (PID=824) to work on /home/airflow/.local/lib/python3.9/site-packages/airflow/example_dags/example_bash_operator.py
[2025-02-01T12:04:26.763+0000] {processor.py:914} INFO - Processing file /home/airflow/.local/lib/python3.9/site-packages/airflow/example_dags/example_bash_operator.py for tasks to queue
[2025-02-01T12:04:26.765+0000] {logging_mixin.py:190} INFO - [2025-02-01T12:04:26.764+0000] {dagbag.py:588} INFO - Filling up the DagBag from /home/airflow/.local/lib/python3.9/site-packages/airflow/example_dags/example_bash_operator.py
[2025-02-01T12:04:26.780+0000] {processor.py:925} INFO - DAG(s) 'example_bash_operator' retrieved from /home/airflow/.local/lib/python3.9/site-packages/airflow/example_dags/example_bash_operator.py
[2025-02-01T12:04:26.812+0000] {logging_mixin.py:190} INFO - [2025-02-01T12:04:26.812+0000] {dag.py:3239} INFO - Sync 1 DAGs
[2025-02-01T12:04:26.840+0000] {logging_mixin.py:190} INFO - [2025-02-01T12:04:26.840+0000] {dag.py:4180} INFO - Setting next_dagrun for example_bash_operator to 2025-01-31 00:00:00+00:00, run_after=2025-02-01 00:00:00+00:00
[2025-02-01T12:04:26.857+0000] {processor.py:208} INFO - Processing /home/airflow/.local/lib/python3.9/site-packages/airflow/example_dags/example_bash_operator.py took 0.102 seconds
[2025-02-01T12:04:57.297+0000] {processor.py:186} INFO - Started process (PID=885) to work on /home/airflow/.local/lib/python3.9/site-packages/airflow/example_dags/example_bash_operator.py
[2025-02-01T12:04:57.301+0000] {processor.py:914} INFO - Processing file /home/airflow/.local/lib/python3.9/site-packages/airflow/example_dags/example_bash_operator.py for tasks to queue
[2025-02-01T12:04:57.305+0000] {logging_mixin.py:190} INFO - [2025-02-01T12:04:57.304+0000] {dagbag.py:588} INFO - Filling up the DagBag from /home/airflow/.local/lib/python3.9/site-packages/airflow/example_dags/example_bash_operator.py
[2025-02-01T12:04:57.323+0000] {processor.py:925} INFO - DAG(s) 'example_bash_operator' retrieved from /home/airflow/.local/lib/python3.9/site-packages/airflow/example_dags/example_bash_operator.py
[2025-02-01T12:04:57.354+0000] {logging_mixin.py:190} INFO - [2025-02-01T12:04:57.354+0000] {dag.py:3239} INFO - Sync 1 DAGs
[2025-02-01T12:04:57.382+0000] {logging_mixin.py:190} INFO - [2025-02-01T12:04:57.382+0000] {dag.py:4180} INFO - Setting next_dagrun for example_bash_operator to 2025-01-31 00:00:00+00:00, run_after=2025-02-01 00:00:00+00:00
[2025-02-01T12:04:57.400+0000] {processor.py:208} INFO - Processing /home/airflow/.local/lib/python3.9/site-packages/airflow/example_dags/example_bash_operator.py took 0.115 seconds
[2025-02-01T12:05:28.960+0000] {processor.py:186} INFO - Started process (PID=947) to work on /home/airflow/.local/lib/python3.9/site-packages/airflow/example_dags/example_bash_operator.py
[2025-02-01T12:05:28.961+0000] {processor.py:914} INFO - Processing file /home/airflow/.local/lib/python3.9/site-packages/airflow/example_dags/example_bash_operator.py for tasks to queue
[2025-02-01T12:05:28.964+0000] {logging_mixin.py:190} INFO - [2025-02-01T12:05:28.964+0000] {dagbag.py:588} INFO - Filling up the DagBag from /home/airflow/.local/lib/python3.9/site-packages/airflow/example_dags/example_bash_operator.py
[2025-02-01T12:05:28.988+0000] {processor.py:925} INFO - DAG(s) 'example_bash_operator' retrieved from /home/airflow/.local/lib/python3.9/site-packages/airflow/example_dags/example_bash_operator.py
[2025-02-01T12:05:29.022+0000] {logging_mixin.py:190} INFO - [2025-02-01T12:05:29.022+0000] {dag.py:3239} INFO - Sync 1 DAGs
[2025-02-01T12:05:29.049+0000] {logging_mixin.py:190} INFO - [2025-02-01T12:05:29.049+0000] {dag.py:4180} INFO - Setting next_dagrun for example_bash_operator to 2025-01-31 00:00:00+00:00, run_after=2025-02-01 00:00:00+00:00
[2025-02-01T12:05:29.067+0000] {processor.py:208} INFO - Processing /home/airflow/.local/lib/python3.9/site-packages/airflow/example_dags/example_bash_operator.py took 0.113 seconds
[2025-02-01T12:06:00.214+0000] {processor.py:186} INFO - Started process (PID=1010) to work on /home/airflow/.local/lib/python3.9/site-packages/airflow/example_dags/example_bash_operator.py
[2025-02-01T12:06:00.223+0000] {processor.py:914} INFO - Processing file /home/airflow/.local/lib/python3.9/site-packages/airflow/example_dags/example_bash_operator.py for tasks to queue
[2025-02-01T12:06:00.252+0000] {logging_mixin.py:190} INFO - [2025-02-01T12:06:00.252+0000] {dagbag.py:588} INFO - Filling up the DagBag from /home/airflow/.local/lib/python3.9/site-packages/airflow/example_dags/example_bash_operator.py
[2025-02-01T12:06:00.309+0000] {processor.py:925} INFO - DAG(s) 'example_bash_operator' retrieved from /home/airflow/.local/lib/python3.9/site-packages/airflow/example_dags/example_bash_operator.py
[2025-02-01T12:06:00.424+0000] {logging_mixin.py:190} INFO - [2025-02-01T12:06:00.424+0000] {dag.py:3239} INFO - Sync 1 DAGs
[2025-02-01T12:06:00.481+0000] {logging_mixin.py:190} INFO - [2025-02-01T12:06:00.481+0000] {dag.py:4180} INFO - Setting next_dagrun for example_bash_operator to 2025-01-31 00:00:00+00:00, run_after=2025-02-01 00:00:00+00:00
[2025-02-01T12:06:00.516+0000] {processor.py:208} INFO - Processing /home/airflow/.local/lib/python3.9/site-packages/airflow/example_dags/example_bash_operator.py took 0.318 seconds
[2025-02-01T12:06:31.051+0000] {processor.py:186} INFO - Started process (PID=1072) to work on /home/airflow/.local/lib/python3.9/site-packages/airflow/example_dags/example_bash_operator.py
[2025-02-01T12:06:31.052+0000] {processor.py:914} INFO - Processing file /home/airflow/.local/lib/python3.9/site-packages/airflow/example_dags/example_bash_operator.py for tasks to queue
[2025-02-01T12:06:31.055+0000] {logging_mixin.py:190} INFO - [2025-02-01T12:06:31.055+0000] {dagbag.py:588} INFO - Filling up the DagBag from /home/airflow/.local/lib/python3.9/site-packages/airflow/example_dags/example_bash_operator.py
[2025-02-01T12:06:31.070+0000] {processor.py:925} INFO - DAG(s) 'example_bash_operator' retrieved from /home/airflow/.local/lib/python3.9/site-packages/airflow/example_dags/example_bash_operator.py
[2025-02-01T12:06:31.105+0000] {logging_mixin.py:190} INFO - [2025-02-01T12:06:31.105+0000] {dag.py:3239} INFO - Sync 1 DAGs
[2025-02-01T12:06:31.133+0000] {logging_mixin.py:190} INFO - [2025-02-01T12:06:31.133+0000] {dag.py:4180} INFO - Setting next_dagrun for example_bash_operator to 2025-01-31 00:00:00+00:00, run_after=2025-02-01 00:00:00+00:00
[2025-02-01T12:06:31.150+0000] {processor.py:208} INFO - Processing /home/airflow/.local/lib/python3.9/site-packages/airflow/example_dags/example_bash_operator.py took 0.106 seconds
[2025-02-01T12:07:02.082+0000] {processor.py:186} INFO - Started process (PID=1135) to work on /home/airflow/.local/lib/python3.9/site-packages/airflow/example_dags/example_bash_operator.py
[2025-02-01T12:07:02.083+0000] {processor.py:914} INFO - Processing file /home/airflow/.local/lib/python3.9/site-packages/airflow/example_dags/example_bash_operator.py for tasks to queue
[2025-02-01T12:07:02.086+0000] {logging_mixin.py:190} INFO - [2025-02-01T12:07:02.086+0000] {dagbag.py:588} INFO - Filling up the DagBag from /home/airflow/.local/lib/python3.9/site-packages/airflow/example_dags/example_bash_operator.py
[2025-02-01T12:07:02.112+0000] {processor.py:925} INFO - DAG(s) 'example_bash_operator' retrieved from /home/airflow/.local/lib/python3.9/site-packages/airflow/example_dags/example_bash_operator.py
[2025-02-01T12:07:02.173+0000] {logging_mixin.py:190} INFO - [2025-02-01T12:07:02.173+0000] {dag.py:3239} INFO - Sync 1 DAGs
[2025-02-01T12:07:02.229+0000] {logging_mixin.py:190} INFO - [2025-02-01T12:07:02.229+0000] {dag.py:4180} INFO - Setting next_dagrun for example_bash_operator to 2025-01-31 00:00:00+00:00, run_after=2025-02-01 00:00:00+00:00
[2025-02-01T12:07:02.265+0000] {processor.py:208} INFO - Processing /home/airflow/.local/lib/python3.9/site-packages/airflow/example_dags/example_bash_operator.py took 0.194 seconds
[2025-02-01T12:07:32.345+0000] {processor.py:186} INFO - Started process (PID=1198) to work on /home/airflow/.local/lib/python3.9/site-packages/airflow/example_dags/example_bash_operator.py
[2025-02-01T12:07:32.346+0000] {processor.py:914} INFO - Processing file /home/airflow/.local/lib/python3.9/site-packages/airflow/example_dags/example_bash_operator.py for tasks to queue
[2025-02-01T12:07:32.349+0000] {logging_mixin.py:190} INFO - [2025-02-01T12:07:32.349+0000] {dagbag.py:588} INFO - Filling up the DagBag from /home/airflow/.local/lib/python3.9/site-packages/airflow/example_dags/example_bash_operator.py
[2025-02-01T12:07:32.368+0000] {processor.py:925} INFO - DAG(s) 'example_bash_operator' retrieved from /home/airflow/.local/lib/python3.9/site-packages/airflow/example_dags/example_bash_operator.py
[2025-02-01T12:07:32.406+0000] {logging_mixin.py:190} INFO - [2025-02-01T12:07:32.405+0000] {dag.py:3239} INFO - Sync 1 DAGs
[2025-02-01T12:07:32.438+0000] {logging_mixin.py:190} INFO - [2025-02-01T12:07:32.438+0000] {dag.py:4180} INFO - Setting next_dagrun for example_bash_operator to 2025-01-31 00:00:00+00:00, run_after=2025-02-01 00:00:00+00:00
[2025-02-01T12:07:32.462+0000] {processor.py:208} INFO - Processing /home/airflow/.local/lib/python3.9/site-packages/airflow/example_dags/example_bash_operator.py took 0.123 seconds
[2025-02-01T12:08:02.525+0000] {processor.py:186} INFO - Started process (PID=1261) to work on /home/airflow/.local/lib/python3.9/site-packages/airflow/example_dags/example_bash_operator.py
[2025-02-01T12:08:02.526+0000] {processor.py:914} INFO - Processing file /home/airflow/.local/lib/python3.9/site-packages/airflow/example_dags/example_bash_operator.py for tasks to queue
[2025-02-01T12:08:02.528+0000] {logging_mixin.py:190} INFO - [2025-02-01T12:08:02.528+0000] {dagbag.py:588} INFO - Filling up the DagBag from /home/airflow/.local/lib/python3.9/site-packages/airflow/example_dags/example_bash_operator.py
[2025-02-01T12:08:02.543+0000] {processor.py:925} INFO - DAG(s) 'example_bash_operator' retrieved from /home/airflow/.local/lib/python3.9/site-packages/airflow/example_dags/example_bash_operator.py
[2025-02-01T12:08:02.574+0000] {logging_mixin.py:190} INFO - [2025-02-01T12:08:02.573+0000] {dag.py:3239} INFO - Sync 1 DAGs
[2025-02-01T12:08:02.600+0000] {logging_mixin.py:190} INFO - [2025-02-01T12:08:02.600+0000] {dag.py:4180} INFO - Setting next_dagrun for example_bash_operator to 2025-01-31 00:00:00+00:00, run_after=2025-02-01 00:00:00+00:00
[2025-02-01T12:08:02.637+0000] {processor.py:208} INFO - Processing /home/airflow/.local/lib/python3.9/site-packages/airflow/example_dags/example_bash_operator.py took 0.118 seconds
[2025-02-01T12:08:33.062+0000] {processor.py:186} INFO - Started process (PID=1326) to work on /home/airflow/.local/lib/python3.9/site-packages/airflow/example_dags/example_bash_operator.py
[2025-02-01T12:08:33.063+0000] {processor.py:914} INFO - Processing file /home/airflow/.local/lib/python3.9/site-packages/airflow/example_dags/example_bash_operator.py for tasks to queue
[2025-02-01T12:08:33.065+0000] {logging_mixin.py:190} INFO - [2025-02-01T12:08:33.065+0000] {dagbag.py:588} INFO - Filling up the DagBag from /home/airflow/.local/lib/python3.9/site-packages/airflow/example_dags/example_bash_operator.py
[2025-02-01T12:08:33.075+0000] {processor.py:925} INFO - DAG(s) 'example_bash_operator' retrieved from /home/airflow/.local/lib/python3.9/site-packages/airflow/example_dags/example_bash_operator.py
[2025-02-01T12:08:33.095+0000] {logging_mixin.py:190} INFO - [2025-02-01T12:08:33.095+0000] {dag.py:3239} INFO - Sync 1 DAGs
[2025-02-01T12:08:33.119+0000] {logging_mixin.py:190} INFO - [2025-02-01T12:08:33.119+0000] {dag.py:4180} INFO - Setting next_dagrun for example_bash_operator to 2025-01-31 00:00:00+00:00, run_after=2025-02-01 00:00:00+00:00
[2025-02-01T12:08:33.133+0000] {processor.py:208} INFO - Processing /home/airflow/.local/lib/python3.9/site-packages/airflow/example_dags/example_bash_operator.py took 0.075 seconds
[2025-02-01T12:09:03.539+0000] {processor.py:186} INFO - Started process (PID=1389) to work on /home/airflow/.local/lib/python3.9/site-packages/airflow/example_dags/example_bash_operator.py
[2025-02-01T12:09:03.540+0000] {processor.py:914} INFO - Processing file /home/airflow/.local/lib/python3.9/site-packages/airflow/example_dags/example_bash_operator.py for tasks to queue
[2025-02-01T12:09:03.542+0000] {logging_mixin.py:190} INFO - [2025-02-01T12:09:03.542+0000] {dagbag.py:588} INFO - Filling up the DagBag from /home/airflow/.local/lib/python3.9/site-packages/airflow/example_dags/example_bash_operator.py
[2025-02-01T12:09:03.557+0000] {processor.py:925} INFO - DAG(s) 'example_bash_operator' retrieved from /home/airflow/.local/lib/python3.9/site-packages/airflow/example_dags/example_bash_operator.py
[2025-02-01T12:09:03.589+0000] {logging_mixin.py:190} INFO - [2025-02-01T12:09:03.589+0000] {dag.py:3239} INFO - Sync 1 DAGs
[2025-02-01T12:09:03.616+0000] {logging_mixin.py:190} INFO - [2025-02-01T12:09:03.615+0000] {dag.py:4180} INFO - Setting next_dagrun for example_bash_operator to 2025-01-31 00:00:00+00:00, run_after=2025-02-01 00:00:00+00:00
[2025-02-01T12:09:03.635+0000] {processor.py:208} INFO - Processing /home/airflow/.local/lib/python3.9/site-packages/airflow/example_dags/example_bash_operator.py took 0.101 seconds
[2025-02-01T12:09:34.590+0000] {processor.py:186} INFO - Started process (PID=1452) to work on /home/airflow/.local/lib/python3.9/site-packages/airflow/example_dags/example_bash_operator.py
[2025-02-01T12:09:34.593+0000] {processor.py:914} INFO - Processing file /home/airflow/.local/lib/python3.9/site-packages/airflow/example_dags/example_bash_operator.py for tasks to queue
[2025-02-01T12:09:34.600+0000] {logging_mixin.py:190} INFO - [2025-02-01T12:09:34.600+0000] {dagbag.py:588} INFO - Filling up the DagBag from /home/airflow/.local/lib/python3.9/site-packages/airflow/example_dags/example_bash_operator.py
[2025-02-01T12:09:34.629+0000] {processor.py:925} INFO - DAG(s) 'example_bash_operator' retrieved from /home/airflow/.local/lib/python3.9/site-packages/airflow/example_dags/example_bash_operator.py
[2025-02-01T12:09:34.665+0000] {logging_mixin.py:190} INFO - [2025-02-01T12:09:34.664+0000] {dag.py:3239} INFO - Sync 1 DAGs
[2025-02-01T12:09:34.691+0000] {logging_mixin.py:190} INFO - [2025-02-01T12:09:34.691+0000] {dag.py:4180} INFO - Setting next_dagrun for example_bash_operator to 2025-01-31 00:00:00+00:00, run_after=2025-02-01 00:00:00+00:00
[2025-02-01T12:09:34.707+0000] {processor.py:208} INFO - Processing /home/airflow/.local/lib/python3.9/site-packages/airflow/example_dags/example_bash_operator.py took 0.126 seconds
