[2025-02-01T11:58:27.910+0000] {processor.py:186} INFO - Started process (PID=80) to work on /home/airflow/.local/lib/python3.9/site-packages/airflow/example_dags/example_branch_operator_decorator.py
[2025-02-01T11:58:27.923+0000] {processor.py:914} INFO - Processing file /home/airflow/.local/lib/python3.9/site-packages/airflow/example_dags/example_branch_operator_decorator.py for tasks to queue
[2025-02-01T11:58:27.931+0000] {logging_mixin.py:190} INFO - [2025-02-01T11:58:27.931+0000] {dagbag.py:588} INFO - Filling up the DagBag from /home/airflow/.local/lib/python3.9/site-packages/airflow/example_dags/example_branch_operator_decorator.py
[2025-02-01T11:58:28.190+0000] {processor.py:925} INFO - DAG(s) 'example_branch_python_operator_decorator' retrieved from /home/airflow/.local/lib/python3.9/site-packages/airflow/example_dags/example_branch_operator_decorator.py
[2025-02-01T11:58:28.951+0000] {logging_mixin.py:190} INFO - [2025-02-01T11:58:28.951+0000] {override.py:1911} INFO - Created Permission View: can edit on DAG:example_branch_python_operator_decorator
[2025-02-01T11:58:29.009+0000] {logging_mixin.py:190} INFO - [2025-02-01T11:58:29.009+0000] {override.py:1911} INFO - Created Permission View: can delete on DAG:example_branch_python_operator_decorator
[2025-02-01T11:58:29.026+0000] {logging_mixin.py:190} INFO - [2025-02-01T11:58:29.026+0000] {override.py:1911} INFO - Created Permission View: can read on DAG:example_branch_python_operator_decorator
[2025-02-01T11:58:29.061+0000] {logging_mixin.py:190} INFO - [2025-02-01T11:58:29.060+0000] {override.py:1911} INFO - Created Permission View: can create on DAG Run:example_branch_python_operator_decorator
[2025-02-01T11:58:29.101+0000] {logging_mixin.py:190} INFO - [2025-02-01T11:58:29.100+0000] {override.py:1911} INFO - Created Permission View: can delete on DAG Run:example_branch_python_operator_decorator
[2025-02-01T11:58:29.144+0000] {logging_mixin.py:190} INFO - [2025-02-01T11:58:29.144+0000] {override.py:1911} INFO - Created Permission View: can read on DAG Run:example_branch_python_operator_decorator
[2025-02-01T11:58:29.164+0000] {logging_mixin.py:190} INFO - [2025-02-01T11:58:29.164+0000] {override.py:1911} INFO - Created Permission View: menu access on DAG Run:example_branch_python_operator_decorator
[2025-02-01T11:58:29.165+0000] {logging_mixin.py:190} INFO - [2025-02-01T11:58:29.165+0000] {dag.py:3239} INFO - Sync 1 DAGs
[2025-02-01T11:58:29.216+0000] {logging_mixin.py:190} INFO - [2025-02-01T11:58:29.215+0000] {dag.py:3262} INFO - Creating ORM DAG for example_branch_python_operator_decorator
[2025-02-01T11:58:29.232+0000] {logging_mixin.py:190} INFO - [2025-02-01T11:58:29.232+0000] {dag.py:4180} INFO - Setting next_dagrun for example_branch_python_operator_decorator to 2025-01-31 00:00:00+00:00, run_after=2025-02-01 00:00:00+00:00
[2025-02-01T11:58:29.275+0000] {processor.py:208} INFO - Processing /home/airflow/.local/lib/python3.9/site-packages/airflow/example_dags/example_branch_operator_decorator.py took 1.392 seconds
[2025-02-01T11:58:59.592+0000] {processor.py:186} INFO - Started process (PID=143) to work on /home/airflow/.local/lib/python3.9/site-packages/airflow/example_dags/example_branch_operator_decorator.py
[2025-02-01T11:58:59.593+0000] {processor.py:914} INFO - Processing file /home/airflow/.local/lib/python3.9/site-packages/airflow/example_dags/example_branch_operator_decorator.py for tasks to queue
[2025-02-01T11:58:59.596+0000] {logging_mixin.py:190} INFO - [2025-02-01T11:58:59.596+0000] {dagbag.py:588} INFO - Filling up the DagBag from /home/airflow/.local/lib/python3.9/site-packages/airflow/example_dags/example_branch_operator_decorator.py
[2025-02-01T11:58:59.657+0000] {processor.py:925} INFO - DAG(s) 'example_branch_python_operator_decorator' retrieved from /home/airflow/.local/lib/python3.9/site-packages/airflow/example_dags/example_branch_operator_decorator.py
[2025-02-01T11:58:59.735+0000] {logging_mixin.py:190} INFO - [2025-02-01T11:58:59.735+0000] {dag.py:3239} INFO - Sync 1 DAGs
[2025-02-01T11:58:59.787+0000] {logging_mixin.py:190} INFO - [2025-02-01T11:58:59.787+0000] {dag.py:4180} INFO - Setting next_dagrun for example_branch_python_operator_decorator to 2025-01-31 00:00:00+00:00, run_after=2025-02-01 00:00:00+00:00
[2025-02-01T11:58:59.825+0000] {processor.py:208} INFO - Processing /home/airflow/.local/lib/python3.9/site-packages/airflow/example_dags/example_branch_operator_decorator.py took 0.255 seconds
[2025-02-01T11:59:30.620+0000] {processor.py:186} INFO - Started process (PID=206) to work on /home/airflow/.local/lib/python3.9/site-packages/airflow/example_dags/example_branch_operator_decorator.py
[2025-02-01T11:59:30.621+0000] {processor.py:914} INFO - Processing file /home/airflow/.local/lib/python3.9/site-packages/airflow/example_dags/example_branch_operator_decorator.py for tasks to queue
[2025-02-01T11:59:30.624+0000] {logging_mixin.py:190} INFO - [2025-02-01T11:59:30.624+0000] {dagbag.py:588} INFO - Filling up the DagBag from /home/airflow/.local/lib/python3.9/site-packages/airflow/example_dags/example_branch_operator_decorator.py
[2025-02-01T11:59:30.645+0000] {processor.py:925} INFO - DAG(s) 'example_branch_python_operator_decorator' retrieved from /home/airflow/.local/lib/python3.9/site-packages/airflow/example_dags/example_branch_operator_decorator.py
[2025-02-01T11:59:30.717+0000] {logging_mixin.py:190} INFO - [2025-02-01T11:59:30.716+0000] {dag.py:3239} INFO - Sync 1 DAGs
[2025-02-01T11:59:30.744+0000] {logging_mixin.py:190} INFO - [2025-02-01T11:59:30.744+0000] {dag.py:4180} INFO - Setting next_dagrun for example_branch_python_operator_decorator to 2025-01-31 00:00:00+00:00, run_after=2025-02-01 00:00:00+00:00
[2025-02-01T11:59:30.766+0000] {processor.py:208} INFO - Processing /home/airflow/.local/lib/python3.9/site-packages/airflow/example_dags/example_branch_operator_decorator.py took 0.153 seconds
[2025-02-01T12:00:01.671+0000] {processor.py:186} INFO - Started process (PID=269) to work on /home/airflow/.local/lib/python3.9/site-packages/airflow/example_dags/example_branch_operator_decorator.py
[2025-02-01T12:00:01.671+0000] {processor.py:914} INFO - Processing file /home/airflow/.local/lib/python3.9/site-packages/airflow/example_dags/example_branch_operator_decorator.py for tasks to queue
[2025-02-01T12:00:01.673+0000] {logging_mixin.py:190} INFO - [2025-02-01T12:00:01.673+0000] {dagbag.py:588} INFO - Filling up the DagBag from /home/airflow/.local/lib/python3.9/site-packages/airflow/example_dags/example_branch_operator_decorator.py
[2025-02-01T12:00:01.690+0000] {processor.py:925} INFO - DAG(s) 'example_branch_python_operator_decorator' retrieved from /home/airflow/.local/lib/python3.9/site-packages/airflow/example_dags/example_branch_operator_decorator.py
[2025-02-01T12:00:01.714+0000] {logging_mixin.py:190} INFO - [2025-02-01T12:00:01.714+0000] {dag.py:3239} INFO - Sync 1 DAGs
[2025-02-01T12:00:01.732+0000] {logging_mixin.py:190} INFO - [2025-02-01T12:00:01.731+0000] {dag.py:4180} INFO - Setting next_dagrun for example_branch_python_operator_decorator to 2025-01-31 00:00:00+00:00, run_after=2025-02-01 00:00:00+00:00
[2025-02-01T12:00:01.747+0000] {processor.py:208} INFO - Processing /home/airflow/.local/lib/python3.9/site-packages/airflow/example_dags/example_branch_operator_decorator.py took 0.083 seconds
[2025-02-01T12:00:32.179+0000] {processor.py:186} INFO - Started process (PID=333) to work on /home/airflow/.local/lib/python3.9/site-packages/airflow/example_dags/example_branch_operator_decorator.py
[2025-02-01T12:00:32.181+0000] {processor.py:914} INFO - Processing file /home/airflow/.local/lib/python3.9/site-packages/airflow/example_dags/example_branch_operator_decorator.py for tasks to queue
[2025-02-01T12:00:32.184+0000] {logging_mixin.py:190} INFO - [2025-02-01T12:00:32.184+0000] {dagbag.py:588} INFO - Filling up the DagBag from /home/airflow/.local/lib/python3.9/site-packages/airflow/example_dags/example_branch_operator_decorator.py
[2025-02-01T12:00:32.217+0000] {processor.py:925} INFO - DAG(s) 'example_branch_python_operator_decorator' retrieved from /home/airflow/.local/lib/python3.9/site-packages/airflow/example_dags/example_branch_operator_decorator.py
[2025-02-01T12:00:32.288+0000] {logging_mixin.py:190} INFO - [2025-02-01T12:00:32.288+0000] {dag.py:3239} INFO - Sync 1 DAGs
[2025-02-01T12:00:32.354+0000] {logging_mixin.py:190} INFO - [2025-02-01T12:00:32.354+0000] {dag.py:4180} INFO - Setting next_dagrun for example_branch_python_operator_decorator to 2025-01-31 00:00:00+00:00, run_after=2025-02-01 00:00:00+00:00
[2025-02-01T12:00:32.372+0000] {processor.py:208} INFO - Processing /home/airflow/.local/lib/python3.9/site-packages/airflow/example_dags/example_branch_operator_decorator.py took 0.203 seconds
[2025-02-01T12:01:02.503+0000] {processor.py:186} INFO - Started process (PID=395) to work on /home/airflow/.local/lib/python3.9/site-packages/airflow/example_dags/example_branch_operator_decorator.py
[2025-02-01T12:01:02.504+0000] {processor.py:914} INFO - Processing file /home/airflow/.local/lib/python3.9/site-packages/airflow/example_dags/example_branch_operator_decorator.py for tasks to queue
[2025-02-01T12:01:02.506+0000] {logging_mixin.py:190} INFO - [2025-02-01T12:01:02.506+0000] {dagbag.py:588} INFO - Filling up the DagBag from /home/airflow/.local/lib/python3.9/site-packages/airflow/example_dags/example_branch_operator_decorator.py
[2025-02-01T12:01:02.543+0000] {processor.py:925} INFO - DAG(s) 'example_branch_python_operator_decorator' retrieved from /home/airflow/.local/lib/python3.9/site-packages/airflow/example_dags/example_branch_operator_decorator.py
[2025-02-01T12:01:02.603+0000] {logging_mixin.py:190} INFO - [2025-02-01T12:01:02.603+0000] {dag.py:3239} INFO - Sync 1 DAGs
[2025-02-01T12:01:02.658+0000] {logging_mixin.py:190} INFO - [2025-02-01T12:01:02.658+0000] {dag.py:4180} INFO - Setting next_dagrun for example_branch_python_operator_decorator to 2025-01-31 00:00:00+00:00, run_after=2025-02-01 00:00:00+00:00
[2025-02-01T12:01:02.676+0000] {processor.py:208} INFO - Processing /home/airflow/.local/lib/python3.9/site-packages/airflow/example_dags/example_branch_operator_decorator.py took 0.198 seconds
[2025-02-01T12:01:33.512+0000] {processor.py:186} INFO - Started process (PID=458) to work on /home/airflow/.local/lib/python3.9/site-packages/airflow/example_dags/example_branch_operator_decorator.py
[2025-02-01T12:01:33.513+0000] {processor.py:914} INFO - Processing file /home/airflow/.local/lib/python3.9/site-packages/airflow/example_dags/example_branch_operator_decorator.py for tasks to queue
[2025-02-01T12:01:33.516+0000] {logging_mixin.py:190} INFO - [2025-02-01T12:01:33.515+0000] {dagbag.py:588} INFO - Filling up the DagBag from /home/airflow/.local/lib/python3.9/site-packages/airflow/example_dags/example_branch_operator_decorator.py
[2025-02-01T12:01:33.549+0000] {processor.py:925} INFO - DAG(s) 'example_branch_python_operator_decorator' retrieved from /home/airflow/.local/lib/python3.9/site-packages/airflow/example_dags/example_branch_operator_decorator.py
[2025-02-01T12:01:33.584+0000] {logging_mixin.py:190} INFO - [2025-02-01T12:01:33.583+0000] {dag.py:3239} INFO - Sync 1 DAGs
[2025-02-01T12:01:33.612+0000] {logging_mixin.py:190} INFO - [2025-02-01T12:01:33.612+0000] {dag.py:4180} INFO - Setting next_dagrun for example_branch_python_operator_decorator to 2025-01-31 00:00:00+00:00, run_after=2025-02-01 00:00:00+00:00
[2025-02-01T12:01:33.631+0000] {processor.py:208} INFO - Processing /home/airflow/.local/lib/python3.9/site-packages/airflow/example_dags/example_branch_operator_decorator.py took 0.125 seconds
[2025-02-01T12:02:04.533+0000] {processor.py:186} INFO - Started process (PID=522) to work on /home/airflow/.local/lib/python3.9/site-packages/airflow/example_dags/example_branch_operator_decorator.py
[2025-02-01T12:02:04.533+0000] {processor.py:914} INFO - Processing file /home/airflow/.local/lib/python3.9/site-packages/airflow/example_dags/example_branch_operator_decorator.py for tasks to queue
[2025-02-01T12:02:04.536+0000] {logging_mixin.py:190} INFO - [2025-02-01T12:02:04.535+0000] {dagbag.py:588} INFO - Filling up the DagBag from /home/airflow/.local/lib/python3.9/site-packages/airflow/example_dags/example_branch_operator_decorator.py
[2025-02-01T12:02:04.561+0000] {processor.py:925} INFO - DAG(s) 'example_branch_python_operator_decorator' retrieved from /home/airflow/.local/lib/python3.9/site-packages/airflow/example_dags/example_branch_operator_decorator.py
[2025-02-01T12:02:04.602+0000] {logging_mixin.py:190} INFO - [2025-02-01T12:02:04.601+0000] {dag.py:3239} INFO - Sync 1 DAGs
[2025-02-01T12:02:04.630+0000] {logging_mixin.py:190} INFO - [2025-02-01T12:02:04.630+0000] {dag.py:4180} INFO - Setting next_dagrun for example_branch_python_operator_decorator to 2025-01-31 00:00:00+00:00, run_after=2025-02-01 00:00:00+00:00
[2025-02-01T12:02:04.648+0000] {processor.py:208} INFO - Processing /home/airflow/.local/lib/python3.9/site-packages/airflow/example_dags/example_branch_operator_decorator.py took 0.121 seconds
[2025-02-01T12:02:34.785+0000] {processor.py:186} INFO - Started process (PID=584) to work on /home/airflow/.local/lib/python3.9/site-packages/airflow/example_dags/example_branch_operator_decorator.py
[2025-02-01T12:02:34.787+0000] {processor.py:914} INFO - Processing file /home/airflow/.local/lib/python3.9/site-packages/airflow/example_dags/example_branch_operator_decorator.py for tasks to queue
[2025-02-01T12:02:34.800+0000] {logging_mixin.py:190} INFO - [2025-02-01T12:02:34.799+0000] {dagbag.py:588} INFO - Filling up the DagBag from /home/airflow/.local/lib/python3.9/site-packages/airflow/example_dags/example_branch_operator_decorator.py
[2025-02-01T12:02:34.870+0000] {processor.py:925} INFO - DAG(s) 'example_branch_python_operator_decorator' retrieved from /home/airflow/.local/lib/python3.9/site-packages/airflow/example_dags/example_branch_operator_decorator.py
[2025-02-01T12:02:34.938+0000] {logging_mixin.py:190} INFO - [2025-02-01T12:02:34.938+0000] {dag.py:3239} INFO - Sync 1 DAGs
[2025-02-01T12:02:34.977+0000] {logging_mixin.py:190} INFO - [2025-02-01T12:02:34.977+0000] {dag.py:4180} INFO - Setting next_dagrun for example_branch_python_operator_decorator to 2025-01-31 00:00:00+00:00, run_after=2025-02-01 00:00:00+00:00
[2025-02-01T12:02:35.010+0000] {processor.py:208} INFO - Processing /home/airflow/.local/lib/python3.9/site-packages/airflow/example_dags/example_branch_operator_decorator.py took 0.245 seconds
[2025-02-01T12:03:05.114+0000] {processor.py:186} INFO - Started process (PID=646) to work on /home/airflow/.local/lib/python3.9/site-packages/airflow/example_dags/example_branch_operator_decorator.py
[2025-02-01T12:03:05.115+0000] {processor.py:914} INFO - Processing file /home/airflow/.local/lib/python3.9/site-packages/airflow/example_dags/example_branch_operator_decorator.py for tasks to queue
[2025-02-01T12:03:05.116+0000] {logging_mixin.py:190} INFO - [2025-02-01T12:03:05.116+0000] {dagbag.py:588} INFO - Filling up the DagBag from /home/airflow/.local/lib/python3.9/site-packages/airflow/example_dags/example_branch_operator_decorator.py
[2025-02-01T12:03:05.133+0000] {processor.py:925} INFO - DAG(s) 'example_branch_python_operator_decorator' retrieved from /home/airflow/.local/lib/python3.9/site-packages/airflow/example_dags/example_branch_operator_decorator.py
[2025-02-01T12:03:05.154+0000] {logging_mixin.py:190} INFO - [2025-02-01T12:03:05.154+0000] {dag.py:3239} INFO - Sync 1 DAGs
[2025-02-01T12:03:05.174+0000] {logging_mixin.py:190} INFO - [2025-02-01T12:03:05.174+0000] {dag.py:4180} INFO - Setting next_dagrun for example_branch_python_operator_decorator to 2025-01-31 00:00:00+00:00, run_after=2025-02-01 00:00:00+00:00
[2025-02-01T12:03:05.188+0000] {processor.py:208} INFO - Processing /home/airflow/.local/lib/python3.9/site-packages/airflow/example_dags/example_branch_operator_decorator.py took 0.079 seconds
[2025-02-01T12:03:35.397+0000] {processor.py:186} INFO - Started process (PID=709) to work on /home/airflow/.local/lib/python3.9/site-packages/airflow/example_dags/example_branch_operator_decorator.py
[2025-02-01T12:03:35.398+0000] {processor.py:914} INFO - Processing file /home/airflow/.local/lib/python3.9/site-packages/airflow/example_dags/example_branch_operator_decorator.py for tasks to queue
[2025-02-01T12:03:35.400+0000] {logging_mixin.py:190} INFO - [2025-02-01T12:03:35.400+0000] {dagbag.py:588} INFO - Filling up the DagBag from /home/airflow/.local/lib/python3.9/site-packages/airflow/example_dags/example_branch_operator_decorator.py
[2025-02-01T12:03:35.421+0000] {processor.py:925} INFO - DAG(s) 'example_branch_python_operator_decorator' retrieved from /home/airflow/.local/lib/python3.9/site-packages/airflow/example_dags/example_branch_operator_decorator.py
[2025-02-01T12:03:35.443+0000] {logging_mixin.py:190} INFO - [2025-02-01T12:03:35.443+0000] {dag.py:3239} INFO - Sync 1 DAGs
[2025-02-01T12:03:35.460+0000] {logging_mixin.py:190} INFO - [2025-02-01T12:03:35.460+0000] {dag.py:4180} INFO - Setting next_dagrun for example_branch_python_operator_decorator to 2025-01-31 00:00:00+00:00, run_after=2025-02-01 00:00:00+00:00
[2025-02-01T12:03:35.473+0000] {processor.py:208} INFO - Processing /home/airflow/.local/lib/python3.9/site-packages/airflow/example_dags/example_branch_operator_decorator.py took 0.082 seconds
[2025-02-01T12:04:05.591+0000] {processor.py:186} INFO - Started process (PID=772) to work on /home/airflow/.local/lib/python3.9/site-packages/airflow/example_dags/example_branch_operator_decorator.py
[2025-02-01T12:04:05.592+0000] {processor.py:914} INFO - Processing file /home/airflow/.local/lib/python3.9/site-packages/airflow/example_dags/example_branch_operator_decorator.py for tasks to queue
[2025-02-01T12:04:05.593+0000] {logging_mixin.py:190} INFO - [2025-02-01T12:04:05.593+0000] {dagbag.py:588} INFO - Filling up the DagBag from /home/airflow/.local/lib/python3.9/site-packages/airflow/example_dags/example_branch_operator_decorator.py
[2025-02-01T12:04:05.610+0000] {processor.py:925} INFO - DAG(s) 'example_branch_python_operator_decorator' retrieved from /home/airflow/.local/lib/python3.9/site-packages/airflow/example_dags/example_branch_operator_decorator.py
[2025-02-01T12:04:05.632+0000] {logging_mixin.py:190} INFO - [2025-02-01T12:04:05.632+0000] {dag.py:3239} INFO - Sync 1 DAGs
[2025-02-01T12:04:05.650+0000] {logging_mixin.py:190} INFO - [2025-02-01T12:04:05.650+0000] {dag.py:4180} INFO - Setting next_dagrun for example_branch_python_operator_decorator to 2025-01-31 00:00:00+00:00, run_after=2025-02-01 00:00:00+00:00
[2025-02-01T12:04:05.663+0000] {processor.py:208} INFO - Processing /home/airflow/.local/lib/python3.9/site-packages/airflow/example_dags/example_branch_operator_decorator.py took 0.077 seconds
[2025-02-01T12:04:35.741+0000] {processor.py:186} INFO - Started process (PID=836) to work on /home/airflow/.local/lib/python3.9/site-packages/airflow/example_dags/example_branch_operator_decorator.py
[2025-02-01T12:04:35.741+0000] {processor.py:914} INFO - Processing file /home/airflow/.local/lib/python3.9/site-packages/airflow/example_dags/example_branch_operator_decorator.py for tasks to queue
[2025-02-01T12:04:35.743+0000] {logging_mixin.py:190} INFO - [2025-02-01T12:04:35.743+0000] {dagbag.py:588} INFO - Filling up the DagBag from /home/airflow/.local/lib/python3.9/site-packages/airflow/example_dags/example_branch_operator_decorator.py
[2025-02-01T12:04:35.760+0000] {processor.py:925} INFO - DAG(s) 'example_branch_python_operator_decorator' retrieved from /home/airflow/.local/lib/python3.9/site-packages/airflow/example_dags/example_branch_operator_decorator.py
[2025-02-01T12:04:35.782+0000] {logging_mixin.py:190} INFO - [2025-02-01T12:04:35.782+0000] {dag.py:3239} INFO - Sync 1 DAGs
[2025-02-01T12:04:35.799+0000] {logging_mixin.py:190} INFO - [2025-02-01T12:04:35.799+0000] {dag.py:4180} INFO - Setting next_dagrun for example_branch_python_operator_decorator to 2025-01-31 00:00:00+00:00, run_after=2025-02-01 00:00:00+00:00
[2025-02-01T12:04:35.812+0000] {processor.py:208} INFO - Processing /home/airflow/.local/lib/python3.9/site-packages/airflow/example_dags/example_branch_operator_decorator.py took 0.076 seconds
[2025-02-01T12:05:05.857+0000] {processor.py:186} INFO - Started process (PID=898) to work on /home/airflow/.local/lib/python3.9/site-packages/airflow/example_dags/example_branch_operator_decorator.py
[2025-02-01T12:05:05.858+0000] {processor.py:914} INFO - Processing file /home/airflow/.local/lib/python3.9/site-packages/airflow/example_dags/example_branch_operator_decorator.py for tasks to queue
[2025-02-01T12:05:05.860+0000] {logging_mixin.py:190} INFO - [2025-02-01T12:05:05.859+0000] {dagbag.py:588} INFO - Filling up the DagBag from /home/airflow/.local/lib/python3.9/site-packages/airflow/example_dags/example_branch_operator_decorator.py
[2025-02-01T12:05:05.885+0000] {processor.py:925} INFO - DAG(s) 'example_branch_python_operator_decorator' retrieved from /home/airflow/.local/lib/python3.9/site-packages/airflow/example_dags/example_branch_operator_decorator.py
[2025-02-01T12:05:05.920+0000] {logging_mixin.py:190} INFO - [2025-02-01T12:05:05.920+0000] {dag.py:3239} INFO - Sync 1 DAGs
[2025-02-01T12:05:05.947+0000] {logging_mixin.py:190} INFO - [2025-02-01T12:05:05.947+0000] {dag.py:4180} INFO - Setting next_dagrun for example_branch_python_operator_decorator to 2025-01-31 00:00:00+00:00, run_after=2025-02-01 00:00:00+00:00
[2025-02-01T12:05:05.965+0000] {processor.py:208} INFO - Processing /home/airflow/.local/lib/python3.9/site-packages/airflow/example_dags/example_branch_operator_decorator.py took 0.114 seconds
[2025-02-01T12:05:36.144+0000] {processor.py:186} INFO - Started process (PID=959) to work on /home/airflow/.local/lib/python3.9/site-packages/airflow/example_dags/example_branch_operator_decorator.py
[2025-02-01T12:05:36.145+0000] {processor.py:914} INFO - Processing file /home/airflow/.local/lib/python3.9/site-packages/airflow/example_dags/example_branch_operator_decorator.py for tasks to queue
[2025-02-01T12:05:36.147+0000] {logging_mixin.py:190} INFO - [2025-02-01T12:05:36.146+0000] {dagbag.py:588} INFO - Filling up the DagBag from /home/airflow/.local/lib/python3.9/site-packages/airflow/example_dags/example_branch_operator_decorator.py
[2025-02-01T12:05:36.166+0000] {processor.py:925} INFO - DAG(s) 'example_branch_python_operator_decorator' retrieved from /home/airflow/.local/lib/python3.9/site-packages/airflow/example_dags/example_branch_operator_decorator.py
[2025-02-01T12:05:36.191+0000] {logging_mixin.py:190} INFO - [2025-02-01T12:05:36.190+0000] {dag.py:3239} INFO - Sync 1 DAGs
[2025-02-01T12:05:36.210+0000] {logging_mixin.py:190} INFO - [2025-02-01T12:05:36.210+0000] {dag.py:4180} INFO - Setting next_dagrun for example_branch_python_operator_decorator to 2025-01-31 00:00:00+00:00, run_after=2025-02-01 00:00:00+00:00
[2025-02-01T12:05:36.226+0000] {processor.py:208} INFO - Processing /home/airflow/.local/lib/python3.9/site-packages/airflow/example_dags/example_branch_operator_decorator.py took 0.087 seconds
[2025-02-01T12:06:06.942+0000] {processor.py:186} INFO - Started process (PID=1022) to work on /home/airflow/.local/lib/python3.9/site-packages/airflow/example_dags/example_branch_operator_decorator.py
[2025-02-01T12:06:06.943+0000] {processor.py:914} INFO - Processing file /home/airflow/.local/lib/python3.9/site-packages/airflow/example_dags/example_branch_operator_decorator.py for tasks to queue
[2025-02-01T12:06:06.944+0000] {logging_mixin.py:190} INFO - [2025-02-01T12:06:06.944+0000] {dagbag.py:588} INFO - Filling up the DagBag from /home/airflow/.local/lib/python3.9/site-packages/airflow/example_dags/example_branch_operator_decorator.py
[2025-02-01T12:06:06.961+0000] {processor.py:925} INFO - DAG(s) 'example_branch_python_operator_decorator' retrieved from /home/airflow/.local/lib/python3.9/site-packages/airflow/example_dags/example_branch_operator_decorator.py
[2025-02-01T12:06:06.983+0000] {logging_mixin.py:190} INFO - [2025-02-01T12:06:06.983+0000] {dag.py:3239} INFO - Sync 1 DAGs
[2025-02-01T12:06:07.001+0000] {logging_mixin.py:190} INFO - [2025-02-01T12:06:07.001+0000] {dag.py:4180} INFO - Setting next_dagrun for example_branch_python_operator_decorator to 2025-01-31 00:00:00+00:00, run_after=2025-02-01 00:00:00+00:00
[2025-02-01T12:06:07.015+0000] {processor.py:208} INFO - Processing /home/airflow/.local/lib/python3.9/site-packages/airflow/example_dags/example_branch_operator_decorator.py took 0.077 seconds
[2025-02-01T12:06:37.056+0000] {processor.py:186} INFO - Started process (PID=1084) to work on /home/airflow/.local/lib/python3.9/site-packages/airflow/example_dags/example_branch_operator_decorator.py
[2025-02-01T12:06:37.056+0000] {processor.py:914} INFO - Processing file /home/airflow/.local/lib/python3.9/site-packages/airflow/example_dags/example_branch_operator_decorator.py for tasks to queue
[2025-02-01T12:06:37.058+0000] {logging_mixin.py:190} INFO - [2025-02-01T12:06:37.058+0000] {dagbag.py:588} INFO - Filling up the DagBag from /home/airflow/.local/lib/python3.9/site-packages/airflow/example_dags/example_branch_operator_decorator.py
[2025-02-01T12:06:37.075+0000] {processor.py:925} INFO - DAG(s) 'example_branch_python_operator_decorator' retrieved from /home/airflow/.local/lib/python3.9/site-packages/airflow/example_dags/example_branch_operator_decorator.py
[2025-02-01T12:06:37.109+0000] {logging_mixin.py:190} INFO - [2025-02-01T12:06:37.109+0000] {dag.py:3239} INFO - Sync 1 DAGs
[2025-02-01T12:06:37.131+0000] {logging_mixin.py:190} INFO - [2025-02-01T12:06:37.131+0000] {dag.py:4180} INFO - Setting next_dagrun for example_branch_python_operator_decorator to 2025-01-31 00:00:00+00:00, run_after=2025-02-01 00:00:00+00:00
[2025-02-01T12:06:37.144+0000] {processor.py:208} INFO - Processing /home/airflow/.local/lib/python3.9/site-packages/airflow/example_dags/example_branch_operator_decorator.py took 0.093 seconds
[2025-02-01T12:07:07.499+0000] {processor.py:186} INFO - Started process (PID=1147) to work on /home/airflow/.local/lib/python3.9/site-packages/airflow/example_dags/example_branch_operator_decorator.py
[2025-02-01T12:07:07.511+0000] {processor.py:914} INFO - Processing file /home/airflow/.local/lib/python3.9/site-packages/airflow/example_dags/example_branch_operator_decorator.py for tasks to queue
[2025-02-01T12:07:07.513+0000] {logging_mixin.py:190} INFO - [2025-02-01T12:07:07.513+0000] {dagbag.py:588} INFO - Filling up the DagBag from /home/airflow/.local/lib/python3.9/site-packages/airflow/example_dags/example_branch_operator_decorator.py
[2025-02-01T12:07:07.606+0000] {processor.py:925} INFO - DAG(s) 'example_branch_python_operator_decorator' retrieved from /home/airflow/.local/lib/python3.9/site-packages/airflow/example_dags/example_branch_operator_decorator.py
[2025-02-01T12:07:07.713+0000] {logging_mixin.py:190} INFO - [2025-02-01T12:07:07.712+0000] {dag.py:3239} INFO - Sync 1 DAGs
[2025-02-01T12:07:07.775+0000] {logging_mixin.py:190} INFO - [2025-02-01T12:07:07.774+0000] {dag.py:4180} INFO - Setting next_dagrun for example_branch_python_operator_decorator to 2025-01-31 00:00:00+00:00, run_after=2025-02-01 00:00:00+00:00
[2025-02-01T12:07:07.806+0000] {processor.py:208} INFO - Processing /home/airflow/.local/lib/python3.9/site-packages/airflow/example_dags/example_branch_operator_decorator.py took 0.326 seconds
[2025-02-01T12:07:37.973+0000] {processor.py:186} INFO - Started process (PID=1210) to work on /home/airflow/.local/lib/python3.9/site-packages/airflow/example_dags/example_branch_operator_decorator.py
[2025-02-01T12:07:37.975+0000] {processor.py:914} INFO - Processing file /home/airflow/.local/lib/python3.9/site-packages/airflow/example_dags/example_branch_operator_decorator.py for tasks to queue
[2025-02-01T12:07:37.978+0000] {logging_mixin.py:190} INFO - [2025-02-01T12:07:37.977+0000] {dagbag.py:588} INFO - Filling up the DagBag from /home/airflow/.local/lib/python3.9/site-packages/airflow/example_dags/example_branch_operator_decorator.py
[2025-02-01T12:07:38.008+0000] {processor.py:925} INFO - DAG(s) 'example_branch_python_operator_decorator' retrieved from /home/airflow/.local/lib/python3.9/site-packages/airflow/example_dags/example_branch_operator_decorator.py
[2025-02-01T12:07:38.048+0000] {logging_mixin.py:190} INFO - [2025-02-01T12:07:38.048+0000] {dag.py:3239} INFO - Sync 1 DAGs
[2025-02-01T12:07:38.085+0000] {logging_mixin.py:190} INFO - [2025-02-01T12:07:38.084+0000] {dag.py:4180} INFO - Setting next_dagrun for example_branch_python_operator_decorator to 2025-01-31 00:00:00+00:00, run_after=2025-02-01 00:00:00+00:00
[2025-02-01T12:07:38.105+0000] {processor.py:208} INFO - Processing /home/airflow/.local/lib/python3.9/site-packages/airflow/example_dags/example_branch_operator_decorator.py took 0.136 seconds
[2025-02-01T12:08:08.187+0000] {processor.py:186} INFO - Started process (PID=1274) to work on /home/airflow/.local/lib/python3.9/site-packages/airflow/example_dags/example_branch_operator_decorator.py
[2025-02-01T12:08:08.188+0000] {processor.py:914} INFO - Processing file /home/airflow/.local/lib/python3.9/site-packages/airflow/example_dags/example_branch_operator_decorator.py for tasks to queue
[2025-02-01T12:08:08.189+0000] {logging_mixin.py:190} INFO - [2025-02-01T12:08:08.189+0000] {dagbag.py:588} INFO - Filling up the DagBag from /home/airflow/.local/lib/python3.9/site-packages/airflow/example_dags/example_branch_operator_decorator.py
[2025-02-01T12:08:08.212+0000] {processor.py:925} INFO - DAG(s) 'example_branch_python_operator_decorator' retrieved from /home/airflow/.local/lib/python3.9/site-packages/airflow/example_dags/example_branch_operator_decorator.py
[2025-02-01T12:08:08.236+0000] {logging_mixin.py:190} INFO - [2025-02-01T12:08:08.236+0000] {dag.py:3239} INFO - Sync 1 DAGs
[2025-02-01T12:08:08.253+0000] {logging_mixin.py:190} INFO - [2025-02-01T12:08:08.253+0000] {dag.py:4180} INFO - Setting next_dagrun for example_branch_python_operator_decorator to 2025-01-31 00:00:00+00:00, run_after=2025-02-01 00:00:00+00:00
[2025-02-01T12:08:08.265+0000] {processor.py:208} INFO - Processing /home/airflow/.local/lib/python3.9/site-packages/airflow/example_dags/example_branch_operator_decorator.py took 0.083 seconds
[2025-02-01T12:08:38.395+0000] {processor.py:186} INFO - Started process (PID=1337) to work on /home/airflow/.local/lib/python3.9/site-packages/airflow/example_dags/example_branch_operator_decorator.py
[2025-02-01T12:08:38.396+0000] {processor.py:914} INFO - Processing file /home/airflow/.local/lib/python3.9/site-packages/airflow/example_dags/example_branch_operator_decorator.py for tasks to queue
[2025-02-01T12:08:38.398+0000] {logging_mixin.py:190} INFO - [2025-02-01T12:08:38.397+0000] {dagbag.py:588} INFO - Filling up the DagBag from /home/airflow/.local/lib/python3.9/site-packages/airflow/example_dags/example_branch_operator_decorator.py
[2025-02-01T12:08:38.421+0000] {processor.py:925} INFO - DAG(s) 'example_branch_python_operator_decorator' retrieved from /home/airflow/.local/lib/python3.9/site-packages/airflow/example_dags/example_branch_operator_decorator.py
[2025-02-01T12:08:38.443+0000] {logging_mixin.py:190} INFO - [2025-02-01T12:08:38.442+0000] {dag.py:3239} INFO - Sync 1 DAGs
[2025-02-01T12:08:38.460+0000] {logging_mixin.py:190} INFO - [2025-02-01T12:08:38.460+0000] {dag.py:4180} INFO - Setting next_dagrun for example_branch_python_operator_decorator to 2025-01-31 00:00:00+00:00, run_after=2025-02-01 00:00:00+00:00
[2025-02-01T12:08:38.474+0000] {processor.py:208} INFO - Processing /home/airflow/.local/lib/python3.9/site-packages/airflow/example_dags/example_branch_operator_decorator.py took 0.086 seconds
[2025-02-01T12:09:08.975+0000] {processor.py:186} INFO - Started process (PID=1398) to work on /home/airflow/.local/lib/python3.9/site-packages/airflow/example_dags/example_branch_operator_decorator.py
[2025-02-01T12:09:08.976+0000] {processor.py:914} INFO - Processing file /home/airflow/.local/lib/python3.9/site-packages/airflow/example_dags/example_branch_operator_decorator.py for tasks to queue
[2025-02-01T12:09:08.978+0000] {logging_mixin.py:190} INFO - [2025-02-01T12:09:08.978+0000] {dagbag.py:588} INFO - Filling up the DagBag from /home/airflow/.local/lib/python3.9/site-packages/airflow/example_dags/example_branch_operator_decorator.py
[2025-02-01T12:09:09.004+0000] {processor.py:925} INFO - DAG(s) 'example_branch_python_operator_decorator' retrieved from /home/airflow/.local/lib/python3.9/site-packages/airflow/example_dags/example_branch_operator_decorator.py
[2025-02-01T12:09:09.039+0000] {logging_mixin.py:190} INFO - [2025-02-01T12:09:09.038+0000] {dag.py:3239} INFO - Sync 1 DAGs
[2025-02-01T12:09:09.068+0000] {logging_mixin.py:190} INFO - [2025-02-01T12:09:09.067+0000] {dag.py:4180} INFO - Setting next_dagrun for example_branch_python_operator_decorator to 2025-01-31 00:00:00+00:00, run_after=2025-02-01 00:00:00+00:00
[2025-02-01T12:09:09.085+0000] {processor.py:208} INFO - Processing /home/airflow/.local/lib/python3.9/site-packages/airflow/example_dags/example_branch_operator_decorator.py took 0.117 seconds
[2025-02-01T12:09:39.994+0000] {processor.py:186} INFO - Started process (PID=1461) to work on /home/airflow/.local/lib/python3.9/site-packages/airflow/example_dags/example_branch_operator_decorator.py
[2025-02-01T12:09:39.998+0000] {processor.py:914} INFO - Processing file /home/airflow/.local/lib/python3.9/site-packages/airflow/example_dags/example_branch_operator_decorator.py for tasks to queue
[2025-02-01T12:09:40.000+0000] {logging_mixin.py:190} INFO - [2025-02-01T12:09:39.999+0000] {dagbag.py:588} INFO - Filling up the DagBag from /home/airflow/.local/lib/python3.9/site-packages/airflow/example_dags/example_branch_operator_decorator.py
[2025-02-01T12:09:40.026+0000] {processor.py:925} INFO - DAG(s) 'example_branch_python_operator_decorator' retrieved from /home/airflow/.local/lib/python3.9/site-packages/airflow/example_dags/example_branch_operator_decorator.py
[2025-02-01T12:09:40.061+0000] {logging_mixin.py:190} INFO - [2025-02-01T12:09:40.061+0000] {dag.py:3239} INFO - Sync 1 DAGs
[2025-02-01T12:09:40.088+0000] {logging_mixin.py:190} INFO - [2025-02-01T12:09:40.088+0000] {dag.py:4180} INFO - Setting next_dagrun for example_branch_python_operator_decorator to 2025-01-31 00:00:00+00:00, run_after=2025-02-01 00:00:00+00:00
[2025-02-01T12:09:40.137+0000] {processor.py:208} INFO - Processing /home/airflow/.local/lib/python3.9/site-packages/airflow/example_dags/example_branch_operator_decorator.py took 0.149 seconds
