[2025-02-01T11:58:34.330+0000] {processor.py:186} INFO - Started process (PID=92) to work on /home/airflow/.local/lib/python3.9/site-packages/airflow/example_dags/example_kubernetes_executor.py
[2025-02-01T11:58:34.331+0000] {processor.py:914} INFO - Processing file /home/airflow/.local/lib/python3.9/site-packages/airflow/example_dags/example_kubernetes_executor.py for tasks to queue
[2025-02-01T11:58:34.334+0000] {logging_mixin.py:190} INFO - [2025-02-01T11:58:34.333+0000] {dagbag.py:588} INFO - Filling up the DagBag from /home/airflow/.local/lib/python3.9/site-packages/airflow/example_dags/example_kubernetes_executor.py
[2025-02-01T11:58:34.392+0000] {processor.py:925} INFO - DAG(s) 'example_kubernetes_executor' retrieved from /home/airflow/.local/lib/python3.9/site-packages/airflow/example_dags/example_kubernetes_executor.py
[2025-02-01T11:58:34.777+0000] {logging_mixin.py:190} INFO - [2025-02-01T11:58:34.776+0000] {override.py:1911} INFO - Created Permission View: can edit on DAG:example_kubernetes_executor
[2025-02-01T11:58:34.796+0000] {logging_mixin.py:190} INFO - [2025-02-01T11:58:34.796+0000] {override.py:1911} INFO - Created Permission View: can delete on DAG:example_kubernetes_executor
[2025-02-01T11:58:34.813+0000] {logging_mixin.py:190} INFO - [2025-02-01T11:58:34.813+0000] {override.py:1911} INFO - Created Permission View: can read on DAG:example_kubernetes_executor
[2025-02-01T11:58:34.820+0000] {logging_mixin.py:190} INFO - [2025-02-01T11:58:34.819+0000] {override.py:1911} INFO - Created Permission View: can create on DAG Run:example_kubernetes_executor
[2025-02-01T11:58:34.831+0000] {logging_mixin.py:190} INFO - [2025-02-01T11:58:34.831+0000] {override.py:1911} INFO - Created Permission View: can delete on DAG Run:example_kubernetes_executor
[2025-02-01T11:58:34.846+0000] {logging_mixin.py:190} INFO - [2025-02-01T11:58:34.845+0000] {override.py:1911} INFO - Created Permission View: can read on DAG Run:example_kubernetes_executor
[2025-02-01T11:58:34.874+0000] {logging_mixin.py:190} INFO - [2025-02-01T11:58:34.874+0000] {override.py:1911} INFO - Created Permission View: menu access on DAG Run:example_kubernetes_executor
[2025-02-01T11:58:34.875+0000] {logging_mixin.py:190} INFO - [2025-02-01T11:58:34.875+0000] {dag.py:3239} INFO - Sync 1 DAGs
[2025-02-01T11:58:34.910+0000] {logging_mixin.py:190} INFO - [2025-02-01T11:58:34.910+0000] {dag.py:3262} INFO - Creating ORM DAG for example_kubernetes_executor
[2025-02-01T11:58:34.915+0000] {logging_mixin.py:190} INFO - [2025-02-01T11:58:34.915+0000] {dag.py:4180} INFO - Setting next_dagrun for example_kubernetes_executor to None, run_after=None
[2025-02-01T11:58:34.953+0000] {processor.py:208} INFO - Processing /home/airflow/.local/lib/python3.9/site-packages/airflow/example_dags/example_kubernetes_executor.py took 0.668 seconds
[2025-02-01T11:59:05.474+0000] {processor.py:186} INFO - Started process (PID=155) to work on /home/airflow/.local/lib/python3.9/site-packages/airflow/example_dags/example_kubernetes_executor.py
[2025-02-01T11:59:05.483+0000] {processor.py:914} INFO - Processing file /home/airflow/.local/lib/python3.9/site-packages/airflow/example_dags/example_kubernetes_executor.py for tasks to queue
[2025-02-01T11:59:05.491+0000] {logging_mixin.py:190} INFO - [2025-02-01T11:59:05.491+0000] {dagbag.py:588} INFO - Filling up the DagBag from /home/airflow/.local/lib/python3.9/site-packages/airflow/example_dags/example_kubernetes_executor.py
[2025-02-01T11:59:05.557+0000] {processor.py:925} INFO - DAG(s) 'example_kubernetes_executor' retrieved from /home/airflow/.local/lib/python3.9/site-packages/airflow/example_dags/example_kubernetes_executor.py
[2025-02-01T11:59:05.664+0000] {logging_mixin.py:190} INFO - [2025-02-01T11:59:05.664+0000] {dag.py:3239} INFO - Sync 1 DAGs
[2025-02-01T11:59:05.698+0000] {logging_mixin.py:190} INFO - [2025-02-01T11:59:05.698+0000] {dag.py:4180} INFO - Setting next_dagrun for example_kubernetes_executor to None, run_after=None
[2025-02-01T11:59:05.738+0000] {processor.py:208} INFO - Processing /home/airflow/.local/lib/python3.9/site-packages/airflow/example_dags/example_kubernetes_executor.py took 0.271 seconds
[2025-02-01T11:59:35.852+0000] {processor.py:186} INFO - Started process (PID=219) to work on /home/airflow/.local/lib/python3.9/site-packages/airflow/example_dags/example_kubernetes_executor.py
[2025-02-01T11:59:35.853+0000] {processor.py:914} INFO - Processing file /home/airflow/.local/lib/python3.9/site-packages/airflow/example_dags/example_kubernetes_executor.py for tasks to queue
[2025-02-01T11:59:35.857+0000] {logging_mixin.py:190} INFO - [2025-02-01T11:59:35.857+0000] {dagbag.py:588} INFO - Filling up the DagBag from /home/airflow/.local/lib/python3.9/site-packages/airflow/example_dags/example_kubernetes_executor.py
[2025-02-01T11:59:35.908+0000] {processor.py:925} INFO - DAG(s) 'example_kubernetes_executor' retrieved from /home/airflow/.local/lib/python3.9/site-packages/airflow/example_dags/example_kubernetes_executor.py
[2025-02-01T11:59:36.007+0000] {logging_mixin.py:190} INFO - [2025-02-01T11:59:36.007+0000] {dag.py:3239} INFO - Sync 1 DAGs
[2025-02-01T11:59:36.027+0000] {logging_mixin.py:190} INFO - [2025-02-01T11:59:36.026+0000] {dag.py:4180} INFO - Setting next_dagrun for example_kubernetes_executor to None, run_after=None
[2025-02-01T11:59:36.069+0000] {processor.py:208} INFO - Processing /home/airflow/.local/lib/python3.9/site-packages/airflow/example_dags/example_kubernetes_executor.py took 0.225 seconds
[2025-02-01T12:00:06.865+0000] {processor.py:186} INFO - Started process (PID=282) to work on /home/airflow/.local/lib/python3.9/site-packages/airflow/example_dags/example_kubernetes_executor.py
[2025-02-01T12:00:06.866+0000] {processor.py:914} INFO - Processing file /home/airflow/.local/lib/python3.9/site-packages/airflow/example_dags/example_kubernetes_executor.py for tasks to queue
[2025-02-01T12:00:06.868+0000] {logging_mixin.py:190} INFO - [2025-02-01T12:00:06.868+0000] {dagbag.py:588} INFO - Filling up the DagBag from /home/airflow/.local/lib/python3.9/site-packages/airflow/example_dags/example_kubernetes_executor.py
[2025-02-01T12:00:06.927+0000] {processor.py:925} INFO - DAG(s) 'example_kubernetes_executor' retrieved from /home/airflow/.local/lib/python3.9/site-packages/airflow/example_dags/example_kubernetes_executor.py
[2025-02-01T12:00:06.959+0000] {logging_mixin.py:190} INFO - [2025-02-01T12:00:06.959+0000] {dag.py:3239} INFO - Sync 1 DAGs
[2025-02-01T12:00:06.980+0000] {logging_mixin.py:190} INFO - [2025-02-01T12:00:06.980+0000] {dag.py:4180} INFO - Setting next_dagrun for example_kubernetes_executor to None, run_after=None
[2025-02-01T12:00:07.000+0000] {processor.py:208} INFO - Processing /home/airflow/.local/lib/python3.9/site-packages/airflow/example_dags/example_kubernetes_executor.py took 0.141 seconds
[2025-02-01T12:00:37.278+0000] {processor.py:186} INFO - Started process (PID=346) to work on /home/airflow/.local/lib/python3.9/site-packages/airflow/example_dags/example_kubernetes_executor.py
[2025-02-01T12:00:37.279+0000] {processor.py:914} INFO - Processing file /home/airflow/.local/lib/python3.9/site-packages/airflow/example_dags/example_kubernetes_executor.py for tasks to queue
[2025-02-01T12:00:37.281+0000] {logging_mixin.py:190} INFO - [2025-02-01T12:00:37.280+0000] {dagbag.py:588} INFO - Filling up the DagBag from /home/airflow/.local/lib/python3.9/site-packages/airflow/example_dags/example_kubernetes_executor.py
[2025-02-01T12:00:37.299+0000] {processor.py:925} INFO - DAG(s) 'example_kubernetes_executor' retrieved from /home/airflow/.local/lib/python3.9/site-packages/airflow/example_dags/example_kubernetes_executor.py
[2025-02-01T12:00:37.336+0000] {logging_mixin.py:190} INFO - [2025-02-01T12:00:37.335+0000] {dag.py:3239} INFO - Sync 1 DAGs
[2025-02-01T12:00:37.356+0000] {logging_mixin.py:190} INFO - [2025-02-01T12:00:37.356+0000] {dag.py:4180} INFO - Setting next_dagrun for example_kubernetes_executor to None, run_after=None
[2025-02-01T12:00:37.374+0000] {processor.py:208} INFO - Processing /home/airflow/.local/lib/python3.9/site-packages/airflow/example_dags/example_kubernetes_executor.py took 0.102 seconds
[2025-02-01T12:01:07.429+0000] {processor.py:186} INFO - Started process (PID=408) to work on /home/airflow/.local/lib/python3.9/site-packages/airflow/example_dags/example_kubernetes_executor.py
[2025-02-01T12:01:07.429+0000] {processor.py:914} INFO - Processing file /home/airflow/.local/lib/python3.9/site-packages/airflow/example_dags/example_kubernetes_executor.py for tasks to queue
[2025-02-01T12:01:07.431+0000] {logging_mixin.py:190} INFO - [2025-02-01T12:01:07.431+0000] {dagbag.py:588} INFO - Filling up the DagBag from /home/airflow/.local/lib/python3.9/site-packages/airflow/example_dags/example_kubernetes_executor.py
[2025-02-01T12:01:07.449+0000] {processor.py:925} INFO - DAG(s) 'example_kubernetes_executor' retrieved from /home/airflow/.local/lib/python3.9/site-packages/airflow/example_dags/example_kubernetes_executor.py
[2025-02-01T12:01:07.476+0000] {logging_mixin.py:190} INFO - [2025-02-01T12:01:07.476+0000] {dag.py:3239} INFO - Sync 1 DAGs
[2025-02-01T12:01:07.507+0000] {logging_mixin.py:190} INFO - [2025-02-01T12:01:07.507+0000] {dag.py:4180} INFO - Setting next_dagrun for example_kubernetes_executor to None, run_after=None
[2025-02-01T12:01:07.542+0000] {processor.py:208} INFO - Processing /home/airflow/.local/lib/python3.9/site-packages/airflow/example_dags/example_kubernetes_executor.py took 0.120 seconds
[2025-02-01T12:01:38.038+0000] {processor.py:186} INFO - Started process (PID=471) to work on /home/airflow/.local/lib/python3.9/site-packages/airflow/example_dags/example_kubernetes_executor.py
[2025-02-01T12:01:38.039+0000] {processor.py:914} INFO - Processing file /home/airflow/.local/lib/python3.9/site-packages/airflow/example_dags/example_kubernetes_executor.py for tasks to queue
[2025-02-01T12:01:38.041+0000] {logging_mixin.py:190} INFO - [2025-02-01T12:01:38.040+0000] {dagbag.py:588} INFO - Filling up the DagBag from /home/airflow/.local/lib/python3.9/site-packages/airflow/example_dags/example_kubernetes_executor.py
[2025-02-01T12:01:38.059+0000] {processor.py:925} INFO - DAG(s) 'example_kubernetes_executor' retrieved from /home/airflow/.local/lib/python3.9/site-packages/airflow/example_dags/example_kubernetes_executor.py
[2025-02-01T12:01:38.092+0000] {logging_mixin.py:190} INFO - [2025-02-01T12:01:38.092+0000] {dag.py:3239} INFO - Sync 1 DAGs
[2025-02-01T12:01:38.108+0000] {logging_mixin.py:190} INFO - [2025-02-01T12:01:38.108+0000] {dag.py:4180} INFO - Setting next_dagrun for example_kubernetes_executor to None, run_after=None
[2025-02-01T12:01:38.126+0000] {processor.py:208} INFO - Processing /home/airflow/.local/lib/python3.9/site-packages/airflow/example_dags/example_kubernetes_executor.py took 0.094 seconds
[2025-02-01T12:02:08.902+0000] {processor.py:186} INFO - Started process (PID=535) to work on /home/airflow/.local/lib/python3.9/site-packages/airflow/example_dags/example_kubernetes_executor.py
[2025-02-01T12:02:08.903+0000] {processor.py:914} INFO - Processing file /home/airflow/.local/lib/python3.9/site-packages/airflow/example_dags/example_kubernetes_executor.py for tasks to queue
[2025-02-01T12:02:08.905+0000] {logging_mixin.py:190} INFO - [2025-02-01T12:02:08.905+0000] {dagbag.py:588} INFO - Filling up the DagBag from /home/airflow/.local/lib/python3.9/site-packages/airflow/example_dags/example_kubernetes_executor.py
[2025-02-01T12:02:08.924+0000] {processor.py:925} INFO - DAG(s) 'example_kubernetes_executor' retrieved from /home/airflow/.local/lib/python3.9/site-packages/airflow/example_dags/example_kubernetes_executor.py
[2025-02-01T12:02:08.956+0000] {logging_mixin.py:190} INFO - [2025-02-01T12:02:08.956+0000] {dag.py:3239} INFO - Sync 1 DAGs
[2025-02-01T12:02:08.972+0000] {logging_mixin.py:190} INFO - [2025-02-01T12:02:08.972+0000] {dag.py:4180} INFO - Setting next_dagrun for example_kubernetes_executor to None, run_after=None
[2025-02-01T12:02:08.990+0000] {processor.py:208} INFO - Processing /home/airflow/.local/lib/python3.9/site-packages/airflow/example_dags/example_kubernetes_executor.py took 0.094 seconds
[2025-02-01T12:02:39.060+0000] {processor.py:186} INFO - Started process (PID=598) to work on /home/airflow/.local/lib/python3.9/site-packages/airflow/example_dags/example_kubernetes_executor.py
[2025-02-01T12:02:39.061+0000] {processor.py:914} INFO - Processing file /home/airflow/.local/lib/python3.9/site-packages/airflow/example_dags/example_kubernetes_executor.py for tasks to queue
[2025-02-01T12:02:39.063+0000] {logging_mixin.py:190} INFO - [2025-02-01T12:02:39.062+0000] {dagbag.py:588} INFO - Filling up the DagBag from /home/airflow/.local/lib/python3.9/site-packages/airflow/example_dags/example_kubernetes_executor.py
[2025-02-01T12:02:39.080+0000] {processor.py:925} INFO - DAG(s) 'example_kubernetes_executor' retrieved from /home/airflow/.local/lib/python3.9/site-packages/airflow/example_dags/example_kubernetes_executor.py
[2025-02-01T12:02:39.107+0000] {logging_mixin.py:190} INFO - [2025-02-01T12:02:39.107+0000] {dag.py:3239} INFO - Sync 1 DAGs
[2025-02-01T12:02:39.122+0000] {logging_mixin.py:190} INFO - [2025-02-01T12:02:39.122+0000] {dag.py:4180} INFO - Setting next_dagrun for example_kubernetes_executor to None, run_after=None
[2025-02-01T12:02:39.140+0000] {processor.py:208} INFO - Processing /home/airflow/.local/lib/python3.9/site-packages/airflow/example_dags/example_kubernetes_executor.py took 0.086 seconds
[2025-02-01T12:03:11.139+0000] {processor.py:186} INFO - Started process (PID=660) to work on /home/airflow/.local/lib/python3.9/site-packages/airflow/example_dags/example_kubernetes_executor.py
[2025-02-01T12:03:11.146+0000] {processor.py:914} INFO - Processing file /home/airflow/.local/lib/python3.9/site-packages/airflow/example_dags/example_kubernetes_executor.py for tasks to queue
[2025-02-01T12:03:11.149+0000] {logging_mixin.py:190} INFO - [2025-02-01T12:03:11.148+0000] {dagbag.py:588} INFO - Filling up the DagBag from /home/airflow/.local/lib/python3.9/site-packages/airflow/example_dags/example_kubernetes_executor.py
[2025-02-01T12:03:11.253+0000] {processor.py:925} INFO - DAG(s) 'example_kubernetes_executor' retrieved from /home/airflow/.local/lib/python3.9/site-packages/airflow/example_dags/example_kubernetes_executor.py
[2025-02-01T12:03:11.611+0000] {logging_mixin.py:190} INFO - [2025-02-01T12:03:11.611+0000] {dag.py:3239} INFO - Sync 1 DAGs
[2025-02-01T12:03:11.713+0000] {logging_mixin.py:190} INFO - [2025-02-01T12:03:11.713+0000] {dag.py:4180} INFO - Setting next_dagrun for example_kubernetes_executor to None, run_after=None
[2025-02-01T12:03:11.778+0000] {processor.py:208} INFO - Processing /home/airflow/.local/lib/python3.9/site-packages/airflow/example_dags/example_kubernetes_executor.py took 0.685 seconds
[2025-02-01T12:03:42.369+0000] {processor.py:186} INFO - Started process (PID=723) to work on /home/airflow/.local/lib/python3.9/site-packages/airflow/example_dags/example_kubernetes_executor.py
[2025-02-01T12:03:42.370+0000] {processor.py:914} INFO - Processing file /home/airflow/.local/lib/python3.9/site-packages/airflow/example_dags/example_kubernetes_executor.py for tasks to queue
[2025-02-01T12:03:42.378+0000] {logging_mixin.py:190} INFO - [2025-02-01T12:03:42.378+0000] {dagbag.py:588} INFO - Filling up the DagBag from /home/airflow/.local/lib/python3.9/site-packages/airflow/example_dags/example_kubernetes_executor.py
[2025-02-01T12:03:42.434+0000] {processor.py:925} INFO - DAG(s) 'example_kubernetes_executor' retrieved from /home/airflow/.local/lib/python3.9/site-packages/airflow/example_dags/example_kubernetes_executor.py
[2025-02-01T12:03:42.511+0000] {logging_mixin.py:190} INFO - [2025-02-01T12:03:42.510+0000] {dag.py:3239} INFO - Sync 1 DAGs
[2025-02-01T12:03:42.528+0000] {logging_mixin.py:190} INFO - [2025-02-01T12:03:42.528+0000] {dag.py:4180} INFO - Setting next_dagrun for example_kubernetes_executor to None, run_after=None
[2025-02-01T12:03:42.547+0000] {processor.py:208} INFO - Processing /home/airflow/.local/lib/python3.9/site-packages/airflow/example_dags/example_kubernetes_executor.py took 0.205 seconds
[2025-02-01T12:04:12.660+0000] {processor.py:186} INFO - Started process (PID=785) to work on /home/airflow/.local/lib/python3.9/site-packages/airflow/example_dags/example_kubernetes_executor.py
[2025-02-01T12:04:12.660+0000] {processor.py:914} INFO - Processing file /home/airflow/.local/lib/python3.9/site-packages/airflow/example_dags/example_kubernetes_executor.py for tasks to queue
[2025-02-01T12:04:12.662+0000] {logging_mixin.py:190} INFO - [2025-02-01T12:04:12.662+0000] {dagbag.py:588} INFO - Filling up the DagBag from /home/airflow/.local/lib/python3.9/site-packages/airflow/example_dags/example_kubernetes_executor.py
[2025-02-01T12:04:12.673+0000] {processor.py:925} INFO - DAG(s) 'example_kubernetes_executor' retrieved from /home/airflow/.local/lib/python3.9/site-packages/airflow/example_dags/example_kubernetes_executor.py
[2025-02-01T12:04:12.692+0000] {logging_mixin.py:190} INFO - [2025-02-01T12:04:12.692+0000] {dag.py:3239} INFO - Sync 1 DAGs
[2025-02-01T12:04:12.703+0000] {logging_mixin.py:190} INFO - [2025-02-01T12:04:12.702+0000] {dag.py:4180} INFO - Setting next_dagrun for example_kubernetes_executor to None, run_after=None
[2025-02-01T12:04:12.716+0000] {processor.py:208} INFO - Processing /home/airflow/.local/lib/python3.9/site-packages/airflow/example_dags/example_kubernetes_executor.py took 0.061 seconds
[2025-02-01T12:04:42.797+0000] {processor.py:186} INFO - Started process (PID=849) to work on /home/airflow/.local/lib/python3.9/site-packages/airflow/example_dags/example_kubernetes_executor.py
[2025-02-01T12:04:42.798+0000] {processor.py:914} INFO - Processing file /home/airflow/.local/lib/python3.9/site-packages/airflow/example_dags/example_kubernetes_executor.py for tasks to queue
[2025-02-01T12:04:42.799+0000] {logging_mixin.py:190} INFO - [2025-02-01T12:04:42.799+0000] {dagbag.py:588} INFO - Filling up the DagBag from /home/airflow/.local/lib/python3.9/site-packages/airflow/example_dags/example_kubernetes_executor.py
[2025-02-01T12:04:42.816+0000] {processor.py:925} INFO - DAG(s) 'example_kubernetes_executor' retrieved from /home/airflow/.local/lib/python3.9/site-packages/airflow/example_dags/example_kubernetes_executor.py
[2025-02-01T12:04:42.837+0000] {logging_mixin.py:190} INFO - [2025-02-01T12:04:42.837+0000] {dag.py:3239} INFO - Sync 1 DAGs
[2025-02-01T12:04:42.848+0000] {logging_mixin.py:190} INFO - [2025-02-01T12:04:42.848+0000] {dag.py:4180} INFO - Setting next_dagrun for example_kubernetes_executor to None, run_after=None
[2025-02-01T12:04:42.861+0000] {processor.py:208} INFO - Processing /home/airflow/.local/lib/python3.9/site-packages/airflow/example_dags/example_kubernetes_executor.py took 0.070 seconds
[2025-02-01T12:05:13.034+0000] {processor.py:186} INFO - Started process (PID=911) to work on /home/airflow/.local/lib/python3.9/site-packages/airflow/example_dags/example_kubernetes_executor.py
[2025-02-01T12:05:13.035+0000] {processor.py:914} INFO - Processing file /home/airflow/.local/lib/python3.9/site-packages/airflow/example_dags/example_kubernetes_executor.py for tasks to queue
[2025-02-01T12:05:13.037+0000] {logging_mixin.py:190} INFO - [2025-02-01T12:05:13.037+0000] {dagbag.py:588} INFO - Filling up the DagBag from /home/airflow/.local/lib/python3.9/site-packages/airflow/example_dags/example_kubernetes_executor.py
[2025-02-01T12:05:13.056+0000] {processor.py:925} INFO - DAG(s) 'example_kubernetes_executor' retrieved from /home/airflow/.local/lib/python3.9/site-packages/airflow/example_dags/example_kubernetes_executor.py
[2025-02-01T12:05:13.110+0000] {logging_mixin.py:190} INFO - [2025-02-01T12:05:13.109+0000] {dag.py:3239} INFO - Sync 1 DAGs
[2025-02-01T12:05:13.121+0000] {logging_mixin.py:190} INFO - [2025-02-01T12:05:13.120+0000] {dag.py:4180} INFO - Setting next_dagrun for example_kubernetes_executor to None, run_after=None
[2025-02-01T12:05:13.135+0000] {processor.py:208} INFO - Processing /home/airflow/.local/lib/python3.9/site-packages/airflow/example_dags/example_kubernetes_executor.py took 0.107 seconds
[2025-02-01T12:05:43.375+0000] {processor.py:186} INFO - Started process (PID=973) to work on /home/airflow/.local/lib/python3.9/site-packages/airflow/example_dags/example_kubernetes_executor.py
[2025-02-01T12:05:43.376+0000] {processor.py:914} INFO - Processing file /home/airflow/.local/lib/python3.9/site-packages/airflow/example_dags/example_kubernetes_executor.py for tasks to queue
[2025-02-01T12:05:43.379+0000] {logging_mixin.py:190} INFO - [2025-02-01T12:05:43.378+0000] {dagbag.py:588} INFO - Filling up the DagBag from /home/airflow/.local/lib/python3.9/site-packages/airflow/example_dags/example_kubernetes_executor.py
[2025-02-01T12:05:43.397+0000] {processor.py:925} INFO - DAG(s) 'example_kubernetes_executor' retrieved from /home/airflow/.local/lib/python3.9/site-packages/airflow/example_dags/example_kubernetes_executor.py
[2025-02-01T12:05:43.425+0000] {logging_mixin.py:190} INFO - [2025-02-01T12:05:43.424+0000] {dag.py:3239} INFO - Sync 1 DAGs
[2025-02-01T12:05:43.441+0000] {logging_mixin.py:190} INFO - [2025-02-01T12:05:43.441+0000] {dag.py:4180} INFO - Setting next_dagrun for example_kubernetes_executor to None, run_after=None
[2025-02-01T12:05:43.460+0000] {processor.py:208} INFO - Processing /home/airflow/.local/lib/python3.9/site-packages/airflow/example_dags/example_kubernetes_executor.py took 0.092 seconds
[2025-02-01T12:06:13.688+0000] {processor.py:186} INFO - Started process (PID=1035) to work on /home/airflow/.local/lib/python3.9/site-packages/airflow/example_dags/example_kubernetes_executor.py
[2025-02-01T12:06:13.689+0000] {processor.py:914} INFO - Processing file /home/airflow/.local/lib/python3.9/site-packages/airflow/example_dags/example_kubernetes_executor.py for tasks to queue
[2025-02-01T12:06:13.692+0000] {logging_mixin.py:190} INFO - [2025-02-01T12:06:13.691+0000] {dagbag.py:588} INFO - Filling up the DagBag from /home/airflow/.local/lib/python3.9/site-packages/airflow/example_dags/example_kubernetes_executor.py
[2025-02-01T12:06:13.704+0000] {processor.py:925} INFO - DAG(s) 'example_kubernetes_executor' retrieved from /home/airflow/.local/lib/python3.9/site-packages/airflow/example_dags/example_kubernetes_executor.py
[2025-02-01T12:06:13.724+0000] {logging_mixin.py:190} INFO - [2025-02-01T12:06:13.724+0000] {dag.py:3239} INFO - Sync 1 DAGs
[2025-02-01T12:06:13.735+0000] {logging_mixin.py:190} INFO - [2025-02-01T12:06:13.735+0000] {dag.py:4180} INFO - Setting next_dagrun for example_kubernetes_executor to None, run_after=None
[2025-02-01T12:06:13.749+0000] {processor.py:208} INFO - Processing /home/airflow/.local/lib/python3.9/site-packages/airflow/example_dags/example_kubernetes_executor.py took 0.070 seconds
[2025-02-01T12:06:43.871+0000] {processor.py:186} INFO - Started process (PID=1097) to work on /home/airflow/.local/lib/python3.9/site-packages/airflow/example_dags/example_kubernetes_executor.py
[2025-02-01T12:06:43.871+0000] {processor.py:914} INFO - Processing file /home/airflow/.local/lib/python3.9/site-packages/airflow/example_dags/example_kubernetes_executor.py for tasks to queue
[2025-02-01T12:06:43.873+0000] {logging_mixin.py:190} INFO - [2025-02-01T12:06:43.873+0000] {dagbag.py:588} INFO - Filling up the DagBag from /home/airflow/.local/lib/python3.9/site-packages/airflow/example_dags/example_kubernetes_executor.py
[2025-02-01T12:06:43.884+0000] {processor.py:925} INFO - DAG(s) 'example_kubernetes_executor' retrieved from /home/airflow/.local/lib/python3.9/site-packages/airflow/example_dags/example_kubernetes_executor.py
[2025-02-01T12:06:43.903+0000] {logging_mixin.py:190} INFO - [2025-02-01T12:06:43.903+0000] {dag.py:3239} INFO - Sync 1 DAGs
[2025-02-01T12:06:43.913+0000] {logging_mixin.py:190} INFO - [2025-02-01T12:06:43.913+0000] {dag.py:4180} INFO - Setting next_dagrun for example_kubernetes_executor to None, run_after=None
[2025-02-01T12:06:43.926+0000] {processor.py:208} INFO - Processing /home/airflow/.local/lib/python3.9/site-packages/airflow/example_dags/example_kubernetes_executor.py took 0.060 seconds
[2025-02-01T12:07:14.277+0000] {processor.py:186} INFO - Started process (PID=1160) to work on /home/airflow/.local/lib/python3.9/site-packages/airflow/example_dags/example_kubernetes_executor.py
[2025-02-01T12:07:14.278+0000] {processor.py:914} INFO - Processing file /home/airflow/.local/lib/python3.9/site-packages/airflow/example_dags/example_kubernetes_executor.py for tasks to queue
[2025-02-01T12:07:14.281+0000] {logging_mixin.py:190} INFO - [2025-02-01T12:07:14.281+0000] {dagbag.py:588} INFO - Filling up the DagBag from /home/airflow/.local/lib/python3.9/site-packages/airflow/example_dags/example_kubernetes_executor.py
[2025-02-01T12:07:14.293+0000] {processor.py:925} INFO - DAG(s) 'example_kubernetes_executor' retrieved from /home/airflow/.local/lib/python3.9/site-packages/airflow/example_dags/example_kubernetes_executor.py
[2025-02-01T12:07:14.322+0000] {logging_mixin.py:190} INFO - [2025-02-01T12:07:14.321+0000] {dag.py:3239} INFO - Sync 1 DAGs
[2025-02-01T12:07:14.340+0000] {logging_mixin.py:190} INFO - [2025-02-01T12:07:14.340+0000] {dag.py:4180} INFO - Setting next_dagrun for example_kubernetes_executor to None, run_after=None
[2025-02-01T12:07:14.362+0000] {processor.py:208} INFO - Processing /home/airflow/.local/lib/python3.9/site-packages/airflow/example_dags/example_kubernetes_executor.py took 0.089 seconds
[2025-02-01T12:07:45.184+0000] {processor.py:186} INFO - Started process (PID=1223) to work on /home/airflow/.local/lib/python3.9/site-packages/airflow/example_dags/example_kubernetes_executor.py
[2025-02-01T12:07:45.186+0000] {processor.py:914} INFO - Processing file /home/airflow/.local/lib/python3.9/site-packages/airflow/example_dags/example_kubernetes_executor.py for tasks to queue
[2025-02-01T12:07:45.188+0000] {logging_mixin.py:190} INFO - [2025-02-01T12:07:45.188+0000] {dagbag.py:588} INFO - Filling up the DagBag from /home/airflow/.local/lib/python3.9/site-packages/airflow/example_dags/example_kubernetes_executor.py
[2025-02-01T12:07:45.224+0000] {processor.py:925} INFO - DAG(s) 'example_kubernetes_executor' retrieved from /home/airflow/.local/lib/python3.9/site-packages/airflow/example_dags/example_kubernetes_executor.py
[2025-02-01T12:07:45.259+0000] {logging_mixin.py:190} INFO - [2025-02-01T12:07:45.258+0000] {dag.py:3239} INFO - Sync 1 DAGs
[2025-02-01T12:07:45.283+0000] {logging_mixin.py:190} INFO - [2025-02-01T12:07:45.283+0000] {dag.py:4180} INFO - Setting next_dagrun for example_kubernetes_executor to None, run_after=None
[2025-02-01T12:07:45.313+0000] {processor.py:208} INFO - Processing /home/airflow/.local/lib/python3.9/site-packages/airflow/example_dags/example_kubernetes_executor.py took 0.153 seconds
[2025-02-01T12:08:15.962+0000] {processor.py:186} INFO - Started process (PID=1287) to work on /home/airflow/.local/lib/python3.9/site-packages/airflow/example_dags/example_kubernetes_executor.py
[2025-02-01T12:08:15.972+0000] {processor.py:914} INFO - Processing file /home/airflow/.local/lib/python3.9/site-packages/airflow/example_dags/example_kubernetes_executor.py for tasks to queue
[2025-02-01T12:08:15.984+0000] {logging_mixin.py:190} INFO - [2025-02-01T12:08:15.983+0000] {dagbag.py:588} INFO - Filling up the DagBag from /home/airflow/.local/lib/python3.9/site-packages/airflow/example_dags/example_kubernetes_executor.py
[2025-02-01T12:08:16.073+0000] {processor.py:925} INFO - DAG(s) 'example_kubernetes_executor' retrieved from /home/airflow/.local/lib/python3.9/site-packages/airflow/example_dags/example_kubernetes_executor.py
[2025-02-01T12:08:16.135+0000] {logging_mixin.py:190} INFO - [2025-02-01T12:08:16.135+0000] {dag.py:3239} INFO - Sync 1 DAGs
[2025-02-01T12:08:16.155+0000] {logging_mixin.py:190} INFO - [2025-02-01T12:08:16.155+0000] {dag.py:4180} INFO - Setting next_dagrun for example_kubernetes_executor to None, run_after=None
[2025-02-01T12:08:16.184+0000] {processor.py:208} INFO - Processing /home/airflow/.local/lib/python3.9/site-packages/airflow/example_dags/example_kubernetes_executor.py took 0.248 seconds
[2025-02-01T12:08:46.281+0000] {processor.py:186} INFO - Started process (PID=1350) to work on /home/airflow/.local/lib/python3.9/site-packages/airflow/example_dags/example_kubernetes_executor.py
[2025-02-01T12:08:46.281+0000] {processor.py:914} INFO - Processing file /home/airflow/.local/lib/python3.9/site-packages/airflow/example_dags/example_kubernetes_executor.py for tasks to queue
[2025-02-01T12:08:46.284+0000] {logging_mixin.py:190} INFO - [2025-02-01T12:08:46.283+0000] {dagbag.py:588} INFO - Filling up the DagBag from /home/airflow/.local/lib/python3.9/site-packages/airflow/example_dags/example_kubernetes_executor.py
[2025-02-01T12:08:46.302+0000] {processor.py:925} INFO - DAG(s) 'example_kubernetes_executor' retrieved from /home/airflow/.local/lib/python3.9/site-packages/airflow/example_dags/example_kubernetes_executor.py
[2025-02-01T12:08:46.330+0000] {logging_mixin.py:190} INFO - [2025-02-01T12:08:46.329+0000] {dag.py:3239} INFO - Sync 1 DAGs
[2025-02-01T12:08:46.346+0000] {logging_mixin.py:190} INFO - [2025-02-01T12:08:46.346+0000] {dag.py:4180} INFO - Setting next_dagrun for example_kubernetes_executor to None, run_after=None
[2025-02-01T12:08:46.364+0000] {processor.py:208} INFO - Processing /home/airflow/.local/lib/python3.9/site-packages/airflow/example_dags/example_kubernetes_executor.py took 0.091 seconds
[2025-02-01T12:09:16.445+0000] {processor.py:186} INFO - Started process (PID=1412) to work on /home/airflow/.local/lib/python3.9/site-packages/airflow/example_dags/example_kubernetes_executor.py
[2025-02-01T12:09:16.446+0000] {processor.py:914} INFO - Processing file /home/airflow/.local/lib/python3.9/site-packages/airflow/example_dags/example_kubernetes_executor.py for tasks to queue
[2025-02-01T12:09:16.448+0000] {logging_mixin.py:190} INFO - [2025-02-01T12:09:16.448+0000] {dagbag.py:588} INFO - Filling up the DagBag from /home/airflow/.local/lib/python3.9/site-packages/airflow/example_dags/example_kubernetes_executor.py
[2025-02-01T12:09:16.467+0000] {processor.py:925} INFO - DAG(s) 'example_kubernetes_executor' retrieved from /home/airflow/.local/lib/python3.9/site-packages/airflow/example_dags/example_kubernetes_executor.py
[2025-02-01T12:09:16.511+0000] {logging_mixin.py:190} INFO - [2025-02-01T12:09:16.510+0000] {dag.py:3239} INFO - Sync 1 DAGs
[2025-02-01T12:09:16.555+0000] {logging_mixin.py:190} INFO - [2025-02-01T12:09:16.555+0000] {dag.py:4180} INFO - Setting next_dagrun for example_kubernetes_executor to None, run_after=None
[2025-02-01T12:09:16.583+0000] {processor.py:208} INFO - Processing /home/airflow/.local/lib/python3.9/site-packages/airflow/example_dags/example_kubernetes_executor.py took 0.145 seconds
[2025-02-01T12:09:46.661+0000] {processor.py:186} INFO - Started process (PID=1475) to work on /home/airflow/.local/lib/python3.9/site-packages/airflow/example_dags/example_kubernetes_executor.py
[2025-02-01T12:09:46.662+0000] {processor.py:914} INFO - Processing file /home/airflow/.local/lib/python3.9/site-packages/airflow/example_dags/example_kubernetes_executor.py for tasks to queue
[2025-02-01T12:09:46.663+0000] {logging_mixin.py:190} INFO - [2025-02-01T12:09:46.663+0000] {dagbag.py:588} INFO - Filling up the DagBag from /home/airflow/.local/lib/python3.9/site-packages/airflow/example_dags/example_kubernetes_executor.py
[2025-02-01T12:09:46.675+0000] {processor.py:925} INFO - DAG(s) 'example_kubernetes_executor' retrieved from /home/airflow/.local/lib/python3.9/site-packages/airflow/example_dags/example_kubernetes_executor.py
[2025-02-01T12:09:46.697+0000] {logging_mixin.py:190} INFO - [2025-02-01T12:09:46.697+0000] {dag.py:3239} INFO - Sync 1 DAGs
[2025-02-01T12:09:46.712+0000] {logging_mixin.py:190} INFO - [2025-02-01T12:09:46.712+0000] {dag.py:4180} INFO - Setting next_dagrun for example_kubernetes_executor to None, run_after=None
[2025-02-01T12:09:46.726+0000] {processor.py:208} INFO - Processing /home/airflow/.local/lib/python3.9/site-packages/airflow/example_dags/example_kubernetes_executor.py took 0.070 seconds
