[2025-02-01T11:58:13.448+0000] {processor.py:186} INFO - Started process (PID=63) to work on /home/airflow/.local/lib/python3.9/site-packages/airflow/example_dags/example_sensors.py
[2025-02-01T11:58:13.449+0000] {processor.py:914} INFO - Processing file /home/airflow/.local/lib/python3.9/site-packages/airflow/example_dags/example_sensors.py for tasks to queue
[2025-02-01T11:58:13.472+0000] {logging_mixin.py:190} INFO - [2025-02-01T11:58:13.472+0000] {dagbag.py:588} INFO - Filling up the DagBag from /home/airflow/.local/lib/python3.9/site-packages/airflow/example_dags/example_sensors.py
[2025-02-01T11:58:13.559+0000] {processor.py:925} INFO - DAG(s) 'example_sensors' retrieved from /home/airflow/.local/lib/python3.9/site-packages/airflow/example_dags/example_sensors.py
[2025-02-01T11:58:14.476+0000] {logging_mixin.py:190} INFO - [2025-02-01T11:58:14.475+0000] {override.py:1911} INFO - Created Permission View: can edit on DAG:example_sensors
[2025-02-01T11:58:14.530+0000] {logging_mixin.py:190} INFO - [2025-02-01T11:58:14.529+0000] {override.py:1911} INFO - Created Permission View: can delete on DAG:example_sensors
[2025-02-01T11:58:14.623+0000] {logging_mixin.py:190} INFO - [2025-02-01T11:58:14.623+0000] {override.py:1911} INFO - Created Permission View: can read on DAG:example_sensors
[2025-02-01T11:58:14.658+0000] {logging_mixin.py:190} INFO - [2025-02-01T11:58:14.657+0000] {override.py:1911} INFO - Created Permission View: can create on DAG Run:example_sensors
[2025-02-01T11:58:14.698+0000] {logging_mixin.py:190} INFO - [2025-02-01T11:58:14.697+0000] {override.py:1911} INFO - Created Permission View: can delete on DAG Run:example_sensors
[2025-02-01T11:58:14.725+0000] {logging_mixin.py:190} INFO - [2025-02-01T11:58:14.725+0000] {override.py:1911} INFO - Created Permission View: can read on DAG Run:example_sensors
[2025-02-01T11:58:14.770+0000] {logging_mixin.py:190} INFO - [2025-02-01T11:58:14.770+0000] {override.py:1911} INFO - Created Permission View: menu access on DAG Run:example_sensors
[2025-02-01T11:58:14.772+0000] {logging_mixin.py:190} INFO - [2025-02-01T11:58:14.771+0000] {dag.py:3239} INFO - Sync 1 DAGs
[2025-02-01T11:58:14.819+0000] {logging_mixin.py:190} INFO - [2025-02-01T11:58:14.819+0000] {dag.py:3262} INFO - Creating ORM DAG for example_sensors
[2025-02-01T11:58:14.828+0000] {logging_mixin.py:190} INFO - [2025-02-01T11:58:14.828+0000] {dag.py:4180} INFO - Setting next_dagrun for example_sensors to None, run_after=None
[2025-02-01T11:58:14.893+0000] {processor.py:208} INFO - Processing /home/airflow/.local/lib/python3.9/site-packages/airflow/example_dags/example_sensors.py took 1.476 seconds
[2025-02-01T11:58:44.991+0000] {processor.py:186} INFO - Started process (PID=125) to work on /home/airflow/.local/lib/python3.9/site-packages/airflow/example_dags/example_sensors.py
[2025-02-01T11:58:44.992+0000] {processor.py:914} INFO - Processing file /home/airflow/.local/lib/python3.9/site-packages/airflow/example_dags/example_sensors.py for tasks to queue
[2025-02-01T11:58:44.995+0000] {logging_mixin.py:190} INFO - [2025-02-01T11:58:44.994+0000] {dagbag.py:588} INFO - Filling up the DagBag from /home/airflow/.local/lib/python3.9/site-packages/airflow/example_dags/example_sensors.py
[2025-02-01T11:58:45.010+0000] {processor.py:925} INFO - DAG(s) 'example_sensors' retrieved from /home/airflow/.local/lib/python3.9/site-packages/airflow/example_dags/example_sensors.py
[2025-02-01T11:58:45.038+0000] {logging_mixin.py:190} INFO - [2025-02-01T11:58:45.038+0000] {dag.py:3239} INFO - Sync 1 DAGs
[2025-02-01T11:58:45.054+0000] {logging_mixin.py:190} INFO - [2025-02-01T11:58:45.054+0000] {dag.py:4180} INFO - Setting next_dagrun for example_sensors to None, run_after=None
[2025-02-01T11:58:45.071+0000] {processor.py:208} INFO - Processing /home/airflow/.local/lib/python3.9/site-packages/airflow/example_dags/example_sensors.py took 0.086 seconds
[2025-02-01T11:59:15.417+0000] {processor.py:186} INFO - Started process (PID=188) to work on /home/airflow/.local/lib/python3.9/site-packages/airflow/example_dags/example_sensors.py
[2025-02-01T11:59:15.418+0000] {processor.py:914} INFO - Processing file /home/airflow/.local/lib/python3.9/site-packages/airflow/example_dags/example_sensors.py for tasks to queue
[2025-02-01T11:59:15.420+0000] {logging_mixin.py:190} INFO - [2025-02-01T11:59:15.420+0000] {dagbag.py:588} INFO - Filling up the DagBag from /home/airflow/.local/lib/python3.9/site-packages/airflow/example_dags/example_sensors.py
[2025-02-01T11:59:15.432+0000] {processor.py:925} INFO - DAG(s) 'example_sensors' retrieved from /home/airflow/.local/lib/python3.9/site-packages/airflow/example_dags/example_sensors.py
[2025-02-01T11:59:15.460+0000] {logging_mixin.py:190} INFO - [2025-02-01T11:59:15.459+0000] {dag.py:3239} INFO - Sync 1 DAGs
[2025-02-01T11:59:15.475+0000] {logging_mixin.py:190} INFO - [2025-02-01T11:59:15.475+0000] {dag.py:4180} INFO - Setting next_dagrun for example_sensors to None, run_after=None
[2025-02-01T11:59:15.491+0000] {processor.py:208} INFO - Processing /home/airflow/.local/lib/python3.9/site-packages/airflow/example_dags/example_sensors.py took 0.082 seconds
[2025-02-01T11:59:46.180+0000] {processor.py:186} INFO - Started process (PID=252) to work on /home/airflow/.local/lib/python3.9/site-packages/airflow/example_dags/example_sensors.py
[2025-02-01T11:59:46.182+0000] {processor.py:914} INFO - Processing file /home/airflow/.local/lib/python3.9/site-packages/airflow/example_dags/example_sensors.py for tasks to queue
[2025-02-01T11:59:46.184+0000] {logging_mixin.py:190} INFO - [2025-02-01T11:59:46.184+0000] {dagbag.py:588} INFO - Filling up the DagBag from /home/airflow/.local/lib/python3.9/site-packages/airflow/example_dags/example_sensors.py
[2025-02-01T11:59:46.202+0000] {processor.py:925} INFO - DAG(s) 'example_sensors' retrieved from /home/airflow/.local/lib/python3.9/site-packages/airflow/example_dags/example_sensors.py
[2025-02-01T11:59:46.230+0000] {logging_mixin.py:190} INFO - [2025-02-01T11:59:46.229+0000] {dag.py:3239} INFO - Sync 1 DAGs
[2025-02-01T11:59:46.245+0000] {logging_mixin.py:190} INFO - [2025-02-01T11:59:46.245+0000] {dag.py:4180} INFO - Setting next_dagrun for example_sensors to None, run_after=None
[2025-02-01T11:59:46.261+0000] {processor.py:208} INFO - Processing /home/airflow/.local/lib/python3.9/site-packages/airflow/example_dags/example_sensors.py took 0.089 seconds
[2025-02-01T12:00:17.206+0000] {processor.py:186} INFO - Started process (PID=302) to work on /home/airflow/.local/lib/python3.9/site-packages/airflow/example_dags/example_sensors.py
[2025-02-01T12:00:17.207+0000] {processor.py:914} INFO - Processing file /home/airflow/.local/lib/python3.9/site-packages/airflow/example_dags/example_sensors.py for tasks to queue
[2025-02-01T12:00:17.214+0000] {logging_mixin.py:190} INFO - [2025-02-01T12:00:17.214+0000] {dagbag.py:588} INFO - Filling up the DagBag from /home/airflow/.local/lib/python3.9/site-packages/airflow/example_dags/example_sensors.py
[2025-02-01T12:00:17.237+0000] {processor.py:925} INFO - DAG(s) 'example_sensors' retrieved from /home/airflow/.local/lib/python3.9/site-packages/airflow/example_dags/example_sensors.py
[2025-02-01T12:00:17.315+0000] {logging_mixin.py:190} INFO - [2025-02-01T12:00:17.314+0000] {dag.py:3239} INFO - Sync 1 DAGs
[2025-02-01T12:00:17.360+0000] {logging_mixin.py:190} INFO - [2025-02-01T12:00:17.360+0000] {dag.py:4180} INFO - Setting next_dagrun for example_sensors to None, run_after=None
[2025-02-01T12:00:17.401+0000] {processor.py:208} INFO - Processing /home/airflow/.local/lib/python3.9/site-packages/airflow/example_dags/example_sensors.py took 0.210 seconds
[2025-02-01T12:00:49.678+0000] {processor.py:186} INFO - Started process (PID=363) to work on /home/airflow/.local/lib/python3.9/site-packages/airflow/example_dags/example_sensors.py
[2025-02-01T12:00:49.679+0000] {processor.py:914} INFO - Processing file /home/airflow/.local/lib/python3.9/site-packages/airflow/example_dags/example_sensors.py for tasks to queue
[2025-02-01T12:00:49.684+0000] {logging_mixin.py:190} INFO - [2025-02-01T12:00:49.684+0000] {dagbag.py:588} INFO - Filling up the DagBag from /home/airflow/.local/lib/python3.9/site-packages/airflow/example_dags/example_sensors.py
[2025-02-01T12:00:49.722+0000] {processor.py:925} INFO - DAG(s) 'example_sensors' retrieved from /home/airflow/.local/lib/python3.9/site-packages/airflow/example_dags/example_sensors.py
[2025-02-01T12:00:49.800+0000] {logging_mixin.py:190} INFO - [2025-02-01T12:00:49.799+0000] {dag.py:3239} INFO - Sync 1 DAGs
[2025-02-01T12:00:49.833+0000] {logging_mixin.py:190} INFO - [2025-02-01T12:00:49.832+0000] {dag.py:4180} INFO - Setting next_dagrun for example_sensors to None, run_after=None
[2025-02-01T12:00:49.884+0000] {processor.py:208} INFO - Processing /home/airflow/.local/lib/python3.9/site-packages/airflow/example_dags/example_sensors.py took 0.228 seconds
[2025-02-01T12:01:20.545+0000] {processor.py:186} INFO - Started process (PID=422) to work on /home/airflow/.local/lib/python3.9/site-packages/airflow/example_dags/example_sensors.py
[2025-02-01T12:01:20.546+0000] {processor.py:914} INFO - Processing file /home/airflow/.local/lib/python3.9/site-packages/airflow/example_dags/example_sensors.py for tasks to queue
[2025-02-01T12:01:20.548+0000] {logging_mixin.py:190} INFO - [2025-02-01T12:01:20.548+0000] {dagbag.py:588} INFO - Filling up the DagBag from /home/airflow/.local/lib/python3.9/site-packages/airflow/example_dags/example_sensors.py
[2025-02-01T12:01:20.565+0000] {processor.py:925} INFO - DAG(s) 'example_sensors' retrieved from /home/airflow/.local/lib/python3.9/site-packages/airflow/example_dags/example_sensors.py
[2025-02-01T12:01:20.629+0000] {logging_mixin.py:190} INFO - [2025-02-01T12:01:20.629+0000] {dag.py:3239} INFO - Sync 1 DAGs
[2025-02-01T12:01:20.652+0000] {logging_mixin.py:190} INFO - [2025-02-01T12:01:20.651+0000] {dag.py:4180} INFO - Setting next_dagrun for example_sensors to None, run_after=None
[2025-02-01T12:01:20.674+0000] {processor.py:208} INFO - Processing /home/airflow/.local/lib/python3.9/site-packages/airflow/example_dags/example_sensors.py took 0.137 seconds
[2025-02-01T12:01:51.675+0000] {processor.py:186} INFO - Started process (PID=485) to work on /home/airflow/.local/lib/python3.9/site-packages/airflow/example_dags/example_sensors.py
[2025-02-01T12:01:51.677+0000] {processor.py:914} INFO - Processing file /home/airflow/.local/lib/python3.9/site-packages/airflow/example_dags/example_sensors.py for tasks to queue
[2025-02-01T12:01:51.684+0000] {logging_mixin.py:190} INFO - [2025-02-01T12:01:51.684+0000] {dagbag.py:588} INFO - Filling up the DagBag from /home/airflow/.local/lib/python3.9/site-packages/airflow/example_dags/example_sensors.py
[2025-02-01T12:01:51.742+0000] {processor.py:925} INFO - DAG(s) 'example_sensors' retrieved from /home/airflow/.local/lib/python3.9/site-packages/airflow/example_dags/example_sensors.py
[2025-02-01T12:01:51.782+0000] {logging_mixin.py:190} INFO - [2025-02-01T12:01:51.782+0000] {dag.py:3239} INFO - Sync 1 DAGs
[2025-02-01T12:01:51.796+0000] {logging_mixin.py:190} INFO - [2025-02-01T12:01:51.796+0000] {dag.py:4180} INFO - Setting next_dagrun for example_sensors to None, run_after=None
[2025-02-01T12:01:51.815+0000] {processor.py:208} INFO - Processing /home/airflow/.local/lib/python3.9/site-packages/airflow/example_dags/example_sensors.py took 0.147 seconds
[2025-02-01T12:02:22.071+0000] {processor.py:186} INFO - Started process (PID=546) to work on /home/airflow/.local/lib/python3.9/site-packages/airflow/example_dags/example_sensors.py
[2025-02-01T12:02:22.072+0000] {processor.py:914} INFO - Processing file /home/airflow/.local/lib/python3.9/site-packages/airflow/example_dags/example_sensors.py for tasks to queue
[2025-02-01T12:02:22.074+0000] {logging_mixin.py:190} INFO - [2025-02-01T12:02:22.074+0000] {dagbag.py:588} INFO - Filling up the DagBag from /home/airflow/.local/lib/python3.9/site-packages/airflow/example_dags/example_sensors.py
[2025-02-01T12:02:22.086+0000] {processor.py:925} INFO - DAG(s) 'example_sensors' retrieved from /home/airflow/.local/lib/python3.9/site-packages/airflow/example_dags/example_sensors.py
[2025-02-01T12:02:22.116+0000] {logging_mixin.py:190} INFO - [2025-02-01T12:02:22.115+0000] {dag.py:3239} INFO - Sync 1 DAGs
[2025-02-01T12:02:22.160+0000] {logging_mixin.py:190} INFO - [2025-02-01T12:02:22.159+0000] {dag.py:4180} INFO - Setting next_dagrun for example_sensors to None, run_after=None
[2025-02-01T12:02:22.225+0000] {processor.py:208} INFO - Processing /home/airflow/.local/lib/python3.9/site-packages/airflow/example_dags/example_sensors.py took 0.161 seconds
[2025-02-01T12:02:52.680+0000] {processor.py:186} INFO - Started process (PID=608) to work on /home/airflow/.local/lib/python3.9/site-packages/airflow/example_dags/example_sensors.py
[2025-02-01T12:02:52.680+0000] {processor.py:914} INFO - Processing file /home/airflow/.local/lib/python3.9/site-packages/airflow/example_dags/example_sensors.py for tasks to queue
[2025-02-01T12:02:52.682+0000] {logging_mixin.py:190} INFO - [2025-02-01T12:02:52.682+0000] {dagbag.py:588} INFO - Filling up the DagBag from /home/airflow/.local/lib/python3.9/site-packages/airflow/example_dags/example_sensors.py
[2025-02-01T12:02:52.695+0000] {processor.py:925} INFO - DAG(s) 'example_sensors' retrieved from /home/airflow/.local/lib/python3.9/site-packages/airflow/example_dags/example_sensors.py
[2025-02-01T12:02:52.723+0000] {logging_mixin.py:190} INFO - [2025-02-01T12:02:52.723+0000] {dag.py:3239} INFO - Sync 1 DAGs
[2025-02-01T12:02:52.742+0000] {logging_mixin.py:190} INFO - [2025-02-01T12:02:52.741+0000] {dag.py:4180} INFO - Setting next_dagrun for example_sensors to None, run_after=None
[2025-02-01T12:02:52.771+0000] {processor.py:208} INFO - Processing /home/airflow/.local/lib/python3.9/site-packages/airflow/example_dags/example_sensors.py took 0.100 seconds
[2025-02-01T12:03:23.238+0000] {processor.py:186} INFO - Started process (PID=670) to work on /home/airflow/.local/lib/python3.9/site-packages/airflow/example_dags/example_sensors.py
[2025-02-01T12:03:23.239+0000] {processor.py:914} INFO - Processing file /home/airflow/.local/lib/python3.9/site-packages/airflow/example_dags/example_sensors.py for tasks to queue
[2025-02-01T12:03:23.241+0000] {logging_mixin.py:190} INFO - [2025-02-01T12:03:23.240+0000] {dagbag.py:588} INFO - Filling up the DagBag from /home/airflow/.local/lib/python3.9/site-packages/airflow/example_dags/example_sensors.py
[2025-02-01T12:03:23.258+0000] {processor.py:925} INFO - DAG(s) 'example_sensors' retrieved from /home/airflow/.local/lib/python3.9/site-packages/airflow/example_dags/example_sensors.py
[2025-02-01T12:03:23.300+0000] {logging_mixin.py:190} INFO - [2025-02-01T12:03:23.300+0000] {dag.py:3239} INFO - Sync 1 DAGs
[2025-02-01T12:03:23.326+0000] {logging_mixin.py:190} INFO - [2025-02-01T12:03:23.325+0000] {dag.py:4180} INFO - Setting next_dagrun for example_sensors to None, run_after=None
[2025-02-01T12:03:23.377+0000] {processor.py:208} INFO - Processing /home/airflow/.local/lib/python3.9/site-packages/airflow/example_dags/example_sensors.py took 0.146 seconds
[2025-02-01T12:03:54.309+0000] {processor.py:186} INFO - Started process (PID=739) to work on /home/airflow/.local/lib/python3.9/site-packages/airflow/example_dags/example_sensors.py
[2025-02-01T12:03:54.310+0000] {processor.py:914} INFO - Processing file /home/airflow/.local/lib/python3.9/site-packages/airflow/example_dags/example_sensors.py for tasks to queue
[2025-02-01T12:03:54.313+0000] {logging_mixin.py:190} INFO - [2025-02-01T12:03:54.312+0000] {dagbag.py:588} INFO - Filling up the DagBag from /home/airflow/.local/lib/python3.9/site-packages/airflow/example_dags/example_sensors.py
[2025-02-01T12:03:54.332+0000] {processor.py:925} INFO - DAG(s) 'example_sensors' retrieved from /home/airflow/.local/lib/python3.9/site-packages/airflow/example_dags/example_sensors.py
[2025-02-01T12:03:54.361+0000] {logging_mixin.py:190} INFO - [2025-02-01T12:03:54.361+0000] {dag.py:3239} INFO - Sync 1 DAGs
[2025-02-01T12:03:54.377+0000] {logging_mixin.py:190} INFO - [2025-02-01T12:03:54.376+0000] {dag.py:4180} INFO - Setting next_dagrun for example_sensors to None, run_after=None
[2025-02-01T12:03:54.393+0000] {processor.py:208} INFO - Processing /home/airflow/.local/lib/python3.9/site-packages/airflow/example_dags/example_sensors.py took 0.090 seconds
[2025-02-01T12:04:24.800+0000] {processor.py:186} INFO - Started process (PID=803) to work on /home/airflow/.local/lib/python3.9/site-packages/airflow/example_dags/example_sensors.py
[2025-02-01T12:04:24.800+0000] {processor.py:914} INFO - Processing file /home/airflow/.local/lib/python3.9/site-packages/airflow/example_dags/example_sensors.py for tasks to queue
[2025-02-01T12:04:24.802+0000] {logging_mixin.py:190} INFO - [2025-02-01T12:04:24.802+0000] {dagbag.py:588} INFO - Filling up the DagBag from /home/airflow/.local/lib/python3.9/site-packages/airflow/example_dags/example_sensors.py
[2025-02-01T12:04:24.815+0000] {processor.py:925} INFO - DAG(s) 'example_sensors' retrieved from /home/airflow/.local/lib/python3.9/site-packages/airflow/example_dags/example_sensors.py
[2025-02-01T12:04:24.844+0000] {logging_mixin.py:190} INFO - [2025-02-01T12:04:24.843+0000] {dag.py:3239} INFO - Sync 1 DAGs
[2025-02-01T12:04:24.860+0000] {logging_mixin.py:190} INFO - [2025-02-01T12:04:24.860+0000] {dag.py:4180} INFO - Setting next_dagrun for example_sensors to None, run_after=None
[2025-02-01T12:04:24.892+0000] {processor.py:208} INFO - Processing /home/airflow/.local/lib/python3.9/site-packages/airflow/example_dags/example_sensors.py took 0.099 seconds
[2025-02-01T12:04:55.644+0000] {processor.py:186} INFO - Started process (PID=865) to work on /home/airflow/.local/lib/python3.9/site-packages/airflow/example_dags/example_sensors.py
[2025-02-01T12:04:55.644+0000] {processor.py:914} INFO - Processing file /home/airflow/.local/lib/python3.9/site-packages/airflow/example_dags/example_sensors.py for tasks to queue
[2025-02-01T12:04:55.647+0000] {logging_mixin.py:190} INFO - [2025-02-01T12:04:55.646+0000] {dagbag.py:588} INFO - Filling up the DagBag from /home/airflow/.local/lib/python3.9/site-packages/airflow/example_dags/example_sensors.py
[2025-02-01T12:04:55.659+0000] {processor.py:925} INFO - DAG(s) 'example_sensors' retrieved from /home/airflow/.local/lib/python3.9/site-packages/airflow/example_dags/example_sensors.py
[2025-02-01T12:04:55.709+0000] {logging_mixin.py:190} INFO - [2025-02-01T12:04:55.708+0000] {dag.py:3239} INFO - Sync 1 DAGs
[2025-02-01T12:04:55.724+0000] {logging_mixin.py:190} INFO - [2025-02-01T12:04:55.724+0000] {dag.py:4180} INFO - Setting next_dagrun for example_sensors to None, run_after=None
[2025-02-01T12:04:55.741+0000] {processor.py:208} INFO - Processing /home/airflow/.local/lib/python3.9/site-packages/airflow/example_dags/example_sensors.py took 0.104 seconds
[2025-02-01T12:05:26.181+0000] {processor.py:186} INFO - Started process (PID=927) to work on /home/airflow/.local/lib/python3.9/site-packages/airflow/example_dags/example_sensors.py
[2025-02-01T12:05:26.183+0000] {processor.py:914} INFO - Processing file /home/airflow/.local/lib/python3.9/site-packages/airflow/example_dags/example_sensors.py for tasks to queue
[2025-02-01T12:05:26.186+0000] {logging_mixin.py:190} INFO - [2025-02-01T12:05:26.186+0000] {dagbag.py:588} INFO - Filling up the DagBag from /home/airflow/.local/lib/python3.9/site-packages/airflow/example_dags/example_sensors.py
[2025-02-01T12:05:26.216+0000] {processor.py:925} INFO - DAG(s) 'example_sensors' retrieved from /home/airflow/.local/lib/python3.9/site-packages/airflow/example_dags/example_sensors.py
[2025-02-01T12:05:26.270+0000] {logging_mixin.py:190} INFO - [2025-02-01T12:05:26.269+0000] {dag.py:3239} INFO - Sync 1 DAGs
[2025-02-01T12:05:26.290+0000] {logging_mixin.py:190} INFO - [2025-02-01T12:05:26.289+0000] {dag.py:4180} INFO - Setting next_dagrun for example_sensors to None, run_after=None
[2025-02-01T12:05:26.320+0000] {processor.py:208} INFO - Processing /home/airflow/.local/lib/python3.9/site-packages/airflow/example_dags/example_sensors.py took 0.155 seconds
[2025-02-01T12:05:56.501+0000] {processor.py:186} INFO - Started process (PID=990) to work on /home/airflow/.local/lib/python3.9/site-packages/airflow/example_dags/example_sensors.py
[2025-02-01T12:05:56.509+0000] {processor.py:914} INFO - Processing file /home/airflow/.local/lib/python3.9/site-packages/airflow/example_dags/example_sensors.py for tasks to queue
[2025-02-01T12:05:56.511+0000] {logging_mixin.py:190} INFO - [2025-02-01T12:05:56.511+0000] {dagbag.py:588} INFO - Filling up the DagBag from /home/airflow/.local/lib/python3.9/site-packages/airflow/example_dags/example_sensors.py
[2025-02-01T12:05:56.535+0000] {processor.py:925} INFO - DAG(s) 'example_sensors' retrieved from /home/airflow/.local/lib/python3.9/site-packages/airflow/example_dags/example_sensors.py
[2025-02-01T12:05:56.587+0000] {logging_mixin.py:190} INFO - [2025-02-01T12:05:56.587+0000] {dag.py:3239} INFO - Sync 1 DAGs
[2025-02-01T12:05:56.637+0000] {logging_mixin.py:190} INFO - [2025-02-01T12:05:56.637+0000] {dag.py:4180} INFO - Setting next_dagrun for example_sensors to None, run_after=None
[2025-02-01T12:05:56.702+0000] {processor.py:208} INFO - Processing /home/airflow/.local/lib/python3.9/site-packages/airflow/example_dags/example_sensors.py took 0.212 seconds
[2025-02-01T12:06:27.025+0000] {processor.py:186} INFO - Started process (PID=1052) to work on /home/airflow/.local/lib/python3.9/site-packages/airflow/example_dags/example_sensors.py
[2025-02-01T12:06:27.026+0000] {processor.py:914} INFO - Processing file /home/airflow/.local/lib/python3.9/site-packages/airflow/example_dags/example_sensors.py for tasks to queue
[2025-02-01T12:06:27.028+0000] {logging_mixin.py:190} INFO - [2025-02-01T12:06:27.028+0000] {dagbag.py:588} INFO - Filling up the DagBag from /home/airflow/.local/lib/python3.9/site-packages/airflow/example_dags/example_sensors.py
[2025-02-01T12:06:27.045+0000] {processor.py:925} INFO - DAG(s) 'example_sensors' retrieved from /home/airflow/.local/lib/python3.9/site-packages/airflow/example_dags/example_sensors.py
[2025-02-01T12:06:27.076+0000] {logging_mixin.py:190} INFO - [2025-02-01T12:06:27.076+0000] {dag.py:3239} INFO - Sync 1 DAGs
[2025-02-01T12:06:27.092+0000] {logging_mixin.py:190} INFO - [2025-02-01T12:06:27.091+0000] {dag.py:4180} INFO - Setting next_dagrun for example_sensors to None, run_after=None
[2025-02-01T12:06:27.109+0000] {processor.py:208} INFO - Processing /home/airflow/.local/lib/python3.9/site-packages/airflow/example_dags/example_sensors.py took 0.090 seconds
[2025-02-01T12:06:57.451+0000] {processor.py:186} INFO - Started process (PID=1115) to work on /home/airflow/.local/lib/python3.9/site-packages/airflow/example_dags/example_sensors.py
[2025-02-01T12:06:57.452+0000] {processor.py:914} INFO - Processing file /home/airflow/.local/lib/python3.9/site-packages/airflow/example_dags/example_sensors.py for tasks to queue
[2025-02-01T12:06:57.454+0000] {logging_mixin.py:190} INFO - [2025-02-01T12:06:57.454+0000] {dagbag.py:588} INFO - Filling up the DagBag from /home/airflow/.local/lib/python3.9/site-packages/airflow/example_dags/example_sensors.py
[2025-02-01T12:06:57.471+0000] {processor.py:925} INFO - DAG(s) 'example_sensors' retrieved from /home/airflow/.local/lib/python3.9/site-packages/airflow/example_dags/example_sensors.py
[2025-02-01T12:06:57.576+0000] {logging_mixin.py:190} INFO - [2025-02-01T12:06:57.576+0000] {dag.py:3239} INFO - Sync 1 DAGs
[2025-02-01T12:06:57.591+0000] {logging_mixin.py:190} INFO - [2025-02-01T12:06:57.591+0000] {dag.py:4180} INFO - Setting next_dagrun for example_sensors to None, run_after=None
[2025-02-01T12:06:57.644+0000] {processor.py:208} INFO - Processing /home/airflow/.local/lib/python3.9/site-packages/airflow/example_dags/example_sensors.py took 0.212 seconds
[2025-02-01T12:07:27.797+0000] {processor.py:186} INFO - Started process (PID=1178) to work on /home/airflow/.local/lib/python3.9/site-packages/airflow/example_dags/example_sensors.py
[2025-02-01T12:07:27.799+0000] {processor.py:914} INFO - Processing file /home/airflow/.local/lib/python3.9/site-packages/airflow/example_dags/example_sensors.py for tasks to queue
[2025-02-01T12:07:27.801+0000] {logging_mixin.py:190} INFO - [2025-02-01T12:07:27.801+0000] {dagbag.py:588} INFO - Filling up the DagBag from /home/airflow/.local/lib/python3.9/site-packages/airflow/example_dags/example_sensors.py
[2025-02-01T12:07:27.814+0000] {processor.py:925} INFO - DAG(s) 'example_sensors' retrieved from /home/airflow/.local/lib/python3.9/site-packages/airflow/example_dags/example_sensors.py
[2025-02-01T12:07:27.843+0000] {logging_mixin.py:190} INFO - [2025-02-01T12:07:27.843+0000] {dag.py:3239} INFO - Sync 1 DAGs
[2025-02-01T12:07:27.859+0000] {logging_mixin.py:190} INFO - [2025-02-01T12:07:27.858+0000] {dag.py:4180} INFO - Setting next_dagrun for example_sensors to None, run_after=None
[2025-02-01T12:07:27.882+0000] {processor.py:208} INFO - Processing /home/airflow/.local/lib/python3.9/site-packages/airflow/example_dags/example_sensors.py took 0.091 seconds
[2025-02-01T12:07:58.289+0000] {processor.py:186} INFO - Started process (PID=1242) to work on /home/airflow/.local/lib/python3.9/site-packages/airflow/example_dags/example_sensors.py
[2025-02-01T12:07:58.290+0000] {processor.py:914} INFO - Processing file /home/airflow/.local/lib/python3.9/site-packages/airflow/example_dags/example_sensors.py for tasks to queue
[2025-02-01T12:07:58.292+0000] {logging_mixin.py:190} INFO - [2025-02-01T12:07:58.292+0000] {dagbag.py:588} INFO - Filling up the DagBag from /home/airflow/.local/lib/python3.9/site-packages/airflow/example_dags/example_sensors.py
[2025-02-01T12:07:58.307+0000] {processor.py:925} INFO - DAG(s) 'example_sensors' retrieved from /home/airflow/.local/lib/python3.9/site-packages/airflow/example_dags/example_sensors.py
[2025-02-01T12:07:58.338+0000] {logging_mixin.py:190} INFO - [2025-02-01T12:07:58.337+0000] {dag.py:3239} INFO - Sync 1 DAGs
[2025-02-01T12:07:58.354+0000] {logging_mixin.py:190} INFO - [2025-02-01T12:07:58.354+0000] {dag.py:4180} INFO - Setting next_dagrun for example_sensors to None, run_after=None
[2025-02-01T12:07:58.371+0000] {processor.py:208} INFO - Processing /home/airflow/.local/lib/python3.9/site-packages/airflow/example_dags/example_sensors.py took 0.089 seconds
[2025-02-01T12:08:28.718+0000] {processor.py:186} INFO - Started process (PID=1305) to work on /home/airflow/.local/lib/python3.9/site-packages/airflow/example_dags/example_sensors.py
[2025-02-01T12:08:28.721+0000] {processor.py:914} INFO - Processing file /home/airflow/.local/lib/python3.9/site-packages/airflow/example_dags/example_sensors.py for tasks to queue
[2025-02-01T12:08:28.723+0000] {logging_mixin.py:190} INFO - [2025-02-01T12:08:28.723+0000] {dagbag.py:588} INFO - Filling up the DagBag from /home/airflow/.local/lib/python3.9/site-packages/airflow/example_dags/example_sensors.py
[2025-02-01T12:08:28.742+0000] {processor.py:925} INFO - DAG(s) 'example_sensors' retrieved from /home/airflow/.local/lib/python3.9/site-packages/airflow/example_dags/example_sensors.py
[2025-02-01T12:08:28.774+0000] {logging_mixin.py:190} INFO - [2025-02-01T12:08:28.774+0000] {dag.py:3239} INFO - Sync 1 DAGs
[2025-02-01T12:08:28.789+0000] {logging_mixin.py:190} INFO - [2025-02-01T12:08:28.789+0000] {dag.py:4180} INFO - Setting next_dagrun for example_sensors to None, run_after=None
[2025-02-01T12:08:28.807+0000] {processor.py:208} INFO - Processing /home/airflow/.local/lib/python3.9/site-packages/airflow/example_dags/example_sensors.py took 0.096 seconds
[2025-02-01T12:08:59.054+0000] {processor.py:186} INFO - Started process (PID=1368) to work on /home/airflow/.local/lib/python3.9/site-packages/airflow/example_dags/example_sensors.py
[2025-02-01T12:08:59.054+0000] {processor.py:914} INFO - Processing file /home/airflow/.local/lib/python3.9/site-packages/airflow/example_dags/example_sensors.py for tasks to queue
[2025-02-01T12:08:59.057+0000] {logging_mixin.py:190} INFO - [2025-02-01T12:08:59.056+0000] {dagbag.py:588} INFO - Filling up the DagBag from /home/airflow/.local/lib/python3.9/site-packages/airflow/example_dags/example_sensors.py
[2025-02-01T12:08:59.070+0000] {processor.py:925} INFO - DAG(s) 'example_sensors' retrieved from /home/airflow/.local/lib/python3.9/site-packages/airflow/example_dags/example_sensors.py
[2025-02-01T12:08:59.102+0000] {logging_mixin.py:190} INFO - [2025-02-01T12:08:59.102+0000] {dag.py:3239} INFO - Sync 1 DAGs
[2025-02-01T12:08:59.120+0000] {logging_mixin.py:190} INFO - [2025-02-01T12:08:59.119+0000] {dag.py:4180} INFO - Setting next_dagrun for example_sensors to None, run_after=None
[2025-02-01T12:08:59.147+0000] {processor.py:208} INFO - Processing /home/airflow/.local/lib/python3.9/site-packages/airflow/example_dags/example_sensors.py took 0.100 seconds
[2025-02-01T12:09:29.310+0000] {processor.py:186} INFO - Started process (PID=1431) to work on /home/airflow/.local/lib/python3.9/site-packages/airflow/example_dags/example_sensors.py
[2025-02-01T12:09:29.334+0000] {processor.py:914} INFO - Processing file /home/airflow/.local/lib/python3.9/site-packages/airflow/example_dags/example_sensors.py for tasks to queue
[2025-02-01T12:09:29.338+0000] {logging_mixin.py:190} INFO - [2025-02-01T12:09:29.337+0000] {dagbag.py:588} INFO - Filling up the DagBag from /home/airflow/.local/lib/python3.9/site-packages/airflow/example_dags/example_sensors.py
[2025-02-01T12:09:29.401+0000] {processor.py:925} INFO - DAG(s) 'example_sensors' retrieved from /home/airflow/.local/lib/python3.9/site-packages/airflow/example_dags/example_sensors.py
[2025-02-01T12:09:29.511+0000] {logging_mixin.py:190} INFO - [2025-02-01T12:09:29.511+0000] {dag.py:3239} INFO - Sync 1 DAGs
[2025-02-01T12:09:29.573+0000] {logging_mixin.py:190} INFO - [2025-02-01T12:09:29.573+0000] {dag.py:4180} INFO - Setting next_dagrun for example_sensors to None, run_after=None
[2025-02-01T12:09:29.663+0000] {processor.py:208} INFO - Processing /home/airflow/.local/lib/python3.9/site-packages/airflow/example_dags/example_sensors.py took 0.371 seconds
[2025-02-01T12:09:59.801+0000] {processor.py:186} INFO - Started process (PID=1494) to work on /home/airflow/.local/lib/python3.9/site-packages/airflow/example_dags/example_sensors.py
[2025-02-01T12:09:59.805+0000] {processor.py:914} INFO - Processing file /home/airflow/.local/lib/python3.9/site-packages/airflow/example_dags/example_sensors.py for tasks to queue
[2025-02-01T12:09:59.807+0000] {logging_mixin.py:190} INFO - [2025-02-01T12:09:59.807+0000] {dagbag.py:588} INFO - Filling up the DagBag from /home/airflow/.local/lib/python3.9/site-packages/airflow/example_dags/example_sensors.py
[2025-02-01T12:09:59.827+0000] {processor.py:925} INFO - DAG(s) 'example_sensors' retrieved from /home/airflow/.local/lib/python3.9/site-packages/airflow/example_dags/example_sensors.py
[2025-02-01T12:09:59.859+0000] {logging_mixin.py:190} INFO - [2025-02-01T12:09:59.859+0000] {dag.py:3239} INFO - Sync 1 DAGs
[2025-02-01T12:09:59.874+0000] {logging_mixin.py:190} INFO - [2025-02-01T12:09:59.874+0000] {dag.py:4180} INFO - Setting next_dagrun for example_sensors to None, run_after=None
[2025-02-01T12:09:59.890+0000] {processor.py:208} INFO - Processing /home/airflow/.local/lib/python3.9/site-packages/airflow/example_dags/example_sensors.py took 0.095 seconds
