[2025-02-01T11:58:37.604+0000] {processor.py:186} INFO - Started process (PID=102) to work on /home/airflow/.local/lib/python3.9/site-packages/airflow/example_dags/example_datasets.py
[2025-02-01T11:58:37.604+0000] {processor.py:914} INFO - Processing file /home/airflow/.local/lib/python3.9/site-packages/airflow/example_dags/example_datasets.py for tasks to queue
[2025-02-01T11:58:37.607+0000] {logging_mixin.py:190} INFO - [2025-02-01T11:58:37.606+0000] {dagbag.py:588} INFO - Filling up the DagBag from /home/airflow/.local/lib/python3.9/site-packages/airflow/example_dags/example_datasets.py
[2025-02-01T11:58:38.780+0000] {processor.py:925} INFO - DAG(s) 'conditional_dataset_and_time_based_timetable', 'consume_1_or_both_2_and_3_with_dataset_expressions', 'consume_1_or_2_with_dataset_expressions', 'dataset_consumes_unknown_never_scheduled', 'dataset_consumes_1', 'dataset_produces_1', 'dataset_consumes_1_never_scheduled', 'consume_1_and_2_with_dataset_expressions', 'dataset_consumes_1_and_2', 'dataset_produces_2' retrieved from /home/airflow/.local/lib/python3.9/site-packages/airflow/example_dags/example_datasets.py
[2025-02-01T11:58:38.907+0000] {logging_mixin.py:190} INFO - [2025-02-01T11:58:38.906+0000] {override.py:1911} INFO - Created Permission View: can edit on DAG:conditional_dataset_and_time_based_timetable
[2025-02-01T11:58:38.916+0000] {logging_mixin.py:190} INFO - [2025-02-01T11:58:38.916+0000] {override.py:1911} INFO - Created Permission View: can delete on DAG:conditional_dataset_and_time_based_timetable
[2025-02-01T11:58:38.922+0000] {logging_mixin.py:190} INFO - [2025-02-01T11:58:38.922+0000] {override.py:1911} INFO - Created Permission View: can read on DAG:conditional_dataset_and_time_based_timetable
[2025-02-01T11:58:38.928+0000] {logging_mixin.py:190} INFO - [2025-02-01T11:58:38.928+0000] {override.py:1911} INFO - Created Permission View: can create on DAG Run:conditional_dataset_and_time_based_timetable
[2025-02-01T11:58:38.934+0000] {logging_mixin.py:190} INFO - [2025-02-01T11:58:38.934+0000] {override.py:1911} INFO - Created Permission View: can delete on DAG Run:conditional_dataset_and_time_based_timetable
[2025-02-01T11:58:38.940+0000] {logging_mixin.py:190} INFO - [2025-02-01T11:58:38.940+0000] {override.py:1911} INFO - Created Permission View: can read on DAG Run:conditional_dataset_and_time_based_timetable
[2025-02-01T11:58:38.967+0000] {logging_mixin.py:190} INFO - [2025-02-01T11:58:38.967+0000] {override.py:1911} INFO - Created Permission View: menu access on DAG Run:conditional_dataset_and_time_based_timetable
[2025-02-01T11:58:39.010+0000] {logging_mixin.py:190} INFO - [2025-02-01T11:58:39.009+0000] {override.py:1911} INFO - Created Permission View: can edit on DAG:consume_1_or_both_2_and_3_with_dataset_expressions
[2025-02-01T11:58:39.023+0000] {logging_mixin.py:190} INFO - [2025-02-01T11:58:39.023+0000] {override.py:1911} INFO - Created Permission View: can delete on DAG:consume_1_or_both_2_and_3_with_dataset_expressions
[2025-02-01T11:58:39.036+0000] {logging_mixin.py:190} INFO - [2025-02-01T11:58:39.036+0000] {override.py:1911} INFO - Created Permission View: can read on DAG:consume_1_or_both_2_and_3_with_dataset_expressions
[2025-02-01T11:58:39.049+0000] {logging_mixin.py:190} INFO - [2025-02-01T11:58:39.049+0000] {override.py:1911} INFO - Created Permission View: can create on DAG Run:consume_1_or_both_2_and_3_with_dataset_expressions
[2025-02-01T11:58:39.062+0000] {logging_mixin.py:190} INFO - [2025-02-01T11:58:39.061+0000] {override.py:1911} INFO - Created Permission View: can delete on DAG Run:consume_1_or_both_2_and_3_with_dataset_expressions
[2025-02-01T11:58:39.072+0000] {logging_mixin.py:190} INFO - [2025-02-01T11:58:39.072+0000] {override.py:1911} INFO - Created Permission View: can read on DAG Run:consume_1_or_both_2_and_3_with_dataset_expressions
[2025-02-01T11:58:39.084+0000] {logging_mixin.py:190} INFO - [2025-02-01T11:58:39.084+0000] {override.py:1911} INFO - Created Permission View: menu access on DAG Run:consume_1_or_both_2_and_3_with_dataset_expressions
[2025-02-01T11:58:39.107+0000] {logging_mixin.py:190} INFO - [2025-02-01T11:58:39.107+0000] {override.py:1911} INFO - Created Permission View: can edit on DAG:consume_1_or_2_with_dataset_expressions
[2025-02-01T11:58:39.119+0000] {logging_mixin.py:190} INFO - [2025-02-01T11:58:39.119+0000] {override.py:1911} INFO - Created Permission View: can delete on DAG:consume_1_or_2_with_dataset_expressions
[2025-02-01T11:58:39.131+0000] {logging_mixin.py:190} INFO - [2025-02-01T11:58:39.130+0000] {override.py:1911} INFO - Created Permission View: can read on DAG:consume_1_or_2_with_dataset_expressions
[2025-02-01T11:58:39.138+0000] {logging_mixin.py:190} INFO - [2025-02-01T11:58:39.138+0000] {override.py:1911} INFO - Created Permission View: can create on DAG Run:consume_1_or_2_with_dataset_expressions
[2025-02-01T11:58:39.145+0000] {logging_mixin.py:190} INFO - [2025-02-01T11:58:39.144+0000] {override.py:1911} INFO - Created Permission View: can delete on DAG Run:consume_1_or_2_with_dataset_expressions
[2025-02-01T11:58:39.150+0000] {logging_mixin.py:190} INFO - [2025-02-01T11:58:39.150+0000] {override.py:1911} INFO - Created Permission View: can read on DAG Run:consume_1_or_2_with_dataset_expressions
[2025-02-01T11:58:39.157+0000] {logging_mixin.py:190} INFO - [2025-02-01T11:58:39.157+0000] {override.py:1911} INFO - Created Permission View: menu access on DAG Run:consume_1_or_2_with_dataset_expressions
[2025-02-01T11:58:39.168+0000] {logging_mixin.py:190} INFO - [2025-02-01T11:58:39.168+0000] {override.py:1911} INFO - Created Permission View: can edit on DAG:dataset_consumes_unknown_never_scheduled
[2025-02-01T11:58:39.174+0000] {logging_mixin.py:190} INFO - [2025-02-01T11:58:39.174+0000] {override.py:1911} INFO - Created Permission View: can delete on DAG:dataset_consumes_unknown_never_scheduled
[2025-02-01T11:58:39.180+0000] {logging_mixin.py:190} INFO - [2025-02-01T11:58:39.179+0000] {override.py:1911} INFO - Created Permission View: can read on DAG:dataset_consumes_unknown_never_scheduled
[2025-02-01T11:58:39.185+0000] {logging_mixin.py:190} INFO - [2025-02-01T11:58:39.185+0000] {override.py:1911} INFO - Created Permission View: can create on DAG Run:dataset_consumes_unknown_never_scheduled
[2025-02-01T11:58:39.192+0000] {logging_mixin.py:190} INFO - [2025-02-01T11:58:39.192+0000] {override.py:1911} INFO - Created Permission View: can delete on DAG Run:dataset_consumes_unknown_never_scheduled
[2025-02-01T11:58:39.198+0000] {logging_mixin.py:190} INFO - [2025-02-01T11:58:39.198+0000] {override.py:1911} INFO - Created Permission View: can read on DAG Run:dataset_consumes_unknown_never_scheduled
[2025-02-01T11:58:39.205+0000] {logging_mixin.py:190} INFO - [2025-02-01T11:58:39.204+0000] {override.py:1911} INFO - Created Permission View: menu access on DAG Run:dataset_consumes_unknown_never_scheduled
[2025-02-01T11:58:39.229+0000] {logging_mixin.py:190} INFO - [2025-02-01T11:58:39.229+0000] {override.py:1911} INFO - Created Permission View: can edit on DAG:dataset_consumes_1
[2025-02-01T11:58:39.238+0000] {logging_mixin.py:190} INFO - [2025-02-01T11:58:39.238+0000] {override.py:1911} INFO - Created Permission View: can delete on DAG:dataset_consumes_1
[2025-02-01T11:58:39.248+0000] {logging_mixin.py:190} INFO - [2025-02-01T11:58:39.247+0000] {override.py:1911} INFO - Created Permission View: can read on DAG:dataset_consumes_1
[2025-02-01T11:58:39.259+0000] {logging_mixin.py:190} INFO - [2025-02-01T11:58:39.259+0000] {override.py:1911} INFO - Created Permission View: can create on DAG Run:dataset_consumes_1
[2025-02-01T11:58:39.268+0000] {logging_mixin.py:190} INFO - [2025-02-01T11:58:39.268+0000] {override.py:1911} INFO - Created Permission View: can delete on DAG Run:dataset_consumes_1
[2025-02-01T11:58:39.280+0000] {logging_mixin.py:190} INFO - [2025-02-01T11:58:39.280+0000] {override.py:1911} INFO - Created Permission View: can read on DAG Run:dataset_consumes_1
[2025-02-01T11:58:39.298+0000] {logging_mixin.py:190} INFO - [2025-02-01T11:58:39.298+0000] {override.py:1911} INFO - Created Permission View: menu access on DAG Run:dataset_consumes_1
[2025-02-01T11:58:39.333+0000] {logging_mixin.py:190} INFO - [2025-02-01T11:58:39.333+0000] {override.py:1911} INFO - Created Permission View: can edit on DAG:dataset_produces_1
[2025-02-01T11:58:39.346+0000] {logging_mixin.py:190} INFO - [2025-02-01T11:58:39.345+0000] {override.py:1911} INFO - Created Permission View: can delete on DAG:dataset_produces_1
[2025-02-01T11:58:39.355+0000] {logging_mixin.py:190} INFO - [2025-02-01T11:58:39.355+0000] {override.py:1911} INFO - Created Permission View: can read on DAG:dataset_produces_1
[2025-02-01T11:58:39.361+0000] {logging_mixin.py:190} INFO - [2025-02-01T11:58:39.361+0000] {override.py:1911} INFO - Created Permission View: can create on DAG Run:dataset_produces_1
[2025-02-01T11:58:39.367+0000] {logging_mixin.py:190} INFO - [2025-02-01T11:58:39.367+0000] {override.py:1911} INFO - Created Permission View: can delete on DAG Run:dataset_produces_1
[2025-02-01T11:58:39.374+0000] {logging_mixin.py:190} INFO - [2025-02-01T11:58:39.374+0000] {override.py:1911} INFO - Created Permission View: can read on DAG Run:dataset_produces_1
[2025-02-01T11:58:39.380+0000] {logging_mixin.py:190} INFO - [2025-02-01T11:58:39.380+0000] {override.py:1911} INFO - Created Permission View: menu access on DAG Run:dataset_produces_1
[2025-02-01T11:58:39.394+0000] {logging_mixin.py:190} INFO - [2025-02-01T11:58:39.393+0000] {override.py:1911} INFO - Created Permission View: can edit on DAG:dataset_consumes_1_never_scheduled
[2025-02-01T11:58:39.408+0000] {logging_mixin.py:190} INFO - [2025-02-01T11:58:39.408+0000] {override.py:1911} INFO - Created Permission View: can delete on DAG:dataset_consumes_1_never_scheduled
[2025-02-01T11:58:39.416+0000] {logging_mixin.py:190} INFO - [2025-02-01T11:58:39.414+0000] {override.py:1911} INFO - Created Permission View: can read on DAG:dataset_consumes_1_never_scheduled
[2025-02-01T11:58:39.433+0000] {logging_mixin.py:190} INFO - [2025-02-01T11:58:39.432+0000] {override.py:1911} INFO - Created Permission View: can create on DAG Run:dataset_consumes_1_never_scheduled
[2025-02-01T11:58:39.446+0000] {logging_mixin.py:190} INFO - [2025-02-01T11:58:39.438+0000] {override.py:1911} INFO - Created Permission View: can delete on DAG Run:dataset_consumes_1_never_scheduled
[2025-02-01T11:58:39.459+0000] {logging_mixin.py:190} INFO - [2025-02-01T11:58:39.459+0000] {override.py:1911} INFO - Created Permission View: can read on DAG Run:dataset_consumes_1_never_scheduled
[2025-02-01T11:58:39.472+0000] {logging_mixin.py:190} INFO - [2025-02-01T11:58:39.472+0000] {override.py:1911} INFO - Created Permission View: menu access on DAG Run:dataset_consumes_1_never_scheduled
[2025-02-01T11:58:39.487+0000] {logging_mixin.py:190} INFO - [2025-02-01T11:58:39.487+0000] {override.py:1911} INFO - Created Permission View: can edit on DAG:consume_1_and_2_with_dataset_expressions
[2025-02-01T11:58:39.506+0000] {logging_mixin.py:190} INFO - [2025-02-01T11:58:39.505+0000] {override.py:1911} INFO - Created Permission View: can delete on DAG:consume_1_and_2_with_dataset_expressions
[2025-02-01T11:58:39.517+0000] {logging_mixin.py:190} INFO - [2025-02-01T11:58:39.517+0000] {override.py:1911} INFO - Created Permission View: can read on DAG:consume_1_and_2_with_dataset_expressions
[2025-02-01T11:58:39.527+0000] {logging_mixin.py:190} INFO - [2025-02-01T11:58:39.527+0000] {override.py:1911} INFO - Created Permission View: can create on DAG Run:consume_1_and_2_with_dataset_expressions
[2025-02-01T11:58:39.535+0000] {logging_mixin.py:190} INFO - [2025-02-01T11:58:39.535+0000] {override.py:1911} INFO - Created Permission View: can delete on DAG Run:consume_1_and_2_with_dataset_expressions
[2025-02-01T11:58:39.546+0000] {logging_mixin.py:190} INFO - [2025-02-01T11:58:39.546+0000] {override.py:1911} INFO - Created Permission View: can read on DAG Run:consume_1_and_2_with_dataset_expressions
[2025-02-01T11:58:39.557+0000] {logging_mixin.py:190} INFO - [2025-02-01T11:58:39.556+0000] {override.py:1911} INFO - Created Permission View: menu access on DAG Run:consume_1_and_2_with_dataset_expressions
[2025-02-01T11:58:39.590+0000] {logging_mixin.py:190} INFO - [2025-02-01T11:58:39.589+0000] {override.py:1911} INFO - Created Permission View: can edit on DAG:dataset_consumes_1_and_2
[2025-02-01T11:58:39.602+0000] {logging_mixin.py:190} INFO - [2025-02-01T11:58:39.602+0000] {override.py:1911} INFO - Created Permission View: can delete on DAG:dataset_consumes_1_and_2
[2025-02-01T11:58:39.608+0000] {logging_mixin.py:190} INFO - [2025-02-01T11:58:39.608+0000] {override.py:1911} INFO - Created Permission View: can read on DAG:dataset_consumes_1_and_2
[2025-02-01T11:58:39.614+0000] {logging_mixin.py:190} INFO - [2025-02-01T11:58:39.613+0000] {override.py:1911} INFO - Created Permission View: can create on DAG Run:dataset_consumes_1_and_2
[2025-02-01T11:58:39.620+0000] {logging_mixin.py:190} INFO - [2025-02-01T11:58:39.619+0000] {override.py:1911} INFO - Created Permission View: can delete on DAG Run:dataset_consumes_1_and_2
[2025-02-01T11:58:39.626+0000] {logging_mixin.py:190} INFO - [2025-02-01T11:58:39.625+0000] {override.py:1911} INFO - Created Permission View: can read on DAG Run:dataset_consumes_1_and_2
[2025-02-01T11:58:39.632+0000] {logging_mixin.py:190} INFO - [2025-02-01T11:58:39.631+0000] {override.py:1911} INFO - Created Permission View: menu access on DAG Run:dataset_consumes_1_and_2
[2025-02-01T11:58:39.653+0000] {logging_mixin.py:190} INFO - [2025-02-01T11:58:39.652+0000] {override.py:1911} INFO - Created Permission View: can edit on DAG:dataset_produces_2
[2025-02-01T11:58:39.676+0000] {logging_mixin.py:190} INFO - [2025-02-01T11:58:39.676+0000] {override.py:1911} INFO - Created Permission View: can delete on DAG:dataset_produces_2
[2025-02-01T11:58:39.703+0000] {logging_mixin.py:190} INFO - [2025-02-01T11:58:39.703+0000] {override.py:1911} INFO - Created Permission View: can read on DAG:dataset_produces_2
[2025-02-01T11:58:39.723+0000] {logging_mixin.py:190} INFO - [2025-02-01T11:58:39.722+0000] {override.py:1911} INFO - Created Permission View: can create on DAG Run:dataset_produces_2
[2025-02-01T11:58:39.738+0000] {logging_mixin.py:190} INFO - [2025-02-01T11:58:39.738+0000] {override.py:1911} INFO - Created Permission View: can delete on DAG Run:dataset_produces_2
[2025-02-01T11:58:39.754+0000] {logging_mixin.py:190} INFO - [2025-02-01T11:58:39.753+0000] {override.py:1911} INFO - Created Permission View: can read on DAG Run:dataset_produces_2
[2025-02-01T11:58:39.770+0000] {logging_mixin.py:190} INFO - [2025-02-01T11:58:39.769+0000] {override.py:1911} INFO - Created Permission View: menu access on DAG Run:dataset_produces_2
[2025-02-01T11:58:39.770+0000] {logging_mixin.py:190} INFO - [2025-02-01T11:58:39.770+0000] {dag.py:3239} INFO - Sync 10 DAGs
[2025-02-01T11:58:39.795+0000] {logging_mixin.py:190} INFO - [2025-02-01T11:58:39.795+0000] {dag.py:3262} INFO - Creating ORM DAG for dataset_consumes_1_never_scheduled
[2025-02-01T11:58:39.796+0000] {logging_mixin.py:190} INFO - [2025-02-01T11:58:39.796+0000] {dag.py:3262} INFO - Creating ORM DAG for consume_1_or_2_with_dataset_expressions
[2025-02-01T11:58:39.799+0000] {logging_mixin.py:190} INFO - [2025-02-01T11:58:39.799+0000] {dag.py:3262} INFO - Creating ORM DAG for dataset_consumes_1_and_2
[2025-02-01T11:58:39.800+0000] {logging_mixin.py:190} INFO - [2025-02-01T11:58:39.800+0000] {dag.py:3262} INFO - Creating ORM DAG for dataset_produces_1
[2025-02-01T11:58:39.801+0000] {logging_mixin.py:190} INFO - [2025-02-01T11:58:39.801+0000] {dag.py:3262} INFO - Creating ORM DAG for dataset_consumes_1
[2025-02-01T11:58:39.803+0000] {logging_mixin.py:190} INFO - [2025-02-01T11:58:39.802+0000] {dag.py:3262} INFO - Creating ORM DAG for consume_1_and_2_with_dataset_expressions
[2025-02-01T11:58:39.805+0000] {logging_mixin.py:190} INFO - [2025-02-01T11:58:39.805+0000] {dag.py:3262} INFO - Creating ORM DAG for conditional_dataset_and_time_based_timetable
[2025-02-01T11:58:39.806+0000] {logging_mixin.py:190} INFO - [2025-02-01T11:58:39.805+0000] {dag.py:3262} INFO - Creating ORM DAG for dataset_consumes_unknown_never_scheduled
[2025-02-01T11:58:39.807+0000] {logging_mixin.py:190} INFO - [2025-02-01T11:58:39.806+0000] {dag.py:3262} INFO - Creating ORM DAG for dataset_produces_2
[2025-02-01T11:58:39.807+0000] {logging_mixin.py:190} INFO - [2025-02-01T11:58:39.807+0000] {dag.py:3262} INFO - Creating ORM DAG for consume_1_or_both_2_and_3_with_dataset_expressions
[2025-02-01T11:58:39.821+0000] {logging_mixin.py:190} INFO - [2025-02-01T11:58:39.821+0000] {dag.py:4180} INFO - Setting next_dagrun for conditional_dataset_and_time_based_timetable to 2025-01-29 01:00:00+00:00, run_after=2025-01-29 01:00:00+00:00
[2025-02-01T11:58:39.823+0000] {logging_mixin.py:190} INFO - [2025-02-01T11:58:39.822+0000] {dag.py:4180} INFO - Setting next_dagrun for consume_1_and_2_with_dataset_expressions to None, run_after=None
[2025-02-01T11:58:39.824+0000] {logging_mixin.py:190} INFO - [2025-02-01T11:58:39.824+0000] {dag.py:4180} INFO - Setting next_dagrun for consume_1_or_2_with_dataset_expressions to None, run_after=None
[2025-02-01T11:58:39.825+0000] {logging_mixin.py:190} INFO - [2025-02-01T11:58:39.824+0000] {dag.py:4180} INFO - Setting next_dagrun for consume_1_or_both_2_and_3_with_dataset_expressions to None, run_after=None
[2025-02-01T11:58:39.825+0000] {logging_mixin.py:190} INFO - [2025-02-01T11:58:39.825+0000] {dag.py:4180} INFO - Setting next_dagrun for dataset_consumes_1 to None, run_after=None
[2025-02-01T11:58:39.826+0000] {logging_mixin.py:190} INFO - [2025-02-01T11:58:39.825+0000] {dag.py:4180} INFO - Setting next_dagrun for dataset_consumes_1_and_2 to None, run_after=None
[2025-02-01T11:58:39.826+0000] {logging_mixin.py:190} INFO - [2025-02-01T11:58:39.826+0000] {dag.py:4180} INFO - Setting next_dagrun for dataset_consumes_1_never_scheduled to None, run_after=None
[2025-02-01T11:58:39.827+0000] {logging_mixin.py:190} INFO - [2025-02-01T11:58:39.827+0000] {dag.py:4180} INFO - Setting next_dagrun for dataset_consumes_unknown_never_scheduled to None, run_after=None
[2025-02-01T11:58:39.829+0000] {logging_mixin.py:190} INFO - [2025-02-01T11:58:39.829+0000] {dag.py:4180} INFO - Setting next_dagrun for dataset_produces_1 to 2025-01-31 00:00:00+00:00, run_after=2025-02-01 00:00:00+00:00
[2025-02-01T11:58:39.830+0000] {logging_mixin.py:190} INFO - [2025-02-01T11:58:39.830+0000] {dag.py:4180} INFO - Setting next_dagrun for dataset_produces_2 to None, run_after=None
[2025-02-01T11:58:39.912+0000] {processor.py:208} INFO - Processing /home/airflow/.local/lib/python3.9/site-packages/airflow/example_dags/example_datasets.py took 2.316 seconds
[2025-02-01T11:59:10.327+0000] {processor.py:186} INFO - Started process (PID=165) to work on /home/airflow/.local/lib/python3.9/site-packages/airflow/example_dags/example_datasets.py
[2025-02-01T11:59:10.332+0000] {processor.py:914} INFO - Processing file /home/airflow/.local/lib/python3.9/site-packages/airflow/example_dags/example_datasets.py for tasks to queue
[2025-02-01T11:59:10.335+0000] {logging_mixin.py:190} INFO - [2025-02-01T11:59:10.335+0000] {dagbag.py:588} INFO - Filling up the DagBag from /home/airflow/.local/lib/python3.9/site-packages/airflow/example_dags/example_datasets.py
[2025-02-01T11:59:11.051+0000] {processor.py:925} INFO - DAG(s) 'dataset_produces_1', 'dataset_produces_2', 'consume_1_and_2_with_dataset_expressions', 'dataset_consumes_1_never_scheduled', 'dataset_consumes_unknown_never_scheduled', 'dataset_consumes_1_and_2', 'consume_1_or_2_with_dataset_expressions', 'conditional_dataset_and_time_based_timetable', 'dataset_consumes_1', 'consume_1_or_both_2_and_3_with_dataset_expressions' retrieved from /home/airflow/.local/lib/python3.9/site-packages/airflow/example_dags/example_datasets.py
[2025-02-01T11:59:11.095+0000] {logging_mixin.py:190} INFO - [2025-02-01T11:59:11.095+0000] {dag.py:3239} INFO - Sync 10 DAGs
[2025-02-01T11:59:11.123+0000] {logging_mixin.py:190} INFO - [2025-02-01T11:59:11.122+0000] {dag.py:4180} INFO - Setting next_dagrun for conditional_dataset_and_time_based_timetable to 2025-01-29 01:00:00+00:00, run_after=2025-01-29 01:00:00+00:00
[2025-02-01T11:59:11.126+0000] {logging_mixin.py:190} INFO - [2025-02-01T11:59:11.126+0000] {dag.py:4180} INFO - Setting next_dagrun for consume_1_and_2_with_dataset_expressions to None, run_after=None
[2025-02-01T11:59:11.127+0000] {logging_mixin.py:190} INFO - [2025-02-01T11:59:11.127+0000] {dag.py:4180} INFO - Setting next_dagrun for consume_1_or_2_with_dataset_expressions to None, run_after=None
[2025-02-01T11:59:11.129+0000] {logging_mixin.py:190} INFO - [2025-02-01T11:59:11.129+0000] {dag.py:4180} INFO - Setting next_dagrun for consume_1_or_both_2_and_3_with_dataset_expressions to None, run_after=None
[2025-02-01T11:59:11.130+0000] {logging_mixin.py:190} INFO - [2025-02-01T11:59:11.130+0000] {dag.py:4180} INFO - Setting next_dagrun for dataset_consumes_1 to None, run_after=None
[2025-02-01T11:59:11.131+0000] {logging_mixin.py:190} INFO - [2025-02-01T11:59:11.131+0000] {dag.py:4180} INFO - Setting next_dagrun for dataset_consumes_1_and_2 to None, run_after=None
[2025-02-01T11:59:11.132+0000] {logging_mixin.py:190} INFO - [2025-02-01T11:59:11.132+0000] {dag.py:4180} INFO - Setting next_dagrun for dataset_consumes_1_never_scheduled to None, run_after=None
[2025-02-01T11:59:11.134+0000] {logging_mixin.py:190} INFO - [2025-02-01T11:59:11.133+0000] {dag.py:4180} INFO - Setting next_dagrun for dataset_consumes_unknown_never_scheduled to None, run_after=None
[2025-02-01T11:59:11.136+0000] {logging_mixin.py:190} INFO - [2025-02-01T11:59:11.136+0000] {dag.py:4180} INFO - Setting next_dagrun for dataset_produces_1 to 2025-01-31 00:00:00+00:00, run_after=2025-02-01 00:00:00+00:00
[2025-02-01T11:59:11.137+0000] {logging_mixin.py:190} INFO - [2025-02-01T11:59:11.137+0000] {dag.py:4180} INFO - Setting next_dagrun for dataset_produces_2 to None, run_after=None
[2025-02-01T11:59:11.169+0000] {processor.py:208} INFO - Processing /home/airflow/.local/lib/python3.9/site-packages/airflow/example_dags/example_datasets.py took 0.857 seconds
[2025-02-01T11:59:41.990+0000] {processor.py:186} INFO - Started process (PID=229) to work on /home/airflow/.local/lib/python3.9/site-packages/airflow/example_dags/example_datasets.py
[2025-02-01T11:59:41.996+0000] {processor.py:914} INFO - Processing file /home/airflow/.local/lib/python3.9/site-packages/airflow/example_dags/example_datasets.py for tasks to queue
[2025-02-01T11:59:41.998+0000] {logging_mixin.py:190} INFO - [2025-02-01T11:59:41.997+0000] {dagbag.py:588} INFO - Filling up the DagBag from /home/airflow/.local/lib/python3.9/site-packages/airflow/example_dags/example_datasets.py
[2025-02-01T11:59:42.731+0000] {processor.py:925} INFO - DAG(s) 'dataset_consumes_1_never_scheduled', 'dataset_consumes_1', 'dataset_consumes_1_and_2', 'dataset_produces_1', 'dataset_consumes_unknown_never_scheduled', 'conditional_dataset_and_time_based_timetable', 'consume_1_and_2_with_dataset_expressions', 'consume_1_or_both_2_and_3_with_dataset_expressions', 'consume_1_or_2_with_dataset_expressions', 'dataset_produces_2' retrieved from /home/airflow/.local/lib/python3.9/site-packages/airflow/example_dags/example_datasets.py
[2025-02-01T11:59:42.776+0000] {logging_mixin.py:190} INFO - [2025-02-01T11:59:42.776+0000] {dag.py:3239} INFO - Sync 10 DAGs
[2025-02-01T11:59:42.803+0000] {logging_mixin.py:190} INFO - [2025-02-01T11:59:42.802+0000] {dag.py:4180} INFO - Setting next_dagrun for conditional_dataset_and_time_based_timetable to 2025-01-29 01:00:00+00:00, run_after=2025-01-29 01:00:00+00:00
[2025-02-01T11:59:42.806+0000] {logging_mixin.py:190} INFO - [2025-02-01T11:59:42.806+0000] {dag.py:4180} INFO - Setting next_dagrun for consume_1_and_2_with_dataset_expressions to None, run_after=None
[2025-02-01T11:59:42.807+0000] {logging_mixin.py:190} INFO - [2025-02-01T11:59:42.807+0000] {dag.py:4180} INFO - Setting next_dagrun for consume_1_or_2_with_dataset_expressions to None, run_after=None
[2025-02-01T11:59:42.808+0000] {logging_mixin.py:190} INFO - [2025-02-01T11:59:42.808+0000] {dag.py:4180} INFO - Setting next_dagrun for consume_1_or_both_2_and_3_with_dataset_expressions to None, run_after=None
[2025-02-01T11:59:42.809+0000] {logging_mixin.py:190} INFO - [2025-02-01T11:59:42.809+0000] {dag.py:4180} INFO - Setting next_dagrun for dataset_consumes_1 to None, run_after=None
[2025-02-01T11:59:42.811+0000] {logging_mixin.py:190} INFO - [2025-02-01T11:59:42.811+0000] {dag.py:4180} INFO - Setting next_dagrun for dataset_consumes_1_and_2 to None, run_after=None
[2025-02-01T11:59:42.812+0000] {logging_mixin.py:190} INFO - [2025-02-01T11:59:42.812+0000] {dag.py:4180} INFO - Setting next_dagrun for dataset_consumes_1_never_scheduled to None, run_after=None
[2025-02-01T11:59:42.813+0000] {logging_mixin.py:190} INFO - [2025-02-01T11:59:42.813+0000] {dag.py:4180} INFO - Setting next_dagrun for dataset_consumes_unknown_never_scheduled to None, run_after=None
[2025-02-01T11:59:42.816+0000] {logging_mixin.py:190} INFO - [2025-02-01T11:59:42.816+0000] {dag.py:4180} INFO - Setting next_dagrun for dataset_produces_1 to 2025-01-31 00:00:00+00:00, run_after=2025-02-01 00:00:00+00:00
[2025-02-01T11:59:42.817+0000] {logging_mixin.py:190} INFO - [2025-02-01T11:59:42.817+0000] {dag.py:4180} INFO - Setting next_dagrun for dataset_produces_2 to None, run_after=None
[2025-02-01T11:59:42.853+0000] {processor.py:208} INFO - Processing /home/airflow/.local/lib/python3.9/site-packages/airflow/example_dags/example_datasets.py took 0.877 seconds
[2025-02-01T12:00:13.551+0000] {processor.py:186} INFO - Started process (PID=292) to work on /home/airflow/.local/lib/python3.9/site-packages/airflow/example_dags/example_datasets.py
[2025-02-01T12:00:13.569+0000] {processor.py:914} INFO - Processing file /home/airflow/.local/lib/python3.9/site-packages/airflow/example_dags/example_datasets.py for tasks to queue
[2025-02-01T12:00:13.573+0000] {logging_mixin.py:190} INFO - [2025-02-01T12:00:13.573+0000] {dagbag.py:588} INFO - Filling up the DagBag from /home/airflow/.local/lib/python3.9/site-packages/airflow/example_dags/example_datasets.py
[2025-02-01T12:00:15.950+0000] {processor.py:925} INFO - DAG(s) 'dataset_produces_1', 'conditional_dataset_and_time_based_timetable', 'dataset_produces_2', 'dataset_consumes_1', 'dataset_consumes_1_and_2', 'consume_1_or_2_with_dataset_expressions', 'dataset_consumes_1_never_scheduled', 'consume_1_or_both_2_and_3_with_dataset_expressions', 'dataset_consumes_unknown_never_scheduled', 'consume_1_and_2_with_dataset_expressions' retrieved from /home/airflow/.local/lib/python3.9/site-packages/airflow/example_dags/example_datasets.py
[2025-02-01T12:00:16.047+0000] {logging_mixin.py:190} INFO - [2025-02-01T12:00:16.047+0000] {dag.py:3239} INFO - Sync 10 DAGs
[2025-02-01T12:00:16.079+0000] {logging_mixin.py:190} INFO - [2025-02-01T12:00:16.079+0000] {dag.py:4180} INFO - Setting next_dagrun for conditional_dataset_and_time_based_timetable to 2025-01-29 01:00:00+00:00, run_after=2025-01-29 01:00:00+00:00
[2025-02-01T12:00:16.091+0000] {logging_mixin.py:190} INFO - [2025-02-01T12:00:16.090+0000] {dag.py:4180} INFO - Setting next_dagrun for consume_1_and_2_with_dataset_expressions to None, run_after=None
[2025-02-01T12:00:16.099+0000] {logging_mixin.py:190} INFO - [2025-02-01T12:00:16.099+0000] {dag.py:4180} INFO - Setting next_dagrun for consume_1_or_2_with_dataset_expressions to None, run_after=None
[2025-02-01T12:00:16.102+0000] {logging_mixin.py:190} INFO - [2025-02-01T12:00:16.101+0000] {dag.py:4180} INFO - Setting next_dagrun for consume_1_or_both_2_and_3_with_dataset_expressions to None, run_after=None
[2025-02-01T12:00:16.105+0000] {logging_mixin.py:190} INFO - [2025-02-01T12:00:16.105+0000] {dag.py:4180} INFO - Setting next_dagrun for dataset_consumes_1 to None, run_after=None
[2025-02-01T12:00:16.106+0000] {logging_mixin.py:190} INFO - [2025-02-01T12:00:16.106+0000] {dag.py:4180} INFO - Setting next_dagrun for dataset_consumes_1_and_2 to None, run_after=None
[2025-02-01T12:00:16.108+0000] {logging_mixin.py:190} INFO - [2025-02-01T12:00:16.108+0000] {dag.py:4180} INFO - Setting next_dagrun for dataset_consumes_1_never_scheduled to None, run_after=None
[2025-02-01T12:00:16.110+0000] {logging_mixin.py:190} INFO - [2025-02-01T12:00:16.110+0000] {dag.py:4180} INFO - Setting next_dagrun for dataset_consumes_unknown_never_scheduled to None, run_after=None
[2025-02-01T12:00:16.114+0000] {logging_mixin.py:190} INFO - [2025-02-01T12:00:16.114+0000] {dag.py:4180} INFO - Setting next_dagrun for dataset_produces_1 to 2025-01-31 00:00:00+00:00, run_after=2025-02-01 00:00:00+00:00
[2025-02-01T12:00:16.116+0000] {logging_mixin.py:190} INFO - [2025-02-01T12:00:16.115+0000] {dag.py:4180} INFO - Setting next_dagrun for dataset_produces_2 to None, run_after=None
[2025-02-01T12:00:16.194+0000] {processor.py:208} INFO - Processing /home/airflow/.local/lib/python3.9/site-packages/airflow/example_dags/example_datasets.py took 2.651 seconds
[2025-02-01T12:00:46.926+0000] {processor.py:186} INFO - Started process (PID=356) to work on /home/airflow/.local/lib/python3.9/site-packages/airflow/example_dags/example_datasets.py
[2025-02-01T12:00:46.927+0000] {processor.py:914} INFO - Processing file /home/airflow/.local/lib/python3.9/site-packages/airflow/example_dags/example_datasets.py for tasks to queue
[2025-02-01T12:00:46.929+0000] {logging_mixin.py:190} INFO - [2025-02-01T12:00:46.929+0000] {dagbag.py:588} INFO - Filling up the DagBag from /home/airflow/.local/lib/python3.9/site-packages/airflow/example_dags/example_datasets.py
[2025-02-01T12:00:48.061+0000] {processor.py:925} INFO - DAG(s) 'consume_1_or_2_with_dataset_expressions', 'dataset_consumes_1_and_2', 'consume_1_and_2_with_dataset_expressions', 'conditional_dataset_and_time_based_timetable', 'dataset_consumes_unknown_never_scheduled', 'consume_1_or_both_2_and_3_with_dataset_expressions', 'dataset_produces_2', 'dataset_produces_1', 'dataset_consumes_1', 'dataset_consumes_1_never_scheduled' retrieved from /home/airflow/.local/lib/python3.9/site-packages/airflow/example_dags/example_datasets.py
[2025-02-01T12:00:48.150+0000] {logging_mixin.py:190} INFO - [2025-02-01T12:00:48.149+0000] {dag.py:3239} INFO - Sync 10 DAGs
[2025-02-01T12:00:48.207+0000] {logging_mixin.py:190} INFO - [2025-02-01T12:00:48.206+0000] {dag.py:4180} INFO - Setting next_dagrun for conditional_dataset_and_time_based_timetable to 2025-01-29 01:00:00+00:00, run_after=2025-01-29 01:00:00+00:00
[2025-02-01T12:00:48.217+0000] {logging_mixin.py:190} INFO - [2025-02-01T12:00:48.216+0000] {dag.py:4180} INFO - Setting next_dagrun for consume_1_and_2_with_dataset_expressions to None, run_after=None
[2025-02-01T12:00:48.218+0000] {logging_mixin.py:190} INFO - [2025-02-01T12:00:48.218+0000] {dag.py:4180} INFO - Setting next_dagrun for consume_1_or_2_with_dataset_expressions to None, run_after=None
[2025-02-01T12:00:48.222+0000] {logging_mixin.py:190} INFO - [2025-02-01T12:00:48.219+0000] {dag.py:4180} INFO - Setting next_dagrun for consume_1_or_both_2_and_3_with_dataset_expressions to None, run_after=None
[2025-02-01T12:00:48.225+0000] {logging_mixin.py:190} INFO - [2025-02-01T12:00:48.224+0000] {dag.py:4180} INFO - Setting next_dagrun for dataset_consumes_1 to None, run_after=None
[2025-02-01T12:00:48.226+0000] {logging_mixin.py:190} INFO - [2025-02-01T12:00:48.226+0000] {dag.py:4180} INFO - Setting next_dagrun for dataset_consumes_1_and_2 to None, run_after=None
[2025-02-01T12:00:48.229+0000] {logging_mixin.py:190} INFO - [2025-02-01T12:00:48.228+0000] {dag.py:4180} INFO - Setting next_dagrun for dataset_consumes_1_never_scheduled to None, run_after=None
[2025-02-01T12:00:48.230+0000] {logging_mixin.py:190} INFO - [2025-02-01T12:00:48.230+0000] {dag.py:4180} INFO - Setting next_dagrun for dataset_consumes_unknown_never_scheduled to None, run_after=None
[2025-02-01T12:00:48.233+0000] {logging_mixin.py:190} INFO - [2025-02-01T12:00:48.233+0000] {dag.py:4180} INFO - Setting next_dagrun for dataset_produces_1 to 2025-01-31 00:00:00+00:00, run_after=2025-02-01 00:00:00+00:00
[2025-02-01T12:00:48.235+0000] {logging_mixin.py:190} INFO - [2025-02-01T12:00:48.234+0000] {dag.py:4180} INFO - Setting next_dagrun for dataset_produces_2 to None, run_after=None
[2025-02-01T12:00:48.290+0000] {processor.py:208} INFO - Processing /home/airflow/.local/lib/python3.9/site-packages/airflow/example_dags/example_datasets.py took 1.381 seconds
[2025-02-01T12:01:19.182+0000] {processor.py:186} INFO - Started process (PID=418) to work on /home/airflow/.local/lib/python3.9/site-packages/airflow/example_dags/example_datasets.py
[2025-02-01T12:01:19.187+0000] {processor.py:914} INFO - Processing file /home/airflow/.local/lib/python3.9/site-packages/airflow/example_dags/example_datasets.py for tasks to queue
[2025-02-01T12:01:19.189+0000] {logging_mixin.py:190} INFO - [2025-02-01T12:01:19.188+0000] {dagbag.py:588} INFO - Filling up the DagBag from /home/airflow/.local/lib/python3.9/site-packages/airflow/example_dags/example_datasets.py
[2025-02-01T12:01:20.147+0000] {processor.py:925} INFO - DAG(s) 'dataset_consumes_1', 'consume_1_or_2_with_dataset_expressions', 'conditional_dataset_and_time_based_timetable', 'dataset_consumes_1_never_scheduled', 'dataset_consumes_unknown_never_scheduled', 'consume_1_or_both_2_and_3_with_dataset_expressions', 'dataset_produces_2', 'dataset_consumes_1_and_2', 'dataset_produces_1', 'consume_1_and_2_with_dataset_expressions' retrieved from /home/airflow/.local/lib/python3.9/site-packages/airflow/example_dags/example_datasets.py
[2025-02-01T12:01:20.220+0000] {logging_mixin.py:190} INFO - [2025-02-01T12:01:20.216+0000] {dag.py:3239} INFO - Sync 10 DAGs
[2025-02-01T12:01:20.258+0000] {logging_mixin.py:190} INFO - [2025-02-01T12:01:20.258+0000] {dag.py:4180} INFO - Setting next_dagrun for conditional_dataset_and_time_based_timetable to 2025-01-29 01:00:00+00:00, run_after=2025-01-29 01:00:00+00:00
[2025-02-01T12:01:20.261+0000] {logging_mixin.py:190} INFO - [2025-02-01T12:01:20.261+0000] {dag.py:4180} INFO - Setting next_dagrun for consume_1_and_2_with_dataset_expressions to None, run_after=None
[2025-02-01T12:01:20.263+0000] {logging_mixin.py:190} INFO - [2025-02-01T12:01:20.262+0000] {dag.py:4180} INFO - Setting next_dagrun for consume_1_or_2_with_dataset_expressions to None, run_after=None
[2025-02-01T12:01:20.264+0000] {logging_mixin.py:190} INFO - [2025-02-01T12:01:20.264+0000] {dag.py:4180} INFO - Setting next_dagrun for consume_1_or_both_2_and_3_with_dataset_expressions to None, run_after=None
[2025-02-01T12:01:20.265+0000] {logging_mixin.py:190} INFO - [2025-02-01T12:01:20.265+0000] {dag.py:4180} INFO - Setting next_dagrun for dataset_consumes_1 to None, run_after=None
[2025-02-01T12:01:20.266+0000] {logging_mixin.py:190} INFO - [2025-02-01T12:01:20.266+0000] {dag.py:4180} INFO - Setting next_dagrun for dataset_consumes_1_and_2 to None, run_after=None
[2025-02-01T12:01:20.267+0000] {logging_mixin.py:190} INFO - [2025-02-01T12:01:20.267+0000] {dag.py:4180} INFO - Setting next_dagrun for dataset_consumes_1_never_scheduled to None, run_after=None
[2025-02-01T12:01:20.268+0000] {logging_mixin.py:190} INFO - [2025-02-01T12:01:20.268+0000] {dag.py:4180} INFO - Setting next_dagrun for dataset_consumes_unknown_never_scheduled to None, run_after=None
[2025-02-01T12:01:20.271+0000] {logging_mixin.py:190} INFO - [2025-02-01T12:01:20.271+0000] {dag.py:4180} INFO - Setting next_dagrun for dataset_produces_1 to 2025-01-31 00:00:00+00:00, run_after=2025-02-01 00:00:00+00:00
[2025-02-01T12:01:20.272+0000] {logging_mixin.py:190} INFO - [2025-02-01T12:01:20.272+0000] {dag.py:4180} INFO - Setting next_dagrun for dataset_produces_2 to None, run_after=None
[2025-02-01T12:01:20.341+0000] {processor.py:208} INFO - Processing /home/airflow/.local/lib/python3.9/site-packages/airflow/example_dags/example_datasets.py took 1.165 seconds
[2025-02-01T12:01:50.578+0000] {processor.py:186} INFO - Started process (PID=481) to work on /home/airflow/.local/lib/python3.9/site-packages/airflow/example_dags/example_datasets.py
[2025-02-01T12:01:50.578+0000] {processor.py:914} INFO - Processing file /home/airflow/.local/lib/python3.9/site-packages/airflow/example_dags/example_datasets.py for tasks to queue
[2025-02-01T12:01:50.581+0000] {logging_mixin.py:190} INFO - [2025-02-01T12:01:50.580+0000] {dagbag.py:588} INFO - Filling up the DagBag from /home/airflow/.local/lib/python3.9/site-packages/airflow/example_dags/example_datasets.py
[2025-02-01T12:01:51.348+0000] {processor.py:925} INFO - DAG(s) 'dataset_consumes_1', 'dataset_consumes_1_and_2', 'dataset_consumes_1_never_scheduled', 'dataset_produces_1', 'consume_1_or_both_2_and_3_with_dataset_expressions', 'dataset_consumes_unknown_never_scheduled', 'dataset_produces_2', 'consume_1_or_2_with_dataset_expressions', 'conditional_dataset_and_time_based_timetable', 'consume_1_and_2_with_dataset_expressions' retrieved from /home/airflow/.local/lib/python3.9/site-packages/airflow/example_dags/example_datasets.py
[2025-02-01T12:01:51.393+0000] {logging_mixin.py:190} INFO - [2025-02-01T12:01:51.392+0000] {dag.py:3239} INFO - Sync 10 DAGs
[2025-02-01T12:01:51.430+0000] {logging_mixin.py:190} INFO - [2025-02-01T12:01:51.430+0000] {dag.py:4180} INFO - Setting next_dagrun for conditional_dataset_and_time_based_timetable to 2025-01-29 01:00:00+00:00, run_after=2025-01-29 01:00:00+00:00
[2025-02-01T12:01:51.436+0000] {logging_mixin.py:190} INFO - [2025-02-01T12:01:51.436+0000] {dag.py:4180} INFO - Setting next_dagrun for consume_1_and_2_with_dataset_expressions to None, run_after=None
[2025-02-01T12:01:51.437+0000] {logging_mixin.py:190} INFO - [2025-02-01T12:01:51.437+0000] {dag.py:4180} INFO - Setting next_dagrun for consume_1_or_2_with_dataset_expressions to None, run_after=None
[2025-02-01T12:01:51.438+0000] {logging_mixin.py:190} INFO - [2025-02-01T12:01:51.438+0000] {dag.py:4180} INFO - Setting next_dagrun for consume_1_or_both_2_and_3_with_dataset_expressions to None, run_after=None
[2025-02-01T12:01:51.440+0000] {logging_mixin.py:190} INFO - [2025-02-01T12:01:51.440+0000] {dag.py:4180} INFO - Setting next_dagrun for dataset_consumes_1 to None, run_after=None
[2025-02-01T12:01:51.441+0000] {logging_mixin.py:190} INFO - [2025-02-01T12:01:51.441+0000] {dag.py:4180} INFO - Setting next_dagrun for dataset_consumes_1_and_2 to None, run_after=None
[2025-02-01T12:01:51.442+0000] {logging_mixin.py:190} INFO - [2025-02-01T12:01:51.442+0000] {dag.py:4180} INFO - Setting next_dagrun for dataset_consumes_1_never_scheduled to None, run_after=None
[2025-02-01T12:01:51.444+0000] {logging_mixin.py:190} INFO - [2025-02-01T12:01:51.443+0000] {dag.py:4180} INFO - Setting next_dagrun for dataset_consumes_unknown_never_scheduled to None, run_after=None
[2025-02-01T12:01:51.447+0000] {logging_mixin.py:190} INFO - [2025-02-01T12:01:51.446+0000] {dag.py:4180} INFO - Setting next_dagrun for dataset_produces_1 to 2025-01-31 00:00:00+00:00, run_after=2025-02-01 00:00:00+00:00
[2025-02-01T12:01:51.448+0000] {logging_mixin.py:190} INFO - [2025-02-01T12:01:51.448+0000] {dag.py:4180} INFO - Setting next_dagrun for dataset_produces_2 to None, run_after=None
[2025-02-01T12:01:51.486+0000] {processor.py:208} INFO - Processing /home/airflow/.local/lib/python3.9/site-packages/airflow/example_dags/example_datasets.py took 0.915 seconds
[2025-02-01T12:02:22.312+0000] {processor.py:186} INFO - Started process (PID=548) to work on /home/airflow/.local/lib/python3.9/site-packages/airflow/example_dags/example_datasets.py
[2025-02-01T12:02:22.313+0000] {processor.py:914} INFO - Processing file /home/airflow/.local/lib/python3.9/site-packages/airflow/example_dags/example_datasets.py for tasks to queue
[2025-02-01T12:02:22.315+0000] {logging_mixin.py:190} INFO - [2025-02-01T12:02:22.315+0000] {dagbag.py:588} INFO - Filling up the DagBag from /home/airflow/.local/lib/python3.9/site-packages/airflow/example_dags/example_datasets.py
[2025-02-01T12:02:23.058+0000] {processor.py:925} INFO - DAG(s) 'conditional_dataset_and_time_based_timetable', 'dataset_produces_1', 'dataset_produces_2', 'dataset_consumes_1_never_scheduled', 'dataset_consumes_unknown_never_scheduled', 'dataset_consumes_1_and_2', 'consume_1_and_2_with_dataset_expressions', 'dataset_consumes_1', 'consume_1_or_2_with_dataset_expressions', 'consume_1_or_both_2_and_3_with_dataset_expressions' retrieved from /home/airflow/.local/lib/python3.9/site-packages/airflow/example_dags/example_datasets.py
[2025-02-01T12:02:23.107+0000] {logging_mixin.py:190} INFO - [2025-02-01T12:02:23.106+0000] {dag.py:3239} INFO - Sync 10 DAGs
[2025-02-01T12:02:23.157+0000] {logging_mixin.py:190} INFO - [2025-02-01T12:02:23.156+0000] {dag.py:4180} INFO - Setting next_dagrun for conditional_dataset_and_time_based_timetable to 2025-01-29 01:00:00+00:00, run_after=2025-01-29 01:00:00+00:00
[2025-02-01T12:02:23.161+0000] {logging_mixin.py:190} INFO - [2025-02-01T12:02:23.160+0000] {dag.py:4180} INFO - Setting next_dagrun for consume_1_and_2_with_dataset_expressions to None, run_after=None
[2025-02-01T12:02:23.162+0000] {logging_mixin.py:190} INFO - [2025-02-01T12:02:23.162+0000] {dag.py:4180} INFO - Setting next_dagrun for consume_1_or_2_with_dataset_expressions to None, run_after=None
[2025-02-01T12:02:23.163+0000] {logging_mixin.py:190} INFO - [2025-02-01T12:02:23.163+0000] {dag.py:4180} INFO - Setting next_dagrun for consume_1_or_both_2_and_3_with_dataset_expressions to None, run_after=None
[2025-02-01T12:02:23.164+0000] {logging_mixin.py:190} INFO - [2025-02-01T12:02:23.164+0000] {dag.py:4180} INFO - Setting next_dagrun for dataset_consumes_1 to None, run_after=None
[2025-02-01T12:02:23.166+0000] {logging_mixin.py:190} INFO - [2025-02-01T12:02:23.165+0000] {dag.py:4180} INFO - Setting next_dagrun for dataset_consumes_1_and_2 to None, run_after=None
[2025-02-01T12:02:23.167+0000] {logging_mixin.py:190} INFO - [2025-02-01T12:02:23.167+0000] {dag.py:4180} INFO - Setting next_dagrun for dataset_consumes_1_never_scheduled to None, run_after=None
[2025-02-01T12:02:23.168+0000] {logging_mixin.py:190} INFO - [2025-02-01T12:02:23.168+0000] {dag.py:4180} INFO - Setting next_dagrun for dataset_consumes_unknown_never_scheduled to None, run_after=None
[2025-02-01T12:02:23.177+0000] {logging_mixin.py:190} INFO - [2025-02-01T12:02:23.177+0000] {dag.py:4180} INFO - Setting next_dagrun for dataset_produces_1 to 2025-01-31 00:00:00+00:00, run_after=2025-02-01 00:00:00+00:00
[2025-02-01T12:02:23.179+0000] {logging_mixin.py:190} INFO - [2025-02-01T12:02:23.179+0000] {dag.py:4180} INFO - Setting next_dagrun for dataset_produces_2 to None, run_after=None
[2025-02-01T12:02:23.238+0000] {processor.py:208} INFO - Processing /home/airflow/.local/lib/python3.9/site-packages/airflow/example_dags/example_datasets.py took 0.932 seconds
[2025-02-01T12:02:53.422+0000] {processor.py:186} INFO - Started process (PID=614) to work on /home/airflow/.local/lib/python3.9/site-packages/airflow/example_dags/example_datasets.py
[2025-02-01T12:02:53.442+0000] {processor.py:914} INFO - Processing file /home/airflow/.local/lib/python3.9/site-packages/airflow/example_dags/example_datasets.py for tasks to queue
[2025-02-01T12:02:53.466+0000] {logging_mixin.py:190} INFO - [2025-02-01T12:02:53.465+0000] {dagbag.py:588} INFO - Filling up the DagBag from /home/airflow/.local/lib/python3.9/site-packages/airflow/example_dags/example_datasets.py
[2025-02-01T12:02:54.293+0000] {processor.py:925} INFO - DAG(s) 'dataset_consumes_1_never_scheduled', 'dataset_produces_1', 'consume_1_and_2_with_dataset_expressions', 'conditional_dataset_and_time_based_timetable', 'dataset_consumes_unknown_never_scheduled', 'consume_1_or_2_with_dataset_expressions', 'dataset_produces_2', 'dataset_consumes_1_and_2', 'dataset_consumes_1', 'consume_1_or_both_2_and_3_with_dataset_expressions' retrieved from /home/airflow/.local/lib/python3.9/site-packages/airflow/example_dags/example_datasets.py
[2025-02-01T12:02:54.338+0000] {logging_mixin.py:190} INFO - [2025-02-01T12:02:54.337+0000] {dag.py:3239} INFO - Sync 10 DAGs
[2025-02-01T12:02:54.366+0000] {logging_mixin.py:190} INFO - [2025-02-01T12:02:54.366+0000] {dag.py:4180} INFO - Setting next_dagrun for conditional_dataset_and_time_based_timetable to 2025-01-29 01:00:00+00:00, run_after=2025-01-29 01:00:00+00:00
[2025-02-01T12:02:54.369+0000] {logging_mixin.py:190} INFO - [2025-02-01T12:02:54.369+0000] {dag.py:4180} INFO - Setting next_dagrun for consume_1_and_2_with_dataset_expressions to None, run_after=None
[2025-02-01T12:02:54.371+0000] {logging_mixin.py:190} INFO - [2025-02-01T12:02:54.371+0000] {dag.py:4180} INFO - Setting next_dagrun for consume_1_or_2_with_dataset_expressions to None, run_after=None
[2025-02-01T12:02:54.372+0000] {logging_mixin.py:190} INFO - [2025-02-01T12:02:54.372+0000] {dag.py:4180} INFO - Setting next_dagrun for consume_1_or_both_2_and_3_with_dataset_expressions to None, run_after=None
[2025-02-01T12:02:54.373+0000] {logging_mixin.py:190} INFO - [2025-02-01T12:02:54.373+0000] {dag.py:4180} INFO - Setting next_dagrun for dataset_consumes_1 to None, run_after=None
[2025-02-01T12:02:54.374+0000] {logging_mixin.py:190} INFO - [2025-02-01T12:02:54.374+0000] {dag.py:4180} INFO - Setting next_dagrun for dataset_consumes_1_and_2 to None, run_after=None
[2025-02-01T12:02:54.375+0000] {logging_mixin.py:190} INFO - [2025-02-01T12:02:54.375+0000] {dag.py:4180} INFO - Setting next_dagrun for dataset_consumes_1_never_scheduled to None, run_after=None
[2025-02-01T12:02:54.376+0000] {logging_mixin.py:190} INFO - [2025-02-01T12:02:54.376+0000] {dag.py:4180} INFO - Setting next_dagrun for dataset_consumes_unknown_never_scheduled to None, run_after=None
[2025-02-01T12:02:54.379+0000] {logging_mixin.py:190} INFO - [2025-02-01T12:02:54.379+0000] {dag.py:4180} INFO - Setting next_dagrun for dataset_produces_1 to 2025-01-31 00:00:00+00:00, run_after=2025-02-01 00:00:00+00:00
[2025-02-01T12:02:54.380+0000] {logging_mixin.py:190} INFO - [2025-02-01T12:02:54.380+0000] {dag.py:4180} INFO - Setting next_dagrun for dataset_produces_2 to None, run_after=None
[2025-02-01T12:02:54.412+0000] {processor.py:208} INFO - Processing /home/airflow/.local/lib/python3.9/site-packages/airflow/example_dags/example_datasets.py took 1.004 seconds
[2025-02-01T12:03:24.477+0000] {processor.py:186} INFO - Started process (PID=682) to work on /home/airflow/.local/lib/python3.9/site-packages/airflow/example_dags/example_datasets.py
[2025-02-01T12:03:24.478+0000] {processor.py:914} INFO - Processing file /home/airflow/.local/lib/python3.9/site-packages/airflow/example_dags/example_datasets.py for tasks to queue
[2025-02-01T12:03:24.480+0000] {logging_mixin.py:190} INFO - [2025-02-01T12:03:24.480+0000] {dagbag.py:588} INFO - Filling up the DagBag from /home/airflow/.local/lib/python3.9/site-packages/airflow/example_dags/example_datasets.py
[2025-02-01T12:03:25.161+0000] {processor.py:925} INFO - DAG(s) 'consume_1_and_2_with_dataset_expressions', 'consume_1_or_2_with_dataset_expressions', 'consume_1_or_both_2_and_3_with_dataset_expressions', 'dataset_produces_2', 'dataset_consumes_1_and_2', 'conditional_dataset_and_time_based_timetable', 'dataset_consumes_unknown_never_scheduled', 'dataset_produces_1', 'dataset_consumes_1', 'dataset_consumes_1_never_scheduled' retrieved from /home/airflow/.local/lib/python3.9/site-packages/airflow/example_dags/example_datasets.py
[2025-02-01T12:03:25.207+0000] {logging_mixin.py:190} INFO - [2025-02-01T12:03:25.206+0000] {dag.py:3239} INFO - Sync 10 DAGs
[2025-02-01T12:03:25.236+0000] {logging_mixin.py:190} INFO - [2025-02-01T12:03:25.236+0000] {dag.py:4180} INFO - Setting next_dagrun for conditional_dataset_and_time_based_timetable to 2025-01-29 01:00:00+00:00, run_after=2025-01-29 01:00:00+00:00
[2025-02-01T12:03:25.240+0000] {logging_mixin.py:190} INFO - [2025-02-01T12:03:25.240+0000] {dag.py:4180} INFO - Setting next_dagrun for consume_1_and_2_with_dataset_expressions to None, run_after=None
[2025-02-01T12:03:25.241+0000] {logging_mixin.py:190} INFO - [2025-02-01T12:03:25.241+0000] {dag.py:4180} INFO - Setting next_dagrun for consume_1_or_2_with_dataset_expressions to None, run_after=None
[2025-02-01T12:03:25.242+0000] {logging_mixin.py:190} INFO - [2025-02-01T12:03:25.242+0000] {dag.py:4180} INFO - Setting next_dagrun for consume_1_or_both_2_and_3_with_dataset_expressions to None, run_after=None
[2025-02-01T12:03:25.244+0000] {logging_mixin.py:190} INFO - [2025-02-01T12:03:25.243+0000] {dag.py:4180} INFO - Setting next_dagrun for dataset_consumes_1 to None, run_after=None
[2025-02-01T12:03:25.245+0000] {logging_mixin.py:190} INFO - [2025-02-01T12:03:25.245+0000] {dag.py:4180} INFO - Setting next_dagrun for dataset_consumes_1_and_2 to None, run_after=None
[2025-02-01T12:03:25.246+0000] {logging_mixin.py:190} INFO - [2025-02-01T12:03:25.246+0000] {dag.py:4180} INFO - Setting next_dagrun for dataset_consumes_1_never_scheduled to None, run_after=None
[2025-02-01T12:03:25.247+0000] {logging_mixin.py:190} INFO - [2025-02-01T12:03:25.247+0000] {dag.py:4180} INFO - Setting next_dagrun for dataset_consumes_unknown_never_scheduled to None, run_after=None
[2025-02-01T12:03:25.250+0000] {logging_mixin.py:190} INFO - [2025-02-01T12:03:25.250+0000] {dag.py:4180} INFO - Setting next_dagrun for dataset_produces_1 to 2025-01-31 00:00:00+00:00, run_after=2025-02-01 00:00:00+00:00
[2025-02-01T12:03:25.252+0000] {logging_mixin.py:190} INFO - [2025-02-01T12:03:25.251+0000] {dag.py:4180} INFO - Setting next_dagrun for dataset_produces_2 to None, run_after=None
[2025-02-01T12:03:25.314+0000] {processor.py:208} INFO - Processing /home/airflow/.local/lib/python3.9/site-packages/airflow/example_dags/example_datasets.py took 0.843 seconds
[2025-02-01T12:03:55.664+0000] {processor.py:186} INFO - Started process (PID=752) to work on /home/airflow/.local/lib/python3.9/site-packages/airflow/example_dags/example_datasets.py
[2025-02-01T12:03:55.670+0000] {processor.py:914} INFO - Processing file /home/airflow/.local/lib/python3.9/site-packages/airflow/example_dags/example_datasets.py for tasks to queue
[2025-02-01T12:03:55.673+0000] {logging_mixin.py:190} INFO - [2025-02-01T12:03:55.672+0000] {dagbag.py:588} INFO - Filling up the DagBag from /home/airflow/.local/lib/python3.9/site-packages/airflow/example_dags/example_datasets.py
[2025-02-01T12:03:56.367+0000] {processor.py:925} INFO - DAG(s) 'dataset_consumes_1_and_2', 'dataset_consumes_unknown_never_scheduled', 'consume_1_or_both_2_and_3_with_dataset_expressions', 'conditional_dataset_and_time_based_timetable', 'dataset_produces_2', 'dataset_produces_1', 'consume_1_and_2_with_dataset_expressions', 'consume_1_or_2_with_dataset_expressions', 'dataset_consumes_1', 'dataset_consumes_1_never_scheduled' retrieved from /home/airflow/.local/lib/python3.9/site-packages/airflow/example_dags/example_datasets.py
[2025-02-01T12:03:56.411+0000] {logging_mixin.py:190} INFO - [2025-02-01T12:03:56.411+0000] {dag.py:3239} INFO - Sync 10 DAGs
[2025-02-01T12:03:56.452+0000] {logging_mixin.py:190} INFO - [2025-02-01T12:03:56.452+0000] {dag.py:4180} INFO - Setting next_dagrun for conditional_dataset_and_time_based_timetable to 2025-01-29 01:00:00+00:00, run_after=2025-01-29 01:00:00+00:00
[2025-02-01T12:03:56.461+0000] {logging_mixin.py:190} INFO - [2025-02-01T12:03:56.461+0000] {dag.py:4180} INFO - Setting next_dagrun for consume_1_and_2_with_dataset_expressions to None, run_after=None
[2025-02-01T12:03:56.462+0000] {logging_mixin.py:190} INFO - [2025-02-01T12:03:56.462+0000] {dag.py:4180} INFO - Setting next_dagrun for consume_1_or_2_with_dataset_expressions to None, run_after=None
[2025-02-01T12:03:56.463+0000] {logging_mixin.py:190} INFO - [2025-02-01T12:03:56.463+0000] {dag.py:4180} INFO - Setting next_dagrun for consume_1_or_both_2_and_3_with_dataset_expressions to None, run_after=None
[2025-02-01T12:03:56.464+0000] {logging_mixin.py:190} INFO - [2025-02-01T12:03:56.464+0000] {dag.py:4180} INFO - Setting next_dagrun for dataset_consumes_1 to None, run_after=None
[2025-02-01T12:03:56.466+0000] {logging_mixin.py:190} INFO - [2025-02-01T12:03:56.465+0000] {dag.py:4180} INFO - Setting next_dagrun for dataset_consumes_1_and_2 to None, run_after=None
[2025-02-01T12:03:56.467+0000] {logging_mixin.py:190} INFO - [2025-02-01T12:03:56.467+0000] {dag.py:4180} INFO - Setting next_dagrun for dataset_consumes_1_never_scheduled to None, run_after=None
[2025-02-01T12:03:56.468+0000] {logging_mixin.py:190} INFO - [2025-02-01T12:03:56.468+0000] {dag.py:4180} INFO - Setting next_dagrun for dataset_consumes_unknown_never_scheduled to None, run_after=None
[2025-02-01T12:03:56.471+0000] {logging_mixin.py:190} INFO - [2025-02-01T12:03:56.471+0000] {dag.py:4180} INFO - Setting next_dagrun for dataset_produces_1 to 2025-01-31 00:00:00+00:00, run_after=2025-02-01 00:00:00+00:00
[2025-02-01T12:03:56.472+0000] {logging_mixin.py:190} INFO - [2025-02-01T12:03:56.472+0000] {dag.py:4180} INFO - Setting next_dagrun for dataset_produces_2 to None, run_after=None
[2025-02-01T12:03:56.503+0000] {processor.py:208} INFO - Processing /home/airflow/.local/lib/python3.9/site-packages/airflow/example_dags/example_datasets.py took 0.851 seconds
[2025-02-01T12:04:26.641+0000] {processor.py:186} INFO - Started process (PID=822) to work on /home/airflow/.local/lib/python3.9/site-packages/airflow/example_dags/example_datasets.py
[2025-02-01T12:04:26.642+0000] {processor.py:914} INFO - Processing file /home/airflow/.local/lib/python3.9/site-packages/airflow/example_dags/example_datasets.py for tasks to queue
[2025-02-01T12:04:26.644+0000] {logging_mixin.py:190} INFO - [2025-02-01T12:04:26.644+0000] {dagbag.py:588} INFO - Filling up the DagBag from /home/airflow/.local/lib/python3.9/site-packages/airflow/example_dags/example_datasets.py
[2025-02-01T12:04:27.459+0000] {processor.py:925} INFO - DAG(s) 'dataset_consumes_1', 'dataset_produces_2', 'dataset_consumes_1_and_2', 'consume_1_or_both_2_and_3_with_dataset_expressions', 'dataset_consumes_unknown_never_scheduled', 'dataset_consumes_1_never_scheduled', 'conditional_dataset_and_time_based_timetable', 'consume_1_and_2_with_dataset_expressions', 'consume_1_or_2_with_dataset_expressions', 'dataset_produces_1' retrieved from /home/airflow/.local/lib/python3.9/site-packages/airflow/example_dags/example_datasets.py
[2025-02-01T12:04:27.503+0000] {logging_mixin.py:190} INFO - [2025-02-01T12:04:27.503+0000] {dag.py:3239} INFO - Sync 10 DAGs
[2025-02-01T12:04:27.531+0000] {logging_mixin.py:190} INFO - [2025-02-01T12:04:27.530+0000] {dag.py:4180} INFO - Setting next_dagrun for conditional_dataset_and_time_based_timetable to 2025-01-29 01:00:00+00:00, run_after=2025-01-29 01:00:00+00:00
[2025-02-01T12:04:27.534+0000] {logging_mixin.py:190} INFO - [2025-02-01T12:04:27.534+0000] {dag.py:4180} INFO - Setting next_dagrun for consume_1_and_2_with_dataset_expressions to None, run_after=None
[2025-02-01T12:04:27.536+0000] {logging_mixin.py:190} INFO - [2025-02-01T12:04:27.535+0000] {dag.py:4180} INFO - Setting next_dagrun for consume_1_or_2_with_dataset_expressions to None, run_after=None
[2025-02-01T12:04:27.537+0000] {logging_mixin.py:190} INFO - [2025-02-01T12:04:27.537+0000] {dag.py:4180} INFO - Setting next_dagrun for consume_1_or_both_2_and_3_with_dataset_expressions to None, run_after=None
[2025-02-01T12:04:27.538+0000] {logging_mixin.py:190} INFO - [2025-02-01T12:04:27.538+0000] {dag.py:4180} INFO - Setting next_dagrun for dataset_consumes_1 to None, run_after=None
[2025-02-01T12:04:27.539+0000] {logging_mixin.py:190} INFO - [2025-02-01T12:04:27.539+0000] {dag.py:4180} INFO - Setting next_dagrun for dataset_consumes_1_and_2 to None, run_after=None
[2025-02-01T12:04:27.540+0000] {logging_mixin.py:190} INFO - [2025-02-01T12:04:27.540+0000] {dag.py:4180} INFO - Setting next_dagrun for dataset_consumes_1_never_scheduled to None, run_after=None
[2025-02-01T12:04:27.541+0000] {logging_mixin.py:190} INFO - [2025-02-01T12:04:27.541+0000] {dag.py:4180} INFO - Setting next_dagrun for dataset_consumes_unknown_never_scheduled to None, run_after=None
[2025-02-01T12:04:27.544+0000] {logging_mixin.py:190} INFO - [2025-02-01T12:04:27.544+0000] {dag.py:4180} INFO - Setting next_dagrun for dataset_produces_1 to 2025-01-31 00:00:00+00:00, run_after=2025-02-01 00:00:00+00:00
[2025-02-01T12:04:27.545+0000] {logging_mixin.py:190} INFO - [2025-02-01T12:04:27.545+0000] {dag.py:4180} INFO - Setting next_dagrun for dataset_produces_2 to None, run_after=None
[2025-02-01T12:04:27.578+0000] {processor.py:208} INFO - Processing /home/airflow/.local/lib/python3.9/site-packages/airflow/example_dags/example_datasets.py took 0.942 seconds
[2025-02-01T12:04:57.645+0000] {processor.py:186} INFO - Started process (PID=893) to work on /home/airflow/.local/lib/python3.9/site-packages/airflow/example_dags/example_datasets.py
[2025-02-01T12:04:57.645+0000] {processor.py:914} INFO - Processing file /home/airflow/.local/lib/python3.9/site-packages/airflow/example_dags/example_datasets.py for tasks to queue
[2025-02-01T12:04:57.647+0000] {logging_mixin.py:190} INFO - [2025-02-01T12:04:57.647+0000] {dagbag.py:588} INFO - Filling up the DagBag from /home/airflow/.local/lib/python3.9/site-packages/airflow/example_dags/example_datasets.py
[2025-02-01T12:04:58.160+0000] {processor.py:925} INFO - DAG(s) 'dataset_consumes_1', 'dataset_consumes_1_never_scheduled', 'dataset_produces_1', 'conditional_dataset_and_time_based_timetable', 'dataset_consumes_1_and_2', 'consume_1_or_both_2_and_3_with_dataset_expressions', 'dataset_consumes_unknown_never_scheduled', 'consume_1_and_2_with_dataset_expressions', 'dataset_produces_2', 'consume_1_or_2_with_dataset_expressions' retrieved from /home/airflow/.local/lib/python3.9/site-packages/airflow/example_dags/example_datasets.py
[2025-02-01T12:04:58.192+0000] {logging_mixin.py:190} INFO - [2025-02-01T12:04:58.192+0000] {dag.py:3239} INFO - Sync 10 DAGs
[2025-02-01T12:04:58.214+0000] {logging_mixin.py:190} INFO - [2025-02-01T12:04:58.214+0000] {dag.py:4180} INFO - Setting next_dagrun for conditional_dataset_and_time_based_timetable to 2025-01-29 01:00:00+00:00, run_after=2025-01-29 01:00:00+00:00
[2025-02-01T12:04:58.216+0000] {logging_mixin.py:190} INFO - [2025-02-01T12:04:58.216+0000] {dag.py:4180} INFO - Setting next_dagrun for consume_1_and_2_with_dataset_expressions to None, run_after=None
[2025-02-01T12:04:58.217+0000] {logging_mixin.py:190} INFO - [2025-02-01T12:04:58.217+0000] {dag.py:4180} INFO - Setting next_dagrun for consume_1_or_2_with_dataset_expressions to None, run_after=None
[2025-02-01T12:04:58.218+0000] {logging_mixin.py:190} INFO - [2025-02-01T12:04:58.218+0000] {dag.py:4180} INFO - Setting next_dagrun for consume_1_or_both_2_and_3_with_dataset_expressions to None, run_after=None
[2025-02-01T12:04:58.219+0000] {logging_mixin.py:190} INFO - [2025-02-01T12:04:58.219+0000] {dag.py:4180} INFO - Setting next_dagrun for dataset_consumes_1 to None, run_after=None
[2025-02-01T12:04:58.220+0000] {logging_mixin.py:190} INFO - [2025-02-01T12:04:58.220+0000] {dag.py:4180} INFO - Setting next_dagrun for dataset_consumes_1_and_2 to None, run_after=None
[2025-02-01T12:04:58.221+0000] {logging_mixin.py:190} INFO - [2025-02-01T12:04:58.221+0000] {dag.py:4180} INFO - Setting next_dagrun for dataset_consumes_1_never_scheduled to None, run_after=None
[2025-02-01T12:04:58.222+0000] {logging_mixin.py:190} INFO - [2025-02-01T12:04:58.222+0000] {dag.py:4180} INFO - Setting next_dagrun for dataset_consumes_unknown_never_scheduled to None, run_after=None
[2025-02-01T12:04:58.224+0000] {logging_mixin.py:190} INFO - [2025-02-01T12:04:58.224+0000] {dag.py:4180} INFO - Setting next_dagrun for dataset_produces_1 to 2025-01-31 00:00:00+00:00, run_after=2025-02-01 00:00:00+00:00
[2025-02-01T12:04:58.225+0000] {logging_mixin.py:190} INFO - [2025-02-01T12:04:58.225+0000] {dag.py:4180} INFO - Setting next_dagrun for dataset_produces_2 to None, run_after=None
[2025-02-01T12:04:58.248+0000] {processor.py:208} INFO - Processing /home/airflow/.local/lib/python3.9/site-packages/airflow/example_dags/example_datasets.py took 0.610 seconds
[2025-02-01T12:05:29.447+0000] {processor.py:186} INFO - Started process (PID=957) to work on /home/airflow/.local/lib/python3.9/site-packages/airflow/example_dags/example_datasets.py
[2025-02-01T12:05:29.448+0000] {processor.py:914} INFO - Processing file /home/airflow/.local/lib/python3.9/site-packages/airflow/example_dags/example_datasets.py for tasks to queue
[2025-02-01T12:05:29.450+0000] {logging_mixin.py:190} INFO - [2025-02-01T12:05:29.450+0000] {dagbag.py:588} INFO - Filling up the DagBag from /home/airflow/.local/lib/python3.9/site-packages/airflow/example_dags/example_datasets.py
[2025-02-01T12:05:29.974+0000] {processor.py:925} INFO - DAG(s) 'dataset_consumes_1_and_2', 'conditional_dataset_and_time_based_timetable', 'consume_1_or_both_2_and_3_with_dataset_expressions', 'consume_1_and_2_with_dataset_expressions', 'dataset_produces_1', 'dataset_produces_2', 'consume_1_or_2_with_dataset_expressions', 'dataset_consumes_unknown_never_scheduled', 'dataset_consumes_1', 'dataset_consumes_1_never_scheduled' retrieved from /home/airflow/.local/lib/python3.9/site-packages/airflow/example_dags/example_datasets.py
[2025-02-01T12:05:30.010+0000] {logging_mixin.py:190} INFO - [2025-02-01T12:05:30.010+0000] {dag.py:3239} INFO - Sync 10 DAGs
[2025-02-01T12:05:30.044+0000] {logging_mixin.py:190} INFO - [2025-02-01T12:05:30.044+0000] {dag.py:4180} INFO - Setting next_dagrun for conditional_dataset_and_time_based_timetable to 2025-01-29 01:00:00+00:00, run_after=2025-01-29 01:00:00+00:00
[2025-02-01T12:05:30.047+0000] {logging_mixin.py:190} INFO - [2025-02-01T12:05:30.046+0000] {dag.py:4180} INFO - Setting next_dagrun for consume_1_and_2_with_dataset_expressions to None, run_after=None
[2025-02-01T12:05:30.048+0000] {logging_mixin.py:190} INFO - [2025-02-01T12:05:30.048+0000] {dag.py:4180} INFO - Setting next_dagrun for consume_1_or_2_with_dataset_expressions to None, run_after=None
[2025-02-01T12:05:30.049+0000] {logging_mixin.py:190} INFO - [2025-02-01T12:05:30.049+0000] {dag.py:4180} INFO - Setting next_dagrun for consume_1_or_both_2_and_3_with_dataset_expressions to None, run_after=None
[2025-02-01T12:05:30.050+0000] {logging_mixin.py:190} INFO - [2025-02-01T12:05:30.050+0000] {dag.py:4180} INFO - Setting next_dagrun for dataset_consumes_1 to None, run_after=None
[2025-02-01T12:05:30.051+0000] {logging_mixin.py:190} INFO - [2025-02-01T12:05:30.050+0000] {dag.py:4180} INFO - Setting next_dagrun for dataset_consumes_1_and_2 to None, run_after=None
[2025-02-01T12:05:30.051+0000] {logging_mixin.py:190} INFO - [2025-02-01T12:05:30.051+0000] {dag.py:4180} INFO - Setting next_dagrun for dataset_consumes_1_never_scheduled to None, run_after=None
[2025-02-01T12:05:30.052+0000] {logging_mixin.py:190} INFO - [2025-02-01T12:05:30.052+0000] {dag.py:4180} INFO - Setting next_dagrun for dataset_consumes_unknown_never_scheduled to None, run_after=None
[2025-02-01T12:05:30.054+0000] {logging_mixin.py:190} INFO - [2025-02-01T12:05:30.054+0000] {dag.py:4180} INFO - Setting next_dagrun for dataset_produces_1 to 2025-01-31 00:00:00+00:00, run_after=2025-02-01 00:00:00+00:00
[2025-02-01T12:05:30.055+0000] {logging_mixin.py:190} INFO - [2025-02-01T12:05:30.055+0000] {dag.py:4180} INFO - Setting next_dagrun for dataset_produces_2 to None, run_after=None
[2025-02-01T12:05:30.081+0000] {processor.py:208} INFO - Processing /home/airflow/.local/lib/python3.9/site-packages/airflow/example_dags/example_datasets.py took 0.640 seconds
[2025-02-01T12:06:00.780+0000] {processor.py:186} INFO - Started process (PID=1014) to work on /home/airflow/.local/lib/python3.9/site-packages/airflow/example_dags/example_datasets.py
[2025-02-01T12:06:00.781+0000] {processor.py:914} INFO - Processing file /home/airflow/.local/lib/python3.9/site-packages/airflow/example_dags/example_datasets.py for tasks to queue
[2025-02-01T12:06:00.785+0000] {logging_mixin.py:190} INFO - [2025-02-01T12:06:00.784+0000] {dagbag.py:588} INFO - Filling up the DagBag from /home/airflow/.local/lib/python3.9/site-packages/airflow/example_dags/example_datasets.py
[2025-02-01T12:06:01.925+0000] {processor.py:925} INFO - DAG(s) 'dataset_consumes_1_never_scheduled', 'dataset_produces_2', 'conditional_dataset_and_time_based_timetable', 'dataset_produces_1', 'dataset_consumes_1', 'dataset_consumes_1_and_2', 'consume_1_and_2_with_dataset_expressions', 'consume_1_or_both_2_and_3_with_dataset_expressions', 'consume_1_or_2_with_dataset_expressions', 'dataset_consumes_unknown_never_scheduled' retrieved from /home/airflow/.local/lib/python3.9/site-packages/airflow/example_dags/example_datasets.py
[2025-02-01T12:06:01.974+0000] {logging_mixin.py:190} INFO - [2025-02-01T12:06:01.974+0000] {dag.py:3239} INFO - Sync 10 DAGs
[2025-02-01T12:06:02.004+0000] {logging_mixin.py:190} INFO - [2025-02-01T12:06:02.003+0000] {dag.py:4180} INFO - Setting next_dagrun for conditional_dataset_and_time_based_timetable to 2025-01-29 01:00:00+00:00, run_after=2025-01-29 01:00:00+00:00
[2025-02-01T12:06:02.008+0000] {logging_mixin.py:190} INFO - [2025-02-01T12:06:02.007+0000] {dag.py:4180} INFO - Setting next_dagrun for consume_1_and_2_with_dataset_expressions to None, run_after=None
[2025-02-01T12:06:02.009+0000] {logging_mixin.py:190} INFO - [2025-02-01T12:06:02.009+0000] {dag.py:4180} INFO - Setting next_dagrun for consume_1_or_2_with_dataset_expressions to None, run_after=None
[2025-02-01T12:06:02.010+0000] {logging_mixin.py:190} INFO - [2025-02-01T12:06:02.010+0000] {dag.py:4180} INFO - Setting next_dagrun for consume_1_or_both_2_and_3_with_dataset_expressions to None, run_after=None
[2025-02-01T12:06:02.012+0000] {logging_mixin.py:190} INFO - [2025-02-01T12:06:02.011+0000] {dag.py:4180} INFO - Setting next_dagrun for dataset_consumes_1 to None, run_after=None
[2025-02-01T12:06:02.013+0000] {logging_mixin.py:190} INFO - [2025-02-01T12:06:02.013+0000] {dag.py:4180} INFO - Setting next_dagrun for dataset_consumes_1_and_2 to None, run_after=None
[2025-02-01T12:06:02.014+0000] {logging_mixin.py:190} INFO - [2025-02-01T12:06:02.014+0000] {dag.py:4180} INFO - Setting next_dagrun for dataset_consumes_1_never_scheduled to None, run_after=None
[2025-02-01T12:06:02.015+0000] {logging_mixin.py:190} INFO - [2025-02-01T12:06:02.015+0000] {dag.py:4180} INFO - Setting next_dagrun for dataset_consumes_unknown_never_scheduled to None, run_after=None
[2025-02-01T12:06:02.018+0000] {logging_mixin.py:190} INFO - [2025-02-01T12:06:02.018+0000] {dag.py:4180} INFO - Setting next_dagrun for dataset_produces_1 to 2025-01-31 00:00:00+00:00, run_after=2025-02-01 00:00:00+00:00
[2025-02-01T12:06:02.020+0000] {logging_mixin.py:190} INFO - [2025-02-01T12:06:02.020+0000] {dag.py:4180} INFO - Setting next_dagrun for dataset_produces_2 to None, run_after=None
[2025-02-01T12:06:02.054+0000] {processor.py:208} INFO - Processing /home/airflow/.local/lib/python3.9/site-packages/airflow/example_dags/example_datasets.py took 1.281 seconds
[2025-02-01T12:06:32.943+0000] {processor.py:186} INFO - Started process (PID=1083) to work on /home/airflow/.local/lib/python3.9/site-packages/airflow/example_dags/example_datasets.py
[2025-02-01T12:06:32.944+0000] {processor.py:914} INFO - Processing file /home/airflow/.local/lib/python3.9/site-packages/airflow/example_dags/example_datasets.py for tasks to queue
[2025-02-01T12:06:32.946+0000] {logging_mixin.py:190} INFO - [2025-02-01T12:06:32.946+0000] {dagbag.py:588} INFO - Filling up the DagBag from /home/airflow/.local/lib/python3.9/site-packages/airflow/example_dags/example_datasets.py
[2025-02-01T12:06:33.743+0000] {processor.py:925} INFO - DAG(s) 'consume_1_or_2_with_dataset_expressions', 'dataset_produces_2', 'conditional_dataset_and_time_based_timetable', 'dataset_consumes_1', 'dataset_consumes_1_and_2', 'consume_1_or_both_2_and_3_with_dataset_expressions', 'dataset_consumes_1_never_scheduled', 'dataset_produces_1', 'dataset_consumes_unknown_never_scheduled', 'consume_1_and_2_with_dataset_expressions' retrieved from /home/airflow/.local/lib/python3.9/site-packages/airflow/example_dags/example_datasets.py
[2025-02-01T12:06:33.787+0000] {logging_mixin.py:190} INFO - [2025-02-01T12:06:33.787+0000] {dag.py:3239} INFO - Sync 10 DAGs
[2025-02-01T12:06:33.816+0000] {logging_mixin.py:190} INFO - [2025-02-01T12:06:33.816+0000] {dag.py:4180} INFO - Setting next_dagrun for conditional_dataset_and_time_based_timetable to 2025-01-29 01:00:00+00:00, run_after=2025-01-29 01:00:00+00:00
[2025-02-01T12:06:33.820+0000] {logging_mixin.py:190} INFO - [2025-02-01T12:06:33.820+0000] {dag.py:4180} INFO - Setting next_dagrun for consume_1_and_2_with_dataset_expressions to None, run_after=None
[2025-02-01T12:06:33.822+0000] {logging_mixin.py:190} INFO - [2025-02-01T12:06:33.822+0000] {dag.py:4180} INFO - Setting next_dagrun for consume_1_or_2_with_dataset_expressions to None, run_after=None
[2025-02-01T12:06:33.823+0000] {logging_mixin.py:190} INFO - [2025-02-01T12:06:33.823+0000] {dag.py:4180} INFO - Setting next_dagrun for consume_1_or_both_2_and_3_with_dataset_expressions to None, run_after=None
[2025-02-01T12:06:33.824+0000] {logging_mixin.py:190} INFO - [2025-02-01T12:06:33.824+0000] {dag.py:4180} INFO - Setting next_dagrun for dataset_consumes_1 to None, run_after=None
[2025-02-01T12:06:33.826+0000] {logging_mixin.py:190} INFO - [2025-02-01T12:06:33.825+0000] {dag.py:4180} INFO - Setting next_dagrun for dataset_consumes_1_and_2 to None, run_after=None
[2025-02-01T12:06:33.827+0000] {logging_mixin.py:190} INFO - [2025-02-01T12:06:33.827+0000] {dag.py:4180} INFO - Setting next_dagrun for dataset_consumes_1_never_scheduled to None, run_after=None
[2025-02-01T12:06:33.828+0000] {logging_mixin.py:190} INFO - [2025-02-01T12:06:33.828+0000] {dag.py:4180} INFO - Setting next_dagrun for dataset_consumes_unknown_never_scheduled to None, run_after=None
[2025-02-01T12:06:33.832+0000] {logging_mixin.py:190} INFO - [2025-02-01T12:06:33.831+0000] {dag.py:4180} INFO - Setting next_dagrun for dataset_produces_1 to 2025-01-31 00:00:00+00:00, run_after=2025-02-01 00:00:00+00:00
[2025-02-01T12:06:33.833+0000] {logging_mixin.py:190} INFO - [2025-02-01T12:06:33.833+0000] {dag.py:4180} INFO - Setting next_dagrun for dataset_produces_2 to None, run_after=None
[2025-02-01T12:06:33.899+0000] {processor.py:208} INFO - Processing /home/airflow/.local/lib/python3.9/site-packages/airflow/example_dags/example_datasets.py took 0.964 seconds
[2025-02-01T12:07:04.403+0000] {processor.py:186} INFO - Started process (PID=1146) to work on /home/airflow/.local/lib/python3.9/site-packages/airflow/example_dags/example_datasets.py
[2025-02-01T12:07:04.410+0000] {processor.py:914} INFO - Processing file /home/airflow/.local/lib/python3.9/site-packages/airflow/example_dags/example_datasets.py for tasks to queue
[2025-02-01T12:07:04.414+0000] {logging_mixin.py:190} INFO - [2025-02-01T12:07:04.414+0000] {dagbag.py:588} INFO - Filling up the DagBag from /home/airflow/.local/lib/python3.9/site-packages/airflow/example_dags/example_datasets.py
[2025-02-01T12:07:05.724+0000] {processor.py:925} INFO - DAG(s) 'dataset_consumes_1', 'dataset_consumes_1_and_2', 'conditional_dataset_and_time_based_timetable', 'consume_1_and_2_with_dataset_expressions', 'dataset_produces_2', 'consume_1_or_both_2_and_3_with_dataset_expressions', 'consume_1_or_2_with_dataset_expressions', 'dataset_consumes_1_never_scheduled', 'dataset_consumes_unknown_never_scheduled', 'dataset_produces_1' retrieved from /home/airflow/.local/lib/python3.9/site-packages/airflow/example_dags/example_datasets.py
[2025-02-01T12:07:05.766+0000] {logging_mixin.py:190} INFO - [2025-02-01T12:07:05.766+0000] {dag.py:3239} INFO - Sync 10 DAGs
[2025-02-01T12:07:05.783+0000] {logging_mixin.py:190} INFO - [2025-02-01T12:07:05.783+0000] {dag.py:4180} INFO - Setting next_dagrun for conditional_dataset_and_time_based_timetable to 2025-01-29 01:00:00+00:00, run_after=2025-01-29 01:00:00+00:00
[2025-02-01T12:07:05.786+0000] {logging_mixin.py:190} INFO - [2025-02-01T12:07:05.786+0000] {dag.py:4180} INFO - Setting next_dagrun for consume_1_and_2_with_dataset_expressions to None, run_after=None
[2025-02-01T12:07:05.787+0000] {logging_mixin.py:190} INFO - [2025-02-01T12:07:05.787+0000] {dag.py:4180} INFO - Setting next_dagrun for consume_1_or_2_with_dataset_expressions to None, run_after=None
[2025-02-01T12:07:05.788+0000] {logging_mixin.py:190} INFO - [2025-02-01T12:07:05.788+0000] {dag.py:4180} INFO - Setting next_dagrun for consume_1_or_both_2_and_3_with_dataset_expressions to None, run_after=None
[2025-02-01T12:07:05.789+0000] {logging_mixin.py:190} INFO - [2025-02-01T12:07:05.788+0000] {dag.py:4180} INFO - Setting next_dagrun for dataset_consumes_1 to None, run_after=None
[2025-02-01T12:07:05.789+0000] {logging_mixin.py:190} INFO - [2025-02-01T12:07:05.789+0000] {dag.py:4180} INFO - Setting next_dagrun for dataset_consumes_1_and_2 to None, run_after=None
[2025-02-01T12:07:05.790+0000] {logging_mixin.py:190} INFO - [2025-02-01T12:07:05.790+0000] {dag.py:4180} INFO - Setting next_dagrun for dataset_consumes_1_never_scheduled to None, run_after=None
[2025-02-01T12:07:05.791+0000] {logging_mixin.py:190} INFO - [2025-02-01T12:07:05.791+0000] {dag.py:4180} INFO - Setting next_dagrun for dataset_consumes_unknown_never_scheduled to None, run_after=None
[2025-02-01T12:07:05.793+0000] {logging_mixin.py:190} INFO - [2025-02-01T12:07:05.793+0000] {dag.py:4180} INFO - Setting next_dagrun for dataset_produces_1 to 2025-01-31 00:00:00+00:00, run_after=2025-02-01 00:00:00+00:00
[2025-02-01T12:07:05.794+0000] {logging_mixin.py:190} INFO - [2025-02-01T12:07:05.794+0000] {dag.py:4180} INFO - Setting next_dagrun for dataset_produces_2 to None, run_after=None
[2025-02-01T12:07:05.847+0000] {processor.py:208} INFO - Processing /home/airflow/.local/lib/python3.9/site-packages/airflow/example_dags/example_datasets.py took 1.460 seconds
[2025-02-01T12:07:35.957+0000] {processor.py:186} INFO - Started process (PID=1209) to work on /home/airflow/.local/lib/python3.9/site-packages/airflow/example_dags/example_datasets.py
[2025-02-01T12:07:35.957+0000] {processor.py:914} INFO - Processing file /home/airflow/.local/lib/python3.9/site-packages/airflow/example_dags/example_datasets.py for tasks to queue
[2025-02-01T12:07:35.959+0000] {logging_mixin.py:190} INFO - [2025-02-01T12:07:35.959+0000] {dagbag.py:588} INFO - Filling up the DagBag from /home/airflow/.local/lib/python3.9/site-packages/airflow/example_dags/example_datasets.py
[2025-02-01T12:07:36.382+0000] {processor.py:925} INFO - DAG(s) 'consume_1_or_2_with_dataset_expressions', 'dataset_produces_1', 'conditional_dataset_and_time_based_timetable', 'dataset_consumes_1', 'dataset_consumes_unknown_never_scheduled', 'dataset_consumes_1_never_scheduled', 'dataset_consumes_1_and_2', 'consume_1_and_2_with_dataset_expressions', 'dataset_produces_2', 'consume_1_or_both_2_and_3_with_dataset_expressions' retrieved from /home/airflow/.local/lib/python3.9/site-packages/airflow/example_dags/example_datasets.py
[2025-02-01T12:07:36.412+0000] {logging_mixin.py:190} INFO - [2025-02-01T12:07:36.412+0000] {dag.py:3239} INFO - Sync 10 DAGs
[2025-02-01T12:07:36.429+0000] {logging_mixin.py:190} INFO - [2025-02-01T12:07:36.429+0000] {dag.py:4180} INFO - Setting next_dagrun for conditional_dataset_and_time_based_timetable to 2025-01-29 01:00:00+00:00, run_after=2025-01-29 01:00:00+00:00
[2025-02-01T12:07:36.432+0000] {logging_mixin.py:190} INFO - [2025-02-01T12:07:36.432+0000] {dag.py:4180} INFO - Setting next_dagrun for consume_1_and_2_with_dataset_expressions to None, run_after=None
[2025-02-01T12:07:36.433+0000] {logging_mixin.py:190} INFO - [2025-02-01T12:07:36.433+0000] {dag.py:4180} INFO - Setting next_dagrun for consume_1_or_2_with_dataset_expressions to None, run_after=None
[2025-02-01T12:07:36.434+0000] {logging_mixin.py:190} INFO - [2025-02-01T12:07:36.434+0000] {dag.py:4180} INFO - Setting next_dagrun for consume_1_or_both_2_and_3_with_dataset_expressions to None, run_after=None
[2025-02-01T12:07:36.435+0000] {logging_mixin.py:190} INFO - [2025-02-01T12:07:36.435+0000] {dag.py:4180} INFO - Setting next_dagrun for dataset_consumes_1 to None, run_after=None
[2025-02-01T12:07:36.436+0000] {logging_mixin.py:190} INFO - [2025-02-01T12:07:36.435+0000] {dag.py:4180} INFO - Setting next_dagrun for dataset_consumes_1_and_2 to None, run_after=None
[2025-02-01T12:07:36.436+0000] {logging_mixin.py:190} INFO - [2025-02-01T12:07:36.436+0000] {dag.py:4180} INFO - Setting next_dagrun for dataset_consumes_1_never_scheduled to None, run_after=None
[2025-02-01T12:07:36.437+0000] {logging_mixin.py:190} INFO - [2025-02-01T12:07:36.437+0000] {dag.py:4180} INFO - Setting next_dagrun for dataset_consumes_unknown_never_scheduled to None, run_after=None
[2025-02-01T12:07:36.439+0000] {logging_mixin.py:190} INFO - [2025-02-01T12:07:36.439+0000] {dag.py:4180} INFO - Setting next_dagrun for dataset_produces_1 to 2025-01-31 00:00:00+00:00, run_after=2025-02-01 00:00:00+00:00
[2025-02-01T12:07:36.440+0000] {logging_mixin.py:190} INFO - [2025-02-01T12:07:36.440+0000] {dag.py:4180} INFO - Setting next_dagrun for dataset_produces_2 to None, run_after=None
[2025-02-01T12:07:36.464+0000] {processor.py:208} INFO - Processing /home/airflow/.local/lib/python3.9/site-packages/airflow/example_dags/example_datasets.py took 0.512 seconds
[2025-02-01T12:08:06.619+0000] {processor.py:186} INFO - Started process (PID=1273) to work on /home/airflow/.local/lib/python3.9/site-packages/airflow/example_dags/example_datasets.py
[2025-02-01T12:08:06.621+0000] {processor.py:914} INFO - Processing file /home/airflow/.local/lib/python3.9/site-packages/airflow/example_dags/example_datasets.py for tasks to queue
[2025-02-01T12:08:06.623+0000] {logging_mixin.py:190} INFO - [2025-02-01T12:08:06.622+0000] {dagbag.py:588} INFO - Filling up the DagBag from /home/airflow/.local/lib/python3.9/site-packages/airflow/example_dags/example_datasets.py
[2025-02-01T12:08:07.049+0000] {processor.py:925} INFO - DAG(s) 'consume_1_or_both_2_and_3_with_dataset_expressions', 'dataset_consumes_1_never_scheduled', 'dataset_produces_1', 'consume_1_or_2_with_dataset_expressions', 'dataset_consumes_unknown_never_scheduled', 'dataset_consumes_1_and_2', 'dataset_consumes_1', 'dataset_produces_2', 'conditional_dataset_and_time_based_timetable', 'consume_1_and_2_with_dataset_expressions' retrieved from /home/airflow/.local/lib/python3.9/site-packages/airflow/example_dags/example_datasets.py
[2025-02-01T12:08:07.082+0000] {logging_mixin.py:190} INFO - [2025-02-01T12:08:07.082+0000] {dag.py:3239} INFO - Sync 10 DAGs
[2025-02-01T12:08:07.102+0000] {logging_mixin.py:190} INFO - [2025-02-01T12:08:07.102+0000] {dag.py:4180} INFO - Setting next_dagrun for conditional_dataset_and_time_based_timetable to 2025-01-29 01:00:00+00:00, run_after=2025-01-29 01:00:00+00:00
[2025-02-01T12:08:07.105+0000] {logging_mixin.py:190} INFO - [2025-02-01T12:08:07.104+0000] {dag.py:4180} INFO - Setting next_dagrun for consume_1_and_2_with_dataset_expressions to None, run_after=None
[2025-02-01T12:08:07.106+0000] {logging_mixin.py:190} INFO - [2025-02-01T12:08:07.105+0000] {dag.py:4180} INFO - Setting next_dagrun for consume_1_or_2_with_dataset_expressions to None, run_after=None
[2025-02-01T12:08:07.106+0000] {logging_mixin.py:190} INFO - [2025-02-01T12:08:07.106+0000] {dag.py:4180} INFO - Setting next_dagrun for consume_1_or_both_2_and_3_with_dataset_expressions to None, run_after=None
[2025-02-01T12:08:07.107+0000] {logging_mixin.py:190} INFO - [2025-02-01T12:08:07.107+0000] {dag.py:4180} INFO - Setting next_dagrun for dataset_consumes_1 to None, run_after=None
[2025-02-01T12:08:07.108+0000] {logging_mixin.py:190} INFO - [2025-02-01T12:08:07.108+0000] {dag.py:4180} INFO - Setting next_dagrun for dataset_consumes_1_and_2 to None, run_after=None
[2025-02-01T12:08:07.109+0000] {logging_mixin.py:190} INFO - [2025-02-01T12:08:07.109+0000] {dag.py:4180} INFO - Setting next_dagrun for dataset_consumes_1_never_scheduled to None, run_after=None
[2025-02-01T12:08:07.110+0000] {logging_mixin.py:190} INFO - [2025-02-01T12:08:07.110+0000] {dag.py:4180} INFO - Setting next_dagrun for dataset_consumes_unknown_never_scheduled to None, run_after=None
[2025-02-01T12:08:07.112+0000] {logging_mixin.py:190} INFO - [2025-02-01T12:08:07.112+0000] {dag.py:4180} INFO - Setting next_dagrun for dataset_produces_1 to 2025-01-31 00:00:00+00:00, run_after=2025-02-01 00:00:00+00:00
[2025-02-01T12:08:07.113+0000] {logging_mixin.py:190} INFO - [2025-02-01T12:08:07.113+0000] {dag.py:4180} INFO - Setting next_dagrun for dataset_produces_2 to None, run_after=None
[2025-02-01T12:08:07.143+0000] {processor.py:208} INFO - Processing /home/airflow/.local/lib/python3.9/site-packages/airflow/example_dags/example_datasets.py took 0.529 seconds
[2025-02-01T12:08:37.495+0000] {processor.py:186} INFO - Started process (PID=1336) to work on /home/airflow/.local/lib/python3.9/site-packages/airflow/example_dags/example_datasets.py
[2025-02-01T12:08:37.495+0000] {processor.py:914} INFO - Processing file /home/airflow/.local/lib/python3.9/site-packages/airflow/example_dags/example_datasets.py for tasks to queue
[2025-02-01T12:08:37.497+0000] {logging_mixin.py:190} INFO - [2025-02-01T12:08:37.497+0000] {dagbag.py:588} INFO - Filling up the DagBag from /home/airflow/.local/lib/python3.9/site-packages/airflow/example_dags/example_datasets.py
[2025-02-01T12:08:38.272+0000] {processor.py:925} INFO - DAG(s) 'dataset_consumes_1_never_scheduled', 'dataset_produces_2', 'consume_1_or_2_with_dataset_expressions', 'dataset_consumes_1', 'dataset_consumes_unknown_never_scheduled', 'consume_1_and_2_with_dataset_expressions', 'dataset_produces_1', 'consume_1_or_both_2_and_3_with_dataset_expressions', 'conditional_dataset_and_time_based_timetable', 'dataset_consumes_1_and_2' retrieved from /home/airflow/.local/lib/python3.9/site-packages/airflow/example_dags/example_datasets.py
[2025-02-01T12:08:38.318+0000] {logging_mixin.py:190} INFO - [2025-02-01T12:08:38.318+0000] {dag.py:3239} INFO - Sync 10 DAGs
[2025-02-01T12:08:38.346+0000] {logging_mixin.py:190} INFO - [2025-02-01T12:08:38.345+0000] {dag.py:4180} INFO - Setting next_dagrun for conditional_dataset_and_time_based_timetable to 2025-01-29 01:00:00+00:00, run_after=2025-01-29 01:00:00+00:00
[2025-02-01T12:08:38.349+0000] {logging_mixin.py:190} INFO - [2025-02-01T12:08:38.349+0000] {dag.py:4180} INFO - Setting next_dagrun for consume_1_and_2_with_dataset_expressions to None, run_after=None
[2025-02-01T12:08:38.351+0000] {logging_mixin.py:190} INFO - [2025-02-01T12:08:38.351+0000] {dag.py:4180} INFO - Setting next_dagrun for consume_1_or_2_with_dataset_expressions to None, run_after=None
[2025-02-01T12:08:38.352+0000] {logging_mixin.py:190} INFO - [2025-02-01T12:08:38.352+0000] {dag.py:4180} INFO - Setting next_dagrun for consume_1_or_both_2_and_3_with_dataset_expressions to None, run_after=None
[2025-02-01T12:08:38.353+0000] {logging_mixin.py:190} INFO - [2025-02-01T12:08:38.353+0000] {dag.py:4180} INFO - Setting next_dagrun for dataset_consumes_1 to None, run_after=None
[2025-02-01T12:08:38.354+0000] {logging_mixin.py:190} INFO - [2025-02-01T12:08:38.354+0000] {dag.py:4180} INFO - Setting next_dagrun for dataset_consumes_1_and_2 to None, run_after=None
[2025-02-01T12:08:38.356+0000] {logging_mixin.py:190} INFO - [2025-02-01T12:08:38.355+0000] {dag.py:4180} INFO - Setting next_dagrun for dataset_consumes_1_never_scheduled to None, run_after=None
[2025-02-01T12:08:38.357+0000] {logging_mixin.py:190} INFO - [2025-02-01T12:08:38.356+0000] {dag.py:4180} INFO - Setting next_dagrun for dataset_consumes_unknown_never_scheduled to None, run_after=None
[2025-02-01T12:08:38.359+0000] {logging_mixin.py:190} INFO - [2025-02-01T12:08:38.359+0000] {dag.py:4180} INFO - Setting next_dagrun for dataset_produces_1 to 2025-01-31 00:00:00+00:00, run_after=2025-02-01 00:00:00+00:00
[2025-02-01T12:08:38.360+0000] {logging_mixin.py:190} INFO - [2025-02-01T12:08:38.360+0000] {dag.py:4180} INFO - Setting next_dagrun for dataset_produces_2 to None, run_after=None
[2025-02-01T12:08:38.390+0000] {processor.py:208} INFO - Processing /home/airflow/.local/lib/python3.9/site-packages/airflow/example_dags/example_datasets.py took 0.902 seconds
[2025-02-01T12:09:09.120+0000] {processor.py:186} INFO - Started process (PID=1400) to work on /home/airflow/.local/lib/python3.9/site-packages/airflow/example_dags/example_datasets.py
[2025-02-01T12:09:09.121+0000] {processor.py:914} INFO - Processing file /home/airflow/.local/lib/python3.9/site-packages/airflow/example_dags/example_datasets.py for tasks to queue
[2025-02-01T12:09:09.123+0000] {logging_mixin.py:190} INFO - [2025-02-01T12:09:09.123+0000] {dagbag.py:588} INFO - Filling up the DagBag from /home/airflow/.local/lib/python3.9/site-packages/airflow/example_dags/example_datasets.py
[2025-02-01T12:09:09.916+0000] {processor.py:925} INFO - DAG(s) 'consume_1_and_2_with_dataset_expressions', 'dataset_produces_1', 'dataset_consumes_1_never_scheduled', 'dataset_produces_2', 'dataset_consumes_unknown_never_scheduled', 'dataset_consumes_1_and_2', 'consume_1_or_both_2_and_3_with_dataset_expressions', 'dataset_consumes_1', 'conditional_dataset_and_time_based_timetable', 'consume_1_or_2_with_dataset_expressions' retrieved from /home/airflow/.local/lib/python3.9/site-packages/airflow/example_dags/example_datasets.py
[2025-02-01T12:09:09.947+0000] {logging_mixin.py:190} INFO - [2025-02-01T12:09:09.946+0000] {dag.py:3239} INFO - Sync 10 DAGs
[2025-02-01T12:09:09.964+0000] {logging_mixin.py:190} INFO - [2025-02-01T12:09:09.964+0000] {dag.py:4180} INFO - Setting next_dagrun for conditional_dataset_and_time_based_timetable to 2025-01-29 01:00:00+00:00, run_after=2025-01-29 01:00:00+00:00
[2025-02-01T12:09:09.966+0000] {logging_mixin.py:190} INFO - [2025-02-01T12:09:09.966+0000] {dag.py:4180} INFO - Setting next_dagrun for consume_1_and_2_with_dataset_expressions to None, run_after=None
[2025-02-01T12:09:09.967+0000] {logging_mixin.py:190} INFO - [2025-02-01T12:09:09.967+0000] {dag.py:4180} INFO - Setting next_dagrun for consume_1_or_2_with_dataset_expressions to None, run_after=None
[2025-02-01T12:09:09.968+0000] {logging_mixin.py:190} INFO - [2025-02-01T12:09:09.968+0000] {dag.py:4180} INFO - Setting next_dagrun for consume_1_or_both_2_and_3_with_dataset_expressions to None, run_after=None
[2025-02-01T12:09:09.969+0000] {logging_mixin.py:190} INFO - [2025-02-01T12:09:09.969+0000] {dag.py:4180} INFO - Setting next_dagrun for dataset_consumes_1 to None, run_after=None
[2025-02-01T12:09:09.970+0000] {logging_mixin.py:190} INFO - [2025-02-01T12:09:09.970+0000] {dag.py:4180} INFO - Setting next_dagrun for dataset_consumes_1_and_2 to None, run_after=None
[2025-02-01T12:09:09.971+0000] {logging_mixin.py:190} INFO - [2025-02-01T12:09:09.971+0000] {dag.py:4180} INFO - Setting next_dagrun for dataset_consumes_1_never_scheduled to None, run_after=None
[2025-02-01T12:09:09.972+0000] {logging_mixin.py:190} INFO - [2025-02-01T12:09:09.972+0000] {dag.py:4180} INFO - Setting next_dagrun for dataset_consumes_unknown_never_scheduled to None, run_after=None
[2025-02-01T12:09:09.974+0000] {logging_mixin.py:190} INFO - [2025-02-01T12:09:09.974+0000] {dag.py:4180} INFO - Setting next_dagrun for dataset_produces_1 to 2025-01-31 00:00:00+00:00, run_after=2025-02-01 00:00:00+00:00
[2025-02-01T12:09:09.975+0000] {logging_mixin.py:190} INFO - [2025-02-01T12:09:09.975+0000] {dag.py:4180} INFO - Setting next_dagrun for dataset_produces_2 to None, run_after=None
[2025-02-01T12:09:10.000+0000] {processor.py:208} INFO - Processing /home/airflow/.local/lib/python3.9/site-packages/airflow/example_dags/example_datasets.py took 0.886 seconds
[2025-02-01T12:09:40.177+0000] {processor.py:186} INFO - Started process (PID=1463) to work on /home/airflow/.local/lib/python3.9/site-packages/airflow/example_dags/example_datasets.py
[2025-02-01T12:09:40.178+0000] {processor.py:914} INFO - Processing file /home/airflow/.local/lib/python3.9/site-packages/airflow/example_dags/example_datasets.py for tasks to queue
[2025-02-01T12:09:40.180+0000] {logging_mixin.py:190} INFO - [2025-02-01T12:09:40.179+0000] {dagbag.py:588} INFO - Filling up the DagBag from /home/airflow/.local/lib/python3.9/site-packages/airflow/example_dags/example_datasets.py
[2025-02-01T12:09:40.960+0000] {processor.py:925} INFO - DAG(s) 'consume_1_or_both_2_and_3_with_dataset_expressions', 'dataset_consumes_1_never_scheduled', 'conditional_dataset_and_time_based_timetable', 'dataset_produces_1', 'consume_1_or_2_with_dataset_expressions', 'dataset_consumes_1_and_2', 'dataset_consumes_unknown_never_scheduled', 'dataset_consumes_1', 'consume_1_and_2_with_dataset_expressions', 'dataset_produces_2' retrieved from /home/airflow/.local/lib/python3.9/site-packages/airflow/example_dags/example_datasets.py
[2025-02-01T12:09:40.993+0000] {logging_mixin.py:190} INFO - [2025-02-01T12:09:40.993+0000] {dag.py:3239} INFO - Sync 10 DAGs
[2025-02-01T12:09:41.010+0000] {logging_mixin.py:190} INFO - [2025-02-01T12:09:41.010+0000] {dag.py:4180} INFO - Setting next_dagrun for conditional_dataset_and_time_based_timetable to 2025-01-29 01:00:00+00:00, run_after=2025-01-29 01:00:00+00:00
[2025-02-01T12:09:41.013+0000] {logging_mixin.py:190} INFO - [2025-02-01T12:09:41.013+0000] {dag.py:4180} INFO - Setting next_dagrun for consume_1_and_2_with_dataset_expressions to None, run_after=None
[2025-02-01T12:09:41.014+0000] {logging_mixin.py:190} INFO - [2025-02-01T12:09:41.014+0000] {dag.py:4180} INFO - Setting next_dagrun for consume_1_or_2_with_dataset_expressions to None, run_after=None
[2025-02-01T12:09:41.015+0000] {logging_mixin.py:190} INFO - [2025-02-01T12:09:41.015+0000] {dag.py:4180} INFO - Setting next_dagrun for consume_1_or_both_2_and_3_with_dataset_expressions to None, run_after=None
[2025-02-01T12:09:41.016+0000] {logging_mixin.py:190} INFO - [2025-02-01T12:09:41.016+0000] {dag.py:4180} INFO - Setting next_dagrun for dataset_consumes_1 to None, run_after=None
[2025-02-01T12:09:41.017+0000] {logging_mixin.py:190} INFO - [2025-02-01T12:09:41.016+0000] {dag.py:4180} INFO - Setting next_dagrun for dataset_consumes_1_and_2 to None, run_after=None
[2025-02-01T12:09:41.017+0000] {logging_mixin.py:190} INFO - [2025-02-01T12:09:41.017+0000] {dag.py:4180} INFO - Setting next_dagrun for dataset_consumes_1_never_scheduled to None, run_after=None
[2025-02-01T12:09:41.018+0000] {logging_mixin.py:190} INFO - [2025-02-01T12:09:41.018+0000] {dag.py:4180} INFO - Setting next_dagrun for dataset_consumes_unknown_never_scheduled to None, run_after=None
[2025-02-01T12:09:41.020+0000] {logging_mixin.py:190} INFO - [2025-02-01T12:09:41.020+0000] {dag.py:4180} INFO - Setting next_dagrun for dataset_produces_1 to 2025-01-31 00:00:00+00:00, run_after=2025-02-01 00:00:00+00:00
[2025-02-01T12:09:41.021+0000] {logging_mixin.py:190} INFO - [2025-02-01T12:09:41.021+0000] {dag.py:4180} INFO - Setting next_dagrun for dataset_produces_2 to None, run_after=None
[2025-02-01T12:09:41.046+0000] {processor.py:208} INFO - Processing /home/airflow/.local/lib/python3.9/site-packages/airflow/example_dags/example_datasets.py took 0.876 seconds
