[2025-02-01T11:58:30.671+0000] {processor.py:186} INFO - Started process (PID=84) to work on /home/airflow/.local/lib/python3.9/site-packages/airflow/example_dags/example_sla_dag.py
[2025-02-01T11:58:30.672+0000] {processor.py:914} INFO - Processing file /home/airflow/.local/lib/python3.9/site-packages/airflow/example_dags/example_sla_dag.py for tasks to queue
[2025-02-01T11:58:30.674+0000] {logging_mixin.py:190} INFO - [2025-02-01T11:58:30.674+0000] {dagbag.py:588} INFO - Filling up the DagBag from /home/airflow/.local/lib/python3.9/site-packages/airflow/example_dags/example_sla_dag.py
[2025-02-01T11:58:30.730+0000] {processor.py:925} INFO - DAG(s) 'example_sla_dag' retrieved from /home/airflow/.local/lib/python3.9/site-packages/airflow/example_dags/example_sla_dag.py
[2025-02-01T11:58:31.205+0000] {logging_mixin.py:190} INFO - [2025-02-01T11:58:31.204+0000] {override.py:1911} INFO - Created Permission View: can edit on DAG:example_sla_dag
[2025-02-01T11:58:31.252+0000] {logging_mixin.py:190} INFO - [2025-02-01T11:58:31.251+0000] {override.py:1911} INFO - Created Permission View: can delete on DAG:example_sla_dag
[2025-02-01T11:58:31.277+0000] {logging_mixin.py:190} INFO - [2025-02-01T11:58:31.276+0000] {override.py:1911} INFO - Created Permission View: can read on DAG:example_sla_dag
[2025-02-01T11:58:31.302+0000] {logging_mixin.py:190} INFO - [2025-02-01T11:58:31.301+0000] {override.py:1911} INFO - Created Permission View: can create on DAG Run:example_sla_dag
[2025-02-01T11:58:31.373+0000] {logging_mixin.py:190} INFO - [2025-02-01T11:58:31.373+0000] {override.py:1911} INFO - Created Permission View: can delete on DAG Run:example_sla_dag
[2025-02-01T11:58:31.387+0000] {logging_mixin.py:190} INFO - [2025-02-01T11:58:31.387+0000] {override.py:1911} INFO - Created Permission View: can read on DAG Run:example_sla_dag
[2025-02-01T11:58:31.397+0000] {logging_mixin.py:190} INFO - [2025-02-01T11:58:31.397+0000] {override.py:1911} INFO - Created Permission View: menu access on DAG Run:example_sla_dag
[2025-02-01T11:58:31.397+0000] {logging_mixin.py:190} INFO - [2025-02-01T11:58:31.397+0000] {dag.py:3239} INFO - Sync 1 DAGs
[2025-02-01T11:58:31.423+0000] {logging_mixin.py:190} INFO - [2025-02-01T11:58:31.423+0000] {dag.py:3262} INFO - Creating ORM DAG for example_sla_dag
[2025-02-01T11:58:31.487+0000] {logging_mixin.py:190} INFO - [2025-02-01T11:58:31.487+0000] {dag.py:4180} INFO - Setting next_dagrun for example_sla_dag to 2025-02-01 11:56:00+00:00, run_after=2025-02-01 11:58:00+00:00
[2025-02-01T11:58:31.543+0000] {processor.py:208} INFO - Processing /home/airflow/.local/lib/python3.9/site-packages/airflow/example_dags/example_sla_dag.py took 0.895 seconds
[2025-02-01T11:59:02.206+0000] {processor.py:186} INFO - Started process (PID=147) to work on /home/airflow/.local/lib/python3.9/site-packages/airflow/example_dags/example_sla_dag.py
[2025-02-01T11:59:02.210+0000] {processor.py:914} INFO - Processing file /home/airflow/.local/lib/python3.9/site-packages/airflow/example_dags/example_sla_dag.py for tasks to queue
[2025-02-01T11:59:02.223+0000] {logging_mixin.py:190} INFO - [2025-02-01T11:59:02.223+0000] {dagbag.py:588} INFO - Filling up the DagBag from /home/airflow/.local/lib/python3.9/site-packages/airflow/example_dags/example_sla_dag.py
[2025-02-01T11:59:02.253+0000] {processor.py:925} INFO - DAG(s) 'example_sla_dag' retrieved from /home/airflow/.local/lib/python3.9/site-packages/airflow/example_dags/example_sla_dag.py
[2025-02-01T11:59:02.295+0000] {logging_mixin.py:190} INFO - [2025-02-01T11:59:02.294+0000] {dag.py:3239} INFO - Sync 1 DAGs
[2025-02-01T11:59:02.435+0000] {logging_mixin.py:190} INFO - [2025-02-01T11:59:02.435+0000] {dag.py:4180} INFO - Setting next_dagrun for example_sla_dag to 2025-02-01 11:56:00+00:00, run_after=2025-02-01 11:58:00+00:00
[2025-02-01T11:59:02.496+0000] {processor.py:208} INFO - Processing /home/airflow/.local/lib/python3.9/site-packages/airflow/example_dags/example_sla_dag.py took 0.302 seconds
[2025-02-01T11:59:33.237+0000] {processor.py:186} INFO - Started process (PID=211) to work on /home/airflow/.local/lib/python3.9/site-packages/airflow/example_dags/example_sla_dag.py
[2025-02-01T11:59:33.238+0000] {processor.py:914} INFO - Processing file /home/airflow/.local/lib/python3.9/site-packages/airflow/example_dags/example_sla_dag.py for tasks to queue
[2025-02-01T11:59:33.241+0000] {logging_mixin.py:190} INFO - [2025-02-01T11:59:33.240+0000] {dagbag.py:588} INFO - Filling up the DagBag from /home/airflow/.local/lib/python3.9/site-packages/airflow/example_dags/example_sla_dag.py
[2025-02-01T11:59:33.252+0000] {processor.py:925} INFO - DAG(s) 'example_sla_dag' retrieved from /home/airflow/.local/lib/python3.9/site-packages/airflow/example_dags/example_sla_dag.py
[2025-02-01T11:59:33.273+0000] {logging_mixin.py:190} INFO - [2025-02-01T11:59:33.273+0000] {dag.py:3239} INFO - Sync 1 DAGs
[2025-02-01T11:59:33.304+0000] {logging_mixin.py:190} INFO - [2025-02-01T11:59:33.303+0000] {dag.py:4180} INFO - Setting next_dagrun for example_sla_dag to 2025-02-01 11:56:00+00:00, run_after=2025-02-01 11:58:00+00:00
[2025-02-01T11:59:33.322+0000] {processor.py:208} INFO - Processing /home/airflow/.local/lib/python3.9/site-packages/airflow/example_dags/example_sla_dag.py took 0.092 seconds
[2025-02-01T12:00:03.493+0000] {processor.py:186} INFO - Started process (PID=274) to work on /home/airflow/.local/lib/python3.9/site-packages/airflow/example_dags/example_sla_dag.py
[2025-02-01T12:00:03.494+0000] {processor.py:914} INFO - Processing file /home/airflow/.local/lib/python3.9/site-packages/airflow/example_dags/example_sla_dag.py for tasks to queue
[2025-02-01T12:00:03.496+0000] {logging_mixin.py:190} INFO - [2025-02-01T12:00:03.495+0000] {dagbag.py:588} INFO - Filling up the DagBag from /home/airflow/.local/lib/python3.9/site-packages/airflow/example_dags/example_sla_dag.py
[2025-02-01T12:00:03.507+0000] {processor.py:925} INFO - DAG(s) 'example_sla_dag' retrieved from /home/airflow/.local/lib/python3.9/site-packages/airflow/example_dags/example_sla_dag.py
[2025-02-01T12:00:03.537+0000] {logging_mixin.py:190} INFO - [2025-02-01T12:00:03.536+0000] {dag.py:3239} INFO - Sync 1 DAGs
[2025-02-01T12:00:03.572+0000] {logging_mixin.py:190} INFO - [2025-02-01T12:00:03.572+0000] {dag.py:4180} INFO - Setting next_dagrun for example_sla_dag to 2025-02-01 11:58:00+00:00, run_after=2025-02-01 12:00:00+00:00
[2025-02-01T12:00:03.589+0000] {processor.py:208} INFO - Processing /home/airflow/.local/lib/python3.9/site-packages/airflow/example_dags/example_sla_dag.py took 0.103 seconds
[2025-02-01T12:00:33.809+0000] {processor.py:186} INFO - Started process (PID=338) to work on /home/airflow/.local/lib/python3.9/site-packages/airflow/example_dags/example_sla_dag.py
[2025-02-01T12:00:33.824+0000] {processor.py:914} INFO - Processing file /home/airflow/.local/lib/python3.9/site-packages/airflow/example_dags/example_sla_dag.py for tasks to queue
[2025-02-01T12:00:33.826+0000] {logging_mixin.py:190} INFO - [2025-02-01T12:00:33.826+0000] {dagbag.py:588} INFO - Filling up the DagBag from /home/airflow/.local/lib/python3.9/site-packages/airflow/example_dags/example_sla_dag.py
[2025-02-01T12:00:33.845+0000] {processor.py:925} INFO - DAG(s) 'example_sla_dag' retrieved from /home/airflow/.local/lib/python3.9/site-packages/airflow/example_dags/example_sla_dag.py
[2025-02-01T12:00:33.888+0000] {logging_mixin.py:190} INFO - [2025-02-01T12:00:33.888+0000] {dag.py:3239} INFO - Sync 1 DAGs
[2025-02-01T12:00:33.934+0000] {logging_mixin.py:190} INFO - [2025-02-01T12:00:33.934+0000] {dag.py:4180} INFO - Setting next_dagrun for example_sla_dag to 2025-02-01 11:58:00+00:00, run_after=2025-02-01 12:00:00+00:00
[2025-02-01T12:00:33.971+0000] {processor.py:208} INFO - Processing /home/airflow/.local/lib/python3.9/site-packages/airflow/example_dags/example_sla_dag.py took 0.177 seconds
[2025-02-01T12:01:04.869+0000] {processor.py:186} INFO - Started process (PID=399) to work on /home/airflow/.local/lib/python3.9/site-packages/airflow/example_dags/example_sla_dag.py
[2025-02-01T12:01:04.870+0000] {processor.py:914} INFO - Processing file /home/airflow/.local/lib/python3.9/site-packages/airflow/example_dags/example_sla_dag.py for tasks to queue
[2025-02-01T12:01:04.872+0000] {logging_mixin.py:190} INFO - [2025-02-01T12:01:04.872+0000] {dagbag.py:588} INFO - Filling up the DagBag from /home/airflow/.local/lib/python3.9/site-packages/airflow/example_dags/example_sla_dag.py
[2025-02-01T12:01:04.883+0000] {processor.py:925} INFO - DAG(s) 'example_sla_dag' retrieved from /home/airflow/.local/lib/python3.9/site-packages/airflow/example_dags/example_sla_dag.py
[2025-02-01T12:01:04.903+0000] {logging_mixin.py:190} INFO - [2025-02-01T12:01:04.903+0000] {dag.py:3239} INFO - Sync 1 DAGs
[2025-02-01T12:01:04.933+0000] {logging_mixin.py:190} INFO - [2025-02-01T12:01:04.933+0000] {dag.py:4180} INFO - Setting next_dagrun for example_sla_dag to 2025-02-01 11:58:00+00:00, run_after=2025-02-01 12:00:00+00:00
[2025-02-01T12:01:04.950+0000] {processor.py:208} INFO - Processing /home/airflow/.local/lib/python3.9/site-packages/airflow/example_dags/example_sla_dag.py took 0.087 seconds
[2025-02-01T12:01:35.211+0000] {processor.py:186} INFO - Started process (PID=462) to work on /home/airflow/.local/lib/python3.9/site-packages/airflow/example_dags/example_sla_dag.py
[2025-02-01T12:01:35.212+0000] {processor.py:914} INFO - Processing file /home/airflow/.local/lib/python3.9/site-packages/airflow/example_dags/example_sla_dag.py for tasks to queue
[2025-02-01T12:01:35.214+0000] {logging_mixin.py:190} INFO - [2025-02-01T12:01:35.214+0000] {dagbag.py:588} INFO - Filling up the DagBag from /home/airflow/.local/lib/python3.9/site-packages/airflow/example_dags/example_sla_dag.py
[2025-02-01T12:01:35.226+0000] {processor.py:925} INFO - DAG(s) 'example_sla_dag' retrieved from /home/airflow/.local/lib/python3.9/site-packages/airflow/example_dags/example_sla_dag.py
[2025-02-01T12:01:35.252+0000] {logging_mixin.py:190} INFO - [2025-02-01T12:01:35.252+0000] {dag.py:3239} INFO - Sync 1 DAGs
[2025-02-01T12:01:35.306+0000] {logging_mixin.py:190} INFO - [2025-02-01T12:01:35.305+0000] {dag.py:4180} INFO - Setting next_dagrun for example_sla_dag to 2025-02-01 11:58:00+00:00, run_after=2025-02-01 12:00:00+00:00
[2025-02-01T12:01:35.326+0000] {processor.py:208} INFO - Processing /home/airflow/.local/lib/python3.9/site-packages/airflow/example_dags/example_sla_dag.py took 0.122 seconds
[2025-02-01T12:02:06.098+0000] {processor.py:186} INFO - Started process (PID=526) to work on /home/airflow/.local/lib/python3.9/site-packages/airflow/example_dags/example_sla_dag.py
[2025-02-01T12:02:06.098+0000] {processor.py:914} INFO - Processing file /home/airflow/.local/lib/python3.9/site-packages/airflow/example_dags/example_sla_dag.py for tasks to queue
[2025-02-01T12:02:06.100+0000] {logging_mixin.py:190} INFO - [2025-02-01T12:02:06.100+0000] {dagbag.py:588} INFO - Filling up the DagBag from /home/airflow/.local/lib/python3.9/site-packages/airflow/example_dags/example_sla_dag.py
[2025-02-01T12:02:06.112+0000] {processor.py:925} INFO - DAG(s) 'example_sla_dag' retrieved from /home/airflow/.local/lib/python3.9/site-packages/airflow/example_dags/example_sla_dag.py
[2025-02-01T12:02:06.132+0000] {logging_mixin.py:190} INFO - [2025-02-01T12:02:06.131+0000] {dag.py:3239} INFO - Sync 1 DAGs
[2025-02-01T12:02:06.162+0000] {logging_mixin.py:190} INFO - [2025-02-01T12:02:06.162+0000] {dag.py:4180} INFO - Setting next_dagrun for example_sla_dag to 2025-02-01 12:00:00+00:00, run_after=2025-02-01 12:02:00+00:00
[2025-02-01T12:02:06.197+0000] {processor.py:208} INFO - Processing /home/airflow/.local/lib/python3.9/site-packages/airflow/example_dags/example_sla_dag.py took 0.105 seconds
[2025-02-01T12:02:36.750+0000] {processor.py:186} INFO - Started process (PID=589) to work on /home/airflow/.local/lib/python3.9/site-packages/airflow/example_dags/example_sla_dag.py
[2025-02-01T12:02:36.752+0000] {processor.py:914} INFO - Processing file /home/airflow/.local/lib/python3.9/site-packages/airflow/example_dags/example_sla_dag.py for tasks to queue
[2025-02-01T12:02:36.761+0000] {logging_mixin.py:190} INFO - [2025-02-01T12:02:36.761+0000] {dagbag.py:588} INFO - Filling up the DagBag from /home/airflow/.local/lib/python3.9/site-packages/airflow/example_dags/example_sla_dag.py
[2025-02-01T12:02:36.786+0000] {processor.py:925} INFO - DAG(s) 'example_sla_dag' retrieved from /home/airflow/.local/lib/python3.9/site-packages/airflow/example_dags/example_sla_dag.py
[2025-02-01T12:02:36.851+0000] {logging_mixin.py:190} INFO - [2025-02-01T12:02:36.851+0000] {dag.py:3239} INFO - Sync 1 DAGs
[2025-02-01T12:02:36.984+0000] {logging_mixin.py:190} INFO - [2025-02-01T12:02:36.984+0000] {dag.py:4180} INFO - Setting next_dagrun for example_sla_dag to 2025-02-01 12:00:00+00:00, run_after=2025-02-01 12:02:00+00:00
[2025-02-01T12:02:37.039+0000] {processor.py:208} INFO - Processing /home/airflow/.local/lib/python3.9/site-packages/airflow/example_dags/example_sla_dag.py took 0.303 seconds
[2025-02-01T12:03:07.391+0000] {processor.py:186} INFO - Started process (PID=651) to work on /home/airflow/.local/lib/python3.9/site-packages/airflow/example_dags/example_sla_dag.py
[2025-02-01T12:03:07.393+0000] {processor.py:914} INFO - Processing file /home/airflow/.local/lib/python3.9/site-packages/airflow/example_dags/example_sla_dag.py for tasks to queue
[2025-02-01T12:03:07.404+0000] {logging_mixin.py:190} INFO - [2025-02-01T12:03:07.403+0000] {dagbag.py:588} INFO - Filling up the DagBag from /home/airflow/.local/lib/python3.9/site-packages/airflow/example_dags/example_sla_dag.py
[2025-02-01T12:03:07.445+0000] {processor.py:925} INFO - DAG(s) 'example_sla_dag' retrieved from /home/airflow/.local/lib/python3.9/site-packages/airflow/example_dags/example_sla_dag.py
[2025-02-01T12:03:07.464+0000] {logging_mixin.py:190} INFO - [2025-02-01T12:03:07.464+0000] {dag.py:3239} INFO - Sync 1 DAGs
[2025-02-01T12:03:07.493+0000] {logging_mixin.py:190} INFO - [2025-02-01T12:03:07.493+0000] {dag.py:4180} INFO - Setting next_dagrun for example_sla_dag to 2025-02-01 12:00:00+00:00, run_after=2025-02-01 12:02:00+00:00
[2025-02-01T12:03:07.536+0000] {processor.py:208} INFO - Processing /home/airflow/.local/lib/python3.9/site-packages/airflow/example_dags/example_sla_dag.py took 0.163 seconds
[2025-02-01T12:03:37.632+0000] {processor.py:186} INFO - Started process (PID=713) to work on /home/airflow/.local/lib/python3.9/site-packages/airflow/example_dags/example_sla_dag.py
[2025-02-01T12:03:37.632+0000] {processor.py:914} INFO - Processing file /home/airflow/.local/lib/python3.9/site-packages/airflow/example_dags/example_sla_dag.py for tasks to queue
[2025-02-01T12:03:37.634+0000] {logging_mixin.py:190} INFO - [2025-02-01T12:03:37.634+0000] {dagbag.py:588} INFO - Filling up the DagBag from /home/airflow/.local/lib/python3.9/site-packages/airflow/example_dags/example_sla_dag.py
[2025-02-01T12:03:37.642+0000] {processor.py:925} INFO - DAG(s) 'example_sla_dag' retrieved from /home/airflow/.local/lib/python3.9/site-packages/airflow/example_dags/example_sla_dag.py
[2025-02-01T12:03:37.656+0000] {logging_mixin.py:190} INFO - [2025-02-01T12:03:37.656+0000] {dag.py:3239} INFO - Sync 1 DAGs
[2025-02-01T12:03:37.677+0000] {logging_mixin.py:190} INFO - [2025-02-01T12:03:37.677+0000] {dag.py:4180} INFO - Setting next_dagrun for example_sla_dag to 2025-02-01 12:00:00+00:00, run_after=2025-02-01 12:02:00+00:00
[2025-02-01T12:03:37.690+0000] {processor.py:208} INFO - Processing /home/airflow/.local/lib/python3.9/site-packages/airflow/example_dags/example_sla_dag.py took 0.063 seconds
[2025-02-01T12:04:07.750+0000] {processor.py:186} INFO - Started process (PID=776) to work on /home/airflow/.local/lib/python3.9/site-packages/airflow/example_dags/example_sla_dag.py
[2025-02-01T12:04:07.750+0000] {processor.py:914} INFO - Processing file /home/airflow/.local/lib/python3.9/site-packages/airflow/example_dags/example_sla_dag.py for tasks to queue
[2025-02-01T12:04:07.752+0000] {logging_mixin.py:190} INFO - [2025-02-01T12:04:07.752+0000] {dagbag.py:588} INFO - Filling up the DagBag from /home/airflow/.local/lib/python3.9/site-packages/airflow/example_dags/example_sla_dag.py
[2025-02-01T12:04:07.760+0000] {processor.py:925} INFO - DAG(s) 'example_sla_dag' retrieved from /home/airflow/.local/lib/python3.9/site-packages/airflow/example_dags/example_sla_dag.py
[2025-02-01T12:04:07.774+0000] {logging_mixin.py:190} INFO - [2025-02-01T12:04:07.774+0000] {dag.py:3239} INFO - Sync 1 DAGs
[2025-02-01T12:04:07.797+0000] {logging_mixin.py:190} INFO - [2025-02-01T12:04:07.796+0000] {dag.py:4180} INFO - Setting next_dagrun for example_sla_dag to 2025-02-01 12:02:00+00:00, run_after=2025-02-01 12:04:00+00:00
[2025-02-01T12:04:07.810+0000] {processor.py:208} INFO - Processing /home/airflow/.local/lib/python3.9/site-packages/airflow/example_dags/example_sla_dag.py took 0.065 seconds
[2025-02-01T12:04:37.899+0000] {processor.py:186} INFO - Started process (PID=840) to work on /home/airflow/.local/lib/python3.9/site-packages/airflow/example_dags/example_sla_dag.py
[2025-02-01T12:04:37.900+0000] {processor.py:914} INFO - Processing file /home/airflow/.local/lib/python3.9/site-packages/airflow/example_dags/example_sla_dag.py for tasks to queue
[2025-02-01T12:04:37.901+0000] {logging_mixin.py:190} INFO - [2025-02-01T12:04:37.901+0000] {dagbag.py:588} INFO - Filling up the DagBag from /home/airflow/.local/lib/python3.9/site-packages/airflow/example_dags/example_sla_dag.py
[2025-02-01T12:04:37.910+0000] {processor.py:925} INFO - DAG(s) 'example_sla_dag' retrieved from /home/airflow/.local/lib/python3.9/site-packages/airflow/example_dags/example_sla_dag.py
[2025-02-01T12:04:37.924+0000] {logging_mixin.py:190} INFO - [2025-02-01T12:04:37.924+0000] {dag.py:3239} INFO - Sync 1 DAGs
[2025-02-01T12:04:37.943+0000] {logging_mixin.py:190} INFO - [2025-02-01T12:04:37.943+0000] {dag.py:4180} INFO - Setting next_dagrun for example_sla_dag to 2025-02-01 12:02:00+00:00, run_after=2025-02-01 12:04:00+00:00
[2025-02-01T12:04:37.957+0000] {processor.py:208} INFO - Processing /home/airflow/.local/lib/python3.9/site-packages/airflow/example_dags/example_sla_dag.py took 0.063 seconds
[2025-02-01T12:05:08.138+0000] {processor.py:186} INFO - Started process (PID=902) to work on /home/airflow/.local/lib/python3.9/site-packages/airflow/example_dags/example_sla_dag.py
[2025-02-01T12:05:08.139+0000] {processor.py:914} INFO - Processing file /home/airflow/.local/lib/python3.9/site-packages/airflow/example_dags/example_sla_dag.py for tasks to queue
[2025-02-01T12:05:08.140+0000] {logging_mixin.py:190} INFO - [2025-02-01T12:05:08.140+0000] {dagbag.py:588} INFO - Filling up the DagBag from /home/airflow/.local/lib/python3.9/site-packages/airflow/example_dags/example_sla_dag.py
[2025-02-01T12:05:08.148+0000] {processor.py:925} INFO - DAG(s) 'example_sla_dag' retrieved from /home/airflow/.local/lib/python3.9/site-packages/airflow/example_dags/example_sla_dag.py
[2025-02-01T12:05:08.163+0000] {logging_mixin.py:190} INFO - [2025-02-01T12:05:08.162+0000] {dag.py:3239} INFO - Sync 1 DAGs
[2025-02-01T12:05:08.181+0000] {logging_mixin.py:190} INFO - [2025-02-01T12:05:08.181+0000] {dag.py:4180} INFO - Setting next_dagrun for example_sla_dag to 2025-02-01 12:02:00+00:00, run_after=2025-02-01 12:04:00+00:00
[2025-02-01T12:05:08.193+0000] {processor.py:208} INFO - Processing /home/airflow/.local/lib/python3.9/site-packages/airflow/example_dags/example_sla_dag.py took 0.059 seconds
[2025-02-01T12:05:38.869+0000] {processor.py:186} INFO - Started process (PID=964) to work on /home/airflow/.local/lib/python3.9/site-packages/airflow/example_dags/example_sla_dag.py
[2025-02-01T12:05:38.869+0000] {processor.py:914} INFO - Processing file /home/airflow/.local/lib/python3.9/site-packages/airflow/example_dags/example_sla_dag.py for tasks to queue
[2025-02-01T12:05:38.871+0000] {logging_mixin.py:190} INFO - [2025-02-01T12:05:38.871+0000] {dagbag.py:588} INFO - Filling up the DagBag from /home/airflow/.local/lib/python3.9/site-packages/airflow/example_dags/example_sla_dag.py
[2025-02-01T12:05:38.879+0000] {processor.py:925} INFO - DAG(s) 'example_sla_dag' retrieved from /home/airflow/.local/lib/python3.9/site-packages/airflow/example_dags/example_sla_dag.py
[2025-02-01T12:05:38.893+0000] {logging_mixin.py:190} INFO - [2025-02-01T12:05:38.893+0000] {dag.py:3239} INFO - Sync 1 DAGs
[2025-02-01T12:05:38.912+0000] {logging_mixin.py:190} INFO - [2025-02-01T12:05:38.912+0000] {dag.py:4180} INFO - Setting next_dagrun for example_sla_dag to 2025-02-01 12:02:00+00:00, run_after=2025-02-01 12:04:00+00:00
[2025-02-01T12:05:38.924+0000] {processor.py:208} INFO - Processing /home/airflow/.local/lib/python3.9/site-packages/airflow/example_dags/example_sla_dag.py took 0.060 seconds
[2025-02-01T12:06:09.271+0000] {processor.py:186} INFO - Started process (PID=1027) to work on /home/airflow/.local/lib/python3.9/site-packages/airflow/example_dags/example_sla_dag.py
[2025-02-01T12:06:09.272+0000] {processor.py:914} INFO - Processing file /home/airflow/.local/lib/python3.9/site-packages/airflow/example_dags/example_sla_dag.py for tasks to queue
[2025-02-01T12:06:09.274+0000] {logging_mixin.py:190} INFO - [2025-02-01T12:06:09.274+0000] {dagbag.py:588} INFO - Filling up the DagBag from /home/airflow/.local/lib/python3.9/site-packages/airflow/example_dags/example_sla_dag.py
[2025-02-01T12:06:09.285+0000] {processor.py:925} INFO - DAG(s) 'example_sla_dag' retrieved from /home/airflow/.local/lib/python3.9/site-packages/airflow/example_dags/example_sla_dag.py
[2025-02-01T12:06:09.306+0000] {logging_mixin.py:190} INFO - [2025-02-01T12:06:09.306+0000] {dag.py:3239} INFO - Sync 1 DAGs
[2025-02-01T12:06:09.335+0000] {logging_mixin.py:190} INFO - [2025-02-01T12:06:09.335+0000] {dag.py:4180} INFO - Setting next_dagrun for example_sla_dag to 2025-02-01 12:04:00+00:00, run_after=2025-02-01 12:06:00+00:00
[2025-02-01T12:06:09.349+0000] {processor.py:208} INFO - Processing /home/airflow/.local/lib/python3.9/site-packages/airflow/example_dags/example_sla_dag.py took 0.085 seconds
[2025-02-01T12:06:39.431+0000] {processor.py:186} INFO - Started process (PID=1089) to work on /home/airflow/.local/lib/python3.9/site-packages/airflow/example_dags/example_sla_dag.py
[2025-02-01T12:06:39.432+0000] {processor.py:914} INFO - Processing file /home/airflow/.local/lib/python3.9/site-packages/airflow/example_dags/example_sla_dag.py for tasks to queue
[2025-02-01T12:06:39.435+0000] {logging_mixin.py:190} INFO - [2025-02-01T12:06:39.434+0000] {dagbag.py:588} INFO - Filling up the DagBag from /home/airflow/.local/lib/python3.9/site-packages/airflow/example_dags/example_sla_dag.py
[2025-02-01T12:06:39.445+0000] {processor.py:925} INFO - DAG(s) 'example_sla_dag' retrieved from /home/airflow/.local/lib/python3.9/site-packages/airflow/example_dags/example_sla_dag.py
[2025-02-01T12:06:39.474+0000] {logging_mixin.py:190} INFO - [2025-02-01T12:06:39.474+0000] {dag.py:3239} INFO - Sync 1 DAGs
[2025-02-01T12:06:39.504+0000] {logging_mixin.py:190} INFO - [2025-02-01T12:06:39.504+0000] {dag.py:4180} INFO - Setting next_dagrun for example_sla_dag to 2025-02-01 12:04:00+00:00, run_after=2025-02-01 12:06:00+00:00
[2025-02-01T12:06:39.529+0000] {processor.py:208} INFO - Processing /home/airflow/.local/lib/python3.9/site-packages/airflow/example_dags/example_sla_dag.py took 0.104 seconds
[2025-02-01T12:07:09.766+0000] {processor.py:186} INFO - Started process (PID=1151) to work on /home/airflow/.local/lib/python3.9/site-packages/airflow/example_dags/example_sla_dag.py
[2025-02-01T12:07:09.767+0000] {processor.py:914} INFO - Processing file /home/airflow/.local/lib/python3.9/site-packages/airflow/example_dags/example_sla_dag.py for tasks to queue
[2025-02-01T12:07:09.769+0000] {logging_mixin.py:190} INFO - [2025-02-01T12:07:09.769+0000] {dagbag.py:588} INFO - Filling up the DagBag from /home/airflow/.local/lib/python3.9/site-packages/airflow/example_dags/example_sla_dag.py
[2025-02-01T12:07:09.804+0000] {processor.py:925} INFO - DAG(s) 'example_sla_dag' retrieved from /home/airflow/.local/lib/python3.9/site-packages/airflow/example_dags/example_sla_dag.py
[2025-02-01T12:07:09.845+0000] {logging_mixin.py:190} INFO - [2025-02-01T12:07:09.845+0000] {dag.py:3239} INFO - Sync 1 DAGs
[2025-02-01T12:07:09.884+0000] {logging_mixin.py:190} INFO - [2025-02-01T12:07:09.884+0000] {dag.py:4180} INFO - Setting next_dagrun for example_sla_dag to 2025-02-01 12:04:00+00:00, run_after=2025-02-01 12:06:00+00:00
[2025-02-01T12:07:09.921+0000] {processor.py:208} INFO - Processing /home/airflow/.local/lib/python3.9/site-packages/airflow/example_dags/example_sla_dag.py took 0.165 seconds
[2025-02-01T12:07:40.618+0000] {processor.py:186} INFO - Started process (PID=1214) to work on /home/airflow/.local/lib/python3.9/site-packages/airflow/example_dags/example_sla_dag.py
[2025-02-01T12:07:40.622+0000] {processor.py:914} INFO - Processing file /home/airflow/.local/lib/python3.9/site-packages/airflow/example_dags/example_sla_dag.py for tasks to queue
[2025-02-01T12:07:40.629+0000] {logging_mixin.py:190} INFO - [2025-02-01T12:07:40.626+0000] {dagbag.py:588} INFO - Filling up the DagBag from /home/airflow/.local/lib/python3.9/site-packages/airflow/example_dags/example_sla_dag.py
[2025-02-01T12:07:40.661+0000] {processor.py:925} INFO - DAG(s) 'example_sla_dag' retrieved from /home/airflow/.local/lib/python3.9/site-packages/airflow/example_dags/example_sla_dag.py
[2025-02-01T12:07:40.692+0000] {logging_mixin.py:190} INFO - [2025-02-01T12:07:40.692+0000] {dag.py:3239} INFO - Sync 1 DAGs
[2025-02-01T12:07:40.733+0000] {logging_mixin.py:190} INFO - [2025-02-01T12:07:40.732+0000] {dag.py:4180} INFO - Setting next_dagrun for example_sla_dag to 2025-02-01 12:04:00+00:00, run_after=2025-02-01 12:06:00+00:00
[2025-02-01T12:07:40.808+0000] {processor.py:208} INFO - Processing /home/airflow/.local/lib/python3.9/site-packages/airflow/example_dags/example_sla_dag.py took 0.215 seconds
[2025-02-01T12:08:11.382+0000] {processor.py:186} INFO - Started process (PID=1278) to work on /home/airflow/.local/lib/python3.9/site-packages/airflow/example_dags/example_sla_dag.py
[2025-02-01T12:08:11.382+0000] {processor.py:914} INFO - Processing file /home/airflow/.local/lib/python3.9/site-packages/airflow/example_dags/example_sla_dag.py for tasks to queue
[2025-02-01T12:08:11.384+0000] {logging_mixin.py:190} INFO - [2025-02-01T12:08:11.384+0000] {dagbag.py:588} INFO - Filling up the DagBag from /home/airflow/.local/lib/python3.9/site-packages/airflow/example_dags/example_sla_dag.py
[2025-02-01T12:08:11.392+0000] {processor.py:925} INFO - DAG(s) 'example_sla_dag' retrieved from /home/airflow/.local/lib/python3.9/site-packages/airflow/example_dags/example_sla_dag.py
[2025-02-01T12:08:11.406+0000] {logging_mixin.py:190} INFO - [2025-02-01T12:08:11.406+0000] {dag.py:3239} INFO - Sync 1 DAGs
[2025-02-01T12:08:11.425+0000] {logging_mixin.py:190} INFO - [2025-02-01T12:08:11.425+0000] {dag.py:4180} INFO - Setting next_dagrun for example_sla_dag to 2025-02-01 12:06:00+00:00, run_after=2025-02-01 12:08:00+00:00
[2025-02-01T12:08:11.439+0000] {processor.py:208} INFO - Processing /home/airflow/.local/lib/python3.9/site-packages/airflow/example_dags/example_sla_dag.py took 0.062 seconds
[2025-02-01T12:08:41.597+0000] {processor.py:186} INFO - Started process (PID=1341) to work on /home/airflow/.local/lib/python3.9/site-packages/airflow/example_dags/example_sla_dag.py
[2025-02-01T12:08:41.597+0000] {processor.py:914} INFO - Processing file /home/airflow/.local/lib/python3.9/site-packages/airflow/example_dags/example_sla_dag.py for tasks to queue
[2025-02-01T12:08:41.599+0000] {logging_mixin.py:190} INFO - [2025-02-01T12:08:41.599+0000] {dagbag.py:588} INFO - Filling up the DagBag from /home/airflow/.local/lib/python3.9/site-packages/airflow/example_dags/example_sla_dag.py
[2025-02-01T12:08:41.607+0000] {processor.py:925} INFO - DAG(s) 'example_sla_dag' retrieved from /home/airflow/.local/lib/python3.9/site-packages/airflow/example_dags/example_sla_dag.py
[2025-02-01T12:08:41.622+0000] {logging_mixin.py:190} INFO - [2025-02-01T12:08:41.621+0000] {dag.py:3239} INFO - Sync 1 DAGs
[2025-02-01T12:08:41.641+0000] {logging_mixin.py:190} INFO - [2025-02-01T12:08:41.641+0000] {dag.py:4180} INFO - Setting next_dagrun for example_sla_dag to 2025-02-01 12:06:00+00:00, run_after=2025-02-01 12:08:00+00:00
[2025-02-01T12:08:41.655+0000] {processor.py:208} INFO - Processing /home/airflow/.local/lib/python3.9/site-packages/airflow/example_dags/example_sla_dag.py took 0.064 seconds
[2025-02-01T12:09:12.040+0000] {processor.py:186} INFO - Started process (PID=1404) to work on /home/airflow/.local/lib/python3.9/site-packages/airflow/example_dags/example_sla_dag.py
[2025-02-01T12:09:12.041+0000] {processor.py:914} INFO - Processing file /home/airflow/.local/lib/python3.9/site-packages/airflow/example_dags/example_sla_dag.py for tasks to queue
[2025-02-01T12:09:12.043+0000] {logging_mixin.py:190} INFO - [2025-02-01T12:09:12.042+0000] {dagbag.py:588} INFO - Filling up the DagBag from /home/airflow/.local/lib/python3.9/site-packages/airflow/example_dags/example_sla_dag.py
[2025-02-01T12:09:12.050+0000] {processor.py:925} INFO - DAG(s) 'example_sla_dag' retrieved from /home/airflow/.local/lib/python3.9/site-packages/airflow/example_dags/example_sla_dag.py
[2025-02-01T12:09:12.065+0000] {logging_mixin.py:190} INFO - [2025-02-01T12:09:12.065+0000] {dag.py:3239} INFO - Sync 1 DAGs
[2025-02-01T12:09:12.085+0000] {logging_mixin.py:190} INFO - [2025-02-01T12:09:12.085+0000] {dag.py:4180} INFO - Setting next_dagrun for example_sla_dag to 2025-02-01 12:06:00+00:00, run_after=2025-02-01 12:08:00+00:00
[2025-02-01T12:09:12.098+0000] {processor.py:208} INFO - Processing /home/airflow/.local/lib/python3.9/site-packages/airflow/example_dags/example_sla_dag.py took 0.063 seconds
[2025-02-01T12:09:42.260+0000] {processor.py:186} INFO - Started process (PID=1467) to work on /home/airflow/.local/lib/python3.9/site-packages/airflow/example_dags/example_sla_dag.py
[2025-02-01T12:09:42.261+0000] {processor.py:914} INFO - Processing file /home/airflow/.local/lib/python3.9/site-packages/airflow/example_dags/example_sla_dag.py for tasks to queue
[2025-02-01T12:09:42.263+0000] {logging_mixin.py:190} INFO - [2025-02-01T12:09:42.262+0000] {dagbag.py:588} INFO - Filling up the DagBag from /home/airflow/.local/lib/python3.9/site-packages/airflow/example_dags/example_sla_dag.py
[2025-02-01T12:09:42.271+0000] {processor.py:925} INFO - DAG(s) 'example_sla_dag' retrieved from /home/airflow/.local/lib/python3.9/site-packages/airflow/example_dags/example_sla_dag.py
[2025-02-01T12:09:42.289+0000] {logging_mixin.py:190} INFO - [2025-02-01T12:09:42.289+0000] {dag.py:3239} INFO - Sync 1 DAGs
[2025-02-01T12:09:42.307+0000] {logging_mixin.py:190} INFO - [2025-02-01T12:09:42.307+0000] {dag.py:4180} INFO - Setting next_dagrun for example_sla_dag to 2025-02-01 12:06:00+00:00, run_after=2025-02-01 12:08:00+00:00
[2025-02-01T12:09:42.320+0000] {processor.py:208} INFO - Processing /home/airflow/.local/lib/python3.9/site-packages/airflow/example_dags/example_sla_dag.py took 0.064 seconds
