[2025-02-01T11:58:41.416+0000] {processor.py:186} INFO - Started process (PID=111) to work on /home/airflow/.local/lib/python3.9/site-packages/airflow/example_dags/example_task_group.py
[2025-02-01T11:58:41.417+0000] {processor.py:914} INFO - Processing file /home/airflow/.local/lib/python3.9/site-packages/airflow/example_dags/example_task_group.py for tasks to queue
[2025-02-01T11:58:41.419+0000] {logging_mixin.py:190} INFO - [2025-02-01T11:58:41.419+0000] {dagbag.py:588} INFO - Filling up the DagBag from /home/airflow/.local/lib/python3.9/site-packages/airflow/example_dags/example_task_group.py
[2025-02-01T11:58:41.450+0000] {processor.py:925} INFO - DAG(s) 'example_task_group' retrieved from /home/airflow/.local/lib/python3.9/site-packages/airflow/example_dags/example_task_group.py
[2025-02-01T11:58:41.637+0000] {logging_mixin.py:190} INFO - [2025-02-01T11:58:41.636+0000] {override.py:1911} INFO - Created Permission View: can edit on DAG:example_task_group
[2025-02-01T11:58:41.656+0000] {logging_mixin.py:190} INFO - [2025-02-01T11:58:41.656+0000] {override.py:1911} INFO - Created Permission View: can delete on DAG:example_task_group
[2025-02-01T11:58:41.670+0000] {logging_mixin.py:190} INFO - [2025-02-01T11:58:41.669+0000] {override.py:1911} INFO - Created Permission View: can read on DAG:example_task_group
[2025-02-01T11:58:41.679+0000] {logging_mixin.py:190} INFO - [2025-02-01T11:58:41.679+0000] {override.py:1911} INFO - Created Permission View: can create on DAG Run:example_task_group
[2025-02-01T11:58:41.690+0000] {logging_mixin.py:190} INFO - [2025-02-01T11:58:41.689+0000] {override.py:1911} INFO - Created Permission View: can delete on DAG Run:example_task_group
[2025-02-01T11:58:41.704+0000] {logging_mixin.py:190} INFO - [2025-02-01T11:58:41.704+0000] {override.py:1911} INFO - Created Permission View: can read on DAG Run:example_task_group
[2025-02-01T11:58:41.714+0000] {logging_mixin.py:190} INFO - [2025-02-01T11:58:41.713+0000] {override.py:1911} INFO - Created Permission View: menu access on DAG Run:example_task_group
[2025-02-01T11:58:41.714+0000] {logging_mixin.py:190} INFO - [2025-02-01T11:58:41.714+0000] {dag.py:3239} INFO - Sync 1 DAGs
[2025-02-01T11:58:41.730+0000] {logging_mixin.py:190} INFO - [2025-02-01T11:58:41.729+0000] {dag.py:3262} INFO - Creating ORM DAG for example_task_group
[2025-02-01T11:58:41.731+0000] {logging_mixin.py:190} INFO - [2025-02-01T11:58:41.730+0000] {dag.py:4180} INFO - Setting next_dagrun for example_task_group to None, run_after=None
[2025-02-01T11:58:41.783+0000] {processor.py:208} INFO - Processing /home/airflow/.local/lib/python3.9/site-packages/airflow/example_dags/example_task_group.py took 0.387 seconds
[2025-02-01T11:59:12.620+0000] {processor.py:186} INFO - Started process (PID=174) to work on /home/airflow/.local/lib/python3.9/site-packages/airflow/example_dags/example_task_group.py
[2025-02-01T11:59:12.621+0000] {processor.py:914} INFO - Processing file /home/airflow/.local/lib/python3.9/site-packages/airflow/example_dags/example_task_group.py for tasks to queue
[2025-02-01T11:59:12.623+0000] {logging_mixin.py:190} INFO - [2025-02-01T11:59:12.623+0000] {dagbag.py:588} INFO - Filling up the DagBag from /home/airflow/.local/lib/python3.9/site-packages/airflow/example_dags/example_task_group.py
[2025-02-01T11:59:12.633+0000] {processor.py:925} INFO - DAG(s) 'example_task_group' retrieved from /home/airflow/.local/lib/python3.9/site-packages/airflow/example_dags/example_task_group.py
[2025-02-01T11:59:12.663+0000] {logging_mixin.py:190} INFO - [2025-02-01T11:59:12.663+0000] {dag.py:3239} INFO - Sync 1 DAGs
[2025-02-01T11:59:12.681+0000] {logging_mixin.py:190} INFO - [2025-02-01T11:59:12.681+0000] {dag.py:4180} INFO - Setting next_dagrun for example_task_group to None, run_after=None
[2025-02-01T11:59:12.698+0000] {processor.py:208} INFO - Processing /home/airflow/.local/lib/python3.9/site-packages/airflow/example_dags/example_task_group.py took 0.084 seconds
[2025-02-01T11:59:43.419+0000] {processor.py:186} INFO - Started process (PID=238) to work on /home/airflow/.local/lib/python3.9/site-packages/airflow/example_dags/example_task_group.py
[2025-02-01T11:59:43.419+0000] {processor.py:914} INFO - Processing file /home/airflow/.local/lib/python3.9/site-packages/airflow/example_dags/example_task_group.py for tasks to queue
[2025-02-01T11:59:43.422+0000] {logging_mixin.py:190} INFO - [2025-02-01T11:59:43.421+0000] {dagbag.py:588} INFO - Filling up the DagBag from /home/airflow/.local/lib/python3.9/site-packages/airflow/example_dags/example_task_group.py
[2025-02-01T11:59:43.431+0000] {processor.py:925} INFO - DAG(s) 'example_task_group' retrieved from /home/airflow/.local/lib/python3.9/site-packages/airflow/example_dags/example_task_group.py
[2025-02-01T11:59:43.474+0000] {logging_mixin.py:190} INFO - [2025-02-01T11:59:43.474+0000] {dag.py:3239} INFO - Sync 1 DAGs
[2025-02-01T11:59:43.490+0000] {logging_mixin.py:190} INFO - [2025-02-01T11:59:43.490+0000] {dag.py:4180} INFO - Setting next_dagrun for example_task_group to None, run_after=None
[2025-02-01T11:59:43.507+0000] {processor.py:208} INFO - Processing /home/airflow/.local/lib/python3.9/site-packages/airflow/example_dags/example_task_group.py took 0.095 seconds
[2025-02-01T12:00:17.444+0000] {processor.py:186} INFO - Started process (PID=303) to work on /home/airflow/.local/lib/python3.9/site-packages/airflow/example_dags/example_task_group.py
[2025-02-01T12:00:17.445+0000] {processor.py:914} INFO - Processing file /home/airflow/.local/lib/python3.9/site-packages/airflow/example_dags/example_task_group.py for tasks to queue
[2025-02-01T12:00:17.448+0000] {logging_mixin.py:190} INFO - [2025-02-01T12:00:17.448+0000] {dagbag.py:588} INFO - Filling up the DagBag from /home/airflow/.local/lib/python3.9/site-packages/airflow/example_dags/example_task_group.py
[2025-02-01T12:00:17.458+0000] {processor.py:925} INFO - DAG(s) 'example_task_group' retrieved from /home/airflow/.local/lib/python3.9/site-packages/airflow/example_dags/example_task_group.py
[2025-02-01T12:00:17.483+0000] {logging_mixin.py:190} INFO - [2025-02-01T12:00:17.482+0000] {dag.py:3239} INFO - Sync 1 DAGs
[2025-02-01T12:00:17.498+0000] {logging_mixin.py:190} INFO - [2025-02-01T12:00:17.498+0000] {dag.py:4180} INFO - Setting next_dagrun for example_task_group to None, run_after=None
[2025-02-01T12:00:17.515+0000] {processor.py:208} INFO - Processing /home/airflow/.local/lib/python3.9/site-packages/airflow/example_dags/example_task_group.py took 0.079 seconds
[2025-02-01T12:00:50.439+0000] {processor.py:186} INFO - Started process (PID=368) to work on /home/airflow/.local/lib/python3.9/site-packages/airflow/example_dags/example_task_group.py
[2025-02-01T12:00:50.448+0000] {processor.py:914} INFO - Processing file /home/airflow/.local/lib/python3.9/site-packages/airflow/example_dags/example_task_group.py for tasks to queue
[2025-02-01T12:00:50.472+0000] {logging_mixin.py:190} INFO - [2025-02-01T12:00:50.467+0000] {dagbag.py:588} INFO - Filling up the DagBag from /home/airflow/.local/lib/python3.9/site-packages/airflow/example_dags/example_task_group.py
[2025-02-01T12:00:50.513+0000] {processor.py:925} INFO - DAG(s) 'example_task_group' retrieved from /home/airflow/.local/lib/python3.9/site-packages/airflow/example_dags/example_task_group.py
[2025-02-01T12:00:50.656+0000] {logging_mixin.py:190} INFO - [2025-02-01T12:00:50.656+0000] {dag.py:3239} INFO - Sync 1 DAGs
[2025-02-01T12:00:50.746+0000] {logging_mixin.py:190} INFO - [2025-02-01T12:00:50.745+0000] {dag.py:4180} INFO - Setting next_dagrun for example_task_group to None, run_after=None
[2025-02-01T12:00:50.839+0000] {processor.py:208} INFO - Processing /home/airflow/.local/lib/python3.9/site-packages/airflow/example_dags/example_task_group.py took 0.455 seconds
[2025-02-01T12:01:21.338+0000] {processor.py:186} INFO - Started process (PID=430) to work on /home/airflow/.local/lib/python3.9/site-packages/airflow/example_dags/example_task_group.py
[2025-02-01T12:01:21.342+0000] {processor.py:914} INFO - Processing file /home/airflow/.local/lib/python3.9/site-packages/airflow/example_dags/example_task_group.py for tasks to queue
[2025-02-01T12:01:21.344+0000] {logging_mixin.py:190} INFO - [2025-02-01T12:01:21.344+0000] {dagbag.py:588} INFO - Filling up the DagBag from /home/airflow/.local/lib/python3.9/site-packages/airflow/example_dags/example_task_group.py
[2025-02-01T12:01:21.359+0000] {processor.py:925} INFO - DAG(s) 'example_task_group' retrieved from /home/airflow/.local/lib/python3.9/site-packages/airflow/example_dags/example_task_group.py
[2025-02-01T12:01:21.428+0000] {logging_mixin.py:190} INFO - [2025-02-01T12:01:21.422+0000] {dag.py:3239} INFO - Sync 1 DAGs
[2025-02-01T12:01:21.463+0000] {logging_mixin.py:190} INFO - [2025-02-01T12:01:21.463+0000] {dag.py:4180} INFO - Setting next_dagrun for example_task_group to None, run_after=None
[2025-02-01T12:01:21.495+0000] {processor.py:208} INFO - Processing /home/airflow/.local/lib/python3.9/site-packages/airflow/example_dags/example_task_group.py took 0.165 seconds
[2025-02-01T12:01:52.384+0000] {processor.py:186} INFO - Started process (PID=493) to work on /home/airflow/.local/lib/python3.9/site-packages/airflow/example_dags/example_task_group.py
[2025-02-01T12:01:52.385+0000] {processor.py:914} INFO - Processing file /home/airflow/.local/lib/python3.9/site-packages/airflow/example_dags/example_task_group.py for tasks to queue
[2025-02-01T12:01:52.387+0000] {logging_mixin.py:190} INFO - [2025-02-01T12:01:52.387+0000] {dagbag.py:588} INFO - Filling up the DagBag from /home/airflow/.local/lib/python3.9/site-packages/airflow/example_dags/example_task_group.py
[2025-02-01T12:01:52.397+0000] {processor.py:925} INFO - DAG(s) 'example_task_group' retrieved from /home/airflow/.local/lib/python3.9/site-packages/airflow/example_dags/example_task_group.py
[2025-02-01T12:01:52.423+0000] {logging_mixin.py:190} INFO - [2025-02-01T12:01:52.423+0000] {dag.py:3239} INFO - Sync 1 DAGs
[2025-02-01T12:01:52.447+0000] {logging_mixin.py:190} INFO - [2025-02-01T12:01:52.446+0000] {dag.py:4180} INFO - Setting next_dagrun for example_task_group to None, run_after=None
[2025-02-01T12:01:52.465+0000] {processor.py:208} INFO - Processing /home/airflow/.local/lib/python3.9/site-packages/airflow/example_dags/example_task_group.py took 0.086 seconds
[2025-02-01T12:02:23.526+0000] {processor.py:186} INFO - Started process (PID=563) to work on /home/airflow/.local/lib/python3.9/site-packages/airflow/example_dags/example_task_group.py
[2025-02-01T12:02:23.526+0000] {processor.py:914} INFO - Processing file /home/airflow/.local/lib/python3.9/site-packages/airflow/example_dags/example_task_group.py for tasks to queue
[2025-02-01T12:02:23.529+0000] {logging_mixin.py:190} INFO - [2025-02-01T12:02:23.528+0000] {dagbag.py:588} INFO - Filling up the DagBag from /home/airflow/.local/lib/python3.9/site-packages/airflow/example_dags/example_task_group.py
[2025-02-01T12:02:23.538+0000] {processor.py:925} INFO - DAG(s) 'example_task_group' retrieved from /home/airflow/.local/lib/python3.9/site-packages/airflow/example_dags/example_task_group.py
[2025-02-01T12:02:23.560+0000] {logging_mixin.py:190} INFO - [2025-02-01T12:02:23.560+0000] {dag.py:3239} INFO - Sync 1 DAGs
[2025-02-01T12:02:23.576+0000] {logging_mixin.py:190} INFO - [2025-02-01T12:02:23.576+0000] {dag.py:4180} INFO - Setting next_dagrun for example_task_group to None, run_after=None
[2025-02-01T12:02:23.598+0000] {processor.py:208} INFO - Processing /home/airflow/.local/lib/python3.9/site-packages/airflow/example_dags/example_task_group.py took 0.079 seconds
[2025-02-01T12:02:54.452+0000] {processor.py:186} INFO - Started process (PID=625) to work on /home/airflow/.local/lib/python3.9/site-packages/airflow/example_dags/example_task_group.py
[2025-02-01T12:02:54.453+0000] {processor.py:914} INFO - Processing file /home/airflow/.local/lib/python3.9/site-packages/airflow/example_dags/example_task_group.py for tasks to queue
[2025-02-01T12:02:54.455+0000] {logging_mixin.py:190} INFO - [2025-02-01T12:02:54.455+0000] {dagbag.py:588} INFO - Filling up the DagBag from /home/airflow/.local/lib/python3.9/site-packages/airflow/example_dags/example_task_group.py
[2025-02-01T12:02:54.464+0000] {processor.py:925} INFO - DAG(s) 'example_task_group' retrieved from /home/airflow/.local/lib/python3.9/site-packages/airflow/example_dags/example_task_group.py
[2025-02-01T12:02:54.486+0000] {logging_mixin.py:190} INFO - [2025-02-01T12:02:54.486+0000] {dag.py:3239} INFO - Sync 1 DAGs
[2025-02-01T12:02:54.501+0000] {logging_mixin.py:190} INFO - [2025-02-01T12:02:54.501+0000] {dag.py:4180} INFO - Setting next_dagrun for example_task_group to None, run_after=None
[2025-02-01T12:02:54.518+0000] {processor.py:208} INFO - Processing /home/airflow/.local/lib/python3.9/site-packages/airflow/example_dags/example_task_group.py took 0.072 seconds
[2025-02-01T12:03:25.475+0000] {processor.py:186} INFO - Started process (PID=691) to work on /home/airflow/.local/lib/python3.9/site-packages/airflow/example_dags/example_task_group.py
[2025-02-01T12:03:25.476+0000] {processor.py:914} INFO - Processing file /home/airflow/.local/lib/python3.9/site-packages/airflow/example_dags/example_task_group.py for tasks to queue
[2025-02-01T12:03:25.478+0000] {logging_mixin.py:190} INFO - [2025-02-01T12:03:25.478+0000] {dagbag.py:588} INFO - Filling up the DagBag from /home/airflow/.local/lib/python3.9/site-packages/airflow/example_dags/example_task_group.py
[2025-02-01T12:03:25.487+0000] {processor.py:925} INFO - DAG(s) 'example_task_group' retrieved from /home/airflow/.local/lib/python3.9/site-packages/airflow/example_dags/example_task_group.py
[2025-02-01T12:03:25.511+0000] {logging_mixin.py:190} INFO - [2025-02-01T12:03:25.511+0000] {dag.py:3239} INFO - Sync 1 DAGs
[2025-02-01T12:03:25.527+0000] {logging_mixin.py:190} INFO - [2025-02-01T12:03:25.527+0000] {dag.py:4180} INFO - Setting next_dagrun for example_task_group to None, run_after=None
[2025-02-01T12:03:25.553+0000] {processor.py:208} INFO - Processing /home/airflow/.local/lib/python3.9/site-packages/airflow/example_dags/example_task_group.py took 0.084 seconds
[2025-02-01T12:03:55.921+0000] {processor.py:186} INFO - Started process (PID=754) to work on /home/airflow/.local/lib/python3.9/site-packages/airflow/example_dags/example_task_group.py
[2025-02-01T12:03:55.922+0000] {processor.py:914} INFO - Processing file /home/airflow/.local/lib/python3.9/site-packages/airflow/example_dags/example_task_group.py for tasks to queue
[2025-02-01T12:03:55.924+0000] {logging_mixin.py:190} INFO - [2025-02-01T12:03:55.923+0000] {dagbag.py:588} INFO - Filling up the DagBag from /home/airflow/.local/lib/python3.9/site-packages/airflow/example_dags/example_task_group.py
[2025-02-01T12:03:55.933+0000] {processor.py:925} INFO - DAG(s) 'example_task_group' retrieved from /home/airflow/.local/lib/python3.9/site-packages/airflow/example_dags/example_task_group.py
[2025-02-01T12:03:55.964+0000] {logging_mixin.py:190} INFO - [2025-02-01T12:03:55.964+0000] {dag.py:3239} INFO - Sync 1 DAGs
[2025-02-01T12:03:55.980+0000] {logging_mixin.py:190} INFO - [2025-02-01T12:03:55.980+0000] {dag.py:4180} INFO - Setting next_dagrun for example_task_group to None, run_after=None
[2025-02-01T12:03:55.999+0000] {processor.py:208} INFO - Processing /home/airflow/.local/lib/python3.9/site-packages/airflow/example_dags/example_task_group.py took 0.085 seconds
[2025-02-01T12:04:26.312+0000] {processor.py:186} INFO - Started process (PID=817) to work on /home/airflow/.local/lib/python3.9/site-packages/airflow/example_dags/example_task_group.py
[2025-02-01T12:04:26.312+0000] {processor.py:914} INFO - Processing file /home/airflow/.local/lib/python3.9/site-packages/airflow/example_dags/example_task_group.py for tasks to queue
[2025-02-01T12:04:26.314+0000] {logging_mixin.py:190} INFO - [2025-02-01T12:04:26.314+0000] {dagbag.py:588} INFO - Filling up the DagBag from /home/airflow/.local/lib/python3.9/site-packages/airflow/example_dags/example_task_group.py
[2025-02-01T12:04:26.324+0000] {processor.py:925} INFO - DAG(s) 'example_task_group' retrieved from /home/airflow/.local/lib/python3.9/site-packages/airflow/example_dags/example_task_group.py
[2025-02-01T12:04:26.345+0000] {logging_mixin.py:190} INFO - [2025-02-01T12:04:26.345+0000] {dag.py:3239} INFO - Sync 1 DAGs
[2025-02-01T12:04:26.362+0000] {logging_mixin.py:190} INFO - [2025-02-01T12:04:26.362+0000] {dag.py:4180} INFO - Setting next_dagrun for example_task_group to None, run_after=None
[2025-02-01T12:04:26.379+0000] {processor.py:208} INFO - Processing /home/airflow/.local/lib/python3.9/site-packages/airflow/example_dags/example_task_group.py took 0.074 seconds
[2025-02-01T12:04:56.926+0000] {processor.py:186} INFO - Started process (PID=879) to work on /home/airflow/.local/lib/python3.9/site-packages/airflow/example_dags/example_task_group.py
[2025-02-01T12:04:56.927+0000] {processor.py:914} INFO - Processing file /home/airflow/.local/lib/python3.9/site-packages/airflow/example_dags/example_task_group.py for tasks to queue
[2025-02-01T12:04:56.929+0000] {logging_mixin.py:190} INFO - [2025-02-01T12:04:56.929+0000] {dagbag.py:588} INFO - Filling up the DagBag from /home/airflow/.local/lib/python3.9/site-packages/airflow/example_dags/example_task_group.py
[2025-02-01T12:04:56.939+0000] {processor.py:925} INFO - DAG(s) 'example_task_group' retrieved from /home/airflow/.local/lib/python3.9/site-packages/airflow/example_dags/example_task_group.py
[2025-02-01T12:04:56.961+0000] {logging_mixin.py:190} INFO - [2025-02-01T12:04:56.961+0000] {dag.py:3239} INFO - Sync 1 DAGs
[2025-02-01T12:04:56.976+0000] {logging_mixin.py:190} INFO - [2025-02-01T12:04:56.975+0000] {dag.py:4180} INFO - Setting next_dagrun for example_task_group to None, run_after=None
[2025-02-01T12:04:56.993+0000] {processor.py:208} INFO - Processing /home/airflow/.local/lib/python3.9/site-packages/airflow/example_dags/example_task_group.py took 0.073 seconds
[2025-02-01T12:05:28.067+0000] {processor.py:186} INFO - Started process (PID=943) to work on /home/airflow/.local/lib/python3.9/site-packages/airflow/example_dags/example_task_group.py
[2025-02-01T12:05:28.068+0000] {processor.py:914} INFO - Processing file /home/airflow/.local/lib/python3.9/site-packages/airflow/example_dags/example_task_group.py for tasks to queue
[2025-02-01T12:05:28.071+0000] {logging_mixin.py:190} INFO - [2025-02-01T12:05:28.071+0000] {dagbag.py:588} INFO - Filling up the DagBag from /home/airflow/.local/lib/python3.9/site-packages/airflow/example_dags/example_task_group.py
[2025-02-01T12:05:28.080+0000] {processor.py:925} INFO - DAG(s) 'example_task_group' retrieved from /home/airflow/.local/lib/python3.9/site-packages/airflow/example_dags/example_task_group.py
[2025-02-01T12:05:28.103+0000] {logging_mixin.py:190} INFO - [2025-02-01T12:05:28.103+0000] {dag.py:3239} INFO - Sync 1 DAGs
[2025-02-01T12:05:28.119+0000] {logging_mixin.py:190} INFO - [2025-02-01T12:05:28.119+0000] {dag.py:4180} INFO - Setting next_dagrun for example_task_group to None, run_after=None
[2025-02-01T12:05:28.151+0000] {processor.py:208} INFO - Processing /home/airflow/.local/lib/python3.9/site-packages/airflow/example_dags/example_task_group.py took 0.091 seconds
[2025-02-01T12:05:58.213+0000] {processor.py:186} INFO - Started process (PID=1005) to work on /home/airflow/.local/lib/python3.9/site-packages/airflow/example_dags/example_task_group.py
[2025-02-01T12:05:58.213+0000] {processor.py:914} INFO - Processing file /home/airflow/.local/lib/python3.9/site-packages/airflow/example_dags/example_task_group.py for tasks to queue
[2025-02-01T12:05:58.216+0000] {logging_mixin.py:190} INFO - [2025-02-01T12:05:58.215+0000] {dagbag.py:588} INFO - Filling up the DagBag from /home/airflow/.local/lib/python3.9/site-packages/airflow/example_dags/example_task_group.py
[2025-02-01T12:05:58.222+0000] {processor.py:925} INFO - DAG(s) 'example_task_group' retrieved from /home/airflow/.local/lib/python3.9/site-packages/airflow/example_dags/example_task_group.py
[2025-02-01T12:05:58.238+0000] {logging_mixin.py:190} INFO - [2025-02-01T12:05:58.238+0000] {dag.py:3239} INFO - Sync 1 DAGs
[2025-02-01T12:05:58.249+0000] {logging_mixin.py:190} INFO - [2025-02-01T12:05:58.248+0000] {dag.py:4180} INFO - Setting next_dagrun for example_task_group to None, run_after=None
[2025-02-01T12:05:58.262+0000] {processor.py:208} INFO - Processing /home/airflow/.local/lib/python3.9/site-packages/airflow/example_dags/example_task_group.py took 0.054 seconds
[2025-02-01T12:06:29.541+0000] {processor.py:186} INFO - Started process (PID=1067) to work on /home/airflow/.local/lib/python3.9/site-packages/airflow/example_dags/example_task_group.py
[2025-02-01T12:06:29.542+0000] {processor.py:914} INFO - Processing file /home/airflow/.local/lib/python3.9/site-packages/airflow/example_dags/example_task_group.py for tasks to queue
[2025-02-01T12:06:29.544+0000] {logging_mixin.py:190} INFO - [2025-02-01T12:06:29.544+0000] {dagbag.py:588} INFO - Filling up the DagBag from /home/airflow/.local/lib/python3.9/site-packages/airflow/example_dags/example_task_group.py
[2025-02-01T12:06:29.571+0000] {processor.py:925} INFO - DAG(s) 'example_task_group' retrieved from /home/airflow/.local/lib/python3.9/site-packages/airflow/example_dags/example_task_group.py
[2025-02-01T12:06:29.600+0000] {logging_mixin.py:190} INFO - [2025-02-01T12:06:29.599+0000] {dag.py:3239} INFO - Sync 1 DAGs
[2025-02-01T12:06:29.617+0000] {logging_mixin.py:190} INFO - [2025-02-01T12:06:29.617+0000] {dag.py:4180} INFO - Setting next_dagrun for example_task_group to None, run_after=None
[2025-02-01T12:06:29.657+0000] {processor.py:208} INFO - Processing /home/airflow/.local/lib/python3.9/site-packages/airflow/example_dags/example_task_group.py took 0.122 seconds
[2025-02-01T12:07:00.330+0000] {processor.py:186} INFO - Started process (PID=1130) to work on /home/airflow/.local/lib/python3.9/site-packages/airflow/example_dags/example_task_group.py
[2025-02-01T12:07:00.331+0000] {processor.py:914} INFO - Processing file /home/airflow/.local/lib/python3.9/site-packages/airflow/example_dags/example_task_group.py for tasks to queue
[2025-02-01T12:07:00.333+0000] {logging_mixin.py:190} INFO - [2025-02-01T12:07:00.333+0000] {dagbag.py:588} INFO - Filling up the DagBag from /home/airflow/.local/lib/python3.9/site-packages/airflow/example_dags/example_task_group.py
[2025-02-01T12:07:00.349+0000] {processor.py:925} INFO - DAG(s) 'example_task_group' retrieved from /home/airflow/.local/lib/python3.9/site-packages/airflow/example_dags/example_task_group.py
[2025-02-01T12:07:00.421+0000] {logging_mixin.py:190} INFO - [2025-02-01T12:07:00.420+0000] {dag.py:3239} INFO - Sync 1 DAGs
[2025-02-01T12:07:00.447+0000] {logging_mixin.py:190} INFO - [2025-02-01T12:07:00.447+0000] {dag.py:4180} INFO - Setting next_dagrun for example_task_group to None, run_after=None
[2025-02-01T12:07:00.465+0000] {processor.py:208} INFO - Processing /home/airflow/.local/lib/python3.9/site-packages/airflow/example_dags/example_task_group.py took 0.144 seconds
[2025-02-01T12:07:31.006+0000] {processor.py:186} INFO - Started process (PID=1193) to work on /home/airflow/.local/lib/python3.9/site-packages/airflow/example_dags/example_task_group.py
[2025-02-01T12:07:31.008+0000] {processor.py:914} INFO - Processing file /home/airflow/.local/lib/python3.9/site-packages/airflow/example_dags/example_task_group.py for tasks to queue
[2025-02-01T12:07:31.010+0000] {logging_mixin.py:190} INFO - [2025-02-01T12:07:31.010+0000] {dagbag.py:588} INFO - Filling up the DagBag from /home/airflow/.local/lib/python3.9/site-packages/airflow/example_dags/example_task_group.py
[2025-02-01T12:07:31.020+0000] {processor.py:925} INFO - DAG(s) 'example_task_group' retrieved from /home/airflow/.local/lib/python3.9/site-packages/airflow/example_dags/example_task_group.py
[2025-02-01T12:07:31.044+0000] {logging_mixin.py:190} INFO - [2025-02-01T12:07:31.044+0000] {dag.py:3239} INFO - Sync 1 DAGs
[2025-02-01T12:07:31.059+0000] {logging_mixin.py:190} INFO - [2025-02-01T12:07:31.059+0000] {dag.py:4180} INFO - Setting next_dagrun for example_task_group to None, run_after=None
[2025-02-01T12:07:31.076+0000] {processor.py:208} INFO - Processing /home/airflow/.local/lib/python3.9/site-packages/airflow/example_dags/example_task_group.py took 0.077 seconds
[2025-02-01T12:08:01.259+0000] {processor.py:186} INFO - Started process (PID=1257) to work on /home/airflow/.local/lib/python3.9/site-packages/airflow/example_dags/example_task_group.py
[2025-02-01T12:08:01.260+0000] {processor.py:914} INFO - Processing file /home/airflow/.local/lib/python3.9/site-packages/airflow/example_dags/example_task_group.py for tasks to queue
[2025-02-01T12:08:01.262+0000] {logging_mixin.py:190} INFO - [2025-02-01T12:08:01.261+0000] {dagbag.py:588} INFO - Filling up the DagBag from /home/airflow/.local/lib/python3.9/site-packages/airflow/example_dags/example_task_group.py
[2025-02-01T12:08:01.273+0000] {processor.py:925} INFO - DAG(s) 'example_task_group' retrieved from /home/airflow/.local/lib/python3.9/site-packages/airflow/example_dags/example_task_group.py
[2025-02-01T12:08:01.311+0000] {logging_mixin.py:190} INFO - [2025-02-01T12:08:01.311+0000] {dag.py:3239} INFO - Sync 1 DAGs
[2025-02-01T12:08:01.327+0000] {logging_mixin.py:190} INFO - [2025-02-01T12:08:01.327+0000] {dag.py:4180} INFO - Setting next_dagrun for example_task_group to None, run_after=None
[2025-02-01T12:08:01.347+0000] {processor.py:208} INFO - Processing /home/airflow/.local/lib/python3.9/site-packages/airflow/example_dags/example_task_group.py took 0.095 seconds
[2025-02-01T12:08:31.717+0000] {processor.py:186} INFO - Started process (PID=1320) to work on /home/airflow/.local/lib/python3.9/site-packages/airflow/example_dags/example_task_group.py
[2025-02-01T12:08:31.718+0000] {processor.py:914} INFO - Processing file /home/airflow/.local/lib/python3.9/site-packages/airflow/example_dags/example_task_group.py for tasks to queue
[2025-02-01T12:08:31.719+0000] {logging_mixin.py:190} INFO - [2025-02-01T12:08:31.719+0000] {dagbag.py:588} INFO - Filling up the DagBag from /home/airflow/.local/lib/python3.9/site-packages/airflow/example_dags/example_task_group.py
[2025-02-01T12:08:31.726+0000] {processor.py:925} INFO - DAG(s) 'example_task_group' retrieved from /home/airflow/.local/lib/python3.9/site-packages/airflow/example_dags/example_task_group.py
[2025-02-01T12:08:31.742+0000] {logging_mixin.py:190} INFO - [2025-02-01T12:08:31.742+0000] {dag.py:3239} INFO - Sync 1 DAGs
[2025-02-01T12:08:31.758+0000] {logging_mixin.py:190} INFO - [2025-02-01T12:08:31.758+0000] {dag.py:4180} INFO - Setting next_dagrun for example_task_group to None, run_after=None
[2025-02-01T12:08:31.773+0000] {processor.py:208} INFO - Processing /home/airflow/.local/lib/python3.9/site-packages/airflow/example_dags/example_task_group.py took 0.065 seconds
[2025-02-01T12:09:02.153+0000] {processor.py:186} INFO - Started process (PID=1383) to work on /home/airflow/.local/lib/python3.9/site-packages/airflow/example_dags/example_task_group.py
[2025-02-01T12:09:02.154+0000] {processor.py:914} INFO - Processing file /home/airflow/.local/lib/python3.9/site-packages/airflow/example_dags/example_task_group.py for tasks to queue
[2025-02-01T12:09:02.156+0000] {logging_mixin.py:190} INFO - [2025-02-01T12:09:02.156+0000] {dagbag.py:588} INFO - Filling up the DagBag from /home/airflow/.local/lib/python3.9/site-packages/airflow/example_dags/example_task_group.py
[2025-02-01T12:09:02.181+0000] {processor.py:925} INFO - DAG(s) 'example_task_group' retrieved from /home/airflow/.local/lib/python3.9/site-packages/airflow/example_dags/example_task_group.py
[2025-02-01T12:09:02.218+0000] {logging_mixin.py:190} INFO - [2025-02-01T12:09:02.217+0000] {dag.py:3239} INFO - Sync 1 DAGs
[2025-02-01T12:09:02.232+0000] {logging_mixin.py:190} INFO - [2025-02-01T12:09:02.232+0000] {dag.py:4180} INFO - Setting next_dagrun for example_task_group to None, run_after=None
[2025-02-01T12:09:02.250+0000] {processor.py:208} INFO - Processing /home/airflow/.local/lib/python3.9/site-packages/airflow/example_dags/example_task_group.py took 0.108 seconds
[2025-02-01T12:09:33.213+0000] {processor.py:186} INFO - Started process (PID=1446) to work on /home/airflow/.local/lib/python3.9/site-packages/airflow/example_dags/example_task_group.py
[2025-02-01T12:09:33.215+0000] {processor.py:914} INFO - Processing file /home/airflow/.local/lib/python3.9/site-packages/airflow/example_dags/example_task_group.py for tasks to queue
[2025-02-01T12:09:33.217+0000] {logging_mixin.py:190} INFO - [2025-02-01T12:09:33.217+0000] {dagbag.py:588} INFO - Filling up the DagBag from /home/airflow/.local/lib/python3.9/site-packages/airflow/example_dags/example_task_group.py
[2025-02-01T12:09:33.227+0000] {processor.py:925} INFO - DAG(s) 'example_task_group' retrieved from /home/airflow/.local/lib/python3.9/site-packages/airflow/example_dags/example_task_group.py
[2025-02-01T12:09:33.257+0000] {logging_mixin.py:190} INFO - [2025-02-01T12:09:33.256+0000] {dag.py:3239} INFO - Sync 1 DAGs
[2025-02-01T12:09:33.283+0000] {logging_mixin.py:190} INFO - [2025-02-01T12:09:33.283+0000] {dag.py:4180} INFO - Setting next_dagrun for example_task_group to None, run_after=None
[2025-02-01T12:09:33.322+0000] {processor.py:208} INFO - Processing /home/airflow/.local/lib/python3.9/site-packages/airflow/example_dags/example_task_group.py took 0.115 seconds
