[2025-02-01T11:58:36.699+0000] {processor.py:186} INFO - Started process (PID=99) to work on /home/airflow/.local/lib/python3.9/site-packages/airflow/example_dags/example_trigger_target_dag.py
[2025-02-01T11:58:36.700+0000] {processor.py:914} INFO - Processing file /home/airflow/.local/lib/python3.9/site-packages/airflow/example_dags/example_trigger_target_dag.py for tasks to queue
[2025-02-01T11:58:36.707+0000] {logging_mixin.py:190} INFO - [2025-02-01T11:58:36.702+0000] {dagbag.py:588} INFO - Filling up the DagBag from /home/airflow/.local/lib/python3.9/site-packages/airflow/example_dags/example_trigger_target_dag.py
[2025-02-01T11:58:36.721+0000] {processor.py:925} INFO - DAG(s) 'example_trigger_target_dag' retrieved from /home/airflow/.local/lib/python3.9/site-packages/airflow/example_dags/example_trigger_target_dag.py
[2025-02-01T11:58:36.875+0000] {logging_mixin.py:190} INFO - [2025-02-01T11:58:36.875+0000] {override.py:1911} INFO - Created Permission View: can edit on DAG:example_trigger_target_dag
[2025-02-01T11:58:36.894+0000] {logging_mixin.py:190} INFO - [2025-02-01T11:58:36.894+0000] {override.py:1911} INFO - Created Permission View: can delete on DAG:example_trigger_target_dag
[2025-02-01T11:58:36.907+0000] {logging_mixin.py:190} INFO - [2025-02-01T11:58:36.906+0000] {override.py:1911} INFO - Created Permission View: can read on DAG:example_trigger_target_dag
[2025-02-01T11:58:36.933+0000] {logging_mixin.py:190} INFO - [2025-02-01T11:58:36.933+0000] {override.py:1911} INFO - Created Permission View: can create on DAG Run:example_trigger_target_dag
[2025-02-01T11:58:36.950+0000] {logging_mixin.py:190} INFO - [2025-02-01T11:58:36.950+0000] {override.py:1911} INFO - Created Permission View: can delete on DAG Run:example_trigger_target_dag
[2025-02-01T11:58:36.957+0000] {logging_mixin.py:190} INFO - [2025-02-01T11:58:36.957+0000] {override.py:1911} INFO - Created Permission View: can read on DAG Run:example_trigger_target_dag
[2025-02-01T11:58:36.969+0000] {logging_mixin.py:190} INFO - [2025-02-01T11:58:36.969+0000] {override.py:1911} INFO - Created Permission View: menu access on DAG Run:example_trigger_target_dag
[2025-02-01T11:58:36.969+0000] {logging_mixin.py:190} INFO - [2025-02-01T11:58:36.969+0000] {dag.py:3239} INFO - Sync 1 DAGs
[2025-02-01T11:58:37.005+0000] {logging_mixin.py:190} INFO - [2025-02-01T11:58:37.005+0000] {dag.py:3262} INFO - Creating ORM DAG for example_trigger_target_dag
[2025-02-01T11:58:37.006+0000] {logging_mixin.py:190} INFO - [2025-02-01T11:58:37.006+0000] {dag.py:4180} INFO - Setting next_dagrun for example_trigger_target_dag to None, run_after=None
[2025-02-01T11:58:37.032+0000] {processor.py:208} INFO - Processing /home/airflow/.local/lib/python3.9/site-packages/airflow/example_dags/example_trigger_target_dag.py took 0.339 seconds
[2025-02-01T11:59:07.220+0000] {processor.py:186} INFO - Started process (PID=162) to work on /home/airflow/.local/lib/python3.9/site-packages/airflow/example_dags/example_trigger_target_dag.py
[2025-02-01T11:59:07.221+0000] {processor.py:914} INFO - Processing file /home/airflow/.local/lib/python3.9/site-packages/airflow/example_dags/example_trigger_target_dag.py for tasks to queue
[2025-02-01T11:59:07.222+0000] {logging_mixin.py:190} INFO - [2025-02-01T11:59:07.222+0000] {dagbag.py:588} INFO - Filling up the DagBag from /home/airflow/.local/lib/python3.9/site-packages/airflow/example_dags/example_trigger_target_dag.py
[2025-02-01T11:59:07.228+0000] {processor.py:925} INFO - DAG(s) 'example_trigger_target_dag' retrieved from /home/airflow/.local/lib/python3.9/site-packages/airflow/example_dags/example_trigger_target_dag.py
[2025-02-01T11:59:07.242+0000] {logging_mixin.py:190} INFO - [2025-02-01T11:59:07.242+0000] {dag.py:3239} INFO - Sync 1 DAGs
[2025-02-01T11:59:07.252+0000] {logging_mixin.py:190} INFO - [2025-02-01T11:59:07.251+0000] {dag.py:4180} INFO - Setting next_dagrun for example_trigger_target_dag to None, run_after=None
[2025-02-01T11:59:07.264+0000] {processor.py:208} INFO - Processing /home/airflow/.local/lib/python3.9/site-packages/airflow/example_dags/example_trigger_target_dag.py took 0.049 seconds
[2025-02-01T11:59:37.931+0000] {processor.py:186} INFO - Started process (PID=226) to work on /home/airflow/.local/lib/python3.9/site-packages/airflow/example_dags/example_trigger_target_dag.py
[2025-02-01T11:59:37.931+0000] {processor.py:914} INFO - Processing file /home/airflow/.local/lib/python3.9/site-packages/airflow/example_dags/example_trigger_target_dag.py for tasks to queue
[2025-02-01T11:59:37.935+0000] {logging_mixin.py:190} INFO - [2025-02-01T11:59:37.934+0000] {dagbag.py:588} INFO - Filling up the DagBag from /home/airflow/.local/lib/python3.9/site-packages/airflow/example_dags/example_trigger_target_dag.py
[2025-02-01T11:59:37.953+0000] {processor.py:925} INFO - DAG(s) 'example_trigger_target_dag' retrieved from /home/airflow/.local/lib/python3.9/site-packages/airflow/example_dags/example_trigger_target_dag.py
[2025-02-01T11:59:37.975+0000] {logging_mixin.py:190} INFO - [2025-02-01T11:59:37.975+0000] {dag.py:3239} INFO - Sync 1 DAGs
[2025-02-01T11:59:37.992+0000] {logging_mixin.py:190} INFO - [2025-02-01T11:59:37.992+0000] {dag.py:4180} INFO - Setting next_dagrun for example_trigger_target_dag to None, run_after=None
[2025-02-01T11:59:38.024+0000] {processor.py:208} INFO - Processing /home/airflow/.local/lib/python3.9/site-packages/airflow/example_dags/example_trigger_target_dag.py took 0.103 seconds
[2025-02-01T12:00:08.339+0000] {processor.py:186} INFO - Started process (PID=289) to work on /home/airflow/.local/lib/python3.9/site-packages/airflow/example_dags/example_trigger_target_dag.py
[2025-02-01T12:00:08.340+0000] {processor.py:914} INFO - Processing file /home/airflow/.local/lib/python3.9/site-packages/airflow/example_dags/example_trigger_target_dag.py for tasks to queue
[2025-02-01T12:00:08.342+0000] {logging_mixin.py:190} INFO - [2025-02-01T12:00:08.342+0000] {dagbag.py:588} INFO - Filling up the DagBag from /home/airflow/.local/lib/python3.9/site-packages/airflow/example_dags/example_trigger_target_dag.py
[2025-02-01T12:00:08.350+0000] {processor.py:925} INFO - DAG(s) 'example_trigger_target_dag' retrieved from /home/airflow/.local/lib/python3.9/site-packages/airflow/example_dags/example_trigger_target_dag.py
[2025-02-01T12:00:08.369+0000] {logging_mixin.py:190} INFO - [2025-02-01T12:00:08.369+0000] {dag.py:3239} INFO - Sync 1 DAGs
[2025-02-01T12:00:08.385+0000] {logging_mixin.py:190} INFO - [2025-02-01T12:00:08.385+0000] {dag.py:4180} INFO - Setting next_dagrun for example_trigger_target_dag to None, run_after=None
[2025-02-01T12:00:08.406+0000] {processor.py:208} INFO - Processing /home/airflow/.local/lib/python3.9/site-packages/airflow/example_dags/example_trigger_target_dag.py took 0.073 seconds
[2025-02-01T12:00:38.783+0000] {processor.py:186} INFO - Started process (PID=353) to work on /home/airflow/.local/lib/python3.9/site-packages/airflow/example_dags/example_trigger_target_dag.py
[2025-02-01T12:00:38.784+0000] {processor.py:914} INFO - Processing file /home/airflow/.local/lib/python3.9/site-packages/airflow/example_dags/example_trigger_target_dag.py for tasks to queue
[2025-02-01T12:00:38.785+0000] {logging_mixin.py:190} INFO - [2025-02-01T12:00:38.785+0000] {dagbag.py:588} INFO - Filling up the DagBag from /home/airflow/.local/lib/python3.9/site-packages/airflow/example_dags/example_trigger_target_dag.py
[2025-02-01T12:00:38.791+0000] {processor.py:925} INFO - DAG(s) 'example_trigger_target_dag' retrieved from /home/airflow/.local/lib/python3.9/site-packages/airflow/example_dags/example_trigger_target_dag.py
[2025-02-01T12:00:38.805+0000] {logging_mixin.py:190} INFO - [2025-02-01T12:00:38.805+0000] {dag.py:3239} INFO - Sync 1 DAGs
[2025-02-01T12:00:38.816+0000] {logging_mixin.py:190} INFO - [2025-02-01T12:00:38.816+0000] {dag.py:4180} INFO - Setting next_dagrun for example_trigger_target_dag to None, run_after=None
[2025-02-01T12:00:38.828+0000] {processor.py:208} INFO - Processing /home/airflow/.local/lib/python3.9/site-packages/airflow/example_dags/example_trigger_target_dag.py took 0.050 seconds
[2025-02-01T12:01:08.926+0000] {processor.py:186} INFO - Started process (PID=415) to work on /home/airflow/.local/lib/python3.9/site-packages/airflow/example_dags/example_trigger_target_dag.py
[2025-02-01T12:01:08.929+0000] {processor.py:914} INFO - Processing file /home/airflow/.local/lib/python3.9/site-packages/airflow/example_dags/example_trigger_target_dag.py for tasks to queue
[2025-02-01T12:01:08.933+0000] {logging_mixin.py:190} INFO - [2025-02-01T12:01:08.933+0000] {dagbag.py:588} INFO - Filling up the DagBag from /home/airflow/.local/lib/python3.9/site-packages/airflow/example_dags/example_trigger_target_dag.py
[2025-02-01T12:01:08.949+0000] {processor.py:925} INFO - DAG(s) 'example_trigger_target_dag' retrieved from /home/airflow/.local/lib/python3.9/site-packages/airflow/example_dags/example_trigger_target_dag.py
[2025-02-01T12:01:09.000+0000] {logging_mixin.py:190} INFO - [2025-02-01T12:01:09.000+0000] {dag.py:3239} INFO - Sync 1 DAGs
[2025-02-01T12:01:09.018+0000] {logging_mixin.py:190} INFO - [2025-02-01T12:01:09.018+0000] {dag.py:4180} INFO - Setting next_dagrun for example_trigger_target_dag to None, run_after=None
[2025-02-01T12:01:09.037+0000] {processor.py:208} INFO - Processing /home/airflow/.local/lib/python3.9/site-packages/airflow/example_dags/example_trigger_target_dag.py took 0.126 seconds
[2025-02-01T12:01:39.368+0000] {processor.py:186} INFO - Started process (PID=478) to work on /home/airflow/.local/lib/python3.9/site-packages/airflow/example_dags/example_trigger_target_dag.py
[2025-02-01T12:01:39.369+0000] {processor.py:914} INFO - Processing file /home/airflow/.local/lib/python3.9/site-packages/airflow/example_dags/example_trigger_target_dag.py for tasks to queue
[2025-02-01T12:01:39.372+0000] {logging_mixin.py:190} INFO - [2025-02-01T12:01:39.372+0000] {dagbag.py:588} INFO - Filling up the DagBag from /home/airflow/.local/lib/python3.9/site-packages/airflow/example_dags/example_trigger_target_dag.py
[2025-02-01T12:01:39.380+0000] {processor.py:925} INFO - DAG(s) 'example_trigger_target_dag' retrieved from /home/airflow/.local/lib/python3.9/site-packages/airflow/example_dags/example_trigger_target_dag.py
[2025-02-01T12:01:39.400+0000] {logging_mixin.py:190} INFO - [2025-02-01T12:01:39.400+0000] {dag.py:3239} INFO - Sync 1 DAGs
[2025-02-01T12:01:39.416+0000] {logging_mixin.py:190} INFO - [2025-02-01T12:01:39.416+0000] {dag.py:4180} INFO - Setting next_dagrun for example_trigger_target_dag to None, run_after=None
[2025-02-01T12:01:39.434+0000] {processor.py:208} INFO - Processing /home/airflow/.local/lib/python3.9/site-packages/airflow/example_dags/example_trigger_target_dag.py took 0.072 seconds
[2025-02-01T12:02:10.382+0000] {processor.py:186} INFO - Started process (PID=542) to work on /home/airflow/.local/lib/python3.9/site-packages/airflow/example_dags/example_trigger_target_dag.py
[2025-02-01T12:02:10.383+0000] {processor.py:914} INFO - Processing file /home/airflow/.local/lib/python3.9/site-packages/airflow/example_dags/example_trigger_target_dag.py for tasks to queue
[2025-02-01T12:02:10.385+0000] {logging_mixin.py:190} INFO - [2025-02-01T12:02:10.384+0000] {dagbag.py:588} INFO - Filling up the DagBag from /home/airflow/.local/lib/python3.9/site-packages/airflow/example_dags/example_trigger_target_dag.py
[2025-02-01T12:02:10.390+0000] {processor.py:925} INFO - DAG(s) 'example_trigger_target_dag' retrieved from /home/airflow/.local/lib/python3.9/site-packages/airflow/example_dags/example_trigger_target_dag.py
[2025-02-01T12:02:10.405+0000] {logging_mixin.py:190} INFO - [2025-02-01T12:02:10.405+0000] {dag.py:3239} INFO - Sync 1 DAGs
[2025-02-01T12:02:10.416+0000] {logging_mixin.py:190} INFO - [2025-02-01T12:02:10.415+0000] {dag.py:4180} INFO - Setting next_dagrun for example_trigger_target_dag to None, run_after=None
[2025-02-01T12:02:10.428+0000] {processor.py:208} INFO - Processing /home/airflow/.local/lib/python3.9/site-packages/airflow/example_dags/example_trigger_target_dag.py took 0.051 seconds
[2025-02-01T12:02:40.526+0000] {processor.py:186} INFO - Started process (PID=605) to work on /home/airflow/.local/lib/python3.9/site-packages/airflow/example_dags/example_trigger_target_dag.py
[2025-02-01T12:02:40.526+0000] {processor.py:914} INFO - Processing file /home/airflow/.local/lib/python3.9/site-packages/airflow/example_dags/example_trigger_target_dag.py for tasks to queue
[2025-02-01T12:02:40.528+0000] {logging_mixin.py:190} INFO - [2025-02-01T12:02:40.528+0000] {dagbag.py:588} INFO - Filling up the DagBag from /home/airflow/.local/lib/python3.9/site-packages/airflow/example_dags/example_trigger_target_dag.py
[2025-02-01T12:02:40.534+0000] {processor.py:925} INFO - DAG(s) 'example_trigger_target_dag' retrieved from /home/airflow/.local/lib/python3.9/site-packages/airflow/example_dags/example_trigger_target_dag.py
[2025-02-01T12:02:40.548+0000] {logging_mixin.py:190} INFO - [2025-02-01T12:02:40.548+0000] {dag.py:3239} INFO - Sync 1 DAGs
[2025-02-01T12:02:40.558+0000] {logging_mixin.py:190} INFO - [2025-02-01T12:02:40.558+0000] {dag.py:4180} INFO - Setting next_dagrun for example_trigger_target_dag to None, run_after=None
[2025-02-01T12:02:40.571+0000] {processor.py:208} INFO - Processing /home/airflow/.local/lib/python3.9/site-packages/airflow/example_dags/example_trigger_target_dag.py took 0.050 seconds
[2025-02-01T12:03:12.848+0000] {processor.py:186} INFO - Started process (PID=667) to work on /home/airflow/.local/lib/python3.9/site-packages/airflow/example_dags/example_trigger_target_dag.py
[2025-02-01T12:03:12.849+0000] {processor.py:914} INFO - Processing file /home/airflow/.local/lib/python3.9/site-packages/airflow/example_dags/example_trigger_target_dag.py for tasks to queue
[2025-02-01T12:03:12.868+0000] {logging_mixin.py:190} INFO - [2025-02-01T12:03:12.866+0000] {dagbag.py:588} INFO - Filling up the DagBag from /home/airflow/.local/lib/python3.9/site-packages/airflow/example_dags/example_trigger_target_dag.py
[2025-02-01T12:03:12.889+0000] {processor.py:925} INFO - DAG(s) 'example_trigger_target_dag' retrieved from /home/airflow/.local/lib/python3.9/site-packages/airflow/example_dags/example_trigger_target_dag.py
[2025-02-01T12:03:12.921+0000] {logging_mixin.py:190} INFO - [2025-02-01T12:03:12.921+0000] {dag.py:3239} INFO - Sync 1 DAGs
[2025-02-01T12:03:12.937+0000] {logging_mixin.py:190} INFO - [2025-02-01T12:03:12.936+0000] {dag.py:4180} INFO - Setting next_dagrun for example_trigger_target_dag to None, run_after=None
[2025-02-01T12:03:12.975+0000] {processor.py:208} INFO - Processing /home/airflow/.local/lib/python3.9/site-packages/airflow/example_dags/example_trigger_target_dag.py took 0.143 seconds
[2025-02-01T12:03:43.994+0000] {processor.py:186} INFO - Started process (PID=730) to work on /home/airflow/.local/lib/python3.9/site-packages/airflow/example_dags/example_trigger_target_dag.py
[2025-02-01T12:03:44.005+0000] {processor.py:914} INFO - Processing file /home/airflow/.local/lib/python3.9/site-packages/airflow/example_dags/example_trigger_target_dag.py for tasks to queue
[2025-02-01T12:03:44.015+0000] {logging_mixin.py:190} INFO - [2025-02-01T12:03:44.010+0000] {dagbag.py:588} INFO - Filling up the DagBag from /home/airflow/.local/lib/python3.9/site-packages/airflow/example_dags/example_trigger_target_dag.py
[2025-02-01T12:03:44.034+0000] {processor.py:925} INFO - DAG(s) 'example_trigger_target_dag' retrieved from /home/airflow/.local/lib/python3.9/site-packages/airflow/example_dags/example_trigger_target_dag.py
[2025-02-01T12:03:44.087+0000] {logging_mixin.py:190} INFO - [2025-02-01T12:03:44.087+0000] {dag.py:3239} INFO - Sync 1 DAGs
[2025-02-01T12:03:44.120+0000] {logging_mixin.py:190} INFO - [2025-02-01T12:03:44.120+0000] {dag.py:4180} INFO - Setting next_dagrun for example_trigger_target_dag to None, run_after=None
[2025-02-01T12:03:44.196+0000] {processor.py:208} INFO - Processing /home/airflow/.local/lib/python3.9/site-packages/airflow/example_dags/example_trigger_target_dag.py took 0.210 seconds
[2025-02-01T12:04:14.399+0000] {processor.py:186} INFO - Started process (PID=793) to work on /home/airflow/.local/lib/python3.9/site-packages/airflow/example_dags/example_trigger_target_dag.py
[2025-02-01T12:04:14.399+0000] {processor.py:914} INFO - Processing file /home/airflow/.local/lib/python3.9/site-packages/airflow/example_dags/example_trigger_target_dag.py for tasks to queue
[2025-02-01T12:04:14.405+0000] {logging_mixin.py:190} INFO - [2025-02-01T12:04:14.405+0000] {dagbag.py:588} INFO - Filling up the DagBag from /home/airflow/.local/lib/python3.9/site-packages/airflow/example_dags/example_trigger_target_dag.py
[2025-02-01T12:04:14.426+0000] {processor.py:925} INFO - DAG(s) 'example_trigger_target_dag' retrieved from /home/airflow/.local/lib/python3.9/site-packages/airflow/example_dags/example_trigger_target_dag.py
[2025-02-01T12:04:14.504+0000] {logging_mixin.py:190} INFO - [2025-02-01T12:04:14.504+0000] {dag.py:3239} INFO - Sync 1 DAGs
[2025-02-01T12:04:14.547+0000] {logging_mixin.py:190} INFO - [2025-02-01T12:04:14.547+0000] {dag.py:4180} INFO - Setting next_dagrun for example_trigger_target_dag to None, run_after=None
[2025-02-01T12:04:14.566+0000] {processor.py:208} INFO - Processing /home/airflow/.local/lib/python3.9/site-packages/airflow/example_dags/example_trigger_target_dag.py took 0.184 seconds
[2025-02-01T12:04:45.381+0000] {processor.py:186} INFO - Started process (PID=857) to work on /home/airflow/.local/lib/python3.9/site-packages/airflow/example_dags/example_trigger_target_dag.py
[2025-02-01T12:04:45.381+0000] {processor.py:914} INFO - Processing file /home/airflow/.local/lib/python3.9/site-packages/airflow/example_dags/example_trigger_target_dag.py for tasks to queue
[2025-02-01T12:04:45.384+0000] {logging_mixin.py:190} INFO - [2025-02-01T12:04:45.383+0000] {dagbag.py:588} INFO - Filling up the DagBag from /home/airflow/.local/lib/python3.9/site-packages/airflow/example_dags/example_trigger_target_dag.py
[2025-02-01T12:04:45.392+0000] {processor.py:925} INFO - DAG(s) 'example_trigger_target_dag' retrieved from /home/airflow/.local/lib/python3.9/site-packages/airflow/example_dags/example_trigger_target_dag.py
[2025-02-01T12:04:45.411+0000] {logging_mixin.py:190} INFO - [2025-02-01T12:04:45.411+0000] {dag.py:3239} INFO - Sync 1 DAGs
[2025-02-01T12:04:45.427+0000] {logging_mixin.py:190} INFO - [2025-02-01T12:04:45.426+0000] {dag.py:4180} INFO - Setting next_dagrun for example_trigger_target_dag to None, run_after=None
[2025-02-01T12:04:45.443+0000] {processor.py:208} INFO - Processing /home/airflow/.local/lib/python3.9/site-packages/airflow/example_dags/example_trigger_target_dag.py took 0.070 seconds
[2025-02-01T12:05:15.473+0000] {processor.py:186} INFO - Started process (PID=918) to work on /home/airflow/.local/lib/python3.9/site-packages/airflow/example_dags/example_trigger_target_dag.py
[2025-02-01T12:05:15.474+0000] {processor.py:914} INFO - Processing file /home/airflow/.local/lib/python3.9/site-packages/airflow/example_dags/example_trigger_target_dag.py for tasks to queue
[2025-02-01T12:05:15.475+0000] {logging_mixin.py:190} INFO - [2025-02-01T12:05:15.475+0000] {dagbag.py:588} INFO - Filling up the DagBag from /home/airflow/.local/lib/python3.9/site-packages/airflow/example_dags/example_trigger_target_dag.py
[2025-02-01T12:05:15.481+0000] {processor.py:925} INFO - DAG(s) 'example_trigger_target_dag' retrieved from /home/airflow/.local/lib/python3.9/site-packages/airflow/example_dags/example_trigger_target_dag.py
[2025-02-01T12:05:15.496+0000] {logging_mixin.py:190} INFO - [2025-02-01T12:05:15.496+0000] {dag.py:3239} INFO - Sync 1 DAGs
[2025-02-01T12:05:15.510+0000] {logging_mixin.py:190} INFO - [2025-02-01T12:05:15.509+0000] {dag.py:4180} INFO - Setting next_dagrun for example_trigger_target_dag to None, run_after=None
[2025-02-01T12:05:15.525+0000] {processor.py:208} INFO - Processing /home/airflow/.local/lib/python3.9/site-packages/airflow/example_dags/example_trigger_target_dag.py took 0.056 seconds
[2025-02-01T12:05:45.807+0000] {processor.py:186} INFO - Started process (PID=980) to work on /home/airflow/.local/lib/python3.9/site-packages/airflow/example_dags/example_trigger_target_dag.py
[2025-02-01T12:05:45.808+0000] {processor.py:914} INFO - Processing file /home/airflow/.local/lib/python3.9/site-packages/airflow/example_dags/example_trigger_target_dag.py for tasks to queue
[2025-02-01T12:05:45.810+0000] {logging_mixin.py:190} INFO - [2025-02-01T12:05:45.809+0000] {dagbag.py:588} INFO - Filling up the DagBag from /home/airflow/.local/lib/python3.9/site-packages/airflow/example_dags/example_trigger_target_dag.py
[2025-02-01T12:05:45.818+0000] {processor.py:925} INFO - DAG(s) 'example_trigger_target_dag' retrieved from /home/airflow/.local/lib/python3.9/site-packages/airflow/example_dags/example_trigger_target_dag.py
[2025-02-01T12:05:45.832+0000] {logging_mixin.py:190} INFO - [2025-02-01T12:05:45.831+0000] {dag.py:3239} INFO - Sync 1 DAGs
[2025-02-01T12:05:45.842+0000] {logging_mixin.py:190} INFO - [2025-02-01T12:05:45.842+0000] {dag.py:4180} INFO - Setting next_dagrun for example_trigger_target_dag to None, run_after=None
[2025-02-01T12:05:45.859+0000] {processor.py:208} INFO - Processing /home/airflow/.local/lib/python3.9/site-packages/airflow/example_dags/example_trigger_target_dag.py took 0.058 seconds
[2025-02-01T12:06:16.379+0000] {processor.py:186} INFO - Started process (PID=1043) to work on /home/airflow/.local/lib/python3.9/site-packages/airflow/example_dags/example_trigger_target_dag.py
[2025-02-01T12:06:16.380+0000] {processor.py:914} INFO - Processing file /home/airflow/.local/lib/python3.9/site-packages/airflow/example_dags/example_trigger_target_dag.py for tasks to queue
[2025-02-01T12:06:16.382+0000] {logging_mixin.py:190} INFO - [2025-02-01T12:06:16.382+0000] {dagbag.py:588} INFO - Filling up the DagBag from /home/airflow/.local/lib/python3.9/site-packages/airflow/example_dags/example_trigger_target_dag.py
[2025-02-01T12:06:16.391+0000] {processor.py:925} INFO - DAG(s) 'example_trigger_target_dag' retrieved from /home/airflow/.local/lib/python3.9/site-packages/airflow/example_dags/example_trigger_target_dag.py
[2025-02-01T12:06:16.404+0000] {logging_mixin.py:190} INFO - [2025-02-01T12:06:16.404+0000] {dag.py:3239} INFO - Sync 1 DAGs
[2025-02-01T12:06:16.414+0000] {logging_mixin.py:190} INFO - [2025-02-01T12:06:16.414+0000] {dag.py:4180} INFO - Setting next_dagrun for example_trigger_target_dag to None, run_after=None
[2025-02-01T12:06:16.427+0000] {processor.py:208} INFO - Processing /home/airflow/.local/lib/python3.9/site-packages/airflow/example_dags/example_trigger_target_dag.py took 0.054 seconds
[2025-02-01T12:06:46.691+0000] {processor.py:186} INFO - Started process (PID=1105) to work on /home/airflow/.local/lib/python3.9/site-packages/airflow/example_dags/example_trigger_target_dag.py
[2025-02-01T12:06:46.692+0000] {processor.py:914} INFO - Processing file /home/airflow/.local/lib/python3.9/site-packages/airflow/example_dags/example_trigger_target_dag.py for tasks to queue
[2025-02-01T12:06:46.694+0000] {logging_mixin.py:190} INFO - [2025-02-01T12:06:46.694+0000] {dagbag.py:588} INFO - Filling up the DagBag from /home/airflow/.local/lib/python3.9/site-packages/airflow/example_dags/example_trigger_target_dag.py
[2025-02-01T12:06:46.702+0000] {processor.py:925} INFO - DAG(s) 'example_trigger_target_dag' retrieved from /home/airflow/.local/lib/python3.9/site-packages/airflow/example_dags/example_trigger_target_dag.py
[2025-02-01T12:06:46.722+0000] {logging_mixin.py:190} INFO - [2025-02-01T12:06:46.722+0000] {dag.py:3239} INFO - Sync 1 DAGs
[2025-02-01T12:06:46.738+0000] {logging_mixin.py:190} INFO - [2025-02-01T12:06:46.738+0000] {dag.py:4180} INFO - Setting next_dagrun for example_trigger_target_dag to None, run_after=None
[2025-02-01T12:06:46.756+0000] {processor.py:208} INFO - Processing /home/airflow/.local/lib/python3.9/site-packages/airflow/example_dags/example_trigger_target_dag.py took 0.072 seconds
[2025-02-01T12:07:17.872+0000] {processor.py:186} INFO - Started process (PID=1168) to work on /home/airflow/.local/lib/python3.9/site-packages/airflow/example_dags/example_trigger_target_dag.py
[2025-02-01T12:07:17.873+0000] {processor.py:914} INFO - Processing file /home/airflow/.local/lib/python3.9/site-packages/airflow/example_dags/example_trigger_target_dag.py for tasks to queue
[2025-02-01T12:07:17.876+0000] {logging_mixin.py:190} INFO - [2025-02-01T12:07:17.876+0000] {dagbag.py:588} INFO - Filling up the DagBag from /home/airflow/.local/lib/python3.9/site-packages/airflow/example_dags/example_trigger_target_dag.py
[2025-02-01T12:07:17.885+0000] {processor.py:925} INFO - DAG(s) 'example_trigger_target_dag' retrieved from /home/airflow/.local/lib/python3.9/site-packages/airflow/example_dags/example_trigger_target_dag.py
[2025-02-01T12:07:17.924+0000] {logging_mixin.py:190} INFO - [2025-02-01T12:07:17.924+0000] {dag.py:3239} INFO - Sync 1 DAGs
[2025-02-01T12:07:17.941+0000] {logging_mixin.py:190} INFO - [2025-02-01T12:07:17.941+0000] {dag.py:4180} INFO - Setting next_dagrun for example_trigger_target_dag to None, run_after=None
[2025-02-01T12:07:17.960+0000] {processor.py:208} INFO - Processing /home/airflow/.local/lib/python3.9/site-packages/airflow/example_dags/example_trigger_target_dag.py took 0.095 seconds
[2025-02-01T12:07:48.871+0000] {processor.py:186} INFO - Started process (PID=1231) to work on /home/airflow/.local/lib/python3.9/site-packages/airflow/example_dags/example_trigger_target_dag.py
[2025-02-01T12:07:48.872+0000] {processor.py:914} INFO - Processing file /home/airflow/.local/lib/python3.9/site-packages/airflow/example_dags/example_trigger_target_dag.py for tasks to queue
[2025-02-01T12:07:48.875+0000] {logging_mixin.py:190} INFO - [2025-02-01T12:07:48.875+0000] {dagbag.py:588} INFO - Filling up the DagBag from /home/airflow/.local/lib/python3.9/site-packages/airflow/example_dags/example_trigger_target_dag.py
[2025-02-01T12:07:48.892+0000] {processor.py:925} INFO - DAG(s) 'example_trigger_target_dag' retrieved from /home/airflow/.local/lib/python3.9/site-packages/airflow/example_dags/example_trigger_target_dag.py
[2025-02-01T12:07:48.916+0000] {logging_mixin.py:190} INFO - [2025-02-01T12:07:48.916+0000] {dag.py:3239} INFO - Sync 1 DAGs
[2025-02-01T12:07:48.932+0000] {logging_mixin.py:190} INFO - [2025-02-01T12:07:48.932+0000] {dag.py:4180} INFO - Setting next_dagrun for example_trigger_target_dag to None, run_after=None
[2025-02-01T12:07:48.961+0000] {processor.py:208} INFO - Processing /home/airflow/.local/lib/python3.9/site-packages/airflow/example_dags/example_trigger_target_dag.py took 0.097 seconds
[2025-02-01T12:08:19.047+0000] {processor.py:186} INFO - Started process (PID=1294) to work on /home/airflow/.local/lib/python3.9/site-packages/airflow/example_dags/example_trigger_target_dag.py
[2025-02-01T12:08:19.049+0000] {processor.py:914} INFO - Processing file /home/airflow/.local/lib/python3.9/site-packages/airflow/example_dags/example_trigger_target_dag.py for tasks to queue
[2025-02-01T12:08:19.054+0000] {logging_mixin.py:190} INFO - [2025-02-01T12:08:19.053+0000] {dagbag.py:588} INFO - Filling up the DagBag from /home/airflow/.local/lib/python3.9/site-packages/airflow/example_dags/example_trigger_target_dag.py
[2025-02-01T12:08:19.082+0000] {processor.py:925} INFO - DAG(s) 'example_trigger_target_dag' retrieved from /home/airflow/.local/lib/python3.9/site-packages/airflow/example_dags/example_trigger_target_dag.py
[2025-02-01T12:08:19.142+0000] {logging_mixin.py:190} INFO - [2025-02-01T12:08:19.141+0000] {dag.py:3239} INFO - Sync 1 DAGs
[2025-02-01T12:08:19.203+0000] {logging_mixin.py:190} INFO - [2025-02-01T12:08:19.203+0000] {dag.py:4180} INFO - Setting next_dagrun for example_trigger_target_dag to None, run_after=None
[2025-02-01T12:08:19.275+0000] {processor.py:208} INFO - Processing /home/airflow/.local/lib/python3.9/site-packages/airflow/example_dags/example_trigger_target_dag.py took 0.250 seconds
[2025-02-01T12:08:49.756+0000] {processor.py:186} INFO - Started process (PID=1357) to work on /home/airflow/.local/lib/python3.9/site-packages/airflow/example_dags/example_trigger_target_dag.py
[2025-02-01T12:08:49.757+0000] {processor.py:914} INFO - Processing file /home/airflow/.local/lib/python3.9/site-packages/airflow/example_dags/example_trigger_target_dag.py for tasks to queue
[2025-02-01T12:08:49.759+0000] {logging_mixin.py:190} INFO - [2025-02-01T12:08:49.758+0000] {dagbag.py:588} INFO - Filling up the DagBag from /home/airflow/.local/lib/python3.9/site-packages/airflow/example_dags/example_trigger_target_dag.py
[2025-02-01T12:08:49.764+0000] {processor.py:925} INFO - DAG(s) 'example_trigger_target_dag' retrieved from /home/airflow/.local/lib/python3.9/site-packages/airflow/example_dags/example_trigger_target_dag.py
[2025-02-01T12:08:49.779+0000] {logging_mixin.py:190} INFO - [2025-02-01T12:08:49.779+0000] {dag.py:3239} INFO - Sync 1 DAGs
[2025-02-01T12:08:49.789+0000] {logging_mixin.py:190} INFO - [2025-02-01T12:08:49.789+0000] {dag.py:4180} INFO - Setting next_dagrun for example_trigger_target_dag to None, run_after=None
[2025-02-01T12:08:49.803+0000] {processor.py:208} INFO - Processing /home/airflow/.local/lib/python3.9/site-packages/airflow/example_dags/example_trigger_target_dag.py took 0.051 seconds
[2025-02-01T12:09:20.073+0000] {processor.py:186} INFO - Started process (PID=1420) to work on /home/airflow/.local/lib/python3.9/site-packages/airflow/example_dags/example_trigger_target_dag.py
[2025-02-01T12:09:20.073+0000] {processor.py:914} INFO - Processing file /home/airflow/.local/lib/python3.9/site-packages/airflow/example_dags/example_trigger_target_dag.py for tasks to queue
[2025-02-01T12:09:20.075+0000] {logging_mixin.py:190} INFO - [2025-02-01T12:09:20.075+0000] {dagbag.py:588} INFO - Filling up the DagBag from /home/airflow/.local/lib/python3.9/site-packages/airflow/example_dags/example_trigger_target_dag.py
[2025-02-01T12:09:20.081+0000] {processor.py:925} INFO - DAG(s) 'example_trigger_target_dag' retrieved from /home/airflow/.local/lib/python3.9/site-packages/airflow/example_dags/example_trigger_target_dag.py
[2025-02-01T12:09:20.096+0000] {logging_mixin.py:190} INFO - [2025-02-01T12:09:20.096+0000] {dag.py:3239} INFO - Sync 1 DAGs
[2025-02-01T12:09:20.106+0000] {logging_mixin.py:190} INFO - [2025-02-01T12:09:20.106+0000] {dag.py:4180} INFO - Setting next_dagrun for example_trigger_target_dag to None, run_after=None
[2025-02-01T12:09:20.119+0000] {processor.py:208} INFO - Processing /home/airflow/.local/lib/python3.9/site-packages/airflow/example_dags/example_trigger_target_dag.py took 0.052 seconds
[2025-02-01T12:09:50.210+0000] {processor.py:186} INFO - Started process (PID=1483) to work on /home/airflow/.local/lib/python3.9/site-packages/airflow/example_dags/example_trigger_target_dag.py
[2025-02-01T12:09:50.211+0000] {processor.py:914} INFO - Processing file /home/airflow/.local/lib/python3.9/site-packages/airflow/example_dags/example_trigger_target_dag.py for tasks to queue
[2025-02-01T12:09:50.213+0000] {logging_mixin.py:190} INFO - [2025-02-01T12:09:50.213+0000] {dagbag.py:588} INFO - Filling up the DagBag from /home/airflow/.local/lib/python3.9/site-packages/airflow/example_dags/example_trigger_target_dag.py
[2025-02-01T12:09:50.220+0000] {processor.py:925} INFO - DAG(s) 'example_trigger_target_dag' retrieved from /home/airflow/.local/lib/python3.9/site-packages/airflow/example_dags/example_trigger_target_dag.py
[2025-02-01T12:09:50.235+0000] {logging_mixin.py:190} INFO - [2025-02-01T12:09:50.235+0000] {dag.py:3239} INFO - Sync 1 DAGs
[2025-02-01T12:09:50.245+0000] {logging_mixin.py:190} INFO - [2025-02-01T12:09:50.245+0000] {dag.py:4180} INFO - Setting next_dagrun for example_trigger_target_dag to None, run_after=None
[2025-02-01T12:09:50.258+0000] {processor.py:208} INFO - Processing /home/airflow/.local/lib/python3.9/site-packages/airflow/example_dags/example_trigger_target_dag.py took 0.054 seconds
