[2025-02-01T11:58:15.018+0000] {processor.py:186} INFO - Started process (PID=65) to work on /home/airflow/.local/lib/python3.9/site-packages/airflow/example_dags/example_dataset_alias.py
[2025-02-01T11:58:15.022+0000] {processor.py:914} INFO - Processing file /home/airflow/.local/lib/python3.9/site-packages/airflow/example_dags/example_dataset_alias.py for tasks to queue
[2025-02-01T11:58:15.054+0000] {logging_mixin.py:190} INFO - [2025-02-01T11:58:15.053+0000] {dagbag.py:588} INFO - Filling up the DagBag from /home/airflow/.local/lib/python3.9/site-packages/airflow/example_dags/example_dataset_alias.py
[2025-02-01T11:58:21.129+0000] {processor.py:925} INFO - DAG(s) 'dataset_s3_bucket_producer', 'dataset_alias_example_alias_producer', 'dataset_alias_example_alias_consumer', 'dataset_s3_bucket_consumer' retrieved from /home/airflow/.local/lib/python3.9/site-packages/airflow/example_dags/example_dataset_alias.py
[2025-02-01T11:58:21.649+0000] {logging_mixin.py:190} INFO - [2025-02-01T11:58:21.649+0000] {override.py:1911} INFO - Created Permission View: can edit on DAG:dataset_s3_bucket_producer
[2025-02-01T11:58:21.788+0000] {logging_mixin.py:190} INFO - [2025-02-01T11:58:21.787+0000] {override.py:1911} INFO - Created Permission View: can delete on DAG:dataset_s3_bucket_producer
[2025-02-01T11:58:21.871+0000] {logging_mixin.py:190} INFO - [2025-02-01T11:58:21.870+0000] {override.py:1911} INFO - Created Permission View: can read on DAG:dataset_s3_bucket_producer
[2025-02-01T11:58:21.903+0000] {logging_mixin.py:190} INFO - [2025-02-01T11:58:21.902+0000] {override.py:1911} INFO - Created Permission View: can create on DAG Run:dataset_s3_bucket_producer
[2025-02-01T11:58:21.920+0000] {logging_mixin.py:190} INFO - [2025-02-01T11:58:21.919+0000] {override.py:1911} INFO - Created Permission View: can delete on DAG Run:dataset_s3_bucket_producer
[2025-02-01T11:58:21.937+0000] {logging_mixin.py:190} INFO - [2025-02-01T11:58:21.937+0000] {override.py:1911} INFO - Created Permission View: can read on DAG Run:dataset_s3_bucket_producer
[2025-02-01T11:58:21.960+0000] {logging_mixin.py:190} INFO - [2025-02-01T11:58:21.959+0000] {override.py:1911} INFO - Created Permission View: menu access on DAG Run:dataset_s3_bucket_producer
[2025-02-01T11:58:22.056+0000] {logging_mixin.py:190} INFO - [2025-02-01T11:58:22.056+0000] {override.py:1911} INFO - Created Permission View: can edit on DAG:dataset_alias_example_alias_producer
[2025-02-01T11:58:22.087+0000] {logging_mixin.py:190} INFO - [2025-02-01T11:58:22.087+0000] {override.py:1911} INFO - Created Permission View: can delete on DAG:dataset_alias_example_alias_producer
[2025-02-01T11:58:22.127+0000] {logging_mixin.py:190} INFO - [2025-02-01T11:58:22.127+0000] {override.py:1911} INFO - Created Permission View: can read on DAG:dataset_alias_example_alias_producer
[2025-02-01T11:58:22.142+0000] {logging_mixin.py:190} INFO - [2025-02-01T11:58:22.142+0000] {override.py:1911} INFO - Created Permission View: can create on DAG Run:dataset_alias_example_alias_producer
[2025-02-01T11:58:22.153+0000] {logging_mixin.py:190} INFO - [2025-02-01T11:58:22.153+0000] {override.py:1911} INFO - Created Permission View: can delete on DAG Run:dataset_alias_example_alias_producer
[2025-02-01T11:58:22.176+0000] {logging_mixin.py:190} INFO - [2025-02-01T11:58:22.176+0000] {override.py:1911} INFO - Created Permission View: can read on DAG Run:dataset_alias_example_alias_producer
[2025-02-01T11:58:22.192+0000] {logging_mixin.py:190} INFO - [2025-02-01T11:58:22.192+0000] {override.py:1911} INFO - Created Permission View: menu access on DAG Run:dataset_alias_example_alias_producer
[2025-02-01T11:58:22.238+0000] {logging_mixin.py:190} INFO - [2025-02-01T11:58:22.237+0000] {override.py:1911} INFO - Created Permission View: can edit on DAG:dataset_alias_example_alias_consumer
[2025-02-01T11:58:22.249+0000] {logging_mixin.py:190} INFO - [2025-02-01T11:58:22.249+0000] {override.py:1911} INFO - Created Permission View: can delete on DAG:dataset_alias_example_alias_consumer
[2025-02-01T11:58:22.272+0000] {logging_mixin.py:190} INFO - [2025-02-01T11:58:22.272+0000] {override.py:1911} INFO - Created Permission View: can read on DAG:dataset_alias_example_alias_consumer
[2025-02-01T11:58:22.295+0000] {logging_mixin.py:190} INFO - [2025-02-01T11:58:22.295+0000] {override.py:1911} INFO - Created Permission View: can create on DAG Run:dataset_alias_example_alias_consumer
[2025-02-01T11:58:22.311+0000] {logging_mixin.py:190} INFO - [2025-02-01T11:58:22.310+0000] {override.py:1911} INFO - Created Permission View: can delete on DAG Run:dataset_alias_example_alias_consumer
[2025-02-01T11:58:22.324+0000] {logging_mixin.py:190} INFO - [2025-02-01T11:58:22.324+0000] {override.py:1911} INFO - Created Permission View: can read on DAG Run:dataset_alias_example_alias_consumer
[2025-02-01T11:58:22.337+0000] {logging_mixin.py:190} INFO - [2025-02-01T11:58:22.337+0000] {override.py:1911} INFO - Created Permission View: menu access on DAG Run:dataset_alias_example_alias_consumer
[2025-02-01T11:58:22.361+0000] {logging_mixin.py:190} INFO - [2025-02-01T11:58:22.360+0000] {override.py:1911} INFO - Created Permission View: can edit on DAG:dataset_s3_bucket_consumer
[2025-02-01T11:58:22.371+0000] {logging_mixin.py:190} INFO - [2025-02-01T11:58:22.371+0000] {override.py:1911} INFO - Created Permission View: can delete on DAG:dataset_s3_bucket_consumer
[2025-02-01T11:58:22.383+0000] {logging_mixin.py:190} INFO - [2025-02-01T11:58:22.383+0000] {override.py:1911} INFO - Created Permission View: can read on DAG:dataset_s3_bucket_consumer
[2025-02-01T11:58:22.409+0000] {logging_mixin.py:190} INFO - [2025-02-01T11:58:22.409+0000] {override.py:1911} INFO - Created Permission View: can create on DAG Run:dataset_s3_bucket_consumer
[2025-02-01T11:58:22.495+0000] {logging_mixin.py:190} INFO - [2025-02-01T11:58:22.495+0000] {override.py:1911} INFO - Created Permission View: can delete on DAG Run:dataset_s3_bucket_consumer
[2025-02-01T11:58:22.553+0000] {logging_mixin.py:190} INFO - [2025-02-01T11:58:22.553+0000] {override.py:1911} INFO - Created Permission View: can read on DAG Run:dataset_s3_bucket_consumer
[2025-02-01T11:58:22.573+0000] {logging_mixin.py:190} INFO - [2025-02-01T11:58:22.572+0000] {override.py:1911} INFO - Created Permission View: menu access on DAG Run:dataset_s3_bucket_consumer
[2025-02-01T11:58:22.573+0000] {logging_mixin.py:190} INFO - [2025-02-01T11:58:22.573+0000] {dag.py:3239} INFO - Sync 4 DAGs
[2025-02-01T11:58:22.622+0000] {logging_mixin.py:190} INFO - [2025-02-01T11:58:22.621+0000] {dag.py:3262} INFO - Creating ORM DAG for dataset_s3_bucket_producer
[2025-02-01T11:58:22.627+0000] {logging_mixin.py:190} INFO - [2025-02-01T11:58:22.627+0000] {dag.py:3262} INFO - Creating ORM DAG for dataset_s3_bucket_consumer
[2025-02-01T11:58:22.628+0000] {logging_mixin.py:190} INFO - [2025-02-01T11:58:22.628+0000] {dag.py:3262} INFO - Creating ORM DAG for dataset_alias_example_alias_consumer
[2025-02-01T11:58:22.628+0000] {logging_mixin.py:190} INFO - [2025-02-01T11:58:22.628+0000] {dag.py:3262} INFO - Creating ORM DAG for dataset_alias_example_alias_producer
[2025-02-01T11:58:22.669+0000] {logging_mixin.py:190} INFO - [2025-02-01T11:58:22.668+0000] {dag.py:4180} INFO - Setting next_dagrun for dataset_alias_example_alias_consumer to None, run_after=None
[2025-02-01T11:58:22.679+0000] {logging_mixin.py:190} INFO - [2025-02-01T11:58:22.679+0000] {dag.py:4180} INFO - Setting next_dagrun for dataset_alias_example_alias_producer to None, run_after=None
[2025-02-01T11:58:22.680+0000] {logging_mixin.py:190} INFO - [2025-02-01T11:58:22.680+0000] {dag.py:4180} INFO - Setting next_dagrun for dataset_s3_bucket_consumer to None, run_after=None
[2025-02-01T11:58:22.681+0000] {logging_mixin.py:190} INFO - [2025-02-01T11:58:22.681+0000] {dag.py:4180} INFO - Setting next_dagrun for dataset_s3_bucket_producer to None, run_after=None
[2025-02-01T11:58:22.885+0000] {processor.py:208} INFO - Processing /home/airflow/.local/lib/python3.9/site-packages/airflow/example_dags/example_dataset_alias.py took 7.893 seconds
[2025-02-01T11:58:53.416+0000] {processor.py:186} INFO - Started process (PID=139) to work on /home/airflow/.local/lib/python3.9/site-packages/airflow/example_dags/example_dataset_alias.py
[2025-02-01T11:58:53.419+0000] {processor.py:914} INFO - Processing file /home/airflow/.local/lib/python3.9/site-packages/airflow/example_dags/example_dataset_alias.py for tasks to queue
[2025-02-01T11:58:53.424+0000] {logging_mixin.py:190} INFO - [2025-02-01T11:58:53.424+0000] {dagbag.py:588} INFO - Filling up the DagBag from /home/airflow/.local/lib/python3.9/site-packages/airflow/example_dags/example_dataset_alias.py
[2025-02-01T11:58:53.952+0000] {processor.py:925} INFO - DAG(s) 'dataset_s3_bucket_producer', 'dataset_alias_example_alias_producer', 'dataset_alias_example_alias_consumer', 'dataset_s3_bucket_consumer' retrieved from /home/airflow/.local/lib/python3.9/site-packages/airflow/example_dags/example_dataset_alias.py
[2025-02-01T11:58:53.969+0000] {logging_mixin.py:190} INFO - [2025-02-01T11:58:53.969+0000] {dag.py:3239} INFO - Sync 4 DAGs
[2025-02-01T11:58:53.993+0000] {logging_mixin.py:190} INFO - [2025-02-01T11:58:53.992+0000] {dag.py:4180} INFO - Setting next_dagrun for dataset_alias_example_alias_consumer to None, run_after=None
[2025-02-01T11:58:53.995+0000] {logging_mixin.py:190} INFO - [2025-02-01T11:58:53.995+0000] {dag.py:4180} INFO - Setting next_dagrun for dataset_alias_example_alias_producer to None, run_after=None
[2025-02-01T11:58:53.996+0000] {logging_mixin.py:190} INFO - [2025-02-01T11:58:53.996+0000] {dag.py:4180} INFO - Setting next_dagrun for dataset_s3_bucket_consumer to None, run_after=None
[2025-02-01T11:58:53.998+0000] {logging_mixin.py:190} INFO - [2025-02-01T11:58:53.997+0000] {dag.py:4180} INFO - Setting next_dagrun for dataset_s3_bucket_producer to None, run_after=None
[2025-02-01T11:58:54.020+0000] {processor.py:208} INFO - Processing /home/airflow/.local/lib/python3.9/site-packages/airflow/example_dags/example_dataset_alias.py took 0.611 seconds
[2025-02-01T11:59:24.835+0000] {processor.py:186} INFO - Started process (PID=204) to work on /home/airflow/.local/lib/python3.9/site-packages/airflow/example_dags/example_dataset_alias.py
[2025-02-01T11:59:24.836+0000] {processor.py:914} INFO - Processing file /home/airflow/.local/lib/python3.9/site-packages/airflow/example_dags/example_dataset_alias.py for tasks to queue
[2025-02-01T11:59:24.837+0000] {logging_mixin.py:190} INFO - [2025-02-01T11:59:24.837+0000] {dagbag.py:588} INFO - Filling up the DagBag from /home/airflow/.local/lib/python3.9/site-packages/airflow/example_dags/example_dataset_alias.py
[2025-02-01T11:59:25.394+0000] {processor.py:925} INFO - DAG(s) 'dataset_s3_bucket_consumer', 'dataset_alias_example_alias_producer', 'dataset_alias_example_alias_consumer', 'dataset_s3_bucket_producer' retrieved from /home/airflow/.local/lib/python3.9/site-packages/airflow/example_dags/example_dataset_alias.py
[2025-02-01T11:59:25.409+0000] {logging_mixin.py:190} INFO - [2025-02-01T11:59:25.408+0000] {dag.py:3239} INFO - Sync 4 DAGs
[2025-02-01T11:59:25.442+0000] {logging_mixin.py:190} INFO - [2025-02-01T11:59:25.442+0000] {dag.py:4180} INFO - Setting next_dagrun for dataset_alias_example_alias_consumer to None, run_after=None
[2025-02-01T11:59:25.447+0000] {logging_mixin.py:190} INFO - [2025-02-01T11:59:25.446+0000] {dag.py:4180} INFO - Setting next_dagrun for dataset_alias_example_alias_producer to None, run_after=None
[2025-02-01T11:59:25.448+0000] {logging_mixin.py:190} INFO - [2025-02-01T11:59:25.448+0000] {dag.py:4180} INFO - Setting next_dagrun for dataset_s3_bucket_consumer to None, run_after=None
[2025-02-01T11:59:25.449+0000] {logging_mixin.py:190} INFO - [2025-02-01T11:59:25.449+0000] {dag.py:4180} INFO - Setting next_dagrun for dataset_s3_bucket_producer to None, run_after=None
[2025-02-01T11:59:25.480+0000] {processor.py:208} INFO - Processing /home/airflow/.local/lib/python3.9/site-packages/airflow/example_dags/example_dataset_alias.py took 0.650 seconds
[2025-02-01T11:59:55.605+0000] {processor.py:186} INFO - Started process (PID=267) to work on /home/airflow/.local/lib/python3.9/site-packages/airflow/example_dags/example_dataset_alias.py
[2025-02-01T11:59:55.606+0000] {processor.py:914} INFO - Processing file /home/airflow/.local/lib/python3.9/site-packages/airflow/example_dags/example_dataset_alias.py for tasks to queue
[2025-02-01T11:59:55.608+0000] {logging_mixin.py:190} INFO - [2025-02-01T11:59:55.607+0000] {dagbag.py:588} INFO - Filling up the DagBag from /home/airflow/.local/lib/python3.9/site-packages/airflow/example_dags/example_dataset_alias.py
[2025-02-01T11:59:56.106+0000] {processor.py:925} INFO - DAG(s) 'dataset_alias_example_alias_consumer', 'dataset_s3_bucket_consumer', 'dataset_alias_example_alias_producer', 'dataset_s3_bucket_producer' retrieved from /home/airflow/.local/lib/python3.9/site-packages/airflow/example_dags/example_dataset_alias.py
[2025-02-01T11:59:56.121+0000] {logging_mixin.py:190} INFO - [2025-02-01T11:59:56.120+0000] {dag.py:3239} INFO - Sync 4 DAGs
[2025-02-01T11:59:56.137+0000] {logging_mixin.py:190} INFO - [2025-02-01T11:59:56.136+0000] {dag.py:4180} INFO - Setting next_dagrun for dataset_alias_example_alias_consumer to None, run_after=None
[2025-02-01T11:59:56.139+0000] {logging_mixin.py:190} INFO - [2025-02-01T11:59:56.138+0000] {dag.py:4180} INFO - Setting next_dagrun for dataset_alias_example_alias_producer to None, run_after=None
[2025-02-01T11:59:56.139+0000] {logging_mixin.py:190} INFO - [2025-02-01T11:59:56.139+0000] {dag.py:4180} INFO - Setting next_dagrun for dataset_s3_bucket_consumer to None, run_after=None
[2025-02-01T11:59:56.140+0000] {logging_mixin.py:190} INFO - [2025-02-01T11:59:56.140+0000] {dag.py:4180} INFO - Setting next_dagrun for dataset_s3_bucket_producer to None, run_after=None
[2025-02-01T11:59:56.155+0000] {processor.py:208} INFO - Processing /home/airflow/.local/lib/python3.9/site-packages/airflow/example_dags/example_dataset_alias.py took 0.554 seconds
[2025-02-01T12:00:26.587+0000] {processor.py:186} INFO - Started process (PID=331) to work on /home/airflow/.local/lib/python3.9/site-packages/airflow/example_dags/example_dataset_alias.py
[2025-02-01T12:00:26.588+0000] {processor.py:914} INFO - Processing file /home/airflow/.local/lib/python3.9/site-packages/airflow/example_dags/example_dataset_alias.py for tasks to queue
[2025-02-01T12:00:26.590+0000] {logging_mixin.py:190} INFO - [2025-02-01T12:00:26.589+0000] {dagbag.py:588} INFO - Filling up the DagBag from /home/airflow/.local/lib/python3.9/site-packages/airflow/example_dags/example_dataset_alias.py
[2025-02-01T12:00:27.294+0000] {processor.py:925} INFO - DAG(s) 'dataset_s3_bucket_producer', 'dataset_alias_example_alias_consumer', 'dataset_alias_example_alias_producer', 'dataset_s3_bucket_consumer' retrieved from /home/airflow/.local/lib/python3.9/site-packages/airflow/example_dags/example_dataset_alias.py
[2025-02-01T12:00:27.310+0000] {logging_mixin.py:190} INFO - [2025-02-01T12:00:27.310+0000] {dag.py:3239} INFO - Sync 4 DAGs
[2025-02-01T12:00:27.326+0000] {logging_mixin.py:190} INFO - [2025-02-01T12:00:27.326+0000] {dag.py:4180} INFO - Setting next_dagrun for dataset_alias_example_alias_consumer to None, run_after=None
[2025-02-01T12:00:27.329+0000] {logging_mixin.py:190} INFO - [2025-02-01T12:00:27.329+0000] {dag.py:4180} INFO - Setting next_dagrun for dataset_alias_example_alias_producer to None, run_after=None
[2025-02-01T12:00:27.331+0000] {logging_mixin.py:190} INFO - [2025-02-01T12:00:27.330+0000] {dag.py:4180} INFO - Setting next_dagrun for dataset_s3_bucket_consumer to None, run_after=None
[2025-02-01T12:00:27.332+0000] {logging_mixin.py:190} INFO - [2025-02-01T12:00:27.332+0000] {dag.py:4180} INFO - Setting next_dagrun for dataset_s3_bucket_producer to None, run_after=None
[2025-02-01T12:00:27.351+0000] {processor.py:208} INFO - Processing /home/airflow/.local/lib/python3.9/site-packages/airflow/example_dags/example_dataset_alias.py took 0.771 seconds
[2025-02-01T12:00:57.903+0000] {processor.py:186} INFO - Started process (PID=393) to work on /home/airflow/.local/lib/python3.9/site-packages/airflow/example_dags/example_dataset_alias.py
[2025-02-01T12:00:57.904+0000] {processor.py:914} INFO - Processing file /home/airflow/.local/lib/python3.9/site-packages/airflow/example_dags/example_dataset_alias.py for tasks to queue
[2025-02-01T12:00:57.906+0000] {logging_mixin.py:190} INFO - [2025-02-01T12:00:57.906+0000] {dagbag.py:588} INFO - Filling up the DagBag from /home/airflow/.local/lib/python3.9/site-packages/airflow/example_dags/example_dataset_alias.py
[2025-02-01T12:00:58.335+0000] {processor.py:925} INFO - DAG(s) 'dataset_alias_example_alias_consumer', 'dataset_s3_bucket_producer', 'dataset_alias_example_alias_producer', 'dataset_s3_bucket_consumer' retrieved from /home/airflow/.local/lib/python3.9/site-packages/airflow/example_dags/example_dataset_alias.py
[2025-02-01T12:00:58.350+0000] {logging_mixin.py:190} INFO - [2025-02-01T12:00:58.350+0000] {dag.py:3239} INFO - Sync 4 DAGs
[2025-02-01T12:00:58.367+0000] {logging_mixin.py:190} INFO - [2025-02-01T12:00:58.367+0000] {dag.py:4180} INFO - Setting next_dagrun for dataset_alias_example_alias_consumer to None, run_after=None
[2025-02-01T12:00:58.370+0000] {logging_mixin.py:190} INFO - [2025-02-01T12:00:58.370+0000] {dag.py:4180} INFO - Setting next_dagrun for dataset_alias_example_alias_producer to None, run_after=None
[2025-02-01T12:00:58.371+0000] {logging_mixin.py:190} INFO - [2025-02-01T12:00:58.371+0000] {dag.py:4180} INFO - Setting next_dagrun for dataset_s3_bucket_consumer to None, run_after=None
[2025-02-01T12:00:58.372+0000] {logging_mixin.py:190} INFO - [2025-02-01T12:00:58.372+0000] {dag.py:4180} INFO - Setting next_dagrun for dataset_s3_bucket_producer to None, run_after=None
[2025-02-01T12:00:58.391+0000] {processor.py:208} INFO - Processing /home/airflow/.local/lib/python3.9/site-packages/airflow/example_dags/example_dataset_alias.py took 0.494 seconds
[2025-02-01T12:01:28.459+0000] {processor.py:186} INFO - Started process (PID=456) to work on /home/airflow/.local/lib/python3.9/site-packages/airflow/example_dags/example_dataset_alias.py
[2025-02-01T12:01:28.459+0000] {processor.py:914} INFO - Processing file /home/airflow/.local/lib/python3.9/site-packages/airflow/example_dags/example_dataset_alias.py for tasks to queue
[2025-02-01T12:01:28.462+0000] {logging_mixin.py:190} INFO - [2025-02-01T12:01:28.461+0000] {dagbag.py:588} INFO - Filling up the DagBag from /home/airflow/.local/lib/python3.9/site-packages/airflow/example_dags/example_dataset_alias.py
[2025-02-01T12:01:29.373+0000] {processor.py:925} INFO - DAG(s) 'dataset_alias_example_alias_producer', 'dataset_s3_bucket_producer', 'dataset_alias_example_alias_consumer', 'dataset_s3_bucket_consumer' retrieved from /home/airflow/.local/lib/python3.9/site-packages/airflow/example_dags/example_dataset_alias.py
[2025-02-01T12:01:29.399+0000] {logging_mixin.py:190} INFO - [2025-02-01T12:01:29.399+0000] {dag.py:3239} INFO - Sync 4 DAGs
[2025-02-01T12:01:29.425+0000] {logging_mixin.py:190} INFO - [2025-02-01T12:01:29.425+0000] {dag.py:4180} INFO - Setting next_dagrun for dataset_alias_example_alias_consumer to None, run_after=None
[2025-02-01T12:01:29.428+0000] {logging_mixin.py:190} INFO - [2025-02-01T12:01:29.428+0000] {dag.py:4180} INFO - Setting next_dagrun for dataset_alias_example_alias_producer to None, run_after=None
[2025-02-01T12:01:29.429+0000] {logging_mixin.py:190} INFO - [2025-02-01T12:01:29.429+0000] {dag.py:4180} INFO - Setting next_dagrun for dataset_s3_bucket_consumer to None, run_after=None
[2025-02-01T12:01:29.430+0000] {logging_mixin.py:190} INFO - [2025-02-01T12:01:29.430+0000] {dag.py:4180} INFO - Setting next_dagrun for dataset_s3_bucket_producer to None, run_after=None
[2025-02-01T12:01:29.446+0000] {processor.py:208} INFO - Processing /home/airflow/.local/lib/python3.9/site-packages/airflow/example_dags/example_dataset_alias.py took 0.994 seconds
[2025-02-01T12:02:00.462+0000] {processor.py:186} INFO - Started process (PID=520) to work on /home/airflow/.local/lib/python3.9/site-packages/airflow/example_dags/example_dataset_alias.py
[2025-02-01T12:02:00.468+0000] {processor.py:914} INFO - Processing file /home/airflow/.local/lib/python3.9/site-packages/airflow/example_dags/example_dataset_alias.py for tasks to queue
[2025-02-01T12:02:00.481+0000] {logging_mixin.py:190} INFO - [2025-02-01T12:02:00.480+0000] {dagbag.py:588} INFO - Filling up the DagBag from /home/airflow/.local/lib/python3.9/site-packages/airflow/example_dags/example_dataset_alias.py
[2025-02-01T12:02:01.511+0000] {processor.py:925} INFO - DAG(s) 'dataset_s3_bucket_consumer', 'dataset_alias_example_alias_consumer', 'dataset_s3_bucket_producer', 'dataset_alias_example_alias_producer' retrieved from /home/airflow/.local/lib/python3.9/site-packages/airflow/example_dags/example_dataset_alias.py
[2025-02-01T12:02:01.537+0000] {logging_mixin.py:190} INFO - [2025-02-01T12:02:01.536+0000] {dag.py:3239} INFO - Sync 4 DAGs
[2025-02-01T12:02:01.572+0000] {logging_mixin.py:190} INFO - [2025-02-01T12:02:01.572+0000] {dag.py:4180} INFO - Setting next_dagrun for dataset_alias_example_alias_consumer to None, run_after=None
[2025-02-01T12:02:01.575+0000] {logging_mixin.py:190} INFO - [2025-02-01T12:02:01.575+0000] {dag.py:4180} INFO - Setting next_dagrun for dataset_alias_example_alias_producer to None, run_after=None
[2025-02-01T12:02:01.577+0000] {logging_mixin.py:190} INFO - [2025-02-01T12:02:01.577+0000] {dag.py:4180} INFO - Setting next_dagrun for dataset_s3_bucket_consumer to None, run_after=None
[2025-02-01T12:02:01.579+0000] {logging_mixin.py:190} INFO - [2025-02-01T12:02:01.579+0000] {dag.py:4180} INFO - Setting next_dagrun for dataset_s3_bucket_producer to None, run_after=None
[2025-02-01T12:02:01.606+0000] {processor.py:208} INFO - Processing /home/airflow/.local/lib/python3.9/site-packages/airflow/example_dags/example_dataset_alias.py took 1.169 seconds
[2025-02-01T12:02:31.715+0000] {processor.py:186} INFO - Started process (PID=583) to work on /home/airflow/.local/lib/python3.9/site-packages/airflow/example_dags/example_dataset_alias.py
[2025-02-01T12:02:31.716+0000] {processor.py:914} INFO - Processing file /home/airflow/.local/lib/python3.9/site-packages/airflow/example_dags/example_dataset_alias.py for tasks to queue
[2025-02-01T12:02:31.717+0000] {logging_mixin.py:190} INFO - [2025-02-01T12:02:31.717+0000] {dagbag.py:588} INFO - Filling up the DagBag from /home/airflow/.local/lib/python3.9/site-packages/airflow/example_dags/example_dataset_alias.py
[2025-02-01T12:02:32.151+0000] {processor.py:925} INFO - DAG(s) 'dataset_alias_example_alias_producer', 'dataset_alias_example_alias_consumer', 'dataset_s3_bucket_consumer', 'dataset_s3_bucket_producer' retrieved from /home/airflow/.local/lib/python3.9/site-packages/airflow/example_dags/example_dataset_alias.py
[2025-02-01T12:02:32.167+0000] {logging_mixin.py:190} INFO - [2025-02-01T12:02:32.166+0000] {dag.py:3239} INFO - Sync 4 DAGs
[2025-02-01T12:02:32.181+0000] {logging_mixin.py:190} INFO - [2025-02-01T12:02:32.181+0000] {dag.py:4180} INFO - Setting next_dagrun for dataset_alias_example_alias_consumer to None, run_after=None
[2025-02-01T12:02:32.183+0000] {logging_mixin.py:190} INFO - [2025-02-01T12:02:32.183+0000] {dag.py:4180} INFO - Setting next_dagrun for dataset_alias_example_alias_producer to None, run_after=None
[2025-02-01T12:02:32.184+0000] {logging_mixin.py:190} INFO - [2025-02-01T12:02:32.184+0000] {dag.py:4180} INFO - Setting next_dagrun for dataset_s3_bucket_consumer to None, run_after=None
[2025-02-01T12:02:32.185+0000] {logging_mixin.py:190} INFO - [2025-02-01T12:02:32.185+0000] {dag.py:4180} INFO - Setting next_dagrun for dataset_s3_bucket_producer to None, run_after=None
[2025-02-01T12:02:32.204+0000] {processor.py:208} INFO - Processing /home/airflow/.local/lib/python3.9/site-packages/airflow/example_dags/example_dataset_alias.py took 0.494 seconds
[2025-02-01T12:03:02.511+0000] {processor.py:186} INFO - Started process (PID=645) to work on /home/airflow/.local/lib/python3.9/site-packages/airflow/example_dags/example_dataset_alias.py
[2025-02-01T12:03:02.512+0000] {processor.py:914} INFO - Processing file /home/airflow/.local/lib/python3.9/site-packages/airflow/example_dags/example_dataset_alias.py for tasks to queue
[2025-02-01T12:03:02.513+0000] {logging_mixin.py:190} INFO - [2025-02-01T12:03:02.513+0000] {dagbag.py:588} INFO - Filling up the DagBag from /home/airflow/.local/lib/python3.9/site-packages/airflow/example_dags/example_dataset_alias.py
[2025-02-01T12:03:03.031+0000] {processor.py:925} INFO - DAG(s) 'dataset_alias_example_alias_producer', 'dataset_s3_bucket_consumer', 'dataset_alias_example_alias_consumer', 'dataset_s3_bucket_producer' retrieved from /home/airflow/.local/lib/python3.9/site-packages/airflow/example_dags/example_dataset_alias.py
[2025-02-01T12:03:03.046+0000] {logging_mixin.py:190} INFO - [2025-02-01T12:03:03.045+0000] {dag.py:3239} INFO - Sync 4 DAGs
[2025-02-01T12:03:03.061+0000] {logging_mixin.py:190} INFO - [2025-02-01T12:03:03.061+0000] {dag.py:4180} INFO - Setting next_dagrun for dataset_alias_example_alias_consumer to None, run_after=None
[2025-02-01T12:03:03.063+0000] {logging_mixin.py:190} INFO - [2025-02-01T12:03:03.062+0000] {dag.py:4180} INFO - Setting next_dagrun for dataset_alias_example_alias_producer to None, run_after=None
[2025-02-01T12:03:03.064+0000] {logging_mixin.py:190} INFO - [2025-02-01T12:03:03.063+0000] {dag.py:4180} INFO - Setting next_dagrun for dataset_s3_bucket_consumer to None, run_after=None
[2025-02-01T12:03:03.064+0000] {logging_mixin.py:190} INFO - [2025-02-01T12:03:03.064+0000] {dag.py:4180} INFO - Setting next_dagrun for dataset_s3_bucket_producer to None, run_after=None
[2025-02-01T12:03:03.078+0000] {processor.py:208} INFO - Processing /home/airflow/.local/lib/python3.9/site-packages/airflow/example_dags/example_dataset_alias.py took 0.572 seconds
[2025-02-01T12:03:33.366+0000] {processor.py:186} INFO - Started process (PID=708) to work on /home/airflow/.local/lib/python3.9/site-packages/airflow/example_dags/example_dataset_alias.py
[2025-02-01T12:03:33.366+0000] {processor.py:914} INFO - Processing file /home/airflow/.local/lib/python3.9/site-packages/airflow/example_dags/example_dataset_alias.py for tasks to queue
[2025-02-01T12:03:33.368+0000] {logging_mixin.py:190} INFO - [2025-02-01T12:03:33.368+0000] {dagbag.py:588} INFO - Filling up the DagBag from /home/airflow/.local/lib/python3.9/site-packages/airflow/example_dags/example_dataset_alias.py
[2025-02-01T12:03:33.877+0000] {processor.py:925} INFO - DAG(s) 'dataset_s3_bucket_consumer', 'dataset_s3_bucket_producer', 'dataset_alias_example_alias_consumer', 'dataset_alias_example_alias_producer' retrieved from /home/airflow/.local/lib/python3.9/site-packages/airflow/example_dags/example_dataset_alias.py
[2025-02-01T12:03:33.892+0000] {logging_mixin.py:190} INFO - [2025-02-01T12:03:33.891+0000] {dag.py:3239} INFO - Sync 4 DAGs
[2025-02-01T12:03:33.907+0000] {logging_mixin.py:190} INFO - [2025-02-01T12:03:33.907+0000] {dag.py:4180} INFO - Setting next_dagrun for dataset_alias_example_alias_consumer to None, run_after=None
[2025-02-01T12:03:33.909+0000] {logging_mixin.py:190} INFO - [2025-02-01T12:03:33.909+0000] {dag.py:4180} INFO - Setting next_dagrun for dataset_alias_example_alias_producer to None, run_after=None
[2025-02-01T12:03:33.910+0000] {logging_mixin.py:190} INFO - [2025-02-01T12:03:33.910+0000] {dag.py:4180} INFO - Setting next_dagrun for dataset_s3_bucket_consumer to None, run_after=None
[2025-02-01T12:03:33.911+0000] {logging_mixin.py:190} INFO - [2025-02-01T12:03:33.911+0000] {dag.py:4180} INFO - Setting next_dagrun for dataset_s3_bucket_producer to None, run_after=None
[2025-02-01T12:03:33.926+0000] {processor.py:208} INFO - Processing /home/airflow/.local/lib/python3.9/site-packages/airflow/example_dags/example_dataset_alias.py took 0.565 seconds
[2025-02-01T12:04:04.060+0000] {processor.py:186} INFO - Started process (PID=771) to work on /home/airflow/.local/lib/python3.9/site-packages/airflow/example_dags/example_dataset_alias.py
[2025-02-01T12:04:04.061+0000] {processor.py:914} INFO - Processing file /home/airflow/.local/lib/python3.9/site-packages/airflow/example_dags/example_dataset_alias.py for tasks to queue
[2025-02-01T12:04:04.063+0000] {logging_mixin.py:190} INFO - [2025-02-01T12:04:04.063+0000] {dagbag.py:588} INFO - Filling up the DagBag from /home/airflow/.local/lib/python3.9/site-packages/airflow/example_dags/example_dataset_alias.py
[2025-02-01T12:04:04.511+0000] {processor.py:925} INFO - DAG(s) 'dataset_alias_example_alias_producer', 'dataset_alias_example_alias_consumer', 'dataset_s3_bucket_consumer', 'dataset_s3_bucket_producer' retrieved from /home/airflow/.local/lib/python3.9/site-packages/airflow/example_dags/example_dataset_alias.py
[2025-02-01T12:04:04.525+0000] {logging_mixin.py:190} INFO - [2025-02-01T12:04:04.525+0000] {dag.py:3239} INFO - Sync 4 DAGs
[2025-02-01T12:04:04.540+0000] {logging_mixin.py:190} INFO - [2025-02-01T12:04:04.540+0000] {dag.py:4180} INFO - Setting next_dagrun for dataset_alias_example_alias_consumer to None, run_after=None
[2025-02-01T12:04:04.542+0000] {logging_mixin.py:190} INFO - [2025-02-01T12:04:04.542+0000] {dag.py:4180} INFO - Setting next_dagrun for dataset_alias_example_alias_producer to None, run_after=None
[2025-02-01T12:04:04.543+0000] {logging_mixin.py:190} INFO - [2025-02-01T12:04:04.543+0000] {dag.py:4180} INFO - Setting next_dagrun for dataset_s3_bucket_consumer to None, run_after=None
[2025-02-01T12:04:04.544+0000] {logging_mixin.py:190} INFO - [2025-02-01T12:04:04.544+0000] {dag.py:4180} INFO - Setting next_dagrun for dataset_s3_bucket_producer to None, run_after=None
[2025-02-01T12:04:04.559+0000] {processor.py:208} INFO - Processing /home/airflow/.local/lib/python3.9/site-packages/airflow/example_dags/example_dataset_alias.py took 0.504 seconds
[2025-02-01T12:04:34.704+0000] {processor.py:186} INFO - Started process (PID=835) to work on /home/airflow/.local/lib/python3.9/site-packages/airflow/example_dags/example_dataset_alias.py
[2025-02-01T12:04:34.705+0000] {processor.py:914} INFO - Processing file /home/airflow/.local/lib/python3.9/site-packages/airflow/example_dags/example_dataset_alias.py for tasks to queue
[2025-02-01T12:04:34.707+0000] {logging_mixin.py:190} INFO - [2025-02-01T12:04:34.706+0000] {dagbag.py:588} INFO - Filling up the DagBag from /home/airflow/.local/lib/python3.9/site-packages/airflow/example_dags/example_dataset_alias.py
[2025-02-01T12:04:35.140+0000] {processor.py:925} INFO - DAG(s) 'dataset_alias_example_alias_producer', 'dataset_s3_bucket_consumer', 'dataset_s3_bucket_producer', 'dataset_alias_example_alias_consumer' retrieved from /home/airflow/.local/lib/python3.9/site-packages/airflow/example_dags/example_dataset_alias.py
[2025-02-01T12:04:35.154+0000] {logging_mixin.py:190} INFO - [2025-02-01T12:04:35.154+0000] {dag.py:3239} INFO - Sync 4 DAGs
[2025-02-01T12:04:35.169+0000] {logging_mixin.py:190} INFO - [2025-02-01T12:04:35.169+0000] {dag.py:4180} INFO - Setting next_dagrun for dataset_alias_example_alias_consumer to None, run_after=None
[2025-02-01T12:04:35.171+0000] {logging_mixin.py:190} INFO - [2025-02-01T12:04:35.170+0000] {dag.py:4180} INFO - Setting next_dagrun for dataset_alias_example_alias_producer to None, run_after=None
[2025-02-01T12:04:35.172+0000] {logging_mixin.py:190} INFO - [2025-02-01T12:04:35.171+0000] {dag.py:4180} INFO - Setting next_dagrun for dataset_s3_bucket_consumer to None, run_after=None
[2025-02-01T12:04:35.172+0000] {logging_mixin.py:190} INFO - [2025-02-01T12:04:35.172+0000] {dag.py:4180} INFO - Setting next_dagrun for dataset_s3_bucket_producer to None, run_after=None
[2025-02-01T12:04:35.188+0000] {processor.py:208} INFO - Processing /home/airflow/.local/lib/python3.9/site-packages/airflow/example_dags/example_dataset_alias.py took 0.488 seconds
[2025-02-01T12:05:05.840+0000] {processor.py:186} INFO - Started process (PID=897) to work on /home/airflow/.local/lib/python3.9/site-packages/airflow/example_dags/example_dataset_alias.py
[2025-02-01T12:05:05.840+0000] {processor.py:914} INFO - Processing file /home/airflow/.local/lib/python3.9/site-packages/airflow/example_dags/example_dataset_alias.py for tasks to queue
[2025-02-01T12:05:05.842+0000] {logging_mixin.py:190} INFO - [2025-02-01T12:05:05.842+0000] {dagbag.py:588} INFO - Filling up the DagBag from /home/airflow/.local/lib/python3.9/site-packages/airflow/example_dags/example_dataset_alias.py
[2025-02-01T12:05:06.314+0000] {processor.py:925} INFO - DAG(s) 'dataset_s3_bucket_consumer', 'dataset_alias_example_alias_consumer', 'dataset_alias_example_alias_producer', 'dataset_s3_bucket_producer' retrieved from /home/airflow/.local/lib/python3.9/site-packages/airflow/example_dags/example_dataset_alias.py
[2025-02-01T12:05:06.329+0000] {logging_mixin.py:190} INFO - [2025-02-01T12:05:06.328+0000] {dag.py:3239} INFO - Sync 4 DAGs
[2025-02-01T12:05:06.343+0000] {logging_mixin.py:190} INFO - [2025-02-01T12:05:06.343+0000] {dag.py:4180} INFO - Setting next_dagrun for dataset_alias_example_alias_consumer to None, run_after=None
[2025-02-01T12:05:06.345+0000] {logging_mixin.py:190} INFO - [2025-02-01T12:05:06.345+0000] {dag.py:4180} INFO - Setting next_dagrun for dataset_alias_example_alias_producer to None, run_after=None
[2025-02-01T12:05:06.346+0000] {logging_mixin.py:190} INFO - [2025-02-01T12:05:06.346+0000] {dag.py:4180} INFO - Setting next_dagrun for dataset_s3_bucket_consumer to None, run_after=None
[2025-02-01T12:05:06.347+0000] {logging_mixin.py:190} INFO - [2025-02-01T12:05:06.347+0000] {dag.py:4180} INFO - Setting next_dagrun for dataset_s3_bucket_producer to None, run_after=None
[2025-02-01T12:05:06.362+0000] {processor.py:208} INFO - Processing /home/airflow/.local/lib/python3.9/site-packages/airflow/example_dags/example_dataset_alias.py took 0.528 seconds
[2025-02-01T12:05:37.227+0000] {processor.py:186} INFO - Started process (PID=960) to work on /home/airflow/.local/lib/python3.9/site-packages/airflow/example_dags/example_dataset_alias.py
[2025-02-01T12:05:37.235+0000] {processor.py:914} INFO - Processing file /home/airflow/.local/lib/python3.9/site-packages/airflow/example_dags/example_dataset_alias.py for tasks to queue
[2025-02-01T12:05:37.239+0000] {logging_mixin.py:190} INFO - [2025-02-01T12:05:37.239+0000] {dagbag.py:588} INFO - Filling up the DagBag from /home/airflow/.local/lib/python3.9/site-packages/airflow/example_dags/example_dataset_alias.py
[2025-02-01T12:05:37.996+0000] {processor.py:925} INFO - DAG(s) 'dataset_s3_bucket_producer', 'dataset_alias_example_alias_producer', 'dataset_alias_example_alias_consumer', 'dataset_s3_bucket_consumer' retrieved from /home/airflow/.local/lib/python3.9/site-packages/airflow/example_dags/example_dataset_alias.py
[2025-02-01T12:05:38.011+0000] {logging_mixin.py:190} INFO - [2025-02-01T12:05:38.010+0000] {dag.py:3239} INFO - Sync 4 DAGs
[2025-02-01T12:05:38.026+0000] {logging_mixin.py:190} INFO - [2025-02-01T12:05:38.025+0000] {dag.py:4180} INFO - Setting next_dagrun for dataset_alias_example_alias_consumer to None, run_after=None
[2025-02-01T12:05:38.027+0000] {logging_mixin.py:190} INFO - [2025-02-01T12:05:38.027+0000] {dag.py:4180} INFO - Setting next_dagrun for dataset_alias_example_alias_producer to None, run_after=None
[2025-02-01T12:05:38.028+0000] {logging_mixin.py:190} INFO - [2025-02-01T12:05:38.028+0000] {dag.py:4180} INFO - Setting next_dagrun for dataset_s3_bucket_consumer to None, run_after=None
[2025-02-01T12:05:38.029+0000] {logging_mixin.py:190} INFO - [2025-02-01T12:05:38.029+0000] {dag.py:4180} INFO - Setting next_dagrun for dataset_s3_bucket_producer to None, run_after=None
[2025-02-01T12:05:38.044+0000] {processor.py:208} INFO - Processing /home/airflow/.local/lib/python3.9/site-packages/airflow/example_dags/example_dataset_alias.py took 0.827 seconds
[2025-02-01T12:06:08.130+0000] {processor.py:186} INFO - Started process (PID=1026) to work on /home/airflow/.local/lib/python3.9/site-packages/airflow/example_dags/example_dataset_alias.py
[2025-02-01T12:06:08.131+0000] {processor.py:914} INFO - Processing file /home/airflow/.local/lib/python3.9/site-packages/airflow/example_dags/example_dataset_alias.py for tasks to queue
[2025-02-01T12:06:08.133+0000] {logging_mixin.py:190} INFO - [2025-02-01T12:06:08.133+0000] {dagbag.py:588} INFO - Filling up the DagBag from /home/airflow/.local/lib/python3.9/site-packages/airflow/example_dags/example_dataset_alias.py
[2025-02-01T12:06:08.587+0000] {processor.py:925} INFO - DAG(s) 'dataset_s3_bucket_producer', 'dataset_s3_bucket_consumer', 'dataset_alias_example_alias_consumer', 'dataset_alias_example_alias_producer' retrieved from /home/airflow/.local/lib/python3.9/site-packages/airflow/example_dags/example_dataset_alias.py
[2025-02-01T12:06:08.602+0000] {logging_mixin.py:190} INFO - [2025-02-01T12:06:08.601+0000] {dag.py:3239} INFO - Sync 4 DAGs
[2025-02-01T12:06:08.616+0000] {logging_mixin.py:190} INFO - [2025-02-01T12:06:08.616+0000] {dag.py:4180} INFO - Setting next_dagrun for dataset_alias_example_alias_consumer to None, run_after=None
[2025-02-01T12:06:08.618+0000] {logging_mixin.py:190} INFO - [2025-02-01T12:06:08.618+0000] {dag.py:4180} INFO - Setting next_dagrun for dataset_alias_example_alias_producer to None, run_after=None
[2025-02-01T12:06:08.619+0000] {logging_mixin.py:190} INFO - [2025-02-01T12:06:08.619+0000] {dag.py:4180} INFO - Setting next_dagrun for dataset_s3_bucket_consumer to None, run_after=None
[2025-02-01T12:06:08.620+0000] {logging_mixin.py:190} INFO - [2025-02-01T12:06:08.620+0000] {dag.py:4180} INFO - Setting next_dagrun for dataset_s3_bucket_producer to None, run_after=None
[2025-02-01T12:06:08.635+0000] {processor.py:208} INFO - Processing /home/airflow/.local/lib/python3.9/site-packages/airflow/example_dags/example_dataset_alias.py took 0.512 seconds
[2025-02-01T12:06:39.352+0000] {processor.py:186} INFO - Started process (PID=1088) to work on /home/airflow/.local/lib/python3.9/site-packages/airflow/example_dags/example_dataset_alias.py
[2025-02-01T12:06:39.353+0000] {processor.py:914} INFO - Processing file /home/airflow/.local/lib/python3.9/site-packages/airflow/example_dags/example_dataset_alias.py for tasks to queue
[2025-02-01T12:06:39.354+0000] {logging_mixin.py:190} INFO - [2025-02-01T12:06:39.354+0000] {dagbag.py:588} INFO - Filling up the DagBag from /home/airflow/.local/lib/python3.9/site-packages/airflow/example_dags/example_dataset_alias.py
[2025-02-01T12:06:39.926+0000] {processor.py:925} INFO - DAG(s) 'dataset_alias_example_alias_consumer', 'dataset_s3_bucket_producer', 'dataset_alias_example_alias_producer', 'dataset_s3_bucket_consumer' retrieved from /home/airflow/.local/lib/python3.9/site-packages/airflow/example_dags/example_dataset_alias.py
[2025-02-01T12:06:39.941+0000] {logging_mixin.py:190} INFO - [2025-02-01T12:06:39.941+0000] {dag.py:3239} INFO - Sync 4 DAGs
[2025-02-01T12:06:39.957+0000] {logging_mixin.py:190} INFO - [2025-02-01T12:06:39.957+0000] {dag.py:4180} INFO - Setting next_dagrun for dataset_alias_example_alias_consumer to None, run_after=None
[2025-02-01T12:06:39.959+0000] {logging_mixin.py:190} INFO - [2025-02-01T12:06:39.959+0000] {dag.py:4180} INFO - Setting next_dagrun for dataset_alias_example_alias_producer to None, run_after=None
[2025-02-01T12:06:39.960+0000] {logging_mixin.py:190} INFO - [2025-02-01T12:06:39.960+0000] {dag.py:4180} INFO - Setting next_dagrun for dataset_s3_bucket_consumer to None, run_after=None
[2025-02-01T12:06:39.961+0000] {logging_mixin.py:190} INFO - [2025-02-01T12:06:39.961+0000] {dag.py:4180} INFO - Setting next_dagrun for dataset_s3_bucket_producer to None, run_after=None
[2025-02-01T12:06:39.977+0000] {processor.py:208} INFO - Processing /home/airflow/.local/lib/python3.9/site-packages/airflow/example_dags/example_dataset_alias.py took 0.629 seconds
[2025-02-01T12:07:10.880+0000] {processor.py:186} INFO - Started process (PID=1152) to work on /home/airflow/.local/lib/python3.9/site-packages/airflow/example_dags/example_dataset_alias.py
[2025-02-01T12:07:10.884+0000] {processor.py:914} INFO - Processing file /home/airflow/.local/lib/python3.9/site-packages/airflow/example_dags/example_dataset_alias.py for tasks to queue
[2025-02-01T12:07:10.886+0000] {logging_mixin.py:190} INFO - [2025-02-01T12:07:10.886+0000] {dagbag.py:588} INFO - Filling up the DagBag from /home/airflow/.local/lib/python3.9/site-packages/airflow/example_dags/example_dataset_alias.py
[2025-02-01T12:07:11.599+0000] {processor.py:925} INFO - DAG(s) 'dataset_s3_bucket_producer', 'dataset_s3_bucket_consumer', 'dataset_alias_example_alias_consumer', 'dataset_alias_example_alias_producer' retrieved from /home/airflow/.local/lib/python3.9/site-packages/airflow/example_dags/example_dataset_alias.py
[2025-02-01T12:07:11.613+0000] {logging_mixin.py:190} INFO - [2025-02-01T12:07:11.613+0000] {dag.py:3239} INFO - Sync 4 DAGs
[2025-02-01T12:07:11.628+0000] {logging_mixin.py:190} INFO - [2025-02-01T12:07:11.628+0000] {dag.py:4180} INFO - Setting next_dagrun for dataset_alias_example_alias_consumer to None, run_after=None
[2025-02-01T12:07:11.630+0000] {logging_mixin.py:190} INFO - [2025-02-01T12:07:11.630+0000] {dag.py:4180} INFO - Setting next_dagrun for dataset_alias_example_alias_producer to None, run_after=None
[2025-02-01T12:07:11.631+0000] {logging_mixin.py:190} INFO - [2025-02-01T12:07:11.631+0000] {dag.py:4180} INFO - Setting next_dagrun for dataset_s3_bucket_consumer to None, run_after=None
[2025-02-01T12:07:11.632+0000] {logging_mixin.py:190} INFO - [2025-02-01T12:07:11.632+0000] {dag.py:4180} INFO - Setting next_dagrun for dataset_s3_bucket_producer to None, run_after=None
[2025-02-01T12:07:11.647+0000] {processor.py:208} INFO - Processing /home/airflow/.local/lib/python3.9/site-packages/airflow/example_dags/example_dataset_alias.py took 0.772 seconds
[2025-02-01T12:07:41.769+0000] {processor.py:186} INFO - Started process (PID=1215) to work on /home/airflow/.local/lib/python3.9/site-packages/airflow/example_dags/example_dataset_alias.py
[2025-02-01T12:07:41.775+0000] {processor.py:914} INFO - Processing file /home/airflow/.local/lib/python3.9/site-packages/airflow/example_dags/example_dataset_alias.py for tasks to queue
[2025-02-01T12:07:41.779+0000] {logging_mixin.py:190} INFO - [2025-02-01T12:07:41.778+0000] {dagbag.py:588} INFO - Filling up the DagBag from /home/airflow/.local/lib/python3.9/site-packages/airflow/example_dags/example_dataset_alias.py
[2025-02-01T12:07:43.650+0000] {processor.py:925} INFO - DAG(s) 'dataset_s3_bucket_consumer', 'dataset_alias_example_alias_consumer', 'dataset_alias_example_alias_producer', 'dataset_s3_bucket_producer' retrieved from /home/airflow/.local/lib/python3.9/site-packages/airflow/example_dags/example_dataset_alias.py
[2025-02-01T12:07:43.686+0000] {logging_mixin.py:190} INFO - [2025-02-01T12:07:43.686+0000] {dag.py:3239} INFO - Sync 4 DAGs
[2025-02-01T12:07:43.715+0000] {logging_mixin.py:190} INFO - [2025-02-01T12:07:43.714+0000] {dag.py:4180} INFO - Setting next_dagrun for dataset_alias_example_alias_consumer to None, run_after=None
[2025-02-01T12:07:43.717+0000] {logging_mixin.py:190} INFO - [2025-02-01T12:07:43.717+0000] {dag.py:4180} INFO - Setting next_dagrun for dataset_alias_example_alias_producer to None, run_after=None
[2025-02-01T12:07:43.719+0000] {logging_mixin.py:190} INFO - [2025-02-01T12:07:43.719+0000] {dag.py:4180} INFO - Setting next_dagrun for dataset_s3_bucket_consumer to None, run_after=None
[2025-02-01T12:07:43.720+0000] {logging_mixin.py:190} INFO - [2025-02-01T12:07:43.720+0000] {dag.py:4180} INFO - Setting next_dagrun for dataset_s3_bucket_producer to None, run_after=None
[2025-02-01T12:07:43.754+0000] {processor.py:208} INFO - Processing /home/airflow/.local/lib/python3.9/site-packages/airflow/example_dags/example_dataset_alias.py took 2.002 seconds
[2025-02-01T12:08:14.569+0000] {processor.py:186} INFO - Started process (PID=1282) to work on /home/airflow/.local/lib/python3.9/site-packages/airflow/example_dags/example_dataset_alias.py
[2025-02-01T12:08:14.571+0000] {processor.py:914} INFO - Processing file /home/airflow/.local/lib/python3.9/site-packages/airflow/example_dags/example_dataset_alias.py for tasks to queue
[2025-02-01T12:08:14.577+0000] {logging_mixin.py:190} INFO - [2025-02-01T12:08:14.577+0000] {dagbag.py:588} INFO - Filling up the DagBag from /home/airflow/.local/lib/python3.9/site-packages/airflow/example_dags/example_dataset_alias.py
[2025-02-01T12:08:15.547+0000] {processor.py:925} INFO - DAG(s) 'dataset_s3_bucket_consumer', 'dataset_s3_bucket_producer', 'dataset_alias_example_alias_consumer', 'dataset_alias_example_alias_producer' retrieved from /home/airflow/.local/lib/python3.9/site-packages/airflow/example_dags/example_dataset_alias.py
[2025-02-01T12:08:15.579+0000] {logging_mixin.py:190} INFO - [2025-02-01T12:08:15.579+0000] {dag.py:3239} INFO - Sync 4 DAGs
[2025-02-01T12:08:15.620+0000] {logging_mixin.py:190} INFO - [2025-02-01T12:08:15.620+0000] {dag.py:4180} INFO - Setting next_dagrun for dataset_alias_example_alias_consumer to None, run_after=None
[2025-02-01T12:08:15.623+0000] {logging_mixin.py:190} INFO - [2025-02-01T12:08:15.623+0000] {dag.py:4180} INFO - Setting next_dagrun for dataset_alias_example_alias_producer to None, run_after=None
[2025-02-01T12:08:15.625+0000] {logging_mixin.py:190} INFO - [2025-02-01T12:08:15.625+0000] {dag.py:4180} INFO - Setting next_dagrun for dataset_s3_bucket_consumer to None, run_after=None
[2025-02-01T12:08:15.626+0000] {logging_mixin.py:190} INFO - [2025-02-01T12:08:15.626+0000] {dag.py:4180} INFO - Setting next_dagrun for dataset_s3_bucket_producer to None, run_after=None
[2025-02-01T12:08:15.663+0000] {processor.py:208} INFO - Processing /home/airflow/.local/lib/python3.9/site-packages/airflow/example_dags/example_dataset_alias.py took 1.108 seconds
[2025-02-01T12:08:45.763+0000] {processor.py:186} INFO - Started process (PID=1345) to work on /home/airflow/.local/lib/python3.9/site-packages/airflow/example_dags/example_dataset_alias.py
[2025-02-01T12:08:45.763+0000] {processor.py:914} INFO - Processing file /home/airflow/.local/lib/python3.9/site-packages/airflow/example_dags/example_dataset_alias.py for tasks to queue
[2025-02-01T12:08:45.766+0000] {logging_mixin.py:190} INFO - [2025-02-01T12:08:45.766+0000] {dagbag.py:588} INFO - Filling up the DagBag from /home/airflow/.local/lib/python3.9/site-packages/airflow/example_dags/example_dataset_alias.py
[2025-02-01T12:08:46.408+0000] {processor.py:925} INFO - DAG(s) 'dataset_alias_example_alias_producer', 'dataset_alias_example_alias_consumer', 'dataset_s3_bucket_producer', 'dataset_s3_bucket_consumer' retrieved from /home/airflow/.local/lib/python3.9/site-packages/airflow/example_dags/example_dataset_alias.py
[2025-02-01T12:08:46.423+0000] {logging_mixin.py:190} INFO - [2025-02-01T12:08:46.423+0000] {dag.py:3239} INFO - Sync 4 DAGs
[2025-02-01T12:08:46.440+0000] {logging_mixin.py:190} INFO - [2025-02-01T12:08:46.439+0000] {dag.py:4180} INFO - Setting next_dagrun for dataset_alias_example_alias_consumer to None, run_after=None
[2025-02-01T12:08:46.442+0000] {logging_mixin.py:190} INFO - [2025-02-01T12:08:46.441+0000] {dag.py:4180} INFO - Setting next_dagrun for dataset_alias_example_alias_producer to None, run_after=None
[2025-02-01T12:08:46.443+0000] {logging_mixin.py:190} INFO - [2025-02-01T12:08:46.443+0000] {dag.py:4180} INFO - Setting next_dagrun for dataset_s3_bucket_consumer to None, run_after=None
[2025-02-01T12:08:46.444+0000] {logging_mixin.py:190} INFO - [2025-02-01T12:08:46.444+0000] {dag.py:4180} INFO - Setting next_dagrun for dataset_s3_bucket_producer to None, run_after=None
[2025-02-01T12:08:46.460+0000] {processor.py:208} INFO - Processing /home/airflow/.local/lib/python3.9/site-packages/airflow/example_dags/example_dataset_alias.py took 0.704 seconds
[2025-02-01T12:09:16.582+0000] {processor.py:186} INFO - Started process (PID=1413) to work on /home/airflow/.local/lib/python3.9/site-packages/airflow/example_dags/example_dataset_alias.py
[2025-02-01T12:09:16.591+0000] {processor.py:914} INFO - Processing file /home/airflow/.local/lib/python3.9/site-packages/airflow/example_dags/example_dataset_alias.py for tasks to queue
[2025-02-01T12:09:16.593+0000] {logging_mixin.py:190} INFO - [2025-02-01T12:09:16.593+0000] {dagbag.py:588} INFO - Filling up the DagBag from /home/airflow/.local/lib/python3.9/site-packages/airflow/example_dags/example_dataset_alias.py
[2025-02-01T12:09:17.034+0000] {processor.py:925} INFO - DAG(s) 'dataset_alias_example_alias_consumer', 'dataset_s3_bucket_producer', 'dataset_s3_bucket_consumer', 'dataset_alias_example_alias_producer' retrieved from /home/airflow/.local/lib/python3.9/site-packages/airflow/example_dags/example_dataset_alias.py
[2025-02-01T12:09:17.050+0000] {logging_mixin.py:190} INFO - [2025-02-01T12:09:17.049+0000] {dag.py:3239} INFO - Sync 4 DAGs
[2025-02-01T12:09:17.065+0000] {logging_mixin.py:190} INFO - [2025-02-01T12:09:17.065+0000] {dag.py:4180} INFO - Setting next_dagrun for dataset_alias_example_alias_consumer to None, run_after=None
[2025-02-01T12:09:17.067+0000] {logging_mixin.py:190} INFO - [2025-02-01T12:09:17.067+0000] {dag.py:4180} INFO - Setting next_dagrun for dataset_alias_example_alias_producer to None, run_after=None
[2025-02-01T12:09:17.068+0000] {logging_mixin.py:190} INFO - [2025-02-01T12:09:17.068+0000] {dag.py:4180} INFO - Setting next_dagrun for dataset_s3_bucket_consumer to None, run_after=None
[2025-02-01T12:09:17.069+0000] {logging_mixin.py:190} INFO - [2025-02-01T12:09:17.069+0000] {dag.py:4180} INFO - Setting next_dagrun for dataset_s3_bucket_producer to None, run_after=None
[2025-02-01T12:09:17.085+0000] {processor.py:208} INFO - Processing /home/airflow/.local/lib/python3.9/site-packages/airflow/example_dags/example_dataset_alias.py took 0.514 seconds
[2025-02-01T12:09:47.671+0000] {processor.py:186} INFO - Started process (PID=1476) to work on /home/airflow/.local/lib/python3.9/site-packages/airflow/example_dags/example_dataset_alias.py
[2025-02-01T12:09:47.672+0000] {processor.py:914} INFO - Processing file /home/airflow/.local/lib/python3.9/site-packages/airflow/example_dags/example_dataset_alias.py for tasks to queue
[2025-02-01T12:09:47.674+0000] {logging_mixin.py:190} INFO - [2025-02-01T12:09:47.673+0000] {dagbag.py:588} INFO - Filling up the DagBag from /home/airflow/.local/lib/python3.9/site-packages/airflow/example_dags/example_dataset_alias.py
[2025-02-01T12:09:48.200+0000] {processor.py:925} INFO - DAG(s) 'dataset_s3_bucket_producer', 'dataset_alias_example_alias_producer', 'dataset_s3_bucket_consumer', 'dataset_alias_example_alias_consumer' retrieved from /home/airflow/.local/lib/python3.9/site-packages/airflow/example_dags/example_dataset_alias.py
[2025-02-01T12:09:48.222+0000] {logging_mixin.py:190} INFO - [2025-02-01T12:09:48.221+0000] {dag.py:3239} INFO - Sync 4 DAGs
[2025-02-01T12:09:48.247+0000] {logging_mixin.py:190} INFO - [2025-02-01T12:09:48.247+0000] {dag.py:4180} INFO - Setting next_dagrun for dataset_alias_example_alias_consumer to None, run_after=None
[2025-02-01T12:09:48.250+0000] {logging_mixin.py:190} INFO - [2025-02-01T12:09:48.249+0000] {dag.py:4180} INFO - Setting next_dagrun for dataset_alias_example_alias_producer to None, run_after=None
[2025-02-01T12:09:48.251+0000] {logging_mixin.py:190} INFO - [2025-02-01T12:09:48.251+0000] {dag.py:4180} INFO - Setting next_dagrun for dataset_s3_bucket_consumer to None, run_after=None
[2025-02-01T12:09:48.252+0000] {logging_mixin.py:190} INFO - [2025-02-01T12:09:48.252+0000] {dag.py:4180} INFO - Setting next_dagrun for dataset_s3_bucket_producer to None, run_after=None
[2025-02-01T12:09:48.276+0000] {processor.py:208} INFO - Processing /home/airflow/.local/lib/python3.9/site-packages/airflow/example_dags/example_dataset_alias.py took 0.610 seconds
