[2025-02-01T11:58:39.998+0000] {processor.py:186} INFO - Started process (PID=105) to work on /home/airflow/.local/lib/python3.9/site-packages/airflow/example_dags/example_nested_branch_dag.py
[2025-02-01T11:58:40.000+0000] {processor.py:914} INFO - Processing file /home/airflow/.local/lib/python3.9/site-packages/airflow/example_dags/example_nested_branch_dag.py for tasks to queue
[2025-02-01T11:58:40.008+0000] {logging_mixin.py:190} INFO - [2025-02-01T11:58:40.007+0000] {dagbag.py:588} INFO - Filling up the DagBag from /home/airflow/.local/lib/python3.9/site-packages/airflow/example_dags/example_nested_branch_dag.py
[2025-02-01T11:58:40.048+0000] {processor.py:925} INFO - DAG(s) 'example_nested_branch_dag' retrieved from /home/airflow/.local/lib/python3.9/site-packages/airflow/example_dags/example_nested_branch_dag.py
[2025-02-01T11:58:40.201+0000] {logging_mixin.py:190} INFO - [2025-02-01T11:58:40.198+0000] {override.py:1911} INFO - Created Permission View: can edit on DAG:example_nested_branch_dag
[2025-02-01T11:58:40.241+0000] {logging_mixin.py:190} INFO - [2025-02-01T11:58:40.241+0000] {override.py:1911} INFO - Created Permission View: can delete on DAG:example_nested_branch_dag
[2025-02-01T11:58:40.257+0000] {logging_mixin.py:190} INFO - [2025-02-01T11:58:40.256+0000] {override.py:1911} INFO - Created Permission View: can read on DAG:example_nested_branch_dag
[2025-02-01T11:58:40.265+0000] {logging_mixin.py:190} INFO - [2025-02-01T11:58:40.264+0000] {override.py:1911} INFO - Created Permission View: can create on DAG Run:example_nested_branch_dag
[2025-02-01T11:58:40.277+0000] {logging_mixin.py:190} INFO - [2025-02-01T11:58:40.277+0000] {override.py:1911} INFO - Created Permission View: can delete on DAG Run:example_nested_branch_dag
[2025-02-01T11:58:40.291+0000] {logging_mixin.py:190} INFO - [2025-02-01T11:58:40.291+0000] {override.py:1911} INFO - Created Permission View: can read on DAG Run:example_nested_branch_dag
[2025-02-01T11:58:40.298+0000] {logging_mixin.py:190} INFO - [2025-02-01T11:58:40.297+0000] {override.py:1911} INFO - Created Permission View: menu access on DAG Run:example_nested_branch_dag
[2025-02-01T11:58:40.298+0000] {logging_mixin.py:190} INFO - [2025-02-01T11:58:40.298+0000] {dag.py:3239} INFO - Sync 1 DAGs
[2025-02-01T11:58:40.323+0000] {logging_mixin.py:190} INFO - [2025-02-01T11:58:40.322+0000] {dag.py:3262} INFO - Creating ORM DAG for example_nested_branch_dag
[2025-02-01T11:58:40.350+0000] {logging_mixin.py:190} INFO - [2025-02-01T11:58:40.350+0000] {dag.py:4180} INFO - Setting next_dagrun for example_nested_branch_dag to 2025-01-31 00:00:00+00:00, run_after=2025-02-01 00:00:00+00:00
[2025-02-01T11:58:40.375+0000] {processor.py:208} INFO - Processing /home/airflow/.local/lib/python3.9/site-packages/airflow/example_dags/example_nested_branch_dag.py took 0.391 seconds
[2025-02-01T11:59:11.297+0000] {processor.py:186} INFO - Started process (PID=168) to work on /home/airflow/.local/lib/python3.9/site-packages/airflow/example_dags/example_nested_branch_dag.py
[2025-02-01T11:59:11.298+0000] {processor.py:914} INFO - Processing file /home/airflow/.local/lib/python3.9/site-packages/airflow/example_dags/example_nested_branch_dag.py for tasks to queue
[2025-02-01T11:59:11.300+0000] {logging_mixin.py:190} INFO - [2025-02-01T11:59:11.299+0000] {dagbag.py:588} INFO - Filling up the DagBag from /home/airflow/.local/lib/python3.9/site-packages/airflow/example_dags/example_nested_branch_dag.py
[2025-02-01T11:59:11.312+0000] {processor.py:925} INFO - DAG(s) 'example_nested_branch_dag' retrieved from /home/airflow/.local/lib/python3.9/site-packages/airflow/example_dags/example_nested_branch_dag.py
[2025-02-01T11:59:11.336+0000] {logging_mixin.py:190} INFO - [2025-02-01T11:59:11.336+0000] {dag.py:3239} INFO - Sync 1 DAGs
[2025-02-01T11:59:11.364+0000] {logging_mixin.py:190} INFO - [2025-02-01T11:59:11.364+0000] {dag.py:4180} INFO - Setting next_dagrun for example_nested_branch_dag to 2025-01-31 00:00:00+00:00, run_after=2025-02-01 00:00:00+00:00
[2025-02-01T11:59:11.381+0000] {processor.py:208} INFO - Processing /home/airflow/.local/lib/python3.9/site-packages/airflow/example_dags/example_nested_branch_dag.py took 0.091 seconds
[2025-02-01T11:59:42.961+0000] {processor.py:186} INFO - Started process (PID=232) to work on /home/airflow/.local/lib/python3.9/site-packages/airflow/example_dags/example_nested_branch_dag.py
[2025-02-01T11:59:42.962+0000] {processor.py:914} INFO - Processing file /home/airflow/.local/lib/python3.9/site-packages/airflow/example_dags/example_nested_branch_dag.py for tasks to queue
[2025-02-01T11:59:42.966+0000] {logging_mixin.py:190} INFO - [2025-02-01T11:59:42.965+0000] {dagbag.py:588} INFO - Filling up the DagBag from /home/airflow/.local/lib/python3.9/site-packages/airflow/example_dags/example_nested_branch_dag.py
[2025-02-01T11:59:42.978+0000] {processor.py:925} INFO - DAG(s) 'example_nested_branch_dag' retrieved from /home/airflow/.local/lib/python3.9/site-packages/airflow/example_dags/example_nested_branch_dag.py
[2025-02-01T11:59:43.002+0000] {logging_mixin.py:190} INFO - [2025-02-01T11:59:43.002+0000] {dag.py:3239} INFO - Sync 1 DAGs
[2025-02-01T11:59:43.032+0000] {logging_mixin.py:190} INFO - [2025-02-01T11:59:43.031+0000] {dag.py:4180} INFO - Setting next_dagrun for example_nested_branch_dag to 2025-01-31 00:00:00+00:00, run_after=2025-02-01 00:00:00+00:00
[2025-02-01T11:59:43.050+0000] {processor.py:208} INFO - Processing /home/airflow/.local/lib/python3.9/site-packages/airflow/example_dags/example_nested_branch_dag.py took 0.095 seconds
[2025-02-01T12:00:16.416+0000] {processor.py:186} INFO - Started process (PID=295) to work on /home/airflow/.local/lib/python3.9/site-packages/airflow/example_dags/example_nested_branch_dag.py
[2025-02-01T12:00:16.420+0000] {processor.py:914} INFO - Processing file /home/airflow/.local/lib/python3.9/site-packages/airflow/example_dags/example_nested_branch_dag.py for tasks to queue
[2025-02-01T12:00:16.424+0000] {logging_mixin.py:190} INFO - [2025-02-01T12:00:16.424+0000] {dagbag.py:588} INFO - Filling up the DagBag from /home/airflow/.local/lib/python3.9/site-packages/airflow/example_dags/example_nested_branch_dag.py
[2025-02-01T12:00:16.438+0000] {processor.py:925} INFO - DAG(s) 'example_nested_branch_dag' retrieved from /home/airflow/.local/lib/python3.9/site-packages/airflow/example_dags/example_nested_branch_dag.py
[2025-02-01T12:00:16.467+0000] {logging_mixin.py:190} INFO - [2025-02-01T12:00:16.467+0000] {dag.py:3239} INFO - Sync 1 DAGs
[2025-02-01T12:00:16.515+0000] {logging_mixin.py:190} INFO - [2025-02-01T12:00:16.515+0000] {dag.py:4180} INFO - Setting next_dagrun for example_nested_branch_dag to 2025-01-31 00:00:00+00:00, run_after=2025-02-01 00:00:00+00:00
[2025-02-01T12:00:16.543+0000] {processor.py:208} INFO - Processing /home/airflow/.local/lib/python3.9/site-packages/airflow/example_dags/example_nested_branch_dag.py took 0.134 seconds
[2025-02-01T12:00:48.783+0000] {processor.py:186} INFO - Started process (PID=359) to work on /home/airflow/.local/lib/python3.9/site-packages/airflow/example_dags/example_nested_branch_dag.py
[2025-02-01T12:00:48.784+0000] {processor.py:914} INFO - Processing file /home/airflow/.local/lib/python3.9/site-packages/airflow/example_dags/example_nested_branch_dag.py for tasks to queue
[2025-02-01T12:00:48.786+0000] {logging_mixin.py:190} INFO - [2025-02-01T12:00:48.786+0000] {dagbag.py:588} INFO - Filling up the DagBag from /home/airflow/.local/lib/python3.9/site-packages/airflow/example_dags/example_nested_branch_dag.py
[2025-02-01T12:00:48.813+0000] {processor.py:925} INFO - DAG(s) 'example_nested_branch_dag' retrieved from /home/airflow/.local/lib/python3.9/site-packages/airflow/example_dags/example_nested_branch_dag.py
[2025-02-01T12:00:48.843+0000] {logging_mixin.py:190} INFO - [2025-02-01T12:00:48.843+0000] {dag.py:3239} INFO - Sync 1 DAGs
[2025-02-01T12:00:48.870+0000] {logging_mixin.py:190} INFO - [2025-02-01T12:00:48.870+0000] {dag.py:4180} INFO - Setting next_dagrun for example_nested_branch_dag to 2025-01-31 00:00:00+00:00, run_after=2025-02-01 00:00:00+00:00
[2025-02-01T12:00:48.927+0000] {processor.py:208} INFO - Processing /home/airflow/.local/lib/python3.9/site-packages/airflow/example_dags/example_nested_branch_dag.py took 0.151 seconds
[2025-02-01T12:01:20.391+0000] {processor.py:186} INFO - Started process (PID=420) to work on /home/airflow/.local/lib/python3.9/site-packages/airflow/example_dags/example_nested_branch_dag.py
[2025-02-01T12:01:20.391+0000] {processor.py:914} INFO - Processing file /home/airflow/.local/lib/python3.9/site-packages/airflow/example_dags/example_nested_branch_dag.py for tasks to queue
[2025-02-01T12:01:20.394+0000] {logging_mixin.py:190} INFO - [2025-02-01T12:01:20.393+0000] {dagbag.py:588} INFO - Filling up the DagBag from /home/airflow/.local/lib/python3.9/site-packages/airflow/example_dags/example_nested_branch_dag.py
[2025-02-01T12:01:20.413+0000] {processor.py:925} INFO - DAG(s) 'example_nested_branch_dag' retrieved from /home/airflow/.local/lib/python3.9/site-packages/airflow/example_dags/example_nested_branch_dag.py
[2025-02-01T12:01:20.438+0000] {logging_mixin.py:190} INFO - [2025-02-01T12:01:20.438+0000] {dag.py:3239} INFO - Sync 1 DAGs
[2025-02-01T12:01:20.471+0000] {logging_mixin.py:190} INFO - [2025-02-01T12:01:20.471+0000] {dag.py:4180} INFO - Setting next_dagrun for example_nested_branch_dag to 2025-01-31 00:00:00+00:00, run_after=2025-02-01 00:00:00+00:00
[2025-02-01T12:01:20.493+0000] {processor.py:208} INFO - Processing /home/airflow/.local/lib/python3.9/site-packages/airflow/example_dags/example_nested_branch_dag.py took 0.109 seconds
[2025-02-01T12:01:51.554+0000] {processor.py:186} INFO - Started process (PID=483) to work on /home/airflow/.local/lib/python3.9/site-packages/airflow/example_dags/example_nested_branch_dag.py
[2025-02-01T12:01:51.555+0000] {processor.py:914} INFO - Processing file /home/airflow/.local/lib/python3.9/site-packages/airflow/example_dags/example_nested_branch_dag.py for tasks to queue
[2025-02-01T12:01:51.558+0000] {logging_mixin.py:190} INFO - [2025-02-01T12:01:51.557+0000] {dagbag.py:588} INFO - Filling up the DagBag from /home/airflow/.local/lib/python3.9/site-packages/airflow/example_dags/example_nested_branch_dag.py
[2025-02-01T12:01:51.572+0000] {processor.py:925} INFO - DAG(s) 'example_nested_branch_dag' retrieved from /home/airflow/.local/lib/python3.9/site-packages/airflow/example_dags/example_nested_branch_dag.py
[2025-02-01T12:01:51.596+0000] {logging_mixin.py:190} INFO - [2025-02-01T12:01:51.596+0000] {dag.py:3239} INFO - Sync 1 DAGs
[2025-02-01T12:01:51.623+0000] {logging_mixin.py:190} INFO - [2025-02-01T12:01:51.622+0000] {dag.py:4180} INFO - Setting next_dagrun for example_nested_branch_dag to 2025-01-31 00:00:00+00:00, run_after=2025-02-01 00:00:00+00:00
[2025-02-01T12:01:51.638+0000] {processor.py:208} INFO - Processing /home/airflow/.local/lib/python3.9/site-packages/airflow/example_dags/example_nested_branch_dag.py took 0.091 seconds
[2025-02-01T12:02:22.544+0000] {processor.py:186} INFO - Started process (PID=550) to work on /home/airflow/.local/lib/python3.9/site-packages/airflow/example_dags/example_nested_branch_dag.py
[2025-02-01T12:02:22.544+0000] {processor.py:914} INFO - Processing file /home/airflow/.local/lib/python3.9/site-packages/airflow/example_dags/example_nested_branch_dag.py for tasks to queue
[2025-02-01T12:02:22.547+0000] {logging_mixin.py:190} INFO - [2025-02-01T12:02:22.546+0000] {dagbag.py:588} INFO - Filling up the DagBag from /home/airflow/.local/lib/python3.9/site-packages/airflow/example_dags/example_nested_branch_dag.py
[2025-02-01T12:02:22.584+0000] {processor.py:925} INFO - DAG(s) 'example_nested_branch_dag' retrieved from /home/airflow/.local/lib/python3.9/site-packages/airflow/example_dags/example_nested_branch_dag.py
[2025-02-01T12:02:22.610+0000] {logging_mixin.py:190} INFO - [2025-02-01T12:02:22.609+0000] {dag.py:3239} INFO - Sync 1 DAGs
[2025-02-01T12:02:22.637+0000] {logging_mixin.py:190} INFO - [2025-02-01T12:02:22.637+0000] {dag.py:4180} INFO - Setting next_dagrun for example_nested_branch_dag to 2025-01-31 00:00:00+00:00, run_after=2025-02-01 00:00:00+00:00
[2025-02-01T12:02:22.654+0000] {processor.py:208} INFO - Processing /home/airflow/.local/lib/python3.9/site-packages/airflow/example_dags/example_nested_branch_dag.py took 0.118 seconds
[2025-02-01T12:02:53.236+0000] {processor.py:186} INFO - Started process (PID=613) to work on /home/airflow/.local/lib/python3.9/site-packages/airflow/example_dags/example_nested_branch_dag.py
[2025-02-01T12:02:53.237+0000] {processor.py:914} INFO - Processing file /home/airflow/.local/lib/python3.9/site-packages/airflow/example_dags/example_nested_branch_dag.py for tasks to queue
[2025-02-01T12:02:53.239+0000] {logging_mixin.py:190} INFO - [2025-02-01T12:02:53.238+0000] {dagbag.py:588} INFO - Filling up the DagBag from /home/airflow/.local/lib/python3.9/site-packages/airflow/example_dags/example_nested_branch_dag.py
[2025-02-01T12:02:53.251+0000] {processor.py:925} INFO - DAG(s) 'example_nested_branch_dag' retrieved from /home/airflow/.local/lib/python3.9/site-packages/airflow/example_dags/example_nested_branch_dag.py
[2025-02-01T12:02:53.274+0000] {logging_mixin.py:190} INFO - [2025-02-01T12:02:53.274+0000] {dag.py:3239} INFO - Sync 1 DAGs
[2025-02-01T12:02:53.299+0000] {logging_mixin.py:190} INFO - [2025-02-01T12:02:53.299+0000] {dag.py:4180} INFO - Setting next_dagrun for example_nested_branch_dag to 2025-01-31 00:00:00+00:00, run_after=2025-02-01 00:00:00+00:00
[2025-02-01T12:02:53.315+0000] {processor.py:208} INFO - Processing /home/airflow/.local/lib/python3.9/site-packages/airflow/example_dags/example_nested_branch_dag.py took 0.085 seconds
[2025-02-01T12:03:23.633+0000] {processor.py:186} INFO - Started process (PID=680) to work on /home/airflow/.local/lib/python3.9/site-packages/airflow/example_dags/example_nested_branch_dag.py
[2025-02-01T12:03:23.638+0000] {processor.py:914} INFO - Processing file /home/airflow/.local/lib/python3.9/site-packages/airflow/example_dags/example_nested_branch_dag.py for tasks to queue
[2025-02-01T12:03:23.654+0000] {logging_mixin.py:190} INFO - [2025-02-01T12:03:23.645+0000] {dagbag.py:588} INFO - Filling up the DagBag from /home/airflow/.local/lib/python3.9/site-packages/airflow/example_dags/example_nested_branch_dag.py
[2025-02-01T12:03:23.688+0000] {processor.py:925} INFO - DAG(s) 'example_nested_branch_dag' retrieved from /home/airflow/.local/lib/python3.9/site-packages/airflow/example_dags/example_nested_branch_dag.py
[2025-02-01T12:03:23.719+0000] {logging_mixin.py:190} INFO - [2025-02-01T12:03:23.719+0000] {dag.py:3239} INFO - Sync 1 DAGs
[2025-02-01T12:03:23.747+0000] {logging_mixin.py:190} INFO - [2025-02-01T12:03:23.747+0000] {dag.py:4180} INFO - Setting next_dagrun for example_nested_branch_dag to 2025-01-31 00:00:00+00:00, run_after=2025-02-01 00:00:00+00:00
[2025-02-01T12:03:23.766+0000] {processor.py:208} INFO - Processing /home/airflow/.local/lib/python3.9/site-packages/airflow/example_dags/example_nested_branch_dag.py took 0.161 seconds
[2025-02-01T12:03:54.621+0000] {processor.py:186} INFO - Started process (PID=743) to work on /home/airflow/.local/lib/python3.9/site-packages/airflow/example_dags/example_nested_branch_dag.py
[2025-02-01T12:03:54.622+0000] {processor.py:914} INFO - Processing file /home/airflow/.local/lib/python3.9/site-packages/airflow/example_dags/example_nested_branch_dag.py for tasks to queue
[2025-02-01T12:03:54.624+0000] {logging_mixin.py:190} INFO - [2025-02-01T12:03:54.624+0000] {dagbag.py:588} INFO - Filling up the DagBag from /home/airflow/.local/lib/python3.9/site-packages/airflow/example_dags/example_nested_branch_dag.py
[2025-02-01T12:03:54.639+0000] {processor.py:925} INFO - DAG(s) 'example_nested_branch_dag' retrieved from /home/airflow/.local/lib/python3.9/site-packages/airflow/example_dags/example_nested_branch_dag.py
[2025-02-01T12:03:54.663+0000] {logging_mixin.py:190} INFO - [2025-02-01T12:03:54.663+0000] {dag.py:3239} INFO - Sync 1 DAGs
[2025-02-01T12:03:54.689+0000] {logging_mixin.py:190} INFO - [2025-02-01T12:03:54.689+0000] {dag.py:4180} INFO - Setting next_dagrun for example_nested_branch_dag to 2025-01-31 00:00:00+00:00, run_after=2025-02-01 00:00:00+00:00
[2025-02-01T12:03:54.706+0000] {processor.py:208} INFO - Processing /home/airflow/.local/lib/python3.9/site-packages/airflow/example_dags/example_nested_branch_dag.py took 0.091 seconds
[2025-02-01T12:04:25.176+0000] {processor.py:186} INFO - Started process (PID=807) to work on /home/airflow/.local/lib/python3.9/site-packages/airflow/example_dags/example_nested_branch_dag.py
[2025-02-01T12:04:25.177+0000] {processor.py:914} INFO - Processing file /home/airflow/.local/lib/python3.9/site-packages/airflow/example_dags/example_nested_branch_dag.py for tasks to queue
[2025-02-01T12:04:25.179+0000] {logging_mixin.py:190} INFO - [2025-02-01T12:04:25.179+0000] {dagbag.py:588} INFO - Filling up the DagBag from /home/airflow/.local/lib/python3.9/site-packages/airflow/example_dags/example_nested_branch_dag.py
[2025-02-01T12:04:25.191+0000] {processor.py:925} INFO - DAG(s) 'example_nested_branch_dag' retrieved from /home/airflow/.local/lib/python3.9/site-packages/airflow/example_dags/example_nested_branch_dag.py
[2025-02-01T12:04:25.215+0000] {logging_mixin.py:190} INFO - [2025-02-01T12:04:25.214+0000] {dag.py:3239} INFO - Sync 1 DAGs
[2025-02-01T12:04:25.241+0000] {logging_mixin.py:190} INFO - [2025-02-01T12:04:25.241+0000] {dag.py:4180} INFO - Setting next_dagrun for example_nested_branch_dag to 2025-01-31 00:00:00+00:00, run_after=2025-02-01 00:00:00+00:00
[2025-02-01T12:04:25.259+0000] {processor.py:208} INFO - Processing /home/airflow/.local/lib/python3.9/site-packages/airflow/example_dags/example_nested_branch_dag.py took 0.090 seconds
[2025-02-01T12:04:55.891+0000] {processor.py:186} INFO - Started process (PID=869) to work on /home/airflow/.local/lib/python3.9/site-packages/airflow/example_dags/example_nested_branch_dag.py
[2025-02-01T12:04:55.892+0000] {processor.py:914} INFO - Processing file /home/airflow/.local/lib/python3.9/site-packages/airflow/example_dags/example_nested_branch_dag.py for tasks to queue
[2025-02-01T12:04:55.894+0000] {logging_mixin.py:190} INFO - [2025-02-01T12:04:55.894+0000] {dagbag.py:588} INFO - Filling up the DagBag from /home/airflow/.local/lib/python3.9/site-packages/airflow/example_dags/example_nested_branch_dag.py
[2025-02-01T12:04:55.907+0000] {processor.py:925} INFO - DAG(s) 'example_nested_branch_dag' retrieved from /home/airflow/.local/lib/python3.9/site-packages/airflow/example_dags/example_nested_branch_dag.py
[2025-02-01T12:04:55.930+0000] {logging_mixin.py:190} INFO - [2025-02-01T12:04:55.930+0000] {dag.py:3239} INFO - Sync 1 DAGs
[2025-02-01T12:04:55.957+0000] {logging_mixin.py:190} INFO - [2025-02-01T12:04:55.957+0000] {dag.py:4180} INFO - Setting next_dagrun for example_nested_branch_dag to 2025-01-31 00:00:00+00:00, run_after=2025-02-01 00:00:00+00:00
[2025-02-01T12:04:55.974+0000] {processor.py:208} INFO - Processing /home/airflow/.local/lib/python3.9/site-packages/airflow/example_dags/example_nested_branch_dag.py took 0.090 seconds
[2025-02-01T12:05:26.789+0000] {processor.py:186} INFO - Started process (PID=932) to work on /home/airflow/.local/lib/python3.9/site-packages/airflow/example_dags/example_nested_branch_dag.py
[2025-02-01T12:05:26.790+0000] {processor.py:914} INFO - Processing file /home/airflow/.local/lib/python3.9/site-packages/airflow/example_dags/example_nested_branch_dag.py for tasks to queue
[2025-02-01T12:05:26.794+0000] {logging_mixin.py:190} INFO - [2025-02-01T12:05:26.793+0000] {dagbag.py:588} INFO - Filling up the DagBag from /home/airflow/.local/lib/python3.9/site-packages/airflow/example_dags/example_nested_branch_dag.py
[2025-02-01T12:05:26.809+0000] {processor.py:925} INFO - DAG(s) 'example_nested_branch_dag' retrieved from /home/airflow/.local/lib/python3.9/site-packages/airflow/example_dags/example_nested_branch_dag.py
[2025-02-01T12:05:26.835+0000] {logging_mixin.py:190} INFO - [2025-02-01T12:05:26.835+0000] {dag.py:3239} INFO - Sync 1 DAGs
[2025-02-01T12:05:26.864+0000] {logging_mixin.py:190} INFO - [2025-02-01T12:05:26.864+0000] {dag.py:4180} INFO - Setting next_dagrun for example_nested_branch_dag to 2025-01-31 00:00:00+00:00, run_after=2025-02-01 00:00:00+00:00
[2025-02-01T12:05:26.900+0000] {processor.py:208} INFO - Processing /home/airflow/.local/lib/python3.9/site-packages/airflow/example_dags/example_nested_branch_dag.py took 0.118 seconds
[2025-02-01T12:05:57.026+0000] {processor.py:186} INFO - Started process (PID=994) to work on /home/airflow/.local/lib/python3.9/site-packages/airflow/example_dags/example_nested_branch_dag.py
[2025-02-01T12:05:57.031+0000] {processor.py:914} INFO - Processing file /home/airflow/.local/lib/python3.9/site-packages/airflow/example_dags/example_nested_branch_dag.py for tasks to queue
[2025-02-01T12:05:57.037+0000] {logging_mixin.py:190} INFO - [2025-02-01T12:05:57.033+0000] {dagbag.py:588} INFO - Filling up the DagBag from /home/airflow/.local/lib/python3.9/site-packages/airflow/example_dags/example_nested_branch_dag.py
[2025-02-01T12:05:57.062+0000] {processor.py:925} INFO - DAG(s) 'example_nested_branch_dag' retrieved from /home/airflow/.local/lib/python3.9/site-packages/airflow/example_dags/example_nested_branch_dag.py
[2025-02-01T12:05:57.092+0000] {logging_mixin.py:190} INFO - [2025-02-01T12:05:57.092+0000] {dag.py:3239} INFO - Sync 1 DAGs
[2025-02-01T12:05:57.137+0000] {logging_mixin.py:190} INFO - [2025-02-01T12:05:57.137+0000] {dag.py:4180} INFO - Setting next_dagrun for example_nested_branch_dag to 2025-01-31 00:00:00+00:00, run_after=2025-02-01 00:00:00+00:00
[2025-02-01T12:05:57.191+0000] {processor.py:208} INFO - Processing /home/airflow/.local/lib/python3.9/site-packages/airflow/example_dags/example_nested_branch_dag.py took 0.178 seconds
[2025-02-01T12:06:27.299+0000] {processor.py:186} INFO - Started process (PID=1056) to work on /home/airflow/.local/lib/python3.9/site-packages/airflow/example_dags/example_nested_branch_dag.py
[2025-02-01T12:06:27.300+0000] {processor.py:914} INFO - Processing file /home/airflow/.local/lib/python3.9/site-packages/airflow/example_dags/example_nested_branch_dag.py for tasks to queue
[2025-02-01T12:06:27.302+0000] {logging_mixin.py:190} INFO - [2025-02-01T12:06:27.302+0000] {dagbag.py:588} INFO - Filling up the DagBag from /home/airflow/.local/lib/python3.9/site-packages/airflow/example_dags/example_nested_branch_dag.py
[2025-02-01T12:06:27.315+0000] {processor.py:925} INFO - DAG(s) 'example_nested_branch_dag' retrieved from /home/airflow/.local/lib/python3.9/site-packages/airflow/example_dags/example_nested_branch_dag.py
[2025-02-01T12:06:27.338+0000] {logging_mixin.py:190} INFO - [2025-02-01T12:06:27.337+0000] {dag.py:3239} INFO - Sync 1 DAGs
[2025-02-01T12:06:27.411+0000] {logging_mixin.py:190} INFO - [2025-02-01T12:06:27.410+0000] {dag.py:4180} INFO - Setting next_dagrun for example_nested_branch_dag to 2025-01-31 00:00:00+00:00, run_after=2025-02-01 00:00:00+00:00
[2025-02-01T12:06:27.427+0000] {processor.py:208} INFO - Processing /home/airflow/.local/lib/python3.9/site-packages/airflow/example_dags/example_nested_branch_dag.py took 0.135 seconds
[2025-02-01T12:06:58.020+0000] {processor.py:186} INFO - Started process (PID=1120) to work on /home/airflow/.local/lib/python3.9/site-packages/airflow/example_dags/example_nested_branch_dag.py
[2025-02-01T12:06:58.021+0000] {processor.py:914} INFO - Processing file /home/airflow/.local/lib/python3.9/site-packages/airflow/example_dags/example_nested_branch_dag.py for tasks to queue
[2025-02-01T12:06:58.023+0000] {logging_mixin.py:190} INFO - [2025-02-01T12:06:58.023+0000] {dagbag.py:588} INFO - Filling up the DagBag from /home/airflow/.local/lib/python3.9/site-packages/airflow/example_dags/example_nested_branch_dag.py
[2025-02-01T12:06:58.045+0000] {processor.py:925} INFO - DAG(s) 'example_nested_branch_dag' retrieved from /home/airflow/.local/lib/python3.9/site-packages/airflow/example_dags/example_nested_branch_dag.py
[2025-02-01T12:06:58.098+0000] {logging_mixin.py:190} INFO - [2025-02-01T12:06:58.097+0000] {dag.py:3239} INFO - Sync 1 DAGs
[2025-02-01T12:06:58.125+0000] {logging_mixin.py:190} INFO - [2025-02-01T12:06:58.125+0000] {dag.py:4180} INFO - Setting next_dagrun for example_nested_branch_dag to 2025-01-31 00:00:00+00:00, run_after=2025-02-01 00:00:00+00:00
[2025-02-01T12:06:58.150+0000] {processor.py:208} INFO - Processing /home/airflow/.local/lib/python3.9/site-packages/airflow/example_dags/example_nested_branch_dag.py took 0.147 seconds
[2025-02-01T12:07:28.262+0000] {processor.py:186} INFO - Started process (PID=1183) to work on /home/airflow/.local/lib/python3.9/site-packages/airflow/example_dags/example_nested_branch_dag.py
[2025-02-01T12:07:28.263+0000] {processor.py:914} INFO - Processing file /home/airflow/.local/lib/python3.9/site-packages/airflow/example_dags/example_nested_branch_dag.py for tasks to queue
[2025-02-01T12:07:28.265+0000] {logging_mixin.py:190} INFO - [2025-02-01T12:07:28.265+0000] {dagbag.py:588} INFO - Filling up the DagBag from /home/airflow/.local/lib/python3.9/site-packages/airflow/example_dags/example_nested_branch_dag.py
[2025-02-01T12:07:28.275+0000] {processor.py:925} INFO - DAG(s) 'example_nested_branch_dag' retrieved from /home/airflow/.local/lib/python3.9/site-packages/airflow/example_dags/example_nested_branch_dag.py
[2025-02-01T12:07:28.291+0000] {logging_mixin.py:190} INFO - [2025-02-01T12:07:28.291+0000] {dag.py:3239} INFO - Sync 1 DAGs
[2025-02-01T12:07:28.309+0000] {logging_mixin.py:190} INFO - [2025-02-01T12:07:28.308+0000] {dag.py:4180} INFO - Setting next_dagrun for example_nested_branch_dag to 2025-01-31 00:00:00+00:00, run_after=2025-02-01 00:00:00+00:00
[2025-02-01T12:07:28.321+0000] {processor.py:208} INFO - Processing /home/airflow/.local/lib/python3.9/site-packages/airflow/example_dags/example_nested_branch_dag.py took 0.065 seconds
[2025-02-01T12:07:58.685+0000] {processor.py:186} INFO - Started process (PID=1247) to work on /home/airflow/.local/lib/python3.9/site-packages/airflow/example_dags/example_nested_branch_dag.py
[2025-02-01T12:07:58.687+0000] {processor.py:914} INFO - Processing file /home/airflow/.local/lib/python3.9/site-packages/airflow/example_dags/example_nested_branch_dag.py for tasks to queue
[2025-02-01T12:07:58.689+0000] {logging_mixin.py:190} INFO - [2025-02-01T12:07:58.688+0000] {dagbag.py:588} INFO - Filling up the DagBag from /home/airflow/.local/lib/python3.9/site-packages/airflow/example_dags/example_nested_branch_dag.py
[2025-02-01T12:07:58.698+0000] {processor.py:925} INFO - DAG(s) 'example_nested_branch_dag' retrieved from /home/airflow/.local/lib/python3.9/site-packages/airflow/example_dags/example_nested_branch_dag.py
[2025-02-01T12:07:58.714+0000] {logging_mixin.py:190} INFO - [2025-02-01T12:07:58.714+0000] {dag.py:3239} INFO - Sync 1 DAGs
[2025-02-01T12:07:58.732+0000] {logging_mixin.py:190} INFO - [2025-02-01T12:07:58.732+0000] {dag.py:4180} INFO - Setting next_dagrun for example_nested_branch_dag to 2025-01-31 00:00:00+00:00, run_after=2025-02-01 00:00:00+00:00
[2025-02-01T12:07:58.746+0000] {processor.py:208} INFO - Processing /home/airflow/.local/lib/python3.9/site-packages/airflow/example_dags/example_nested_branch_dag.py took 0.065 seconds
[2025-02-01T12:08:29.094+0000] {processor.py:186} INFO - Started process (PID=1310) to work on /home/airflow/.local/lib/python3.9/site-packages/airflow/example_dags/example_nested_branch_dag.py
[2025-02-01T12:08:29.095+0000] {processor.py:914} INFO - Processing file /home/airflow/.local/lib/python3.9/site-packages/airflow/example_dags/example_nested_branch_dag.py for tasks to queue
[2025-02-01T12:08:29.097+0000] {logging_mixin.py:190} INFO - [2025-02-01T12:08:29.096+0000] {dagbag.py:588} INFO - Filling up the DagBag from /home/airflow/.local/lib/python3.9/site-packages/airflow/example_dags/example_nested_branch_dag.py
[2025-02-01T12:08:29.108+0000] {processor.py:925} INFO - DAG(s) 'example_nested_branch_dag' retrieved from /home/airflow/.local/lib/python3.9/site-packages/airflow/example_dags/example_nested_branch_dag.py
[2025-02-01T12:08:29.128+0000] {logging_mixin.py:190} INFO - [2025-02-01T12:08:29.128+0000] {dag.py:3239} INFO - Sync 1 DAGs
[2025-02-01T12:08:29.147+0000] {logging_mixin.py:190} INFO - [2025-02-01T12:08:29.147+0000] {dag.py:4180} INFO - Setting next_dagrun for example_nested_branch_dag to 2025-01-31 00:00:00+00:00, run_after=2025-02-01 00:00:00+00:00
[2025-02-01T12:08:29.160+0000] {processor.py:208} INFO - Processing /home/airflow/.local/lib/python3.9/site-packages/airflow/example_dags/example_nested_branch_dag.py took 0.070 seconds
[2025-02-01T12:08:59.480+0000] {processor.py:186} INFO - Started process (PID=1373) to work on /home/airflow/.local/lib/python3.9/site-packages/airflow/example_dags/example_nested_branch_dag.py
[2025-02-01T12:08:59.483+0000] {processor.py:914} INFO - Processing file /home/airflow/.local/lib/python3.9/site-packages/airflow/example_dags/example_nested_branch_dag.py for tasks to queue
[2025-02-01T12:08:59.486+0000] {logging_mixin.py:190} INFO - [2025-02-01T12:08:59.485+0000] {dagbag.py:588} INFO - Filling up the DagBag from /home/airflow/.local/lib/python3.9/site-packages/airflow/example_dags/example_nested_branch_dag.py
[2025-02-01T12:08:59.500+0000] {processor.py:925} INFO - DAG(s) 'example_nested_branch_dag' retrieved from /home/airflow/.local/lib/python3.9/site-packages/airflow/example_dags/example_nested_branch_dag.py
[2025-02-01T12:08:59.527+0000] {logging_mixin.py:190} INFO - [2025-02-01T12:08:59.527+0000] {dag.py:3239} INFO - Sync 1 DAGs
[2025-02-01T12:08:59.553+0000] {logging_mixin.py:190} INFO - [2025-02-01T12:08:59.553+0000] {dag.py:4180} INFO - Setting next_dagrun for example_nested_branch_dag to 2025-01-31 00:00:00+00:00, run_after=2025-02-01 00:00:00+00:00
[2025-02-01T12:08:59.570+0000] {processor.py:208} INFO - Processing /home/airflow/.local/lib/python3.9/site-packages/airflow/example_dags/example_nested_branch_dag.py took 0.097 seconds
[2025-02-01T12:09:30.452+0000] {processor.py:186} INFO - Started process (PID=1436) to work on /home/airflow/.local/lib/python3.9/site-packages/airflow/example_dags/example_nested_branch_dag.py
[2025-02-01T12:09:30.452+0000] {processor.py:914} INFO - Processing file /home/airflow/.local/lib/python3.9/site-packages/airflow/example_dags/example_nested_branch_dag.py for tasks to queue
[2025-02-01T12:09:30.465+0000] {logging_mixin.py:190} INFO - [2025-02-01T12:09:30.464+0000] {dagbag.py:588} INFO - Filling up the DagBag from /home/airflow/.local/lib/python3.9/site-packages/airflow/example_dags/example_nested_branch_dag.py
[2025-02-01T12:09:30.490+0000] {processor.py:925} INFO - DAG(s) 'example_nested_branch_dag' retrieved from /home/airflow/.local/lib/python3.9/site-packages/airflow/example_dags/example_nested_branch_dag.py
[2025-02-01T12:09:30.518+0000] {logging_mixin.py:190} INFO - [2025-02-01T12:09:30.518+0000] {dag.py:3239} INFO - Sync 1 DAGs
[2025-02-01T12:09:30.567+0000] {logging_mixin.py:190} INFO - [2025-02-01T12:09:30.567+0000] {dag.py:4180} INFO - Setting next_dagrun for example_nested_branch_dag to 2025-01-31 00:00:00+00:00, run_after=2025-02-01 00:00:00+00:00
[2025-02-01T12:09:30.607+0000] {processor.py:208} INFO - Processing /home/airflow/.local/lib/python3.9/site-packages/airflow/example_dags/example_nested_branch_dag.py took 0.170 seconds
