[2025-02-01T11:58:30.727+0000] {processor.py:186} INFO - Started process (PID=85) to work on /home/airflow/.local/lib/python3.9/site-packages/airflow/example_dags/example_trigger_controller_dag.py
[2025-02-01T11:58:30.731+0000] {processor.py:914} INFO - Processing file /home/airflow/.local/lib/python3.9/site-packages/airflow/example_dags/example_trigger_controller_dag.py for tasks to queue
[2025-02-01T11:58:30.733+0000] {logging_mixin.py:190} INFO - [2025-02-01T11:58:30.733+0000] {dagbag.py:588} INFO - Filling up the DagBag from /home/airflow/.local/lib/python3.9/site-packages/airflow/example_dags/example_trigger_controller_dag.py
[2025-02-01T11:58:30.756+0000] {processor.py:925} INFO - DAG(s) 'example_trigger_controller_dag' retrieved from /home/airflow/.local/lib/python3.9/site-packages/airflow/example_dags/example_trigger_controller_dag.py
[2025-02-01T11:58:31.193+0000] {logging_mixin.py:190} INFO - [2025-02-01T11:58:31.192+0000] {override.py:1911} INFO - Created Permission View: can edit on DAG:example_trigger_controller_dag
[2025-02-01T11:58:31.239+0000] {logging_mixin.py:190} INFO - [2025-02-01T11:58:31.239+0000] {override.py:1911} INFO - Created Permission View: can delete on DAG:example_trigger_controller_dag
[2025-02-01T11:58:31.263+0000] {logging_mixin.py:190} INFO - [2025-02-01T11:58:31.263+0000] {override.py:1911} INFO - Created Permission View: can read on DAG:example_trigger_controller_dag
[2025-02-01T11:58:31.288+0000] {logging_mixin.py:190} INFO - [2025-02-01T11:58:31.288+0000] {override.py:1911} INFO - Created Permission View: can create on DAG Run:example_trigger_controller_dag
[2025-02-01T11:58:31.372+0000] {logging_mixin.py:190} INFO - [2025-02-01T11:58:31.371+0000] {override.py:1911} INFO - Created Permission View: can delete on DAG Run:example_trigger_controller_dag
[2025-02-01T11:58:31.389+0000] {logging_mixin.py:190} INFO - [2025-02-01T11:58:31.389+0000] {override.py:1911} INFO - Created Permission View: can read on DAG Run:example_trigger_controller_dag
[2025-02-01T11:58:31.447+0000] {logging_mixin.py:190} INFO - [2025-02-01T11:58:31.447+0000] {override.py:1911} INFO - Created Permission View: menu access on DAG Run:example_trigger_controller_dag
[2025-02-01T11:58:31.455+0000] {logging_mixin.py:190} INFO - [2025-02-01T11:58:31.455+0000] {dag.py:3239} INFO - Sync 1 DAGs
[2025-02-01T11:58:31.493+0000] {logging_mixin.py:190} INFO - [2025-02-01T11:58:31.493+0000] {dag.py:3262} INFO - Creating ORM DAG for example_trigger_controller_dag
[2025-02-01T11:58:31.519+0000] {logging_mixin.py:190} INFO - [2025-02-01T11:58:31.519+0000] {dag.py:4180} INFO - Setting next_dagrun for example_trigger_controller_dag to 2021-01-01 00:00:00+00:00, run_after=2021-01-01 00:00:00+00:00
[2025-02-01T11:58:31.575+0000] {processor.py:208} INFO - Processing /home/airflow/.local/lib/python3.9/site-packages/airflow/example_dags/example_trigger_controller_dag.py took 0.876 seconds
[2025-02-01T11:59:02.257+0000] {processor.py:186} INFO - Started process (PID=148) to work on /home/airflow/.local/lib/python3.9/site-packages/airflow/example_dags/example_trigger_controller_dag.py
[2025-02-01T11:59:02.264+0000] {processor.py:914} INFO - Processing file /home/airflow/.local/lib/python3.9/site-packages/airflow/example_dags/example_trigger_controller_dag.py for tasks to queue
[2025-02-01T11:59:02.272+0000] {logging_mixin.py:190} INFO - [2025-02-01T11:59:02.272+0000] {dagbag.py:588} INFO - Filling up the DagBag from /home/airflow/.local/lib/python3.9/site-packages/airflow/example_dags/example_trigger_controller_dag.py
[2025-02-01T11:59:02.291+0000] {processor.py:925} INFO - DAG(s) 'example_trigger_controller_dag' retrieved from /home/airflow/.local/lib/python3.9/site-packages/airflow/example_dags/example_trigger_controller_dag.py
[2025-02-01T11:59:02.349+0000] {logging_mixin.py:190} INFO - [2025-02-01T11:59:02.348+0000] {dag.py:3239} INFO - Sync 1 DAGs
[2025-02-01T11:59:02.409+0000] {logging_mixin.py:190} INFO - [2025-02-01T11:59:02.409+0000] {dag.py:4180} INFO - Setting next_dagrun for example_trigger_controller_dag to 2021-01-01 00:00:00+00:00, run_after=2021-01-01 00:00:00+00:00
[2025-02-01T11:59:02.453+0000] {processor.py:208} INFO - Processing /home/airflow/.local/lib/python3.9/site-packages/airflow/example_dags/example_trigger_controller_dag.py took 0.227 seconds
[2025-02-01T11:59:33.247+0000] {processor.py:186} INFO - Started process (PID=212) to work on /home/airflow/.local/lib/python3.9/site-packages/airflow/example_dags/example_trigger_controller_dag.py
[2025-02-01T11:59:33.247+0000] {processor.py:914} INFO - Processing file /home/airflow/.local/lib/python3.9/site-packages/airflow/example_dags/example_trigger_controller_dag.py for tasks to queue
[2025-02-01T11:59:33.249+0000] {logging_mixin.py:190} INFO - [2025-02-01T11:59:33.249+0000] {dagbag.py:588} INFO - Filling up the DagBag from /home/airflow/.local/lib/python3.9/site-packages/airflow/example_dags/example_trigger_controller_dag.py
[2025-02-01T11:59:33.257+0000] {processor.py:925} INFO - DAG(s) 'example_trigger_controller_dag' retrieved from /home/airflow/.local/lib/python3.9/site-packages/airflow/example_dags/example_trigger_controller_dag.py
[2025-02-01T11:59:33.275+0000] {logging_mixin.py:190} INFO - [2025-02-01T11:59:33.275+0000] {dag.py:3239} INFO - Sync 1 DAGs
[2025-02-01T11:59:33.301+0000] {logging_mixin.py:190} INFO - [2025-02-01T11:59:33.301+0000] {dag.py:4180} INFO - Setting next_dagrun for example_trigger_controller_dag to 2021-01-01 00:00:00+00:00, run_after=2021-01-01 00:00:00+00:00
[2025-02-01T11:59:33.319+0000] {processor.py:208} INFO - Processing /home/airflow/.local/lib/python3.9/site-packages/airflow/example_dags/example_trigger_controller_dag.py took 0.079 seconds
[2025-02-01T12:00:03.501+0000] {processor.py:186} INFO - Started process (PID=275) to work on /home/airflow/.local/lib/python3.9/site-packages/airflow/example_dags/example_trigger_controller_dag.py
[2025-02-01T12:00:03.502+0000] {processor.py:914} INFO - Processing file /home/airflow/.local/lib/python3.9/site-packages/airflow/example_dags/example_trigger_controller_dag.py for tasks to queue
[2025-02-01T12:00:03.504+0000] {logging_mixin.py:190} INFO - [2025-02-01T12:00:03.504+0000] {dagbag.py:588} INFO - Filling up the DagBag from /home/airflow/.local/lib/python3.9/site-packages/airflow/example_dags/example_trigger_controller_dag.py
[2025-02-01T12:00:03.512+0000] {processor.py:925} INFO - DAG(s) 'example_trigger_controller_dag' retrieved from /home/airflow/.local/lib/python3.9/site-packages/airflow/example_dags/example_trigger_controller_dag.py
[2025-02-01T12:00:03.532+0000] {logging_mixin.py:190} INFO - [2025-02-01T12:00:03.532+0000] {dag.py:3239} INFO - Sync 1 DAGs
[2025-02-01T12:00:03.562+0000] {logging_mixin.py:190} INFO - [2025-02-01T12:00:03.562+0000] {dag.py:4180} INFO - Setting next_dagrun for example_trigger_controller_dag to 2021-01-01 00:00:00+00:00, run_after=2021-01-01 00:00:00+00:00
[2025-02-01T12:00:03.579+0000] {processor.py:208} INFO - Processing /home/airflow/.local/lib/python3.9/site-packages/airflow/example_dags/example_trigger_controller_dag.py took 0.084 seconds
[2025-02-01T12:00:34.023+0000] {processor.py:186} INFO - Started process (PID=339) to work on /home/airflow/.local/lib/python3.9/site-packages/airflow/example_dags/example_trigger_controller_dag.py
[2025-02-01T12:00:34.025+0000] {processor.py:914} INFO - Processing file /home/airflow/.local/lib/python3.9/site-packages/airflow/example_dags/example_trigger_controller_dag.py for tasks to queue
[2025-02-01T12:00:34.027+0000] {logging_mixin.py:190} INFO - [2025-02-01T12:00:34.027+0000] {dagbag.py:588} INFO - Filling up the DagBag from /home/airflow/.local/lib/python3.9/site-packages/airflow/example_dags/example_trigger_controller_dag.py
[2025-02-01T12:00:34.035+0000] {processor.py:925} INFO - DAG(s) 'example_trigger_controller_dag' retrieved from /home/airflow/.local/lib/python3.9/site-packages/airflow/example_dags/example_trigger_controller_dag.py
[2025-02-01T12:00:34.079+0000] {logging_mixin.py:190} INFO - [2025-02-01T12:00:34.079+0000] {dag.py:3239} INFO - Sync 1 DAGs
[2025-02-01T12:00:34.122+0000] {logging_mixin.py:190} INFO - [2025-02-01T12:00:34.121+0000] {dag.py:4180} INFO - Setting next_dagrun for example_trigger_controller_dag to 2021-01-01 00:00:00+00:00, run_after=2021-01-01 00:00:00+00:00
[2025-02-01T12:00:34.175+0000] {processor.py:208} INFO - Processing /home/airflow/.local/lib/python3.9/site-packages/airflow/example_dags/example_trigger_controller_dag.py took 0.175 seconds
[2025-02-01T12:01:04.879+0000] {processor.py:186} INFO - Started process (PID=400) to work on /home/airflow/.local/lib/python3.9/site-packages/airflow/example_dags/example_trigger_controller_dag.py
[2025-02-01T12:01:04.880+0000] {processor.py:914} INFO - Processing file /home/airflow/.local/lib/python3.9/site-packages/airflow/example_dags/example_trigger_controller_dag.py for tasks to queue
[2025-02-01T12:01:04.882+0000] {logging_mixin.py:190} INFO - [2025-02-01T12:01:04.881+0000] {dagbag.py:588} INFO - Filling up the DagBag from /home/airflow/.local/lib/python3.9/site-packages/airflow/example_dags/example_trigger_controller_dag.py
[2025-02-01T12:01:04.889+0000] {processor.py:925} INFO - DAG(s) 'example_trigger_controller_dag' retrieved from /home/airflow/.local/lib/python3.9/site-packages/airflow/example_dags/example_trigger_controller_dag.py
[2025-02-01T12:01:04.906+0000] {logging_mixin.py:190} INFO - [2025-02-01T12:01:04.906+0000] {dag.py:3239} INFO - Sync 1 DAGs
[2025-02-01T12:01:04.933+0000] {logging_mixin.py:190} INFO - [2025-02-01T12:01:04.933+0000] {dag.py:4180} INFO - Setting next_dagrun for example_trigger_controller_dag to 2021-01-01 00:00:00+00:00, run_after=2021-01-01 00:00:00+00:00
[2025-02-01T12:01:04.950+0000] {processor.py:208} INFO - Processing /home/airflow/.local/lib/python3.9/site-packages/airflow/example_dags/example_trigger_controller_dag.py took 0.078 seconds
[2025-02-01T12:01:35.228+0000] {processor.py:186} INFO - Started process (PID=463) to work on /home/airflow/.local/lib/python3.9/site-packages/airflow/example_dags/example_trigger_controller_dag.py
[2025-02-01T12:01:35.229+0000] {processor.py:914} INFO - Processing file /home/airflow/.local/lib/python3.9/site-packages/airflow/example_dags/example_trigger_controller_dag.py for tasks to queue
[2025-02-01T12:01:35.234+0000] {logging_mixin.py:190} INFO - [2025-02-01T12:01:35.233+0000] {dagbag.py:588} INFO - Filling up the DagBag from /home/airflow/.local/lib/python3.9/site-packages/airflow/example_dags/example_trigger_controller_dag.py
[2025-02-01T12:01:35.296+0000] {processor.py:925} INFO - DAG(s) 'example_trigger_controller_dag' retrieved from /home/airflow/.local/lib/python3.9/site-packages/airflow/example_dags/example_trigger_controller_dag.py
[2025-02-01T12:01:35.331+0000] {logging_mixin.py:190} INFO - [2025-02-01T12:01:35.331+0000] {dag.py:3239} INFO - Sync 1 DAGs
[2025-02-01T12:01:35.365+0000] {logging_mixin.py:190} INFO - [2025-02-01T12:01:35.365+0000] {dag.py:4180} INFO - Setting next_dagrun for example_trigger_controller_dag to 2021-01-01 00:00:00+00:00, run_after=2021-01-01 00:00:00+00:00
[2025-02-01T12:01:35.421+0000] {processor.py:208} INFO - Processing /home/airflow/.local/lib/python3.9/site-packages/airflow/example_dags/example_trigger_controller_dag.py took 0.207 seconds
[2025-02-01T12:02:06.107+0000] {processor.py:186} INFO - Started process (PID=527) to work on /home/airflow/.local/lib/python3.9/site-packages/airflow/example_dags/example_trigger_controller_dag.py
[2025-02-01T12:02:06.108+0000] {processor.py:914} INFO - Processing file /home/airflow/.local/lib/python3.9/site-packages/airflow/example_dags/example_trigger_controller_dag.py for tasks to queue
[2025-02-01T12:02:06.110+0000] {logging_mixin.py:190} INFO - [2025-02-01T12:02:06.110+0000] {dagbag.py:588} INFO - Filling up the DagBag from /home/airflow/.local/lib/python3.9/site-packages/airflow/example_dags/example_trigger_controller_dag.py
[2025-02-01T12:02:06.117+0000] {processor.py:925} INFO - DAG(s) 'example_trigger_controller_dag' retrieved from /home/airflow/.local/lib/python3.9/site-packages/airflow/example_dags/example_trigger_controller_dag.py
[2025-02-01T12:02:06.135+0000] {logging_mixin.py:190} INFO - [2025-02-01T12:02:06.135+0000] {dag.py:3239} INFO - Sync 1 DAGs
[2025-02-01T12:02:06.165+0000] {logging_mixin.py:190} INFO - [2025-02-01T12:02:06.165+0000] {dag.py:4180} INFO - Setting next_dagrun for example_trigger_controller_dag to 2021-01-01 00:00:00+00:00, run_after=2021-01-01 00:00:00+00:00
[2025-02-01T12:02:06.189+0000] {processor.py:208} INFO - Processing /home/airflow/.local/lib/python3.9/site-packages/airflow/example_dags/example_trigger_controller_dag.py took 0.089 seconds
[2025-02-01T12:02:36.905+0000] {processor.py:186} INFO - Started process (PID=590) to work on /home/airflow/.local/lib/python3.9/site-packages/airflow/example_dags/example_trigger_controller_dag.py
[2025-02-01T12:02:36.906+0000] {processor.py:914} INFO - Processing file /home/airflow/.local/lib/python3.9/site-packages/airflow/example_dags/example_trigger_controller_dag.py for tasks to queue
[2025-02-01T12:02:36.915+0000] {logging_mixin.py:190} INFO - [2025-02-01T12:02:36.914+0000] {dagbag.py:588} INFO - Filling up the DagBag from /home/airflow/.local/lib/python3.9/site-packages/airflow/example_dags/example_trigger_controller_dag.py
[2025-02-01T12:02:36.925+0000] {processor.py:925} INFO - DAG(s) 'example_trigger_controller_dag' retrieved from /home/airflow/.local/lib/python3.9/site-packages/airflow/example_dags/example_trigger_controller_dag.py
[2025-02-01T12:02:36.967+0000] {logging_mixin.py:190} INFO - [2025-02-01T12:02:36.966+0000] {dag.py:3239} INFO - Sync 1 DAGs
[2025-02-01T12:02:36.993+0000] {logging_mixin.py:190} INFO - [2025-02-01T12:02:36.992+0000] {dag.py:4180} INFO - Setting next_dagrun for example_trigger_controller_dag to 2021-01-01 00:00:00+00:00, run_after=2021-01-01 00:00:00+00:00
[2025-02-01T12:02:37.014+0000] {processor.py:208} INFO - Processing /home/airflow/.local/lib/python3.9/site-packages/airflow/example_dags/example_trigger_controller_dag.py took 0.140 seconds
[2025-02-01T12:03:07.601+0000] {processor.py:186} INFO - Started process (PID=652) to work on /home/airflow/.local/lib/python3.9/site-packages/airflow/example_dags/example_trigger_controller_dag.py
[2025-02-01T12:03:07.607+0000] {processor.py:914} INFO - Processing file /home/airflow/.local/lib/python3.9/site-packages/airflow/example_dags/example_trigger_controller_dag.py for tasks to queue
[2025-02-01T12:03:07.610+0000] {logging_mixin.py:190} INFO - [2025-02-01T12:03:07.609+0000] {dagbag.py:588} INFO - Filling up the DagBag from /home/airflow/.local/lib/python3.9/site-packages/airflow/example_dags/example_trigger_controller_dag.py
[2025-02-01T12:03:07.626+0000] {processor.py:925} INFO - DAG(s) 'example_trigger_controller_dag' retrieved from /home/airflow/.local/lib/python3.9/site-packages/airflow/example_dags/example_trigger_controller_dag.py
[2025-02-01T12:03:07.655+0000] {logging_mixin.py:190} INFO - [2025-02-01T12:03:07.655+0000] {dag.py:3239} INFO - Sync 1 DAGs
[2025-02-01T12:03:07.710+0000] {logging_mixin.py:190} INFO - [2025-02-01T12:03:07.709+0000] {dag.py:4180} INFO - Setting next_dagrun for example_trigger_controller_dag to 2021-01-01 00:00:00+00:00, run_after=2021-01-01 00:00:00+00:00
[2025-02-01T12:03:07.742+0000] {processor.py:208} INFO - Processing /home/airflow/.local/lib/python3.9/site-packages/airflow/example_dags/example_trigger_controller_dag.py took 0.156 seconds
[2025-02-01T12:03:38.655+0000] {processor.py:186} INFO - Started process (PID=715) to work on /home/airflow/.local/lib/python3.9/site-packages/airflow/example_dags/example_trigger_controller_dag.py
[2025-02-01T12:03:38.656+0000] {processor.py:914} INFO - Processing file /home/airflow/.local/lib/python3.9/site-packages/airflow/example_dags/example_trigger_controller_dag.py for tasks to queue
[2025-02-01T12:03:38.659+0000] {logging_mixin.py:190} INFO - [2025-02-01T12:03:38.658+0000] {dagbag.py:588} INFO - Filling up the DagBag from /home/airflow/.local/lib/python3.9/site-packages/airflow/example_dags/example_trigger_controller_dag.py
[2025-02-01T12:03:38.665+0000] {processor.py:925} INFO - DAG(s) 'example_trigger_controller_dag' retrieved from /home/airflow/.local/lib/python3.9/site-packages/airflow/example_dags/example_trigger_controller_dag.py
[2025-02-01T12:03:38.686+0000] {logging_mixin.py:190} INFO - [2025-02-01T12:03:38.686+0000] {dag.py:3239} INFO - Sync 1 DAGs
[2025-02-01T12:03:38.724+0000] {logging_mixin.py:190} INFO - [2025-02-01T12:03:38.724+0000] {dag.py:4180} INFO - Setting next_dagrun for example_trigger_controller_dag to 2021-01-01 00:00:00+00:00, run_after=2021-01-01 00:00:00+00:00
[2025-02-01T12:03:38.742+0000] {processor.py:208} INFO - Processing /home/airflow/.local/lib/python3.9/site-packages/airflow/example_dags/example_trigger_controller_dag.py took 0.093 seconds
[2025-02-01T12:04:08.835+0000] {processor.py:186} INFO - Started process (PID=777) to work on /home/airflow/.local/lib/python3.9/site-packages/airflow/example_dags/example_trigger_controller_dag.py
[2025-02-01T12:04:08.836+0000] {processor.py:914} INFO - Processing file /home/airflow/.local/lib/python3.9/site-packages/airflow/example_dags/example_trigger_controller_dag.py for tasks to queue
[2025-02-01T12:04:08.838+0000] {logging_mixin.py:190} INFO - [2025-02-01T12:04:08.837+0000] {dagbag.py:588} INFO - Filling up the DagBag from /home/airflow/.local/lib/python3.9/site-packages/airflow/example_dags/example_trigger_controller_dag.py
[2025-02-01T12:04:08.842+0000] {processor.py:925} INFO - DAG(s) 'example_trigger_controller_dag' retrieved from /home/airflow/.local/lib/python3.9/site-packages/airflow/example_dags/example_trigger_controller_dag.py
[2025-02-01T12:04:08.857+0000] {logging_mixin.py:190} INFO - [2025-02-01T12:04:08.856+0000] {dag.py:3239} INFO - Sync 1 DAGs
[2025-02-01T12:04:08.874+0000] {logging_mixin.py:190} INFO - [2025-02-01T12:04:08.874+0000] {dag.py:4180} INFO - Setting next_dagrun for example_trigger_controller_dag to 2021-01-01 00:00:00+00:00, run_after=2021-01-01 00:00:00+00:00
[2025-02-01T12:04:08.887+0000] {processor.py:208} INFO - Processing /home/airflow/.local/lib/python3.9/site-packages/airflow/example_dags/example_trigger_controller_dag.py took 0.058 seconds
[2025-02-01T12:04:38.975+0000] {processor.py:186} INFO - Started process (PID=841) to work on /home/airflow/.local/lib/python3.9/site-packages/airflow/example_dags/example_trigger_controller_dag.py
[2025-02-01T12:04:38.975+0000] {processor.py:914} INFO - Processing file /home/airflow/.local/lib/python3.9/site-packages/airflow/example_dags/example_trigger_controller_dag.py for tasks to queue
[2025-02-01T12:04:38.977+0000] {logging_mixin.py:190} INFO - [2025-02-01T12:04:38.977+0000] {dagbag.py:588} INFO - Filling up the DagBag from /home/airflow/.local/lib/python3.9/site-packages/airflow/example_dags/example_trigger_controller_dag.py
[2025-02-01T12:04:38.982+0000] {processor.py:925} INFO - DAG(s) 'example_trigger_controller_dag' retrieved from /home/airflow/.local/lib/python3.9/site-packages/airflow/example_dags/example_trigger_controller_dag.py
[2025-02-01T12:04:38.995+0000] {logging_mixin.py:190} INFO - [2025-02-01T12:04:38.995+0000] {dag.py:3239} INFO - Sync 1 DAGs
[2025-02-01T12:04:39.011+0000] {logging_mixin.py:190} INFO - [2025-02-01T12:04:39.011+0000] {dag.py:4180} INFO - Setting next_dagrun for example_trigger_controller_dag to 2021-01-01 00:00:00+00:00, run_after=2021-01-01 00:00:00+00:00
[2025-02-01T12:04:39.024+0000] {processor.py:208} INFO - Processing /home/airflow/.local/lib/python3.9/site-packages/airflow/example_dags/example_trigger_controller_dag.py took 0.055 seconds
[2025-02-01T12:05:09.214+0000] {processor.py:186} INFO - Started process (PID=903) to work on /home/airflow/.local/lib/python3.9/site-packages/airflow/example_dags/example_trigger_controller_dag.py
[2025-02-01T12:05:09.215+0000] {processor.py:914} INFO - Processing file /home/airflow/.local/lib/python3.9/site-packages/airflow/example_dags/example_trigger_controller_dag.py for tasks to queue
[2025-02-01T12:05:09.216+0000] {logging_mixin.py:190} INFO - [2025-02-01T12:05:09.216+0000] {dagbag.py:588} INFO - Filling up the DagBag from /home/airflow/.local/lib/python3.9/site-packages/airflow/example_dags/example_trigger_controller_dag.py
[2025-02-01T12:05:09.221+0000] {processor.py:925} INFO - DAG(s) 'example_trigger_controller_dag' retrieved from /home/airflow/.local/lib/python3.9/site-packages/airflow/example_dags/example_trigger_controller_dag.py
[2025-02-01T12:05:09.235+0000] {logging_mixin.py:190} INFO - [2025-02-01T12:05:09.235+0000] {dag.py:3239} INFO - Sync 1 DAGs
[2025-02-01T12:05:09.250+0000] {logging_mixin.py:190} INFO - [2025-02-01T12:05:09.250+0000] {dag.py:4180} INFO - Setting next_dagrun for example_trigger_controller_dag to 2021-01-01 00:00:00+00:00, run_after=2021-01-01 00:00:00+00:00
[2025-02-01T12:05:09.263+0000] {processor.py:208} INFO - Processing /home/airflow/.local/lib/python3.9/site-packages/airflow/example_dags/example_trigger_controller_dag.py took 0.054 seconds
[2025-02-01T12:05:39.878+0000] {processor.py:186} INFO - Started process (PID=965) to work on /home/airflow/.local/lib/python3.9/site-packages/airflow/example_dags/example_trigger_controller_dag.py
[2025-02-01T12:05:39.879+0000] {processor.py:914} INFO - Processing file /home/airflow/.local/lib/python3.9/site-packages/airflow/example_dags/example_trigger_controller_dag.py for tasks to queue
[2025-02-01T12:05:39.881+0000] {logging_mixin.py:190} INFO - [2025-02-01T12:05:39.881+0000] {dagbag.py:588} INFO - Filling up the DagBag from /home/airflow/.local/lib/python3.9/site-packages/airflow/example_dags/example_trigger_controller_dag.py
[2025-02-01T12:05:39.886+0000] {processor.py:925} INFO - DAG(s) 'example_trigger_controller_dag' retrieved from /home/airflow/.local/lib/python3.9/site-packages/airflow/example_dags/example_trigger_controller_dag.py
[2025-02-01T12:05:39.900+0000] {logging_mixin.py:190} INFO - [2025-02-01T12:05:39.900+0000] {dag.py:3239} INFO - Sync 1 DAGs
[2025-02-01T12:05:39.916+0000] {logging_mixin.py:190} INFO - [2025-02-01T12:05:39.915+0000] {dag.py:4180} INFO - Setting next_dagrun for example_trigger_controller_dag to 2021-01-01 00:00:00+00:00, run_after=2021-01-01 00:00:00+00:00
[2025-02-01T12:05:39.928+0000] {processor.py:208} INFO - Processing /home/airflow/.local/lib/python3.9/site-packages/airflow/example_dags/example_trigger_controller_dag.py took 0.054 seconds
[2025-02-01T12:06:10.277+0000] {processor.py:186} INFO - Started process (PID=1028) to work on /home/airflow/.local/lib/python3.9/site-packages/airflow/example_dags/example_trigger_controller_dag.py
[2025-02-01T12:06:10.278+0000] {processor.py:914} INFO - Processing file /home/airflow/.local/lib/python3.9/site-packages/airflow/example_dags/example_trigger_controller_dag.py for tasks to queue
[2025-02-01T12:06:10.280+0000] {logging_mixin.py:190} INFO - [2025-02-01T12:06:10.280+0000] {dagbag.py:588} INFO - Filling up the DagBag from /home/airflow/.local/lib/python3.9/site-packages/airflow/example_dags/example_trigger_controller_dag.py
[2025-02-01T12:06:10.285+0000] {processor.py:925} INFO - DAG(s) 'example_trigger_controller_dag' retrieved from /home/airflow/.local/lib/python3.9/site-packages/airflow/example_dags/example_trigger_controller_dag.py
[2025-02-01T12:06:10.299+0000] {logging_mixin.py:190} INFO - [2025-02-01T12:06:10.299+0000] {dag.py:3239} INFO - Sync 1 DAGs
[2025-02-01T12:06:10.316+0000] {logging_mixin.py:190} INFO - [2025-02-01T12:06:10.315+0000] {dag.py:4180} INFO - Setting next_dagrun for example_trigger_controller_dag to 2021-01-01 00:00:00+00:00, run_after=2021-01-01 00:00:00+00:00
[2025-02-01T12:06:10.328+0000] {processor.py:208} INFO - Processing /home/airflow/.local/lib/python3.9/site-packages/airflow/example_dags/example_trigger_controller_dag.py took 0.055 seconds
[2025-02-01T12:06:40.576+0000] {processor.py:186} INFO - Started process (PID=1090) to work on /home/airflow/.local/lib/python3.9/site-packages/airflow/example_dags/example_trigger_controller_dag.py
[2025-02-01T12:06:40.577+0000] {processor.py:914} INFO - Processing file /home/airflow/.local/lib/python3.9/site-packages/airflow/example_dags/example_trigger_controller_dag.py for tasks to queue
[2025-02-01T12:06:40.579+0000] {logging_mixin.py:190} INFO - [2025-02-01T12:06:40.579+0000] {dagbag.py:588} INFO - Filling up the DagBag from /home/airflow/.local/lib/python3.9/site-packages/airflow/example_dags/example_trigger_controller_dag.py
[2025-02-01T12:06:40.584+0000] {processor.py:925} INFO - DAG(s) 'example_trigger_controller_dag' retrieved from /home/airflow/.local/lib/python3.9/site-packages/airflow/example_dags/example_trigger_controller_dag.py
[2025-02-01T12:06:40.598+0000] {logging_mixin.py:190} INFO - [2025-02-01T12:06:40.598+0000] {dag.py:3239} INFO - Sync 1 DAGs
[2025-02-01T12:06:40.614+0000] {logging_mixin.py:190} INFO - [2025-02-01T12:06:40.614+0000] {dag.py:4180} INFO - Setting next_dagrun for example_trigger_controller_dag to 2021-01-01 00:00:00+00:00, run_after=2021-01-01 00:00:00+00:00
[2025-02-01T12:06:40.628+0000] {processor.py:208} INFO - Processing /home/airflow/.local/lib/python3.9/site-packages/airflow/example_dags/example_trigger_controller_dag.py took 0.057 seconds
[2025-02-01T12:07:10.894+0000] {processor.py:186} INFO - Started process (PID=1153) to work on /home/airflow/.local/lib/python3.9/site-packages/airflow/example_dags/example_trigger_controller_dag.py
[2025-02-01T12:07:10.909+0000] {processor.py:914} INFO - Processing file /home/airflow/.local/lib/python3.9/site-packages/airflow/example_dags/example_trigger_controller_dag.py for tasks to queue
[2025-02-01T12:07:10.913+0000] {logging_mixin.py:190} INFO - [2025-02-01T12:07:10.912+0000] {dagbag.py:588} INFO - Filling up the DagBag from /home/airflow/.local/lib/python3.9/site-packages/airflow/example_dags/example_trigger_controller_dag.py
[2025-02-01T12:07:10.935+0000] {processor.py:925} INFO - DAG(s) 'example_trigger_controller_dag' retrieved from /home/airflow/.local/lib/python3.9/site-packages/airflow/example_dags/example_trigger_controller_dag.py
[2025-02-01T12:07:10.957+0000] {logging_mixin.py:190} INFO - [2025-02-01T12:07:10.956+0000] {dag.py:3239} INFO - Sync 1 DAGs
[2025-02-01T12:07:10.983+0000] {logging_mixin.py:190} INFO - [2025-02-01T12:07:10.983+0000] {dag.py:4180} INFO - Setting next_dagrun for example_trigger_controller_dag to 2021-01-01 00:00:00+00:00, run_after=2021-01-01 00:00:00+00:00
[2025-02-01T12:07:11.004+0000] {processor.py:208} INFO - Processing /home/airflow/.local/lib/python3.9/site-packages/airflow/example_dags/example_trigger_controller_dag.py took 0.118 seconds
[2025-02-01T12:07:41.854+0000] {processor.py:186} INFO - Started process (PID=1216) to work on /home/airflow/.local/lib/python3.9/site-packages/airflow/example_dags/example_trigger_controller_dag.py
[2025-02-01T12:07:41.870+0000] {processor.py:914} INFO - Processing file /home/airflow/.local/lib/python3.9/site-packages/airflow/example_dags/example_trigger_controller_dag.py for tasks to queue
[2025-02-01T12:07:41.873+0000] {logging_mixin.py:190} INFO - [2025-02-01T12:07:41.872+0000] {dagbag.py:588} INFO - Filling up the DagBag from /home/airflow/.local/lib/python3.9/site-packages/airflow/example_dags/example_trigger_controller_dag.py
[2025-02-01T12:07:41.912+0000] {processor.py:925} INFO - DAG(s) 'example_trigger_controller_dag' retrieved from /home/airflow/.local/lib/python3.9/site-packages/airflow/example_dags/example_trigger_controller_dag.py
[2025-02-01T12:07:41.951+0000] {logging_mixin.py:190} INFO - [2025-02-01T12:07:41.951+0000] {dag.py:3239} INFO - Sync 1 DAGs
[2025-02-01T12:07:42.019+0000] {logging_mixin.py:190} INFO - [2025-02-01T12:07:42.015+0000] {dag.py:4180} INFO - Setting next_dagrun for example_trigger_controller_dag to 2021-01-01 00:00:00+00:00, run_after=2021-01-01 00:00:00+00:00
[2025-02-01T12:07:42.097+0000] {processor.py:208} INFO - Processing /home/airflow/.local/lib/python3.9/site-packages/airflow/example_dags/example_trigger_controller_dag.py took 0.294 seconds
[2025-02-01T12:08:12.456+0000] {processor.py:186} INFO - Started process (PID=1279) to work on /home/airflow/.local/lib/python3.9/site-packages/airflow/example_dags/example_trigger_controller_dag.py
[2025-02-01T12:08:12.456+0000] {processor.py:914} INFO - Processing file /home/airflow/.local/lib/python3.9/site-packages/airflow/example_dags/example_trigger_controller_dag.py for tasks to queue
[2025-02-01T12:08:12.458+0000] {logging_mixin.py:190} INFO - [2025-02-01T12:08:12.458+0000] {dagbag.py:588} INFO - Filling up the DagBag from /home/airflow/.local/lib/python3.9/site-packages/airflow/example_dags/example_trigger_controller_dag.py
[2025-02-01T12:08:12.463+0000] {processor.py:925} INFO - DAG(s) 'example_trigger_controller_dag' retrieved from /home/airflow/.local/lib/python3.9/site-packages/airflow/example_dags/example_trigger_controller_dag.py
[2025-02-01T12:08:12.476+0000] {logging_mixin.py:190} INFO - [2025-02-01T12:08:12.476+0000] {dag.py:3239} INFO - Sync 1 DAGs
[2025-02-01T12:08:12.493+0000] {logging_mixin.py:190} INFO - [2025-02-01T12:08:12.493+0000] {dag.py:4180} INFO - Setting next_dagrun for example_trigger_controller_dag to 2021-01-01 00:00:00+00:00, run_after=2021-01-01 00:00:00+00:00
[2025-02-01T12:08:12.505+0000] {processor.py:208} INFO - Processing /home/airflow/.local/lib/python3.9/site-packages/airflow/example_dags/example_trigger_controller_dag.py took 0.056 seconds
[2025-02-01T12:08:42.671+0000] {processor.py:186} INFO - Started process (PID=1342) to work on /home/airflow/.local/lib/python3.9/site-packages/airflow/example_dags/example_trigger_controller_dag.py
[2025-02-01T12:08:42.673+0000] {processor.py:914} INFO - Processing file /home/airflow/.local/lib/python3.9/site-packages/airflow/example_dags/example_trigger_controller_dag.py for tasks to queue
[2025-02-01T12:08:42.675+0000] {logging_mixin.py:190} INFO - [2025-02-01T12:08:42.675+0000] {dagbag.py:588} INFO - Filling up the DagBag from /home/airflow/.local/lib/python3.9/site-packages/airflow/example_dags/example_trigger_controller_dag.py
[2025-02-01T12:08:42.680+0000] {processor.py:925} INFO - DAG(s) 'example_trigger_controller_dag' retrieved from /home/airflow/.local/lib/python3.9/site-packages/airflow/example_dags/example_trigger_controller_dag.py
[2025-02-01T12:08:42.693+0000] {logging_mixin.py:190} INFO - [2025-02-01T12:08:42.693+0000] {dag.py:3239} INFO - Sync 1 DAGs
[2025-02-01T12:08:42.709+0000] {logging_mixin.py:190} INFO - [2025-02-01T12:08:42.709+0000] {dag.py:4180} INFO - Setting next_dagrun for example_trigger_controller_dag to 2021-01-01 00:00:00+00:00, run_after=2021-01-01 00:00:00+00:00
[2025-02-01T12:08:42.722+0000] {processor.py:208} INFO - Processing /home/airflow/.local/lib/python3.9/site-packages/airflow/example_dags/example_trigger_controller_dag.py took 0.057 seconds
[2025-02-01T12:09:13.115+0000] {processor.py:186} INFO - Started process (PID=1405) to work on /home/airflow/.local/lib/python3.9/site-packages/airflow/example_dags/example_trigger_controller_dag.py
[2025-02-01T12:09:13.115+0000] {processor.py:914} INFO - Processing file /home/airflow/.local/lib/python3.9/site-packages/airflow/example_dags/example_trigger_controller_dag.py for tasks to queue
[2025-02-01T12:09:13.117+0000] {logging_mixin.py:190} INFO - [2025-02-01T12:09:13.117+0000] {dagbag.py:588} INFO - Filling up the DagBag from /home/airflow/.local/lib/python3.9/site-packages/airflow/example_dags/example_trigger_controller_dag.py
[2025-02-01T12:09:13.122+0000] {processor.py:925} INFO - DAG(s) 'example_trigger_controller_dag' retrieved from /home/airflow/.local/lib/python3.9/site-packages/airflow/example_dags/example_trigger_controller_dag.py
[2025-02-01T12:09:13.141+0000] {logging_mixin.py:190} INFO - [2025-02-01T12:09:13.141+0000] {dag.py:3239} INFO - Sync 1 DAGs
[2025-02-01T12:09:13.162+0000] {logging_mixin.py:190} INFO - [2025-02-01T12:09:13.162+0000] {dag.py:4180} INFO - Setting next_dagrun for example_trigger_controller_dag to 2021-01-01 00:00:00+00:00, run_after=2021-01-01 00:00:00+00:00
[2025-02-01T12:09:13.178+0000] {processor.py:208} INFO - Processing /home/airflow/.local/lib/python3.9/site-packages/airflow/example_dags/example_trigger_controller_dag.py took 0.069 seconds
[2025-02-01T12:09:43.271+0000] {processor.py:186} INFO - Started process (PID=1468) to work on /home/airflow/.local/lib/python3.9/site-packages/airflow/example_dags/example_trigger_controller_dag.py
[2025-02-01T12:09:43.272+0000] {processor.py:914} INFO - Processing file /home/airflow/.local/lib/python3.9/site-packages/airflow/example_dags/example_trigger_controller_dag.py for tasks to queue
[2025-02-01T12:09:43.274+0000] {logging_mixin.py:190} INFO - [2025-02-01T12:09:43.274+0000] {dagbag.py:588} INFO - Filling up the DagBag from /home/airflow/.local/lib/python3.9/site-packages/airflow/example_dags/example_trigger_controller_dag.py
[2025-02-01T12:09:43.279+0000] {processor.py:925} INFO - DAG(s) 'example_trigger_controller_dag' retrieved from /home/airflow/.local/lib/python3.9/site-packages/airflow/example_dags/example_trigger_controller_dag.py
[2025-02-01T12:09:43.296+0000] {logging_mixin.py:190} INFO - [2025-02-01T12:09:43.296+0000] {dag.py:3239} INFO - Sync 1 DAGs
[2025-02-01T12:09:43.312+0000] {logging_mixin.py:190} INFO - [2025-02-01T12:09:43.312+0000] {dag.py:4180} INFO - Setting next_dagrun for example_trigger_controller_dag to 2021-01-01 00:00:00+00:00, run_after=2021-01-01 00:00:00+00:00
[2025-02-01T12:09:43.325+0000] {processor.py:208} INFO - Processing /home/airflow/.local/lib/python3.9/site-packages/airflow/example_dags/example_trigger_controller_dag.py took 0.059 seconds
