[2025-02-01T11:58:41.846+0000] {processor.py:186} INFO - Started process (PID=113) to work on /home/airflow/.local/lib/python3.9/site-packages/airflow/example_dags/example_workday_timetable.py
[2025-02-01T11:58:41.854+0000] {processor.py:914} INFO - Processing file /home/airflow/.local/lib/python3.9/site-packages/airflow/example_dags/example_workday_timetable.py for tasks to queue
[2025-02-01T11:58:41.861+0000] {logging_mixin.py:190} INFO - [2025-02-01T11:58:41.861+0000] {dagbag.py:588} INFO - Filling up the DagBag from /home/airflow/.local/lib/python3.9/site-packages/airflow/example_dags/example_workday_timetable.py
[2025-02-01T11:58:41.873+0000] {processor.py:925} INFO - DAG(s) 'example_workday_timetable' retrieved from /home/airflow/.local/lib/python3.9/site-packages/airflow/example_dags/example_workday_timetable.py
[2025-02-01T11:58:42.117+0000] {logging_mixin.py:190} INFO - [2025-02-01T11:58:42.116+0000] {override.py:1911} INFO - Created Permission View: can edit on DAG:example_workday_timetable
[2025-02-01T11:58:42.126+0000] {logging_mixin.py:190} INFO - [2025-02-01T11:58:42.125+0000] {override.py:1911} INFO - Created Permission View: can delete on DAG:example_workday_timetable
[2025-02-01T11:58:42.131+0000] {logging_mixin.py:190} INFO - [2025-02-01T11:58:42.131+0000] {override.py:1911} INFO - Created Permission View: can read on DAG:example_workday_timetable
[2025-02-01T11:58:42.140+0000] {logging_mixin.py:190} INFO - [2025-02-01T11:58:42.139+0000] {override.py:1911} INFO - Created Permission View: can create on DAG Run:example_workday_timetable
[2025-02-01T11:58:42.147+0000] {logging_mixin.py:190} INFO - [2025-02-01T11:58:42.147+0000] {override.py:1911} INFO - Created Permission View: can delete on DAG Run:example_workday_timetable
[2025-02-01T11:58:42.161+0000] {logging_mixin.py:190} INFO - [2025-02-01T11:58:42.160+0000] {override.py:1911} INFO - Created Permission View: can read on DAG Run:example_workday_timetable
[2025-02-01T11:58:42.167+0000] {logging_mixin.py:190} INFO - [2025-02-01T11:58:42.166+0000] {override.py:1911} INFO - Created Permission View: menu access on DAG Run:example_workday_timetable
[2025-02-01T11:58:42.167+0000] {logging_mixin.py:190} INFO - [2025-02-01T11:58:42.167+0000] {dag.py:3239} INFO - Sync 1 DAGs
[2025-02-01T11:58:42.190+0000] {logging_mixin.py:190} INFO - [2025-02-01T11:58:42.190+0000] {dag.py:3262} INFO - Creating ORM DAG for example_workday_timetable
[2025-02-01T11:58:42.346+0000] {logging_mixin.py:190} INFO - [2025-02-01T11:58:42.346+0000] {dag.py:4180} INFO - Setting next_dagrun for example_workday_timetable to 2021-01-04 00:00:00+00:00, run_after=2021-01-05 00:00:00+00:00
[2025-02-01T11:58:42.407+0000] {processor.py:208} INFO - Processing /home/airflow/.local/lib/python3.9/site-packages/airflow/example_dags/example_workday_timetable.py took 0.583 seconds
[2025-02-01T11:59:12.790+0000] {processor.py:186} INFO - Started process (PID=176) to work on /home/airflow/.local/lib/python3.9/site-packages/airflow/example_dags/example_workday_timetable.py
[2025-02-01T11:59:12.791+0000] {processor.py:914} INFO - Processing file /home/airflow/.local/lib/python3.9/site-packages/airflow/example_dags/example_workday_timetable.py for tasks to queue
[2025-02-01T11:59:12.793+0000] {logging_mixin.py:190} INFO - [2025-02-01T11:59:12.793+0000] {dagbag.py:588} INFO - Filling up the DagBag from /home/airflow/.local/lib/python3.9/site-packages/airflow/example_dags/example_workday_timetable.py
[2025-02-01T11:59:12.797+0000] {processor.py:925} INFO - DAG(s) 'example_workday_timetable' retrieved from /home/airflow/.local/lib/python3.9/site-packages/airflow/example_dags/example_workday_timetable.py
[2025-02-01T11:59:12.811+0000] {logging_mixin.py:190} INFO - [2025-02-01T11:59:12.811+0000] {dag.py:3239} INFO - Sync 1 DAGs
[2025-02-01T11:59:12.917+0000] {logging_mixin.py:190} INFO - [2025-02-01T11:59:12.916+0000] {dag.py:4180} INFO - Setting next_dagrun for example_workday_timetable to 2021-01-04 00:00:00+00:00, run_after=2021-01-05 00:00:00+00:00
[2025-02-01T11:59:12.931+0000] {processor.py:208} INFO - Processing /home/airflow/.local/lib/python3.9/site-packages/airflow/example_dags/example_workday_timetable.py took 0.145 seconds
[2025-02-01T11:59:43.526+0000] {processor.py:186} INFO - Started process (PID=240) to work on /home/airflow/.local/lib/python3.9/site-packages/airflow/example_dags/example_workday_timetable.py
[2025-02-01T11:59:43.527+0000] {processor.py:914} INFO - Processing file /home/airflow/.local/lib/python3.9/site-packages/airflow/example_dags/example_workday_timetable.py for tasks to queue
[2025-02-01T11:59:43.529+0000] {logging_mixin.py:190} INFO - [2025-02-01T11:59:43.528+0000] {dagbag.py:588} INFO - Filling up the DagBag from /home/airflow/.local/lib/python3.9/site-packages/airflow/example_dags/example_workday_timetable.py
[2025-02-01T11:59:43.533+0000] {processor.py:925} INFO - DAG(s) 'example_workday_timetable' retrieved from /home/airflow/.local/lib/python3.9/site-packages/airflow/example_dags/example_workday_timetable.py
[2025-02-01T11:59:43.548+0000] {logging_mixin.py:190} INFO - [2025-02-01T11:59:43.548+0000] {dag.py:3239} INFO - Sync 1 DAGs
[2025-02-01T11:59:43.665+0000] {logging_mixin.py:190} INFO - [2025-02-01T11:59:43.665+0000] {dag.py:4180} INFO - Setting next_dagrun for example_workday_timetable to 2021-01-04 00:00:00+00:00, run_after=2021-01-05 00:00:00+00:00
[2025-02-01T11:59:43.679+0000] {processor.py:208} INFO - Processing /home/airflow/.local/lib/python3.9/site-packages/airflow/example_dags/example_workday_timetable.py took 0.157 seconds
[2025-02-01T12:00:17.566+0000] {processor.py:186} INFO - Started process (PID=305) to work on /home/airflow/.local/lib/python3.9/site-packages/airflow/example_dags/example_workday_timetable.py
[2025-02-01T12:00:17.574+0000] {processor.py:914} INFO - Processing file /home/airflow/.local/lib/python3.9/site-packages/airflow/example_dags/example_workday_timetable.py for tasks to queue
[2025-02-01T12:00:17.576+0000] {logging_mixin.py:190} INFO - [2025-02-01T12:00:17.576+0000] {dagbag.py:588} INFO - Filling up the DagBag from /home/airflow/.local/lib/python3.9/site-packages/airflow/example_dags/example_workday_timetable.py
[2025-02-01T12:00:17.589+0000] {processor.py:925} INFO - DAG(s) 'example_workday_timetable' retrieved from /home/airflow/.local/lib/python3.9/site-packages/airflow/example_dags/example_workday_timetable.py
[2025-02-01T12:00:17.652+0000] {logging_mixin.py:190} INFO - [2025-02-01T12:00:17.652+0000] {dag.py:3239} INFO - Sync 1 DAGs
[2025-02-01T12:00:18.070+0000] {logging_mixin.py:190} INFO - [2025-02-01T12:00:18.068+0000] {dag.py:4180} INFO - Setting next_dagrun for example_workday_timetable to 2021-01-04 00:00:00+00:00, run_after=2021-01-05 00:00:00+00:00
[2025-02-01T12:00:18.380+0000] {processor.py:208} INFO - Processing /home/airflow/.local/lib/python3.9/site-packages/airflow/example_dags/example_workday_timetable.py took 0.825 seconds
[2025-02-01T12:00:50.941+0000] {processor.py:186} INFO - Started process (PID=370) to work on /home/airflow/.local/lib/python3.9/site-packages/airflow/example_dags/example_workday_timetable.py
[2025-02-01T12:00:50.950+0000] {processor.py:914} INFO - Processing file /home/airflow/.local/lib/python3.9/site-packages/airflow/example_dags/example_workday_timetable.py for tasks to queue
[2025-02-01T12:00:50.953+0000] {logging_mixin.py:190} INFO - [2025-02-01T12:00:50.953+0000] {dagbag.py:588} INFO - Filling up the DagBag from /home/airflow/.local/lib/python3.9/site-packages/airflow/example_dags/example_workday_timetable.py
[2025-02-01T12:00:50.975+0000] {processor.py:925} INFO - DAG(s) 'example_workday_timetable' retrieved from /home/airflow/.local/lib/python3.9/site-packages/airflow/example_dags/example_workday_timetable.py
[2025-02-01T12:00:51.032+0000] {logging_mixin.py:190} INFO - [2025-02-01T12:00:51.031+0000] {dag.py:3239} INFO - Sync 1 DAGs
[2025-02-01T12:00:51.248+0000] {logging_mixin.py:190} INFO - [2025-02-01T12:00:51.247+0000] {dag.py:4180} INFO - Setting next_dagrun for example_workday_timetable to 2021-01-04 00:00:00+00:00, run_after=2021-01-05 00:00:00+00:00
[2025-02-01T12:00:51.283+0000] {processor.py:208} INFO - Processing /home/airflow/.local/lib/python3.9/site-packages/airflow/example_dags/example_workday_timetable.py took 0.366 seconds
[2025-02-01T12:01:21.533+0000] {processor.py:186} INFO - Started process (PID=432) to work on /home/airflow/.local/lib/python3.9/site-packages/airflow/example_dags/example_workday_timetable.py
[2025-02-01T12:01:21.534+0000] {processor.py:914} INFO - Processing file /home/airflow/.local/lib/python3.9/site-packages/airflow/example_dags/example_workday_timetable.py for tasks to queue
[2025-02-01T12:01:21.537+0000] {logging_mixin.py:190} INFO - [2025-02-01T12:01:21.537+0000] {dagbag.py:588} INFO - Filling up the DagBag from /home/airflow/.local/lib/python3.9/site-packages/airflow/example_dags/example_workday_timetable.py
[2025-02-01T12:01:21.554+0000] {processor.py:925} INFO - DAG(s) 'example_workday_timetable' retrieved from /home/airflow/.local/lib/python3.9/site-packages/airflow/example_dags/example_workday_timetable.py
[2025-02-01T12:01:21.584+0000] {logging_mixin.py:190} INFO - [2025-02-01T12:01:21.584+0000] {dag.py:3239} INFO - Sync 1 DAGs
[2025-02-01T12:01:21.727+0000] {logging_mixin.py:190} INFO - [2025-02-01T12:01:21.727+0000] {dag.py:4180} INFO - Setting next_dagrun for example_workday_timetable to 2021-01-04 00:00:00+00:00, run_after=2021-01-05 00:00:00+00:00
[2025-02-01T12:01:21.745+0000] {processor.py:208} INFO - Processing /home/airflow/.local/lib/python3.9/site-packages/airflow/example_dags/example_workday_timetable.py took 0.218 seconds
[2025-02-01T12:01:52.492+0000] {processor.py:186} INFO - Started process (PID=495) to work on /home/airflow/.local/lib/python3.9/site-packages/airflow/example_dags/example_workday_timetable.py
[2025-02-01T12:01:52.492+0000] {processor.py:914} INFO - Processing file /home/airflow/.local/lib/python3.9/site-packages/airflow/example_dags/example_workday_timetable.py for tasks to queue
[2025-02-01T12:01:52.494+0000] {logging_mixin.py:190} INFO - [2025-02-01T12:01:52.494+0000] {dagbag.py:588} INFO - Filling up the DagBag from /home/airflow/.local/lib/python3.9/site-packages/airflow/example_dags/example_workday_timetable.py
[2025-02-01T12:01:52.498+0000] {processor.py:925} INFO - DAG(s) 'example_workday_timetable' retrieved from /home/airflow/.local/lib/python3.9/site-packages/airflow/example_dags/example_workday_timetable.py
[2025-02-01T12:01:52.513+0000] {logging_mixin.py:190} INFO - [2025-02-01T12:01:52.512+0000] {dag.py:3239} INFO - Sync 1 DAGs
[2025-02-01T12:01:52.601+0000] {logging_mixin.py:190} INFO - [2025-02-01T12:01:52.601+0000] {dag.py:4180} INFO - Setting next_dagrun for example_workday_timetable to 2021-01-04 00:00:00+00:00, run_after=2021-01-05 00:00:00+00:00
[2025-02-01T12:01:52.615+0000] {processor.py:208} INFO - Processing /home/airflow/.local/lib/python3.9/site-packages/airflow/example_dags/example_workday_timetable.py took 0.128 seconds
[2025-02-01T12:02:23.632+0000] {processor.py:186} INFO - Started process (PID=565) to work on /home/airflow/.local/lib/python3.9/site-packages/airflow/example_dags/example_workday_timetable.py
[2025-02-01T12:02:23.633+0000] {processor.py:914} INFO - Processing file /home/airflow/.local/lib/python3.9/site-packages/airflow/example_dags/example_workday_timetable.py for tasks to queue
[2025-02-01T12:02:23.635+0000] {logging_mixin.py:190} INFO - [2025-02-01T12:02:23.635+0000] {dagbag.py:588} INFO - Filling up the DagBag from /home/airflow/.local/lib/python3.9/site-packages/airflow/example_dags/example_workday_timetable.py
[2025-02-01T12:02:23.641+0000] {processor.py:925} INFO - DAG(s) 'example_workday_timetable' retrieved from /home/airflow/.local/lib/python3.9/site-packages/airflow/example_dags/example_workday_timetable.py
[2025-02-01T12:02:23.660+0000] {logging_mixin.py:190} INFO - [2025-02-01T12:02:23.660+0000] {dag.py:3239} INFO - Sync 1 DAGs
[2025-02-01T12:02:23.756+0000] {logging_mixin.py:190} INFO - [2025-02-01T12:02:23.756+0000] {dag.py:4180} INFO - Setting next_dagrun for example_workday_timetable to 2021-01-04 00:00:00+00:00, run_after=2021-01-05 00:00:00+00:00
[2025-02-01T12:02:23.773+0000] {processor.py:208} INFO - Processing /home/airflow/.local/lib/python3.9/site-packages/airflow/example_dags/example_workday_timetable.py took 0.148 seconds
[2025-02-01T12:02:54.548+0000] {processor.py:186} INFO - Started process (PID=627) to work on /home/airflow/.local/lib/python3.9/site-packages/airflow/example_dags/example_workday_timetable.py
[2025-02-01T12:02:54.549+0000] {processor.py:914} INFO - Processing file /home/airflow/.local/lib/python3.9/site-packages/airflow/example_dags/example_workday_timetable.py for tasks to queue
[2025-02-01T12:02:54.552+0000] {logging_mixin.py:190} INFO - [2025-02-01T12:02:54.552+0000] {dagbag.py:588} INFO - Filling up the DagBag from /home/airflow/.local/lib/python3.9/site-packages/airflow/example_dags/example_workday_timetable.py
[2025-02-01T12:02:54.558+0000] {processor.py:925} INFO - DAG(s) 'example_workday_timetable' retrieved from /home/airflow/.local/lib/python3.9/site-packages/airflow/example_dags/example_workday_timetable.py
[2025-02-01T12:02:54.577+0000] {logging_mixin.py:190} INFO - [2025-02-01T12:02:54.577+0000] {dag.py:3239} INFO - Sync 1 DAGs
[2025-02-01T12:02:54.647+0000] {logging_mixin.py:190} INFO - [2025-02-01T12:02:54.646+0000] {dag.py:4180} INFO - Setting next_dagrun for example_workday_timetable to 2021-01-04 00:00:00+00:00, run_after=2021-01-05 00:00:00+00:00
[2025-02-01T12:02:54.664+0000] {processor.py:208} INFO - Processing /home/airflow/.local/lib/python3.9/site-packages/airflow/example_dags/example_workday_timetable.py took 0.122 seconds
[2025-02-01T12:03:25.575+0000] {processor.py:186} INFO - Started process (PID=693) to work on /home/airflow/.local/lib/python3.9/site-packages/airflow/example_dags/example_workday_timetable.py
[2025-02-01T12:03:25.576+0000] {processor.py:914} INFO - Processing file /home/airflow/.local/lib/python3.9/site-packages/airflow/example_dags/example_workday_timetable.py for tasks to queue
[2025-02-01T12:03:25.578+0000] {logging_mixin.py:190} INFO - [2025-02-01T12:03:25.578+0000] {dagbag.py:588} INFO - Filling up the DagBag from /home/airflow/.local/lib/python3.9/site-packages/airflow/example_dags/example_workday_timetable.py
[2025-02-01T12:03:25.582+0000] {processor.py:925} INFO - DAG(s) 'example_workday_timetable' retrieved from /home/airflow/.local/lib/python3.9/site-packages/airflow/example_dags/example_workday_timetable.py
[2025-02-01T12:03:25.596+0000] {logging_mixin.py:190} INFO - [2025-02-01T12:03:25.596+0000] {dag.py:3239} INFO - Sync 1 DAGs
[2025-02-01T12:03:25.713+0000] {logging_mixin.py:190} INFO - [2025-02-01T12:03:25.713+0000] {dag.py:4180} INFO - Setting next_dagrun for example_workday_timetable to 2021-01-04 00:00:00+00:00, run_after=2021-01-05 00:00:00+00:00
[2025-02-01T12:03:25.730+0000] {processor.py:208} INFO - Processing /home/airflow/.local/lib/python3.9/site-packages/airflow/example_dags/example_workday_timetable.py took 0.159 seconds
[2025-02-01T12:03:56.342+0000] {processor.py:186} INFO - Started process (PID=758) to work on /home/airflow/.local/lib/python3.9/site-packages/airflow/example_dags/example_workday_timetable.py
[2025-02-01T12:03:56.343+0000] {processor.py:914} INFO - Processing file /home/airflow/.local/lib/python3.9/site-packages/airflow/example_dags/example_workday_timetable.py for tasks to queue
[2025-02-01T12:03:56.345+0000] {logging_mixin.py:190} INFO - [2025-02-01T12:03:56.344+0000] {dagbag.py:588} INFO - Filling up the DagBag from /home/airflow/.local/lib/python3.9/site-packages/airflow/example_dags/example_workday_timetable.py
[2025-02-01T12:03:56.351+0000] {processor.py:925} INFO - DAG(s) 'example_workday_timetable' retrieved from /home/airflow/.local/lib/python3.9/site-packages/airflow/example_dags/example_workday_timetable.py
[2025-02-01T12:03:56.370+0000] {logging_mixin.py:190} INFO - [2025-02-01T12:03:56.370+0000] {dag.py:3239} INFO - Sync 1 DAGs
[2025-02-01T12:03:56.445+0000] {logging_mixin.py:190} INFO - [2025-02-01T12:03:56.445+0000] {dag.py:4180} INFO - Setting next_dagrun for example_workday_timetable to 2021-01-04 00:00:00+00:00, run_after=2021-01-05 00:00:00+00:00
[2025-02-01T12:03:56.469+0000] {processor.py:208} INFO - Processing /home/airflow/.local/lib/python3.9/site-packages/airflow/example_dags/example_workday_timetable.py took 0.134 seconds
[2025-02-01T12:04:26.535+0000] {processor.py:186} INFO - Started process (PID=821) to work on /home/airflow/.local/lib/python3.9/site-packages/airflow/example_dags/example_workday_timetable.py
[2025-02-01T12:04:26.535+0000] {processor.py:914} INFO - Processing file /home/airflow/.local/lib/python3.9/site-packages/airflow/example_dags/example_workday_timetable.py for tasks to queue
[2025-02-01T12:04:26.538+0000] {logging_mixin.py:190} INFO - [2025-02-01T12:04:26.538+0000] {dagbag.py:588} INFO - Filling up the DagBag from /home/airflow/.local/lib/python3.9/site-packages/airflow/example_dags/example_workday_timetable.py
[2025-02-01T12:04:26.544+0000] {processor.py:925} INFO - DAG(s) 'example_workday_timetable' retrieved from /home/airflow/.local/lib/python3.9/site-packages/airflow/example_dags/example_workday_timetable.py
[2025-02-01T12:04:26.559+0000] {logging_mixin.py:190} INFO - [2025-02-01T12:04:26.559+0000] {dag.py:3239} INFO - Sync 1 DAGs
[2025-02-01T12:04:26.604+0000] {logging_mixin.py:190} INFO - [2025-02-01T12:04:26.604+0000] {dag.py:4180} INFO - Setting next_dagrun for example_workday_timetable to 2021-01-04 00:00:00+00:00, run_after=2021-01-05 00:00:00+00:00
[2025-02-01T12:04:26.617+0000] {processor.py:208} INFO - Processing /home/airflow/.local/lib/python3.9/site-packages/airflow/example_dags/example_workday_timetable.py took 0.089 seconds
[2025-02-01T12:04:57.136+0000] {processor.py:186} INFO - Started process (PID=883) to work on /home/airflow/.local/lib/python3.9/site-packages/airflow/example_dags/example_workday_timetable.py
[2025-02-01T12:04:57.136+0000] {processor.py:914} INFO - Processing file /home/airflow/.local/lib/python3.9/site-packages/airflow/example_dags/example_workday_timetable.py for tasks to queue
[2025-02-01T12:04:57.139+0000] {logging_mixin.py:190} INFO - [2025-02-01T12:04:57.139+0000] {dagbag.py:588} INFO - Filling up the DagBag from /home/airflow/.local/lib/python3.9/site-packages/airflow/example_dags/example_workday_timetable.py
[2025-02-01T12:04:57.145+0000] {processor.py:925} INFO - DAG(s) 'example_workday_timetable' retrieved from /home/airflow/.local/lib/python3.9/site-packages/airflow/example_dags/example_workday_timetable.py
[2025-02-01T12:04:57.163+0000] {logging_mixin.py:190} INFO - [2025-02-01T12:04:57.163+0000] {dag.py:3239} INFO - Sync 1 DAGs
[2025-02-01T12:04:57.234+0000] {logging_mixin.py:190} INFO - [2025-02-01T12:04:57.234+0000] {dag.py:4180} INFO - Setting next_dagrun for example_workday_timetable to 2021-01-04 00:00:00+00:00, run_after=2021-01-05 00:00:00+00:00
[2025-02-01T12:04:57.252+0000] {processor.py:208} INFO - Processing /home/airflow/.local/lib/python3.9/site-packages/airflow/example_dags/example_workday_timetable.py took 0.123 seconds
[2025-02-01T12:05:28.529+0000] {processor.py:186} INFO - Started process (PID=945) to work on /home/airflow/.local/lib/python3.9/site-packages/airflow/example_dags/example_workday_timetable.py
[2025-02-01T12:05:28.543+0000] {processor.py:914} INFO - Processing file /home/airflow/.local/lib/python3.9/site-packages/airflow/example_dags/example_workday_timetable.py for tasks to queue
[2025-02-01T12:05:28.546+0000] {logging_mixin.py:190} INFO - [2025-02-01T12:05:28.545+0000] {dagbag.py:588} INFO - Filling up the DagBag from /home/airflow/.local/lib/python3.9/site-packages/airflow/example_dags/example_workday_timetable.py
[2025-02-01T12:05:28.560+0000] {processor.py:925} INFO - DAG(s) 'example_workday_timetable' retrieved from /home/airflow/.local/lib/python3.9/site-packages/airflow/example_dags/example_workday_timetable.py
[2025-02-01T12:05:28.611+0000] {logging_mixin.py:190} INFO - [2025-02-01T12:05:28.611+0000] {dag.py:3239} INFO - Sync 1 DAGs
[2025-02-01T12:05:28.766+0000] {logging_mixin.py:190} INFO - [2025-02-01T12:05:28.765+0000] {dag.py:4180} INFO - Setting next_dagrun for example_workday_timetable to 2021-01-04 00:00:00+00:00, run_after=2021-01-05 00:00:00+00:00
[2025-02-01T12:05:28.807+0000] {processor.py:208} INFO - Processing /home/airflow/.local/lib/python3.9/site-packages/airflow/example_dags/example_workday_timetable.py took 0.289 seconds
[2025-02-01T12:05:59.545+0000] {processor.py:186} INFO - Started process (PID=1008) to work on /home/airflow/.local/lib/python3.9/site-packages/airflow/example_dags/example_workday_timetable.py
[2025-02-01T12:05:59.551+0000] {processor.py:914} INFO - Processing file /home/airflow/.local/lib/python3.9/site-packages/airflow/example_dags/example_workday_timetable.py for tasks to queue
[2025-02-01T12:05:59.556+0000] {logging_mixin.py:190} INFO - [2025-02-01T12:05:59.555+0000] {dagbag.py:588} INFO - Filling up the DagBag from /home/airflow/.local/lib/python3.9/site-packages/airflow/example_dags/example_workday_timetable.py
[2025-02-01T12:05:59.574+0000] {processor.py:925} INFO - DAG(s) 'example_workday_timetable' retrieved from /home/airflow/.local/lib/python3.9/site-packages/airflow/example_dags/example_workday_timetable.py
[2025-02-01T12:05:59.624+0000] {logging_mixin.py:190} INFO - [2025-02-01T12:05:59.624+0000] {dag.py:3239} INFO - Sync 1 DAGs
[2025-02-01T12:05:59.825+0000] {logging_mixin.py:190} INFO - [2025-02-01T12:05:59.825+0000] {dag.py:4180} INFO - Setting next_dagrun for example_workday_timetable to 2021-01-04 00:00:00+00:00, run_after=2021-01-05 00:00:00+00:00
[2025-02-01T12:05:59.883+0000] {processor.py:208} INFO - Processing /home/airflow/.local/lib/python3.9/site-packages/airflow/example_dags/example_workday_timetable.py took 0.351 seconds
[2025-02-01T12:06:30.725+0000] {processor.py:186} INFO - Started process (PID=1070) to work on /home/airflow/.local/lib/python3.9/site-packages/airflow/example_dags/example_workday_timetable.py
[2025-02-01T12:06:30.725+0000] {processor.py:914} INFO - Processing file /home/airflow/.local/lib/python3.9/site-packages/airflow/example_dags/example_workday_timetable.py for tasks to queue
[2025-02-01T12:06:30.728+0000] {logging_mixin.py:190} INFO - [2025-02-01T12:06:30.728+0000] {dagbag.py:588} INFO - Filling up the DagBag from /home/airflow/.local/lib/python3.9/site-packages/airflow/example_dags/example_workday_timetable.py
[2025-02-01T12:06:30.733+0000] {processor.py:925} INFO - DAG(s) 'example_workday_timetable' retrieved from /home/airflow/.local/lib/python3.9/site-packages/airflow/example_dags/example_workday_timetable.py
[2025-02-01T12:06:30.753+0000] {logging_mixin.py:190} INFO - [2025-02-01T12:06:30.752+0000] {dag.py:3239} INFO - Sync 1 DAGs
[2025-02-01T12:06:30.829+0000] {logging_mixin.py:190} INFO - [2025-02-01T12:06:30.828+0000] {dag.py:4180} INFO - Setting next_dagrun for example_workday_timetable to 2021-01-04 00:00:00+00:00, run_after=2021-01-05 00:00:00+00:00
[2025-02-01T12:06:30.892+0000] {processor.py:208} INFO - Processing /home/airflow/.local/lib/python3.9/site-packages/airflow/example_dags/example_workday_timetable.py took 0.174 seconds
[2025-02-01T12:07:01.536+0000] {processor.py:186} INFO - Started process (PID=1133) to work on /home/airflow/.local/lib/python3.9/site-packages/airflow/example_dags/example_workday_timetable.py
[2025-02-01T12:07:01.537+0000] {processor.py:914} INFO - Processing file /home/airflow/.local/lib/python3.9/site-packages/airflow/example_dags/example_workday_timetable.py for tasks to queue
[2025-02-01T12:07:01.539+0000] {logging_mixin.py:190} INFO - [2025-02-01T12:07:01.539+0000] {dagbag.py:588} INFO - Filling up the DagBag from /home/airflow/.local/lib/python3.9/site-packages/airflow/example_dags/example_workday_timetable.py
[2025-02-01T12:07:01.564+0000] {processor.py:925} INFO - DAG(s) 'example_workday_timetable' retrieved from /home/airflow/.local/lib/python3.9/site-packages/airflow/example_dags/example_workday_timetable.py
[2025-02-01T12:07:01.609+0000] {logging_mixin.py:190} INFO - [2025-02-01T12:07:01.609+0000] {dag.py:3239} INFO - Sync 1 DAGs
[2025-02-01T12:07:02.046+0000] {logging_mixin.py:190} INFO - [2025-02-01T12:07:02.046+0000] {dag.py:4180} INFO - Setting next_dagrun for example_workday_timetable to 2021-01-04 00:00:00+00:00, run_after=2021-01-05 00:00:00+00:00
[2025-02-01T12:07:02.131+0000] {processor.py:208} INFO - Processing /home/airflow/.local/lib/python3.9/site-packages/airflow/example_dags/example_workday_timetable.py took 0.615 seconds
[2025-02-01T12:07:32.298+0000] {processor.py:186} INFO - Started process (PID=1197) to work on /home/airflow/.local/lib/python3.9/site-packages/airflow/example_dags/example_workday_timetable.py
[2025-02-01T12:07:32.299+0000] {processor.py:914} INFO - Processing file /home/airflow/.local/lib/python3.9/site-packages/airflow/example_dags/example_workday_timetable.py for tasks to queue
[2025-02-01T12:07:32.302+0000] {logging_mixin.py:190} INFO - [2025-02-01T12:07:32.302+0000] {dagbag.py:588} INFO - Filling up the DagBag from /home/airflow/.local/lib/python3.9/site-packages/airflow/example_dags/example_workday_timetable.py
[2025-02-01T12:07:32.309+0000] {processor.py:925} INFO - DAG(s) 'example_workday_timetable' retrieved from /home/airflow/.local/lib/python3.9/site-packages/airflow/example_dags/example_workday_timetable.py
[2025-02-01T12:07:32.327+0000] {logging_mixin.py:190} INFO - [2025-02-01T12:07:32.326+0000] {dag.py:3239} INFO - Sync 1 DAGs
[2025-02-01T12:07:32.496+0000] {logging_mixin.py:190} INFO - [2025-02-01T12:07:32.495+0000] {dag.py:4180} INFO - Setting next_dagrun for example_workday_timetable to 2021-01-04 00:00:00+00:00, run_after=2021-01-05 00:00:00+00:00
[2025-02-01T12:07:32.515+0000] {processor.py:208} INFO - Processing /home/airflow/.local/lib/python3.9/site-packages/airflow/example_dags/example_workday_timetable.py took 0.224 seconds
[2025-02-01T12:08:02.554+0000] {processor.py:186} INFO - Started process (PID=1262) to work on /home/airflow/.local/lib/python3.9/site-packages/airflow/example_dags/example_workday_timetable.py
[2025-02-01T12:08:02.555+0000] {processor.py:914} INFO - Processing file /home/airflow/.local/lib/python3.9/site-packages/airflow/example_dags/example_workday_timetable.py for tasks to queue
[2025-02-01T12:08:02.557+0000] {logging_mixin.py:190} INFO - [2025-02-01T12:08:02.557+0000] {dagbag.py:588} INFO - Filling up the DagBag from /home/airflow/.local/lib/python3.9/site-packages/airflow/example_dags/example_workday_timetable.py
[2025-02-01T12:08:02.563+0000] {processor.py:925} INFO - DAG(s) 'example_workday_timetable' retrieved from /home/airflow/.local/lib/python3.9/site-packages/airflow/example_dags/example_workday_timetable.py
[2025-02-01T12:08:02.582+0000] {logging_mixin.py:190} INFO - [2025-02-01T12:08:02.582+0000] {dag.py:3239} INFO - Sync 1 DAGs
[2025-02-01T12:08:02.664+0000] {logging_mixin.py:190} INFO - [2025-02-01T12:08:02.664+0000] {dag.py:4180} INFO - Setting next_dagrun for example_workday_timetable to 2021-01-04 00:00:00+00:00, run_after=2021-01-05 00:00:00+00:00
[2025-02-01T12:08:02.705+0000] {processor.py:208} INFO - Processing /home/airflow/.local/lib/python3.9/site-packages/airflow/example_dags/example_workday_timetable.py took 0.158 seconds
[2025-02-01T12:08:32.928+0000] {processor.py:186} INFO - Started process (PID=1324) to work on /home/airflow/.local/lib/python3.9/site-packages/airflow/example_dags/example_workday_timetable.py
[2025-02-01T12:08:32.929+0000] {processor.py:914} INFO - Processing file /home/airflow/.local/lib/python3.9/site-packages/airflow/example_dags/example_workday_timetable.py for tasks to queue
[2025-02-01T12:08:32.932+0000] {logging_mixin.py:190} INFO - [2025-02-01T12:08:32.931+0000] {dagbag.py:588} INFO - Filling up the DagBag from /home/airflow/.local/lib/python3.9/site-packages/airflow/example_dags/example_workday_timetable.py
[2025-02-01T12:08:32.937+0000] {processor.py:925} INFO - DAG(s) 'example_workday_timetable' retrieved from /home/airflow/.local/lib/python3.9/site-packages/airflow/example_dags/example_workday_timetable.py
[2025-02-01T12:08:32.955+0000] {logging_mixin.py:190} INFO - [2025-02-01T12:08:32.955+0000] {dag.py:3239} INFO - Sync 1 DAGs
[2025-02-01T12:08:33.027+0000] {logging_mixin.py:190} INFO - [2025-02-01T12:08:33.027+0000] {dag.py:4180} INFO - Setting next_dagrun for example_workday_timetable to 2021-01-04 00:00:00+00:00, run_after=2021-01-05 00:00:00+00:00
[2025-02-01T12:08:33.045+0000] {processor.py:208} INFO - Processing /home/airflow/.local/lib/python3.9/site-packages/airflow/example_dags/example_workday_timetable.py took 0.123 seconds
[2025-02-01T12:09:03.401+0000] {processor.py:186} INFO - Started process (PID=1387) to work on /home/airflow/.local/lib/python3.9/site-packages/airflow/example_dags/example_workday_timetable.py
[2025-02-01T12:09:03.402+0000] {processor.py:914} INFO - Processing file /home/airflow/.local/lib/python3.9/site-packages/airflow/example_dags/example_workday_timetable.py for tasks to queue
[2025-02-01T12:09:03.404+0000] {logging_mixin.py:190} INFO - [2025-02-01T12:09:03.404+0000] {dagbag.py:588} INFO - Filling up the DagBag from /home/airflow/.local/lib/python3.9/site-packages/airflow/example_dags/example_workday_timetable.py
[2025-02-01T12:09:03.410+0000] {processor.py:925} INFO - DAG(s) 'example_workday_timetable' retrieved from /home/airflow/.local/lib/python3.9/site-packages/airflow/example_dags/example_workday_timetable.py
[2025-02-01T12:09:03.429+0000] {logging_mixin.py:190} INFO - [2025-02-01T12:09:03.428+0000] {dag.py:3239} INFO - Sync 1 DAGs
[2025-02-01T12:09:03.503+0000] {logging_mixin.py:190} INFO - [2025-02-01T12:09:03.502+0000] {dag.py:4180} INFO - Setting next_dagrun for example_workday_timetable to 2021-01-04 00:00:00+00:00, run_after=2021-01-05 00:00:00+00:00
[2025-02-01T12:09:03.520+0000] {processor.py:208} INFO - Processing /home/airflow/.local/lib/python3.9/site-packages/airflow/example_dags/example_workday_timetable.py took 0.126 seconds
[2025-02-01T12:09:34.456+0000] {processor.py:186} INFO - Started process (PID=1450) to work on /home/airflow/.local/lib/python3.9/site-packages/airflow/example_dags/example_workday_timetable.py
[2025-02-01T12:09:34.459+0000] {processor.py:914} INFO - Processing file /home/airflow/.local/lib/python3.9/site-packages/airflow/example_dags/example_workday_timetable.py for tasks to queue
[2025-02-01T12:09:34.461+0000] {logging_mixin.py:190} INFO - [2025-02-01T12:09:34.461+0000] {dagbag.py:588} INFO - Filling up the DagBag from /home/airflow/.local/lib/python3.9/site-packages/airflow/example_dags/example_workday_timetable.py
[2025-02-01T12:09:34.467+0000] {processor.py:925} INFO - DAG(s) 'example_workday_timetable' retrieved from /home/airflow/.local/lib/python3.9/site-packages/airflow/example_dags/example_workday_timetable.py
[2025-02-01T12:09:34.487+0000] {logging_mixin.py:190} INFO - [2025-02-01T12:09:34.486+0000] {dag.py:3239} INFO - Sync 1 DAGs
[2025-02-01T12:09:34.663+0000] {logging_mixin.py:190} INFO - [2025-02-01T12:09:34.663+0000] {dag.py:4180} INFO - Setting next_dagrun for example_workday_timetable to 2021-01-04 00:00:00+00:00, run_after=2021-01-05 00:00:00+00:00
[2025-02-01T12:09:34.681+0000] {processor.py:208} INFO - Processing /home/airflow/.local/lib/python3.9/site-packages/airflow/example_dags/example_workday_timetable.py took 0.231 seconds
