[2025-02-01T11:58:14.941+0000] {processor.py:186} INFO - Started process (PID=64) to work on /home/airflow/.local/lib/python3.9/site-packages/airflow/example_dags/example_branch_python_dop_operator_3.py
[2025-02-01T11:58:14.946+0000] {processor.py:914} INFO - Processing file /home/airflow/.local/lib/python3.9/site-packages/airflow/example_dags/example_branch_python_dop_operator_3.py for tasks to queue
[2025-02-01T11:58:14.950+0000] {logging_mixin.py:190} INFO - [2025-02-01T11:58:14.950+0000] {dagbag.py:588} INFO - Filling up the DagBag from /home/airflow/.local/lib/python3.9/site-packages/airflow/example_dags/example_branch_python_dop_operator_3.py
[2025-02-01T11:58:14.987+0000] {processor.py:925} INFO - DAG(s) 'example_branch_dop_operator_v3' retrieved from /home/airflow/.local/lib/python3.9/site-packages/airflow/example_dags/example_branch_python_dop_operator_3.py
[2025-02-01T11:58:15.996+0000] {logging_mixin.py:190} INFO - [2025-02-01T11:58:15.995+0000] {override.py:1911} INFO - Created Permission View: can edit on DAG:example_branch_dop_operator_v3
[2025-02-01T11:58:16.012+0000] {logging_mixin.py:190} INFO - [2025-02-01T11:58:16.011+0000] {override.py:1911} INFO - Created Permission View: can delete on DAG:example_branch_dop_operator_v3
[2025-02-01T11:58:16.022+0000] {logging_mixin.py:190} INFO - [2025-02-01T11:58:16.021+0000] {override.py:1911} INFO - Created Permission View: can read on DAG:example_branch_dop_operator_v3
[2025-02-01T11:58:16.032+0000] {logging_mixin.py:190} INFO - [2025-02-01T11:58:16.032+0000] {override.py:1911} INFO - Created Permission View: can create on DAG Run:example_branch_dop_operator_v3
[2025-02-01T11:58:16.043+0000] {logging_mixin.py:190} INFO - [2025-02-01T11:58:16.043+0000] {override.py:1911} INFO - Created Permission View: can delete on DAG Run:example_branch_dop_operator_v3
[2025-02-01T11:58:16.061+0000] {logging_mixin.py:190} INFO - [2025-02-01T11:58:16.061+0000] {override.py:1911} INFO - Created Permission View: can read on DAG Run:example_branch_dop_operator_v3
[2025-02-01T11:58:16.068+0000] {logging_mixin.py:190} INFO - [2025-02-01T11:58:16.067+0000] {override.py:1911} INFO - Created Permission View: menu access on DAG Run:example_branch_dop_operator_v3
[2025-02-01T11:58:16.068+0000] {logging_mixin.py:190} INFO - [2025-02-01T11:58:16.068+0000] {dag.py:3239} INFO - Sync 1 DAGs
[2025-02-01T11:58:16.095+0000] {logging_mixin.py:190} INFO - [2025-02-01T11:58:16.095+0000] {dag.py:3262} INFO - Creating ORM DAG for example_branch_dop_operator_v3
[2025-02-01T11:58:16.134+0000] {logging_mixin.py:190} INFO - [2025-02-01T11:58:16.134+0000] {dag.py:4180} INFO - Setting next_dagrun for example_branch_dop_operator_v3 to 2025-02-01 11:57:00+00:00, run_after=2025-02-01 11:58:00+00:00
[2025-02-01T11:58:16.172+0000] {processor.py:208} INFO - Processing /home/airflow/.local/lib/python3.9/site-packages/airflow/example_dags/example_branch_python_dop_operator_3.py took 1.248 seconds
[2025-02-01T11:58:47.076+0000] {processor.py:186} INFO - Started process (PID=126) to work on /home/airflow/.local/lib/python3.9/site-packages/airflow/example_dags/example_branch_python_dop_operator_3.py
[2025-02-01T11:58:47.077+0000] {processor.py:914} INFO - Processing file /home/airflow/.local/lib/python3.9/site-packages/airflow/example_dags/example_branch_python_dop_operator_3.py for tasks to queue
[2025-02-01T11:58:47.080+0000] {logging_mixin.py:190} INFO - [2025-02-01T11:58:47.080+0000] {dagbag.py:588} INFO - Filling up the DagBag from /home/airflow/.local/lib/python3.9/site-packages/airflow/example_dags/example_branch_python_dop_operator_3.py
[2025-02-01T11:58:47.101+0000] {processor.py:925} INFO - DAG(s) 'example_branch_dop_operator_v3' retrieved from /home/airflow/.local/lib/python3.9/site-packages/airflow/example_dags/example_branch_python_dop_operator_3.py
[2025-02-01T11:58:47.117+0000] {logging_mixin.py:190} INFO - [2025-02-01T11:58:47.117+0000] {dag.py:3239} INFO - Sync 1 DAGs
[2025-02-01T11:58:47.137+0000] {logging_mixin.py:190} INFO - [2025-02-01T11:58:47.137+0000] {dag.py:4180} INFO - Setting next_dagrun for example_branch_dop_operator_v3 to 2025-02-01 11:57:00+00:00, run_after=2025-02-01 11:58:00+00:00
[2025-02-01T11:58:47.149+0000] {processor.py:208} INFO - Processing /home/airflow/.local/lib/python3.9/site-packages/airflow/example_dags/example_branch_python_dop_operator_3.py took 0.080 seconds
[2025-02-01T11:59:17.439+0000] {processor.py:186} INFO - Started process (PID=189) to work on /home/airflow/.local/lib/python3.9/site-packages/airflow/example_dags/example_branch_python_dop_operator_3.py
[2025-02-01T11:59:17.439+0000] {processor.py:914} INFO - Processing file /home/airflow/.local/lib/python3.9/site-packages/airflow/example_dags/example_branch_python_dop_operator_3.py for tasks to queue
[2025-02-01T11:59:17.442+0000] {logging_mixin.py:190} INFO - [2025-02-01T11:59:17.442+0000] {dagbag.py:588} INFO - Filling up the DagBag from /home/airflow/.local/lib/python3.9/site-packages/airflow/example_dags/example_branch_python_dop_operator_3.py
[2025-02-01T11:59:17.459+0000] {processor.py:925} INFO - DAG(s) 'example_branch_dop_operator_v3' retrieved from /home/airflow/.local/lib/python3.9/site-packages/airflow/example_dags/example_branch_python_dop_operator_3.py
[2025-02-01T11:59:17.498+0000] {logging_mixin.py:190} INFO - [2025-02-01T11:59:17.497+0000] {dag.py:3239} INFO - Sync 1 DAGs
[2025-02-01T11:59:17.527+0000] {logging_mixin.py:190} INFO - [2025-02-01T11:59:17.527+0000] {dag.py:4180} INFO - Setting next_dagrun for example_branch_dop_operator_v3 to 2025-02-01 11:58:00+00:00, run_after=2025-02-01 11:59:00+00:00
[2025-02-01T11:59:17.544+0000] {processor.py:208} INFO - Processing /home/airflow/.local/lib/python3.9/site-packages/airflow/example_dags/example_branch_python_dop_operator_3.py took 0.111 seconds
[2025-02-01T11:59:48.225+0000] {processor.py:186} INFO - Started process (PID=253) to work on /home/airflow/.local/lib/python3.9/site-packages/airflow/example_dags/example_branch_python_dop_operator_3.py
[2025-02-01T11:59:48.226+0000] {processor.py:914} INFO - Processing file /home/airflow/.local/lib/python3.9/site-packages/airflow/example_dags/example_branch_python_dop_operator_3.py for tasks to queue
[2025-02-01T11:59:48.229+0000] {logging_mixin.py:190} INFO - [2025-02-01T11:59:48.228+0000] {dagbag.py:588} INFO - Filling up the DagBag from /home/airflow/.local/lib/python3.9/site-packages/airflow/example_dags/example_branch_python_dop_operator_3.py
[2025-02-01T11:59:48.237+0000] {processor.py:925} INFO - DAG(s) 'example_branch_dop_operator_v3' retrieved from /home/airflow/.local/lib/python3.9/site-packages/airflow/example_dags/example_branch_python_dop_operator_3.py
[2025-02-01T11:59:48.252+0000] {logging_mixin.py:190} INFO - [2025-02-01T11:59:48.252+0000] {dag.py:3239} INFO - Sync 1 DAGs
[2025-02-01T11:59:48.272+0000] {logging_mixin.py:190} INFO - [2025-02-01T11:59:48.272+0000] {dag.py:4180} INFO - Setting next_dagrun for example_branch_dop_operator_v3 to 2025-02-01 11:58:00+00:00, run_after=2025-02-01 11:59:00+00:00
[2025-02-01T11:59:48.285+0000] {processor.py:208} INFO - Processing /home/airflow/.local/lib/python3.9/site-packages/airflow/example_dags/example_branch_python_dop_operator_3.py took 0.066 seconds
[2025-02-01T12:00:19.249+0000] {processor.py:186} INFO - Started process (PID=316) to work on /home/airflow/.local/lib/python3.9/site-packages/airflow/example_dags/example_branch_python_dop_operator_3.py
[2025-02-01T12:00:19.250+0000] {processor.py:914} INFO - Processing file /home/airflow/.local/lib/python3.9/site-packages/airflow/example_dags/example_branch_python_dop_operator_3.py for tasks to queue
[2025-02-01T12:00:19.252+0000] {logging_mixin.py:190} INFO - [2025-02-01T12:00:19.252+0000] {dagbag.py:588} INFO - Filling up the DagBag from /home/airflow/.local/lib/python3.9/site-packages/airflow/example_dags/example_branch_python_dop_operator_3.py
[2025-02-01T12:00:19.263+0000] {processor.py:925} INFO - DAG(s) 'example_branch_dop_operator_v3' retrieved from /home/airflow/.local/lib/python3.9/site-packages/airflow/example_dags/example_branch_python_dop_operator_3.py
[2025-02-01T12:00:19.283+0000] {logging_mixin.py:190} INFO - [2025-02-01T12:00:19.283+0000] {dag.py:3239} INFO - Sync 1 DAGs
[2025-02-01T12:00:19.314+0000] {logging_mixin.py:190} INFO - [2025-02-01T12:00:19.314+0000] {dag.py:4180} INFO - Setting next_dagrun for example_branch_dop_operator_v3 to 2025-02-01 11:59:00+00:00, run_after=2025-02-01 12:00:00+00:00
[2025-02-01T12:00:19.331+0000] {processor.py:208} INFO - Processing /home/airflow/.local/lib/python3.9/site-packages/airflow/example_dags/example_branch_python_dop_operator_3.py took 0.087 seconds
[2025-02-01T12:00:49.813+0000] {processor.py:186} INFO - Started process (PID=364) to work on /home/airflow/.local/lib/python3.9/site-packages/airflow/example_dags/example_branch_python_dop_operator_3.py
[2025-02-01T12:00:49.815+0000] {processor.py:914} INFO - Processing file /home/airflow/.local/lib/python3.9/site-packages/airflow/example_dags/example_branch_python_dop_operator_3.py for tasks to queue
[2025-02-01T12:00:49.824+0000] {logging_mixin.py:190} INFO - [2025-02-01T12:00:49.817+0000] {dagbag.py:588} INFO - Filling up the DagBag from /home/airflow/.local/lib/python3.9/site-packages/airflow/example_dags/example_branch_python_dop_operator_3.py
[2025-02-01T12:00:49.840+0000] {processor.py:925} INFO - DAG(s) 'example_branch_dop_operator_v3' retrieved from /home/airflow/.local/lib/python3.9/site-packages/airflow/example_dags/example_branch_python_dop_operator_3.py
[2025-02-01T12:00:49.970+0000] {logging_mixin.py:190} INFO - [2025-02-01T12:00:49.970+0000] {dag.py:3239} INFO - Sync 1 DAGs
[2025-02-01T12:00:50.110+0000] {logging_mixin.py:190} INFO - [2025-02-01T12:00:50.109+0000] {dag.py:4180} INFO - Setting next_dagrun for example_branch_dop_operator_v3 to 2025-02-01 11:59:00+00:00, run_after=2025-02-01 12:00:00+00:00
[2025-02-01T12:00:50.153+0000] {processor.py:208} INFO - Processing /home/airflow/.local/lib/python3.9/site-packages/airflow/example_dags/example_branch_python_dop_operator_3.py took 0.357 seconds
[2025-02-01T12:01:20.703+0000] {processor.py:186} INFO - Started process (PID=423) to work on /home/airflow/.local/lib/python3.9/site-packages/airflow/example_dags/example_branch_python_dop_operator_3.py
[2025-02-01T12:01:20.704+0000] {processor.py:914} INFO - Processing file /home/airflow/.local/lib/python3.9/site-packages/airflow/example_dags/example_branch_python_dop_operator_3.py for tasks to queue
[2025-02-01T12:01:20.706+0000] {logging_mixin.py:190} INFO - [2025-02-01T12:01:20.705+0000] {dagbag.py:588} INFO - Filling up the DagBag from /home/airflow/.local/lib/python3.9/site-packages/airflow/example_dags/example_branch_python_dop_operator_3.py
[2025-02-01T12:01:20.714+0000] {processor.py:925} INFO - DAG(s) 'example_branch_dop_operator_v3' retrieved from /home/airflow/.local/lib/python3.9/site-packages/airflow/example_dags/example_branch_python_dop_operator_3.py
[2025-02-01T12:01:20.729+0000] {logging_mixin.py:190} INFO - [2025-02-01T12:01:20.728+0000] {dag.py:3239} INFO - Sync 1 DAGs
[2025-02-01T12:01:20.749+0000] {logging_mixin.py:190} INFO - [2025-02-01T12:01:20.749+0000] {dag.py:4180} INFO - Setting next_dagrun for example_branch_dop_operator_v3 to 2025-02-01 12:00:00+00:00, run_after=2025-02-01 12:01:00+00:00
[2025-02-01T12:01:20.761+0000] {processor.py:208} INFO - Processing /home/airflow/.local/lib/python3.9/site-packages/airflow/example_dags/example_branch_python_dop_operator_3.py took 0.064 seconds
[2025-02-01T12:01:51.802+0000] {processor.py:186} INFO - Started process (PID=486) to work on /home/airflow/.local/lib/python3.9/site-packages/airflow/example_dags/example_branch_python_dop_operator_3.py
[2025-02-01T12:01:51.803+0000] {processor.py:914} INFO - Processing file /home/airflow/.local/lib/python3.9/site-packages/airflow/example_dags/example_branch_python_dop_operator_3.py for tasks to queue
[2025-02-01T12:01:51.805+0000] {logging_mixin.py:190} INFO - [2025-02-01T12:01:51.805+0000] {dagbag.py:588} INFO - Filling up the DagBag from /home/airflow/.local/lib/python3.9/site-packages/airflow/example_dags/example_branch_python_dop_operator_3.py
[2025-02-01T12:01:51.817+0000] {processor.py:925} INFO - DAG(s) 'example_branch_dop_operator_v3' retrieved from /home/airflow/.local/lib/python3.9/site-packages/airflow/example_dags/example_branch_python_dop_operator_3.py
[2025-02-01T12:01:51.837+0000] {logging_mixin.py:190} INFO - [2025-02-01T12:01:51.837+0000] {dag.py:3239} INFO - Sync 1 DAGs
[2025-02-01T12:01:51.868+0000] {logging_mixin.py:190} INFO - [2025-02-01T12:01:51.868+0000] {dag.py:4180} INFO - Setting next_dagrun for example_branch_dop_operator_v3 to 2025-02-01 12:00:00+00:00, run_after=2025-02-01 12:01:00+00:00
[2025-02-01T12:01:51.886+0000] {processor.py:208} INFO - Processing /home/airflow/.local/lib/python3.9/site-packages/airflow/example_dags/example_branch_python_dop_operator_3.py took 0.090 seconds
[2025-02-01T12:02:22.207+0000] {processor.py:186} INFO - Started process (PID=547) to work on /home/airflow/.local/lib/python3.9/site-packages/airflow/example_dags/example_branch_python_dop_operator_3.py
[2025-02-01T12:02:22.208+0000] {processor.py:914} INFO - Processing file /home/airflow/.local/lib/python3.9/site-packages/airflow/example_dags/example_branch_python_dop_operator_3.py for tasks to queue
[2025-02-01T12:02:22.210+0000] {logging_mixin.py:190} INFO - [2025-02-01T12:02:22.210+0000] {dagbag.py:588} INFO - Filling up the DagBag from /home/airflow/.local/lib/python3.9/site-packages/airflow/example_dags/example_branch_python_dop_operator_3.py
[2025-02-01T12:02:22.223+0000] {processor.py:925} INFO - DAG(s) 'example_branch_dop_operator_v3' retrieved from /home/airflow/.local/lib/python3.9/site-packages/airflow/example_dags/example_branch_python_dop_operator_3.py
[2025-02-01T12:02:22.247+0000] {logging_mixin.py:190} INFO - [2025-02-01T12:02:22.247+0000] {dag.py:3239} INFO - Sync 1 DAGs
[2025-02-01T12:02:22.297+0000] {logging_mixin.py:190} INFO - [2025-02-01T12:02:22.297+0000] {dag.py:4180} INFO - Setting next_dagrun for example_branch_dop_operator_v3 to 2025-02-01 12:01:00+00:00, run_after=2025-02-01 12:02:00+00:00
[2025-02-01T12:02:22.315+0000] {processor.py:208} INFO - Processing /home/airflow/.local/lib/python3.9/site-packages/airflow/example_dags/example_branch_python_dop_operator_3.py took 0.114 seconds
[2025-02-01T12:02:52.792+0000] {processor.py:186} INFO - Started process (PID=609) to work on /home/airflow/.local/lib/python3.9/site-packages/airflow/example_dags/example_branch_python_dop_operator_3.py
[2025-02-01T12:02:52.793+0000] {processor.py:914} INFO - Processing file /home/airflow/.local/lib/python3.9/site-packages/airflow/example_dags/example_branch_python_dop_operator_3.py for tasks to queue
[2025-02-01T12:02:52.795+0000] {logging_mixin.py:190} INFO - [2025-02-01T12:02:52.795+0000] {dagbag.py:588} INFO - Filling up the DagBag from /home/airflow/.local/lib/python3.9/site-packages/airflow/example_dags/example_branch_python_dop_operator_3.py
[2025-02-01T12:02:52.810+0000] {processor.py:925} INFO - DAG(s) 'example_branch_dop_operator_v3' retrieved from /home/airflow/.local/lib/python3.9/site-packages/airflow/example_dags/example_branch_python_dop_operator_3.py
[2025-02-01T12:02:52.831+0000] {logging_mixin.py:190} INFO - [2025-02-01T12:02:52.831+0000] {dag.py:3239} INFO - Sync 1 DAGs
[2025-02-01T12:02:52.858+0000] {logging_mixin.py:190} INFO - [2025-02-01T12:02:52.857+0000] {dag.py:4180} INFO - Setting next_dagrun for example_branch_dop_operator_v3 to 2025-02-01 12:01:00+00:00, run_after=2025-02-01 12:02:00+00:00
[2025-02-01T12:02:52.870+0000] {processor.py:208} INFO - Processing /home/airflow/.local/lib/python3.9/site-packages/airflow/example_dags/example_branch_python_dop_operator_3.py took 0.084 seconds
[2025-02-01T12:03:23.376+0000] {processor.py:186} INFO - Started process (PID=671) to work on /home/airflow/.local/lib/python3.9/site-packages/airflow/example_dags/example_branch_python_dop_operator_3.py
[2025-02-01T12:03:23.381+0000] {processor.py:914} INFO - Processing file /home/airflow/.local/lib/python3.9/site-packages/airflow/example_dags/example_branch_python_dop_operator_3.py for tasks to queue
[2025-02-01T12:03:23.388+0000] {logging_mixin.py:190} INFO - [2025-02-01T12:03:23.387+0000] {dagbag.py:588} INFO - Filling up the DagBag from /home/airflow/.local/lib/python3.9/site-packages/airflow/example_dags/example_branch_python_dop_operator_3.py
[2025-02-01T12:03:23.401+0000] {processor.py:925} INFO - DAG(s) 'example_branch_dop_operator_v3' retrieved from /home/airflow/.local/lib/python3.9/site-packages/airflow/example_dags/example_branch_python_dop_operator_3.py
[2025-02-01T12:03:23.420+0000] {logging_mixin.py:190} INFO - [2025-02-01T12:03:23.419+0000] {dag.py:3239} INFO - Sync 1 DAGs
[2025-02-01T12:03:23.452+0000] {logging_mixin.py:190} INFO - [2025-02-01T12:03:23.451+0000] {dag.py:4180} INFO - Setting next_dagrun for example_branch_dop_operator_v3 to 2025-02-01 12:02:00+00:00, run_after=2025-02-01 12:03:00+00:00
[2025-02-01T12:03:23.469+0000] {processor.py:208} INFO - Processing /home/airflow/.local/lib/python3.9/site-packages/airflow/example_dags/example_branch_python_dop_operator_3.py took 0.100 seconds
[2025-02-01T12:03:54.414+0000] {processor.py:186} INFO - Started process (PID=740) to work on /home/airflow/.local/lib/python3.9/site-packages/airflow/example_dags/example_branch_python_dop_operator_3.py
[2025-02-01T12:03:54.415+0000] {processor.py:914} INFO - Processing file /home/airflow/.local/lib/python3.9/site-packages/airflow/example_dags/example_branch_python_dop_operator_3.py for tasks to queue
[2025-02-01T12:03:54.416+0000] {logging_mixin.py:190} INFO - [2025-02-01T12:03:54.416+0000] {dagbag.py:588} INFO - Filling up the DagBag from /home/airflow/.local/lib/python3.9/site-packages/airflow/example_dags/example_branch_python_dop_operator_3.py
[2025-02-01T12:03:54.425+0000] {processor.py:925} INFO - DAG(s) 'example_branch_dop_operator_v3' retrieved from /home/airflow/.local/lib/python3.9/site-packages/airflow/example_dags/example_branch_python_dop_operator_3.py
[2025-02-01T12:03:54.444+0000] {logging_mixin.py:190} INFO - [2025-02-01T12:03:54.444+0000] {dag.py:3239} INFO - Sync 1 DAGs
[2025-02-01T12:03:54.465+0000] {logging_mixin.py:190} INFO - [2025-02-01T12:03:54.465+0000] {dag.py:4180} INFO - Setting next_dagrun for example_branch_dop_operator_v3 to 2025-02-01 12:02:00+00:00, run_after=2025-02-01 12:03:00+00:00
[2025-02-01T12:03:54.478+0000] {processor.py:208} INFO - Processing /home/airflow/.local/lib/python3.9/site-packages/airflow/example_dags/example_branch_python_dop_operator_3.py took 0.069 seconds
[2025-02-01T12:04:24.932+0000] {processor.py:186} INFO - Started process (PID=804) to work on /home/airflow/.local/lib/python3.9/site-packages/airflow/example_dags/example_branch_python_dop_operator_3.py
[2025-02-01T12:04:24.933+0000] {processor.py:914} INFO - Processing file /home/airflow/.local/lib/python3.9/site-packages/airflow/example_dags/example_branch_python_dop_operator_3.py for tasks to queue
[2025-02-01T12:04:24.935+0000] {logging_mixin.py:190} INFO - [2025-02-01T12:04:24.935+0000] {dagbag.py:588} INFO - Filling up the DagBag from /home/airflow/.local/lib/python3.9/site-packages/airflow/example_dags/example_branch_python_dop_operator_3.py
[2025-02-01T12:04:24.947+0000] {processor.py:925} INFO - DAG(s) 'example_branch_dop_operator_v3' retrieved from /home/airflow/.local/lib/python3.9/site-packages/airflow/example_dags/example_branch_python_dop_operator_3.py
[2025-02-01T12:04:24.987+0000] {logging_mixin.py:190} INFO - [2025-02-01T12:04:24.986+0000] {dag.py:3239} INFO - Sync 1 DAGs
[2025-02-01T12:04:25.025+0000] {logging_mixin.py:190} INFO - [2025-02-01T12:04:25.024+0000] {dag.py:4180} INFO - Setting next_dagrun for example_branch_dop_operator_v3 to 2025-02-01 12:03:00+00:00, run_after=2025-02-01 12:04:00+00:00
[2025-02-01T12:04:25.045+0000] {processor.py:208} INFO - Processing /home/airflow/.local/lib/python3.9/site-packages/airflow/example_dags/example_branch_python_dop_operator_3.py took 0.121 seconds
[2025-02-01T12:04:55.753+0000] {processor.py:186} INFO - Started process (PID=866) to work on /home/airflow/.local/lib/python3.9/site-packages/airflow/example_dags/example_branch_python_dop_operator_3.py
[2025-02-01T12:04:55.754+0000] {processor.py:914} INFO - Processing file /home/airflow/.local/lib/python3.9/site-packages/airflow/example_dags/example_branch_python_dop_operator_3.py for tasks to queue
[2025-02-01T12:04:55.756+0000] {logging_mixin.py:190} INFO - [2025-02-01T12:04:55.756+0000] {dagbag.py:588} INFO - Filling up the DagBag from /home/airflow/.local/lib/python3.9/site-packages/airflow/example_dags/example_branch_python_dop_operator_3.py
[2025-02-01T12:04:55.767+0000] {processor.py:925} INFO - DAG(s) 'example_branch_dop_operator_v3' retrieved from /home/airflow/.local/lib/python3.9/site-packages/airflow/example_dags/example_branch_python_dop_operator_3.py
[2025-02-01T12:04:55.788+0000] {logging_mixin.py:190} INFO - [2025-02-01T12:04:55.788+0000] {dag.py:3239} INFO - Sync 1 DAGs
[2025-02-01T12:04:55.820+0000] {logging_mixin.py:190} INFO - [2025-02-01T12:04:55.820+0000] {dag.py:4180} INFO - Setting next_dagrun for example_branch_dop_operator_v3 to 2025-02-01 12:03:00+00:00, run_after=2025-02-01 12:04:00+00:00
[2025-02-01T12:04:55.838+0000] {processor.py:208} INFO - Processing /home/airflow/.local/lib/python3.9/site-packages/airflow/example_dags/example_branch_python_dop_operator_3.py took 0.092 seconds
[2025-02-01T12:05:26.375+0000] {processor.py:186} INFO - Started process (PID=928) to work on /home/airflow/.local/lib/python3.9/site-packages/airflow/example_dags/example_branch_python_dop_operator_3.py
[2025-02-01T12:05:26.376+0000] {processor.py:914} INFO - Processing file /home/airflow/.local/lib/python3.9/site-packages/airflow/example_dags/example_branch_python_dop_operator_3.py for tasks to queue
[2025-02-01T12:05:26.378+0000] {logging_mixin.py:190} INFO - [2025-02-01T12:05:26.378+0000] {dagbag.py:588} INFO - Filling up the DagBag from /home/airflow/.local/lib/python3.9/site-packages/airflow/example_dags/example_branch_python_dop_operator_3.py
[2025-02-01T12:05:26.390+0000] {processor.py:925} INFO - DAG(s) 'example_branch_dop_operator_v3' retrieved from /home/airflow/.local/lib/python3.9/site-packages/airflow/example_dags/example_branch_python_dop_operator_3.py
[2025-02-01T12:05:26.410+0000] {logging_mixin.py:190} INFO - [2025-02-01T12:05:26.410+0000] {dag.py:3239} INFO - Sync 1 DAGs
[2025-02-01T12:05:26.440+0000] {logging_mixin.py:190} INFO - [2025-02-01T12:05:26.440+0000] {dag.py:4180} INFO - Setting next_dagrun for example_branch_dop_operator_v3 to 2025-02-01 12:04:00+00:00, run_after=2025-02-01 12:05:00+00:00
[2025-02-01T12:05:26.462+0000] {processor.py:208} INFO - Processing /home/airflow/.local/lib/python3.9/site-packages/airflow/example_dags/example_branch_python_dop_operator_3.py took 0.094 seconds
[2025-02-01T12:05:56.760+0000] {processor.py:186} INFO - Started process (PID=991) to work on /home/airflow/.local/lib/python3.9/site-packages/airflow/example_dags/example_branch_python_dop_operator_3.py
[2025-02-01T12:05:56.761+0000] {processor.py:914} INFO - Processing file /home/airflow/.local/lib/python3.9/site-packages/airflow/example_dags/example_branch_python_dop_operator_3.py for tasks to queue
[2025-02-01T12:05:56.764+0000] {logging_mixin.py:190} INFO - [2025-02-01T12:05:56.764+0000] {dagbag.py:588} INFO - Filling up the DagBag from /home/airflow/.local/lib/python3.9/site-packages/airflow/example_dags/example_branch_python_dop_operator_3.py
[2025-02-01T12:05:56.777+0000] {processor.py:925} INFO - DAG(s) 'example_branch_dop_operator_v3' retrieved from /home/airflow/.local/lib/python3.9/site-packages/airflow/example_dags/example_branch_python_dop_operator_3.py
[2025-02-01T12:05:56.806+0000] {logging_mixin.py:190} INFO - [2025-02-01T12:05:56.806+0000] {dag.py:3239} INFO - Sync 1 DAGs
[2025-02-01T12:05:56.842+0000] {logging_mixin.py:190} INFO - [2025-02-01T12:05:56.842+0000] {dag.py:4180} INFO - Setting next_dagrun for example_branch_dop_operator_v3 to 2025-02-01 12:04:00+00:00, run_after=2025-02-01 12:05:00+00:00
[2025-02-01T12:05:56.863+0000] {processor.py:208} INFO - Processing /home/airflow/.local/lib/python3.9/site-packages/airflow/example_dags/example_branch_python_dop_operator_3.py took 0.110 seconds
[2025-02-01T12:06:27.136+0000] {processor.py:186} INFO - Started process (PID=1053) to work on /home/airflow/.local/lib/python3.9/site-packages/airflow/example_dags/example_branch_python_dop_operator_3.py
[2025-02-01T12:06:27.137+0000] {processor.py:914} INFO - Processing file /home/airflow/.local/lib/python3.9/site-packages/airflow/example_dags/example_branch_python_dop_operator_3.py for tasks to queue
[2025-02-01T12:06:27.138+0000] {logging_mixin.py:190} INFO - [2025-02-01T12:06:27.138+0000] {dagbag.py:588} INFO - Filling up the DagBag from /home/airflow/.local/lib/python3.9/site-packages/airflow/example_dags/example_branch_python_dop_operator_3.py
[2025-02-01T12:06:27.147+0000] {processor.py:925} INFO - DAG(s) 'example_branch_dop_operator_v3' retrieved from /home/airflow/.local/lib/python3.9/site-packages/airflow/example_dags/example_branch_python_dop_operator_3.py
[2025-02-01T12:06:27.162+0000] {logging_mixin.py:190} INFO - [2025-02-01T12:06:27.161+0000] {dag.py:3239} INFO - Sync 1 DAGs
[2025-02-01T12:06:27.181+0000] {logging_mixin.py:190} INFO - [2025-02-01T12:06:27.181+0000] {dag.py:4180} INFO - Setting next_dagrun for example_branch_dop_operator_v3 to 2025-02-01 12:05:00+00:00, run_after=2025-02-01 12:06:00+00:00
[2025-02-01T12:06:27.193+0000] {processor.py:208} INFO - Processing /home/airflow/.local/lib/python3.9/site-packages/airflow/example_dags/example_branch_python_dop_operator_3.py took 0.062 seconds
[2025-02-01T12:06:57.618+0000] {processor.py:186} INFO - Started process (PID=1116) to work on /home/airflow/.local/lib/python3.9/site-packages/airflow/example_dags/example_branch_python_dop_operator_3.py
[2025-02-01T12:06:57.619+0000] {processor.py:914} INFO - Processing file /home/airflow/.local/lib/python3.9/site-packages/airflow/example_dags/example_branch_python_dop_operator_3.py for tasks to queue
[2025-02-01T12:06:57.621+0000] {logging_mixin.py:190} INFO - [2025-02-01T12:06:57.621+0000] {dagbag.py:588} INFO - Filling up the DagBag from /home/airflow/.local/lib/python3.9/site-packages/airflow/example_dags/example_branch_python_dop_operator_3.py
[2025-02-01T12:06:57.633+0000] {processor.py:925} INFO - DAG(s) 'example_branch_dop_operator_v3' retrieved from /home/airflow/.local/lib/python3.9/site-packages/airflow/example_dags/example_branch_python_dop_operator_3.py
[2025-02-01T12:06:57.681+0000] {logging_mixin.py:190} INFO - [2025-02-01T12:06:57.681+0000] {dag.py:3239} INFO - Sync 1 DAGs
[2025-02-01T12:06:57.712+0000] {logging_mixin.py:190} INFO - [2025-02-01T12:06:57.712+0000] {dag.py:4180} INFO - Setting next_dagrun for example_branch_dop_operator_v3 to 2025-02-01 12:05:00+00:00, run_after=2025-02-01 12:06:00+00:00
[2025-02-01T12:06:57.767+0000] {processor.py:208} INFO - Processing /home/airflow/.local/lib/python3.9/site-packages/airflow/example_dags/example_branch_python_dop_operator_3.py took 0.156 seconds
[2025-02-01T12:07:27.911+0000] {processor.py:186} INFO - Started process (PID=1179) to work on /home/airflow/.local/lib/python3.9/site-packages/airflow/example_dags/example_branch_python_dop_operator_3.py
[2025-02-01T12:07:27.913+0000] {processor.py:914} INFO - Processing file /home/airflow/.local/lib/python3.9/site-packages/airflow/example_dags/example_branch_python_dop_operator_3.py for tasks to queue
[2025-02-01T12:07:27.915+0000] {logging_mixin.py:190} INFO - [2025-02-01T12:07:27.915+0000] {dagbag.py:588} INFO - Filling up the DagBag from /home/airflow/.local/lib/python3.9/site-packages/airflow/example_dags/example_branch_python_dop_operator_3.py
[2025-02-01T12:07:27.941+0000] {processor.py:925} INFO - DAG(s) 'example_branch_dop_operator_v3' retrieved from /home/airflow/.local/lib/python3.9/site-packages/airflow/example_dags/example_branch_python_dop_operator_3.py
[2025-02-01T12:07:27.956+0000] {logging_mixin.py:190} INFO - [2025-02-01T12:07:27.956+0000] {dag.py:3239} INFO - Sync 1 DAGs
[2025-02-01T12:07:27.977+0000] {logging_mixin.py:190} INFO - [2025-02-01T12:07:27.977+0000] {dag.py:4180} INFO - Setting next_dagrun for example_branch_dop_operator_v3 to 2025-02-01 12:06:00+00:00, run_after=2025-02-01 12:07:00+00:00
[2025-02-01T12:07:27.990+0000] {processor.py:208} INFO - Processing /home/airflow/.local/lib/python3.9/site-packages/airflow/example_dags/example_branch_python_dop_operator_3.py took 0.083 seconds
[2025-02-01T12:07:58.391+0000] {processor.py:186} INFO - Started process (PID=1243) to work on /home/airflow/.local/lib/python3.9/site-packages/airflow/example_dags/example_branch_python_dop_operator_3.py
[2025-02-01T12:07:58.391+0000] {processor.py:914} INFO - Processing file /home/airflow/.local/lib/python3.9/site-packages/airflow/example_dags/example_branch_python_dop_operator_3.py for tasks to queue
[2025-02-01T12:07:58.393+0000] {logging_mixin.py:190} INFO - [2025-02-01T12:07:58.393+0000] {dagbag.py:588} INFO - Filling up the DagBag from /home/airflow/.local/lib/python3.9/site-packages/airflow/example_dags/example_branch_python_dop_operator_3.py
[2025-02-01T12:07:58.401+0000] {processor.py:925} INFO - DAG(s) 'example_branch_dop_operator_v3' retrieved from /home/airflow/.local/lib/python3.9/site-packages/airflow/example_dags/example_branch_python_dop_operator_3.py
[2025-02-01T12:07:58.433+0000] {logging_mixin.py:190} INFO - [2025-02-01T12:07:58.433+0000] {dag.py:3239} INFO - Sync 1 DAGs
[2025-02-01T12:07:58.467+0000] {logging_mixin.py:190} INFO - [2025-02-01T12:07:58.467+0000] {dag.py:4180} INFO - Setting next_dagrun for example_branch_dop_operator_v3 to 2025-02-01 12:06:00+00:00, run_after=2025-02-01 12:07:00+00:00
[2025-02-01T12:07:58.481+0000] {processor.py:208} INFO - Processing /home/airflow/.local/lib/python3.9/site-packages/airflow/example_dags/example_branch_python_dop_operator_3.py took 0.095 seconds
[2025-02-01T12:08:28.833+0000] {processor.py:186} INFO - Started process (PID=1306) to work on /home/airflow/.local/lib/python3.9/site-packages/airflow/example_dags/example_branch_python_dop_operator_3.py
[2025-02-01T12:08:28.834+0000] {processor.py:914} INFO - Processing file /home/airflow/.local/lib/python3.9/site-packages/airflow/example_dags/example_branch_python_dop_operator_3.py for tasks to queue
[2025-02-01T12:08:28.836+0000] {logging_mixin.py:190} INFO - [2025-02-01T12:08:28.836+0000] {dagbag.py:588} INFO - Filling up the DagBag from /home/airflow/.local/lib/python3.9/site-packages/airflow/example_dags/example_branch_python_dop_operator_3.py
[2025-02-01T12:08:28.844+0000] {processor.py:925} INFO - DAG(s) 'example_branch_dop_operator_v3' retrieved from /home/airflow/.local/lib/python3.9/site-packages/airflow/example_dags/example_branch_python_dop_operator_3.py
[2025-02-01T12:08:28.859+0000] {logging_mixin.py:190} INFO - [2025-02-01T12:08:28.858+0000] {dag.py:3239} INFO - Sync 1 DAGs
[2025-02-01T12:08:28.878+0000] {logging_mixin.py:190} INFO - [2025-02-01T12:08:28.878+0000] {dag.py:4180} INFO - Setting next_dagrun for example_branch_dop_operator_v3 to 2025-02-01 12:07:00+00:00, run_after=2025-02-01 12:08:00+00:00
[2025-02-01T12:08:28.891+0000] {processor.py:208} INFO - Processing /home/airflow/.local/lib/python3.9/site-packages/airflow/example_dags/example_branch_python_dop_operator_3.py took 0.063 seconds
[2025-02-01T12:08:59.182+0000] {processor.py:186} INFO - Started process (PID=1369) to work on /home/airflow/.local/lib/python3.9/site-packages/airflow/example_dags/example_branch_python_dop_operator_3.py
[2025-02-01T12:08:59.182+0000] {processor.py:914} INFO - Processing file /home/airflow/.local/lib/python3.9/site-packages/airflow/example_dags/example_branch_python_dop_operator_3.py for tasks to queue
[2025-02-01T12:08:59.186+0000] {logging_mixin.py:190} INFO - [2025-02-01T12:08:59.186+0000] {dagbag.py:588} INFO - Filling up the DagBag from /home/airflow/.local/lib/python3.9/site-packages/airflow/example_dags/example_branch_python_dop_operator_3.py
[2025-02-01T12:08:59.198+0000] {processor.py:925} INFO - DAG(s) 'example_branch_dop_operator_v3' retrieved from /home/airflow/.local/lib/python3.9/site-packages/airflow/example_dags/example_branch_python_dop_operator_3.py
[2025-02-01T12:08:59.239+0000] {logging_mixin.py:190} INFO - [2025-02-01T12:08:59.239+0000] {dag.py:3239} INFO - Sync 1 DAGs
[2025-02-01T12:08:59.288+0000] {logging_mixin.py:190} INFO - [2025-02-01T12:08:59.288+0000] {dag.py:4180} INFO - Setting next_dagrun for example_branch_dop_operator_v3 to 2025-02-01 12:07:00+00:00, run_after=2025-02-01 12:08:00+00:00
[2025-02-01T12:08:59.339+0000] {processor.py:208} INFO - Processing /home/airflow/.local/lib/python3.9/site-packages/airflow/example_dags/example_branch_python_dop_operator_3.py took 0.164 seconds
[2025-02-01T12:09:29.691+0000] {processor.py:186} INFO - Started process (PID=1432) to work on /home/airflow/.local/lib/python3.9/site-packages/airflow/example_dags/example_branch_python_dop_operator_3.py
[2025-02-01T12:09:29.731+0000] {processor.py:914} INFO - Processing file /home/airflow/.local/lib/python3.9/site-packages/airflow/example_dags/example_branch_python_dop_operator_3.py for tasks to queue
[2025-02-01T12:09:29.733+0000] {logging_mixin.py:190} INFO - [2025-02-01T12:09:29.733+0000] {dagbag.py:588} INFO - Filling up the DagBag from /home/airflow/.local/lib/python3.9/site-packages/airflow/example_dags/example_branch_python_dop_operator_3.py
[2025-02-01T12:09:29.774+0000] {processor.py:925} INFO - DAG(s) 'example_branch_dop_operator_v3' retrieved from /home/airflow/.local/lib/python3.9/site-packages/airflow/example_dags/example_branch_python_dop_operator_3.py
[2025-02-01T12:09:29.824+0000] {logging_mixin.py:190} INFO - [2025-02-01T12:09:29.824+0000] {dag.py:3239} INFO - Sync 1 DAGs
[2025-02-01T12:09:29.942+0000] {logging_mixin.py:190} INFO - [2025-02-01T12:09:29.942+0000] {dag.py:4180} INFO - Setting next_dagrun for example_branch_dop_operator_v3 to 2025-02-01 12:08:00+00:00, run_after=2025-02-01 12:09:00+00:00
[2025-02-01T12:09:30.024+0000] {processor.py:208} INFO - Processing /home/airflow/.local/lib/python3.9/site-packages/airflow/example_dags/example_branch_python_dop_operator_3.py took 0.348 seconds
[2025-02-01T12:10:00.991+0000] {processor.py:186} INFO - Started process (PID=1495) to work on /home/airflow/.local/lib/python3.9/site-packages/airflow/example_dags/example_branch_python_dop_operator_3.py
[2025-02-01T12:10:01.006+0000] {processor.py:914} INFO - Processing file /home/airflow/.local/lib/python3.9/site-packages/airflow/example_dags/example_branch_python_dop_operator_3.py for tasks to queue
[2025-02-01T12:10:01.009+0000] {logging_mixin.py:190} INFO - [2025-02-01T12:10:01.008+0000] {dagbag.py:588} INFO - Filling up the DagBag from /home/airflow/.local/lib/python3.9/site-packages/airflow/example_dags/example_branch_python_dop_operator_3.py
