[2025-02-01T11:58:33.563+0000] {processor.py:186} INFO - Started process (PID=90) to work on /home/airflow/.local/lib/python3.9/site-packages/airflow/example_dags/example_latest_only_with_trigger.py
[2025-02-01T11:58:33.564+0000] {processor.py:914} INFO - Processing file /home/airflow/.local/lib/python3.9/site-packages/airflow/example_dags/example_latest_only_with_trigger.py for tasks to queue
[2025-02-01T11:58:33.566+0000] {logging_mixin.py:190} INFO - [2025-02-01T11:58:33.566+0000] {dagbag.py:588} INFO - Filling up the DagBag from /home/airflow/.local/lib/python3.9/site-packages/airflow/example_dags/example_latest_only_with_trigger.py
[2025-02-01T11:58:33.578+0000] {processor.py:925} INFO - DAG(s) 'latest_only_with_trigger' retrieved from /home/airflow/.local/lib/python3.9/site-packages/airflow/example_dags/example_latest_only_with_trigger.py
[2025-02-01T11:58:33.999+0000] {logging_mixin.py:190} INFO - [2025-02-01T11:58:33.997+0000] {override.py:1911} INFO - Created Permission View: can edit on DAG:latest_only_with_trigger
[2025-02-01T11:58:34.035+0000] {logging_mixin.py:190} INFO - [2025-02-01T11:58:34.035+0000] {override.py:1911} INFO - Created Permission View: can delete on DAG:latest_only_with_trigger
[2025-02-01T11:58:34.062+0000] {logging_mixin.py:190} INFO - [2025-02-01T11:58:34.056+0000] {override.py:1911} INFO - Created Permission View: can read on DAG:latest_only_with_trigger
[2025-02-01T11:58:34.089+0000] {logging_mixin.py:190} INFO - [2025-02-01T11:58:34.088+0000] {override.py:1911} INFO - Created Permission View: can create on DAG Run:latest_only_with_trigger
[2025-02-01T11:58:34.106+0000] {logging_mixin.py:190} INFO - [2025-02-01T11:58:34.105+0000] {override.py:1911} INFO - Created Permission View: can delete on DAG Run:latest_only_with_trigger
[2025-02-01T11:58:34.122+0000] {logging_mixin.py:190} INFO - [2025-02-01T11:58:34.122+0000] {override.py:1911} INFO - Created Permission View: can read on DAG Run:latest_only_with_trigger
[2025-02-01T11:58:34.145+0000] {logging_mixin.py:190} INFO - [2025-02-01T11:58:34.142+0000] {override.py:1911} INFO - Created Permission View: menu access on DAG Run:latest_only_with_trigger
[2025-02-01T11:58:34.148+0000] {logging_mixin.py:190} INFO - [2025-02-01T11:58:34.147+0000] {dag.py:3239} INFO - Sync 1 DAGs
[2025-02-01T11:58:34.194+0000] {logging_mixin.py:190} INFO - [2025-02-01T11:58:34.194+0000] {dag.py:3262} INFO - Creating ORM DAG for latest_only_with_trigger
[2025-02-01T11:58:34.245+0000] {logging_mixin.py:190} INFO - [2025-02-01T11:58:34.245+0000] {dag.py:4180} INFO - Setting next_dagrun for latest_only_with_trigger to 2025-02-01 04:00:00+00:00, run_after=2025-02-01 08:00:00+00:00
[2025-02-01T11:58:34.307+0000] {processor.py:208} INFO - Processing /home/airflow/.local/lib/python3.9/site-packages/airflow/example_dags/example_latest_only_with_trigger.py took 0.776 seconds
[2025-02-01T11:59:04.459+0000] {processor.py:186} INFO - Started process (PID=154) to work on /home/airflow/.local/lib/python3.9/site-packages/airflow/example_dags/example_latest_only_with_trigger.py
[2025-02-01T11:59:04.466+0000] {processor.py:914} INFO - Processing file /home/airflow/.local/lib/python3.9/site-packages/airflow/example_dags/example_latest_only_with_trigger.py for tasks to queue
[2025-02-01T11:59:04.468+0000] {logging_mixin.py:190} INFO - [2025-02-01T11:59:04.468+0000] {dagbag.py:588} INFO - Filling up the DagBag from /home/airflow/.local/lib/python3.9/site-packages/airflow/example_dags/example_latest_only_with_trigger.py
[2025-02-01T11:59:04.478+0000] {processor.py:925} INFO - DAG(s) 'latest_only_with_trigger' retrieved from /home/airflow/.local/lib/python3.9/site-packages/airflow/example_dags/example_latest_only_with_trigger.py
[2025-02-01T11:59:04.531+0000] {logging_mixin.py:190} INFO - [2025-02-01T11:59:04.530+0000] {dag.py:3239} INFO - Sync 1 DAGs
[2025-02-01T11:59:04.601+0000] {logging_mixin.py:190} INFO - [2025-02-01T11:59:04.600+0000] {dag.py:4180} INFO - Setting next_dagrun for latest_only_with_trigger to 2025-02-01 04:00:00+00:00, run_after=2025-02-01 08:00:00+00:00
[2025-02-01T11:59:04.622+0000] {processor.py:208} INFO - Processing /home/airflow/.local/lib/python3.9/site-packages/airflow/example_dags/example_latest_only_with_trigger.py took 0.178 seconds
[2025-02-01T11:59:34.785+0000] {processor.py:186} INFO - Started process (PID=218) to work on /home/airflow/.local/lib/python3.9/site-packages/airflow/example_dags/example_latest_only_with_trigger.py
[2025-02-01T11:59:34.786+0000] {processor.py:914} INFO - Processing file /home/airflow/.local/lib/python3.9/site-packages/airflow/example_dags/example_latest_only_with_trigger.py for tasks to queue
[2025-02-01T11:59:34.788+0000] {logging_mixin.py:190} INFO - [2025-02-01T11:59:34.788+0000] {dagbag.py:588} INFO - Filling up the DagBag from /home/airflow/.local/lib/python3.9/site-packages/airflow/example_dags/example_latest_only_with_trigger.py
[2025-02-01T11:59:34.796+0000] {processor.py:925} INFO - DAG(s) 'latest_only_with_trigger' retrieved from /home/airflow/.local/lib/python3.9/site-packages/airflow/example_dags/example_latest_only_with_trigger.py
[2025-02-01T11:59:34.817+0000] {logging_mixin.py:190} INFO - [2025-02-01T11:59:34.817+0000] {dag.py:3239} INFO - Sync 1 DAGs
[2025-02-01T11:59:34.835+0000] {logging_mixin.py:190} INFO - [2025-02-01T11:59:34.835+0000] {dag.py:4180} INFO - Setting next_dagrun for latest_only_with_trigger to 2025-02-01 04:00:00+00:00, run_after=2025-02-01 08:00:00+00:00
[2025-02-01T11:59:34.848+0000] {processor.py:208} INFO - Processing /home/airflow/.local/lib/python3.9/site-packages/airflow/example_dags/example_latest_only_with_trigger.py took 0.070 seconds
[2025-02-01T12:00:05.761+0000] {processor.py:186} INFO - Started process (PID=280) to work on /home/airflow/.local/lib/python3.9/site-packages/airflow/example_dags/example_latest_only_with_trigger.py
[2025-02-01T12:00:05.762+0000] {processor.py:914} INFO - Processing file /home/airflow/.local/lib/python3.9/site-packages/airflow/example_dags/example_latest_only_with_trigger.py for tasks to queue
[2025-02-01T12:00:05.763+0000] {logging_mixin.py:190} INFO - [2025-02-01T12:00:05.763+0000] {dagbag.py:588} INFO - Filling up the DagBag from /home/airflow/.local/lib/python3.9/site-packages/airflow/example_dags/example_latest_only_with_trigger.py
[2025-02-01T12:00:05.769+0000] {processor.py:925} INFO - DAG(s) 'latest_only_with_trigger' retrieved from /home/airflow/.local/lib/python3.9/site-packages/airflow/example_dags/example_latest_only_with_trigger.py
[2025-02-01T12:00:05.784+0000] {logging_mixin.py:190} INFO - [2025-02-01T12:00:05.783+0000] {dag.py:3239} INFO - Sync 1 DAGs
[2025-02-01T12:00:05.800+0000] {logging_mixin.py:190} INFO - [2025-02-01T12:00:05.800+0000] {dag.py:4180} INFO - Setting next_dagrun for latest_only_with_trigger to 2025-02-01 08:00:00+00:00, run_after=2025-02-01 12:00:00+00:00
[2025-02-01T12:00:05.813+0000] {processor.py:208} INFO - Processing /home/airflow/.local/lib/python3.9/site-packages/airflow/example_dags/example_latest_only_with_trigger.py took 0.057 seconds
[2025-02-01T12:00:36.116+0000] {processor.py:186} INFO - Started process (PID=344) to work on /home/airflow/.local/lib/python3.9/site-packages/airflow/example_dags/example_latest_only_with_trigger.py
[2025-02-01T12:00:36.116+0000] {processor.py:914} INFO - Processing file /home/airflow/.local/lib/python3.9/site-packages/airflow/example_dags/example_latest_only_with_trigger.py for tasks to queue
[2025-02-01T12:00:36.118+0000] {logging_mixin.py:190} INFO - [2025-02-01T12:00:36.118+0000] {dagbag.py:588} INFO - Filling up the DagBag from /home/airflow/.local/lib/python3.9/site-packages/airflow/example_dags/example_latest_only_with_trigger.py
[2025-02-01T12:00:36.126+0000] {processor.py:925} INFO - DAG(s) 'latest_only_with_trigger' retrieved from /home/airflow/.local/lib/python3.9/site-packages/airflow/example_dags/example_latest_only_with_trigger.py
[2025-02-01T12:00:36.147+0000] {logging_mixin.py:190} INFO - [2025-02-01T12:00:36.146+0000] {dag.py:3239} INFO - Sync 1 DAGs
[2025-02-01T12:00:36.194+0000] {logging_mixin.py:190} INFO - [2025-02-01T12:00:36.194+0000] {dag.py:4180} INFO - Setting next_dagrun for latest_only_with_trigger to 2025-02-01 08:00:00+00:00, run_after=2025-02-01 12:00:00+00:00
[2025-02-01T12:00:36.226+0000] {processor.py:208} INFO - Processing /home/airflow/.local/lib/python3.9/site-packages/airflow/example_dags/example_latest_only_with_trigger.py took 0.117 seconds
[2025-02-01T12:01:06.344+0000] {processor.py:186} INFO - Started process (PID=406) to work on /home/airflow/.local/lib/python3.9/site-packages/airflow/example_dags/example_latest_only_with_trigger.py
[2025-02-01T12:01:06.345+0000] {processor.py:914} INFO - Processing file /home/airflow/.local/lib/python3.9/site-packages/airflow/example_dags/example_latest_only_with_trigger.py for tasks to queue
[2025-02-01T12:01:06.347+0000] {logging_mixin.py:190} INFO - [2025-02-01T12:01:06.346+0000] {dagbag.py:588} INFO - Filling up the DagBag from /home/airflow/.local/lib/python3.9/site-packages/airflow/example_dags/example_latest_only_with_trigger.py
[2025-02-01T12:01:06.352+0000] {processor.py:925} INFO - DAG(s) 'latest_only_with_trigger' retrieved from /home/airflow/.local/lib/python3.9/site-packages/airflow/example_dags/example_latest_only_with_trigger.py
[2025-02-01T12:01:06.367+0000] {logging_mixin.py:190} INFO - [2025-02-01T12:01:06.367+0000] {dag.py:3239} INFO - Sync 1 DAGs
[2025-02-01T12:01:06.383+0000] {logging_mixin.py:190} INFO - [2025-02-01T12:01:06.383+0000] {dag.py:4180} INFO - Setting next_dagrun for latest_only_with_trigger to 2025-02-01 08:00:00+00:00, run_after=2025-02-01 12:00:00+00:00
[2025-02-01T12:01:06.395+0000] {processor.py:208} INFO - Processing /home/airflow/.local/lib/python3.9/site-packages/airflow/example_dags/example_latest_only_with_trigger.py took 0.055 seconds
[2025-02-01T12:01:36.824+0000] {processor.py:186} INFO - Started process (PID=469) to work on /home/airflow/.local/lib/python3.9/site-packages/airflow/example_dags/example_latest_only_with_trigger.py
[2025-02-01T12:01:36.824+0000] {processor.py:914} INFO - Processing file /home/airflow/.local/lib/python3.9/site-packages/airflow/example_dags/example_latest_only_with_trigger.py for tasks to queue
[2025-02-01T12:01:36.827+0000] {logging_mixin.py:190} INFO - [2025-02-01T12:01:36.826+0000] {dagbag.py:588} INFO - Filling up the DagBag from /home/airflow/.local/lib/python3.9/site-packages/airflow/example_dags/example_latest_only_with_trigger.py
[2025-02-01T12:01:36.835+0000] {processor.py:925} INFO - DAG(s) 'latest_only_with_trigger' retrieved from /home/airflow/.local/lib/python3.9/site-packages/airflow/example_dags/example_latest_only_with_trigger.py
[2025-02-01T12:01:36.857+0000] {logging_mixin.py:190} INFO - [2025-02-01T12:01:36.857+0000] {dag.py:3239} INFO - Sync 1 DAGs
[2025-02-01T12:01:36.884+0000] {logging_mixin.py:190} INFO - [2025-02-01T12:01:36.884+0000] {dag.py:4180} INFO - Setting next_dagrun for latest_only_with_trigger to 2025-02-01 08:00:00+00:00, run_after=2025-02-01 12:00:00+00:00
[2025-02-01T12:01:36.902+0000] {processor.py:208} INFO - Processing /home/airflow/.local/lib/python3.9/site-packages/airflow/example_dags/example_latest_only_with_trigger.py took 0.085 seconds
[2025-02-01T12:02:07.606+0000] {processor.py:186} INFO - Started process (PID=533) to work on /home/airflow/.local/lib/python3.9/site-packages/airflow/example_dags/example_latest_only_with_trigger.py
[2025-02-01T12:02:07.609+0000] {processor.py:914} INFO - Processing file /home/airflow/.local/lib/python3.9/site-packages/airflow/example_dags/example_latest_only_with_trigger.py for tasks to queue
[2025-02-01T12:02:07.615+0000] {logging_mixin.py:190} INFO - [2025-02-01T12:02:07.615+0000] {dagbag.py:588} INFO - Filling up the DagBag from /home/airflow/.local/lib/python3.9/site-packages/airflow/example_dags/example_latest_only_with_trigger.py
[2025-02-01T12:02:07.630+0000] {processor.py:925} INFO - DAG(s) 'latest_only_with_trigger' retrieved from /home/airflow/.local/lib/python3.9/site-packages/airflow/example_dags/example_latest_only_with_trigger.py
[2025-02-01T12:02:07.679+0000] {logging_mixin.py:190} INFO - [2025-02-01T12:02:07.678+0000] {dag.py:3239} INFO - Sync 1 DAGs
[2025-02-01T12:02:07.723+0000] {logging_mixin.py:190} INFO - [2025-02-01T12:02:07.722+0000] {dag.py:4180} INFO - Setting next_dagrun for latest_only_with_trigger to 2025-02-01 08:00:00+00:00, run_after=2025-02-01 12:00:00+00:00
[2025-02-01T12:02:07.755+0000] {processor.py:208} INFO - Processing /home/airflow/.local/lib/python3.9/site-packages/airflow/example_dags/example_latest_only_with_trigger.py took 0.165 seconds
[2025-02-01T12:02:38.663+0000] {processor.py:186} INFO - Started process (PID=596) to work on /home/airflow/.local/lib/python3.9/site-packages/airflow/example_dags/example_latest_only_with_trigger.py
[2025-02-01T12:02:38.664+0000] {processor.py:914} INFO - Processing file /home/airflow/.local/lib/python3.9/site-packages/airflow/example_dags/example_latest_only_with_trigger.py for tasks to queue
[2025-02-01T12:02:38.666+0000] {logging_mixin.py:190} INFO - [2025-02-01T12:02:38.666+0000] {dagbag.py:588} INFO - Filling up the DagBag from /home/airflow/.local/lib/python3.9/site-packages/airflow/example_dags/example_latest_only_with_trigger.py
[2025-02-01T12:02:38.674+0000] {processor.py:925} INFO - DAG(s) 'latest_only_with_trigger' retrieved from /home/airflow/.local/lib/python3.9/site-packages/airflow/example_dags/example_latest_only_with_trigger.py
[2025-02-01T12:02:38.696+0000] {logging_mixin.py:190} INFO - [2025-02-01T12:02:38.696+0000] {dag.py:3239} INFO - Sync 1 DAGs
[2025-02-01T12:02:38.721+0000] {logging_mixin.py:190} INFO - [2025-02-01T12:02:38.721+0000] {dag.py:4180} INFO - Setting next_dagrun for latest_only_with_trigger to 2025-02-01 08:00:00+00:00, run_after=2025-02-01 12:00:00+00:00
[2025-02-01T12:02:38.739+0000] {processor.py:208} INFO - Processing /home/airflow/.local/lib/python3.9/site-packages/airflow/example_dags/example_latest_only_with_trigger.py took 0.083 seconds
[2025-02-01T12:03:10.169+0000] {processor.py:186} INFO - Started process (PID=658) to work on /home/airflow/.local/lib/python3.9/site-packages/airflow/example_dags/example_latest_only_with_trigger.py
[2025-02-01T12:03:10.175+0000] {processor.py:914} INFO - Processing file /home/airflow/.local/lib/python3.9/site-packages/airflow/example_dags/example_latest_only_with_trigger.py for tasks to queue
[2025-02-01T12:03:10.187+0000] {logging_mixin.py:190} INFO - [2025-02-01T12:03:10.177+0000] {dagbag.py:588} INFO - Filling up the DagBag from /home/airflow/.local/lib/python3.9/site-packages/airflow/example_dags/example_latest_only_with_trigger.py
[2025-02-01T12:03:10.204+0000] {processor.py:925} INFO - DAG(s) 'latest_only_with_trigger' retrieved from /home/airflow/.local/lib/python3.9/site-packages/airflow/example_dags/example_latest_only_with_trigger.py
[2025-02-01T12:03:10.260+0000] {logging_mixin.py:190} INFO - [2025-02-01T12:03:10.260+0000] {dag.py:3239} INFO - Sync 1 DAGs
[2025-02-01T12:03:10.358+0000] {logging_mixin.py:190} INFO - [2025-02-01T12:03:10.358+0000] {dag.py:4180} INFO - Setting next_dagrun for latest_only_with_trigger to 2025-02-01 08:00:00+00:00, run_after=2025-02-01 12:00:00+00:00
[2025-02-01T12:03:10.434+0000] {processor.py:208} INFO - Processing /home/airflow/.local/lib/python3.9/site-packages/airflow/example_dags/example_latest_only_with_trigger.py took 0.280 seconds
[2025-02-01T12:03:41.201+0000] {processor.py:186} INFO - Started process (PID=720) to work on /home/airflow/.local/lib/python3.9/site-packages/airflow/example_dags/example_latest_only_with_trigger.py
[2025-02-01T12:03:41.202+0000] {processor.py:914} INFO - Processing file /home/airflow/.local/lib/python3.9/site-packages/airflow/example_dags/example_latest_only_with_trigger.py for tasks to queue
[2025-02-01T12:03:41.204+0000] {logging_mixin.py:190} INFO - [2025-02-01T12:03:41.204+0000] {dagbag.py:588} INFO - Filling up the DagBag from /home/airflow/.local/lib/python3.9/site-packages/airflow/example_dags/example_latest_only_with_trigger.py
[2025-02-01T12:03:41.212+0000] {processor.py:925} INFO - DAG(s) 'latest_only_with_trigger' retrieved from /home/airflow/.local/lib/python3.9/site-packages/airflow/example_dags/example_latest_only_with_trigger.py
[2025-02-01T12:03:41.247+0000] {logging_mixin.py:190} INFO - [2025-02-01T12:03:41.247+0000] {dag.py:3239} INFO - Sync 1 DAGs
[2025-02-01T12:03:41.311+0000] {logging_mixin.py:190} INFO - [2025-02-01T12:03:41.310+0000] {dag.py:4180} INFO - Setting next_dagrun for latest_only_with_trigger to 2025-02-01 08:00:00+00:00, run_after=2025-02-01 12:00:00+00:00
[2025-02-01T12:03:41.328+0000] {processor.py:208} INFO - Processing /home/airflow/.local/lib/python3.9/site-packages/airflow/example_dags/example_latest_only_with_trigger.py took 0.133 seconds
[2025-02-01T12:04:11.635+0000] {processor.py:186} INFO - Started process (PID=783) to work on /home/airflow/.local/lib/python3.9/site-packages/airflow/example_dags/example_latest_only_with_trigger.py
[2025-02-01T12:04:11.636+0000] {processor.py:914} INFO - Processing file /home/airflow/.local/lib/python3.9/site-packages/airflow/example_dags/example_latest_only_with_trigger.py for tasks to queue
[2025-02-01T12:04:11.638+0000] {logging_mixin.py:190} INFO - [2025-02-01T12:04:11.638+0000] {dagbag.py:588} INFO - Filling up the DagBag from /home/airflow/.local/lib/python3.9/site-packages/airflow/example_dags/example_latest_only_with_trigger.py
[2025-02-01T12:04:11.647+0000] {processor.py:925} INFO - DAG(s) 'latest_only_with_trigger' retrieved from /home/airflow/.local/lib/python3.9/site-packages/airflow/example_dags/example_latest_only_with_trigger.py
[2025-02-01T12:04:11.669+0000] {logging_mixin.py:190} INFO - [2025-02-01T12:04:11.669+0000] {dag.py:3239} INFO - Sync 1 DAGs
[2025-02-01T12:04:11.693+0000] {logging_mixin.py:190} INFO - [2025-02-01T12:04:11.693+0000] {dag.py:4180} INFO - Setting next_dagrun for latest_only_with_trigger to 2025-02-01 08:00:00+00:00, run_after=2025-02-01 12:00:00+00:00
[2025-02-01T12:04:11.709+0000] {processor.py:208} INFO - Processing /home/airflow/.local/lib/python3.9/site-packages/airflow/example_dags/example_latest_only_with_trigger.py took 0.081 seconds
[2025-02-01T12:04:41.777+0000] {processor.py:186} INFO - Started process (PID=847) to work on /home/airflow/.local/lib/python3.9/site-packages/airflow/example_dags/example_latest_only_with_trigger.py
[2025-02-01T12:04:41.778+0000] {processor.py:914} INFO - Processing file /home/airflow/.local/lib/python3.9/site-packages/airflow/example_dags/example_latest_only_with_trigger.py for tasks to queue
[2025-02-01T12:04:41.780+0000] {logging_mixin.py:190} INFO - [2025-02-01T12:04:41.780+0000] {dagbag.py:588} INFO - Filling up the DagBag from /home/airflow/.local/lib/python3.9/site-packages/airflow/example_dags/example_latest_only_with_trigger.py
[2025-02-01T12:04:41.788+0000] {processor.py:925} INFO - DAG(s) 'latest_only_with_trigger' retrieved from /home/airflow/.local/lib/python3.9/site-packages/airflow/example_dags/example_latest_only_with_trigger.py
[2025-02-01T12:04:41.810+0000] {logging_mixin.py:190} INFO - [2025-02-01T12:04:41.810+0000] {dag.py:3239} INFO - Sync 1 DAGs
[2025-02-01T12:04:41.835+0000] {logging_mixin.py:190} INFO - [2025-02-01T12:04:41.835+0000] {dag.py:4180} INFO - Setting next_dagrun for latest_only_with_trigger to 2025-02-01 08:00:00+00:00, run_after=2025-02-01 12:00:00+00:00
[2025-02-01T12:04:41.852+0000] {processor.py:208} INFO - Processing /home/airflow/.local/lib/python3.9/site-packages/airflow/example_dags/example_latest_only_with_trigger.py took 0.081 seconds
[2025-02-01T12:05:12.421+0000] {processor.py:186} INFO - Started process (PID=909) to work on /home/airflow/.local/lib/python3.9/site-packages/airflow/example_dags/example_latest_only_with_trigger.py
[2025-02-01T12:05:12.422+0000] {processor.py:914} INFO - Processing file /home/airflow/.local/lib/python3.9/site-packages/airflow/example_dags/example_latest_only_with_trigger.py for tasks to queue
[2025-02-01T12:05:12.424+0000] {logging_mixin.py:190} INFO - [2025-02-01T12:05:12.424+0000] {dagbag.py:588} INFO - Filling up the DagBag from /home/airflow/.local/lib/python3.9/site-packages/airflow/example_dags/example_latest_only_with_trigger.py
[2025-02-01T12:05:12.432+0000] {processor.py:925} INFO - DAG(s) 'latest_only_with_trigger' retrieved from /home/airflow/.local/lib/python3.9/site-packages/airflow/example_dags/example_latest_only_with_trigger.py
[2025-02-01T12:05:12.454+0000] {logging_mixin.py:190} INFO - [2025-02-01T12:05:12.454+0000] {dag.py:3239} INFO - Sync 1 DAGs
[2025-02-01T12:05:12.479+0000] {logging_mixin.py:190} INFO - [2025-02-01T12:05:12.478+0000] {dag.py:4180} INFO - Setting next_dagrun for latest_only_with_trigger to 2025-02-01 08:00:00+00:00, run_after=2025-02-01 12:00:00+00:00
[2025-02-01T12:05:12.496+0000] {processor.py:208} INFO - Processing /home/airflow/.local/lib/python3.9/site-packages/airflow/example_dags/example_latest_only_with_trigger.py took 0.081 seconds
[2025-02-01T12:05:43.166+0000] {processor.py:186} INFO - Started process (PID=971) to work on /home/airflow/.local/lib/python3.9/site-packages/airflow/example_dags/example_latest_only_with_trigger.py
[2025-02-01T12:05:43.167+0000] {processor.py:914} INFO - Processing file /home/airflow/.local/lib/python3.9/site-packages/airflow/example_dags/example_latest_only_with_trigger.py for tasks to queue
[2025-02-01T12:05:43.169+0000] {logging_mixin.py:190} INFO - [2025-02-01T12:05:43.169+0000] {dagbag.py:588} INFO - Filling up the DagBag from /home/airflow/.local/lib/python3.9/site-packages/airflow/example_dags/example_latest_only_with_trigger.py
[2025-02-01T12:05:43.177+0000] {processor.py:925} INFO - DAG(s) 'latest_only_with_trigger' retrieved from /home/airflow/.local/lib/python3.9/site-packages/airflow/example_dags/example_latest_only_with_trigger.py
[2025-02-01T12:05:43.200+0000] {logging_mixin.py:190} INFO - [2025-02-01T12:05:43.199+0000] {dag.py:3239} INFO - Sync 1 DAGs
[2025-02-01T12:05:43.225+0000] {logging_mixin.py:190} INFO - [2025-02-01T12:05:43.224+0000] {dag.py:4180} INFO - Setting next_dagrun for latest_only_with_trigger to 2025-02-01 08:00:00+00:00, run_after=2025-02-01 12:00:00+00:00
[2025-02-01T12:05:43.242+0000] {processor.py:208} INFO - Processing /home/airflow/.local/lib/python3.9/site-packages/airflow/example_dags/example_latest_only_with_trigger.py took 0.082 seconds
[2025-02-01T12:06:13.580+0000] {processor.py:186} INFO - Started process (PID=1033) to work on /home/airflow/.local/lib/python3.9/site-packages/airflow/example_dags/example_latest_only_with_trigger.py
[2025-02-01T12:06:13.581+0000] {processor.py:914} INFO - Processing file /home/airflow/.local/lib/python3.9/site-packages/airflow/example_dags/example_latest_only_with_trigger.py for tasks to queue
[2025-02-01T12:06:13.583+0000] {logging_mixin.py:190} INFO - [2025-02-01T12:06:13.583+0000] {dagbag.py:588} INFO - Filling up the DagBag from /home/airflow/.local/lib/python3.9/site-packages/airflow/example_dags/example_latest_only_with_trigger.py
[2025-02-01T12:06:13.591+0000] {processor.py:925} INFO - DAG(s) 'latest_only_with_trigger' retrieved from /home/airflow/.local/lib/python3.9/site-packages/airflow/example_dags/example_latest_only_with_trigger.py
[2025-02-01T12:06:13.613+0000] {logging_mixin.py:190} INFO - [2025-02-01T12:06:13.613+0000] {dag.py:3239} INFO - Sync 1 DAGs
[2025-02-01T12:06:13.639+0000] {logging_mixin.py:190} INFO - [2025-02-01T12:06:13.639+0000] {dag.py:4180} INFO - Setting next_dagrun for latest_only_with_trigger to 2025-02-01 08:00:00+00:00, run_after=2025-02-01 12:00:00+00:00
[2025-02-01T12:06:13.656+0000] {processor.py:208} INFO - Processing /home/airflow/.local/lib/python3.9/site-packages/airflow/example_dags/example_latest_only_with_trigger.py took 0.083 seconds
[2025-02-01T12:06:43.766+0000] {processor.py:186} INFO - Started process (PID=1095) to work on /home/airflow/.local/lib/python3.9/site-packages/airflow/example_dags/example_latest_only_with_trigger.py
[2025-02-01T12:06:43.767+0000] {processor.py:914} INFO - Processing file /home/airflow/.local/lib/python3.9/site-packages/airflow/example_dags/example_latest_only_with_trigger.py for tasks to queue
[2025-02-01T12:06:43.770+0000] {logging_mixin.py:190} INFO - [2025-02-01T12:06:43.769+0000] {dagbag.py:588} INFO - Filling up the DagBag from /home/airflow/.local/lib/python3.9/site-packages/airflow/example_dags/example_latest_only_with_trigger.py
[2025-02-01T12:06:43.778+0000] {processor.py:925} INFO - DAG(s) 'latest_only_with_trigger' retrieved from /home/airflow/.local/lib/python3.9/site-packages/airflow/example_dags/example_latest_only_with_trigger.py
[2025-02-01T12:06:43.800+0000] {logging_mixin.py:190} INFO - [2025-02-01T12:06:43.800+0000] {dag.py:3239} INFO - Sync 1 DAGs
[2025-02-01T12:06:43.833+0000] {logging_mixin.py:190} INFO - [2025-02-01T12:06:43.833+0000] {dag.py:4180} INFO - Setting next_dagrun for latest_only_with_trigger to 2025-02-01 08:00:00+00:00, run_after=2025-02-01 12:00:00+00:00
[2025-02-01T12:06:43.850+0000] {processor.py:208} INFO - Processing /home/airflow/.local/lib/python3.9/site-packages/airflow/example_dags/example_latest_only_with_trigger.py took 0.090 seconds
[2025-02-01T12:07:14.160+0000] {processor.py:186} INFO - Started process (PID=1158) to work on /home/airflow/.local/lib/python3.9/site-packages/airflow/example_dags/example_latest_only_with_trigger.py
[2025-02-01T12:07:14.161+0000] {processor.py:914} INFO - Processing file /home/airflow/.local/lib/python3.9/site-packages/airflow/example_dags/example_latest_only_with_trigger.py for tasks to queue
[2025-02-01T12:07:14.163+0000] {logging_mixin.py:190} INFO - [2025-02-01T12:07:14.163+0000] {dagbag.py:588} INFO - Filling up the DagBag from /home/airflow/.local/lib/python3.9/site-packages/airflow/example_dags/example_latest_only_with_trigger.py
[2025-02-01T12:07:14.179+0000] {processor.py:925} INFO - DAG(s) 'latest_only_with_trigger' retrieved from /home/airflow/.local/lib/python3.9/site-packages/airflow/example_dags/example_latest_only_with_trigger.py
[2025-02-01T12:07:14.202+0000] {logging_mixin.py:190} INFO - [2025-02-01T12:07:14.202+0000] {dag.py:3239} INFO - Sync 1 DAGs
[2025-02-01T12:07:14.229+0000] {logging_mixin.py:190} INFO - [2025-02-01T12:07:14.228+0000] {dag.py:4180} INFO - Setting next_dagrun for latest_only_with_trigger to 2025-02-01 08:00:00+00:00, run_after=2025-02-01 12:00:00+00:00
[2025-02-01T12:07:14.247+0000] {processor.py:208} INFO - Processing /home/airflow/.local/lib/python3.9/site-packages/airflow/example_dags/example_latest_only_with_trigger.py took 0.093 seconds
[2025-02-01T12:07:45.019+0000] {processor.py:186} INFO - Started process (PID=1221) to work on /home/airflow/.local/lib/python3.9/site-packages/airflow/example_dags/example_latest_only_with_trigger.py
[2025-02-01T12:07:45.020+0000] {processor.py:914} INFO - Processing file /home/airflow/.local/lib/python3.9/site-packages/airflow/example_dags/example_latest_only_with_trigger.py for tasks to queue
[2025-02-01T12:07:45.022+0000] {logging_mixin.py:190} INFO - [2025-02-01T12:07:45.022+0000] {dagbag.py:588} INFO - Filling up the DagBag from /home/airflow/.local/lib/python3.9/site-packages/airflow/example_dags/example_latest_only_with_trigger.py
[2025-02-01T12:07:45.032+0000] {processor.py:925} INFO - DAG(s) 'latest_only_with_trigger' retrieved from /home/airflow/.local/lib/python3.9/site-packages/airflow/example_dags/example_latest_only_with_trigger.py
[2025-02-01T12:07:45.066+0000] {logging_mixin.py:190} INFO - [2025-02-01T12:07:45.066+0000] {dag.py:3239} INFO - Sync 1 DAGs
[2025-02-01T12:07:45.094+0000] {logging_mixin.py:190} INFO - [2025-02-01T12:07:45.094+0000] {dag.py:4180} INFO - Setting next_dagrun for latest_only_with_trigger to 2025-02-01 08:00:00+00:00, run_after=2025-02-01 12:00:00+00:00
[2025-02-01T12:07:45.115+0000] {processor.py:208} INFO - Processing /home/airflow/.local/lib/python3.9/site-packages/airflow/example_dags/example_latest_only_with_trigger.py took 0.102 seconds
[2025-02-01T12:08:15.710+0000] {processor.py:186} INFO - Started process (PID=1285) to work on /home/airflow/.local/lib/python3.9/site-packages/airflow/example_dags/example_latest_only_with_trigger.py
[2025-02-01T12:08:15.711+0000] {processor.py:914} INFO - Processing file /home/airflow/.local/lib/python3.9/site-packages/airflow/example_dags/example_latest_only_with_trigger.py for tasks to queue
[2025-02-01T12:08:15.723+0000] {logging_mixin.py:190} INFO - [2025-02-01T12:08:15.723+0000] {dagbag.py:588} INFO - Filling up the DagBag from /home/airflow/.local/lib/python3.9/site-packages/airflow/example_dags/example_latest_only_with_trigger.py
[2025-02-01T12:08:15.737+0000] {processor.py:925} INFO - DAG(s) 'latest_only_with_trigger' retrieved from /home/airflow/.local/lib/python3.9/site-packages/airflow/example_dags/example_latest_only_with_trigger.py
[2025-02-01T12:08:15.827+0000] {logging_mixin.py:190} INFO - [2025-02-01T12:08:15.827+0000] {dag.py:3239} INFO - Sync 1 DAGs
[2025-02-01T12:08:15.932+0000] {logging_mixin.py:190} INFO - [2025-02-01T12:08:15.931+0000] {dag.py:4180} INFO - Setting next_dagrun for latest_only_with_trigger to 2025-02-01 08:00:00+00:00, run_after=2025-02-01 12:00:00+00:00
[2025-02-01T12:08:15.965+0000] {processor.py:208} INFO - Processing /home/airflow/.local/lib/python3.9/site-packages/airflow/example_dags/example_latest_only_with_trigger.py took 0.262 seconds
[2025-02-01T12:08:46.063+0000] {processor.py:186} INFO - Started process (PID=1348) to work on /home/airflow/.local/lib/python3.9/site-packages/airflow/example_dags/example_latest_only_with_trigger.py
[2025-02-01T12:08:46.063+0000] {processor.py:914} INFO - Processing file /home/airflow/.local/lib/python3.9/site-packages/airflow/example_dags/example_latest_only_with_trigger.py for tasks to queue
[2025-02-01T12:08:46.066+0000] {logging_mixin.py:190} INFO - [2025-02-01T12:08:46.065+0000] {dagbag.py:588} INFO - Filling up the DagBag from /home/airflow/.local/lib/python3.9/site-packages/airflow/example_dags/example_latest_only_with_trigger.py
[2025-02-01T12:08:46.073+0000] {processor.py:925} INFO - DAG(s) 'latest_only_with_trigger' retrieved from /home/airflow/.local/lib/python3.9/site-packages/airflow/example_dags/example_latest_only_with_trigger.py
[2025-02-01T12:08:46.095+0000] {logging_mixin.py:190} INFO - [2025-02-01T12:08:46.094+0000] {dag.py:3239} INFO - Sync 1 DAGs
[2025-02-01T12:08:46.121+0000] {logging_mixin.py:190} INFO - [2025-02-01T12:08:46.120+0000] {dag.py:4180} INFO - Setting next_dagrun for latest_only_with_trigger to 2025-02-01 08:00:00+00:00, run_after=2025-02-01 12:00:00+00:00
[2025-02-01T12:08:46.139+0000] {processor.py:208} INFO - Processing /home/airflow/.local/lib/python3.9/site-packages/airflow/example_dags/example_latest_only_with_trigger.py took 0.083 seconds
[2025-02-01T12:09:16.358+0000] {processor.py:186} INFO - Started process (PID=1410) to work on /home/airflow/.local/lib/python3.9/site-packages/airflow/example_dags/example_latest_only_with_trigger.py
[2025-02-01T12:09:16.358+0000] {processor.py:914} INFO - Processing file /home/airflow/.local/lib/python3.9/site-packages/airflow/example_dags/example_latest_only_with_trigger.py for tasks to queue
[2025-02-01T12:09:16.360+0000] {logging_mixin.py:190} INFO - [2025-02-01T12:09:16.360+0000] {dagbag.py:588} INFO - Filling up the DagBag from /home/airflow/.local/lib/python3.9/site-packages/airflow/example_dags/example_latest_only_with_trigger.py
[2025-02-01T12:09:16.366+0000] {processor.py:925} INFO - DAG(s) 'latest_only_with_trigger' retrieved from /home/airflow/.local/lib/python3.9/site-packages/airflow/example_dags/example_latest_only_with_trigger.py
[2025-02-01T12:09:16.381+0000] {logging_mixin.py:190} INFO - [2025-02-01T12:09:16.381+0000] {dag.py:3239} INFO - Sync 1 DAGs
[2025-02-01T12:09:16.397+0000] {logging_mixin.py:190} INFO - [2025-02-01T12:09:16.397+0000] {dag.py:4180} INFO - Setting next_dagrun for latest_only_with_trigger to 2025-02-01 08:00:00+00:00, run_after=2025-02-01 12:00:00+00:00
[2025-02-01T12:09:16.409+0000] {processor.py:208} INFO - Processing /home/airflow/.local/lib/python3.9/site-packages/airflow/example_dags/example_latest_only_with_trigger.py took 0.056 seconds
[2025-02-01T12:09:46.514+0000] {processor.py:186} INFO - Started process (PID=1473) to work on /home/airflow/.local/lib/python3.9/site-packages/airflow/example_dags/example_latest_only_with_trigger.py
[2025-02-01T12:09:46.515+0000] {processor.py:914} INFO - Processing file /home/airflow/.local/lib/python3.9/site-packages/airflow/example_dags/example_latest_only_with_trigger.py for tasks to queue
[2025-02-01T12:09:46.517+0000] {logging_mixin.py:190} INFO - [2025-02-01T12:09:46.517+0000] {dagbag.py:588} INFO - Filling up the DagBag from /home/airflow/.local/lib/python3.9/site-packages/airflow/example_dags/example_latest_only_with_trigger.py
[2025-02-01T12:09:46.523+0000] {processor.py:925} INFO - DAG(s) 'latest_only_with_trigger' retrieved from /home/airflow/.local/lib/python3.9/site-packages/airflow/example_dags/example_latest_only_with_trigger.py
[2025-02-01T12:09:46.538+0000] {logging_mixin.py:190} INFO - [2025-02-01T12:09:46.538+0000] {dag.py:3239} INFO - Sync 1 DAGs
[2025-02-01T12:09:46.555+0000] {logging_mixin.py:190} INFO - [2025-02-01T12:09:46.555+0000] {dag.py:4180} INFO - Setting next_dagrun for latest_only_with_trigger to 2025-02-01 08:00:00+00:00, run_after=2025-02-01 12:00:00+00:00
[2025-02-01T12:09:46.568+0000] {processor.py:208} INFO - Processing /home/airflow/.local/lib/python3.9/site-packages/airflow/example_dags/example_latest_only_with_trigger.py took 0.060 seconds
