[2025-02-01T11:58:37.099+0000] {processor.py:186} INFO - Started process (PID=101) to work on /home/airflow/.local/lib/python3.9/site-packages/airflow/example_dags/example_local_kubernetes_executor.py
[2025-02-01T11:58:37.100+0000] {processor.py:914} INFO - Processing file /home/airflow/.local/lib/python3.9/site-packages/airflow/example_dags/example_local_kubernetes_executor.py for tasks to queue
[2025-02-01T11:58:37.103+0000] {logging_mixin.py:190} INFO - [2025-02-01T11:58:37.102+0000] {dagbag.py:588} INFO - Filling up the DagBag from /home/airflow/.local/lib/python3.9/site-packages/airflow/example_dags/example_local_kubernetes_executor.py
[2025-02-01T11:58:37.171+0000] {processor.py:925} INFO - DAG(s) 'example_local_kubernetes_executor' retrieved from /home/airflow/.local/lib/python3.9/site-packages/airflow/example_dags/example_local_kubernetes_executor.py
[2025-02-01T11:58:37.366+0000] {logging_mixin.py:190} INFO - [2025-02-01T11:58:37.365+0000] {override.py:1911} INFO - Created Permission View: can edit on DAG:example_local_kubernetes_executor
[2025-02-01T11:58:37.390+0000] {logging_mixin.py:190} INFO - [2025-02-01T11:58:37.390+0000] {override.py:1911} INFO - Created Permission View: can delete on DAG:example_local_kubernetes_executor
[2025-02-01T11:58:37.400+0000] {logging_mixin.py:190} INFO - [2025-02-01T11:58:37.400+0000] {override.py:1911} INFO - Created Permission View: can read on DAG:example_local_kubernetes_executor
[2025-02-01T11:58:37.433+0000] {logging_mixin.py:190} INFO - [2025-02-01T11:58:37.432+0000] {override.py:1911} INFO - Created Permission View: can create on DAG Run:example_local_kubernetes_executor
[2025-02-01T11:58:37.440+0000] {logging_mixin.py:190} INFO - [2025-02-01T11:58:37.439+0000] {override.py:1911} INFO - Created Permission View: can delete on DAG Run:example_local_kubernetes_executor
[2025-02-01T11:58:37.449+0000] {logging_mixin.py:190} INFO - [2025-02-01T11:58:37.448+0000] {override.py:1911} INFO - Created Permission View: can read on DAG Run:example_local_kubernetes_executor
[2025-02-01T11:58:37.471+0000] {logging_mixin.py:190} INFO - [2025-02-01T11:58:37.471+0000] {override.py:1911} INFO - Created Permission View: menu access on DAG Run:example_local_kubernetes_executor
[2025-02-01T11:58:37.471+0000] {logging_mixin.py:190} INFO - [2025-02-01T11:58:37.471+0000] {dag.py:3239} INFO - Sync 1 DAGs
[2025-02-01T11:58:37.501+0000] {logging_mixin.py:190} INFO - [2025-02-01T11:58:37.501+0000] {dag.py:3262} INFO - Creating ORM DAG for example_local_kubernetes_executor
[2025-02-01T11:58:37.502+0000] {logging_mixin.py:190} INFO - [2025-02-01T11:58:37.502+0000] {dag.py:4180} INFO - Setting next_dagrun for example_local_kubernetes_executor to None, run_after=None
[2025-02-01T11:58:37.520+0000] {processor.py:208} INFO - Processing /home/airflow/.local/lib/python3.9/site-packages/airflow/example_dags/example_local_kubernetes_executor.py took 0.429 seconds
[2025-02-01T11:59:08.231+0000] {processor.py:186} INFO - Started process (PID=163) to work on /home/airflow/.local/lib/python3.9/site-packages/airflow/example_dags/example_local_kubernetes_executor.py
[2025-02-01T11:59:08.231+0000] {processor.py:914} INFO - Processing file /home/airflow/.local/lib/python3.9/site-packages/airflow/example_dags/example_local_kubernetes_executor.py for tasks to queue
[2025-02-01T11:59:08.233+0000] {logging_mixin.py:190} INFO - [2025-02-01T11:59:08.233+0000] {dagbag.py:588} INFO - Filling up the DagBag from /home/airflow/.local/lib/python3.9/site-packages/airflow/example_dags/example_local_kubernetes_executor.py
[2025-02-01T11:59:08.240+0000] {processor.py:925} INFO - DAG(s) 'example_local_kubernetes_executor' retrieved from /home/airflow/.local/lib/python3.9/site-packages/airflow/example_dags/example_local_kubernetes_executor.py
[2025-02-01T11:59:08.255+0000] {logging_mixin.py:190} INFO - [2025-02-01T11:59:08.255+0000] {dag.py:3239} INFO - Sync 1 DAGs
[2025-02-01T11:59:08.266+0000] {logging_mixin.py:190} INFO - [2025-02-01T11:59:08.266+0000] {dag.py:4180} INFO - Setting next_dagrun for example_local_kubernetes_executor to None, run_after=None
[2025-02-01T11:59:08.279+0000] {processor.py:208} INFO - Processing /home/airflow/.local/lib/python3.9/site-packages/airflow/example_dags/example_local_kubernetes_executor.py took 0.053 seconds
[2025-02-01T11:59:38.940+0000] {processor.py:186} INFO - Started process (PID=227) to work on /home/airflow/.local/lib/python3.9/site-packages/airflow/example_dags/example_local_kubernetes_executor.py
[2025-02-01T11:59:38.942+0000] {processor.py:914} INFO - Processing file /home/airflow/.local/lib/python3.9/site-packages/airflow/example_dags/example_local_kubernetes_executor.py for tasks to queue
[2025-02-01T11:59:38.945+0000] {logging_mixin.py:190} INFO - [2025-02-01T11:59:38.944+0000] {dagbag.py:588} INFO - Filling up the DagBag from /home/airflow/.local/lib/python3.9/site-packages/airflow/example_dags/example_local_kubernetes_executor.py
[2025-02-01T11:59:38.958+0000] {processor.py:925} INFO - DAG(s) 'example_local_kubernetes_executor' retrieved from /home/airflow/.local/lib/python3.9/site-packages/airflow/example_dags/example_local_kubernetes_executor.py
[2025-02-01T11:59:38.987+0000] {logging_mixin.py:190} INFO - [2025-02-01T11:59:38.987+0000] {dag.py:3239} INFO - Sync 1 DAGs
[2025-02-01T11:59:39.007+0000] {logging_mixin.py:190} INFO - [2025-02-01T11:59:39.007+0000] {dag.py:4180} INFO - Setting next_dagrun for example_local_kubernetes_executor to None, run_after=None
[2025-02-01T11:59:39.038+0000] {processor.py:208} INFO - Processing /home/airflow/.local/lib/python3.9/site-packages/airflow/example_dags/example_local_kubernetes_executor.py took 0.105 seconds
[2025-02-01T12:00:09.441+0000] {processor.py:186} INFO - Started process (PID=290) to work on /home/airflow/.local/lib/python3.9/site-packages/airflow/example_dags/example_local_kubernetes_executor.py
[2025-02-01T12:00:09.442+0000] {processor.py:914} INFO - Processing file /home/airflow/.local/lib/python3.9/site-packages/airflow/example_dags/example_local_kubernetes_executor.py for tasks to queue
[2025-02-01T12:00:09.444+0000] {logging_mixin.py:190} INFO - [2025-02-01T12:00:09.444+0000] {dagbag.py:588} INFO - Filling up the DagBag from /home/airflow/.local/lib/python3.9/site-packages/airflow/example_dags/example_local_kubernetes_executor.py
[2025-02-01T12:00:09.451+0000] {processor.py:925} INFO - DAG(s) 'example_local_kubernetes_executor' retrieved from /home/airflow/.local/lib/python3.9/site-packages/airflow/example_dags/example_local_kubernetes_executor.py
[2025-02-01T12:00:09.466+0000] {logging_mixin.py:190} INFO - [2025-02-01T12:00:09.465+0000] {dag.py:3239} INFO - Sync 1 DAGs
[2025-02-01T12:00:09.476+0000] {logging_mixin.py:190} INFO - [2025-02-01T12:00:09.475+0000] {dag.py:4180} INFO - Setting next_dagrun for example_local_kubernetes_executor to None, run_after=None
[2025-02-01T12:00:09.489+0000] {processor.py:208} INFO - Processing /home/airflow/.local/lib/python3.9/site-packages/airflow/example_dags/example_local_kubernetes_executor.py took 0.054 seconds
[2025-02-01T12:00:39.794+0000] {processor.py:186} INFO - Started process (PID=354) to work on /home/airflow/.local/lib/python3.9/site-packages/airflow/example_dags/example_local_kubernetes_executor.py
[2025-02-01T12:00:39.794+0000] {processor.py:914} INFO - Processing file /home/airflow/.local/lib/python3.9/site-packages/airflow/example_dags/example_local_kubernetes_executor.py for tasks to queue
[2025-02-01T12:00:39.796+0000] {logging_mixin.py:190} INFO - [2025-02-01T12:00:39.796+0000] {dagbag.py:588} INFO - Filling up the DagBag from /home/airflow/.local/lib/python3.9/site-packages/airflow/example_dags/example_local_kubernetes_executor.py
[2025-02-01T12:00:39.804+0000] {processor.py:925} INFO - DAG(s) 'example_local_kubernetes_executor' retrieved from /home/airflow/.local/lib/python3.9/site-packages/airflow/example_dags/example_local_kubernetes_executor.py
[2025-02-01T12:00:39.819+0000] {logging_mixin.py:190} INFO - [2025-02-01T12:00:39.819+0000] {dag.py:3239} INFO - Sync 1 DAGs
[2025-02-01T12:00:39.829+0000] {logging_mixin.py:190} INFO - [2025-02-01T12:00:39.829+0000] {dag.py:4180} INFO - Setting next_dagrun for example_local_kubernetes_executor to None, run_after=None
[2025-02-01T12:00:39.842+0000] {processor.py:208} INFO - Processing /home/airflow/.local/lib/python3.9/site-packages/airflow/example_dags/example_local_kubernetes_executor.py took 0.053 seconds
[2025-02-01T12:01:10.088+0000] {processor.py:186} INFO - Started process (PID=416) to work on /home/airflow/.local/lib/python3.9/site-packages/airflow/example_dags/example_local_kubernetes_executor.py
[2025-02-01T12:01:10.089+0000] {processor.py:914} INFO - Processing file /home/airflow/.local/lib/python3.9/site-packages/airflow/example_dags/example_local_kubernetes_executor.py for tasks to queue
[2025-02-01T12:01:10.092+0000] {logging_mixin.py:190} INFO - [2025-02-01T12:01:10.091+0000] {dagbag.py:588} INFO - Filling up the DagBag from /home/airflow/.local/lib/python3.9/site-packages/airflow/example_dags/example_local_kubernetes_executor.py
[2025-02-01T12:01:10.104+0000] {processor.py:925} INFO - DAG(s) 'example_local_kubernetes_executor' retrieved from /home/airflow/.local/lib/python3.9/site-packages/airflow/example_dags/example_local_kubernetes_executor.py
[2025-02-01T12:01:10.124+0000] {logging_mixin.py:190} INFO - [2025-02-01T12:01:10.124+0000] {dag.py:3239} INFO - Sync 1 DAGs
[2025-02-01T12:01:10.141+0000] {logging_mixin.py:190} INFO - [2025-02-01T12:01:10.141+0000] {dag.py:4180} INFO - Setting next_dagrun for example_local_kubernetes_executor to None, run_after=None
[2025-02-01T12:01:10.161+0000] {processor.py:208} INFO - Processing /home/airflow/.local/lib/python3.9/site-packages/airflow/example_dags/example_local_kubernetes_executor.py took 0.080 seconds
[2025-02-01T12:01:40.494+0000] {processor.py:186} INFO - Started process (PID=479) to work on /home/airflow/.local/lib/python3.9/site-packages/airflow/example_dags/example_local_kubernetes_executor.py
[2025-02-01T12:01:40.495+0000] {processor.py:914} INFO - Processing file /home/airflow/.local/lib/python3.9/site-packages/airflow/example_dags/example_local_kubernetes_executor.py for tasks to queue
[2025-02-01T12:01:40.497+0000] {logging_mixin.py:190} INFO - [2025-02-01T12:01:40.496+0000] {dagbag.py:588} INFO - Filling up the DagBag from /home/airflow/.local/lib/python3.9/site-packages/airflow/example_dags/example_local_kubernetes_executor.py
[2025-02-01T12:01:40.508+0000] {processor.py:925} INFO - DAG(s) 'example_local_kubernetes_executor' retrieved from /home/airflow/.local/lib/python3.9/site-packages/airflow/example_dags/example_local_kubernetes_executor.py
[2025-02-01T12:01:40.536+0000] {logging_mixin.py:190} INFO - [2025-02-01T12:01:40.535+0000] {dag.py:3239} INFO - Sync 1 DAGs
[2025-02-01T12:01:40.553+0000] {logging_mixin.py:190} INFO - [2025-02-01T12:01:40.553+0000] {dag.py:4180} INFO - Setting next_dagrun for example_local_kubernetes_executor to None, run_after=None
[2025-02-01T12:01:40.573+0000] {processor.py:208} INFO - Processing /home/airflow/.local/lib/python3.9/site-packages/airflow/example_dags/example_local_kubernetes_executor.py took 0.087 seconds
[2025-02-01T12:02:11.393+0000] {processor.py:186} INFO - Started process (PID=543) to work on /home/airflow/.local/lib/python3.9/site-packages/airflow/example_dags/example_local_kubernetes_executor.py
[2025-02-01T12:02:11.394+0000] {processor.py:914} INFO - Processing file /home/airflow/.local/lib/python3.9/site-packages/airflow/example_dags/example_local_kubernetes_executor.py for tasks to queue
[2025-02-01T12:02:11.396+0000] {logging_mixin.py:190} INFO - [2025-02-01T12:02:11.395+0000] {dagbag.py:588} INFO - Filling up the DagBag from /home/airflow/.local/lib/python3.9/site-packages/airflow/example_dags/example_local_kubernetes_executor.py
[2025-02-01T12:02:11.403+0000] {processor.py:925} INFO - DAG(s) 'example_local_kubernetes_executor' retrieved from /home/airflow/.local/lib/python3.9/site-packages/airflow/example_dags/example_local_kubernetes_executor.py
[2025-02-01T12:02:11.418+0000] {logging_mixin.py:190} INFO - [2025-02-01T12:02:11.418+0000] {dag.py:3239} INFO - Sync 1 DAGs
[2025-02-01T12:02:11.428+0000] {logging_mixin.py:190} INFO - [2025-02-01T12:02:11.428+0000] {dag.py:4180} INFO - Setting next_dagrun for example_local_kubernetes_executor to None, run_after=None
[2025-02-01T12:02:11.441+0000] {processor.py:208} INFO - Processing /home/airflow/.local/lib/python3.9/site-packages/airflow/example_dags/example_local_kubernetes_executor.py took 0.053 seconds
[2025-02-01T12:02:41.537+0000] {processor.py:186} INFO - Started process (PID=606) to work on /home/airflow/.local/lib/python3.9/site-packages/airflow/example_dags/example_local_kubernetes_executor.py
[2025-02-01T12:02:41.537+0000] {processor.py:914} INFO - Processing file /home/airflow/.local/lib/python3.9/site-packages/airflow/example_dags/example_local_kubernetes_executor.py for tasks to queue
[2025-02-01T12:02:41.539+0000] {logging_mixin.py:190} INFO - [2025-02-01T12:02:41.538+0000] {dagbag.py:588} INFO - Filling up the DagBag from /home/airflow/.local/lib/python3.9/site-packages/airflow/example_dags/example_local_kubernetes_executor.py
[2025-02-01T12:02:41.546+0000] {processor.py:925} INFO - DAG(s) 'example_local_kubernetes_executor' retrieved from /home/airflow/.local/lib/python3.9/site-packages/airflow/example_dags/example_local_kubernetes_executor.py
[2025-02-01T12:02:41.561+0000] {logging_mixin.py:190} INFO - [2025-02-01T12:02:41.561+0000] {dag.py:3239} INFO - Sync 1 DAGs
[2025-02-01T12:02:41.571+0000] {logging_mixin.py:190} INFO - [2025-02-01T12:02:41.571+0000] {dag.py:4180} INFO - Setting next_dagrun for example_local_kubernetes_executor to None, run_after=None
[2025-02-01T12:02:41.584+0000] {processor.py:208} INFO - Processing /home/airflow/.local/lib/python3.9/site-packages/airflow/example_dags/example_local_kubernetes_executor.py took 0.052 seconds
[2025-02-01T12:03:13.172+0000] {processor.py:186} INFO - Started process (PID=668) to work on /home/airflow/.local/lib/python3.9/site-packages/airflow/example_dags/example_local_kubernetes_executor.py
[2025-02-01T12:03:13.174+0000] {processor.py:914} INFO - Processing file /home/airflow/.local/lib/python3.9/site-packages/airflow/example_dags/example_local_kubernetes_executor.py for tasks to queue
[2025-02-01T12:03:13.176+0000] {logging_mixin.py:190} INFO - [2025-02-01T12:03:13.176+0000] {dagbag.py:588} INFO - Filling up the DagBag from /home/airflow/.local/lib/python3.9/site-packages/airflow/example_dags/example_local_kubernetes_executor.py
[2025-02-01T12:03:13.188+0000] {processor.py:925} INFO - DAG(s) 'example_local_kubernetes_executor' retrieved from /home/airflow/.local/lib/python3.9/site-packages/airflow/example_dags/example_local_kubernetes_executor.py
[2025-02-01T12:03:13.211+0000] {logging_mixin.py:190} INFO - [2025-02-01T12:03:13.211+0000] {dag.py:3239} INFO - Sync 1 DAGs
[2025-02-01T12:03:13.237+0000] {logging_mixin.py:190} INFO - [2025-02-01T12:03:13.237+0000] {dag.py:4180} INFO - Setting next_dagrun for example_local_kubernetes_executor to None, run_after=None
[2025-02-01T12:03:13.263+0000] {processor.py:208} INFO - Processing /home/airflow/.local/lib/python3.9/site-packages/airflow/example_dags/example_local_kubernetes_executor.py took 0.098 seconds
[2025-02-01T12:03:44.174+0000] {processor.py:186} INFO - Started process (PID=731) to work on /home/airflow/.local/lib/python3.9/site-packages/airflow/example_dags/example_local_kubernetes_executor.py
[2025-02-01T12:03:44.176+0000] {processor.py:914} INFO - Processing file /home/airflow/.local/lib/python3.9/site-packages/airflow/example_dags/example_local_kubernetes_executor.py for tasks to queue
[2025-02-01T12:03:44.179+0000] {logging_mixin.py:190} INFO - [2025-02-01T12:03:44.178+0000] {dagbag.py:588} INFO - Filling up the DagBag from /home/airflow/.local/lib/python3.9/site-packages/airflow/example_dags/example_local_kubernetes_executor.py
[2025-02-01T12:03:44.198+0000] {processor.py:925} INFO - DAG(s) 'example_local_kubernetes_executor' retrieved from /home/airflow/.local/lib/python3.9/site-packages/airflow/example_dags/example_local_kubernetes_executor.py
[2025-02-01T12:03:44.228+0000] {logging_mixin.py:190} INFO - [2025-02-01T12:03:44.228+0000] {dag.py:3239} INFO - Sync 1 DAGs
[2025-02-01T12:03:44.246+0000] {logging_mixin.py:190} INFO - [2025-02-01T12:03:44.246+0000] {dag.py:4180} INFO - Setting next_dagrun for example_local_kubernetes_executor to None, run_after=None
[2025-02-01T12:03:44.265+0000] {processor.py:208} INFO - Processing /home/airflow/.local/lib/python3.9/site-packages/airflow/example_dags/example_local_kubernetes_executor.py took 0.120 seconds
[2025-02-01T12:04:14.602+0000] {processor.py:186} INFO - Started process (PID=794) to work on /home/airflow/.local/lib/python3.9/site-packages/airflow/example_dags/example_local_kubernetes_executor.py
[2025-02-01T12:04:14.603+0000] {processor.py:914} INFO - Processing file /home/airflow/.local/lib/python3.9/site-packages/airflow/example_dags/example_local_kubernetes_executor.py for tasks to queue
[2025-02-01T12:04:14.605+0000] {logging_mixin.py:190} INFO - [2025-02-01T12:04:14.605+0000] {dagbag.py:588} INFO - Filling up the DagBag from /home/airflow/.local/lib/python3.9/site-packages/airflow/example_dags/example_local_kubernetes_executor.py
[2025-02-01T12:04:14.615+0000] {processor.py:925} INFO - DAG(s) 'example_local_kubernetes_executor' retrieved from /home/airflow/.local/lib/python3.9/site-packages/airflow/example_dags/example_local_kubernetes_executor.py
[2025-02-01T12:04:14.636+0000] {logging_mixin.py:190} INFO - [2025-02-01T12:04:14.636+0000] {dag.py:3239} INFO - Sync 1 DAGs
[2025-02-01T12:04:14.652+0000] {logging_mixin.py:190} INFO - [2025-02-01T12:04:14.652+0000] {dag.py:4180} INFO - Setting next_dagrun for example_local_kubernetes_executor to None, run_after=None
[2025-02-01T12:04:14.670+0000] {processor.py:208} INFO - Processing /home/airflow/.local/lib/python3.9/site-packages/airflow/example_dags/example_local_kubernetes_executor.py took 0.074 seconds
[2025-02-01T12:04:45.477+0000] {processor.py:186} INFO - Started process (PID=858) to work on /home/airflow/.local/lib/python3.9/site-packages/airflow/example_dags/example_local_kubernetes_executor.py
[2025-02-01T12:04:45.479+0000] {processor.py:914} INFO - Processing file /home/airflow/.local/lib/python3.9/site-packages/airflow/example_dags/example_local_kubernetes_executor.py for tasks to queue
[2025-02-01T12:04:45.481+0000] {logging_mixin.py:190} INFO - [2025-02-01T12:04:45.481+0000] {dagbag.py:588} INFO - Filling up the DagBag from /home/airflow/.local/lib/python3.9/site-packages/airflow/example_dags/example_local_kubernetes_executor.py
[2025-02-01T12:04:45.490+0000] {processor.py:925} INFO - DAG(s) 'example_local_kubernetes_executor' retrieved from /home/airflow/.local/lib/python3.9/site-packages/airflow/example_dags/example_local_kubernetes_executor.py
[2025-02-01T12:04:45.513+0000] {logging_mixin.py:190} INFO - [2025-02-01T12:04:45.513+0000] {dag.py:3239} INFO - Sync 1 DAGs
[2025-02-01T12:04:45.530+0000] {logging_mixin.py:190} INFO - [2025-02-01T12:04:45.530+0000] {dag.py:4180} INFO - Setting next_dagrun for example_local_kubernetes_executor to None, run_after=None
[2025-02-01T12:04:45.550+0000] {processor.py:208} INFO - Processing /home/airflow/.local/lib/python3.9/site-packages/airflow/example_dags/example_local_kubernetes_executor.py took 0.080 seconds
[2025-02-01T12:05:16.495+0000] {processor.py:186} INFO - Started process (PID=920) to work on /home/airflow/.local/lib/python3.9/site-packages/airflow/example_dags/example_local_kubernetes_executor.py
[2025-02-01T12:05:16.495+0000] {processor.py:914} INFO - Processing file /home/airflow/.local/lib/python3.9/site-packages/airflow/example_dags/example_local_kubernetes_executor.py for tasks to queue
[2025-02-01T12:05:16.498+0000] {logging_mixin.py:190} INFO - [2025-02-01T12:05:16.497+0000] {dagbag.py:588} INFO - Filling up the DagBag from /home/airflow/.local/lib/python3.9/site-packages/airflow/example_dags/example_local_kubernetes_executor.py
[2025-02-01T12:05:16.507+0000] {processor.py:925} INFO - DAG(s) 'example_local_kubernetes_executor' retrieved from /home/airflow/.local/lib/python3.9/site-packages/airflow/example_dags/example_local_kubernetes_executor.py
[2025-02-01T12:05:16.537+0000] {logging_mixin.py:190} INFO - [2025-02-01T12:05:16.536+0000] {dag.py:3239} INFO - Sync 1 DAGs
[2025-02-01T12:05:16.560+0000] {logging_mixin.py:190} INFO - [2025-02-01T12:05:16.560+0000] {dag.py:4180} INFO - Setting next_dagrun for example_local_kubernetes_executor to None, run_after=None
[2025-02-01T12:05:16.578+0000] {processor.py:208} INFO - Processing /home/airflow/.local/lib/python3.9/site-packages/airflow/example_dags/example_local_kubernetes_executor.py took 0.090 seconds
[2025-02-01T12:05:46.836+0000] {processor.py:186} INFO - Started process (PID=981) to work on /home/airflow/.local/lib/python3.9/site-packages/airflow/example_dags/example_local_kubernetes_executor.py
[2025-02-01T12:05:46.837+0000] {processor.py:914} INFO - Processing file /home/airflow/.local/lib/python3.9/site-packages/airflow/example_dags/example_local_kubernetes_executor.py for tasks to queue
[2025-02-01T12:05:46.838+0000] {logging_mixin.py:190} INFO - [2025-02-01T12:05:46.838+0000] {dagbag.py:588} INFO - Filling up the DagBag from /home/airflow/.local/lib/python3.9/site-packages/airflow/example_dags/example_local_kubernetes_executor.py
[2025-02-01T12:05:46.846+0000] {processor.py:925} INFO - DAG(s) 'example_local_kubernetes_executor' retrieved from /home/airflow/.local/lib/python3.9/site-packages/airflow/example_dags/example_local_kubernetes_executor.py
[2025-02-01T12:05:46.862+0000] {logging_mixin.py:190} INFO - [2025-02-01T12:05:46.862+0000] {dag.py:3239} INFO - Sync 1 DAGs
[2025-02-01T12:05:46.873+0000] {logging_mixin.py:190} INFO - [2025-02-01T12:05:46.873+0000] {dag.py:4180} INFO - Setting next_dagrun for example_local_kubernetes_executor to None, run_after=None
[2025-02-01T12:05:46.887+0000] {processor.py:208} INFO - Processing /home/airflow/.local/lib/python3.9/site-packages/airflow/example_dags/example_local_kubernetes_executor.py took 0.056 seconds
[2025-02-01T12:06:17.409+0000] {processor.py:186} INFO - Started process (PID=1044) to work on /home/airflow/.local/lib/python3.9/site-packages/airflow/example_dags/example_local_kubernetes_executor.py
[2025-02-01T12:06:17.410+0000] {processor.py:914} INFO - Processing file /home/airflow/.local/lib/python3.9/site-packages/airflow/example_dags/example_local_kubernetes_executor.py for tasks to queue
[2025-02-01T12:06:17.411+0000] {logging_mixin.py:190} INFO - [2025-02-01T12:06:17.411+0000] {dagbag.py:588} INFO - Filling up the DagBag from /home/airflow/.local/lib/python3.9/site-packages/airflow/example_dags/example_local_kubernetes_executor.py
[2025-02-01T12:06:17.418+0000] {processor.py:925} INFO - DAG(s) 'example_local_kubernetes_executor' retrieved from /home/airflow/.local/lib/python3.9/site-packages/airflow/example_dags/example_local_kubernetes_executor.py
[2025-02-01T12:06:17.434+0000] {logging_mixin.py:190} INFO - [2025-02-01T12:06:17.434+0000] {dag.py:3239} INFO - Sync 1 DAGs
[2025-02-01T12:06:17.446+0000] {logging_mixin.py:190} INFO - [2025-02-01T12:06:17.446+0000] {dag.py:4180} INFO - Setting next_dagrun for example_local_kubernetes_executor to None, run_after=None
[2025-02-01T12:06:17.459+0000] {processor.py:208} INFO - Processing /home/airflow/.local/lib/python3.9/site-packages/airflow/example_dags/example_local_kubernetes_executor.py took 0.054 seconds
[2025-02-01T12:06:47.790+0000] {processor.py:186} INFO - Started process (PID=1106) to work on /home/airflow/.local/lib/python3.9/site-packages/airflow/example_dags/example_local_kubernetes_executor.py
[2025-02-01T12:06:47.790+0000] {processor.py:914} INFO - Processing file /home/airflow/.local/lib/python3.9/site-packages/airflow/example_dags/example_local_kubernetes_executor.py for tasks to queue
[2025-02-01T12:06:47.792+0000] {logging_mixin.py:190} INFO - [2025-02-01T12:06:47.792+0000] {dagbag.py:588} INFO - Filling up the DagBag from /home/airflow/.local/lib/python3.9/site-packages/airflow/example_dags/example_local_kubernetes_executor.py
[2025-02-01T12:06:47.799+0000] {processor.py:925} INFO - DAG(s) 'example_local_kubernetes_executor' retrieved from /home/airflow/.local/lib/python3.9/site-packages/airflow/example_dags/example_local_kubernetes_executor.py
[2025-02-01T12:06:47.817+0000] {logging_mixin.py:190} INFO - [2025-02-01T12:06:47.816+0000] {dag.py:3239} INFO - Sync 1 DAGs
[2025-02-01T12:06:47.827+0000] {logging_mixin.py:190} INFO - [2025-02-01T12:06:47.826+0000] {dag.py:4180} INFO - Setting next_dagrun for example_local_kubernetes_executor to None, run_after=None
[2025-02-01T12:06:47.839+0000] {processor.py:208} INFO - Processing /home/airflow/.local/lib/python3.9/site-packages/airflow/example_dags/example_local_kubernetes_executor.py took 0.054 seconds
[2025-02-01T12:07:17.998+0000] {processor.py:186} INFO - Started process (PID=1169) to work on /home/airflow/.local/lib/python3.9/site-packages/airflow/example_dags/example_local_kubernetes_executor.py
[2025-02-01T12:07:17.999+0000] {processor.py:914} INFO - Processing file /home/airflow/.local/lib/python3.9/site-packages/airflow/example_dags/example_local_kubernetes_executor.py for tasks to queue
[2025-02-01T12:07:18.001+0000] {logging_mixin.py:190} INFO - [2025-02-01T12:07:18.001+0000] {dagbag.py:588} INFO - Filling up the DagBag from /home/airflow/.local/lib/python3.9/site-packages/airflow/example_dags/example_local_kubernetes_executor.py
[2025-02-01T12:07:18.016+0000] {processor.py:925} INFO - DAG(s) 'example_local_kubernetes_executor' retrieved from /home/airflow/.local/lib/python3.9/site-packages/airflow/example_dags/example_local_kubernetes_executor.py
[2025-02-01T12:07:18.038+0000] {logging_mixin.py:190} INFO - [2025-02-01T12:07:18.037+0000] {dag.py:3239} INFO - Sync 1 DAGs
[2025-02-01T12:07:18.069+0000] {logging_mixin.py:190} INFO - [2025-02-01T12:07:18.069+0000] {dag.py:4180} INFO - Setting next_dagrun for example_local_kubernetes_executor to None, run_after=None
[2025-02-01T12:07:18.110+0000] {processor.py:208} INFO - Processing /home/airflow/.local/lib/python3.9/site-packages/airflow/example_dags/example_local_kubernetes_executor.py took 0.119 seconds
[2025-02-01T12:07:49.001+0000] {processor.py:186} INFO - Started process (PID=1232) to work on /home/airflow/.local/lib/python3.9/site-packages/airflow/example_dags/example_local_kubernetes_executor.py
[2025-02-01T12:07:49.002+0000] {processor.py:914} INFO - Processing file /home/airflow/.local/lib/python3.9/site-packages/airflow/example_dags/example_local_kubernetes_executor.py for tasks to queue
[2025-02-01T12:07:49.004+0000] {logging_mixin.py:190} INFO - [2025-02-01T12:07:49.004+0000] {dagbag.py:588} INFO - Filling up the DagBag from /home/airflow/.local/lib/python3.9/site-packages/airflow/example_dags/example_local_kubernetes_executor.py
[2025-02-01T12:07:49.014+0000] {processor.py:925} INFO - DAG(s) 'example_local_kubernetes_executor' retrieved from /home/airflow/.local/lib/python3.9/site-packages/airflow/example_dags/example_local_kubernetes_executor.py
[2025-02-01T12:07:49.035+0000] {logging_mixin.py:190} INFO - [2025-02-01T12:07:49.035+0000] {dag.py:3239} INFO - Sync 1 DAGs
[2025-02-01T12:07:49.051+0000] {logging_mixin.py:190} INFO - [2025-02-01T12:07:49.050+0000] {dag.py:4180} INFO - Setting next_dagrun for example_local_kubernetes_executor to None, run_after=None
[2025-02-01T12:07:49.068+0000] {processor.py:208} INFO - Processing /home/airflow/.local/lib/python3.9/site-packages/airflow/example_dags/example_local_kubernetes_executor.py took 0.074 seconds
[2025-02-01T12:08:20.067+0000] {processor.py:186} INFO - Started process (PID=1296) to work on /home/airflow/.local/lib/python3.9/site-packages/airflow/example_dags/example_local_kubernetes_executor.py
[2025-02-01T12:08:20.068+0000] {processor.py:914} INFO - Processing file /home/airflow/.local/lib/python3.9/site-packages/airflow/example_dags/example_local_kubernetes_executor.py for tasks to queue
[2025-02-01T12:08:20.070+0000] {logging_mixin.py:190} INFO - [2025-02-01T12:08:20.070+0000] {dagbag.py:588} INFO - Filling up the DagBag from /home/airflow/.local/lib/python3.9/site-packages/airflow/example_dags/example_local_kubernetes_executor.py
[2025-02-01T12:08:20.103+0000] {processor.py:925} INFO - DAG(s) 'example_local_kubernetes_executor' retrieved from /home/airflow/.local/lib/python3.9/site-packages/airflow/example_dags/example_local_kubernetes_executor.py
[2025-02-01T12:08:20.183+0000] {logging_mixin.py:190} INFO - [2025-02-01T12:08:20.183+0000] {dag.py:3239} INFO - Sync 1 DAGs
[2025-02-01T12:08:20.209+0000] {logging_mixin.py:190} INFO - [2025-02-01T12:08:20.208+0000] {dag.py:4180} INFO - Setting next_dagrun for example_local_kubernetes_executor to None, run_after=None
[2025-02-01T12:08:20.297+0000] {processor.py:208} INFO - Processing /home/airflow/.local/lib/python3.9/site-packages/airflow/example_dags/example_local_kubernetes_executor.py took 0.254 seconds
[2025-02-01T12:08:50.784+0000] {processor.py:186} INFO - Started process (PID=1359) to work on /home/airflow/.local/lib/python3.9/site-packages/airflow/example_dags/example_local_kubernetes_executor.py
[2025-02-01T12:08:50.785+0000] {processor.py:914} INFO - Processing file /home/airflow/.local/lib/python3.9/site-packages/airflow/example_dags/example_local_kubernetes_executor.py for tasks to queue
[2025-02-01T12:08:50.787+0000] {logging_mixin.py:190} INFO - [2025-02-01T12:08:50.786+0000] {dagbag.py:588} INFO - Filling up the DagBag from /home/airflow/.local/lib/python3.9/site-packages/airflow/example_dags/example_local_kubernetes_executor.py
[2025-02-01T12:08:50.797+0000] {processor.py:925} INFO - DAG(s) 'example_local_kubernetes_executor' retrieved from /home/airflow/.local/lib/python3.9/site-packages/airflow/example_dags/example_local_kubernetes_executor.py
[2025-02-01T12:08:50.895+0000] {logging_mixin.py:190} INFO - [2025-02-01T12:08:50.895+0000] {dag.py:3239} INFO - Sync 1 DAGs
[2025-02-01T12:08:50.914+0000] {logging_mixin.py:190} INFO - [2025-02-01T12:08:50.914+0000] {dag.py:4180} INFO - Setting next_dagrun for example_local_kubernetes_executor to None, run_after=None
[2025-02-01T12:08:50.957+0000] {processor.py:208} INFO - Processing /home/airflow/.local/lib/python3.9/site-packages/airflow/example_dags/example_local_kubernetes_executor.py took 0.181 seconds
[2025-02-01T12:09:21.083+0000] {processor.py:186} INFO - Started process (PID=1421) to work on /home/airflow/.local/lib/python3.9/site-packages/airflow/example_dags/example_local_kubernetes_executor.py
[2025-02-01T12:09:21.084+0000] {processor.py:914} INFO - Processing file /home/airflow/.local/lib/python3.9/site-packages/airflow/example_dags/example_local_kubernetes_executor.py for tasks to queue
[2025-02-01T12:09:21.086+0000] {logging_mixin.py:190} INFO - [2025-02-01T12:09:21.086+0000] {dagbag.py:588} INFO - Filling up the DagBag from /home/airflow/.local/lib/python3.9/site-packages/airflow/example_dags/example_local_kubernetes_executor.py
[2025-02-01T12:09:21.095+0000] {processor.py:925} INFO - DAG(s) 'example_local_kubernetes_executor' retrieved from /home/airflow/.local/lib/python3.9/site-packages/airflow/example_dags/example_local_kubernetes_executor.py
[2025-02-01T12:09:21.111+0000] {logging_mixin.py:190} INFO - [2025-02-01T12:09:21.111+0000] {dag.py:3239} INFO - Sync 1 DAGs
[2025-02-01T12:09:21.122+0000] {logging_mixin.py:190} INFO - [2025-02-01T12:09:21.121+0000] {dag.py:4180} INFO - Setting next_dagrun for example_local_kubernetes_executor to None, run_after=None
[2025-02-01T12:09:21.136+0000] {processor.py:208} INFO - Processing /home/airflow/.local/lib/python3.9/site-packages/airflow/example_dags/example_local_kubernetes_executor.py took 0.060 seconds
[2025-02-01T12:09:51.219+0000] {processor.py:186} INFO - Started process (PID=1484) to work on /home/airflow/.local/lib/python3.9/site-packages/airflow/example_dags/example_local_kubernetes_executor.py
[2025-02-01T12:09:51.220+0000] {processor.py:914} INFO - Processing file /home/airflow/.local/lib/python3.9/site-packages/airflow/example_dags/example_local_kubernetes_executor.py for tasks to queue
[2025-02-01T12:09:51.222+0000] {logging_mixin.py:190} INFO - [2025-02-01T12:09:51.222+0000] {dagbag.py:588} INFO - Filling up the DagBag from /home/airflow/.local/lib/python3.9/site-packages/airflow/example_dags/example_local_kubernetes_executor.py
[2025-02-01T12:09:51.230+0000] {processor.py:925} INFO - DAG(s) 'example_local_kubernetes_executor' retrieved from /home/airflow/.local/lib/python3.9/site-packages/airflow/example_dags/example_local_kubernetes_executor.py
[2025-02-01T12:09:51.245+0000] {logging_mixin.py:190} INFO - [2025-02-01T12:09:51.245+0000] {dag.py:3239} INFO - Sync 1 DAGs
[2025-02-01T12:09:51.255+0000] {logging_mixin.py:190} INFO - [2025-02-01T12:09:51.255+0000] {dag.py:4180} INFO - Setting next_dagrun for example_local_kubernetes_executor to None, run_after=None
[2025-02-01T12:09:51.268+0000] {processor.py:208} INFO - Processing /home/airflow/.local/lib/python3.9/site-packages/airflow/example_dags/example_local_kubernetes_executor.py took 0.056 seconds
