[2025-02-01T11:58:21.600+0000] {processor.py:186} INFO - Started process (PID=72) to work on /home/airflow/.local/lib/python3.9/site-packages/airflow/example_dags/example_dynamic_task_mapping.py
[2025-02-01T11:58:21.615+0000] {processor.py:914} INFO - Processing file /home/airflow/.local/lib/python3.9/site-packages/airflow/example_dags/example_dynamic_task_mapping.py for tasks to queue
[2025-02-01T11:58:21.617+0000] {logging_mixin.py:190} INFO - [2025-02-01T11:58:21.617+0000] {dagbag.py:588} INFO - Filling up the DagBag from /home/airflow/.local/lib/python3.9/site-packages/airflow/example_dags/example_dynamic_task_mapping.py
[2025-02-01T11:58:21.753+0000] {processor.py:925} INFO - DAG(s) 'example_dynamic_task_mapping' retrieved from /home/airflow/.local/lib/python3.9/site-packages/airflow/example_dags/example_dynamic_task_mapping.py
[2025-02-01T11:58:22.222+0000] {logging_mixin.py:190} INFO - [2025-02-01T11:58:22.221+0000] {override.py:1911} INFO - Created Permission View: can edit on DAG:example_dynamic_task_mapping
[2025-02-01T11:58:22.248+0000] {logging_mixin.py:190} INFO - [2025-02-01T11:58:22.247+0000] {override.py:1911} INFO - Created Permission View: can delete on DAG:example_dynamic_task_mapping
[2025-02-01T11:58:22.272+0000] {logging_mixin.py:190} INFO - [2025-02-01T11:58:22.271+0000] {override.py:1911} INFO - Created Permission View: can read on DAG:example_dynamic_task_mapping
[2025-02-01T11:58:22.293+0000] {logging_mixin.py:190} INFO - [2025-02-01T11:58:22.293+0000] {override.py:1911} INFO - Created Permission View: can create on DAG Run:example_dynamic_task_mapping
[2025-02-01T11:58:22.311+0000] {logging_mixin.py:190} INFO - [2025-02-01T11:58:22.310+0000] {override.py:1911} INFO - Created Permission View: can delete on DAG Run:example_dynamic_task_mapping
[2025-02-01T11:58:22.324+0000] {logging_mixin.py:190} INFO - [2025-02-01T11:58:22.323+0000] {override.py:1911} INFO - Created Permission View: can read on DAG Run:example_dynamic_task_mapping
[2025-02-01T11:58:22.336+0000] {logging_mixin.py:190} INFO - [2025-02-01T11:58:22.336+0000] {override.py:1911} INFO - Created Permission View: menu access on DAG Run:example_dynamic_task_mapping
[2025-02-01T11:58:22.338+0000] {logging_mixin.py:190} INFO - [2025-02-01T11:58:22.338+0000] {dag.py:3239} INFO - Sync 1 DAGs
[2025-02-01T11:58:22.367+0000] {logging_mixin.py:190} INFO - [2025-02-01T11:58:22.367+0000] {dag.py:3262} INFO - Creating ORM DAG for example_dynamic_task_mapping
[2025-02-01T11:58:22.372+0000] {logging_mixin.py:190} INFO - [2025-02-01T11:58:22.372+0000] {dag.py:4180} INFO - Setting next_dagrun for example_dynamic_task_mapping to None, run_after=None
[2025-02-01T11:58:22.477+0000] {processor.py:208} INFO - Processing /home/airflow/.local/lib/python3.9/site-packages/airflow/example_dags/example_dynamic_task_mapping.py took 0.913 seconds
[2025-02-01T11:58:53.424+0000] {processor.py:186} INFO - Started process (PID=140) to work on /home/airflow/.local/lib/python3.9/site-packages/airflow/example_dags/example_dynamic_task_mapping.py
[2025-02-01T11:58:53.425+0000] {processor.py:914} INFO - Processing file /home/airflow/.local/lib/python3.9/site-packages/airflow/example_dags/example_dynamic_task_mapping.py for tasks to queue
[2025-02-01T11:58:53.430+0000] {logging_mixin.py:190} INFO - [2025-02-01T11:58:53.430+0000] {dagbag.py:588} INFO - Filling up the DagBag from /home/airflow/.local/lib/python3.9/site-packages/airflow/example_dags/example_dynamic_task_mapping.py
[2025-02-01T11:58:53.439+0000] {processor.py:925} INFO - DAG(s) 'example_dynamic_task_mapping' retrieved from /home/airflow/.local/lib/python3.9/site-packages/airflow/example_dags/example_dynamic_task_mapping.py
[2025-02-01T11:58:53.462+0000] {logging_mixin.py:190} INFO - [2025-02-01T11:58:53.461+0000] {dag.py:3239} INFO - Sync 1 DAGs
[2025-02-01T11:58:53.480+0000] {logging_mixin.py:190} INFO - [2025-02-01T11:58:53.480+0000] {dag.py:4180} INFO - Setting next_dagrun for example_dynamic_task_mapping to None, run_after=None
[2025-02-01T11:58:53.499+0000] {processor.py:208} INFO - Processing /home/airflow/.local/lib/python3.9/site-packages/airflow/example_dags/example_dynamic_task_mapping.py took 0.082 seconds
[2025-02-01T11:59:23.818+0000] {processor.py:186} INFO - Started process (PID=203) to work on /home/airflow/.local/lib/python3.9/site-packages/airflow/example_dags/example_dynamic_task_mapping.py
[2025-02-01T11:59:23.819+0000] {processor.py:914} INFO - Processing file /home/airflow/.local/lib/python3.9/site-packages/airflow/example_dags/example_dynamic_task_mapping.py for tasks to queue
[2025-02-01T11:59:23.821+0000] {logging_mixin.py:190} INFO - [2025-02-01T11:59:23.820+0000] {dagbag.py:588} INFO - Filling up the DagBag from /home/airflow/.local/lib/python3.9/site-packages/airflow/example_dags/example_dynamic_task_mapping.py
[2025-02-01T11:59:23.827+0000] {processor.py:925} INFO - DAG(s) 'example_dynamic_task_mapping' retrieved from /home/airflow/.local/lib/python3.9/site-packages/airflow/example_dags/example_dynamic_task_mapping.py
[2025-02-01T11:59:23.841+0000] {logging_mixin.py:190} INFO - [2025-02-01T11:59:23.841+0000] {dag.py:3239} INFO - Sync 1 DAGs
[2025-02-01T11:59:23.851+0000] {logging_mixin.py:190} INFO - [2025-02-01T11:59:23.851+0000] {dag.py:4180} INFO - Setting next_dagrun for example_dynamic_task_mapping to None, run_after=None
[2025-02-01T11:59:23.864+0000] {processor.py:208} INFO - Processing /home/airflow/.local/lib/python3.9/site-packages/airflow/example_dags/example_dynamic_task_mapping.py took 0.052 seconds
[2025-02-01T11:59:54.562+0000] {processor.py:186} INFO - Started process (PID=266) to work on /home/airflow/.local/lib/python3.9/site-packages/airflow/example_dags/example_dynamic_task_mapping.py
[2025-02-01T11:59:54.562+0000] {processor.py:914} INFO - Processing file /home/airflow/.local/lib/python3.9/site-packages/airflow/example_dags/example_dynamic_task_mapping.py for tasks to queue
[2025-02-01T11:59:54.564+0000] {logging_mixin.py:190} INFO - [2025-02-01T11:59:54.564+0000] {dagbag.py:588} INFO - Filling up the DagBag from /home/airflow/.local/lib/python3.9/site-packages/airflow/example_dags/example_dynamic_task_mapping.py
[2025-02-01T11:59:54.570+0000] {processor.py:925} INFO - DAG(s) 'example_dynamic_task_mapping' retrieved from /home/airflow/.local/lib/python3.9/site-packages/airflow/example_dags/example_dynamic_task_mapping.py
[2025-02-01T11:59:54.584+0000] {logging_mixin.py:190} INFO - [2025-02-01T11:59:54.584+0000] {dag.py:3239} INFO - Sync 1 DAGs
[2025-02-01T11:59:54.595+0000] {logging_mixin.py:190} INFO - [2025-02-01T11:59:54.595+0000] {dag.py:4180} INFO - Setting next_dagrun for example_dynamic_task_mapping to None, run_after=None
[2025-02-01T11:59:54.607+0000] {processor.py:208} INFO - Processing /home/airflow/.local/lib/python3.9/site-packages/airflow/example_dags/example_dynamic_task_mapping.py took 0.051 seconds
[2025-02-01T12:00:25.555+0000] {processor.py:186} INFO - Started process (PID=330) to work on /home/airflow/.local/lib/python3.9/site-packages/airflow/example_dags/example_dynamic_task_mapping.py
[2025-02-01T12:00:25.556+0000] {processor.py:914} INFO - Processing file /home/airflow/.local/lib/python3.9/site-packages/airflow/example_dags/example_dynamic_task_mapping.py for tasks to queue
[2025-02-01T12:00:25.558+0000] {logging_mixin.py:190} INFO - [2025-02-01T12:00:25.558+0000] {dagbag.py:588} INFO - Filling up the DagBag from /home/airflow/.local/lib/python3.9/site-packages/airflow/example_dags/example_dynamic_task_mapping.py
[2025-02-01T12:00:25.572+0000] {processor.py:925} INFO - DAG(s) 'example_dynamic_task_mapping' retrieved from /home/airflow/.local/lib/python3.9/site-packages/airflow/example_dags/example_dynamic_task_mapping.py
[2025-02-01T12:00:25.592+0000] {logging_mixin.py:190} INFO - [2025-02-01T12:00:25.591+0000] {dag.py:3239} INFO - Sync 1 DAGs
[2025-02-01T12:00:25.606+0000] {logging_mixin.py:190} INFO - [2025-02-01T12:00:25.606+0000] {dag.py:4180} INFO - Setting next_dagrun for example_dynamic_task_mapping to None, run_after=None
[2025-02-01T12:00:25.622+0000] {processor.py:208} INFO - Processing /home/airflow/.local/lib/python3.9/site-packages/airflow/example_dags/example_dynamic_task_mapping.py took 0.073 seconds
[2025-02-01T12:00:55.830+0000] {processor.py:186} INFO - Started process (PID=392) to work on /home/airflow/.local/lib/python3.9/site-packages/airflow/example_dags/example_dynamic_task_mapping.py
[2025-02-01T12:00:55.830+0000] {processor.py:914} INFO - Processing file /home/airflow/.local/lib/python3.9/site-packages/airflow/example_dags/example_dynamic_task_mapping.py for tasks to queue
[2025-02-01T12:00:55.832+0000] {logging_mixin.py:190} INFO - [2025-02-01T12:00:55.832+0000] {dagbag.py:588} INFO - Filling up the DagBag from /home/airflow/.local/lib/python3.9/site-packages/airflow/example_dags/example_dynamic_task_mapping.py
[2025-02-01T12:00:55.838+0000] {processor.py:925} INFO - DAG(s) 'example_dynamic_task_mapping' retrieved from /home/airflow/.local/lib/python3.9/site-packages/airflow/example_dags/example_dynamic_task_mapping.py
[2025-02-01T12:00:55.853+0000] {logging_mixin.py:190} INFO - [2025-02-01T12:00:55.853+0000] {dag.py:3239} INFO - Sync 1 DAGs
[2025-02-01T12:00:55.863+0000] {logging_mixin.py:190} INFO - [2025-02-01T12:00:55.863+0000] {dag.py:4180} INFO - Setting next_dagrun for example_dynamic_task_mapping to None, run_after=None
[2025-02-01T12:00:55.875+0000] {processor.py:208} INFO - Processing /home/airflow/.local/lib/python3.9/site-packages/airflow/example_dags/example_dynamic_task_mapping.py took 0.050 seconds
[2025-02-01T12:01:26.251+0000] {processor.py:186} INFO - Started process (PID=455) to work on /home/airflow/.local/lib/python3.9/site-packages/airflow/example_dags/example_dynamic_task_mapping.py
[2025-02-01T12:01:26.252+0000] {processor.py:914} INFO - Processing file /home/airflow/.local/lib/python3.9/site-packages/airflow/example_dags/example_dynamic_task_mapping.py for tasks to queue
[2025-02-01T12:01:26.254+0000] {logging_mixin.py:190} INFO - [2025-02-01T12:01:26.254+0000] {dagbag.py:588} INFO - Filling up the DagBag from /home/airflow/.local/lib/python3.9/site-packages/airflow/example_dags/example_dynamic_task_mapping.py
[2025-02-01T12:01:26.264+0000] {processor.py:925} INFO - DAG(s) 'example_dynamic_task_mapping' retrieved from /home/airflow/.local/lib/python3.9/site-packages/airflow/example_dags/example_dynamic_task_mapping.py
[2025-02-01T12:01:26.346+0000] {logging_mixin.py:190} INFO - [2025-02-01T12:01:26.346+0000] {dag.py:3239} INFO - Sync 1 DAGs
[2025-02-01T12:01:26.368+0000] {logging_mixin.py:190} INFO - [2025-02-01T12:01:26.368+0000] {dag.py:4180} INFO - Setting next_dagrun for example_dynamic_task_mapping to None, run_after=None
[2025-02-01T12:01:26.415+0000] {processor.py:208} INFO - Processing /home/airflow/.local/lib/python3.9/site-packages/airflow/example_dags/example_dynamic_task_mapping.py took 0.177 seconds
[2025-02-01T12:01:57.367+0000] {processor.py:186} INFO - Started process (PID=519) to work on /home/airflow/.local/lib/python3.9/site-packages/airflow/example_dags/example_dynamic_task_mapping.py
[2025-02-01T12:01:57.367+0000] {processor.py:914} INFO - Processing file /home/airflow/.local/lib/python3.9/site-packages/airflow/example_dags/example_dynamic_task_mapping.py for tasks to queue
[2025-02-01T12:01:57.369+0000] {logging_mixin.py:190} INFO - [2025-02-01T12:01:57.369+0000] {dagbag.py:588} INFO - Filling up the DagBag from /home/airflow/.local/lib/python3.9/site-packages/airflow/example_dags/example_dynamic_task_mapping.py
[2025-02-01T12:01:57.375+0000] {processor.py:925} INFO - DAG(s) 'example_dynamic_task_mapping' retrieved from /home/airflow/.local/lib/python3.9/site-packages/airflow/example_dags/example_dynamic_task_mapping.py
[2025-02-01T12:01:57.391+0000] {logging_mixin.py:190} INFO - [2025-02-01T12:01:57.391+0000] {dag.py:3239} INFO - Sync 1 DAGs
[2025-02-01T12:01:57.402+0000] {logging_mixin.py:190} INFO - [2025-02-01T12:01:57.401+0000] {dag.py:4180} INFO - Setting next_dagrun for example_dynamic_task_mapping to None, run_after=None
[2025-02-01T12:01:57.416+0000] {processor.py:208} INFO - Processing /home/airflow/.local/lib/python3.9/site-packages/airflow/example_dags/example_dynamic_task_mapping.py took 0.054 seconds
[2025-02-01T12:02:27.631+0000] {processor.py:186} INFO - Started process (PID=582) to work on /home/airflow/.local/lib/python3.9/site-packages/airflow/example_dags/example_dynamic_task_mapping.py
[2025-02-01T12:02:27.632+0000] {processor.py:914} INFO - Processing file /home/airflow/.local/lib/python3.9/site-packages/airflow/example_dags/example_dynamic_task_mapping.py for tasks to queue
[2025-02-01T12:02:27.633+0000] {logging_mixin.py:190} INFO - [2025-02-01T12:02:27.633+0000] {dagbag.py:588} INFO - Filling up the DagBag from /home/airflow/.local/lib/python3.9/site-packages/airflow/example_dags/example_dynamic_task_mapping.py
[2025-02-01T12:02:27.640+0000] {processor.py:925} INFO - DAG(s) 'example_dynamic_task_mapping' retrieved from /home/airflow/.local/lib/python3.9/site-packages/airflow/example_dags/example_dynamic_task_mapping.py
[2025-02-01T12:02:27.655+0000] {logging_mixin.py:190} INFO - [2025-02-01T12:02:27.655+0000] {dag.py:3239} INFO - Sync 1 DAGs
[2025-02-01T12:02:27.665+0000] {logging_mixin.py:190} INFO - [2025-02-01T12:02:27.665+0000] {dag.py:4180} INFO - Setting next_dagrun for example_dynamic_task_mapping to None, run_after=None
[2025-02-01T12:02:27.677+0000] {processor.py:208} INFO - Processing /home/airflow/.local/lib/python3.9/site-packages/airflow/example_dags/example_dynamic_task_mapping.py took 0.051 seconds
[2025-02-01T12:02:58.448+0000] {processor.py:186} INFO - Started process (PID=644) to work on /home/airflow/.local/lib/python3.9/site-packages/airflow/example_dags/example_dynamic_task_mapping.py
[2025-02-01T12:02:58.449+0000] {processor.py:914} INFO - Processing file /home/airflow/.local/lib/python3.9/site-packages/airflow/example_dags/example_dynamic_task_mapping.py for tasks to queue
[2025-02-01T12:02:58.450+0000] {logging_mixin.py:190} INFO - [2025-02-01T12:02:58.450+0000] {dagbag.py:588} INFO - Filling up the DagBag from /home/airflow/.local/lib/python3.9/site-packages/airflow/example_dags/example_dynamic_task_mapping.py
[2025-02-01T12:02:58.456+0000] {processor.py:925} INFO - DAG(s) 'example_dynamic_task_mapping' retrieved from /home/airflow/.local/lib/python3.9/site-packages/airflow/example_dags/example_dynamic_task_mapping.py
[2025-02-01T12:02:58.471+0000] {logging_mixin.py:190} INFO - [2025-02-01T12:02:58.471+0000] {dag.py:3239} INFO - Sync 1 DAGs
[2025-02-01T12:02:58.483+0000] {logging_mixin.py:190} INFO - [2025-02-01T12:02:58.483+0000] {dag.py:4180} INFO - Setting next_dagrun for example_dynamic_task_mapping to None, run_after=None
[2025-02-01T12:02:58.496+0000] {processor.py:208} INFO - Processing /home/airflow/.local/lib/python3.9/site-packages/airflow/example_dags/example_dynamic_task_mapping.py took 0.053 seconds
[2025-02-01T12:03:29.298+0000] {processor.py:186} INFO - Started process (PID=707) to work on /home/airflow/.local/lib/python3.9/site-packages/airflow/example_dags/example_dynamic_task_mapping.py
[2025-02-01T12:03:29.299+0000] {processor.py:914} INFO - Processing file /home/airflow/.local/lib/python3.9/site-packages/airflow/example_dags/example_dynamic_task_mapping.py for tasks to queue
[2025-02-01T12:03:29.301+0000] {logging_mixin.py:190} INFO - [2025-02-01T12:03:29.301+0000] {dagbag.py:588} INFO - Filling up the DagBag from /home/airflow/.local/lib/python3.9/site-packages/airflow/example_dags/example_dynamic_task_mapping.py
[2025-02-01T12:03:29.307+0000] {processor.py:925} INFO - DAG(s) 'example_dynamic_task_mapping' retrieved from /home/airflow/.local/lib/python3.9/site-packages/airflow/example_dags/example_dynamic_task_mapping.py
[2025-02-01T12:03:29.322+0000] {logging_mixin.py:190} INFO - [2025-02-01T12:03:29.322+0000] {dag.py:3239} INFO - Sync 1 DAGs
[2025-02-01T12:03:29.334+0000] {logging_mixin.py:190} INFO - [2025-02-01T12:03:29.333+0000] {dag.py:4180} INFO - Setting next_dagrun for example_dynamic_task_mapping to None, run_after=None
[2025-02-01T12:03:29.347+0000] {processor.py:208} INFO - Processing /home/airflow/.local/lib/python3.9/site-packages/airflow/example_dags/example_dynamic_task_mapping.py took 0.054 seconds
[2025-02-01T12:03:59.988+0000] {processor.py:186} INFO - Started process (PID=770) to work on /home/airflow/.local/lib/python3.9/site-packages/airflow/example_dags/example_dynamic_task_mapping.py
[2025-02-01T12:03:59.989+0000] {processor.py:914} INFO - Processing file /home/airflow/.local/lib/python3.9/site-packages/airflow/example_dags/example_dynamic_task_mapping.py for tasks to queue
[2025-02-01T12:03:59.991+0000] {logging_mixin.py:190} INFO - [2025-02-01T12:03:59.990+0000] {dagbag.py:588} INFO - Filling up the DagBag from /home/airflow/.local/lib/python3.9/site-packages/airflow/example_dags/example_dynamic_task_mapping.py
[2025-02-01T12:03:59.998+0000] {processor.py:925} INFO - DAG(s) 'example_dynamic_task_mapping' retrieved from /home/airflow/.local/lib/python3.9/site-packages/airflow/example_dags/example_dynamic_task_mapping.py
[2025-02-01T12:04:00.018+0000] {logging_mixin.py:190} INFO - [2025-02-01T12:04:00.018+0000] {dag.py:3239} INFO - Sync 1 DAGs
[2025-02-01T12:04:00.036+0000] {logging_mixin.py:190} INFO - [2025-02-01T12:04:00.036+0000] {dag.py:4180} INFO - Setting next_dagrun for example_dynamic_task_mapping to None, run_after=None
[2025-02-01T12:04:00.049+0000] {processor.py:208} INFO - Processing /home/airflow/.local/lib/python3.9/site-packages/airflow/example_dags/example_dynamic_task_mapping.py took 0.065 seconds
[2025-02-01T12:04:30.634+0000] {processor.py:186} INFO - Started process (PID=834) to work on /home/airflow/.local/lib/python3.9/site-packages/airflow/example_dags/example_dynamic_task_mapping.py
[2025-02-01T12:04:30.635+0000] {processor.py:914} INFO - Processing file /home/airflow/.local/lib/python3.9/site-packages/airflow/example_dags/example_dynamic_task_mapping.py for tasks to queue
[2025-02-01T12:04:30.637+0000] {logging_mixin.py:190} INFO - [2025-02-01T12:04:30.637+0000] {dagbag.py:588} INFO - Filling up the DagBag from /home/airflow/.local/lib/python3.9/site-packages/airflow/example_dags/example_dynamic_task_mapping.py
[2025-02-01T12:04:30.647+0000] {processor.py:925} INFO - DAG(s) 'example_dynamic_task_mapping' retrieved from /home/airflow/.local/lib/python3.9/site-packages/airflow/example_dags/example_dynamic_task_mapping.py
[2025-02-01T12:04:30.663+0000] {logging_mixin.py:190} INFO - [2025-02-01T12:04:30.663+0000] {dag.py:3239} INFO - Sync 1 DAGs
[2025-02-01T12:04:30.682+0000] {logging_mixin.py:190} INFO - [2025-02-01T12:04:30.681+0000] {dag.py:4180} INFO - Setting next_dagrun for example_dynamic_task_mapping to None, run_after=None
[2025-02-01T12:04:30.694+0000] {processor.py:208} INFO - Processing /home/airflow/.local/lib/python3.9/site-packages/airflow/example_dags/example_dynamic_task_mapping.py took 0.068 seconds
[2025-02-01T12:05:00.752+0000] {processor.py:186} INFO - Started process (PID=896) to work on /home/airflow/.local/lib/python3.9/site-packages/airflow/example_dags/example_dynamic_task_mapping.py
[2025-02-01T12:05:00.753+0000] {processor.py:914} INFO - Processing file /home/airflow/.local/lib/python3.9/site-packages/airflow/example_dags/example_dynamic_task_mapping.py for tasks to queue
[2025-02-01T12:05:00.755+0000] {logging_mixin.py:190} INFO - [2025-02-01T12:05:00.755+0000] {dagbag.py:588} INFO - Filling up the DagBag from /home/airflow/.local/lib/python3.9/site-packages/airflow/example_dags/example_dynamic_task_mapping.py
[2025-02-01T12:05:00.761+0000] {processor.py:925} INFO - DAG(s) 'example_dynamic_task_mapping' retrieved from /home/airflow/.local/lib/python3.9/site-packages/airflow/example_dags/example_dynamic_task_mapping.py
[2025-02-01T12:05:00.776+0000] {logging_mixin.py:190} INFO - [2025-02-01T12:05:00.776+0000] {dag.py:3239} INFO - Sync 1 DAGs
[2025-02-01T12:05:00.787+0000] {logging_mixin.py:190} INFO - [2025-02-01T12:05:00.787+0000] {dag.py:4180} INFO - Setting next_dagrun for example_dynamic_task_mapping to None, run_after=None
[2025-02-01T12:05:00.801+0000] {processor.py:208} INFO - Processing /home/airflow/.local/lib/python3.9/site-packages/airflow/example_dags/example_dynamic_task_mapping.py took 0.054 seconds
[2025-02-01T12:05:31.113+0000] {processor.py:186} INFO - Started process (PID=958) to work on /home/airflow/.local/lib/python3.9/site-packages/airflow/example_dags/example_dynamic_task_mapping.py
[2025-02-01T12:05:31.114+0000] {processor.py:914} INFO - Processing file /home/airflow/.local/lib/python3.9/site-packages/airflow/example_dags/example_dynamic_task_mapping.py for tasks to queue
[2025-02-01T12:05:31.115+0000] {logging_mixin.py:190} INFO - [2025-02-01T12:05:31.115+0000] {dagbag.py:588} INFO - Filling up the DagBag from /home/airflow/.local/lib/python3.9/site-packages/airflow/example_dags/example_dynamic_task_mapping.py
[2025-02-01T12:05:31.122+0000] {processor.py:925} INFO - DAG(s) 'example_dynamic_task_mapping' retrieved from /home/airflow/.local/lib/python3.9/site-packages/airflow/example_dags/example_dynamic_task_mapping.py
[2025-02-01T12:05:31.136+0000] {logging_mixin.py:190} INFO - [2025-02-01T12:05:31.136+0000] {dag.py:3239} INFO - Sync 1 DAGs
[2025-02-01T12:05:31.147+0000] {logging_mixin.py:190} INFO - [2025-02-01T12:05:31.147+0000] {dag.py:4180} INFO - Setting next_dagrun for example_dynamic_task_mapping to None, run_after=None
[2025-02-01T12:05:31.160+0000] {processor.py:208} INFO - Processing /home/airflow/.local/lib/python3.9/site-packages/airflow/example_dags/example_dynamic_task_mapping.py took 0.051 seconds
[2025-02-01T12:06:01.730+0000] {processor.py:186} INFO - Started process (PID=1021) to work on /home/airflow/.local/lib/python3.9/site-packages/airflow/example_dags/example_dynamic_task_mapping.py
[2025-02-01T12:06:01.744+0000] {processor.py:914} INFO - Processing file /home/airflow/.local/lib/python3.9/site-packages/airflow/example_dags/example_dynamic_task_mapping.py for tasks to queue
[2025-02-01T12:06:01.751+0000] {logging_mixin.py:190} INFO - [2025-02-01T12:06:01.751+0000] {dagbag.py:588} INFO - Filling up the DagBag from /home/airflow/.local/lib/python3.9/site-packages/airflow/example_dags/example_dynamic_task_mapping.py
[2025-02-01T12:06:01.763+0000] {processor.py:925} INFO - DAG(s) 'example_dynamic_task_mapping' retrieved from /home/airflow/.local/lib/python3.9/site-packages/airflow/example_dags/example_dynamic_task_mapping.py
[2025-02-01T12:06:01.790+0000] {logging_mixin.py:190} INFO - [2025-02-01T12:06:01.790+0000] {dag.py:3239} INFO - Sync 1 DAGs
[2025-02-01T12:06:01.807+0000] {logging_mixin.py:190} INFO - [2025-02-01T12:06:01.807+0000] {dag.py:4180} INFO - Setting next_dagrun for example_dynamic_task_mapping to None, run_after=None
[2025-02-01T12:06:01.865+0000] {processor.py:208} INFO - Processing /home/airflow/.local/lib/python3.9/site-packages/airflow/example_dags/example_dynamic_task_mapping.py took 0.142 seconds
[2025-02-01T12:06:31.926+0000] {processor.py:186} INFO - Started process (PID=1082) to work on /home/airflow/.local/lib/python3.9/site-packages/airflow/example_dags/example_dynamic_task_mapping.py
[2025-02-01T12:06:31.927+0000] {processor.py:914} INFO - Processing file /home/airflow/.local/lib/python3.9/site-packages/airflow/example_dags/example_dynamic_task_mapping.py for tasks to queue
[2025-02-01T12:06:31.928+0000] {logging_mixin.py:190} INFO - [2025-02-01T12:06:31.928+0000] {dagbag.py:588} INFO - Filling up the DagBag from /home/airflow/.local/lib/python3.9/site-packages/airflow/example_dags/example_dynamic_task_mapping.py
[2025-02-01T12:06:31.934+0000] {processor.py:925} INFO - DAG(s) 'example_dynamic_task_mapping' retrieved from /home/airflow/.local/lib/python3.9/site-packages/airflow/example_dags/example_dynamic_task_mapping.py
[2025-02-01T12:06:31.948+0000] {logging_mixin.py:190} INFO - [2025-02-01T12:06:31.948+0000] {dag.py:3239} INFO - Sync 1 DAGs
[2025-02-01T12:06:31.959+0000] {logging_mixin.py:190} INFO - [2025-02-01T12:06:31.958+0000] {dag.py:4180} INFO - Setting next_dagrun for example_dynamic_task_mapping to None, run_after=None
[2025-02-01T12:06:31.970+0000] {processor.py:208} INFO - Processing /home/airflow/.local/lib/python3.9/site-packages/airflow/example_dags/example_dynamic_task_mapping.py took 0.049 seconds
[2025-02-01T12:07:02.343+0000] {processor.py:186} INFO - Started process (PID=1137) to work on /home/airflow/.local/lib/python3.9/site-packages/airflow/example_dags/example_dynamic_task_mapping.py
[2025-02-01T12:07:02.344+0000] {processor.py:914} INFO - Processing file /home/airflow/.local/lib/python3.9/site-packages/airflow/example_dags/example_dynamic_task_mapping.py for tasks to queue
[2025-02-01T12:07:02.347+0000] {logging_mixin.py:190} INFO - [2025-02-01T12:07:02.347+0000] {dagbag.py:588} INFO - Filling up the DagBag from /home/airflow/.local/lib/python3.9/site-packages/airflow/example_dags/example_dynamic_task_mapping.py
[2025-02-01T12:07:02.377+0000] {processor.py:925} INFO - DAG(s) 'example_dynamic_task_mapping' retrieved from /home/airflow/.local/lib/python3.9/site-packages/airflow/example_dags/example_dynamic_task_mapping.py
[2025-02-01T12:07:02.410+0000] {logging_mixin.py:190} INFO - [2025-02-01T12:07:02.409+0000] {dag.py:3239} INFO - Sync 1 DAGs
[2025-02-01T12:07:02.425+0000] {logging_mixin.py:190} INFO - [2025-02-01T12:07:02.425+0000] {dag.py:4180} INFO - Setting next_dagrun for example_dynamic_task_mapping to None, run_after=None
[2025-02-01T12:07:02.449+0000] {processor.py:208} INFO - Processing /home/airflow/.local/lib/python3.9/site-packages/airflow/example_dags/example_dynamic_task_mapping.py took 0.123 seconds
[2025-02-01T12:07:32.498+0000] {processor.py:186} INFO - Started process (PID=1199) to work on /home/airflow/.local/lib/python3.9/site-packages/airflow/example_dags/example_dynamic_task_mapping.py
[2025-02-01T12:07:32.498+0000] {processor.py:914} INFO - Processing file /home/airflow/.local/lib/python3.9/site-packages/airflow/example_dags/example_dynamic_task_mapping.py for tasks to queue
[2025-02-01T12:07:32.501+0000] {logging_mixin.py:190} INFO - [2025-02-01T12:07:32.501+0000] {dagbag.py:588} INFO - Filling up the DagBag from /home/airflow/.local/lib/python3.9/site-packages/airflow/example_dags/example_dynamic_task_mapping.py
[2025-02-01T12:07:32.511+0000] {processor.py:925} INFO - DAG(s) 'example_dynamic_task_mapping' retrieved from /home/airflow/.local/lib/python3.9/site-packages/airflow/example_dags/example_dynamic_task_mapping.py
[2025-02-01T12:07:32.529+0000] {logging_mixin.py:190} INFO - [2025-02-01T12:07:32.529+0000] {dag.py:3239} INFO - Sync 1 DAGs
[2025-02-01T12:07:32.544+0000] {logging_mixin.py:190} INFO - [2025-02-01T12:07:32.544+0000] {dag.py:4180} INFO - Setting next_dagrun for example_dynamic_task_mapping to None, run_after=None
[2025-02-01T12:07:32.576+0000] {processor.py:208} INFO - Processing /home/airflow/.local/lib/python3.9/site-packages/airflow/example_dags/example_dynamic_task_mapping.py took 0.085 seconds
[2025-02-01T12:08:02.685+0000] {processor.py:186} INFO - Started process (PID=1263) to work on /home/airflow/.local/lib/python3.9/site-packages/airflow/example_dags/example_dynamic_task_mapping.py
[2025-02-01T12:08:02.694+0000] {processor.py:914} INFO - Processing file /home/airflow/.local/lib/python3.9/site-packages/airflow/example_dags/example_dynamic_task_mapping.py for tasks to queue
[2025-02-01T12:08:02.697+0000] {logging_mixin.py:190} INFO - [2025-02-01T12:08:02.696+0000] {dagbag.py:588} INFO - Filling up the DagBag from /home/airflow/.local/lib/python3.9/site-packages/airflow/example_dags/example_dynamic_task_mapping.py
[2025-02-01T12:08:02.714+0000] {processor.py:925} INFO - DAG(s) 'example_dynamic_task_mapping' retrieved from /home/airflow/.local/lib/python3.9/site-packages/airflow/example_dags/example_dynamic_task_mapping.py
[2025-02-01T12:08:02.734+0000] {logging_mixin.py:190} INFO - [2025-02-01T12:08:02.734+0000] {dag.py:3239} INFO - Sync 1 DAGs
[2025-02-01T12:08:02.749+0000] {logging_mixin.py:190} INFO - [2025-02-01T12:08:02.749+0000] {dag.py:4180} INFO - Setting next_dagrun for example_dynamic_task_mapping to None, run_after=None
[2025-02-01T12:08:02.766+0000] {processor.py:208} INFO - Processing /home/airflow/.local/lib/python3.9/site-packages/airflow/example_dags/example_dynamic_task_mapping.py took 0.089 seconds
[2025-02-01T12:08:32.817+0000] {processor.py:186} INFO - Started process (PID=1323) to work on /home/airflow/.local/lib/python3.9/site-packages/airflow/example_dags/example_dynamic_task_mapping.py
[2025-02-01T12:08:32.817+0000] {processor.py:914} INFO - Processing file /home/airflow/.local/lib/python3.9/site-packages/airflow/example_dags/example_dynamic_task_mapping.py for tasks to queue
[2025-02-01T12:08:32.825+0000] {logging_mixin.py:190} INFO - [2025-02-01T12:08:32.824+0000] {dagbag.py:588} INFO - Filling up the DagBag from /home/airflow/.local/lib/python3.9/site-packages/airflow/example_dags/example_dynamic_task_mapping.py
[2025-02-01T12:08:32.838+0000] {processor.py:925} INFO - DAG(s) 'example_dynamic_task_mapping' retrieved from /home/airflow/.local/lib/python3.9/site-packages/airflow/example_dags/example_dynamic_task_mapping.py
[2025-02-01T12:08:32.859+0000] {logging_mixin.py:190} INFO - [2025-02-01T12:08:32.859+0000] {dag.py:3239} INFO - Sync 1 DAGs
[2025-02-01T12:08:32.875+0000] {logging_mixin.py:190} INFO - [2025-02-01T12:08:32.875+0000] {dag.py:4180} INFO - Setting next_dagrun for example_dynamic_task_mapping to None, run_after=None
[2025-02-01T12:08:32.894+0000] {processor.py:208} INFO - Processing /home/airflow/.local/lib/python3.9/site-packages/airflow/example_dags/example_dynamic_task_mapping.py took 0.085 seconds
[2025-02-01T12:09:03.298+0000] {processor.py:186} INFO - Started process (PID=1386) to work on /home/airflow/.local/lib/python3.9/site-packages/airflow/example_dags/example_dynamic_task_mapping.py
[2025-02-01T12:09:03.299+0000] {processor.py:914} INFO - Processing file /home/airflow/.local/lib/python3.9/site-packages/airflow/example_dags/example_dynamic_task_mapping.py for tasks to queue
[2025-02-01T12:09:03.302+0000] {logging_mixin.py:190} INFO - [2025-02-01T12:09:03.301+0000] {dagbag.py:588} INFO - Filling up the DagBag from /home/airflow/.local/lib/python3.9/site-packages/airflow/example_dags/example_dynamic_task_mapping.py
[2025-02-01T12:09:03.310+0000] {processor.py:925} INFO - DAG(s) 'example_dynamic_task_mapping' retrieved from /home/airflow/.local/lib/python3.9/site-packages/airflow/example_dags/example_dynamic_task_mapping.py
[2025-02-01T12:09:03.344+0000] {logging_mixin.py:190} INFO - [2025-02-01T12:09:03.343+0000] {dag.py:3239} INFO - Sync 1 DAGs
[2025-02-01T12:09:03.365+0000] {logging_mixin.py:190} INFO - [2025-02-01T12:09:03.365+0000] {dag.py:4180} INFO - Setting next_dagrun for example_dynamic_task_mapping to None, run_after=None
[2025-02-01T12:09:03.380+0000] {processor.py:208} INFO - Processing /home/airflow/.local/lib/python3.9/site-packages/airflow/example_dags/example_dynamic_task_mapping.py took 0.089 seconds
[2025-02-01T12:09:34.367+0000] {processor.py:186} INFO - Started process (PID=1449) to work on /home/airflow/.local/lib/python3.9/site-packages/airflow/example_dags/example_dynamic_task_mapping.py
[2025-02-01T12:09:34.371+0000] {processor.py:914} INFO - Processing file /home/airflow/.local/lib/python3.9/site-packages/airflow/example_dags/example_dynamic_task_mapping.py for tasks to queue
[2025-02-01T12:09:34.373+0000] {logging_mixin.py:190} INFO - [2025-02-01T12:09:34.373+0000] {dagbag.py:588} INFO - Filling up the DagBag from /home/airflow/.local/lib/python3.9/site-packages/airflow/example_dags/example_dynamic_task_mapping.py
[2025-02-01T12:09:34.387+0000] {processor.py:925} INFO - DAG(s) 'example_dynamic_task_mapping' retrieved from /home/airflow/.local/lib/python3.9/site-packages/airflow/example_dags/example_dynamic_task_mapping.py
[2025-02-01T12:09:34.406+0000] {logging_mixin.py:190} INFO - [2025-02-01T12:09:34.406+0000] {dag.py:3239} INFO - Sync 1 DAGs
[2025-02-01T12:09:34.422+0000] {logging_mixin.py:190} INFO - [2025-02-01T12:09:34.421+0000] {dag.py:4180} INFO - Setting next_dagrun for example_dynamic_task_mapping to None, run_after=None
[2025-02-01T12:09:34.438+0000] {processor.py:208} INFO - Processing /home/airflow/.local/lib/python3.9/site-packages/airflow/example_dags/example_dynamic_task_mapping.py took 0.077 seconds
