[2025-02-01T11:58:35.160+0000] {processor.py:186} INFO - Started process (PID=95) to work on /home/airflow/.local/lib/python3.9/site-packages/airflow/example_dags/example_external_task_marker_dag.py
[2025-02-01T11:58:35.160+0000] {processor.py:914} INFO - Processing file /home/airflow/.local/lib/python3.9/site-packages/airflow/example_dags/example_external_task_marker_dag.py for tasks to queue
[2025-02-01T11:58:35.165+0000] {logging_mixin.py:190} INFO - [2025-02-01T11:58:35.164+0000] {dagbag.py:588} INFO - Filling up the DagBag from /home/airflow/.local/lib/python3.9/site-packages/airflow/example_dags/example_external_task_marker_dag.py
[2025-02-01T11:58:35.174+0000] {processor.py:925} INFO - DAG(s) 'example_external_task_marker_child', 'example_external_task_marker_parent' retrieved from /home/airflow/.local/lib/python3.9/site-packages/airflow/example_dags/example_external_task_marker_dag.py
[2025-02-01T11:58:35.395+0000] {logging_mixin.py:190} INFO - [2025-02-01T11:58:35.391+0000] {override.py:1911} INFO - Created Permission View: can edit on DAG:example_external_task_marker_child
[2025-02-01T11:58:35.411+0000] {logging_mixin.py:190} INFO - [2025-02-01T11:58:35.410+0000] {override.py:1911} INFO - Created Permission View: can delete on DAG:example_external_task_marker_child
[2025-02-01T11:58:35.427+0000] {logging_mixin.py:190} INFO - [2025-02-01T11:58:35.427+0000] {override.py:1911} INFO - Created Permission View: can read on DAG:example_external_task_marker_child
[2025-02-01T11:58:35.433+0000] {logging_mixin.py:190} INFO - [2025-02-01T11:58:35.433+0000] {override.py:1911} INFO - Created Permission View: can create on DAG Run:example_external_task_marker_child
[2025-02-01T11:58:35.443+0000] {logging_mixin.py:190} INFO - [2025-02-01T11:58:35.442+0000] {override.py:1911} INFO - Created Permission View: can delete on DAG Run:example_external_task_marker_child
[2025-02-01T11:58:35.452+0000] {logging_mixin.py:190} INFO - [2025-02-01T11:58:35.452+0000] {override.py:1911} INFO - Created Permission View: can read on DAG Run:example_external_task_marker_child
[2025-02-01T11:58:35.464+0000] {logging_mixin.py:190} INFO - [2025-02-01T11:58:35.463+0000] {override.py:1911} INFO - Created Permission View: menu access on DAG Run:example_external_task_marker_child
[2025-02-01T11:58:35.475+0000] {logging_mixin.py:190} INFO - [2025-02-01T11:58:35.475+0000] {override.py:1911} INFO - Created Permission View: can edit on DAG:example_external_task_marker_parent
[2025-02-01T11:58:35.481+0000] {logging_mixin.py:190} INFO - [2025-02-01T11:58:35.481+0000] {override.py:1911} INFO - Created Permission View: can delete on DAG:example_external_task_marker_parent
[2025-02-01T11:58:35.487+0000] {logging_mixin.py:190} INFO - [2025-02-01T11:58:35.487+0000] {override.py:1911} INFO - Created Permission View: can read on DAG:example_external_task_marker_parent
[2025-02-01T11:58:35.493+0000] {logging_mixin.py:190} INFO - [2025-02-01T11:58:35.493+0000] {override.py:1911} INFO - Created Permission View: can create on DAG Run:example_external_task_marker_parent
[2025-02-01T11:58:35.502+0000] {logging_mixin.py:190} INFO - [2025-02-01T11:58:35.501+0000] {override.py:1911} INFO - Created Permission View: can delete on DAG Run:example_external_task_marker_parent
[2025-02-01T11:58:35.510+0000] {logging_mixin.py:190} INFO - [2025-02-01T11:58:35.509+0000] {override.py:1911} INFO - Created Permission View: can read on DAG Run:example_external_task_marker_parent
[2025-02-01T11:58:35.515+0000] {logging_mixin.py:190} INFO - [2025-02-01T11:58:35.515+0000] {override.py:1911} INFO - Created Permission View: menu access on DAG Run:example_external_task_marker_parent
[2025-02-01T11:58:35.515+0000] {logging_mixin.py:190} INFO - [2025-02-01T11:58:35.515+0000] {dag.py:3239} INFO - Sync 2 DAGs
[2025-02-01T11:58:35.541+0000] {logging_mixin.py:190} INFO - [2025-02-01T11:58:35.541+0000] {dag.py:3262} INFO - Creating ORM DAG for example_external_task_marker_child
[2025-02-01T11:58:35.544+0000] {logging_mixin.py:190} INFO - [2025-02-01T11:58:35.544+0000] {dag.py:3262} INFO - Creating ORM DAG for example_external_task_marker_parent
[2025-02-01T11:58:35.547+0000] {logging_mixin.py:190} INFO - [2025-02-01T11:58:35.546+0000] {dag.py:4180} INFO - Setting next_dagrun for example_external_task_marker_child to None, run_after=None
[2025-02-01T11:58:35.547+0000] {logging_mixin.py:190} INFO - [2025-02-01T11:58:35.547+0000] {dag.py:4180} INFO - Setting next_dagrun for example_external_task_marker_parent to None, run_after=None
[2025-02-01T11:58:35.578+0000] {processor.py:208} INFO - Processing /home/airflow/.local/lib/python3.9/site-packages/airflow/example_dags/example_external_task_marker_dag.py took 0.436 seconds
[2025-02-01T11:59:05.989+0000] {processor.py:186} INFO - Started process (PID=158) to work on /home/airflow/.local/lib/python3.9/site-packages/airflow/example_dags/example_external_task_marker_dag.py
[2025-02-01T11:59:05.990+0000] {processor.py:914} INFO - Processing file /home/airflow/.local/lib/python3.9/site-packages/airflow/example_dags/example_external_task_marker_dag.py for tasks to queue
[2025-02-01T11:59:05.992+0000] {logging_mixin.py:190} INFO - [2025-02-01T11:59:05.992+0000] {dagbag.py:588} INFO - Filling up the DagBag from /home/airflow/.local/lib/python3.9/site-packages/airflow/example_dags/example_external_task_marker_dag.py
[2025-02-01T11:59:06.003+0000] {processor.py:925} INFO - DAG(s) 'example_external_task_marker_child', 'example_external_task_marker_parent' retrieved from /home/airflow/.local/lib/python3.9/site-packages/airflow/example_dags/example_external_task_marker_dag.py
[2025-02-01T11:59:06.048+0000] {logging_mixin.py:190} INFO - [2025-02-01T11:59:06.048+0000] {dag.py:3239} INFO - Sync 2 DAGs
[2025-02-01T11:59:06.092+0000] {logging_mixin.py:190} INFO - [2025-02-01T11:59:06.092+0000] {dag.py:4180} INFO - Setting next_dagrun for example_external_task_marker_child to None, run_after=None
[2025-02-01T11:59:06.104+0000] {logging_mixin.py:190} INFO - [2025-02-01T11:59:06.104+0000] {dag.py:4180} INFO - Setting next_dagrun for example_external_task_marker_parent to None, run_after=None
[2025-02-01T11:59:06.130+0000] {processor.py:208} INFO - Processing /home/airflow/.local/lib/python3.9/site-packages/airflow/example_dags/example_external_task_marker_dag.py took 0.149 seconds
[2025-02-01T11:59:36.215+0000] {processor.py:186} INFO - Started process (PID=222) to work on /home/airflow/.local/lib/python3.9/site-packages/airflow/example_dags/example_external_task_marker_dag.py
[2025-02-01T11:59:36.221+0000] {processor.py:914} INFO - Processing file /home/airflow/.local/lib/python3.9/site-packages/airflow/example_dags/example_external_task_marker_dag.py for tasks to queue
[2025-02-01T11:59:36.223+0000] {logging_mixin.py:190} INFO - [2025-02-01T11:59:36.223+0000] {dagbag.py:588} INFO - Filling up the DagBag from /home/airflow/.local/lib/python3.9/site-packages/airflow/example_dags/example_external_task_marker_dag.py
[2025-02-01T11:59:36.242+0000] {processor.py:925} INFO - DAG(s) 'example_external_task_marker_child', 'example_external_task_marker_parent' retrieved from /home/airflow/.local/lib/python3.9/site-packages/airflow/example_dags/example_external_task_marker_dag.py
[2025-02-01T11:59:36.285+0000] {logging_mixin.py:190} INFO - [2025-02-01T11:59:36.285+0000] {dag.py:3239} INFO - Sync 2 DAGs
[2025-02-01T11:59:36.303+0000] {logging_mixin.py:190} INFO - [2025-02-01T11:59:36.303+0000] {dag.py:4180} INFO - Setting next_dagrun for example_external_task_marker_child to None, run_after=None
[2025-02-01T11:59:36.307+0000] {logging_mixin.py:190} INFO - [2025-02-01T11:59:36.307+0000] {dag.py:4180} INFO - Setting next_dagrun for example_external_task_marker_parent to None, run_after=None
[2025-02-01T11:59:36.347+0000] {processor.py:208} INFO - Processing /home/airflow/.local/lib/python3.9/site-packages/airflow/example_dags/example_external_task_marker_dag.py took 0.153 seconds
[2025-02-01T12:00:07.042+0000] {processor.py:186} INFO - Started process (PID=285) to work on /home/airflow/.local/lib/python3.9/site-packages/airflow/example_dags/example_external_task_marker_dag.py
[2025-02-01T12:00:07.044+0000] {processor.py:914} INFO - Processing file /home/airflow/.local/lib/python3.9/site-packages/airflow/example_dags/example_external_task_marker_dag.py for tasks to queue
[2025-02-01T12:00:07.046+0000] {logging_mixin.py:190} INFO - [2025-02-01T12:00:07.045+0000] {dagbag.py:588} INFO - Filling up the DagBag from /home/airflow/.local/lib/python3.9/site-packages/airflow/example_dags/example_external_task_marker_dag.py
[2025-02-01T12:00:07.054+0000] {processor.py:925} INFO - DAG(s) 'example_external_task_marker_child', 'example_external_task_marker_parent' retrieved from /home/airflow/.local/lib/python3.9/site-packages/airflow/example_dags/example_external_task_marker_dag.py
[2025-02-01T12:00:07.124+0000] {logging_mixin.py:190} INFO - [2025-02-01T12:00:07.124+0000] {dag.py:3239} INFO - Sync 2 DAGs
[2025-02-01T12:00:07.161+0000] {logging_mixin.py:190} INFO - [2025-02-01T12:00:07.161+0000] {dag.py:4180} INFO - Setting next_dagrun for example_external_task_marker_child to None, run_after=None
[2025-02-01T12:00:07.167+0000] {logging_mixin.py:190} INFO - [2025-02-01T12:00:07.166+0000] {dag.py:4180} INFO - Setting next_dagrun for example_external_task_marker_parent to None, run_after=None
[2025-02-01T12:00:07.184+0000] {processor.py:208} INFO - Processing /home/airflow/.local/lib/python3.9/site-packages/airflow/example_dags/example_external_task_marker_dag.py took 0.151 seconds
[2025-02-01T12:00:37.504+0000] {processor.py:186} INFO - Started process (PID=349) to work on /home/airflow/.local/lib/python3.9/site-packages/airflow/example_dags/example_external_task_marker_dag.py
[2025-02-01T12:00:37.504+0000] {processor.py:914} INFO - Processing file /home/airflow/.local/lib/python3.9/site-packages/airflow/example_dags/example_external_task_marker_dag.py for tasks to queue
[2025-02-01T12:00:37.506+0000] {logging_mixin.py:190} INFO - [2025-02-01T12:00:37.506+0000] {dagbag.py:588} INFO - Filling up the DagBag from /home/airflow/.local/lib/python3.9/site-packages/airflow/example_dags/example_external_task_marker_dag.py
[2025-02-01T12:00:37.512+0000] {processor.py:925} INFO - DAG(s) 'example_external_task_marker_child', 'example_external_task_marker_parent' retrieved from /home/airflow/.local/lib/python3.9/site-packages/airflow/example_dags/example_external_task_marker_dag.py
[2025-02-01T12:00:37.529+0000] {logging_mixin.py:190} INFO - [2025-02-01T12:00:37.528+0000] {dag.py:3239} INFO - Sync 2 DAGs
[2025-02-01T12:00:37.539+0000] {logging_mixin.py:190} INFO - [2025-02-01T12:00:37.539+0000] {dag.py:4180} INFO - Setting next_dagrun for example_external_task_marker_child to None, run_after=None
[2025-02-01T12:00:37.542+0000] {logging_mixin.py:190} INFO - [2025-02-01T12:00:37.542+0000] {dag.py:4180} INFO - Setting next_dagrun for example_external_task_marker_parent to None, run_after=None
[2025-02-01T12:00:37.553+0000] {processor.py:208} INFO - Processing /home/airflow/.local/lib/python3.9/site-packages/airflow/example_dags/example_external_task_marker_dag.py took 0.054 seconds
[2025-02-01T12:01:07.604+0000] {processor.py:186} INFO - Started process (PID=411) to work on /home/airflow/.local/lib/python3.9/site-packages/airflow/example_dags/example_external_task_marker_dag.py
[2025-02-01T12:01:07.604+0000] {processor.py:914} INFO - Processing file /home/airflow/.local/lib/python3.9/site-packages/airflow/example_dags/example_external_task_marker_dag.py for tasks to queue
[2025-02-01T12:01:07.608+0000] {logging_mixin.py:190} INFO - [2025-02-01T12:01:07.607+0000] {dagbag.py:588} INFO - Filling up the DagBag from /home/airflow/.local/lib/python3.9/site-packages/airflow/example_dags/example_external_task_marker_dag.py
[2025-02-01T12:01:07.618+0000] {processor.py:925} INFO - DAG(s) 'example_external_task_marker_child', 'example_external_task_marker_parent' retrieved from /home/airflow/.local/lib/python3.9/site-packages/airflow/example_dags/example_external_task_marker_dag.py
[2025-02-01T12:01:07.642+0000] {logging_mixin.py:190} INFO - [2025-02-01T12:01:07.641+0000] {dag.py:3239} INFO - Sync 2 DAGs
[2025-02-01T12:01:07.656+0000] {logging_mixin.py:190} INFO - [2025-02-01T12:01:07.656+0000] {dag.py:4180} INFO - Setting next_dagrun for example_external_task_marker_child to None, run_after=None
[2025-02-01T12:01:07.661+0000] {logging_mixin.py:190} INFO - [2025-02-01T12:01:07.661+0000] {dag.py:4180} INFO - Setting next_dagrun for example_external_task_marker_parent to None, run_after=None
[2025-02-01T12:01:07.672+0000] {processor.py:208} INFO - Processing /home/airflow/.local/lib/python3.9/site-packages/airflow/example_dags/example_external_task_marker_dag.py took 0.075 seconds
[2025-02-01T12:01:38.219+0000] {processor.py:186} INFO - Started process (PID=474) to work on /home/airflow/.local/lib/python3.9/site-packages/airflow/example_dags/example_external_task_marker_dag.py
[2025-02-01T12:01:38.220+0000] {processor.py:914} INFO - Processing file /home/airflow/.local/lib/python3.9/site-packages/airflow/example_dags/example_external_task_marker_dag.py for tasks to queue
[2025-02-01T12:01:38.221+0000] {logging_mixin.py:190} INFO - [2025-02-01T12:01:38.221+0000] {dagbag.py:588} INFO - Filling up the DagBag from /home/airflow/.local/lib/python3.9/site-packages/airflow/example_dags/example_external_task_marker_dag.py
[2025-02-01T12:01:38.227+0000] {processor.py:925} INFO - DAG(s) 'example_external_task_marker_child', 'example_external_task_marker_parent' retrieved from /home/airflow/.local/lib/python3.9/site-packages/airflow/example_dags/example_external_task_marker_dag.py
[2025-02-01T12:01:38.245+0000] {logging_mixin.py:190} INFO - [2025-02-01T12:01:38.245+0000] {dag.py:3239} INFO - Sync 2 DAGs
[2025-02-01T12:01:38.256+0000] {logging_mixin.py:190} INFO - [2025-02-01T12:01:38.256+0000] {dag.py:4180} INFO - Setting next_dagrun for example_external_task_marker_child to None, run_after=None
[2025-02-01T12:01:38.259+0000] {logging_mixin.py:190} INFO - [2025-02-01T12:01:38.259+0000] {dag.py:4180} INFO - Setting next_dagrun for example_external_task_marker_parent to None, run_after=None
[2025-02-01T12:01:38.270+0000] {processor.py:208} INFO - Processing /home/airflow/.local/lib/python3.9/site-packages/airflow/example_dags/example_external_task_marker_dag.py took 0.056 seconds
[2025-02-01T12:02:09.088+0000] {processor.py:186} INFO - Started process (PID=538) to work on /home/airflow/.local/lib/python3.9/site-packages/airflow/example_dags/example_external_task_marker_dag.py
[2025-02-01T12:02:09.088+0000] {processor.py:914} INFO - Processing file /home/airflow/.local/lib/python3.9/site-packages/airflow/example_dags/example_external_task_marker_dag.py for tasks to queue
[2025-02-01T12:02:09.091+0000] {logging_mixin.py:190} INFO - [2025-02-01T12:02:09.090+0000] {dagbag.py:588} INFO - Filling up the DagBag from /home/airflow/.local/lib/python3.9/site-packages/airflow/example_dags/example_external_task_marker_dag.py
[2025-02-01T12:02:09.098+0000] {processor.py:925} INFO - DAG(s) 'example_external_task_marker_parent', 'example_external_task_marker_child' retrieved from /home/airflow/.local/lib/python3.9/site-packages/airflow/example_dags/example_external_task_marker_dag.py
[2025-02-01T12:02:09.116+0000] {logging_mixin.py:190} INFO - [2025-02-01T12:02:09.115+0000] {dag.py:3239} INFO - Sync 2 DAGs
[2025-02-01T12:02:09.127+0000] {logging_mixin.py:190} INFO - [2025-02-01T12:02:09.126+0000] {dag.py:4180} INFO - Setting next_dagrun for example_external_task_marker_child to None, run_after=None
[2025-02-01T12:02:09.129+0000] {logging_mixin.py:190} INFO - [2025-02-01T12:02:09.129+0000] {dag.py:4180} INFO - Setting next_dagrun for example_external_task_marker_parent to None, run_after=None
[2025-02-01T12:02:09.140+0000] {processor.py:208} INFO - Processing /home/airflow/.local/lib/python3.9/site-packages/airflow/example_dags/example_external_task_marker_dag.py took 0.059 seconds
[2025-02-01T12:02:39.230+0000] {processor.py:186} INFO - Started process (PID=601) to work on /home/airflow/.local/lib/python3.9/site-packages/airflow/example_dags/example_external_task_marker_dag.py
[2025-02-01T12:02:39.231+0000] {processor.py:914} INFO - Processing file /home/airflow/.local/lib/python3.9/site-packages/airflow/example_dags/example_external_task_marker_dag.py for tasks to queue
[2025-02-01T12:02:39.232+0000] {logging_mixin.py:190} INFO - [2025-02-01T12:02:39.232+0000] {dagbag.py:588} INFO - Filling up the DagBag from /home/airflow/.local/lib/python3.9/site-packages/airflow/example_dags/example_external_task_marker_dag.py
[2025-02-01T12:02:39.238+0000] {processor.py:925} INFO - DAG(s) 'example_external_task_marker_child', 'example_external_task_marker_parent' retrieved from /home/airflow/.local/lib/python3.9/site-packages/airflow/example_dags/example_external_task_marker_dag.py
[2025-02-01T12:02:39.256+0000] {logging_mixin.py:190} INFO - [2025-02-01T12:02:39.255+0000] {dag.py:3239} INFO - Sync 2 DAGs
[2025-02-01T12:02:39.266+0000] {logging_mixin.py:190} INFO - [2025-02-01T12:02:39.266+0000] {dag.py:4180} INFO - Setting next_dagrun for example_external_task_marker_child to None, run_after=None
[2025-02-01T12:02:39.269+0000] {logging_mixin.py:190} INFO - [2025-02-01T12:02:39.269+0000] {dag.py:4180} INFO - Setting next_dagrun for example_external_task_marker_parent to None, run_after=None
[2025-02-01T12:02:39.280+0000] {processor.py:208} INFO - Processing /home/airflow/.local/lib/python3.9/site-packages/airflow/example_dags/example_external_task_marker_dag.py took 0.054 seconds
[2025-02-01T12:03:12.332+0000] {processor.py:186} INFO - Started process (PID=663) to work on /home/airflow/.local/lib/python3.9/site-packages/airflow/example_dags/example_external_task_marker_dag.py
[2025-02-01T12:03:12.339+0000] {processor.py:914} INFO - Processing file /home/airflow/.local/lib/python3.9/site-packages/airflow/example_dags/example_external_task_marker_dag.py for tasks to queue
[2025-02-01T12:03:12.362+0000] {logging_mixin.py:190} INFO - [2025-02-01T12:03:12.358+0000] {dagbag.py:588} INFO - Filling up the DagBag from /home/airflow/.local/lib/python3.9/site-packages/airflow/example_dags/example_external_task_marker_dag.py
[2025-02-01T12:03:12.377+0000] {processor.py:925} INFO - DAG(s) 'example_external_task_marker_child', 'example_external_task_marker_parent' retrieved from /home/airflow/.local/lib/python3.9/site-packages/airflow/example_dags/example_external_task_marker_dag.py
[2025-02-01T12:03:12.417+0000] {logging_mixin.py:190} INFO - [2025-02-01T12:03:12.416+0000] {dag.py:3239} INFO - Sync 2 DAGs
[2025-02-01T12:03:12.437+0000] {logging_mixin.py:190} INFO - [2025-02-01T12:03:12.437+0000] {dag.py:4180} INFO - Setting next_dagrun for example_external_task_marker_child to None, run_after=None
[2025-02-01T12:03:12.451+0000] {logging_mixin.py:190} INFO - [2025-02-01T12:03:12.441+0000] {dag.py:4180} INFO - Setting next_dagrun for example_external_task_marker_parent to None, run_after=None
[2025-02-01T12:03:12.503+0000] {processor.py:208} INFO - Processing /home/airflow/.local/lib/python3.9/site-packages/airflow/example_dags/example_external_task_marker_dag.py took 0.199 seconds
[2025-02-01T12:03:43.129+0000] {processor.py:186} INFO - Started process (PID=726) to work on /home/airflow/.local/lib/python3.9/site-packages/airflow/example_dags/example_external_task_marker_dag.py
[2025-02-01T12:03:43.140+0000] {processor.py:914} INFO - Processing file /home/airflow/.local/lib/python3.9/site-packages/airflow/example_dags/example_external_task_marker_dag.py for tasks to queue
[2025-02-01T12:03:43.151+0000] {logging_mixin.py:190} INFO - [2025-02-01T12:03:43.142+0000] {dagbag.py:588} INFO - Filling up the DagBag from /home/airflow/.local/lib/python3.9/site-packages/airflow/example_dags/example_external_task_marker_dag.py
[2025-02-01T12:03:43.194+0000] {processor.py:925} INFO - DAG(s) 'example_external_task_marker_child', 'example_external_task_marker_parent' retrieved from /home/airflow/.local/lib/python3.9/site-packages/airflow/example_dags/example_external_task_marker_dag.py
[2025-02-01T12:03:43.272+0000] {logging_mixin.py:190} INFO - [2025-02-01T12:03:43.268+0000] {dag.py:3239} INFO - Sync 2 DAGs
[2025-02-01T12:03:43.317+0000] {logging_mixin.py:190} INFO - [2025-02-01T12:03:43.317+0000] {dag.py:4180} INFO - Setting next_dagrun for example_external_task_marker_child to None, run_after=None
[2025-02-01T12:03:43.329+0000] {logging_mixin.py:190} INFO - [2025-02-01T12:03:43.328+0000] {dag.py:4180} INFO - Setting next_dagrun for example_external_task_marker_parent to None, run_after=None
[2025-02-01T12:03:43.365+0000] {processor.py:208} INFO - Processing /home/airflow/.local/lib/python3.9/site-packages/airflow/example_dags/example_external_task_marker_dag.py took 0.283 seconds
[2025-02-01T12:04:13.781+0000] {processor.py:186} INFO - Started process (PID=788) to work on /home/airflow/.local/lib/python3.9/site-packages/airflow/example_dags/example_external_task_marker_dag.py
[2025-02-01T12:04:13.781+0000] {processor.py:914} INFO - Processing file /home/airflow/.local/lib/python3.9/site-packages/airflow/example_dags/example_external_task_marker_dag.py for tasks to queue
[2025-02-01T12:04:13.783+0000] {logging_mixin.py:190} INFO - [2025-02-01T12:04:13.783+0000] {dagbag.py:588} INFO - Filling up the DagBag from /home/airflow/.local/lib/python3.9/site-packages/airflow/example_dags/example_external_task_marker_dag.py
[2025-02-01T12:04:13.790+0000] {processor.py:925} INFO - DAG(s) 'example_external_task_marker_child', 'example_external_task_marker_parent' retrieved from /home/airflow/.local/lib/python3.9/site-packages/airflow/example_dags/example_external_task_marker_dag.py
[2025-02-01T12:04:13.808+0000] {logging_mixin.py:190} INFO - [2025-02-01T12:04:13.807+0000] {dag.py:3239} INFO - Sync 2 DAGs
[2025-02-01T12:04:13.819+0000] {logging_mixin.py:190} INFO - [2025-02-01T12:04:13.818+0000] {dag.py:4180} INFO - Setting next_dagrun for example_external_task_marker_child to None, run_after=None
[2025-02-01T12:04:13.821+0000] {logging_mixin.py:190} INFO - [2025-02-01T12:04:13.821+0000] {dag.py:4180} INFO - Setting next_dagrun for example_external_task_marker_parent to None, run_after=None
[2025-02-01T12:04:13.836+0000] {processor.py:208} INFO - Processing /home/airflow/.local/lib/python3.9/site-packages/airflow/example_dags/example_external_task_marker_dag.py took 0.060 seconds
[2025-02-01T12:04:43.992+0000] {processor.py:186} INFO - Started process (PID=852) to work on /home/airflow/.local/lib/python3.9/site-packages/airflow/example_dags/example_external_task_marker_dag.py
[2025-02-01T12:04:43.993+0000] {processor.py:914} INFO - Processing file /home/airflow/.local/lib/python3.9/site-packages/airflow/example_dags/example_external_task_marker_dag.py for tasks to queue
[2025-02-01T12:04:43.995+0000] {logging_mixin.py:190} INFO - [2025-02-01T12:04:43.994+0000] {dagbag.py:588} INFO - Filling up the DagBag from /home/airflow/.local/lib/python3.9/site-packages/airflow/example_dags/example_external_task_marker_dag.py
[2025-02-01T12:04:44.003+0000] {processor.py:925} INFO - DAG(s) 'example_external_task_marker_child', 'example_external_task_marker_parent' retrieved from /home/airflow/.local/lib/python3.9/site-packages/airflow/example_dags/example_external_task_marker_dag.py
[2025-02-01T12:04:44.029+0000] {logging_mixin.py:190} INFO - [2025-02-01T12:04:44.028+0000] {dag.py:3239} INFO - Sync 2 DAGs
[2025-02-01T12:04:44.046+0000] {logging_mixin.py:190} INFO - [2025-02-01T12:04:44.046+0000] {dag.py:4180} INFO - Setting next_dagrun for example_external_task_marker_child to None, run_after=None
[2025-02-01T12:04:44.051+0000] {logging_mixin.py:190} INFO - [2025-02-01T12:04:44.050+0000] {dag.py:4180} INFO - Setting next_dagrun for example_external_task_marker_parent to None, run_after=None
[2025-02-01T12:04:44.067+0000] {processor.py:208} INFO - Processing /home/airflow/.local/lib/python3.9/site-packages/airflow/example_dags/example_external_task_marker_dag.py took 0.081 seconds
[2025-02-01T12:05:14.183+0000] {processor.py:186} INFO - Started process (PID=914) to work on /home/airflow/.local/lib/python3.9/site-packages/airflow/example_dags/example_external_task_marker_dag.py
[2025-02-01T12:05:14.184+0000] {processor.py:914} INFO - Processing file /home/airflow/.local/lib/python3.9/site-packages/airflow/example_dags/example_external_task_marker_dag.py for tasks to queue
[2025-02-01T12:05:14.187+0000] {logging_mixin.py:190} INFO - [2025-02-01T12:05:14.186+0000] {dagbag.py:588} INFO - Filling up the DagBag from /home/airflow/.local/lib/python3.9/site-packages/airflow/example_dags/example_external_task_marker_dag.py
[2025-02-01T12:05:14.193+0000] {processor.py:925} INFO - DAG(s) 'example_external_task_marker_child', 'example_external_task_marker_parent' retrieved from /home/airflow/.local/lib/python3.9/site-packages/airflow/example_dags/example_external_task_marker_dag.py
[2025-02-01T12:05:14.222+0000] {logging_mixin.py:190} INFO - [2025-02-01T12:05:14.222+0000] {dag.py:3239} INFO - Sync 2 DAGs
[2025-02-01T12:05:14.240+0000] {logging_mixin.py:190} INFO - [2025-02-01T12:05:14.240+0000] {dag.py:4180} INFO - Setting next_dagrun for example_external_task_marker_child to None, run_after=None
[2025-02-01T12:05:14.244+0000] {logging_mixin.py:190} INFO - [2025-02-01T12:05:14.244+0000] {dag.py:4180} INFO - Setting next_dagrun for example_external_task_marker_parent to None, run_after=None
[2025-02-01T12:05:14.259+0000] {processor.py:208} INFO - Processing /home/airflow/.local/lib/python3.9/site-packages/airflow/example_dags/example_external_task_marker_dag.py took 0.092 seconds
[2025-02-01T12:05:44.595+0000] {processor.py:186} INFO - Started process (PID=976) to work on /home/airflow/.local/lib/python3.9/site-packages/airflow/example_dags/example_external_task_marker_dag.py
[2025-02-01T12:05:44.596+0000] {processor.py:914} INFO - Processing file /home/airflow/.local/lib/python3.9/site-packages/airflow/example_dags/example_external_task_marker_dag.py for tasks to queue
[2025-02-01T12:05:44.598+0000] {logging_mixin.py:190} INFO - [2025-02-01T12:05:44.597+0000] {dagbag.py:588} INFO - Filling up the DagBag from /home/airflow/.local/lib/python3.9/site-packages/airflow/example_dags/example_external_task_marker_dag.py
[2025-02-01T12:05:44.604+0000] {processor.py:925} INFO - DAG(s) 'example_external_task_marker_parent', 'example_external_task_marker_child' retrieved from /home/airflow/.local/lib/python3.9/site-packages/airflow/example_dags/example_external_task_marker_dag.py
[2025-02-01T12:05:44.621+0000] {logging_mixin.py:190} INFO - [2025-02-01T12:05:44.621+0000] {dag.py:3239} INFO - Sync 2 DAGs
[2025-02-01T12:05:44.632+0000] {logging_mixin.py:190} INFO - [2025-02-01T12:05:44.632+0000] {dag.py:4180} INFO - Setting next_dagrun for example_external_task_marker_child to None, run_after=None
[2025-02-01T12:05:44.635+0000] {logging_mixin.py:190} INFO - [2025-02-01T12:05:44.635+0000] {dag.py:4180} INFO - Setting next_dagrun for example_external_task_marker_parent to None, run_after=None
[2025-02-01T12:05:44.646+0000] {processor.py:208} INFO - Processing /home/airflow/.local/lib/python3.9/site-packages/airflow/example_dags/example_external_task_marker_dag.py took 0.057 seconds
[2025-02-01T12:06:15.001+0000] {processor.py:186} INFO - Started process (PID=1039) to work on /home/airflow/.local/lib/python3.9/site-packages/airflow/example_dags/example_external_task_marker_dag.py
[2025-02-01T12:06:15.002+0000] {processor.py:914} INFO - Processing file /home/airflow/.local/lib/python3.9/site-packages/airflow/example_dags/example_external_task_marker_dag.py for tasks to queue
[2025-02-01T12:06:15.004+0000] {logging_mixin.py:190} INFO - [2025-02-01T12:06:15.004+0000] {dagbag.py:588} INFO - Filling up the DagBag from /home/airflow/.local/lib/python3.9/site-packages/airflow/example_dags/example_external_task_marker_dag.py
[2025-02-01T12:06:15.012+0000] {processor.py:925} INFO - DAG(s) 'example_external_task_marker_child', 'example_external_task_marker_parent' retrieved from /home/airflow/.local/lib/python3.9/site-packages/airflow/example_dags/example_external_task_marker_dag.py
[2025-02-01T12:06:15.037+0000] {logging_mixin.py:190} INFO - [2025-02-01T12:06:15.036+0000] {dag.py:3239} INFO - Sync 2 DAGs
[2025-02-01T12:06:15.053+0000] {logging_mixin.py:190} INFO - [2025-02-01T12:06:15.053+0000] {dag.py:4180} INFO - Setting next_dagrun for example_external_task_marker_child to None, run_after=None
[2025-02-01T12:06:15.057+0000] {logging_mixin.py:190} INFO - [2025-02-01T12:06:15.057+0000] {dag.py:4180} INFO - Setting next_dagrun for example_external_task_marker_parent to None, run_after=None
[2025-02-01T12:06:15.072+0000] {processor.py:208} INFO - Processing /home/airflow/.local/lib/python3.9/site-packages/airflow/example_dags/example_external_task_marker_dag.py took 0.077 seconds
[2025-02-01T12:06:46.122+0000] {processor.py:186} INFO - Started process (PID=1101) to work on /home/airflow/.local/lib/python3.9/site-packages/airflow/example_dags/example_external_task_marker_dag.py
[2025-02-01T12:06:46.123+0000] {processor.py:914} INFO - Processing file /home/airflow/.local/lib/python3.9/site-packages/airflow/example_dags/example_external_task_marker_dag.py for tasks to queue
[2025-02-01T12:06:46.126+0000] {logging_mixin.py:190} INFO - [2025-02-01T12:06:46.126+0000] {dagbag.py:588} INFO - Filling up the DagBag from /home/airflow/.local/lib/python3.9/site-packages/airflow/example_dags/example_external_task_marker_dag.py
[2025-02-01T12:06:46.136+0000] {processor.py:925} INFO - DAG(s) 'example_external_task_marker_parent', 'example_external_task_marker_child' retrieved from /home/airflow/.local/lib/python3.9/site-packages/airflow/example_dags/example_external_task_marker_dag.py
[2025-02-01T12:06:46.166+0000] {logging_mixin.py:190} INFO - [2025-02-01T12:06:46.165+0000] {dag.py:3239} INFO - Sync 2 DAGs
[2025-02-01T12:06:46.195+0000] {logging_mixin.py:190} INFO - [2025-02-01T12:06:46.195+0000] {dag.py:4180} INFO - Setting next_dagrun for example_external_task_marker_child to None, run_after=None
[2025-02-01T12:06:46.201+0000] {logging_mixin.py:190} INFO - [2025-02-01T12:06:46.200+0000] {dag.py:4180} INFO - Setting next_dagrun for example_external_task_marker_parent to None, run_after=None
[2025-02-01T12:06:46.235+0000] {processor.py:208} INFO - Processing /home/airflow/.local/lib/python3.9/site-packages/airflow/example_dags/example_external_task_marker_dag.py took 0.124 seconds
[2025-02-01T12:07:16.315+0000] {processor.py:186} INFO - Started process (PID=1163) to work on /home/airflow/.local/lib/python3.9/site-packages/airflow/example_dags/example_external_task_marker_dag.py
[2025-02-01T12:07:16.316+0000] {processor.py:914} INFO - Processing file /home/airflow/.local/lib/python3.9/site-packages/airflow/example_dags/example_external_task_marker_dag.py for tasks to queue
[2025-02-01T12:07:16.318+0000] {logging_mixin.py:190} INFO - [2025-02-01T12:07:16.318+0000] {dagbag.py:588} INFO - Filling up the DagBag from /home/airflow/.local/lib/python3.9/site-packages/airflow/example_dags/example_external_task_marker_dag.py
[2025-02-01T12:07:16.327+0000] {processor.py:925} INFO - DAG(s) 'example_external_task_marker_parent', 'example_external_task_marker_child' retrieved from /home/airflow/.local/lib/python3.9/site-packages/airflow/example_dags/example_external_task_marker_dag.py
[2025-02-01T12:07:16.352+0000] {logging_mixin.py:190} INFO - [2025-02-01T12:07:16.352+0000] {dag.py:3239} INFO - Sync 2 DAGs
[2025-02-01T12:07:16.369+0000] {logging_mixin.py:190} INFO - [2025-02-01T12:07:16.369+0000] {dag.py:4180} INFO - Setting next_dagrun for example_external_task_marker_child to None, run_after=None
[2025-02-01T12:07:16.373+0000] {logging_mixin.py:190} INFO - [2025-02-01T12:07:16.373+0000] {dag.py:4180} INFO - Setting next_dagrun for example_external_task_marker_parent to None, run_after=None
[2025-02-01T12:07:16.387+0000] {processor.py:208} INFO - Processing /home/airflow/.local/lib/python3.9/site-packages/airflow/example_dags/example_external_task_marker_dag.py took 0.078 seconds
[2025-02-01T12:07:47.248+0000] {processor.py:186} INFO - Started process (PID=1226) to work on /home/airflow/.local/lib/python3.9/site-packages/airflow/example_dags/example_external_task_marker_dag.py
[2025-02-01T12:07:47.250+0000] {processor.py:914} INFO - Processing file /home/airflow/.local/lib/python3.9/site-packages/airflow/example_dags/example_external_task_marker_dag.py for tasks to queue
[2025-02-01T12:07:47.252+0000] {logging_mixin.py:190} INFO - [2025-02-01T12:07:47.252+0000] {dagbag.py:588} INFO - Filling up the DagBag from /home/airflow/.local/lib/python3.9/site-packages/airflow/example_dags/example_external_task_marker_dag.py
[2025-02-01T12:07:47.261+0000] {processor.py:925} INFO - DAG(s) 'example_external_task_marker_parent', 'example_external_task_marker_child' retrieved from /home/airflow/.local/lib/python3.9/site-packages/airflow/example_dags/example_external_task_marker_dag.py
[2025-02-01T12:07:47.286+0000] {logging_mixin.py:190} INFO - [2025-02-01T12:07:47.286+0000] {dag.py:3239} INFO - Sync 2 DAGs
[2025-02-01T12:07:47.304+0000] {logging_mixin.py:190} INFO - [2025-02-01T12:07:47.304+0000] {dag.py:4180} INFO - Setting next_dagrun for example_external_task_marker_child to None, run_after=None
[2025-02-01T12:07:47.309+0000] {logging_mixin.py:190} INFO - [2025-02-01T12:07:47.309+0000] {dag.py:4180} INFO - Setting next_dagrun for example_external_task_marker_parent to None, run_after=None
[2025-02-01T12:07:47.323+0000] {processor.py:208} INFO - Processing /home/airflow/.local/lib/python3.9/site-packages/airflow/example_dags/example_external_task_marker_dag.py took 0.082 seconds
[2025-02-01T12:08:18.362+0000] {processor.py:186} INFO - Started process (PID=1290) to work on /home/airflow/.local/lib/python3.9/site-packages/airflow/example_dags/example_external_task_marker_dag.py
[2025-02-01T12:08:18.367+0000] {processor.py:914} INFO - Processing file /home/airflow/.local/lib/python3.9/site-packages/airflow/example_dags/example_external_task_marker_dag.py for tasks to queue
[2025-02-01T12:08:18.369+0000] {logging_mixin.py:190} INFO - [2025-02-01T12:08:18.369+0000] {dagbag.py:588} INFO - Filling up the DagBag from /home/airflow/.local/lib/python3.9/site-packages/airflow/example_dags/example_external_task_marker_dag.py
[2025-02-01T12:08:18.389+0000] {processor.py:925} INFO - DAG(s) 'example_external_task_marker_child', 'example_external_task_marker_parent' retrieved from /home/airflow/.local/lib/python3.9/site-packages/airflow/example_dags/example_external_task_marker_dag.py
[2025-02-01T12:08:18.529+0000] {logging_mixin.py:190} INFO - [2025-02-01T12:08:18.529+0000] {dag.py:3239} INFO - Sync 2 DAGs
[2025-02-01T12:08:18.573+0000] {logging_mixin.py:190} INFO - [2025-02-01T12:08:18.573+0000] {dag.py:4180} INFO - Setting next_dagrun for example_external_task_marker_child to None, run_after=None
[2025-02-01T12:08:18.578+0000] {logging_mixin.py:190} INFO - [2025-02-01T12:08:18.578+0000] {dag.py:4180} INFO - Setting next_dagrun for example_external_task_marker_parent to None, run_after=None
[2025-02-01T12:08:18.645+0000] {processor.py:208} INFO - Processing /home/airflow/.local/lib/python3.9/site-packages/airflow/example_dags/example_external_task_marker_dag.py took 0.300 seconds
[2025-02-01T12:08:49.425+0000] {processor.py:186} INFO - Started process (PID=1353) to work on /home/airflow/.local/lib/python3.9/site-packages/airflow/example_dags/example_external_task_marker_dag.py
[2025-02-01T12:08:49.426+0000] {processor.py:914} INFO - Processing file /home/airflow/.local/lib/python3.9/site-packages/airflow/example_dags/example_external_task_marker_dag.py for tasks to queue
[2025-02-01T12:08:49.428+0000] {logging_mixin.py:190} INFO - [2025-02-01T12:08:49.428+0000] {dagbag.py:588} INFO - Filling up the DagBag from /home/airflow/.local/lib/python3.9/site-packages/airflow/example_dags/example_external_task_marker_dag.py
[2025-02-01T12:08:49.437+0000] {processor.py:925} INFO - DAG(s) 'example_external_task_marker_child', 'example_external_task_marker_parent' retrieved from /home/airflow/.local/lib/python3.9/site-packages/airflow/example_dags/example_external_task_marker_dag.py
[2025-02-01T12:08:49.460+0000] {logging_mixin.py:190} INFO - [2025-02-01T12:08:49.460+0000] {dag.py:3239} INFO - Sync 2 DAGs
[2025-02-01T12:08:49.477+0000] {logging_mixin.py:190} INFO - [2025-02-01T12:08:49.477+0000] {dag.py:4180} INFO - Setting next_dagrun for example_external_task_marker_child to None, run_after=None
[2025-02-01T12:08:49.481+0000] {logging_mixin.py:190} INFO - [2025-02-01T12:08:49.481+0000] {dag.py:4180} INFO - Setting next_dagrun for example_external_task_marker_parent to None, run_after=None
[2025-02-01T12:08:49.518+0000] {processor.py:208} INFO - Processing /home/airflow/.local/lib/python3.9/site-packages/airflow/example_dags/example_external_task_marker_dag.py took 0.099 seconds
[2025-02-01T12:09:19.658+0000] {processor.py:186} INFO - Started process (PID=1416) to work on /home/airflow/.local/lib/python3.9/site-packages/airflow/example_dags/example_external_task_marker_dag.py
[2025-02-01T12:09:19.658+0000] {processor.py:914} INFO - Processing file /home/airflow/.local/lib/python3.9/site-packages/airflow/example_dags/example_external_task_marker_dag.py for tasks to queue
[2025-02-01T12:09:19.660+0000] {logging_mixin.py:190} INFO - [2025-02-01T12:09:19.660+0000] {dagbag.py:588} INFO - Filling up the DagBag from /home/airflow/.local/lib/python3.9/site-packages/airflow/example_dags/example_external_task_marker_dag.py
[2025-02-01T12:09:19.669+0000] {processor.py:925} INFO - DAG(s) 'example_external_task_marker_parent', 'example_external_task_marker_child' retrieved from /home/airflow/.local/lib/python3.9/site-packages/airflow/example_dags/example_external_task_marker_dag.py
[2025-02-01T12:09:19.692+0000] {logging_mixin.py:190} INFO - [2025-02-01T12:09:19.692+0000] {dag.py:3239} INFO - Sync 2 DAGs
[2025-02-01T12:09:19.712+0000] {logging_mixin.py:190} INFO - [2025-02-01T12:09:19.708+0000] {dag.py:4180} INFO - Setting next_dagrun for example_external_task_marker_child to None, run_after=None
[2025-02-01T12:09:19.716+0000] {logging_mixin.py:190} INFO - [2025-02-01T12:09:19.715+0000] {dag.py:4180} INFO - Setting next_dagrun for example_external_task_marker_parent to None, run_after=None
[2025-02-01T12:09:19.729+0000] {processor.py:208} INFO - Processing /home/airflow/.local/lib/python3.9/site-packages/airflow/example_dags/example_external_task_marker_dag.py took 0.078 seconds
[2025-02-01T12:09:49.892+0000] {processor.py:186} INFO - Started process (PID=1479) to work on /home/airflow/.local/lib/python3.9/site-packages/airflow/example_dags/example_external_task_marker_dag.py
[2025-02-01T12:09:49.895+0000] {processor.py:914} INFO - Processing file /home/airflow/.local/lib/python3.9/site-packages/airflow/example_dags/example_external_task_marker_dag.py for tasks to queue
[2025-02-01T12:09:49.897+0000] {logging_mixin.py:190} INFO - [2025-02-01T12:09:49.896+0000] {dagbag.py:588} INFO - Filling up the DagBag from /home/airflow/.local/lib/python3.9/site-packages/airflow/example_dags/example_external_task_marker_dag.py
[2025-02-01T12:09:49.902+0000] {processor.py:925} INFO - DAG(s) 'example_external_task_marker_parent', 'example_external_task_marker_child' retrieved from /home/airflow/.local/lib/python3.9/site-packages/airflow/example_dags/example_external_task_marker_dag.py
[2025-02-01T12:09:49.926+0000] {logging_mixin.py:190} INFO - [2025-02-01T12:09:49.926+0000] {dag.py:3239} INFO - Sync 2 DAGs
[2025-02-01T12:09:49.941+0000] {logging_mixin.py:190} INFO - [2025-02-01T12:09:49.941+0000] {dag.py:4180} INFO - Setting next_dagrun for example_external_task_marker_child to None, run_after=None
[2025-02-01T12:09:49.945+0000] {logging_mixin.py:190} INFO - [2025-02-01T12:09:49.945+0000] {dag.py:4180} INFO - Setting next_dagrun for example_external_task_marker_parent to None, run_after=None
[2025-02-01T12:09:49.960+0000] {processor.py:208} INFO - Processing /home/airflow/.local/lib/python3.9/site-packages/airflow/example_dags/example_external_task_marker_dag.py took 0.075 seconds
