[2025-02-01T11:58:40.440+0000] {processor.py:186} INFO - Started process (PID=107) to work on /home/airflow/.local/lib/python3.9/site-packages/airflow/example_dags/example_python_decorator.py
[2025-02-01T11:58:40.441+0000] {processor.py:914} INFO - Processing file /home/airflow/.local/lib/python3.9/site-packages/airflow/example_dags/example_python_decorator.py for tasks to queue
[2025-02-01T11:58:40.443+0000] {logging_mixin.py:190} INFO - [2025-02-01T11:58:40.443+0000] {dagbag.py:588} INFO - Filling up the DagBag from /home/airflow/.local/lib/python3.9/site-packages/airflow/example_dags/example_python_decorator.py
[2025-02-01T11:58:40.472+0000] {processor.py:925} INFO - DAG(s) 'example_python_decorator' retrieved from /home/airflow/.local/lib/python3.9/site-packages/airflow/example_dags/example_python_decorator.py
[2025-02-01T11:58:40.778+0000] {logging_mixin.py:190} INFO - [2025-02-01T11:58:40.777+0000] {override.py:1911} INFO - Created Permission View: can edit on DAG:example_python_decorator
[2025-02-01T11:58:40.788+0000] {logging_mixin.py:190} INFO - [2025-02-01T11:58:40.787+0000] {override.py:1911} INFO - Created Permission View: can delete on DAG:example_python_decorator
[2025-02-01T11:58:40.794+0000] {logging_mixin.py:190} INFO - [2025-02-01T11:58:40.793+0000] {override.py:1911} INFO - Created Permission View: can read on DAG:example_python_decorator
[2025-02-01T11:58:40.801+0000] {logging_mixin.py:190} INFO - [2025-02-01T11:58:40.800+0000] {override.py:1911} INFO - Created Permission View: can create on DAG Run:example_python_decorator
[2025-02-01T11:58:40.807+0000] {logging_mixin.py:190} INFO - [2025-02-01T11:58:40.807+0000] {override.py:1911} INFO - Created Permission View: can delete on DAG Run:example_python_decorator
[2025-02-01T11:58:40.813+0000] {logging_mixin.py:190} INFO - [2025-02-01T11:58:40.813+0000] {override.py:1911} INFO - Created Permission View: can read on DAG Run:example_python_decorator
[2025-02-01T11:58:40.819+0000] {logging_mixin.py:190} INFO - [2025-02-01T11:58:40.819+0000] {override.py:1911} INFO - Created Permission View: menu access on DAG Run:example_python_decorator
[2025-02-01T11:58:40.820+0000] {logging_mixin.py:190} INFO - [2025-02-01T11:58:40.820+0000] {dag.py:3239} INFO - Sync 1 DAGs
[2025-02-01T11:58:40.847+0000] {logging_mixin.py:190} INFO - [2025-02-01T11:58:40.847+0000] {dag.py:3262} INFO - Creating ORM DAG for example_python_decorator
[2025-02-01T11:58:40.848+0000] {logging_mixin.py:190} INFO - [2025-02-01T11:58:40.847+0000] {dag.py:4180} INFO - Setting next_dagrun for example_python_decorator to None, run_after=None
[2025-02-01T11:58:40.887+0000] {processor.py:208} INFO - Processing /home/airflow/.local/lib/python3.9/site-packages/airflow/example_dags/example_python_decorator.py took 0.465 seconds
[2025-02-01T11:59:11.491+0000] {processor.py:186} INFO - Started process (PID=170) to work on /home/airflow/.local/lib/python3.9/site-packages/airflow/example_dags/example_python_decorator.py
[2025-02-01T11:59:11.492+0000] {processor.py:914} INFO - Processing file /home/airflow/.local/lib/python3.9/site-packages/airflow/example_dags/example_python_decorator.py for tasks to queue
[2025-02-01T11:59:11.494+0000] {logging_mixin.py:190} INFO - [2025-02-01T11:59:11.494+0000] {dagbag.py:588} INFO - Filling up the DagBag from /home/airflow/.local/lib/python3.9/site-packages/airflow/example_dags/example_python_decorator.py
[2025-02-01T11:59:11.511+0000] {processor.py:925} INFO - DAG(s) 'example_python_decorator' retrieved from /home/airflow/.local/lib/python3.9/site-packages/airflow/example_dags/example_python_decorator.py
[2025-02-01T11:59:11.535+0000] {logging_mixin.py:190} INFO - [2025-02-01T11:59:11.534+0000] {dag.py:3239} INFO - Sync 1 DAGs
[2025-02-01T11:59:11.550+0000] {logging_mixin.py:190} INFO - [2025-02-01T11:59:11.550+0000] {dag.py:4180} INFO - Setting next_dagrun for example_python_decorator to None, run_after=None
[2025-02-01T11:59:11.567+0000] {processor.py:208} INFO - Processing /home/airflow/.local/lib/python3.9/site-packages/airflow/example_dags/example_python_decorator.py took 0.082 seconds
[2025-02-01T11:59:43.139+0000] {processor.py:186} INFO - Started process (PID=234) to work on /home/airflow/.local/lib/python3.9/site-packages/airflow/example_dags/example_python_decorator.py
[2025-02-01T11:59:43.140+0000] {processor.py:914} INFO - Processing file /home/airflow/.local/lib/python3.9/site-packages/airflow/example_dags/example_python_decorator.py for tasks to queue
[2025-02-01T11:59:43.142+0000] {logging_mixin.py:190} INFO - [2025-02-01T11:59:43.142+0000] {dagbag.py:588} INFO - Filling up the DagBag from /home/airflow/.local/lib/python3.9/site-packages/airflow/example_dags/example_python_decorator.py
[2025-02-01T11:59:43.159+0000] {processor.py:925} INFO - DAG(s) 'example_python_decorator' retrieved from /home/airflow/.local/lib/python3.9/site-packages/airflow/example_dags/example_python_decorator.py
[2025-02-01T11:59:43.183+0000] {logging_mixin.py:190} INFO - [2025-02-01T11:59:43.182+0000] {dag.py:3239} INFO - Sync 1 DAGs
[2025-02-01T11:59:43.197+0000] {logging_mixin.py:190} INFO - [2025-02-01T11:59:43.197+0000] {dag.py:4180} INFO - Setting next_dagrun for example_python_decorator to None, run_after=None
[2025-02-01T11:59:43.216+0000] {processor.py:208} INFO - Processing /home/airflow/.local/lib/python3.9/site-packages/airflow/example_dags/example_python_decorator.py took 0.084 seconds
[2025-02-01T12:00:16.719+0000] {processor.py:186} INFO - Started process (PID=297) to work on /home/airflow/.local/lib/python3.9/site-packages/airflow/example_dags/example_python_decorator.py
[2025-02-01T12:00:16.721+0000] {processor.py:914} INFO - Processing file /home/airflow/.local/lib/python3.9/site-packages/airflow/example_dags/example_python_decorator.py for tasks to queue
[2025-02-01T12:00:16.726+0000] {logging_mixin.py:190} INFO - [2025-02-01T12:00:16.726+0000] {dagbag.py:588} INFO - Filling up the DagBag from /home/airflow/.local/lib/python3.9/site-packages/airflow/example_dags/example_python_decorator.py
[2025-02-01T12:00:16.751+0000] {processor.py:925} INFO - DAG(s) 'example_python_decorator' retrieved from /home/airflow/.local/lib/python3.9/site-packages/airflow/example_dags/example_python_decorator.py
[2025-02-01T12:00:16.779+0000] {logging_mixin.py:190} INFO - [2025-02-01T12:00:16.778+0000] {dag.py:3239} INFO - Sync 1 DAGs
[2025-02-01T12:00:16.793+0000] {logging_mixin.py:190} INFO - [2025-02-01T12:00:16.793+0000] {dag.py:4180} INFO - Setting next_dagrun for example_python_decorator to None, run_after=None
[2025-02-01T12:00:16.820+0000] {processor.py:208} INFO - Processing /home/airflow/.local/lib/python3.9/site-packages/airflow/example_dags/example_python_decorator.py took 0.108 seconds
[2025-02-01T12:00:49.374+0000] {processor.py:186} INFO - Started process (PID=361) to work on /home/airflow/.local/lib/python3.9/site-packages/airflow/example_dags/example_python_decorator.py
[2025-02-01T12:00:49.378+0000] {processor.py:914} INFO - Processing file /home/airflow/.local/lib/python3.9/site-packages/airflow/example_dags/example_python_decorator.py for tasks to queue
[2025-02-01T12:00:49.386+0000] {logging_mixin.py:190} INFO - [2025-02-01T12:00:49.386+0000] {dagbag.py:588} INFO - Filling up the DagBag from /home/airflow/.local/lib/python3.9/site-packages/airflow/example_dags/example_python_decorator.py
[2025-02-01T12:00:49.451+0000] {processor.py:925} INFO - DAG(s) 'example_python_decorator' retrieved from /home/airflow/.local/lib/python3.9/site-packages/airflow/example_dags/example_python_decorator.py
[2025-02-01T12:00:49.517+0000] {logging_mixin.py:190} INFO - [2025-02-01T12:00:49.517+0000] {dag.py:3239} INFO - Sync 1 DAGs
[2025-02-01T12:00:49.549+0000] {logging_mixin.py:190} INFO - [2025-02-01T12:00:49.549+0000] {dag.py:4180} INFO - Setting next_dagrun for example_python_decorator to None, run_after=None
[2025-02-01T12:00:49.597+0000] {processor.py:208} INFO - Processing /home/airflow/.local/lib/python3.9/site-packages/airflow/example_dags/example_python_decorator.py took 0.248 seconds
[2025-02-01T12:01:20.935+0000] {processor.py:186} INFO - Started process (PID=426) to work on /home/airflow/.local/lib/python3.9/site-packages/airflow/example_dags/example_python_decorator.py
[2025-02-01T12:01:20.936+0000] {processor.py:914} INFO - Processing file /home/airflow/.local/lib/python3.9/site-packages/airflow/example_dags/example_python_decorator.py for tasks to queue
[2025-02-01T12:01:20.938+0000] {logging_mixin.py:190} INFO - [2025-02-01T12:01:20.938+0000] {dagbag.py:588} INFO - Filling up the DagBag from /home/airflow/.local/lib/python3.9/site-packages/airflow/example_dags/example_python_decorator.py
[2025-02-01T12:01:20.960+0000] {processor.py:925} INFO - DAG(s) 'example_python_decorator' retrieved from /home/airflow/.local/lib/python3.9/site-packages/airflow/example_dags/example_python_decorator.py
[2025-02-01T12:01:20.983+0000] {logging_mixin.py:190} INFO - [2025-02-01T12:01:20.983+0000] {dag.py:3239} INFO - Sync 1 DAGs
[2025-02-01T12:01:21.007+0000] {logging_mixin.py:190} INFO - [2025-02-01T12:01:21.006+0000] {dag.py:4180} INFO - Setting next_dagrun for example_python_decorator to None, run_after=None
[2025-02-01T12:01:21.023+0000] {processor.py:208} INFO - Processing /home/airflow/.local/lib/python3.9/site-packages/airflow/example_dags/example_python_decorator.py took 0.095 seconds
[2025-02-01T12:01:52.136+0000] {processor.py:186} INFO - Started process (PID=489) to work on /home/airflow/.local/lib/python3.9/site-packages/airflow/example_dags/example_python_decorator.py
[2025-02-01T12:01:52.137+0000] {processor.py:914} INFO - Processing file /home/airflow/.local/lib/python3.9/site-packages/airflow/example_dags/example_python_decorator.py for tasks to queue
[2025-02-01T12:01:52.139+0000] {logging_mixin.py:190} INFO - [2025-02-01T12:01:52.138+0000] {dagbag.py:588} INFO - Filling up the DagBag from /home/airflow/.local/lib/python3.9/site-packages/airflow/example_dags/example_python_decorator.py
[2025-02-01T12:01:52.149+0000] {processor.py:925} INFO - DAG(s) 'example_python_decorator' retrieved from /home/airflow/.local/lib/python3.9/site-packages/airflow/example_dags/example_python_decorator.py
[2025-02-01T12:01:52.166+0000] {logging_mixin.py:190} INFO - [2025-02-01T12:01:52.166+0000] {dag.py:3239} INFO - Sync 1 DAGs
[2025-02-01T12:01:52.176+0000] {logging_mixin.py:190} INFO - [2025-02-01T12:01:52.176+0000] {dag.py:4180} INFO - Setting next_dagrun for example_python_decorator to None, run_after=None
[2025-02-01T12:01:52.189+0000] {processor.py:208} INFO - Processing /home/airflow/.local/lib/python3.9/site-packages/airflow/example_dags/example_python_decorator.py took 0.057 seconds
[2025-02-01T12:02:23.134+0000] {processor.py:186} INFO - Started process (PID=553) to work on /home/airflow/.local/lib/python3.9/site-packages/airflow/example_dags/example_python_decorator.py
[2025-02-01T12:02:23.135+0000] {processor.py:914} INFO - Processing file /home/airflow/.local/lib/python3.9/site-packages/airflow/example_dags/example_python_decorator.py for tasks to queue
[2025-02-01T12:02:23.141+0000] {logging_mixin.py:190} INFO - [2025-02-01T12:02:23.141+0000] {dagbag.py:588} INFO - Filling up the DagBag from /home/airflow/.local/lib/python3.9/site-packages/airflow/example_dags/example_python_decorator.py
[2025-02-01T12:02:23.201+0000] {processor.py:925} INFO - DAG(s) 'example_python_decorator' retrieved from /home/airflow/.local/lib/python3.9/site-packages/airflow/example_dags/example_python_decorator.py
[2025-02-01T12:02:23.247+0000] {logging_mixin.py:190} INFO - [2025-02-01T12:02:23.247+0000] {dag.py:3239} INFO - Sync 1 DAGs
[2025-02-01T12:02:23.296+0000] {logging_mixin.py:190} INFO - [2025-02-01T12:02:23.296+0000] {dag.py:4180} INFO - Setting next_dagrun for example_python_decorator to None, run_after=None
[2025-02-01T12:02:23.359+0000] {processor.py:208} INFO - Processing /home/airflow/.local/lib/python3.9/site-packages/airflow/example_dags/example_python_decorator.py took 0.252 seconds
[2025-02-01T12:02:53.999+0000] {processor.py:186} INFO - Started process (PID=621) to work on /home/airflow/.local/lib/python3.9/site-packages/airflow/example_dags/example_python_decorator.py
[2025-02-01T12:02:54.001+0000] {processor.py:914} INFO - Processing file /home/airflow/.local/lib/python3.9/site-packages/airflow/example_dags/example_python_decorator.py for tasks to queue
[2025-02-01T12:02:54.003+0000] {logging_mixin.py:190} INFO - [2025-02-01T12:02:54.003+0000] {dagbag.py:588} INFO - Filling up the DagBag from /home/airflow/.local/lib/python3.9/site-packages/airflow/example_dags/example_python_decorator.py
[2025-02-01T12:02:54.023+0000] {processor.py:925} INFO - DAG(s) 'example_python_decorator' retrieved from /home/airflow/.local/lib/python3.9/site-packages/airflow/example_dags/example_python_decorator.py
[2025-02-01T12:02:54.048+0000] {logging_mixin.py:190} INFO - [2025-02-01T12:02:54.048+0000] {dag.py:3239} INFO - Sync 1 DAGs
[2025-02-01T12:02:54.065+0000] {logging_mixin.py:190} INFO - [2025-02-01T12:02:54.064+0000] {dag.py:4180} INFO - Setting next_dagrun for example_python_decorator to None, run_after=None
[2025-02-01T12:02:54.091+0000] {processor.py:208} INFO - Processing /home/airflow/.local/lib/python3.9/site-packages/airflow/example_dags/example_python_decorator.py took 0.104 seconds
[2025-02-01T12:03:24.613+0000] {processor.py:186} INFO - Started process (PID=684) to work on /home/airflow/.local/lib/python3.9/site-packages/airflow/example_dags/example_python_decorator.py
[2025-02-01T12:03:24.614+0000] {processor.py:914} INFO - Processing file /home/airflow/.local/lib/python3.9/site-packages/airflow/example_dags/example_python_decorator.py for tasks to queue
[2025-02-01T12:03:24.616+0000] {logging_mixin.py:190} INFO - [2025-02-01T12:03:24.616+0000] {dagbag.py:588} INFO - Filling up the DagBag from /home/airflow/.local/lib/python3.9/site-packages/airflow/example_dags/example_python_decorator.py
[2025-02-01T12:03:24.632+0000] {processor.py:925} INFO - DAG(s) 'example_python_decorator' retrieved from /home/airflow/.local/lib/python3.9/site-packages/airflow/example_dags/example_python_decorator.py
[2025-02-01T12:03:24.657+0000] {logging_mixin.py:190} INFO - [2025-02-01T12:03:24.657+0000] {dag.py:3239} INFO - Sync 1 DAGs
[2025-02-01T12:03:24.673+0000] {logging_mixin.py:190} INFO - [2025-02-01T12:03:24.673+0000] {dag.py:4180} INFO - Setting next_dagrun for example_python_decorator to None, run_after=None
[2025-02-01T12:03:24.690+0000] {processor.py:208} INFO - Processing /home/airflow/.local/lib/python3.9/site-packages/airflow/example_dags/example_python_decorator.py took 0.084 seconds
[2025-02-01T12:03:55.272+0000] {processor.py:186} INFO - Started process (PID=746) to work on /home/airflow/.local/lib/python3.9/site-packages/airflow/example_dags/example_python_decorator.py
[2025-02-01T12:03:55.273+0000] {processor.py:914} INFO - Processing file /home/airflow/.local/lib/python3.9/site-packages/airflow/example_dags/example_python_decorator.py for tasks to queue
[2025-02-01T12:03:55.275+0000] {logging_mixin.py:190} INFO - [2025-02-01T12:03:55.275+0000] {dagbag.py:588} INFO - Filling up the DagBag from /home/airflow/.local/lib/python3.9/site-packages/airflow/example_dags/example_python_decorator.py
[2025-02-01T12:03:55.291+0000] {processor.py:925} INFO - DAG(s) 'example_python_decorator' retrieved from /home/airflow/.local/lib/python3.9/site-packages/airflow/example_dags/example_python_decorator.py
[2025-02-01T12:03:55.315+0000] {logging_mixin.py:190} INFO - [2025-02-01T12:03:55.315+0000] {dag.py:3239} INFO - Sync 1 DAGs
[2025-02-01T12:03:55.331+0000] {logging_mixin.py:190} INFO - [2025-02-01T12:03:55.331+0000] {dag.py:4180} INFO - Setting next_dagrun for example_python_decorator to None, run_after=None
[2025-02-01T12:03:55.349+0000] {processor.py:208} INFO - Processing /home/airflow/.local/lib/python3.9/site-packages/airflow/example_dags/example_python_decorator.py took 0.084 seconds
[2025-02-01T12:04:26.079+0000] {processor.py:186} INFO - Started process (PID=813) to work on /home/airflow/.local/lib/python3.9/site-packages/airflow/example_dags/example_python_decorator.py
[2025-02-01T12:04:26.082+0000] {processor.py:914} INFO - Processing file /home/airflow/.local/lib/python3.9/site-packages/airflow/example_dags/example_python_decorator.py for tasks to queue
[2025-02-01T12:04:26.084+0000] {logging_mixin.py:190} INFO - [2025-02-01T12:04:26.084+0000] {dagbag.py:588} INFO - Filling up the DagBag from /home/airflow/.local/lib/python3.9/site-packages/airflow/example_dags/example_python_decorator.py
[2025-02-01T12:04:26.099+0000] {processor.py:925} INFO - DAG(s) 'example_python_decorator' retrieved from /home/airflow/.local/lib/python3.9/site-packages/airflow/example_dags/example_python_decorator.py
[2025-02-01T12:04:26.127+0000] {logging_mixin.py:190} INFO - [2025-02-01T12:04:26.127+0000] {dag.py:3239} INFO - Sync 1 DAGs
[2025-02-01T12:04:26.153+0000] {logging_mixin.py:190} INFO - [2025-02-01T12:04:26.153+0000] {dag.py:4180} INFO - Setting next_dagrun for example_python_decorator to None, run_after=None
[2025-02-01T12:04:26.178+0000] {processor.py:208} INFO - Processing /home/airflow/.local/lib/python3.9/site-packages/airflow/example_dags/example_python_decorator.py took 0.107 seconds
[2025-02-01T12:04:56.468+0000] {processor.py:186} INFO - Started process (PID=875) to work on /home/airflow/.local/lib/python3.9/site-packages/airflow/example_dags/example_python_decorator.py
[2025-02-01T12:04:56.468+0000] {processor.py:914} INFO - Processing file /home/airflow/.local/lib/python3.9/site-packages/airflow/example_dags/example_python_decorator.py for tasks to queue
[2025-02-01T12:04:56.471+0000] {logging_mixin.py:190} INFO - [2025-02-01T12:04:56.470+0000] {dagbag.py:588} INFO - Filling up the DagBag from /home/airflow/.local/lib/python3.9/site-packages/airflow/example_dags/example_python_decorator.py
[2025-02-01T12:04:56.488+0000] {processor.py:925} INFO - DAG(s) 'example_python_decorator' retrieved from /home/airflow/.local/lib/python3.9/site-packages/airflow/example_dags/example_python_decorator.py
[2025-02-01T12:04:56.515+0000] {logging_mixin.py:190} INFO - [2025-02-01T12:04:56.514+0000] {dag.py:3239} INFO - Sync 1 DAGs
[2025-02-01T12:04:56.531+0000] {logging_mixin.py:190} INFO - [2025-02-01T12:04:56.531+0000] {dag.py:4180} INFO - Setting next_dagrun for example_python_decorator to None, run_after=None
[2025-02-01T12:04:56.549+0000] {processor.py:208} INFO - Processing /home/airflow/.local/lib/python3.9/site-packages/airflow/example_dags/example_python_decorator.py took 0.088 seconds
[2025-02-01T12:05:27.320+0000] {processor.py:186} INFO - Started process (PID=936) to work on /home/airflow/.local/lib/python3.9/site-packages/airflow/example_dags/example_python_decorator.py
[2025-02-01T12:05:27.320+0000] {processor.py:914} INFO - Processing file /home/airflow/.local/lib/python3.9/site-packages/airflow/example_dags/example_python_decorator.py for tasks to queue
[2025-02-01T12:05:27.323+0000] {logging_mixin.py:190} INFO - [2025-02-01T12:05:27.322+0000] {dagbag.py:588} INFO - Filling up the DagBag from /home/airflow/.local/lib/python3.9/site-packages/airflow/example_dags/example_python_decorator.py
[2025-02-01T12:05:27.341+0000] {processor.py:925} INFO - DAG(s) 'example_python_decorator' retrieved from /home/airflow/.local/lib/python3.9/site-packages/airflow/example_dags/example_python_decorator.py
[2025-02-01T12:05:27.387+0000] {logging_mixin.py:190} INFO - [2025-02-01T12:05:27.387+0000] {dag.py:3239} INFO - Sync 1 DAGs
[2025-02-01T12:05:27.419+0000] {logging_mixin.py:190} INFO - [2025-02-01T12:05:27.418+0000] {dag.py:4180} INFO - Setting next_dagrun for example_python_decorator to None, run_after=None
[2025-02-01T12:05:27.560+0000] {processor.py:208} INFO - Processing /home/airflow/.local/lib/python3.9/site-packages/airflow/example_dags/example_python_decorator.py took 0.247 seconds
[2025-02-01T12:05:57.767+0000] {processor.py:186} INFO - Started process (PID=999) to work on /home/airflow/.local/lib/python3.9/site-packages/airflow/example_dags/example_python_decorator.py
[2025-02-01T12:05:57.767+0000] {processor.py:914} INFO - Processing file /home/airflow/.local/lib/python3.9/site-packages/airflow/example_dags/example_python_decorator.py for tasks to queue
[2025-02-01T12:05:57.770+0000] {logging_mixin.py:190} INFO - [2025-02-01T12:05:57.769+0000] {dagbag.py:588} INFO - Filling up the DagBag from /home/airflow/.local/lib/python3.9/site-packages/airflow/example_dags/example_python_decorator.py
[2025-02-01T12:05:57.784+0000] {processor.py:925} INFO - DAG(s) 'example_python_decorator' retrieved from /home/airflow/.local/lib/python3.9/site-packages/airflow/example_dags/example_python_decorator.py
[2025-02-01T12:05:57.809+0000] {logging_mixin.py:190} INFO - [2025-02-01T12:05:57.808+0000] {dag.py:3239} INFO - Sync 1 DAGs
[2025-02-01T12:05:57.824+0000] {logging_mixin.py:190} INFO - [2025-02-01T12:05:57.824+0000] {dag.py:4180} INFO - Setting next_dagrun for example_python_decorator to None, run_after=None
[2025-02-01T12:05:57.843+0000] {processor.py:208} INFO - Processing /home/airflow/.local/lib/python3.9/site-packages/airflow/example_dags/example_python_decorator.py took 0.082 seconds
[2025-02-01T12:06:29.146+0000] {processor.py:186} INFO - Started process (PID=1063) to work on /home/airflow/.local/lib/python3.9/site-packages/airflow/example_dags/example_python_decorator.py
[2025-02-01T12:06:29.155+0000] {processor.py:914} INFO - Processing file /home/airflow/.local/lib/python3.9/site-packages/airflow/example_dags/example_python_decorator.py for tasks to queue
[2025-02-01T12:06:29.160+0000] {logging_mixin.py:190} INFO - [2025-02-01T12:06:29.160+0000] {dagbag.py:588} INFO - Filling up the DagBag from /home/airflow/.local/lib/python3.9/site-packages/airflow/example_dags/example_python_decorator.py
[2025-02-01T12:06:29.196+0000] {processor.py:925} INFO - DAG(s) 'example_python_decorator' retrieved from /home/airflow/.local/lib/python3.9/site-packages/airflow/example_dags/example_python_decorator.py
[2025-02-01T12:06:29.268+0000] {logging_mixin.py:190} INFO - [2025-02-01T12:06:29.267+0000] {dag.py:3239} INFO - Sync 1 DAGs
[2025-02-01T12:06:29.301+0000] {logging_mixin.py:190} INFO - [2025-02-01T12:06:29.300+0000] {dag.py:4180} INFO - Setting next_dagrun for example_python_decorator to None, run_after=None
[2025-02-01T12:06:29.357+0000] {processor.py:208} INFO - Processing /home/airflow/.local/lib/python3.9/site-packages/airflow/example_dags/example_python_decorator.py took 0.237 seconds
[2025-02-01T12:06:59.679+0000] {processor.py:186} INFO - Started process (PID=1126) to work on /home/airflow/.local/lib/python3.9/site-packages/airflow/example_dags/example_python_decorator.py
[2025-02-01T12:06:59.680+0000] {processor.py:914} INFO - Processing file /home/airflow/.local/lib/python3.9/site-packages/airflow/example_dags/example_python_decorator.py for tasks to queue
[2025-02-01T12:06:59.686+0000] {logging_mixin.py:190} INFO - [2025-02-01T12:06:59.685+0000] {dagbag.py:588} INFO - Filling up the DagBag from /home/airflow/.local/lib/python3.9/site-packages/airflow/example_dags/example_python_decorator.py
[2025-02-01T12:06:59.749+0000] {processor.py:925} INFO - DAG(s) 'example_python_decorator' retrieved from /home/airflow/.local/lib/python3.9/site-packages/airflow/example_dags/example_python_decorator.py
[2025-02-01T12:06:59.824+0000] {logging_mixin.py:190} INFO - [2025-02-01T12:06:59.824+0000] {dag.py:3239} INFO - Sync 1 DAGs
[2025-02-01T12:06:59.849+0000] {logging_mixin.py:190} INFO - [2025-02-01T12:06:59.849+0000] {dag.py:4180} INFO - Setting next_dagrun for example_python_decorator to None, run_after=None
[2025-02-01T12:06:59.879+0000] {processor.py:208} INFO - Processing /home/airflow/.local/lib/python3.9/site-packages/airflow/example_dags/example_python_decorator.py took 0.210 seconds
[2025-02-01T12:07:30.773+0000] {processor.py:186} INFO - Started process (PID=1189) to work on /home/airflow/.local/lib/python3.9/site-packages/airflow/example_dags/example_python_decorator.py
[2025-02-01T12:07:30.776+0000] {processor.py:914} INFO - Processing file /home/airflow/.local/lib/python3.9/site-packages/airflow/example_dags/example_python_decorator.py for tasks to queue
[2025-02-01T12:07:30.778+0000] {logging_mixin.py:190} INFO - [2025-02-01T12:07:30.777+0000] {dagbag.py:588} INFO - Filling up the DagBag from /home/airflow/.local/lib/python3.9/site-packages/airflow/example_dags/example_python_decorator.py
[2025-02-01T12:07:30.812+0000] {processor.py:925} INFO - DAG(s) 'example_python_decorator' retrieved from /home/airflow/.local/lib/python3.9/site-packages/airflow/example_dags/example_python_decorator.py
[2025-02-01T12:07:30.835+0000] {logging_mixin.py:190} INFO - [2025-02-01T12:07:30.835+0000] {dag.py:3239} INFO - Sync 1 DAGs
[2025-02-01T12:07:30.850+0000] {logging_mixin.py:190} INFO - [2025-02-01T12:07:30.850+0000] {dag.py:4180} INFO - Setting next_dagrun for example_python_decorator to None, run_after=None
[2025-02-01T12:07:30.868+0000] {processor.py:208} INFO - Processing /home/airflow/.local/lib/python3.9/site-packages/airflow/example_dags/example_python_decorator.py took 0.102 seconds
[2025-02-01T12:08:00.940+0000] {processor.py:186} INFO - Started process (PID=1253) to work on /home/airflow/.local/lib/python3.9/site-packages/airflow/example_dags/example_python_decorator.py
[2025-02-01T12:08:00.941+0000] {processor.py:914} INFO - Processing file /home/airflow/.local/lib/python3.9/site-packages/airflow/example_dags/example_python_decorator.py for tasks to queue
[2025-02-01T12:08:00.943+0000] {logging_mixin.py:190} INFO - [2025-02-01T12:08:00.943+0000] {dagbag.py:588} INFO - Filling up the DagBag from /home/airflow/.local/lib/python3.9/site-packages/airflow/example_dags/example_python_decorator.py
[2025-02-01T12:08:00.961+0000] {processor.py:925} INFO - DAG(s) 'example_python_decorator' retrieved from /home/airflow/.local/lib/python3.9/site-packages/airflow/example_dags/example_python_decorator.py
[2025-02-01T12:08:00.986+0000] {logging_mixin.py:190} INFO - [2025-02-01T12:08:00.986+0000] {dag.py:3239} INFO - Sync 1 DAGs
[2025-02-01T12:08:01.003+0000] {logging_mixin.py:190} INFO - [2025-02-01T12:08:01.002+0000] {dag.py:4180} INFO - Setting next_dagrun for example_python_decorator to None, run_after=None
[2025-02-01T12:08:01.020+0000] {processor.py:208} INFO - Processing /home/airflow/.local/lib/python3.9/site-packages/airflow/example_dags/example_python_decorator.py took 0.087 seconds
[2025-02-01T12:08:31.459+0000] {processor.py:186} INFO - Started process (PID=1316) to work on /home/airflow/.local/lib/python3.9/site-packages/airflow/example_dags/example_python_decorator.py
[2025-02-01T12:08:31.461+0000] {processor.py:914} INFO - Processing file /home/airflow/.local/lib/python3.9/site-packages/airflow/example_dags/example_python_decorator.py for tasks to queue
[2025-02-01T12:08:31.463+0000] {logging_mixin.py:190} INFO - [2025-02-01T12:08:31.463+0000] {dagbag.py:588} INFO - Filling up the DagBag from /home/airflow/.local/lib/python3.9/site-packages/airflow/example_dags/example_python_decorator.py
[2025-02-01T12:08:31.479+0000] {processor.py:925} INFO - DAG(s) 'example_python_decorator' retrieved from /home/airflow/.local/lib/python3.9/site-packages/airflow/example_dags/example_python_decorator.py
[2025-02-01T12:08:31.503+0000] {logging_mixin.py:190} INFO - [2025-02-01T12:08:31.503+0000] {dag.py:3239} INFO - Sync 1 DAGs
[2025-02-01T12:08:31.519+0000] {logging_mixin.py:190} INFO - [2025-02-01T12:08:31.519+0000] {dag.py:4180} INFO - Setting next_dagrun for example_python_decorator to None, run_after=None
[2025-02-01T12:08:31.536+0000] {processor.py:208} INFO - Processing /home/airflow/.local/lib/python3.9/site-packages/airflow/example_dags/example_python_decorator.py took 0.084 seconds
[2025-02-01T12:09:01.868+0000] {processor.py:186} INFO - Started process (PID=1379) to work on /home/airflow/.local/lib/python3.9/site-packages/airflow/example_dags/example_python_decorator.py
[2025-02-01T12:09:01.868+0000] {processor.py:914} INFO - Processing file /home/airflow/.local/lib/python3.9/site-packages/airflow/example_dags/example_python_decorator.py for tasks to queue
[2025-02-01T12:09:01.871+0000] {logging_mixin.py:190} INFO - [2025-02-01T12:09:01.870+0000] {dagbag.py:588} INFO - Filling up the DagBag from /home/airflow/.local/lib/python3.9/site-packages/airflow/example_dags/example_python_decorator.py
[2025-02-01T12:09:01.888+0000] {processor.py:925} INFO - DAG(s) 'example_python_decorator' retrieved from /home/airflow/.local/lib/python3.9/site-packages/airflow/example_dags/example_python_decorator.py
[2025-02-01T12:09:01.911+0000] {logging_mixin.py:190} INFO - [2025-02-01T12:09:01.911+0000] {dag.py:3239} INFO - Sync 1 DAGs
[2025-02-01T12:09:01.927+0000] {logging_mixin.py:190} INFO - [2025-02-01T12:09:01.927+0000] {dag.py:4180} INFO - Setting next_dagrun for example_python_decorator to None, run_after=None
[2025-02-01T12:09:01.944+0000] {processor.py:208} INFO - Processing /home/airflow/.local/lib/python3.9/site-packages/airflow/example_dags/example_python_decorator.py took 0.083 seconds
[2025-02-01T12:09:33.006+0000] {processor.py:186} INFO - Started process (PID=1442) to work on /home/airflow/.local/lib/python3.9/site-packages/airflow/example_dags/example_python_decorator.py
[2025-02-01T12:09:33.008+0000] {processor.py:914} INFO - Processing file /home/airflow/.local/lib/python3.9/site-packages/airflow/example_dags/example_python_decorator.py for tasks to queue
[2025-02-01T12:09:33.010+0000] {logging_mixin.py:190} INFO - [2025-02-01T12:09:33.010+0000] {dagbag.py:588} INFO - Filling up the DagBag from /home/airflow/.local/lib/python3.9/site-packages/airflow/example_dags/example_python_decorator.py
[2025-02-01T12:09:33.028+0000] {processor.py:925} INFO - DAG(s) 'example_python_decorator' retrieved from /home/airflow/.local/lib/python3.9/site-packages/airflow/example_dags/example_python_decorator.py
[2025-02-01T12:09:33.050+0000] {logging_mixin.py:190} INFO - [2025-02-01T12:09:33.050+0000] {dag.py:3239} INFO - Sync 1 DAGs
[2025-02-01T12:09:33.066+0000] {logging_mixin.py:190} INFO - [2025-02-01T12:09:33.066+0000] {dag.py:4180} INFO - Setting next_dagrun for example_python_decorator to None, run_after=None
[2025-02-01T12:09:33.084+0000] {processor.py:208} INFO - Processing /home/airflow/.local/lib/python3.9/site-packages/airflow/example_dags/example_python_decorator.py took 0.085 seconds
