[2025-02-01T11:58:43.000+0000] {processor.py:186} INFO - Started process (PID=117) to work on /home/airflow/.local/lib/python3.9/site-packages/airflow/example_dags/tutorial_objectstorage.py
[2025-02-01T11:58:43.001+0000] {processor.py:914} INFO - Processing file /home/airflow/.local/lib/python3.9/site-packages/airflow/example_dags/tutorial_objectstorage.py for tasks to queue
[2025-02-01T11:58:43.013+0000] {logging_mixin.py:190} INFO - [2025-02-01T11:58:43.013+0000] {dagbag.py:588} INFO - Filling up the DagBag from /home/airflow/.local/lib/python3.9/site-packages/airflow/example_dags/tutorial_objectstorage.py
[2025-02-01T11:58:43.032+0000] {processor.py:925} INFO - DAG(s) 'tutorial_objectstorage' retrieved from /home/airflow/.local/lib/python3.9/site-packages/airflow/example_dags/tutorial_objectstorage.py
[2025-02-01T11:58:43.246+0000] {logging_mixin.py:190} INFO - [2025-02-01T11:58:43.245+0000] {override.py:1911} INFO - Created Permission View: can edit on DAG:tutorial_objectstorage
[2025-02-01T11:58:43.258+0000] {logging_mixin.py:190} INFO - [2025-02-01T11:58:43.257+0000] {override.py:1911} INFO - Created Permission View: can delete on DAG:tutorial_objectstorage
[2025-02-01T11:58:43.265+0000] {logging_mixin.py:190} INFO - [2025-02-01T11:58:43.265+0000] {override.py:1911} INFO - Created Permission View: can read on DAG:tutorial_objectstorage
[2025-02-01T11:58:43.286+0000] {logging_mixin.py:190} INFO - [2025-02-01T11:58:43.284+0000] {override.py:1911} INFO - Created Permission View: can create on DAG Run:tutorial_objectstorage
[2025-02-01T11:58:43.299+0000] {logging_mixin.py:190} INFO - [2025-02-01T11:58:43.298+0000] {override.py:1911} INFO - Created Permission View: can delete on DAG Run:tutorial_objectstorage
[2025-02-01T11:58:43.314+0000] {logging_mixin.py:190} INFO - [2025-02-01T11:58:43.314+0000] {override.py:1911} INFO - Created Permission View: can read on DAG Run:tutorial_objectstorage
[2025-02-01T11:58:43.330+0000] {logging_mixin.py:190} INFO - [2025-02-01T11:58:43.328+0000] {override.py:1911} INFO - Created Permission View: menu access on DAG Run:tutorial_objectstorage
[2025-02-01T11:58:43.331+0000] {logging_mixin.py:190} INFO - [2025-02-01T11:58:43.330+0000] {dag.py:3239} INFO - Sync 1 DAGs
[2025-02-01T11:58:43.394+0000] {logging_mixin.py:190} INFO - [2025-02-01T11:58:43.393+0000] {dag.py:3262} INFO - Creating ORM DAG for tutorial_objectstorage
[2025-02-01T11:58:43.398+0000] {logging_mixin.py:190} INFO - [2025-02-01T11:58:43.398+0000] {dag.py:4180} INFO - Setting next_dagrun for tutorial_objectstorage to None, run_after=None
[2025-02-01T11:58:43.434+0000] {processor.py:208} INFO - Processing /home/airflow/.local/lib/python3.9/site-packages/airflow/example_dags/tutorial_objectstorage.py took 0.457 seconds
[2025-02-01T11:59:14.129+0000] {processor.py:186} INFO - Started process (PID=180) to work on /home/airflow/.local/lib/python3.9/site-packages/airflow/example_dags/tutorial_objectstorage.py
[2025-02-01T11:59:14.130+0000] {processor.py:914} INFO - Processing file /home/airflow/.local/lib/python3.9/site-packages/airflow/example_dags/tutorial_objectstorage.py for tasks to queue
[2025-02-01T11:59:14.133+0000] {logging_mixin.py:190} INFO - [2025-02-01T11:59:14.132+0000] {dagbag.py:588} INFO - Filling up the DagBag from /home/airflow/.local/lib/python3.9/site-packages/airflow/example_dags/tutorial_objectstorage.py
[2025-02-01T11:59:14.143+0000] {processor.py:925} INFO - DAG(s) 'tutorial_objectstorage' retrieved from /home/airflow/.local/lib/python3.9/site-packages/airflow/example_dags/tutorial_objectstorage.py
[2025-02-01T11:59:14.163+0000] {logging_mixin.py:190} INFO - [2025-02-01T11:59:14.163+0000] {dag.py:3239} INFO - Sync 1 DAGs
[2025-02-01T11:59:14.180+0000] {logging_mixin.py:190} INFO - [2025-02-01T11:59:14.180+0000] {dag.py:4180} INFO - Setting next_dagrun for tutorial_objectstorage to None, run_after=None
[2025-02-01T11:59:14.231+0000] {processor.py:208} INFO - Processing /home/airflow/.local/lib/python3.9/site-packages/airflow/example_dags/tutorial_objectstorage.py took 0.108 seconds
[2025-02-01T11:59:44.860+0000] {processor.py:186} INFO - Started process (PID=244) to work on /home/airflow/.local/lib/python3.9/site-packages/airflow/example_dags/tutorial_objectstorage.py
[2025-02-01T11:59:44.864+0000] {processor.py:914} INFO - Processing file /home/airflow/.local/lib/python3.9/site-packages/airflow/example_dags/tutorial_objectstorage.py for tasks to queue
[2025-02-01T11:59:44.866+0000] {logging_mixin.py:190} INFO - [2025-02-01T11:59:44.866+0000] {dagbag.py:588} INFO - Filling up the DagBag from /home/airflow/.local/lib/python3.9/site-packages/airflow/example_dags/tutorial_objectstorage.py
[2025-02-01T11:59:44.877+0000] {processor.py:925} INFO - DAG(s) 'tutorial_objectstorage' retrieved from /home/airflow/.local/lib/python3.9/site-packages/airflow/example_dags/tutorial_objectstorage.py
[2025-02-01T11:59:44.897+0000] {logging_mixin.py:190} INFO - [2025-02-01T11:59:44.897+0000] {dag.py:3239} INFO - Sync 1 DAGs
[2025-02-01T11:59:44.914+0000] {logging_mixin.py:190} INFO - [2025-02-01T11:59:44.914+0000] {dag.py:4180} INFO - Setting next_dagrun for tutorial_objectstorage to None, run_after=None
[2025-02-01T11:59:44.931+0000] {processor.py:208} INFO - Processing /home/airflow/.local/lib/python3.9/site-packages/airflow/example_dags/tutorial_objectstorage.py took 0.078 seconds
[2025-02-01T12:00:18.819+0000] {processor.py:186} INFO - Started process (PID=309) to work on /home/airflow/.local/lib/python3.9/site-packages/airflow/example_dags/tutorial_objectstorage.py
[2025-02-01T12:00:18.819+0000] {processor.py:914} INFO - Processing file /home/airflow/.local/lib/python3.9/site-packages/airflow/example_dags/tutorial_objectstorage.py for tasks to queue
[2025-02-01T12:00:18.822+0000] {logging_mixin.py:190} INFO - [2025-02-01T12:00:18.821+0000] {dagbag.py:588} INFO - Filling up the DagBag from /home/airflow/.local/lib/python3.9/site-packages/airflow/example_dags/tutorial_objectstorage.py
[2025-02-01T12:00:18.832+0000] {processor.py:925} INFO - DAG(s) 'tutorial_objectstorage' retrieved from /home/airflow/.local/lib/python3.9/site-packages/airflow/example_dags/tutorial_objectstorage.py
[2025-02-01T12:00:18.851+0000] {logging_mixin.py:190} INFO - [2025-02-01T12:00:18.851+0000] {dag.py:3239} INFO - Sync 1 DAGs
[2025-02-01T12:00:18.875+0000] {logging_mixin.py:190} INFO - [2025-02-01T12:00:18.875+0000] {dag.py:4180} INFO - Setting next_dagrun for tutorial_objectstorage to None, run_after=None
[2025-02-01T12:00:18.893+0000] {processor.py:208} INFO - Processing /home/airflow/.local/lib/python3.9/site-packages/airflow/example_dags/tutorial_objectstorage.py took 0.081 seconds
[2025-02-01T12:00:51.654+0000] {processor.py:186} INFO - Started process (PID=374) to work on /home/airflow/.local/lib/python3.9/site-packages/airflow/example_dags/tutorial_objectstorage.py
[2025-02-01T12:00:51.656+0000] {processor.py:914} INFO - Processing file /home/airflow/.local/lib/python3.9/site-packages/airflow/example_dags/tutorial_objectstorage.py for tasks to queue
[2025-02-01T12:00:51.659+0000] {logging_mixin.py:190} INFO - [2025-02-01T12:00:51.658+0000] {dagbag.py:588} INFO - Filling up the DagBag from /home/airflow/.local/lib/python3.9/site-packages/airflow/example_dags/tutorial_objectstorage.py
[2025-02-01T12:00:51.690+0000] {processor.py:925} INFO - DAG(s) 'tutorial_objectstorage' retrieved from /home/airflow/.local/lib/python3.9/site-packages/airflow/example_dags/tutorial_objectstorage.py
[2025-02-01T12:00:51.743+0000] {logging_mixin.py:190} INFO - [2025-02-01T12:00:51.743+0000] {dag.py:3239} INFO - Sync 1 DAGs
[2025-02-01T12:00:51.775+0000] {logging_mixin.py:190} INFO - [2025-02-01T12:00:51.775+0000] {dag.py:4180} INFO - Setting next_dagrun for tutorial_objectstorage to None, run_after=None
[2025-02-01T12:00:51.830+0000] {processor.py:208} INFO - Processing /home/airflow/.local/lib/python3.9/site-packages/airflow/example_dags/tutorial_objectstorage.py took 0.206 seconds
[2025-02-01T12:01:23.337+0000] {processor.py:186} INFO - Started process (PID=445) to work on /home/airflow/.local/lib/python3.9/site-packages/airflow/example_dags/tutorial_objectstorage.py
[2025-02-01T12:01:23.339+0000] {processor.py:914} INFO - Processing file /home/airflow/.local/lib/python3.9/site-packages/airflow/example_dags/tutorial_objectstorage.py for tasks to queue
[2025-02-01T12:01:23.342+0000] {logging_mixin.py:190} INFO - [2025-02-01T12:01:23.341+0000] {dagbag.py:588} INFO - Filling up the DagBag from /home/airflow/.local/lib/python3.9/site-packages/airflow/example_dags/tutorial_objectstorage.py
[2025-02-01T12:01:23.360+0000] {processor.py:925} INFO - DAG(s) 'tutorial_objectstorage' retrieved from /home/airflow/.local/lib/python3.9/site-packages/airflow/example_dags/tutorial_objectstorage.py
[2025-02-01T12:01:23.409+0000] {logging_mixin.py:190} INFO - [2025-02-01T12:01:23.408+0000] {dag.py:3239} INFO - Sync 1 DAGs
[2025-02-01T12:01:23.425+0000] {logging_mixin.py:190} INFO - [2025-02-01T12:01:23.424+0000] {dag.py:4180} INFO - Setting next_dagrun for tutorial_objectstorage to None, run_after=None
[2025-02-01T12:01:23.451+0000] {processor.py:208} INFO - Processing /home/airflow/.local/lib/python3.9/site-packages/airflow/example_dags/tutorial_objectstorage.py took 0.123 seconds
[2025-02-01T12:01:53.968+0000] {processor.py:186} INFO - Started process (PID=509) to work on /home/airflow/.local/lib/python3.9/site-packages/airflow/example_dags/tutorial_objectstorage.py
[2025-02-01T12:01:53.969+0000] {processor.py:914} INFO - Processing file /home/airflow/.local/lib/python3.9/site-packages/airflow/example_dags/tutorial_objectstorage.py for tasks to queue
[2025-02-01T12:01:53.970+0000] {logging_mixin.py:190} INFO - [2025-02-01T12:01:53.970+0000] {dagbag.py:588} INFO - Filling up the DagBag from /home/airflow/.local/lib/python3.9/site-packages/airflow/example_dags/tutorial_objectstorage.py
[2025-02-01T12:01:53.978+0000] {processor.py:925} INFO - DAG(s) 'tutorial_objectstorage' retrieved from /home/airflow/.local/lib/python3.9/site-packages/airflow/example_dags/tutorial_objectstorage.py
[2025-02-01T12:01:53.992+0000] {logging_mixin.py:190} INFO - [2025-02-01T12:01:53.992+0000] {dag.py:3239} INFO - Sync 1 DAGs
[2025-02-01T12:01:54.003+0000] {logging_mixin.py:190} INFO - [2025-02-01T12:01:54.003+0000] {dag.py:4180} INFO - Setting next_dagrun for tutorial_objectstorage to None, run_after=None
[2025-02-01T12:01:54.019+0000] {processor.py:208} INFO - Processing /home/airflow/.local/lib/python3.9/site-packages/airflow/example_dags/tutorial_objectstorage.py took 0.056 seconds
[2025-02-01T12:02:24.177+0000] {processor.py:186} INFO - Started process (PID=572) to work on /home/airflow/.local/lib/python3.9/site-packages/airflow/example_dags/tutorial_objectstorage.py
[2025-02-01T12:02:24.178+0000] {processor.py:914} INFO - Processing file /home/airflow/.local/lib/python3.9/site-packages/airflow/example_dags/tutorial_objectstorage.py for tasks to queue
[2025-02-01T12:02:24.180+0000] {logging_mixin.py:190} INFO - [2025-02-01T12:02:24.180+0000] {dagbag.py:588} INFO - Filling up the DagBag from /home/airflow/.local/lib/python3.9/site-packages/airflow/example_dags/tutorial_objectstorage.py
[2025-02-01T12:02:24.190+0000] {processor.py:925} INFO - DAG(s) 'tutorial_objectstorage' retrieved from /home/airflow/.local/lib/python3.9/site-packages/airflow/example_dags/tutorial_objectstorage.py
[2025-02-01T12:02:24.218+0000] {logging_mixin.py:190} INFO - [2025-02-01T12:02:24.218+0000] {dag.py:3239} INFO - Sync 1 DAGs
[2025-02-01T12:02:24.234+0000] {logging_mixin.py:190} INFO - [2025-02-01T12:02:24.234+0000] {dag.py:4180} INFO - Setting next_dagrun for tutorial_objectstorage to None, run_after=None
[2025-02-01T12:02:24.253+0000] {processor.py:208} INFO - Processing /home/airflow/.local/lib/python3.9/site-packages/airflow/example_dags/tutorial_objectstorage.py took 0.082 seconds
[2025-02-01T12:02:55.135+0000] {processor.py:186} INFO - Started process (PID=636) to work on /home/airflow/.local/lib/python3.9/site-packages/airflow/example_dags/tutorial_objectstorage.py
[2025-02-01T12:02:55.138+0000] {processor.py:914} INFO - Processing file /home/airflow/.local/lib/python3.9/site-packages/airflow/example_dags/tutorial_objectstorage.py for tasks to queue
[2025-02-01T12:02:55.140+0000] {logging_mixin.py:190} INFO - [2025-02-01T12:02:55.140+0000] {dagbag.py:588} INFO - Filling up the DagBag from /home/airflow/.local/lib/python3.9/site-packages/airflow/example_dags/tutorial_objectstorage.py
[2025-02-01T12:02:55.150+0000] {processor.py:925} INFO - DAG(s) 'tutorial_objectstorage' retrieved from /home/airflow/.local/lib/python3.9/site-packages/airflow/example_dags/tutorial_objectstorage.py
[2025-02-01T12:02:55.171+0000] {logging_mixin.py:190} INFO - [2025-02-01T12:02:55.171+0000] {dag.py:3239} INFO - Sync 1 DAGs
[2025-02-01T12:02:55.187+0000] {logging_mixin.py:190} INFO - [2025-02-01T12:02:55.186+0000] {dag.py:4180} INFO - Setting next_dagrun for tutorial_objectstorage to None, run_after=None
[2025-02-01T12:02:55.203+0000] {processor.py:208} INFO - Processing /home/airflow/.local/lib/python3.9/site-packages/airflow/example_dags/tutorial_objectstorage.py took 0.075 seconds
[2025-02-01T12:03:26.052+0000] {processor.py:186} INFO - Started process (PID=699) to work on /home/airflow/.local/lib/python3.9/site-packages/airflow/example_dags/tutorial_objectstorage.py
[2025-02-01T12:03:26.053+0000] {processor.py:914} INFO - Processing file /home/airflow/.local/lib/python3.9/site-packages/airflow/example_dags/tutorial_objectstorage.py for tasks to queue
[2025-02-01T12:03:26.055+0000] {logging_mixin.py:190} INFO - [2025-02-01T12:03:26.055+0000] {dagbag.py:588} INFO - Filling up the DagBag from /home/airflow/.local/lib/python3.9/site-packages/airflow/example_dags/tutorial_objectstorage.py
[2025-02-01T12:03:26.065+0000] {processor.py:925} INFO - DAG(s) 'tutorial_objectstorage' retrieved from /home/airflow/.local/lib/python3.9/site-packages/airflow/example_dags/tutorial_objectstorage.py
[2025-02-01T12:03:26.084+0000] {logging_mixin.py:190} INFO - [2025-02-01T12:03:26.084+0000] {dag.py:3239} INFO - Sync 1 DAGs
[2025-02-01T12:03:26.100+0000] {logging_mixin.py:190} INFO - [2025-02-01T12:03:26.100+0000] {dag.py:4180} INFO - Setting next_dagrun for tutorial_objectstorage to None, run_after=None
[2025-02-01T12:03:26.118+0000] {processor.py:208} INFO - Processing /home/airflow/.local/lib/python3.9/site-packages/airflow/example_dags/tutorial_objectstorage.py took 0.072 seconds
[2025-02-01T12:03:56.676+0000] {processor.py:186} INFO - Started process (PID=762) to work on /home/airflow/.local/lib/python3.9/site-packages/airflow/example_dags/tutorial_objectstorage.py
[2025-02-01T12:03:56.676+0000] {processor.py:914} INFO - Processing file /home/airflow/.local/lib/python3.9/site-packages/airflow/example_dags/tutorial_objectstorage.py for tasks to queue
[2025-02-01T12:03:56.679+0000] {logging_mixin.py:190} INFO - [2025-02-01T12:03:56.678+0000] {dagbag.py:588} INFO - Filling up the DagBag from /home/airflow/.local/lib/python3.9/site-packages/airflow/example_dags/tutorial_objectstorage.py
[2025-02-01T12:03:56.689+0000] {processor.py:925} INFO - DAG(s) 'tutorial_objectstorage' retrieved from /home/airflow/.local/lib/python3.9/site-packages/airflow/example_dags/tutorial_objectstorage.py
[2025-02-01T12:03:56.707+0000] {logging_mixin.py:190} INFO - [2025-02-01T12:03:56.707+0000] {dag.py:3239} INFO - Sync 1 DAGs
[2025-02-01T12:03:56.721+0000] {logging_mixin.py:190} INFO - [2025-02-01T12:03:56.721+0000] {dag.py:4180} INFO - Setting next_dagrun for tutorial_objectstorage to None, run_after=None
[2025-02-01T12:03:56.740+0000] {processor.py:208} INFO - Processing /home/airflow/.local/lib/python3.9/site-packages/airflow/example_dags/tutorial_objectstorage.py took 0.071 seconds
[2025-02-01T12:04:27.003+0000] {processor.py:186} INFO - Started process (PID=826) to work on /home/airflow/.local/lib/python3.9/site-packages/airflow/example_dags/tutorial_objectstorage.py
[2025-02-01T12:04:27.004+0000] {processor.py:914} INFO - Processing file /home/airflow/.local/lib/python3.9/site-packages/airflow/example_dags/tutorial_objectstorage.py for tasks to queue
[2025-02-01T12:04:27.006+0000] {logging_mixin.py:190} INFO - [2025-02-01T12:04:27.005+0000] {dagbag.py:588} INFO - Filling up the DagBag from /home/airflow/.local/lib/python3.9/site-packages/airflow/example_dags/tutorial_objectstorage.py
[2025-02-01T12:04:27.015+0000] {processor.py:925} INFO - DAG(s) 'tutorial_objectstorage' retrieved from /home/airflow/.local/lib/python3.9/site-packages/airflow/example_dags/tutorial_objectstorage.py
[2025-02-01T12:04:27.039+0000] {logging_mixin.py:190} INFO - [2025-02-01T12:04:27.038+0000] {dag.py:3239} INFO - Sync 1 DAGs
[2025-02-01T12:04:27.065+0000] {logging_mixin.py:190} INFO - [2025-02-01T12:04:27.064+0000] {dag.py:4180} INFO - Setting next_dagrun for tutorial_objectstorage to None, run_after=None
[2025-02-01T12:04:27.107+0000] {processor.py:208} INFO - Processing /home/airflow/.local/lib/python3.9/site-packages/airflow/example_dags/tutorial_objectstorage.py took 0.111 seconds
[2025-02-01T12:04:57.444+0000] {processor.py:186} INFO - Started process (PID=887) to work on /home/airflow/.local/lib/python3.9/site-packages/airflow/example_dags/tutorial_objectstorage.py
[2025-02-01T12:04:57.445+0000] {processor.py:914} INFO - Processing file /home/airflow/.local/lib/python3.9/site-packages/airflow/example_dags/tutorial_objectstorage.py for tasks to queue
[2025-02-01T12:04:57.447+0000] {logging_mixin.py:190} INFO - [2025-02-01T12:04:57.447+0000] {dagbag.py:588} INFO - Filling up the DagBag from /home/airflow/.local/lib/python3.9/site-packages/airflow/example_dags/tutorial_objectstorage.py
[2025-02-01T12:04:57.456+0000] {processor.py:925} INFO - DAG(s) 'tutorial_objectstorage' retrieved from /home/airflow/.local/lib/python3.9/site-packages/airflow/example_dags/tutorial_objectstorage.py
[2025-02-01T12:04:57.475+0000] {logging_mixin.py:190} INFO - [2025-02-01T12:04:57.474+0000] {dag.py:3239} INFO - Sync 1 DAGs
[2025-02-01T12:04:57.491+0000] {logging_mixin.py:190} INFO - [2025-02-01T12:04:57.491+0000] {dag.py:4180} INFO - Setting next_dagrun for tutorial_objectstorage to None, run_after=None
[2025-02-01T12:04:57.509+0000] {processor.py:208} INFO - Processing /home/airflow/.local/lib/python3.9/site-packages/airflow/example_dags/tutorial_objectstorage.py took 0.072 seconds
[2025-02-01T12:05:29.123+0000] {processor.py:186} INFO - Started process (PID=949) to work on /home/airflow/.local/lib/python3.9/site-packages/airflow/example_dags/tutorial_objectstorage.py
[2025-02-01T12:05:29.124+0000] {processor.py:914} INFO - Processing file /home/airflow/.local/lib/python3.9/site-packages/airflow/example_dags/tutorial_objectstorage.py for tasks to queue
[2025-02-01T12:05:29.126+0000] {logging_mixin.py:190} INFO - [2025-02-01T12:05:29.126+0000] {dagbag.py:588} INFO - Filling up the DagBag from /home/airflow/.local/lib/python3.9/site-packages/airflow/example_dags/tutorial_objectstorage.py
[2025-02-01T12:05:29.135+0000] {processor.py:925} INFO - DAG(s) 'tutorial_objectstorage' retrieved from /home/airflow/.local/lib/python3.9/site-packages/airflow/example_dags/tutorial_objectstorage.py
[2025-02-01T12:05:29.155+0000] {logging_mixin.py:190} INFO - [2025-02-01T12:05:29.154+0000] {dag.py:3239} INFO - Sync 1 DAGs
[2025-02-01T12:05:29.170+0000] {logging_mixin.py:190} INFO - [2025-02-01T12:05:29.170+0000] {dag.py:4180} INFO - Setting next_dagrun for tutorial_objectstorage to None, run_after=None
[2025-02-01T12:05:29.187+0000] {processor.py:208} INFO - Processing /home/airflow/.local/lib/python3.9/site-packages/airflow/example_dags/tutorial_objectstorage.py took 0.071 seconds
[2025-02-01T12:06:00.611+0000] {processor.py:186} INFO - Started process (PID=1012) to work on /home/airflow/.local/lib/python3.9/site-packages/airflow/example_dags/tutorial_objectstorage.py
[2025-02-01T12:06:00.612+0000] {processor.py:914} INFO - Processing file /home/airflow/.local/lib/python3.9/site-packages/airflow/example_dags/tutorial_objectstorage.py for tasks to queue
[2025-02-01T12:06:00.614+0000] {logging_mixin.py:190} INFO - [2025-02-01T12:06:00.614+0000] {dagbag.py:588} INFO - Filling up the DagBag from /home/airflow/.local/lib/python3.9/site-packages/airflow/example_dags/tutorial_objectstorage.py
[2025-02-01T12:06:00.626+0000] {processor.py:925} INFO - DAG(s) 'tutorial_objectstorage' retrieved from /home/airflow/.local/lib/python3.9/site-packages/airflow/example_dags/tutorial_objectstorage.py
[2025-02-01T12:06:00.664+0000] {logging_mixin.py:190} INFO - [2025-02-01T12:06:00.664+0000] {dag.py:3239} INFO - Sync 1 DAGs
[2025-02-01T12:06:00.689+0000] {logging_mixin.py:190} INFO - [2025-02-01T12:06:00.688+0000] {dag.py:4180} INFO - Setting next_dagrun for tutorial_objectstorage to None, run_after=None
[2025-02-01T12:06:00.735+0000] {processor.py:208} INFO - Processing /home/airflow/.local/lib/python3.9/site-packages/airflow/example_dags/tutorial_objectstorage.py took 0.132 seconds
[2025-02-01T12:06:31.484+0000] {processor.py:186} INFO - Started process (PID=1075) to work on /home/airflow/.local/lib/python3.9/site-packages/airflow/example_dags/tutorial_objectstorage.py
[2025-02-01T12:06:31.490+0000] {processor.py:914} INFO - Processing file /home/airflow/.local/lib/python3.9/site-packages/airflow/example_dags/tutorial_objectstorage.py for tasks to queue
[2025-02-01T12:06:31.498+0000] {logging_mixin.py:190} INFO - [2025-02-01T12:06:31.498+0000] {dagbag.py:588} INFO - Filling up the DagBag from /home/airflow/.local/lib/python3.9/site-packages/airflow/example_dags/tutorial_objectstorage.py
[2025-02-01T12:06:31.513+0000] {processor.py:925} INFO - DAG(s) 'tutorial_objectstorage' retrieved from /home/airflow/.local/lib/python3.9/site-packages/airflow/example_dags/tutorial_objectstorage.py
[2025-02-01T12:06:31.600+0000] {logging_mixin.py:190} INFO - [2025-02-01T12:06:31.600+0000] {dag.py:3239} INFO - Sync 1 DAGs
[2025-02-01T12:06:31.623+0000] {logging_mixin.py:190} INFO - [2025-02-01T12:06:31.622+0000] {dag.py:4180} INFO - Setting next_dagrun for tutorial_objectstorage to None, run_after=None
[2025-02-01T12:06:31.641+0000] {processor.py:208} INFO - Processing /home/airflow/.local/lib/python3.9/site-packages/airflow/example_dags/tutorial_objectstorage.py took 0.168 seconds
[2025-02-01T12:07:02.522+0000] {processor.py:186} INFO - Started process (PID=1139) to work on /home/airflow/.local/lib/python3.9/site-packages/airflow/example_dags/tutorial_objectstorage.py
[2025-02-01T12:07:02.523+0000] {processor.py:914} INFO - Processing file /home/airflow/.local/lib/python3.9/site-packages/airflow/example_dags/tutorial_objectstorage.py for tasks to queue
[2025-02-01T12:07:02.526+0000] {logging_mixin.py:190} INFO - [2025-02-01T12:07:02.525+0000] {dagbag.py:588} INFO - Filling up the DagBag from /home/airflow/.local/lib/python3.9/site-packages/airflow/example_dags/tutorial_objectstorage.py
[2025-02-01T12:07:02.542+0000] {processor.py:925} INFO - DAG(s) 'tutorial_objectstorage' retrieved from /home/airflow/.local/lib/python3.9/site-packages/airflow/example_dags/tutorial_objectstorage.py
[2025-02-01T12:07:02.570+0000] {logging_mixin.py:190} INFO - [2025-02-01T12:07:02.570+0000] {dag.py:3239} INFO - Sync 1 DAGs
[2025-02-01T12:07:02.591+0000] {logging_mixin.py:190} INFO - [2025-02-01T12:07:02.590+0000] {dag.py:4180} INFO - Setting next_dagrun for tutorial_objectstorage to None, run_after=None
[2025-02-01T12:07:02.673+0000] {processor.py:208} INFO - Processing /home/airflow/.local/lib/python3.9/site-packages/airflow/example_dags/tutorial_objectstorage.py took 0.167 seconds
[2025-02-01T12:07:33.623+0000] {processor.py:186} INFO - Started process (PID=1201) to work on /home/airflow/.local/lib/python3.9/site-packages/airflow/example_dags/tutorial_objectstorage.py
[2025-02-01T12:07:33.629+0000] {processor.py:914} INFO - Processing file /home/airflow/.local/lib/python3.9/site-packages/airflow/example_dags/tutorial_objectstorage.py for tasks to queue
[2025-02-01T12:07:33.631+0000] {logging_mixin.py:190} INFO - [2025-02-01T12:07:33.630+0000] {dagbag.py:588} INFO - Filling up the DagBag from /home/airflow/.local/lib/python3.9/site-packages/airflow/example_dags/tutorial_objectstorage.py
[2025-02-01T12:07:33.641+0000] {processor.py:925} INFO - DAG(s) 'tutorial_objectstorage' retrieved from /home/airflow/.local/lib/python3.9/site-packages/airflow/example_dags/tutorial_objectstorage.py
[2025-02-01T12:07:33.663+0000] {logging_mixin.py:190} INFO - [2025-02-01T12:07:33.663+0000] {dag.py:3239} INFO - Sync 1 DAGs
[2025-02-01T12:07:33.680+0000] {logging_mixin.py:190} INFO - [2025-02-01T12:07:33.680+0000] {dag.py:4180} INFO - Setting next_dagrun for tutorial_objectstorage to None, run_after=None
[2025-02-01T12:07:33.723+0000] {processor.py:208} INFO - Processing /home/airflow/.local/lib/python3.9/site-packages/airflow/example_dags/tutorial_objectstorage.py took 0.106 seconds
[2025-02-01T12:08:03.800+0000] {processor.py:186} INFO - Started process (PID=1265) to work on /home/airflow/.local/lib/python3.9/site-packages/airflow/example_dags/tutorial_objectstorage.py
[2025-02-01T12:08:03.801+0000] {processor.py:914} INFO - Processing file /home/airflow/.local/lib/python3.9/site-packages/airflow/example_dags/tutorial_objectstorage.py for tasks to queue
[2025-02-01T12:08:03.802+0000] {logging_mixin.py:190} INFO - [2025-02-01T12:08:03.802+0000] {dagbag.py:588} INFO - Filling up the DagBag from /home/airflow/.local/lib/python3.9/site-packages/airflow/example_dags/tutorial_objectstorage.py
[2025-02-01T12:08:03.811+0000] {processor.py:925} INFO - DAG(s) 'tutorial_objectstorage' retrieved from /home/airflow/.local/lib/python3.9/site-packages/airflow/example_dags/tutorial_objectstorage.py
[2025-02-01T12:08:03.828+0000] {logging_mixin.py:190} INFO - [2025-02-01T12:08:03.828+0000] {dag.py:3239} INFO - Sync 1 DAGs
[2025-02-01T12:08:03.843+0000] {logging_mixin.py:190} INFO - [2025-02-01T12:08:03.843+0000] {dag.py:4180} INFO - Setting next_dagrun for tutorial_objectstorage to None, run_after=None
[2025-02-01T12:08:03.861+0000] {processor.py:208} INFO - Processing /home/airflow/.local/lib/python3.9/site-packages/airflow/example_dags/tutorial_objectstorage.py took 0.066 seconds
[2025-02-01T12:08:34.167+0000] {processor.py:186} INFO - Started process (PID=1328) to work on /home/airflow/.local/lib/python3.9/site-packages/airflow/example_dags/tutorial_objectstorage.py
[2025-02-01T12:08:34.168+0000] {processor.py:914} INFO - Processing file /home/airflow/.local/lib/python3.9/site-packages/airflow/example_dags/tutorial_objectstorage.py for tasks to queue
[2025-02-01T12:08:34.170+0000] {logging_mixin.py:190} INFO - [2025-02-01T12:08:34.170+0000] {dagbag.py:588} INFO - Filling up the DagBag from /home/airflow/.local/lib/python3.9/site-packages/airflow/example_dags/tutorial_objectstorage.py
[2025-02-01T12:08:34.192+0000] {processor.py:925} INFO - DAG(s) 'tutorial_objectstorage' retrieved from /home/airflow/.local/lib/python3.9/site-packages/airflow/example_dags/tutorial_objectstorage.py
[2025-02-01T12:08:34.213+0000] {logging_mixin.py:190} INFO - [2025-02-01T12:08:34.213+0000] {dag.py:3239} INFO - Sync 1 DAGs
[2025-02-01T12:08:34.234+0000] {logging_mixin.py:190} INFO - [2025-02-01T12:08:34.234+0000] {dag.py:4180} INFO - Setting next_dagrun for tutorial_objectstorage to None, run_after=None
[2025-02-01T12:08:34.252+0000] {processor.py:208} INFO - Processing /home/airflow/.local/lib/python3.9/site-packages/airflow/example_dags/tutorial_objectstorage.py took 0.091 seconds
[2025-02-01T12:09:04.679+0000] {processor.py:186} INFO - Started process (PID=1391) to work on /home/airflow/.local/lib/python3.9/site-packages/airflow/example_dags/tutorial_objectstorage.py
[2025-02-01T12:09:04.680+0000] {processor.py:914} INFO - Processing file /home/airflow/.local/lib/python3.9/site-packages/airflow/example_dags/tutorial_objectstorage.py for tasks to queue
[2025-02-01T12:09:04.683+0000] {logging_mixin.py:190} INFO - [2025-02-01T12:09:04.682+0000] {dagbag.py:588} INFO - Filling up the DagBag from /home/airflow/.local/lib/python3.9/site-packages/airflow/example_dags/tutorial_objectstorage.py
[2025-02-01T12:09:04.709+0000] {processor.py:925} INFO - DAG(s) 'tutorial_objectstorage' retrieved from /home/airflow/.local/lib/python3.9/site-packages/airflow/example_dags/tutorial_objectstorage.py
[2025-02-01T12:09:04.747+0000] {logging_mixin.py:190} INFO - [2025-02-01T12:09:04.747+0000] {dag.py:3239} INFO - Sync 1 DAGs
[2025-02-01T12:09:04.765+0000] {logging_mixin.py:190} INFO - [2025-02-01T12:09:04.765+0000] {dag.py:4180} INFO - Setting next_dagrun for tutorial_objectstorage to None, run_after=None
[2025-02-01T12:09:04.785+0000] {processor.py:208} INFO - Processing /home/airflow/.local/lib/python3.9/site-packages/airflow/example_dags/tutorial_objectstorage.py took 0.117 seconds
[2025-02-01T12:09:35.752+0000] {processor.py:186} INFO - Started process (PID=1454) to work on /home/airflow/.local/lib/python3.9/site-packages/airflow/example_dags/tutorial_objectstorage.py
[2025-02-01T12:09:35.753+0000] {processor.py:914} INFO - Processing file /home/airflow/.local/lib/python3.9/site-packages/airflow/example_dags/tutorial_objectstorage.py for tasks to queue
[2025-02-01T12:09:35.755+0000] {logging_mixin.py:190} INFO - [2025-02-01T12:09:35.755+0000] {dagbag.py:588} INFO - Filling up the DagBag from /home/airflow/.local/lib/python3.9/site-packages/airflow/example_dags/tutorial_objectstorage.py
[2025-02-01T12:09:35.766+0000] {processor.py:925} INFO - DAG(s) 'tutorial_objectstorage' retrieved from /home/airflow/.local/lib/python3.9/site-packages/airflow/example_dags/tutorial_objectstorage.py
[2025-02-01T12:09:35.788+0000] {logging_mixin.py:190} INFO - [2025-02-01T12:09:35.787+0000] {dag.py:3239} INFO - Sync 1 DAGs
[2025-02-01T12:09:35.804+0000] {logging_mixin.py:190} INFO - [2025-02-01T12:09:35.804+0000] {dag.py:4180} INFO - Setting next_dagrun for tutorial_objectstorage to None, run_after=None
[2025-02-01T12:09:35.822+0000] {processor.py:208} INFO - Processing /home/airflow/.local/lib/python3.9/site-packages/airflow/example_dags/tutorial_objectstorage.py took 0.076 seconds
